000 (263940.000.000) 04/26 04:23:06 Job submitted from host: <18.12.1.74:45694>
...
001 (263940.000.000) 04/26 04:24:18 Job executing on host: <18.12.8.142:42409>
...
006 (263940.000.000) 04/26 04:24:27 Image size of job updated: 211544
	105  -  MemoryUsage of job (MB)
	107064  -  ResidentSetSize of job (KB)
...
006 (263940.000.000) 04/26 04:29:29 Image size of job updated: 247940
	113  -  MemoryUsage of job (MB)
	115536  -  ResidentSetSize of job (KB)
...
006 (263940.000.000) 04/26 04:34:29 Image size of job updated: 316292
	169  -  MemoryUsage of job (MB)
	172564  -  ResidentSetSize of job (KB)
...
006 (263940.000.000) 04/26 04:39:30 Image size of job updated: 317912
	171  -  MemoryUsage of job (MB)
	174336  -  ResidentSetSize of job (KB)
...
006 (263940.000.000) 04/26 04:44:30 Image size of job updated: 321060
	174  -  MemoryUsage of job (MB)
	177364  -  ResidentSetSize of job (KB)
...
006 (263940.000.000) 04/26 04:49:31 Image size of job updated: 325676
	178  -  MemoryUsage of job (MB)
	182256  -  ResidentSetSize of job (KB)
...
006 (263940.000.000) 04/26 04:54:31 Image size of job updated: 331028
	184  -  MemoryUsage of job (MB)
	187620  -  ResidentSetSize of job (KB)
...
006 (263940.000.000) 04/26 04:59:32 Image size of job updated: 337356
	190  -  MemoryUsage of job (MB)
	193876  -  ResidentSetSize of job (KB)
...
006 (263940.000.000) 04/26 05:04:32 Image size of job updated: 342372
	194  -  MemoryUsage of job (MB)
	198060  -  ResidentSetSize of job (KB)
...
006 (263940.000.000) 04/26 05:09:33 Image size of job updated: 346632
	198  -  MemoryUsage of job (MB)
	202172  -  ResidentSetSize of job (KB)
...
006 (263940.000.000) 04/26 05:14:33 Image size of job updated: 350856
	198  -  MemoryUsage of job (MB)
	202172  -  ResidentSetSize of job (KB)
...
006 (263940.000.000) 04/26 05:16:33 Image size of job updated: 352396
	198  -  MemoryUsage of job (MB)
	202172  -  ResidentSetSize of job (KB)
...
005 (263940.000.000) 04/26 05:16:33 Job terminated.
	(1) Normal termination (return value 0)
		Usr 0 00:48:28, Sys 0 00:02:58  -  Run Remote Usage
		Usr 0 00:00:00, Sys 0 00:00:00  -  Run Local Usage
		Usr 0 00:48:28, Sys 0 00:02:58  -  Total Remote Usage
		Usr 0 00:00:00, Sys 0 00:00:00  -  Total Local Usage
	142513  -  Run Bytes Sent By Job
	32753  -  Run Bytes Received By Job
	142513  -  Total Bytes Sent By Job
	32753  -  Total Bytes Received By Job
	Partitionable Resources :    Usage  Request          
	   Cpus                 :                 1          
	   Disk (KB)            :     3333     3333          
	   Memory (MB)          :      198      198          
...
000 (265400.000.000) 04/28 00:03:53 Job submitted from host: <18.12.1.74:45694>
...
001 (265400.000.000) 04/28 00:04:33 Job executing on host: <18.12.9.8:45621>
...
006 (265400.000.000) 04/28 00:04:34 Image size of job updated: 1
	0  -  MemoryUsage of job (MB)
	0  -  ResidentSetSize of job (KB)
...
005 (265400.000.000) 04/28 00:04:34 Job terminated.
	(1) Normal termination (return value 1)
		Usr 0 00:00:00, Sys 0 00:00:00  -  Run Remote Usage
		Usr 0 00:00:00, Sys 0 00:00:00  -  Run Local Usage
		Usr 0 00:00:00, Sys 0 00:00:00  -  Total Remote Usage
		Usr 0 00:00:00, Sys 0 00:00:00  -  Total Local Usage
	1211  -  Run Bytes Sent By Job
	33798  -  Run Bytes Received By Job
	1211  -  Total Bytes Sent By Job
	33798  -  Total Bytes Received By Job
	Partitionable Resources :    Usage  Request          
	   Cpus                 :                 1          
	   Disk (KB)            :       57       57          
	   Memory (MB)          :        0        0          
...
000 (265606.000.000) 04/28 02:01:45 Job submitted from host: <18.12.1.74:45694>
...
001 (265606.000.000) 04/28 02:02:10 Job executing on host: <18.12.8.212:45548>
...
006 (265606.000.000) 04/28 02:02:19 Image size of job updated: 211388
	105  -  MemoryUsage of job (MB)
	106908  -  ResidentSetSize of job (KB)
...
006 (265606.000.000) 04/28 02:07:20 Image size of job updated: 247104
	112  -  MemoryUsage of job (MB)
	114580  -  ResidentSetSize of job (KB)
...
006 (265606.000.000) 04/28 02:12:20 Image size of job updated: 314372
	165  -  MemoryUsage of job (MB)
	168092  -  ResidentSetSize of job (KB)
...
006 (265606.000.000) 04/28 02:17:21 Image size of job updated: 318928
	169  -  MemoryUsage of job (MB)
	172684  -  ResidentSetSize of job (KB)
...
006 (265606.000.000) 04/28 02:22:21 Image size of job updated: 325236
	175  -  MemoryUsage of job (MB)
	179116  -  ResidentSetSize of job (KB)
...
006 (265606.000.000) 04/28 02:27:23 Image size of job updated: 331856
	182  -  MemoryUsage of job (MB)
	185744  -  ResidentSetSize of job (KB)
...
006 (265606.000.000) 04/28 02:32:23 Image size of job updated: 338564
	188  -  MemoryUsage of job (MB)
	192380  -  ResidentSetSize of job (KB)
...
006 (265606.000.000) 04/28 02:37:00 Image size of job updated: 344328
	188  -  MemoryUsage of job (MB)
	192380  -  ResidentSetSize of job (KB)
...
005 (265606.000.000) 04/28 02:37:00 Job terminated.
	(1) Normal termination (return value 0)
		Usr 0 00:30:26, Sys 0 00:01:14  -  Run Remote Usage
		Usr 0 00:00:00, Sys 0 00:00:00  -  Run Local Usage
		Usr 0 00:30:26, Sys 0 00:01:14  -  Total Remote Usage
		Usr 0 00:00:00, Sys 0 00:00:00  -  Total Local Usage
	112928  -  Run Bytes Sent By Job
	33812  -  Run Bytes Received By Job
	112928  -  Total Bytes Sent By Job
	33812  -  Total Bytes Received By Job
	Partitionable Resources :    Usage  Request          
	   Cpus                 :                 1          
	   Disk (KB)            :     2264     2264          
	   Memory (MB)          :      188      188          
...
