000 (263960.000.000) 04/26 04:23:08 Job submitted from host: <18.12.1.74:45694>
...
001 (263960.000.000) 04/26 04:24:20 Job executing on host: <18.12.8.155:44891>
...
006 (263960.000.000) 04/26 04:24:28 Image size of job updated: 1
	2  -  MemoryUsage of job (MB)
	1708  -  ResidentSetSize of job (KB)
...
006 (263960.000.000) 04/26 04:29:29 Image size of job updated: 247056
	112  -  MemoryUsage of job (MB)
	114536  -  ResidentSetSize of job (KB)
...
006 (263960.000.000) 04/26 04:34:29 Image size of job updated: 248356
	112  -  MemoryUsage of job (MB)
	114536  -  ResidentSetSize of job (KB)
...
006 (263960.000.000) 04/26 04:39:31 Image size of job updated: 316180
	161  -  MemoryUsage of job (MB)
	164760  -  ResidentSetSize of job (KB)
...
006 (263960.000.000) 04/26 04:44:31 Image size of job updated: 317800
	163  -  MemoryUsage of job (MB)
	166488  -  ResidentSetSize of job (KB)
...
006 (263960.000.000) 04/26 04:49:32 Image size of job updated: 320232
	165  -  MemoryUsage of job (MB)
	168408  -  ResidentSetSize of job (KB)
...
006 (263960.000.000) 04/26 04:54:32 Image size of job updated: 323740
	169  -  MemoryUsage of job (MB)
	172052  -  ResidentSetSize of job (KB)
...
006 (263960.000.000) 04/26 04:59:33 Image size of job updated: 327544
	172  -  MemoryUsage of job (MB)
	175860  -  ResidentSetSize of job (KB)
...
006 (263960.000.000) 04/26 05:04:33 Image size of job updated: 331736
	175  -  MemoryUsage of job (MB)
	179176  -  ResidentSetSize of job (KB)
...
006 (263960.000.000) 04/26 05:09:34 Image size of job updated: 336800
	180  -  MemoryUsage of job (MB)
	183508  -  ResidentSetSize of job (KB)
...
006 (263960.000.000) 04/26 05:14:34 Image size of job updated: 341436
	184  -  MemoryUsage of job (MB)
	188148  -  ResidentSetSize of job (KB)
...
006 (263960.000.000) 04/26 05:19:35 Image size of job updated: 345680
	188  -  MemoryUsage of job (MB)
	192392  -  ResidentSetSize of job (KB)
...
006 (263960.000.000) 04/26 05:24:35 Image size of job updated: 349524
	192  -  MemoryUsage of job (MB)
	196236  -  ResidentSetSize of job (KB)
...
006 (263960.000.000) 04/26 05:28:04 Image size of job updated: 352224
	192  -  MemoryUsage of job (MB)
	196236  -  ResidentSetSize of job (KB)
...
005 (263960.000.000) 04/26 05:28:04 Job terminated.
	(1) Normal termination (return value 0)
		Usr 0 01:00:38, Sys 0 00:01:58  -  Run Remote Usage
		Usr 0 00:00:00, Sys 0 00:00:00  -  Run Local Usage
		Usr 0 01:00:38, Sys 0 00:01:58  -  Total Remote Usage
		Usr 0 00:00:00, Sys 0 00:00:00  -  Total Local Usage
	142083  -  Run Bytes Sent By Job
	32753  -  Run Bytes Received By Job
	142083  -  Total Bytes Sent By Job
	32753  -  Total Bytes Received By Job
	Partitionable Resources :    Usage  Request          
	   Cpus                 :                 1          
	   Disk (KB)            :     3233     3233          
	   Memory (MB)          :      192      192          
...
000 (265420.000.000) 04/28 00:03:55 Job submitted from host: <18.12.1.74:45694>
...
001 (265420.000.000) 04/28 00:04:34 Job executing on host: <18.12.8.245:40219>
...
006 (265420.000.000) 04/28 00:04:35 Image size of job updated: 64804
	0  -  MemoryUsage of job (MB)
	0  -  ResidentSetSize of job (KB)
...
005 (265420.000.000) 04/28 00:04:35 Job terminated.
	(1) Normal termination (return value 1)
		Usr 0 00:00:00, Sys 0 00:00:00  -  Run Remote Usage
		Usr 0 00:00:00, Sys 0 00:00:00  -  Run Local Usage
		Usr 0 00:00:00, Sys 0 00:00:00  -  Total Remote Usage
		Usr 0 00:00:00, Sys 0 00:00:00  -  Total Local Usage
	1211  -  Run Bytes Sent By Job
	33798  -  Run Bytes Received By Job
	1211  -  Total Bytes Sent By Job
	33798  -  Total Bytes Received By Job
	Partitionable Resources :    Usage  Request          
	   Cpus                 :                 1          
	   Disk (KB)            :       57       57          
	   Memory (MB)          :        0        0          
...
000 (265626.000.000) 04/28 02:01:48 Job submitted from host: <18.12.1.74:45694>
...
001 (265626.000.000) 04/28 02:02:11 Job executing on host: <18.12.8.152:46497>
...
006 (265626.000.000) 04/28 02:02:20 Image size of job updated: 1
	2  -  MemoryUsage of job (MB)
	1700  -  ResidentSetSize of job (KB)
...
006 (265626.000.000) 04/28 02:07:21 Image size of job updated: 247576
	113  -  MemoryUsage of job (MB)
	115104  -  ResidentSetSize of job (KB)
...
006 (265626.000.000) 04/28 02:12:22 Image size of job updated: 315440
	166  -  MemoryUsage of job (MB)
	169252  -  ResidentSetSize of job (KB)
...
006 (265626.000.000) 04/28 02:17:22 Image size of job updated: 318628
	169  -  MemoryUsage of job (MB)
	172372  -  ResidentSetSize of job (KB)
...
006 (265626.000.000) 04/28 02:22:23 Image size of job updated: 322920
	173  -  MemoryUsage of job (MB)
	176924  -  ResidentSetSize of job (KB)
...
006 (265626.000.000) 04/28 02:27:23 Image size of job updated: 328324
	179  -  MemoryUsage of job (MB)
	182328  -  ResidentSetSize of job (KB)
...
006 (265626.000.000) 04/28 02:32:25 Image size of job updated: 333352
	183  -  MemoryUsage of job (MB)
	187356  -  ResidentSetSize of job (KB)
...
006 (265626.000.000) 04/28 02:37:25 Image size of job updated: 338748
	189  -  MemoryUsage of job (MB)
	192752  -  ResidentSetSize of job (KB)
...
006 (265626.000.000) 04/28 02:42:19 Image size of job updated: 344152
	189  -  MemoryUsage of job (MB)
	192752  -  ResidentSetSize of job (KB)
...
005 (265626.000.000) 04/28 02:42:19 Job terminated.
	(1) Normal termination (return value 0)
		Usr 0 00:37:55, Sys 0 00:01:24  -  Run Remote Usage
		Usr 0 00:00:00, Sys 0 00:00:00  -  Run Local Usage
		Usr 0 00:37:55, Sys 0 00:01:24  -  Total Remote Usage
		Usr 0 00:00:00, Sys 0 00:00:00  -  Total Local Usage
	112923  -  Run Bytes Sent By Job
	33812  -  Run Bytes Received By Job
	112923  -  Total Bytes Sent By Job
	33812  -  Total Bytes Received By Job
	Partitionable Resources :    Usage  Request          
	   Cpus                 :                 1          
	   Disk (KB)            :     2326     2326          
	   Memory (MB)          :      189      189          
...
