000 (263929.000.000) 04/26 04:23:05 Job submitted from host: <18.12.1.74:45694>
...
001 (263929.000.000) 04/26 04:24:18 Job executing on host: <18.12.8.116:40365>
...
006 (263929.000.000) 04/26 04:24:26 Image size of job updated: 1
	2  -  MemoryUsage of job (MB)
	1704  -  ResidentSetSize of job (KB)
...
006 (263929.000.000) 04/26 04:29:26 Image size of job updated: 247532
	113  -  MemoryUsage of job (MB)
	115096  -  ResidentSetSize of job (KB)
...
006 (263929.000.000) 04/26 04:34:27 Image size of job updated: 248776
	114  -  MemoryUsage of job (MB)
	116492  -  ResidentSetSize of job (KB)
...
006 (263929.000.000) 04/26 04:39:27 Image size of job updated: 317920
	171  -  MemoryUsage of job (MB)
	174344  -  ResidentSetSize of job (KB)
...
006 (263929.000.000) 04/26 04:44:28 Image size of job updated: 319788
	172  -  MemoryUsage of job (MB)
	175440  -  ResidentSetSize of job (KB)
...
006 (263929.000.000) 04/26 04:49:28 Image size of job updated: 323652
	175  -  MemoryUsage of job (MB)
	178880  -  ResidentSetSize of job (KB)
...
006 (263929.000.000) 04/26 04:54:30 Image size of job updated: 328400
	175  -  MemoryUsage of job (MB)
	178880  -  ResidentSetSize of job (KB)
...
006 (263929.000.000) 04/26 04:59:30 Image size of job updated: 333756
	177  -  MemoryUsage of job (MB)
	180412  -  ResidentSetSize of job (KB)
...
006 (263929.000.000) 04/26 05:04:31 Image size of job updated: 339176
	180  -  MemoryUsage of job (MB)
	183372  -  ResidentSetSize of job (KB)
...
006 (263929.000.000) 04/26 05:09:31 Image size of job updated: 343828
	184  -  MemoryUsage of job (MB)
	188012  -  ResidentSetSize of job (KB)
...
006 (263929.000.000) 04/26 05:14:31 Image size of job updated: 348044
	188  -  MemoryUsage of job (MB)
	192224  -  ResidentSetSize of job (KB)
...
006 (263929.000.000) 04/26 05:19:32 Image size of job updated: 351848
	192  -  MemoryUsage of job (MB)
	196032  -  ResidentSetSize of job (KB)
...
006 (263929.000.000) 04/26 05:20:13 Image size of job updated: 352284
	192  -  MemoryUsage of job (MB)
	196032  -  ResidentSetSize of job (KB)
...
005 (263929.000.000) 04/26 05:20:13 Job terminated.
	(1) Normal termination (return value 0)
		Usr 0 00:51:06, Sys 0 00:03:22  -  Run Remote Usage
		Usr 0 00:00:00, Sys 0 00:00:00  -  Run Local Usage
		Usr 0 00:51:06, Sys 0 00:03:22  -  Total Remote Usage
		Usr 0 00:00:00, Sys 0 00:00:00  -  Total Local Usage
	141715  -  Run Bytes Sent By Job
	32753  -  Run Bytes Received By Job
	141715  -  Total Bytes Sent By Job
	32753  -  Total Bytes Received By Job
	Partitionable Resources :    Usage  Request          
	   Cpus                 :                 1          
	   Disk (KB)            :     3431     3431          
	   Memory (MB)          :      192      192          
...
000 (265389.000.000) 04/28 00:03:52 Job submitted from host: <18.12.1.74:45694>
...
001 (265389.000.000) 04/28 00:04:33 Job executing on host: <18.12.8.198:47373>
...
006 (265389.000.000) 04/28 00:04:33 Image size of job updated: 1
	0  -  MemoryUsage of job (MB)
	0  -  ResidentSetSize of job (KB)
...
005 (265389.000.000) 04/28 00:04:34 Job terminated.
	(1) Normal termination (return value 1)
		Usr 0 00:00:00, Sys 0 00:00:00  -  Run Remote Usage
		Usr 0 00:00:00, Sys 0 00:00:00  -  Run Local Usage
		Usr 0 00:00:00, Sys 0 00:00:00  -  Total Remote Usage
		Usr 0 00:00:00, Sys 0 00:00:00  -  Total Local Usage
	1211  -  Run Bytes Sent By Job
	33798  -  Run Bytes Received By Job
	1211  -  Total Bytes Sent By Job
	33798  -  Total Bytes Received By Job
	Partitionable Resources :    Usage  Request          
	   Cpus                 :                 1          
	   Disk (KB)            :       57       57          
	   Memory (MB)          :        0        0          
...
000 (265595.000.000) 04/28 02:01:44 Job submitted from host: <18.12.1.74:45694>
...
001 (265595.000.000) 04/28 02:02:10 Job executing on host: <18.12.9.19:41898>
...
006 (265595.000.000) 04/28 02:02:18 Image size of job updated: 200528
	52  -  MemoryUsage of job (MB)
	52416  -  ResidentSetSize of job (KB)
...
006 (265595.000.000) 04/28 02:07:19 Image size of job updated: 247996
	113  -  MemoryUsage of job (MB)
	115520  -  ResidentSetSize of job (KB)
...
006 (265595.000.000) 04/28 02:12:19 Image size of job updated: 315532
	166  -  MemoryUsage of job (MB)
	169284  -  ResidentSetSize of job (KB)
...
006 (265595.000.000) 04/28 02:17:19 Image size of job updated: 320168
	170  -  MemoryUsage of job (MB)
	173904  -  ResidentSetSize of job (KB)
...
006 (265595.000.000) 04/28 02:22:20 Image size of job updated: 325956
	176  -  MemoryUsage of job (MB)
	179980  -  ResidentSetSize of job (KB)
...
006 (265595.000.000) 04/28 02:27:20 Image size of job updated: 332200
	182  -  MemoryUsage of job (MB)
	186136  -  ResidentSetSize of job (KB)
...
006 (265595.000.000) 04/28 02:32:22 Image size of job updated: 338424
	188  -  MemoryUsage of job (MB)
	192368  -  ResidentSetSize of job (KB)
...
006 (265595.000.000) 04/28 02:36:53 Image size of job updated: 344204
	188  -  MemoryUsage of job (MB)
	192368  -  ResidentSetSize of job (KB)
...
005 (265595.000.000) 04/28 02:36:53 Job terminated.
	(1) Normal termination (return value 0)
		Usr 0 00:31:50, Sys 0 00:01:21  -  Run Remote Usage
		Usr 0 00:00:00, Sys 0 00:00:00  -  Run Local Usage
		Usr 0 00:31:50, Sys 0 00:01:21  -  Total Remote Usage
		Usr 0 00:00:00, Sys 0 00:00:00  -  Total Local Usage
	112946  -  Run Bytes Sent By Job
	33812  -  Run Bytes Received By Job
	112946  -  Total Bytes Sent By Job
	33812  -  Total Bytes Received By Job
	Partitionable Resources :    Usage  Request          
	   Cpus                 :                 1          
	   Disk (KB)            :     2256     2256          
	   Memory (MB)          :      188      188          
...
