000 (263918.000.000) 04/26 04:23:04 Job submitted from host: <18.12.1.74:45694>
...
001 (263918.000.000) 04/26 04:24:15 Job executing on host: <18.12.8.245:40219>
...
006 (263918.000.000) 04/26 04:24:24 Image size of job updated: 200692
	96  -  MemoryUsage of job (MB)
	97424  -  ResidentSetSize of job (KB)
...
006 (263918.000.000) 04/26 04:29:25 Image size of job updated: 247532
	104  -  MemoryUsage of job (MB)
	106440  -  ResidentSetSize of job (KB)
...
006 (263918.000.000) 04/26 04:34:26 Image size of job updated: 248776
	105  -  MemoryUsage of job (MB)
	106856  -  ResidentSetSize of job (KB)
...
006 (263918.000.000) 04/26 04:39:26 Image size of job updated: 316512
	161  -  MemoryUsage of job (MB)
	164016  -  ResidentSetSize of job (KB)
...
006 (263918.000.000) 04/26 04:44:28 Image size of job updated: 319672
	164  -  MemoryUsage of job (MB)
	167132  -  ResidentSetSize of job (KB)
...
006 (263918.000.000) 04/26 04:49:28 Image size of job updated: 323524
	167  -  MemoryUsage of job (MB)
	170752  -  ResidentSetSize of job (KB)
...
006 (263918.000.000) 04/26 04:54:30 Image size of job updated: 328148
	172  -  MemoryUsage of job (MB)
	175380  -  ResidentSetSize of job (KB)
...
006 (263918.000.000) 04/26 04:59:30 Image size of job updated: 333968
	177  -  MemoryUsage of job (MB)
	181204  -  ResidentSetSize of job (KB)
...
006 (263918.000.000) 04/26 05:04:31 Image size of job updated: 339320
	183  -  MemoryUsage of job (MB)
	186560  -  ResidentSetSize of job (KB)
...
006 (263918.000.000) 04/26 05:09:31 Image size of job updated: 343568
	187  -  MemoryUsage of job (MB)
	190812  -  ResidentSetSize of job (KB)
...
006 (263918.000.000) 04/26 05:14:33 Image size of job updated: 347476
	191  -  MemoryUsage of job (MB)
	194720  -  ResidentSetSize of job (KB)
...
006 (263918.000.000) 04/26 05:19:33 Image size of job updated: 351328
	194  -  MemoryUsage of job (MB)
	198576  -  ResidentSetSize of job (KB)
...
006 (263918.000.000) 04/26 05:20:19 Image size of job updated: 352112
	194  -  MemoryUsage of job (MB)
	198576  -  ResidentSetSize of job (KB)
...
005 (263918.000.000) 04/26 05:20:19 Job terminated.
	(1) Normal termination (return value 0)
		Usr 0 00:53:00, Sys 0 00:01:48  -  Run Remote Usage
		Usr 0 00:00:00, Sys 0 00:00:00  -  Run Local Usage
		Usr 0 00:53:00, Sys 0 00:01:48  -  Total Remote Usage
		Usr 0 00:00:00, Sys 0 00:00:00  -  Total Local Usage
	142102  -  Run Bytes Sent By Job
	32753  -  Run Bytes Received By Job
	142102  -  Total Bytes Sent By Job
	32753  -  Total Bytes Received By Job
	Partitionable Resources :    Usage  Request          
	   Cpus                 :                 1          
	   Disk (KB)            :     3428     3428          
	   Memory (MB)          :      194      194          
...
000 (264464.000.000) 04/27 18:09:25 Job submitted from host: <18.12.1.74:45694>
...
001 (264464.000.000) 04/27 18:10:31 Job executing on host: <18.12.9.0:45402>
...
006 (264464.000.000) 04/27 18:10:39 Image size of job updated: 211592
	105  -  MemoryUsage of job (MB)
	107080  -  ResidentSetSize of job (KB)
...
006 (264464.000.000) 04/27 18:15:39 Image size of job updated: 247944
	113  -  MemoryUsage of job (MB)
	115504  -  ResidentSetSize of job (KB)
...
006 (264464.000.000) 04/27 18:19:00 Image size of job updated: 315340
	113  -  MemoryUsage of job (MB)
	115504  -  ResidentSetSize of job (KB)
...
005 (264464.000.000) 04/27 18:19:00 Job terminated.
	(1) Normal termination (return value 0)
		Usr 0 00:07:25, Sys 0 00:00:05  -  Run Remote Usage
		Usr 0 00:00:00, Sys 0 00:00:00  -  Run Local Usage
		Usr 0 00:07:25, Sys 0 00:00:05  -  Total Remote Usage
		Usr 0 00:00:00, Sys 0 00:00:00  -  Total Local Usage
	15083  -  Run Bytes Sent By Job
	33285  -  Run Bytes Received By Job
	15083  -  Total Bytes Sent By Job
	33285  -  Total Bytes Received By Job
	Partitionable Resources :    Usage  Request          
	   Cpus                 :                 1          
	   Disk (KB)            :      155      155          
	   Memory (MB)          :      113      113          
...
000 (265378.000.000) 04/28 00:03:51 Job submitted from host: <18.12.1.74:45694>
...
001 (265378.000.000) 04/28 00:04:37 Job executing on host: <18.12.12.8:49709>
...
006 (265378.000.000) 04/28 00:04:37 Image size of job updated: 1
	0  -  MemoryUsage of job (MB)
	0  -  ResidentSetSize of job (KB)
...
005 (265378.000.000) 04/28 00:04:37 Job terminated.
	(1) Normal termination (return value 1)
		Usr 0 00:00:00, Sys 0 00:00:00  -  Run Remote Usage
		Usr 0 00:00:00, Sys 0 00:00:00  -  Run Local Usage
		Usr 0 00:00:00, Sys 0 00:00:00  -  Total Remote Usage
		Usr 0 00:00:00, Sys 0 00:00:00  -  Total Local Usage
	1207  -  Run Bytes Sent By Job
	33798  -  Run Bytes Received By Job
	1207  -  Total Bytes Sent By Job
	33798  -  Total Bytes Received By Job
	Partitionable Resources :    Usage  Request          
	   Cpus                 :                 1          
	   Disk (KB)            :       57       57          
	   Memory (MB)          :        0        0          
...
000 (265584.000.000) 04/28 02:01:43 Job submitted from host: <18.12.1.74:45694>
...
001 (265584.000.000) 04/28 02:02:10 Job executing on host: <18.12.9.15:44599>
...
006 (265584.000.000) 04/28 02:02:18 Image size of job updated: 211392
	105  -  MemoryUsage of job (MB)
	106900  -  ResidentSetSize of job (KB)
...
006 (265584.000.000) 04/28 02:07:18 Image size of job updated: 247108
	112  -  MemoryUsage of job (MB)
	114588  -  ResidentSetSize of job (KB)
...
006 (265584.000.000) 04/28 02:12:18 Image size of job updated: 314152
	165  -  MemoryUsage of job (MB)
	168056  -  ResidentSetSize of job (KB)
...
006 (265584.000.000) 04/28 02:17:19 Image size of job updated: 318952
	169  -  MemoryUsage of job (MB)
	172676  -  ResidentSetSize of job (KB)
...
006 (265584.000.000) 04/28 02:22:19 Image size of job updated: 324296
	174  -  MemoryUsage of job (MB)
	177544  -  ResidentSetSize of job (KB)
...
006 (265584.000.000) 04/28 02:27:21 Image size of job updated: 330912
	180  -  MemoryUsage of job (MB)
	184180  -  ResidentSetSize of job (KB)
...
006 (265584.000.000) 04/28 02:32:21 Image size of job updated: 337480
	187  -  MemoryUsage of job (MB)
	190776  -  ResidentSetSize of job (KB)
...
006 (265584.000.000) 04/28 02:37:23 Image size of job updated: 343644
	193  -  MemoryUsage of job (MB)
	196944  -  ResidentSetSize of job (KB)
...
006 (265584.000.000) 04/28 02:37:46 Image size of job updated: 344028
	193  -  MemoryUsage of job (MB)
	196944  -  ResidentSetSize of job (KB)
...
005 (265584.000.000) 04/28 02:37:46 Job terminated.
	(1) Normal termination (return value 0)
		Usr 0 00:31:02, Sys 0 00:01:24  -  Run Remote Usage
		Usr 0 00:00:00, Sys 0 00:00:00  -  Run Local Usage
		Usr 0 00:31:02, Sys 0 00:01:24  -  Total Remote Usage
		Usr 0 00:00:00, Sys 0 00:00:00  -  Total Local Usage
	112931  -  Run Bytes Sent By Job
	33812  -  Run Bytes Received By Job
	112931  -  Total Bytes Sent By Job
	33812  -  Total Bytes Received By Job
	Partitionable Resources :    Usage  Request          
	   Cpus                 :                 1          
	   Disk (KB)            :     2716     2716          
	   Memory (MB)          :      193      193          
...
