000 (263814.000.000) 04/26 03:21:48 Job submitted from host: <18.12.1.74:45694>
...
001 (263814.000.000) 04/26 03:22:26 Job executing on host: <18.12.8.197:40000>
...
006 (263814.000.000) 04/26 03:22:35 Image size of job updated: 211540
	105  -  MemoryUsage of job (MB)
	107040  -  ResidentSetSize of job (KB)
...
006 (263814.000.000) 04/26 03:27:37 Image size of job updated: 247936
	113  -  MemoryUsage of job (MB)
	115536  -  ResidentSetSize of job (KB)
...
006 (263814.000.000) 04/26 03:32:37 Image size of job updated: 316296
	169  -  MemoryUsage of job (MB)
	172932  -  ResidentSetSize of job (KB)
...
006 (263814.000.000) 04/26 03:37:39 Image size of job updated: 319364
	172  -  MemoryUsage of job (MB)
	175668  -  ResidentSetSize of job (KB)
...
006 (263814.000.000) 04/26 03:42:39 Image size of job updated: 323376
	176  -  MemoryUsage of job (MB)
	179988  -  ResidentSetSize of job (KB)
...
006 (263814.000.000) 04/26 03:47:39 Image size of job updated: 329156
	182  -  MemoryUsage of job (MB)
	185776  -  ResidentSetSize of job (KB)
...
006 (263814.000.000) 04/26 03:52:40 Image size of job updated: 335316
	188  -  MemoryUsage of job (MB)
	191940  -  ResidentSetSize of job (KB)
...
006 (263814.000.000) 04/26 03:57:40 Image size of job updated: 342648
	195  -  MemoryUsage of job (MB)
	199280  -  ResidentSetSize of job (KB)
...
006 (263814.000.000) 04/26 04:02:41 Image size of job updated: 348036
	195  -  MemoryUsage of job (MB)
	199280  -  ResidentSetSize of job (KB)
...
006 (263814.000.000) 04/26 04:07:42 Image size of job updated: 352260
	195  -  MemoryUsage of job (MB)
	199280  -  ResidentSetSize of job (KB)
...
005 (263814.000.000) 04/26 04:08:05 Job terminated.
	(1) Normal termination (return value 0)
		Usr 0 00:43:21, Sys 0 00:01:27  -  Run Remote Usage
		Usr 0 00:00:00, Sys 0 00:00:00  -  Run Local Usage
		Usr 0 00:43:21, Sys 0 00:01:27  -  Total Remote Usage
		Usr 0 00:00:00, Sys 0 00:00:00  -  Total Local Usage
	142816  -  Run Bytes Sent By Job
	32753  -  Run Bytes Received By Job
	142816  -  Total Bytes Sent By Job
	32753  -  Total Bytes Received By Job
	Partitionable Resources :    Usage  Request          
	   Cpus                 :                 1          
	   Disk (KB)            :     3473     3473          
	   Memory (MB)          :      195      195          
...
000 (265374.000.000) 04/28 00:03:50 Job submitted from host: <18.12.1.74:45694>
...
001 (265374.000.000) 04/28 00:04:32 Job executing on host: <18.12.8.185:48468>
...
006 (265374.000.000) 04/28 00:04:36 Image size of job updated: 1
	0  -  MemoryUsage of job (MB)
	0  -  ResidentSetSize of job (KB)
...
005 (265374.000.000) 04/28 00:04:36 Job terminated.
	(1) Normal termination (return value 1)
		Usr 0 00:00:00, Sys 0 00:00:00  -  Run Remote Usage
		Usr 0 00:00:00, Sys 0 00:00:00  -  Run Local Usage
		Usr 0 00:00:00, Sys 0 00:00:00  -  Total Remote Usage
		Usr 0 00:00:00, Sys 0 00:00:00  -  Total Local Usage
	1208  -  Run Bytes Sent By Job
	33798  -  Run Bytes Received By Job
	1208  -  Total Bytes Sent By Job
	33798  -  Total Bytes Received By Job
	Partitionable Resources :    Usage  Request          
	   Cpus                 :                 1          
	   Disk (KB)            :       57       57          
	   Memory (MB)          :        0        0          
...
000 (265580.000.000) 04/28 02:01:43 Job submitted from host: <18.12.1.74:45694>
...
001 (265580.000.000) 04/28 02:02:09 Job executing on host: <18.12.8.70:41460>
...
006 (265580.000.000) 04/28 02:02:18 Image size of job updated: 211388
	105  -  MemoryUsage of job (MB)
	106920  -  ResidentSetSize of job (KB)
...
006 (265580.000.000) 04/28 02:07:19 Image size of job updated: 247108
	112  -  MemoryUsage of job (MB)
	114608  -  ResidentSetSize of job (KB)
...
006 (265580.000.000) 04/28 02:12:19 Image size of job updated: 313964
	164  -  MemoryUsage of job (MB)
	167900  -  ResidentSetSize of job (KB)
...
006 (265580.000.000) 04/28 02:17:21 Image size of job updated: 318736
	169  -  MemoryUsage of job (MB)
	172380  -  ResidentSetSize of job (KB)
...
006 (265580.000.000) 04/28 02:22:20 Image size of job updated: 323704
	174  -  MemoryUsage of job (MB)
	177624  -  ResidentSetSize of job (KB)
...
006 (265580.000.000) 04/28 02:27:22 Image size of job updated: 329920
	180  -  MemoryUsage of job (MB)
	183852  -  ResidentSetSize of job (KB)
...
006 (265580.000.000) 04/28 02:32:22 Image size of job updated: 335736
	186  -  MemoryUsage of job (MB)
	189664  -  ResidentSetSize of job (KB)
...
006 (265580.000.000) 04/28 02:37:22 Image size of job updated: 342672
	192  -  MemoryUsage of job (MB)
	195828  -  ResidentSetSize of job (KB)
...
006 (265580.000.000) 04/28 02:38:54 Image size of job updated: 344172
	192  -  MemoryUsage of job (MB)
	195828  -  ResidentSetSize of job (KB)
...
005 (265580.000.000) 04/28 02:38:54 Job terminated.
	(1) Normal termination (return value 0)
		Usr 0 00:32:21, Sys 0 00:01:20  -  Run Remote Usage
		Usr 0 00:00:00, Sys 0 00:00:00  -  Run Local Usage
		Usr 0 00:32:21, Sys 0 00:01:20  -  Total Remote Usage
		Usr 0 00:00:00, Sys 0 00:00:00  -  Total Local Usage
	112920  -  Run Bytes Sent By Job
	33812  -  Run Bytes Received By Job
	112920  -  Total Bytes Sent By Job
	33812  -  Total Bytes Received By Job
	Partitionable Resources :    Usage  Request          
	   Cpus                 :                 1          
	   Disk (KB)            :     2619     2619          
	   Memory (MB)          :      192      192          
...
