000 (263931.000.000) 04/26 04:23:05 Job submitted from host: <18.12.1.74:45694>
...
001 (263931.000.000) 04/26 04:24:18 Job executing on host: <18.12.8.170:48030>
...
006 (263931.000.000) 04/26 04:24:26 Image size of job updated: 1
	2  -  MemoryUsage of job (MB)
	1700  -  ResidentSetSize of job (KB)
...
006 (263931.000.000) 04/26 04:29:26 Image size of job updated: 247528
	113  -  MemoryUsage of job (MB)
	115108  -  ResidentSetSize of job (KB)
...
006 (263931.000.000) 04/26 04:34:26 Image size of job updated: 248772
	114  -  MemoryUsage of job (MB)
	116504  -  ResidentSetSize of job (KB)
...
006 (263931.000.000) 04/26 04:39:26 Image size of job updated: 318148
	170  -  MemoryUsage of job (MB)
	173568  -  ResidentSetSize of job (KB)
...
006 (263931.000.000) 04/26 04:44:26 Image size of job updated: 320412
	172  -  MemoryUsage of job (MB)
	175820  -  ResidentSetSize of job (KB)
...
006 (263931.000.000) 04/26 04:49:26 Image size of job updated: 324600
	177  -  MemoryUsage of job (MB)
	180340  -  ResidentSetSize of job (KB)
...
006 (263931.000.000) 04/26 04:54:26 Image size of job updated: 329212
	181  -  MemoryUsage of job (MB)
	184852  -  ResidentSetSize of job (KB)
...
006 (263931.000.000) 04/26 04:59:27 Image size of job updated: 335336
	182  -  MemoryUsage of job (MB)
	185712  -  ResidentSetSize of job (KB)
...
006 (263931.000.000) 04/26 05:04:27 Image size of job updated: 341108
	182  -  MemoryUsage of job (MB)
	185712  -  ResidentSetSize of job (KB)
...
006 (263931.000.000) 04/26 05:09:28 Image size of job updated: 346184
	186  -  MemoryUsage of job (MB)
	190324  -  ResidentSetSize of job (KB)
...
006 (263931.000.000) 04/26 05:14:28 Image size of job updated: 349688
	190  -  MemoryUsage of job (MB)
	193760  -  ResidentSetSize of job (KB)
...
006 (263931.000.000) 04/26 05:17:45 Image size of job updated: 352684
	190  -  MemoryUsage of job (MB)
	193760  -  ResidentSetSize of job (KB)
...
005 (263931.000.000) 04/26 05:17:45 Job terminated.
	(1) Normal termination (return value 0)
		Usr 0 00:42:00, Sys 0 00:01:27  -  Run Remote Usage
		Usr 0 00:00:00, Sys 0 00:00:00  -  Run Local Usage
		Usr 0 00:42:00, Sys 0 00:01:27  -  Total Remote Usage
		Usr 0 00:00:00, Sys 0 00:00:00  -  Total Local Usage
	140969  -  Run Bytes Sent By Job
	32753  -  Run Bytes Received By Job
	140969  -  Total Bytes Sent By Job
	32753  -  Total Bytes Received By Job
	Partitionable Resources :    Usage  Request          
	   Cpus                 :                 1          
	   Disk (KB)            :     3268     3268          
	   Memory (MB)          :      190      190          
...
000 (265391.000.000) 04/28 00:03:52 Job submitted from host: <18.12.1.74:45694>
...
001 (265391.000.000) 04/28 00:04:33 Job executing on host: <18.12.12.12:41971>
...
006 (265391.000.000) 04/28 00:04:33 Image size of job updated: 1
	0  -  MemoryUsage of job (MB)
	0  -  ResidentSetSize of job (KB)
...
005 (265391.000.000) 04/28 00:04:34 Job terminated.
	(1) Normal termination (return value 1)
		Usr 0 00:00:00, Sys 0 00:00:00  -  Run Remote Usage
		Usr 0 00:00:00, Sys 0 00:00:00  -  Run Local Usage
		Usr 0 00:00:00, Sys 0 00:00:00  -  Total Remote Usage
		Usr 0 00:00:00, Sys 0 00:00:00  -  Total Local Usage
	1211  -  Run Bytes Sent By Job
	33798  -  Run Bytes Received By Job
	1211  -  Total Bytes Sent By Job
	33798  -  Total Bytes Received By Job
	Partitionable Resources :    Usage  Request          
	   Cpus                 :                 1          
	   Disk (KB)            :       57       57          
	   Memory (MB)          :        0        0          
...
000 (265597.000.000) 04/28 02:01:44 Job submitted from host: <18.12.1.74:45694>
...
001 (265597.000.000) 04/28 02:02:10 Job executing on host: <18.12.12.3:48906>
...
006 (265597.000.000) 04/28 02:02:19 Image size of job updated: 74880
	17  -  MemoryUsage of job (MB)
	16536  -  ResidentSetSize of job (KB)
...
006 (265597.000.000) 04/28 02:07:21 Image size of job updated: 247568
	116  -  MemoryUsage of job (MB)
	118520  -  ResidentSetSize of job (KB)
...
006 (265597.000.000) 04/28 02:12:21 Image size of job updated: 314408
	168  -  MemoryUsage of job (MB)
	171360  -  ResidentSetSize of job (KB)
...
006 (265597.000.000) 04/28 02:17:21 Image size of job updated: 318020
	171  -  MemoryUsage of job (MB)
	175020  -  ResidentSetSize of job (KB)
...
006 (265597.000.000) 04/28 02:22:22 Image size of job updated: 322660
	176  -  MemoryUsage of job (MB)
	179928  -  ResidentSetSize of job (KB)
...
006 (265597.000.000) 04/28 02:27:22 Image size of job updated: 327668
	181  -  MemoryUsage of job (MB)
	184972  -  ResidentSetSize of job (KB)
...
006 (265597.000.000) 04/28 02:32:24 Image size of job updated: 333072
	186  -  MemoryUsage of job (MB)
	190380  -  ResidentSetSize of job (KB)
...
006 (265597.000.000) 04/28 02:37:24 Image size of job updated: 338096
	191  -  MemoryUsage of job (MB)
	195404  -  ResidentSetSize of job (KB)
...
006 (265597.000.000) 04/28 02:42:24 Image size of job updated: 343892
	197  -  MemoryUsage of job (MB)
	201196  -  ResidentSetSize of job (KB)
...
006 (265597.000.000) 04/28 02:42:45 Image size of job updated: 344212
	197  -  MemoryUsage of job (MB)
	201196  -  ResidentSetSize of job (KB)
...
005 (265597.000.000) 04/28 02:42:45 Job terminated.
	(1) Normal termination (return value 0)
		Usr 0 00:37:51, Sys 0 00:01:21  -  Run Remote Usage
		Usr 0 00:00:00, Sys 0 00:00:00  -  Run Local Usage
		Usr 0 00:37:51, Sys 0 00:01:21  -  Total Remote Usage
		Usr 0 00:00:00, Sys 0 00:00:00  -  Total Local Usage
	112938  -  Run Bytes Sent By Job
	33812  -  Run Bytes Received By Job
	112938  -  Total Bytes Sent By Job
	33812  -  Total Bytes Received By Job
	Partitionable Resources :    Usage  Request          
	   Cpus                 :                 1          
	   Disk (KB)            :     2752     2752          
	   Memory (MB)          :      197      197          
...
