000 (263955.000.000) 04/26 04:23:08 Job submitted from host: <18.12.1.74:45694>
...
001 (263955.000.000) 04/26 04:24:19 Job executing on host: <18.12.8.207:42117>
...
006 (263955.000.000) 04/26 04:24:28 Image size of job updated: 69572
	14  -  MemoryUsage of job (MB)
	13784  -  ResidentSetSize of job (KB)
...
006 (263955.000.000) 04/26 04:29:29 Image size of job updated: 247532
	113  -  MemoryUsage of job (MB)
	115200  -  ResidentSetSize of job (KB)
...
006 (263955.000.000) 04/26 04:34:29 Image size of job updated: 248776
	114  -  MemoryUsage of job (MB)
	116604  -  ResidentSetSize of job (KB)
...
006 (263955.000.000) 04/26 04:39:30 Image size of job updated: 316584
	170  -  MemoryUsage of job (MB)
	173140  -  ResidentSetSize of job (KB)
...
006 (263955.000.000) 04/26 04:44:30 Image size of job updated: 319380
	172  -  MemoryUsage of job (MB)
	175968  -  ResidentSetSize of job (KB)
...
006 (263955.000.000) 04/26 04:49:31 Image size of job updated: 322852
	176  -  MemoryUsage of job (MB)
	179676  -  ResidentSetSize of job (KB)
...
006 (263955.000.000) 04/26 04:54:31 Image size of job updated: 327500
	181  -  MemoryUsage of job (MB)
	184348  -  ResidentSetSize of job (KB)
...
006 (263955.000.000) 04/26 04:59:32 Image size of job updated: 332944
	185  -  MemoryUsage of job (MB)
	188820  -  ResidentSetSize of job (KB)
...
006 (263955.000.000) 04/26 05:04:33 Image size of job updated: 338344
	190  -  MemoryUsage of job (MB)
	194288  -  ResidentSetSize of job (KB)
...
006 (263955.000.000) 04/26 05:09:33 Image size of job updated: 344120
	196  -  MemoryUsage of job (MB)
	200064  -  ResidentSetSize of job (KB)
...
006 (263955.000.000) 04/26 05:14:35 Image size of job updated: 347932
	196  -  MemoryUsage of job (MB)
	200376  -  ResidentSetSize of job (KB)
...
006 (263955.000.000) 04/26 05:19:35 Image size of job updated: 351836
	198  -  MemoryUsage of job (MB)
	202480  -  ResidentSetSize of job (KB)
...
006 (263955.000.000) 04/26 05:20:12 Image size of job updated: 352224
	198  -  MemoryUsage of job (MB)
	202480  -  ResidentSetSize of job (KB)
...
005 (263955.000.000) 04/26 05:20:12 Job terminated.
	(1) Normal termination (return value 0)
		Usr 0 00:52:13, Sys 0 00:01:38  -  Run Remote Usage
		Usr 0 00:00:00, Sys 0 00:00:00  -  Run Local Usage
		Usr 0 00:52:13, Sys 0 00:01:38  -  Total Remote Usage
		Usr 0 00:00:00, Sys 0 00:00:00  -  Total Local Usage
	142016  -  Run Bytes Sent By Job
	32753  -  Run Bytes Received By Job
	142016  -  Total Bytes Sent By Job
	32753  -  Total Bytes Received By Job
	Partitionable Resources :    Usage  Request          
	   Cpus                 :                 1          
	   Disk (KB)            :     3440     3440          
	   Memory (MB)          :      198      198          
...
000 (265415.000.000) 04/28 00:03:55 Job submitted from host: <18.12.1.74:45694>
...
001 (265415.000.000) 04/28 00:04:35 Job executing on host: <18.12.8.209:47154>
...
006 (265415.000.000) 04/28 00:04:37 Image size of job updated: 1
	0  -  MemoryUsage of job (MB)
	0  -  ResidentSetSize of job (KB)
...
005 (265415.000.000) 04/28 00:04:37 Job terminated.
	(1) Normal termination (return value 1)
		Usr 0 00:00:00, Sys 0 00:00:00  -  Run Remote Usage
		Usr 0 00:00:00, Sys 0 00:00:00  -  Run Local Usage
		Usr 0 00:00:00, Sys 0 00:00:00  -  Total Remote Usage
		Usr 0 00:00:00, Sys 0 00:00:00  -  Total Local Usage
	1210  -  Run Bytes Sent By Job
	33798  -  Run Bytes Received By Job
	1210  -  Total Bytes Sent By Job
	33798  -  Total Bytes Received By Job
	Partitionable Resources :    Usage  Request          
	   Cpus                 :                 1          
	   Disk (KB)            :       57       57          
	   Memory (MB)          :        0        0          
...
000 (265621.000.000) 04/28 02:01:47 Job submitted from host: <18.12.1.74:45694>
...
001 (265621.000.000) 04/28 02:02:11 Job executing on host: <18.12.8.223:41387>
...
006 (265621.000.000) 04/28 02:02:19 Image size of job updated: 1
	2  -  MemoryUsage of job (MB)
	1716  -  ResidentSetSize of job (KB)
...
006 (265621.000.000) 04/28 02:07:19 Image size of job updated: 247996
	113  -  MemoryUsage of job (MB)
	115536  -  ResidentSetSize of job (KB)
...
006 (265621.000.000) 04/28 02:12:20 Image size of job updated: 315924
	168  -  MemoryUsage of job (MB)
	171064  -  ResidentSetSize of job (KB)
...
006 (265621.000.000) 04/28 02:17:21 Image size of job updated: 320932
	172  -  MemoryUsage of job (MB)
	176072  -  ResidentSetSize of job (KB)
...
006 (265621.000.000) 04/28 02:22:21 Image size of job updated: 327112
	179  -  MemoryUsage of job (MB)
	182556  -  ResidentSetSize of job (KB)
...
006 (265621.000.000) 04/28 02:27:23 Image size of job updated: 333288
	185  -  MemoryUsage of job (MB)
	188680  -  ResidentSetSize of job (KB)
...
006 (265621.000.000) 04/28 02:32:23 Image size of job updated: 339528
	191  -  MemoryUsage of job (MB)
	194924  -  ResidentSetSize of job (KB)
...
006 (265621.000.000) 04/28 02:35:38 Image size of job updated: 344152
	191  -  MemoryUsage of job (MB)
	194924  -  ResidentSetSize of job (KB)
...
005 (265621.000.000) 04/28 02:35:38 Job terminated.
	(1) Normal termination (return value 0)
		Usr 0 00:31:01, Sys 0 00:01:24  -  Run Remote Usage
		Usr 0 00:00:00, Sys 0 00:00:00  -  Run Local Usage
		Usr 0 00:31:01, Sys 0 00:01:24  -  Total Remote Usage
		Usr 0 00:00:00, Sys 0 00:00:00  -  Total Local Usage
	112943  -  Run Bytes Sent By Job
	33812  -  Run Bytes Received By Job
	112943  -  Total Bytes Sent By Job
	33812  -  Total Bytes Received By Job
	Partitionable Resources :    Usage  Request          
	   Cpus                 :                 1          
	   Disk (KB)            :     2394     2394          
	   Memory (MB)          :      191      191          
...
