000 (263956.000.000) 04/26 04:23:08 Job submitted from host: <18.12.1.74:45694>
...
001 (263956.000.000) 04/26 04:24:20 Job executing on host: <18.12.8.156:48249>
...
006 (263956.000.000) 04/26 04:24:28 Image size of job updated: 1
	2  -  MemoryUsage of job (MB)
	1708  -  ResidentSetSize of job (KB)
...
006 (263956.000.000) 04/26 04:29:29 Image size of job updated: 247524
	114  -  MemoryUsage of job (MB)
	116700  -  ResidentSetSize of job (KB)
...
006 (263956.000.000) 04/26 04:34:29 Image size of job updated: 316376
	173  -  MemoryUsage of job (MB)
	176152  -  ResidentSetSize of job (KB)
...
006 (263956.000.000) 04/26 04:39:29 Image size of job updated: 317872
	173  -  MemoryUsage of job (MB)
	177148  -  ResidentSetSize of job (KB)
...
006 (263956.000.000) 04/26 04:44:30 Image size of job updated: 321052
	176  -  MemoryUsage of job (MB)
	180160  -  ResidentSetSize of job (KB)
...
006 (263956.000.000) 04/26 04:49:30 Image size of job updated: 325756
	181  -  MemoryUsage of job (MB)
	185208  -  ResidentSetSize of job (KB)
...
006 (263956.000.000) 04/26 04:54:31 Image size of job updated: 330756
	186  -  MemoryUsage of job (MB)
	190132  -  ResidentSetSize of job (KB)
...
006 (263956.000.000) 04/26 04:59:31 Image size of job updated: 336928
	192  -  MemoryUsage of job (MB)
	196304  -  ResidentSetSize of job (KB)
...
006 (263956.000.000) 04/26 05:04:32 Image size of job updated: 341944
	197  -  MemoryUsage of job (MB)
	201320  -  ResidentSetSize of job (KB)
...
006 (263956.000.000) 04/26 05:09:32 Image size of job updated: 346204
	197  -  MemoryUsage of job (MB)
	201592  -  ResidentSetSize of job (KB)
...
006 (263956.000.000) 04/26 05:14:33 Image size of job updated: 349648
	201  -  MemoryUsage of job (MB)
	205020  -  ResidentSetSize of job (KB)
...
006 (263956.000.000) 04/26 05:18:26 Image size of job updated: 352356
	201  -  MemoryUsage of job (MB)
	205020  -  ResidentSetSize of job (KB)
...
005 (263956.000.000) 04/26 05:18:27 Job terminated.
	(1) Normal termination (return value 0)
		Usr 0 00:51:14, Sys 0 00:01:40  -  Run Remote Usage
		Usr 0 00:00:00, Sys 0 00:00:00  -  Run Local Usage
		Usr 0 00:51:14, Sys 0 00:01:40  -  Total Remote Usage
		Usr 0 00:00:00, Sys 0 00:00:00  -  Total Local Usage
	140977  -  Run Bytes Sent By Job
	32753  -  Run Bytes Received By Job
	140977  -  Total Bytes Sent By Job
	32753  -  Total Bytes Received By Job
	Partitionable Resources :    Usage  Request          
	   Cpus                 :                 1          
	   Disk (KB)            :     3226     3226          
	   Memory (MB)          :      201      201          
...
000 (265416.000.000) 04/28 00:03:55 Job submitted from host: <18.12.1.74:45694>
...
001 (265416.000.000) 04/28 00:04:34 Job executing on host: <18.12.8.155:44891>
...
006 (265416.000.000) 04/28 00:04:35 Image size of job updated: 1
	0  -  MemoryUsage of job (MB)
	0  -  ResidentSetSize of job (KB)
...
005 (265416.000.000) 04/28 00:04:35 Job terminated.
	(1) Normal termination (return value 1)
		Usr 0 00:00:00, Sys 0 00:00:00  -  Run Remote Usage
		Usr 0 00:00:00, Sys 0 00:00:00  -  Run Local Usage
		Usr 0 00:00:00, Sys 0 00:00:00  -  Total Remote Usage
		Usr 0 00:00:00, Sys 0 00:00:00  -  Total Local Usage
	1211  -  Run Bytes Sent By Job
	33798  -  Run Bytes Received By Job
	1211  -  Total Bytes Sent By Job
	33798  -  Total Bytes Received By Job
	Partitionable Resources :    Usage  Request          
	   Cpus                 :                 1          
	   Disk (KB)            :       57       57          
	   Memory (MB)          :        0        0          
...
000 (265622.000.000) 04/28 02:01:47 Job submitted from host: <18.12.1.74:45694>
...
001 (265622.000.000) 04/28 02:02:12 Job executing on host: <18.12.8.205:48614>
...
006 (265622.000.000) 04/28 02:02:20 Image size of job updated: 200532
	36  -  MemoryUsage of job (MB)
	36512  -  ResidentSetSize of job (KB)
...
006 (265622.000.000) 04/28 02:07:20 Image size of job updated: 211388
	105  -  MemoryUsage of job (MB)
	107028  -  ResidentSetSize of job (KB)
...
006 (265622.000.000) 04/28 02:12:20 Image size of job updated: 247992
	105  -  MemoryUsage of job (MB)
	107028  -  ResidentSetSize of job (KB)
...
006 (265622.000.000) 04/28 02:17:21 Image size of job updated: 315852
	158  -  MemoryUsage of job (MB)
	160892  -  ResidentSetSize of job (KB)
...
006 (265622.000.000) 04/28 02:22:21 Image size of job updated: 320340
	161  -  MemoryUsage of job (MB)
	164820  -  ResidentSetSize of job (KB)
...
006 (265622.000.000) 04/28 02:27:21 Image size of job updated: 326512
	167  -  MemoryUsage of job (MB)
	170788  -  ResidentSetSize of job (KB)
...
006 (265622.000.000) 04/28 02:32:23 Image size of job updated: 332712
	173  -  MemoryUsage of job (MB)
	176988  -  ResidentSetSize of job (KB)
...
006 (265622.000.000) 04/28 02:37:23 Image size of job updated: 338876
	179  -  MemoryUsage of job (MB)
	183156  -  ResidentSetSize of job (KB)
...
006 (265622.000.000) 04/28 02:42:07 Image size of job updated: 344284
	179  -  MemoryUsage of job (MB)
	183156  -  ResidentSetSize of job (KB)
...
005 (265622.000.000) 04/28 02:42:07 Job terminated.
	(1) Normal termination (return value 0)
		Usr 0 00:32:24, Sys 0 00:01:36  -  Run Remote Usage
		Usr 0 00:00:00, Sys 0 00:00:00  -  Run Local Usage
		Usr 0 00:32:24, Sys 0 00:01:36  -  Total Remote Usage
		Usr 0 00:00:00, Sys 0 00:00:00  -  Total Local Usage
	112924  -  Run Bytes Sent By Job
	33812  -  Run Bytes Received By Job
	112924  -  Total Bytes Sent By Job
	33812  -  Total Bytes Received By Job
	Partitionable Resources :    Usage  Request          
	   Cpus                 :                 1          
	   Disk (KB)            :     2291     2291          
	   Memory (MB)          :      179      179          
...
