000 (263923.000.000) 04/26 04:23:04 Job submitted from host: <18.12.1.74:45694>
...
001 (263923.000.000) 04/26 04:24:17 Job executing on host: <18.12.12.4:49636>
...
006 (263923.000.000) 04/26 04:24:26 Image size of job updated: 1
	2  -  MemoryUsage of job (MB)
	1708  -  ResidentSetSize of job (KB)
...
006 (263923.000.000) 04/26 04:29:26 Image size of job updated: 247532
	113  -  MemoryUsage of job (MB)
	115124  -  ResidentSetSize of job (KB)
...
006 (263923.000.000) 04/26 04:34:26 Image size of job updated: 248364
	114  -  MemoryUsage of job (MB)
	115944  -  ResidentSetSize of job (KB)
...
006 (263923.000.000) 04/26 04:39:27 Image size of job updated: 316580
	167  -  MemoryUsage of job (MB)
	170780  -  ResidentSetSize of job (KB)
...
006 (263923.000.000) 04/26 04:44:27 Image size of job updated: 317912
	169  -  MemoryUsage of job (MB)
	172100  -  ResidentSetSize of job (KB)
...
006 (263923.000.000) 04/26 04:49:28 Image size of job updated: 320792
	171  -  MemoryUsage of job (MB)
	174164  -  ResidentSetSize of job (KB)
...
006 (263923.000.000) 04/26 04:54:28 Image size of job updated: 324280
	171  -  MemoryUsage of job (MB)
	174164  -  ResidentSetSize of job (KB)
...
006 (263923.000.000) 04/26 04:59:30 Image size of job updated: 328124
	171  -  MemoryUsage of job (MB)
	174504  -  ResidentSetSize of job (KB)
...
006 (263923.000.000) 04/26 05:04:30 Image size of job updated: 332372
	175  -  MemoryUsage of job (MB)
	178748  -  ResidentSetSize of job (KB)
...
006 (263923.000.000) 04/26 05:09:32 Image size of job updated: 336980
	179  -  MemoryUsage of job (MB)
	183040  -  ResidentSetSize of job (KB)
...
006 (263923.000.000) 04/26 05:14:32 Image size of job updated: 340844
	183  -  MemoryUsage of job (MB)
	186900  -  ResidentSetSize of job (KB)
...
006 (263923.000.000) 04/26 05:19:32 Image size of job updated: 344644
	187  -  MemoryUsage of job (MB)
	190716  -  ResidentSetSize of job (KB)
...
006 (263923.000.000) 04/26 05:24:33 Image size of job updated: 348132
	190  -  MemoryUsage of job (MB)
	194196  -  ResidentSetSize of job (KB)
...
006 (263923.000.000) 04/26 05:29:33 Image size of job updated: 351584
	194  -  MemoryUsage of job (MB)
	197640  -  ResidentSetSize of job (KB)
...
006 (263923.000.000) 04/26 05:30:45 Image size of job updated: 352416
	194  -  MemoryUsage of job (MB)
	197640  -  ResidentSetSize of job (KB)
...
005 (263923.000.000) 04/26 05:30:45 Job terminated.
	(1) Normal termination (return value 0)
		Usr 0 01:03:09, Sys 0 00:02:00  -  Run Remote Usage
		Usr 0 00:00:00, Sys 0 00:00:00  -  Run Local Usage
		Usr 0 01:03:09, Sys 0 00:02:00  -  Total Remote Usage
		Usr 0 00:00:00, Sys 0 00:00:00  -  Total Local Usage
	140978  -  Run Bytes Sent By Job
	32753  -  Run Bytes Received By Job
	140978  -  Total Bytes Sent By Job
	32753  -  Total Bytes Received By Job
	Partitionable Resources :    Usage  Request          
	   Cpus                 :                 1          
	   Disk (KB)            :     3426     3426          
	   Memory (MB)          :      194      194          
...
000 (264469.000.000) 04/27 18:09:26 Job submitted from host: <18.12.1.74:45694>
...
001 (264469.000.000) 04/27 18:10:30 Job executing on host: <18.12.8.223:41387>
...
006 (264469.000.000) 04/27 18:10:38 Image size of job updated: 69180
	13  -  MemoryUsage of job (MB)
	13256  -  ResidentSetSize of job (KB)
...
006 (264469.000.000) 04/27 18:15:38 Image size of job updated: 247944
	113  -  MemoryUsage of job (MB)
	115048  -  ResidentSetSize of job (KB)
...
006 (264469.000.000) 04/27 18:18:55 Image size of job updated: 315436
	113  -  MemoryUsage of job (MB)
	115048  -  ResidentSetSize of job (KB)
...
005 (264469.000.000) 04/27 18:18:55 Job terminated.
	(1) Normal termination (return value 0)
		Usr 0 00:07:20, Sys 0 00:00:05  -  Run Remote Usage
		Usr 0 00:00:00, Sys 0 00:00:00  -  Run Local Usage
		Usr 0 00:07:20, Sys 0 00:00:05  -  Total Remote Usage
		Usr 0 00:00:00, Sys 0 00:00:00  -  Total Local Usage
	15087  -  Run Bytes Sent By Job
	33285  -  Run Bytes Received By Job
	15087  -  Total Bytes Sent By Job
	33285  -  Total Bytes Received By Job
	Partitionable Resources :    Usage  Request          
	   Cpus                 :                 1          
	   Disk (KB)            :      155      155          
	   Memory (MB)          :      113      113          
...
000 (265383.000.000) 04/28 00:03:51 Job submitted from host: <18.12.1.74:45694>
...
001 (265383.000.000) 04/28 00:04:32 Job executing on host: <18.12.8.228:44526>
...
006 (265383.000.000) 04/28 00:04:33 Image size of job updated: 1
	0  -  MemoryUsage of job (MB)
	0  -  ResidentSetSize of job (KB)
...
005 (265383.000.000) 04/28 00:04:33 Job terminated.
	(1) Normal termination (return value 1)
		Usr 0 00:00:00, Sys 0 00:00:00  -  Run Remote Usage
		Usr 0 00:00:00, Sys 0 00:00:00  -  Run Local Usage
		Usr 0 00:00:00, Sys 0 00:00:00  -  Total Remote Usage
		Usr 0 00:00:00, Sys 0 00:00:00  -  Total Local Usage
	1211  -  Run Bytes Sent By Job
	33798  -  Run Bytes Received By Job
	1211  -  Total Bytes Sent By Job
	33798  -  Total Bytes Received By Job
	Partitionable Resources :    Usage  Request          
	   Cpus                 :                 1          
	   Disk (KB)            :       57       57          
	   Memory (MB)          :        0        0          
...
000 (265589.000.000) 04/28 02:01:44 Job submitted from host: <18.12.1.74:45694>
...
001 (265589.000.000) 04/28 02:02:10 Job executing on host: <18.12.9.21:49636>
...
006 (265589.000.000) 04/28 02:02:18 Image size of job updated: 1
	2  -  MemoryUsage of job (MB)
	1704  -  ResidentSetSize of job (KB)
...
006 (265589.000.000) 04/28 02:07:18 Image size of job updated: 247104
	112  -  MemoryUsage of job (MB)
	114600  -  ResidentSetSize of job (KB)
...
006 (265589.000.000) 04/28 02:12:18 Image size of job updated: 314176
	164  -  MemoryUsage of job (MB)
	167924  -  ResidentSetSize of job (KB)
...
006 (265589.000.000) 04/28 02:17:18 Image size of job updated: 318952
	169  -  MemoryUsage of job (MB)
	172744  -  ResidentSetSize of job (KB)
...
006 (265589.000.000) 04/28 02:22:18 Image size of job updated: 325036
	175  -  MemoryUsage of job (MB)
	178872  -  ResidentSetSize of job (KB)
...
006 (265589.000.000) 04/28 02:27:18 Image size of job updated: 331224
	181  -  MemoryUsage of job (MB)
	185060  -  ResidentSetSize of job (KB)
...
006 (265589.000.000) 04/28 02:32:18 Image size of job updated: 337396
	187  -  MemoryUsage of job (MB)
	191232  -  ResidentSetSize of job (KB)
...
006 (265589.000.000) 04/28 02:37:19 Image size of job updated: 344336
	194  -  MemoryUsage of job (MB)
	198172  -  ResidentSetSize of job (KB)
...
005 (265589.000.000) 04/28 02:37:25 Job terminated.
	(1) Normal termination (return value 0)
		Usr 0 00:30:52, Sys 0 00:01:16  -  Run Remote Usage
		Usr 0 00:00:00, Sys 0 00:00:00  -  Run Local Usage
		Usr 0 00:30:52, Sys 0 00:01:16  -  Total Remote Usage
		Usr 0 00:00:00, Sys 0 00:00:00  -  Total Local Usage
	112923  -  Run Bytes Sent By Job
	33812  -  Run Bytes Received By Job
	112923  -  Total Bytes Sent By Job
	33812  -  Total Bytes Received By Job
	Partitionable Resources :    Usage  Request          
	   Cpus                 :                 1          
	   Disk (KB)            :     2749     2749          
	   Memory (MB)          :      194      194          
...
