000 (263943.000.000) 04/26 04:23:06 Job submitted from host: <18.12.1.74:45694>
...
001 (263943.000.000) 04/26 04:24:19 Job executing on host: <18.12.8.226:42044>
...
006 (263943.000.000) 04/26 04:24:27 Image size of job updated: 1
	2  -  MemoryUsage of job (MB)
	1720  -  ResidentSetSize of job (KB)
...
006 (263943.000.000) 04/26 04:29:27 Image size of job updated: 247524
	113  -  MemoryUsage of job (MB)
	115124  -  ResidentSetSize of job (KB)
...
006 (263943.000.000) 04/26 04:34:27 Image size of job updated: 316328
	169  -  MemoryUsage of job (MB)
	172568  -  ResidentSetSize of job (KB)
...
006 (263943.000.000) 04/26 04:39:27 Image size of job updated: 317880
	171  -  MemoryUsage of job (MB)
	174344  -  ResidentSetSize of job (KB)
...
006 (263943.000.000) 04/26 04:44:27 Image size of job updated: 321316
	174  -  MemoryUsage of job (MB)
	177764  -  ResidentSetSize of job (KB)
...
006 (263943.000.000) 04/26 04:49:28 Image size of job updated: 326712
	179  -  MemoryUsage of job (MB)
	182988  -  ResidentSetSize of job (KB)
...
006 (263943.000.000) 04/26 04:54:28 Image size of job updated: 332528
	185  -  MemoryUsage of job (MB)
	188432  -  ResidentSetSize of job (KB)
...
006 (263943.000.000) 04/26 04:59:29 Image size of job updated: 339540
	191  -  MemoryUsage of job (MB)
	195400  -  ResidentSetSize of job (KB)
...
006 (263943.000.000) 04/26 05:04:29 Image size of job updated: 345416
	197  -  MemoryUsage of job (MB)
	201172  -  ResidentSetSize of job (KB)
...
006 (263943.000.000) 04/26 05:09:31 Image size of job updated: 349652
	201  -  MemoryUsage of job (MB)
	205412  -  ResidentSetSize of job (KB)
...
006 (263943.000.000) 04/26 05:12:46 Image size of job updated: 352348
	201  -  MemoryUsage of job (MB)
	205412  -  ResidentSetSize of job (KB)
...
005 (263943.000.000) 04/26 05:12:46 Job terminated.
	(1) Normal termination (return value 0)
		Usr 0 00:45:53, Sys 0 00:01:31  -  Run Remote Usage
		Usr 0 00:00:00, Sys 0 00:00:00  -  Run Local Usage
		Usr 0 00:45:53, Sys 0 00:01:31  -  Total Remote Usage
		Usr 0 00:00:00, Sys 0 00:00:00  -  Total Local Usage
	141074  -  Run Bytes Sent By Job
	32753  -  Run Bytes Received By Job
	141074  -  Total Bytes Sent By Job
	32753  -  Total Bytes Received By Job
	Partitionable Resources :    Usage  Request          
	   Cpus                 :                 1          
	   Disk (KB)            :     3275     3275          
	   Memory (MB)          :      201      201          
...
000 (265403.000.000) 04/28 00:03:54 Job submitted from host: <18.12.1.74:45694>
...
001 (265403.000.000) 04/28 00:04:33 Job executing on host: <18.12.9.20:43650>
...
006 (265403.000.000) 04/28 00:04:34 Image size of job updated: 1
	0  -  MemoryUsage of job (MB)
	0  -  ResidentSetSize of job (KB)
...
005 (265403.000.000) 04/28 00:04:34 Job terminated.
	(1) Normal termination (return value 1)
		Usr 0 00:00:00, Sys 0 00:00:00  -  Run Remote Usage
		Usr 0 00:00:00, Sys 0 00:00:00  -  Run Local Usage
		Usr 0 00:00:00, Sys 0 00:00:00  -  Total Remote Usage
		Usr 0 00:00:00, Sys 0 00:00:00  -  Total Local Usage
	1211  -  Run Bytes Sent By Job
	33798  -  Run Bytes Received By Job
	1211  -  Total Bytes Sent By Job
	33798  -  Total Bytes Received By Job
	Partitionable Resources :    Usage  Request          
	   Cpus                 :                 1          
	   Disk (KB)            :       57       57          
	   Memory (MB)          :        0        0          
...
000 (265609.000.000) 04/28 02:01:46 Job submitted from host: <18.12.1.74:45694>
...
001 (265609.000.000) 04/28 02:02:10 Job executing on host: <18.12.12.6:47592>
...
006 (265609.000.000) 04/28 02:02:20 Image size of job updated: 211388
	105  -  MemoryUsage of job (MB)
	106920  -  ResidentSetSize of job (KB)
...
006 (265609.000.000) 04/28 02:07:20 Image size of job updated: 247572
	113  -  MemoryUsage of job (MB)
	115108  -  ResidentSetSize of job (KB)
...
006 (265609.000.000) 04/28 02:12:20 Image size of job updated: 315432
	166  -  MemoryUsage of job (MB)
	169276  -  ResidentSetSize of job (KB)
...
006 (265609.000.000) 04/28 02:17:21 Image size of job updated: 318940
	169  -  MemoryUsage of job (MB)
	172720  -  ResidentSetSize of job (KB)
...
006 (265609.000.000) 04/28 02:22:21 Image size of job updated: 324024
	174  -  MemoryUsage of job (MB)
	178076  -  ResidentSetSize of job (KB)
...
006 (265609.000.000) 04/28 02:27:23 Image size of job updated: 330188
	180  -  MemoryUsage of job (MB)
	184256  -  ResidentSetSize of job (KB)
...
006 (265609.000.000) 04/28 02:32:23 Image size of job updated: 335924
	186  -  MemoryUsage of job (MB)
	189984  -  ResidentSetSize of job (KB)
...
006 (265609.000.000) 04/28 02:37:26 Image size of job updated: 342724
	193  -  MemoryUsage of job (MB)
	196652  -  ResidentSetSize of job (KB)
...
006 (265609.000.000) 04/28 02:38:58 Image size of job updated: 344264
	193  -  MemoryUsage of job (MB)
	196652  -  ResidentSetSize of job (KB)
...
005 (265609.000.000) 04/28 02:38:58 Job terminated.
	(1) Normal termination (return value 0)
		Usr 0 00:34:08, Sys 0 00:01:17  -  Run Remote Usage
		Usr 0 00:00:00, Sys 0 00:00:00  -  Run Local Usage
		Usr 0 00:34:08, Sys 0 00:01:17  -  Total Remote Usage
		Usr 0 00:00:00, Sys 0 00:00:00  -  Total Local Usage
	112933  -  Run Bytes Sent By Job
	33812  -  Run Bytes Received By Job
	112933  -  Total Bytes Sent By Job
	33812  -  Total Bytes Received By Job
	Partitionable Resources :    Usage  Request          
	   Cpus                 :                 1          
	   Disk (KB)            :     2619     2619          
	   Memory (MB)          :      193      193          
...
