000 (263917.000.000) 04/26 04:23:04 Job submitted from host: <18.12.1.74:45694>
...
001 (263917.000.000) 04/26 04:24:15 Job executing on host: <18.12.8.236:40000>
...
006 (263917.000.000) 04/26 04:24:23 Image size of job updated: 234740
	144  -  MemoryUsage of job (MB)
	146844  -  ResidentSetSize of job (KB)
...
006 (263917.000.000) 04/26 04:29:24 Image size of job updated: 247528
	144  -  MemoryUsage of job (MB)
	146844  -  ResidentSetSize of job (KB)
...
006 (263917.000.000) 04/26 04:34:24 Image size of job updated: 316320
	161  -  MemoryUsage of job (MB)
	164008  -  ResidentSetSize of job (KB)
...
006 (263917.000.000) 04/26 04:39:25 Image size of job updated: 317940
	162  -  MemoryUsage of job (MB)
	165452  -  ResidentSetSize of job (KB)
...
006 (263917.000.000) 04/26 04:44:25 Image size of job updated: 321892
	166  -  MemoryUsage of job (MB)
	169520  -  ResidentSetSize of job (KB)
...
006 (263917.000.000) 04/26 04:49:25 Image size of job updated: 327308
	171  -  MemoryUsage of job (MB)
	174808  -  ResidentSetSize of job (KB)
...
006 (263917.000.000) 04/26 04:54:26 Image size of job updated: 332692
	176  -  MemoryUsage of job (MB)
	180192  -  ResidentSetSize of job (KB)
...
006 (263917.000.000) 04/26 04:59:26 Image size of job updated: 338084
	181  -  MemoryUsage of job (MB)
	184684  -  ResidentSetSize of job (KB)
...
006 (263917.000.000) 04/26 05:04:27 Image size of job updated: 344196
	187  -  MemoryUsage of job (MB)
	190816  -  ResidentSetSize of job (KB)
...
006 (263917.000.000) 04/26 05:09:27 Image size of job updated: 348432
	191  -  MemoryUsage of job (MB)
	195052  -  ResidentSetSize of job (KB)
...
006 (263917.000.000) 04/26 05:14:18 Image size of job updated: 352348
	191  -  MemoryUsage of job (MB)
	195052  -  ResidentSetSize of job (KB)
...
005 (263917.000.000) 04/26 05:14:18 Job terminated.
	(1) Normal termination (return value 0)
		Usr 0 00:47:07, Sys 0 00:01:36  -  Run Remote Usage
		Usr 0 00:00:00, Sys 0 00:00:00  -  Run Local Usage
		Usr 0 00:47:07, Sys 0 00:01:36  -  Total Remote Usage
		Usr 0 00:00:00, Sys 0 00:00:00  -  Total Local Usage
	141039  -  Run Bytes Sent By Job
	32753  -  Run Bytes Received By Job
	141039  -  Total Bytes Sent By Job
	32753  -  Total Bytes Received By Job
	Partitionable Resources :    Usage  Request          
	   Cpus                 :                 1          
	   Disk (KB)            :     3130     3130          
	   Memory (MB)          :      191      191          
...
000 (264463.000.000) 04/27 18:09:25 Job submitted from host: <18.12.1.74:45694>
...
001 (264463.000.000) 04/27 18:10:29 Job executing on host: <18.12.8.246:43504>
...
006 (264463.000.000) 04/27 18:10:38 Image size of job updated: 211588
	105  -  MemoryUsage of job (MB)
	107068  -  ResidentSetSize of job (KB)
...
006 (264463.000.000) 04/27 18:15:39 Image size of job updated: 247940
	113  -  MemoryUsage of job (MB)
	115496  -  ResidentSetSize of job (KB)
...
006 (264463.000.000) 04/27 18:18:35 Image size of job updated: 315312
	113  -  MemoryUsage of job (MB)
	115496  -  ResidentSetSize of job (KB)
...
005 (264463.000.000) 04/27 18:18:35 Job terminated.
	(1) Normal termination (return value 0)
		Usr 0 00:07:12, Sys 0 00:00:05  -  Run Remote Usage
		Usr 0 00:00:00, Sys 0 00:00:00  -  Run Local Usage
		Usr 0 00:07:12, Sys 0 00:00:05  -  Total Remote Usage
		Usr 0 00:00:00, Sys 0 00:00:00  -  Total Local Usage
	15079  -  Run Bytes Sent By Job
	33285  -  Run Bytes Received By Job
	15079  -  Total Bytes Sent By Job
	33285  -  Total Bytes Received By Job
	Partitionable Resources :    Usage  Request          
	   Cpus                 :                 1          
	   Disk (KB)            :      155      155          
	   Memory (MB)          :      113      113          
...
000 (265377.000.000) 04/28 00:03:51 Job submitted from host: <18.12.1.74:45694>
...
001 (265377.000.000) 04/28 00:04:32 Job executing on host: <18.12.9.15:44599>
...
006 (265377.000.000) 04/28 00:04:37 Image size of job updated: 76648
	0  -  MemoryUsage of job (MB)
	0  -  ResidentSetSize of job (KB)
...
005 (265377.000.000) 04/28 00:04:37 Job terminated.
	(1) Normal termination (return value 1)
		Usr 0 00:00:00, Sys 0 00:00:00  -  Run Remote Usage
		Usr 0 00:00:00, Sys 0 00:00:00  -  Run Local Usage
		Usr 0 00:00:00, Sys 0 00:00:00  -  Total Remote Usage
		Usr 0 00:00:00, Sys 0 00:00:00  -  Total Local Usage
	1208  -  Run Bytes Sent By Job
	33798  -  Run Bytes Received By Job
	1208  -  Total Bytes Sent By Job
	33798  -  Total Bytes Received By Job
	Partitionable Resources :    Usage  Request          
	   Cpus                 :                 1          
	   Disk (KB)            :       57       57          
	   Memory (MB)          :        0        0          
...
000 (265583.000.000) 04/28 02:01:43 Job submitted from host: <18.12.1.74:45694>
...
001 (265583.000.000) 04/28 02:02:10 Job executing on host: <18.12.9.24:49490>
...
006 (265583.000.000) 04/28 02:02:18 Image size of job updated: 211388
	105  -  MemoryUsage of job (MB)
	106912  -  ResidentSetSize of job (KB)
...
006 (265583.000.000) 04/28 02:07:18 Image size of job updated: 247104
	112  -  MemoryUsage of job (MB)
	114584  -  ResidentSetSize of job (KB)
...
006 (265583.000.000) 04/28 02:12:18 Image size of job updated: 313988
	164  -  MemoryUsage of job (MB)
	167880  -  ResidentSetSize of job (KB)
...
006 (265583.000.000) 04/28 02:17:19 Image size of job updated: 318552
	169  -  MemoryUsage of job (MB)
	172308  -  ResidentSetSize of job (KB)
...
006 (265583.000.000) 04/28 02:22:19 Image size of job updated: 323568
	174  -  MemoryUsage of job (MB)
	177612  -  ResidentSetSize of job (KB)
...
006 (265583.000.000) 04/28 02:27:21 Image size of job updated: 330516
	180  -  MemoryUsage of job (MB)
	183776  -  ResidentSetSize of job (KB)
...
006 (265583.000.000) 04/28 02:32:21 Image size of job updated: 337076
	186  -  MemoryUsage of job (MB)
	190336  -  ResidentSetSize of job (KB)
...
006 (265583.000.000) 04/28 02:37:14 Image size of job updated: 344656
	186  -  MemoryUsage of job (MB)
	190336  -  ResidentSetSize of job (KB)
...
005 (265583.000.000) 04/28 02:37:14 Job terminated.
	(1) Normal termination (return value 0)
		Usr 0 00:30:31, Sys 0 00:01:12  -  Run Remote Usage
		Usr 0 00:00:00, Sys 0 00:00:00  -  Run Local Usage
		Usr 0 00:30:31, Sys 0 00:01:12  -  Total Remote Usage
		Usr 0 00:00:00, Sys 0 00:00:00  -  Total Local Usage
	112928  -  Run Bytes Sent By Job
	33812  -  Run Bytes Received By Job
	112928  -  Total Bytes Sent By Job
	33812  -  Total Bytes Received By Job
	Partitionable Resources :    Usage  Request          
	   Cpus                 :                 1          
	   Disk (KB)            :     2168     2168          
	   Memory (MB)          :      186      186          
...
