000 (263961.000.000) 04/26 04:23:08 Job submitted from host: <18.12.1.74:45694>
...
001 (263961.000.000) 04/26 04:24:21 Job executing on host: <18.12.8.164:48760>
...
006 (263961.000.000) 04/26 04:24:30 Image size of job updated: 200692
	109  -  MemoryUsage of job (MB)
	111080  -  ResidentSetSize of job (KB)
...
006 (263961.000.000) 04/26 04:29:32 Image size of job updated: 247532
	114  -  MemoryUsage of job (MB)
	116436  -  ResidentSetSize of job (KB)
...
006 (263961.000.000) 04/26 04:34:32 Image size of job updated: 248360
	115  -  MemoryUsage of job (MB)
	117272  -  ResidentSetSize of job (KB)
...
006 (263961.000.000) 04/26 04:39:34 Image size of job updated: 316352
	171  -  MemoryUsage of job (MB)
	174228  -  ResidentSetSize of job (KB)
...
006 (263961.000.000) 04/26 04:44:34 Image size of job updated: 317868
	171  -  MemoryUsage of job (MB)
	174896  -  ResidentSetSize of job (KB)
...
006 (263961.000.000) 04/26 04:49:35 Image size of job updated: 320872
	173  -  MemoryUsage of job (MB)
	176148  -  ResidentSetSize of job (KB)
...
006 (263961.000.000) 04/26 04:54:35 Image size of job updated: 324668
	176  -  MemoryUsage of job (MB)
	180088  -  ResidentSetSize of job (KB)
...
006 (263961.000.000) 04/26 04:59:36 Image size of job updated: 328964
	181  -  MemoryUsage of job (MB)
	184356  -  ResidentSetSize of job (KB)
...
006 (263961.000.000) 04/26 05:04:36 Image size of job updated: 334052
	181  -  MemoryUsage of job (MB)
	184356  -  ResidentSetSize of job (KB)
...
006 (263961.000.000) 04/26 05:09:38 Image size of job updated: 338348
	183  -  MemoryUsage of job (MB)
	187356  -  ResidentSetSize of job (KB)
...
006 (263961.000.000) 04/26 05:14:38 Image size of job updated: 342144
	187  -  MemoryUsage of job (MB)
	191156  -  ResidentSetSize of job (KB)
...
006 (263961.000.000) 04/26 05:19:39 Image size of job updated: 345288
	190  -  MemoryUsage of job (MB)
	194276  -  ResidentSetSize of job (KB)
...
006 (263961.000.000) 04/26 05:24:39 Image size of job updated: 347992
	193  -  MemoryUsage of job (MB)
	196980  -  ResidentSetSize of job (KB)
...
006 (263961.000.000) 04/26 05:29:40 Image size of job updated: 351252
	196  -  MemoryUsage of job (MB)
	200080  -  ResidentSetSize of job (KB)
...
006 (263961.000.000) 04/26 05:32:30 Image size of job updated: 352420
	196  -  MemoryUsage of job (MB)
	200080  -  ResidentSetSize of job (KB)
...
005 (263961.000.000) 04/26 05:32:30 Job terminated.
	(1) Normal termination (return value 0)
		Usr 0 01:04:48, Sys 0 00:01:49  -  Run Remote Usage
		Usr 0 00:00:00, Sys 0 00:00:00  -  Run Local Usage
		Usr 0 01:04:48, Sys 0 00:01:49  -  Total Remote Usage
		Usr 0 00:00:00, Sys 0 00:00:00  -  Total Local Usage
	141607  -  Run Bytes Sent By Job
	32753  -  Run Bytes Received By Job
	141607  -  Total Bytes Sent By Job
	32753  -  Total Bytes Received By Job
	Partitionable Resources :    Usage  Request          
	   Cpus                 :                 1          
	   Disk (KB)            :     3354     3354          
	   Memory (MB)          :      196      196          
...
000 (265421.000.000) 04/28 00:03:56 Job submitted from host: <18.12.1.74:45694>
...
001 (265421.000.000) 04/28 00:04:34 Job executing on host: <18.12.8.191:41679>
...
006 (265421.000.000) 04/28 00:04:35 Image size of job updated: 1
	0  -  MemoryUsage of job (MB)
	0  -  ResidentSetSize of job (KB)
...
005 (265421.000.000) 04/28 00:04:35 Job terminated.
	(1) Normal termination (return value 1)
		Usr 0 00:00:00, Sys 0 00:00:00  -  Run Remote Usage
		Usr 0 00:00:00, Sys 0 00:00:00  -  Run Local Usage
		Usr 0 00:00:00, Sys 0 00:00:00  -  Total Remote Usage
		Usr 0 00:00:00, Sys 0 00:00:00  -  Total Local Usage
	1211  -  Run Bytes Sent By Job
	33798  -  Run Bytes Received By Job
	1211  -  Total Bytes Sent By Job
	33798  -  Total Bytes Received By Job
	Partitionable Resources :    Usage  Request          
	   Cpus                 :                 1          
	   Disk (KB)            :       57       57          
	   Memory (MB)          :        0        0          
...
000 (265627.000.000) 04/28 02:01:48 Job submitted from host: <18.12.1.74:45694>
...
001 (265627.000.000) 04/28 02:02:11 Job executing on host: <18.12.8.215:43942>
...
006 (265627.000.000) 04/28 02:02:20 Image size of job updated: 1
	2  -  MemoryUsage of job (MB)
	1720  -  ResidentSetSize of job (KB)
...
006 (265627.000.000) 04/28 02:07:21 Image size of job updated: 247572
	113  -  MemoryUsage of job (MB)
	115096  -  ResidentSetSize of job (KB)
...
006 (265627.000.000) 04/28 02:12:21 Image size of job updated: 315496
	166  -  MemoryUsage of job (MB)
	169244  -  ResidentSetSize of job (KB)
...
006 (265627.000.000) 04/28 02:17:21 Image size of job updated: 320092
	170  -  MemoryUsage of job (MB)
	173876  -  ResidentSetSize of job (KB)
...
006 (265627.000.000) 04/28 02:22:22 Image size of job updated: 326140
	176  -  MemoryUsage of job (MB)
	179960  -  ResidentSetSize of job (KB)
...
006 (265627.000.000) 04/28 02:27:23 Image size of job updated: 332364
	182  -  MemoryUsage of job (MB)
	186192  -  ResidentSetSize of job (KB)
...
006 (265627.000.000) 04/28 02:32:23 Image size of job updated: 338552
	188  -  MemoryUsage of job (MB)
	192376  -  ResidentSetSize of job (KB)
...
006 (265627.000.000) 04/28 02:37:14 Image size of job updated: 344328
	188  -  MemoryUsage of job (MB)
	192376  -  ResidentSetSize of job (KB)
...
005 (265627.000.000) 04/28 02:37:14 Job terminated.
	(1) Normal termination (return value 0)
		Usr 0 00:31:57, Sys 0 00:01:23  -  Run Remote Usage
		Usr 0 00:00:00, Sys 0 00:00:00  -  Run Local Usage
		Usr 0 00:31:57, Sys 0 00:01:23  -  Total Remote Usage
		Usr 0 00:00:00, Sys 0 00:00:00  -  Total Local Usage
	112926  -  Run Bytes Sent By Job
	33812  -  Run Bytes Received By Job
	112926  -  Total Bytes Sent By Job
	33812  -  Total Bytes Received By Job
	Partitionable Resources :    Usage  Request          
	   Cpus                 :                 1          
	   Disk (KB)            :     2260     2260          
	   Memory (MB)          :      188      188          
...
