000 (263948.000.000) 04/26 04:23:07 Job submitted from host: <18.12.1.74:45694>
...
001 (263948.000.000) 04/26 04:24:19 Job executing on host: <18.12.8.107:45183>
...
006 (263948.000.000) 04/26 04:24:28 Image size of job updated: 117496
	28  -  MemoryUsage of job (MB)
	28584  -  ResidentSetSize of job (KB)
...
006 (263948.000.000) 04/26 04:29:30 Image size of job updated: 247528
	113  -  MemoryUsage of job (MB)
	115100  -  ResidentSetSize of job (KB)
...
006 (263948.000.000) 04/26 04:34:30 Image size of job updated: 314516
	167  -  MemoryUsage of job (MB)
	170360  -  ResidentSetSize of job (KB)
...
006 (263948.000.000) 04/26 04:39:32 Image size of job updated: 317856
	171  -  MemoryUsage of job (MB)
	174324  -  ResidentSetSize of job (KB)
...
006 (263948.000.000) 04/26 04:44:32 Image size of job updated: 320108
	173  -  MemoryUsage of job (MB)
	176560  -  ResidentSetSize of job (KB)
...
006 (263948.000.000) 04/26 04:49:34 Image size of job updated: 323688
	176  -  MemoryUsage of job (MB)
	179324  -  ResidentSetSize of job (KB)
...
006 (263948.000.000) 04/26 04:54:34 Image size of job updated: 327740
	178  -  MemoryUsage of job (MB)
	181664  -  ResidentSetSize of job (KB)
...
006 (263948.000.000) 04/26 04:59:35 Image size of job updated: 332352
	178  -  MemoryUsage of job (MB)
	181664  -  ResidentSetSize of job (KB)
...
006 (263948.000.000) 04/26 05:04:35 Image size of job updated: 337748
	178  -  MemoryUsage of job (MB)
	181664  -  ResidentSetSize of job (KB)
...
006 (263948.000.000) 04/26 05:09:36 Image size of job updated: 343096
	183  -  MemoryUsage of job (MB)
	186612  -  ResidentSetSize of job (KB)
...
006 (263948.000.000) 04/26 05:14:36 Image size of job updated: 347388
	187  -  MemoryUsage of job (MB)
	190904  -  ResidentSetSize of job (KB)
...
006 (263948.000.000) 04/26 05:19:36 Image size of job updated: 350480
	190  -  MemoryUsage of job (MB)
	193996  -  ResidentSetSize of job (KB)
...
006 (263948.000.000) 04/26 05:22:35 Image size of job updated: 352400
	190  -  MemoryUsage of job (MB)
	193996  -  ResidentSetSize of job (KB)
...
005 (263948.000.000) 04/26 05:22:35 Job terminated.
	(1) Normal termination (return value 0)
		Usr 0 00:52:44, Sys 0 00:04:04  -  Run Remote Usage
		Usr 0 00:00:00, Sys 0 00:00:00  -  Run Local Usage
		Usr 0 00:52:44, Sys 0 00:04:04  -  Total Remote Usage
		Usr 0 00:00:00, Sys 0 00:00:00  -  Total Local Usage
	140989  -  Run Bytes Sent By Job
	32753  -  Run Bytes Received By Job
	140989  -  Total Bytes Sent By Job
	32753  -  Total Bytes Received By Job
	Partitionable Resources :    Usage  Request          
	   Cpus                 :                 1          
	   Disk (KB)            :     3298     3298          
	   Memory (MB)          :      190      190          
...
000 (265408.000.000) 04/28 00:03:54 Job submitted from host: <18.12.1.74:45694>
...
001 (265408.000.000) 04/28 00:04:34 Job executing on host: <18.12.8.252:48760>
...
006 (265408.000.000) 04/28 00:04:34 Image size of job updated: 1
	0  -  MemoryUsage of job (MB)
	0  -  ResidentSetSize of job (KB)
...
005 (265408.000.000) 04/28 00:04:34 Job terminated.
	(1) Normal termination (return value 1)
		Usr 0 00:00:00, Sys 0 00:00:00  -  Run Remote Usage
		Usr 0 00:00:00, Sys 0 00:00:00  -  Run Local Usage
		Usr 0 00:00:00, Sys 0 00:00:00  -  Total Remote Usage
		Usr 0 00:00:00, Sys 0 00:00:00  -  Total Local Usage
	1209  -  Run Bytes Sent By Job
	33798  -  Run Bytes Received By Job
	1209  -  Total Bytes Sent By Job
	33798  -  Total Bytes Received By Job
	Partitionable Resources :    Usage  Request          
	   Cpus                 :                 1          
	   Disk (KB)            :       57       57          
	   Memory (MB)          :        0        0          
...
000 (265614.000.000) 04/28 02:01:46 Job submitted from host: <18.12.1.74:45694>
...
001 (265614.000.000) 04/28 02:02:11 Job executing on host: <18.12.8.204:43504>
...
006 (265614.000.000) 04/28 02:02:19 Image size of job updated: 200524
	36  -  MemoryUsage of job (MB)
	36496  -  ResidentSetSize of job (KB)
...
006 (265614.000.000) 04/28 02:07:19 Image size of job updated: 211388
	109  -  MemoryUsage of job (MB)
	110680  -  ResidentSetSize of job (KB)
...
006 (265614.000.000) 04/28 02:12:20 Image size of job updated: 248412
	110  -  MemoryUsage of job (MB)
	112328  -  ResidentSetSize of job (KB)
...
006 (265614.000.000) 04/28 02:17:20 Image size of job updated: 315784
	162  -  MemoryUsage of job (MB)
	165620  -  ResidentSetSize of job (KB)
...
006 (265614.000.000) 04/28 02:22:21 Image size of job updated: 320092
	166  -  MemoryUsage of job (MB)
	169348  -  ResidentSetSize of job (KB)
...
006 (265614.000.000) 04/28 02:27:21 Image size of job updated: 325612
	171  -  MemoryUsage of job (MB)
	175088  -  ResidentSetSize of job (KB)
...
006 (265614.000.000) 04/28 02:32:22 Image size of job updated: 331592
	177  -  MemoryUsage of job (MB)
	180916  -  ResidentSetSize of job (KB)
...
006 (265614.000.000) 04/28 02:37:22 Image size of job updated: 337784
	183  -  MemoryUsage of job (MB)
	187100  -  ResidentSetSize of job (KB)
...
006 (265614.000.000) 04/28 02:42:22 Image size of job updated: 344340
	190  -  MemoryUsage of job (MB)
	193656  -  ResidentSetSize of job (KB)
...
005 (265614.000.000) 04/28 02:42:42 Job terminated.
	(1) Normal termination (return value 0)
		Usr 0 00:32:47, Sys 0 00:01:45  -  Run Remote Usage
		Usr 0 00:00:00, Sys 0 00:00:00  -  Run Local Usage
		Usr 0 00:32:47, Sys 0 00:01:45  -  Total Remote Usage
		Usr 0 00:00:00, Sys 0 00:00:00  -  Total Local Usage
	112932  -  Run Bytes Sent By Job
	33812  -  Run Bytes Received By Job
	112932  -  Total Bytes Sent By Job
	33812  -  Total Bytes Received By Job
	Partitionable Resources :    Usage  Request          
	   Cpus                 :                 1          
	   Disk (KB)            :     2746     2746          
	   Memory (MB)          :      190      190          
...
