000 (263934.000.000) 04/26 04:23:05 Job submitted from host: <18.12.1.74:45694>
...
001 (263934.000.000) 04/26 04:24:18 Job executing on host: <18.12.8.141:49782>
...
006 (263934.000.000) 04/26 04:24:26 Image size of job updated: 200692
	47  -  MemoryUsage of job (MB)
	47916  -  ResidentSetSize of job (KB)
...
006 (263934.000.000) 04/26 04:29:26 Image size of job updated: 247524
	113  -  MemoryUsage of job (MB)
	115096  -  ResidentSetSize of job (KB)
...
006 (263934.000.000) 04/26 04:34:27 Image size of job updated: 248772
	114  -  MemoryUsage of job (MB)
	116500  -  ResidentSetSize of job (KB)
...
006 (263934.000.000) 04/26 04:39:27 Image size of job updated: 317736
	170  -  MemoryUsage of job (MB)
	173640  -  ResidentSetSize of job (KB)
...
006 (263934.000.000) 04/26 04:44:28 Image size of job updated: 319788
	170  -  MemoryUsage of job (MB)
	173640  -  ResidentSetSize of job (KB)
...
006 (263934.000.000) 04/26 04:49:28 Image size of job updated: 324024
	170  -  MemoryUsage of job (MB)
	173640  -  ResidentSetSize of job (KB)
...
006 (263934.000.000) 04/26 04:54:29 Image size of job updated: 328264
	171  -  MemoryUsage of job (MB)
	174344  -  ResidentSetSize of job (KB)
...
006 (263934.000.000) 04/26 04:59:29 Image size of job updated: 334544
	177  -  MemoryUsage of job (MB)
	180528  -  ResidentSetSize of job (KB)
...
006 (263934.000.000) 04/26 05:04:31 Image size of job updated: 340720
	183  -  MemoryUsage of job (MB)
	186704  -  ResidentSetSize of job (KB)
...
006 (263934.000.000) 04/26 05:09:31 Image size of job updated: 345736
	188  -  MemoryUsage of job (MB)
	191720  -  ResidentSetSize of job (KB)
...
006 (263934.000.000) 04/26 05:14:33 Image size of job updated: 349576
	191  -  MemoryUsage of job (MB)
	195564  -  ResidentSetSize of job (KB)
...
006 (263934.000.000) 04/26 05:18:44 Image size of job updated: 352280
	191  -  MemoryUsage of job (MB)
	195564  -  ResidentSetSize of job (KB)
...
005 (263934.000.000) 04/26 05:18:44 Job terminated.
	(1) Normal termination (return value 0)
		Usr 0 00:49:50, Sys 0 00:02:59  -  Run Remote Usage
		Usr 0 00:00:00, Sys 0 00:00:00  -  Run Local Usage
		Usr 0 00:49:50, Sys 0 00:02:59  -  Total Remote Usage
		Usr 0 00:00:00, Sys 0 00:00:00  -  Total Local Usage
	140997  -  Run Bytes Sent By Job
	32753  -  Run Bytes Received By Job
	140997  -  Total Bytes Sent By Job
	32753  -  Total Bytes Received By Job
	Partitionable Resources :    Usage  Request          
	   Cpus                 :                 1          
	   Disk (KB)            :     3236     3236          
	   Memory (MB)          :      191      191          
...
000 (265394.000.000) 04/28 00:03:53 Job submitted from host: <18.12.1.74:45694>
...
001 (265394.000.000) 04/28 00:04:57 Job executing on host: <18.12.8.1:42263>
...
006 (265394.000.000) 04/28 00:04:58 Image size of job updated: 1
	0  -  MemoryUsage of job (MB)
	0  -  ResidentSetSize of job (KB)
...
005 (265394.000.000) 04/28 00:04:58 Job terminated.
	(1) Normal termination (return value 1)
		Usr 0 00:00:00, Sys 0 00:00:00  -  Run Remote Usage
		Usr 0 00:00:00, Sys 0 00:00:00  -  Run Local Usage
		Usr 0 00:00:00, Sys 0 00:00:00  -  Total Remote Usage
		Usr 0 00:00:00, Sys 0 00:00:00  -  Total Local Usage
	1211  -  Run Bytes Sent By Job
	33798  -  Run Bytes Received By Job
	1211  -  Total Bytes Sent By Job
	33798  -  Total Bytes Received By Job
	Partitionable Resources :    Usage  Request          
	   Cpus                 :                 1          
	   Disk (KB)            :       57       57          
	   Memory (MB)          :        0        0          
...
000 (265600.000.000) 04/28 02:01:45 Job submitted from host: <18.12.1.74:45694>
...
001 (265600.000.000) 04/28 02:02:10 Job executing on host: <18.12.8.211:44088>
...
006 (265600.000.000) 04/28 02:02:19 Image size of job updated: 211388
	105  -  MemoryUsage of job (MB)
	106928  -  ResidentSetSize of job (KB)
...
006 (265600.000.000) 04/28 02:07:21 Image size of job updated: 247576
	113  -  MemoryUsage of job (MB)
	115120  -  ResidentSetSize of job (KB)
...
006 (265600.000.000) 04/28 02:12:21 Image size of job updated: 314096
	165  -  MemoryUsage of job (MB)
	168056  -  ResidentSetSize of job (KB)
...
006 (265600.000.000) 04/28 02:17:23 Image size of job updated: 319000
	169  -  MemoryUsage of job (MB)
	172740  -  ResidentSetSize of job (KB)
...
006 (265600.000.000) 04/28 02:22:23 Image size of job updated: 324740
	175  -  MemoryUsage of job (MB)
	178780  -  ResidentSetSize of job (KB)
...
006 (265600.000.000) 04/28 02:27:24 Image size of job updated: 331352
	182  -  MemoryUsage of job (MB)
	185396  -  ResidentSetSize of job (KB)
...
006 (265600.000.000) 04/28 02:32:24 Image size of job updated: 338040
	188  -  MemoryUsage of job (MB)
	191980  -  ResidentSetSize of job (KB)
...
006 (265600.000.000) 04/28 02:37:00 Image size of job updated: 344196
	188  -  MemoryUsage of job (MB)
	191980  -  ResidentSetSize of job (KB)
...
005 (265600.000.000) 04/28 02:37:00 Job terminated.
	(1) Normal termination (return value 0)
		Usr 0 00:30:33, Sys 0 00:01:17  -  Run Remote Usage
		Usr 0 00:00:00, Sys 0 00:00:00  -  Run Local Usage
		Usr 0 00:30:33, Sys 0 00:01:17  -  Total Remote Usage
		Usr 0 00:00:00, Sys 0 00:00:00  -  Total Local Usage
	112925  -  Run Bytes Sent By Job
	33812  -  Run Bytes Received By Job
	112925  -  Total Bytes Sent By Job
	33812  -  Total Bytes Received By Job
	Partitionable Resources :    Usage  Request          
	   Cpus                 :                 1          
	   Disk (KB)            :     2264     2264          
	   Memory (MB)          :      188      188          
...
