000 (263936.000.000) 04/26 04:23:06 Job submitted from host: <18.12.1.74:45694>
...
001 (263936.000.000) 04/26 04:24:18 Job executing on host: <18.12.8.207:42117>
...
006 (263936.000.000) 04/26 04:24:27 Image size of job updated: 89564
	11  -  MemoryUsage of job (MB)
	11044  -  ResidentSetSize of job (KB)
...
006 (263936.000.000) 04/26 04:29:29 Image size of job updated: 247528
	115  -  MemoryUsage of job (MB)
	117000  -  ResidentSetSize of job (KB)
...
006 (263936.000.000) 04/26 04:34:29 Image size of job updated: 248772
	116  -  MemoryUsage of job (MB)
	118400  -  ResidentSetSize of job (KB)
...
006 (263936.000.000) 04/26 04:39:30 Image size of job updated: 316584
	171  -  MemoryUsage of job (MB)
	174820  -  ResidentSetSize of job (KB)
...
006 (263936.000.000) 04/26 04:44:30 Image size of job updated: 319372
	174  -  MemoryUsage of job (MB)
	177504  -  ResidentSetSize of job (KB)
...
006 (263936.000.000) 04/26 04:49:31 Image size of job updated: 322600
	177  -  MemoryUsage of job (MB)
	180996  -  ResidentSetSize of job (KB)
...
006 (263936.000.000) 04/26 04:54:31 Image size of job updated: 327612
	182  -  MemoryUsage of job (MB)
	186036  -  ResidentSetSize of job (KB)
...
006 (263936.000.000) 04/26 04:59:32 Image size of job updated: 333012
	187  -  MemoryUsage of job (MB)
	190656  -  ResidentSetSize of job (KB)
...
006 (263936.000.000) 04/26 05:04:33 Image size of job updated: 338428
	192  -  MemoryUsage of job (MB)
	196012  -  ResidentSetSize of job (KB)
...
006 (263936.000.000) 04/26 05:09:33 Image size of job updated: 343372
	197  -  MemoryUsage of job (MB)
	200960  -  ResidentSetSize of job (KB)
...
006 (263936.000.000) 04/26 05:14:35 Image size of job updated: 347280
	197  -  MemoryUsage of job (MB)
	201372  -  ResidentSetSize of job (KB)
...
006 (263936.000.000) 04/26 05:19:35 Image size of job updated: 351516
	200  -  MemoryUsage of job (MB)
	203800  -  ResidentSetSize of job (KB)
...
006 (263936.000.000) 04/26 05:20:54 Image size of job updated: 352288
	200  -  MemoryUsage of job (MB)
	203800  -  ResidentSetSize of job (KB)
...
005 (263936.000.000) 04/26 05:20:54 Job terminated.
	(1) Normal termination (return value 0)
		Usr 0 00:52:51, Sys 0 00:01:44  -  Run Remote Usage
		Usr 0 00:00:00, Sys 0 00:00:00  -  Run Local Usage
		Usr 0 00:52:51, Sys 0 00:01:44  -  Total Remote Usage
		Usr 0 00:00:00, Sys 0 00:00:00  -  Total Local Usage
	141150  -  Run Bytes Sent By Job
	32753  -  Run Bytes Received By Job
	141150  -  Total Bytes Sent By Job
	32753  -  Total Bytes Received By Job
	Partitionable Resources :    Usage  Request          
	   Cpus                 :                 1          
	   Disk (KB)            :     3401     3401          
	   Memory (MB)          :      200      200          
...
000 (265396.000.000) 04/28 00:03:53 Job submitted from host: <18.12.1.74:45694>
...
001 (265396.000.000) 04/28 00:04:33 Job executing on host: <18.12.8.4:48906>
...
006 (265396.000.000) 04/28 00:04:34 Image size of job updated: 1
	0  -  MemoryUsage of job (MB)
	0  -  ResidentSetSize of job (KB)
...
005 (265396.000.000) 04/28 00:04:34 Job terminated.
	(1) Normal termination (return value 1)
		Usr 0 00:00:00, Sys 0 00:00:00  -  Run Remote Usage
		Usr 0 00:00:00, Sys 0 00:00:00  -  Run Local Usage
		Usr 0 00:00:00, Sys 0 00:00:00  -  Total Remote Usage
		Usr 0 00:00:00, Sys 0 00:00:00  -  Total Local Usage
	1211  -  Run Bytes Sent By Job
	33798  -  Run Bytes Received By Job
	1211  -  Total Bytes Sent By Job
	33798  -  Total Bytes Received By Job
	Partitionable Resources :    Usage  Request          
	   Cpus                 :                 1          
	   Disk (KB)            :       57       57          
	   Memory (MB)          :        0        0          
...
000 (265602.000.000) 04/28 02:01:45 Job submitted from host: <18.12.1.74:45694>
...
001 (265602.000.000) 04/28 02:02:10 Job executing on host: <18.12.8.220:48176>
...
006 (265602.000.000) 04/28 02:02:19 Image size of job updated: 66460
	9  -  MemoryUsage of job (MB)
	8656  -  ResidentSetSize of job (KB)
...
006 (265602.000.000) 04/28 02:07:21 Image size of job updated: 247108
	113  -  MemoryUsage of job (MB)
	115184  -  ResidentSetSize of job (KB)
...
006 (265602.000.000) 04/28 02:12:21 Image size of job updated: 313984
	167  -  MemoryUsage of job (MB)
	170532  -  ResidentSetSize of job (KB)
...
006 (265602.000.000) 04/28 02:17:21 Image size of job updated: 318736
	171  -  MemoryUsage of job (MB)
	175024  -  ResidentSetSize of job (KB)
...
006 (265602.000.000) 04/28 02:22:22 Image size of job updated: 324128
	177  -  MemoryUsage of job (MB)
	180700  -  ResidentSetSize of job (KB)
...
006 (265602.000.000) 04/28 02:27:22 Image size of job updated: 330708
	183  -  MemoryUsage of job (MB)
	187292  -  ResidentSetSize of job (KB)
...
006 (265602.000.000) 04/28 02:32:24 Image size of job updated: 337272
	190  -  MemoryUsage of job (MB)
	193872  -  ResidentSetSize of job (KB)
...
006 (265602.000.000) 04/28 02:37:24 Image size of job updated: 343828
	196  -  MemoryUsage of job (MB)
	200428  -  ResidentSetSize of job (KB)
...
006 (265602.000.000) 04/28 02:37:37 Image size of job updated: 344204
	196  -  MemoryUsage of job (MB)
	200428  -  ResidentSetSize of job (KB)
...
005 (265602.000.000) 04/28 02:37:37 Job terminated.
	(1) Normal termination (return value 0)
		Usr 0 00:30:51, Sys 0 00:01:16  -  Run Remote Usage
		Usr 0 00:00:00, Sys 0 00:00:00  -  Run Local Usage
		Usr 0 00:30:51, Sys 0 00:01:16  -  Total Remote Usage
		Usr 0 00:00:00, Sys 0 00:00:00  -  Total Local Usage
	112942  -  Run Bytes Sent By Job
	33812  -  Run Bytes Received By Job
	112942  -  Total Bytes Sent By Job
	33812  -  Total Bytes Received By Job
	Partitionable Resources :    Usage  Request          
	   Cpus                 :                 1          
	   Disk (KB)            :     2752     2752          
	   Memory (MB)          :      196      196          
...
