000 (263953.000.000) 04/26 04:23:07 Job submitted from host: <18.12.1.74:45694>
...
001 (263953.000.000) 04/26 04:24:20 Job executing on host: <18.12.8.218:42263>
...
006 (263953.000.000) 04/26 04:24:28 Image size of job updated: 69568
	14  -  MemoryUsage of job (MB)
	13712  -  ResidentSetSize of job (KB)
...
006 (263953.000.000) 04/26 04:29:29 Image size of job updated: 247520
	113  -  MemoryUsage of job (MB)
	115104  -  ResidentSetSize of job (KB)
...
006 (263953.000.000) 04/26 04:34:28 Image size of job updated: 248764
	114  -  MemoryUsage of job (MB)
	116476  -  ResidentSetSize of job (KB)
...
006 (263953.000.000) 04/26 04:39:29 Image size of job updated: 316488
	169  -  MemoryUsage of job (MB)
	172324  -  ResidentSetSize of job (KB)
...
006 (263953.000.000) 04/26 04:44:29 Image size of job updated: 319284
	169  -  MemoryUsage of job (MB)
	172324  -  ResidentSetSize of job (KB)
...
006 (263953.000.000) 04/26 04:49:29 Image size of job updated: 323512
	169  -  MemoryUsage of job (MB)
	172324  -  ResidentSetSize of job (KB)
...
006 (263953.000.000) 04/26 04:54:30 Image size of job updated: 328068
	169  -  MemoryUsage of job (MB)
	172324  -  ResidentSetSize of job (KB)
...
006 (263953.000.000) 04/26 04:59:30 Image size of job updated: 334036
	174  -  MemoryUsage of job (MB)
	177720  -  ResidentSetSize of job (KB)
...
006 (263953.000.000) 04/26 05:04:31 Image size of job updated: 339764
	180  -  MemoryUsage of job (MB)
	183492  -  ResidentSetSize of job (KB)
...
006 (263953.000.000) 04/26 05:09:31 Image size of job updated: 344904
	185  -  MemoryUsage of job (MB)
	188540  -  ResidentSetSize of job (KB)
...
006 (263953.000.000) 04/26 05:14:32 Image size of job updated: 348764
	188  -  MemoryUsage of job (MB)
	192228  -  ResidentSetSize of job (KB)
...
006 (263953.000.000) 04/26 05:19:20 Image size of job updated: 352276
	188  -  MemoryUsage of job (MB)
	192228  -  ResidentSetSize of job (KB)
...
005 (263953.000.000) 04/26 05:19:20 Job terminated.
	(1) Normal termination (return value 0)
		Usr 0 00:51:09, Sys 0 00:02:12  -  Run Remote Usage
		Usr 0 00:00:00, Sys 0 00:00:00  -  Run Local Usage
		Usr 0 00:51:09, Sys 0 00:02:12  -  Total Remote Usage
		Usr 0 00:00:00, Sys 0 00:00:00  -  Total Local Usage
	140926  -  Run Bytes Sent By Job
	32753  -  Run Bytes Received By Job
	140926  -  Total Bytes Sent By Job
	32753  -  Total Bytes Received By Job
	Partitionable Resources :    Usage  Request          
	   Cpus                 :                 1          
	   Disk (KB)            :     3159     3159          
	   Memory (MB)          :      188      188          
...
000 (265413.000.000) 04/28 00:03:55 Job submitted from host: <18.12.1.74:45694>
...
001 (265413.000.000) 04/28 00:04:34 Job executing on host: <18.12.8.11:46570>
...
006 (265413.000.000) 04/28 00:04:34 Image size of job updated: 1
	0  -  MemoryUsage of job (MB)
	0  -  ResidentSetSize of job (KB)
...
005 (265413.000.000) 04/28 00:04:34 Job terminated.
	(1) Normal termination (return value 1)
		Usr 0 00:00:00, Sys 0 00:00:00  -  Run Remote Usage
		Usr 0 00:00:00, Sys 0 00:00:00  -  Run Local Usage
		Usr 0 00:00:00, Sys 0 00:00:00  -  Total Remote Usage
		Usr 0 00:00:00, Sys 0 00:00:00  -  Total Local Usage
	1211  -  Run Bytes Sent By Job
	33798  -  Run Bytes Received By Job
	1211  -  Total Bytes Sent By Job
	33798  -  Total Bytes Received By Job
	Partitionable Resources :    Usage  Request          
	   Cpus                 :                 1          
	   Disk (KB)            :       57       57          
	   Memory (MB)          :        0        0          
...
000 (265619.000.000) 04/28 02:01:47 Job submitted from host: <18.12.1.74:45694>
...
001 (265619.000.000) 04/28 02:02:11 Job executing on host: <18.12.8.214:41533>
...
006 (265619.000.000) 04/28 02:02:19 Image size of job updated: 211384
	105  -  MemoryUsage of job (MB)
	106904  -  ResidentSetSize of job (KB)
...
006 (265619.000.000) 04/28 02:07:19 Image size of job updated: 247992
	113  -  MemoryUsage of job (MB)
	115516  -  ResidentSetSize of job (KB)
...
006 (265619.000.000) 04/28 02:12:19 Image size of job updated: 315452
	166  -  MemoryUsage of job (MB)
	169224  -  ResidentSetSize of job (KB)
...
006 (265619.000.000) 04/28 02:17:20 Image size of job updated: 320040
	170  -  MemoryUsage of job (MB)
	173848  -  ResidentSetSize of job (KB)
...
006 (265619.000.000) 04/28 02:22:21 Image size of job updated: 325828
	176  -  MemoryUsage of job (MB)
	179912  -  ResidentSetSize of job (KB)
...
006 (265619.000.000) 04/28 02:27:21 Image size of job updated: 332116
	182  -  MemoryUsage of job (MB)
	186112  -  ResidentSetSize of job (KB)
...
006 (265619.000.000) 04/28 02:32:23 Image size of job updated: 338240
	188  -  MemoryUsage of job (MB)
	192236  -  ResidentSetSize of job (KB)
...
006 (265619.000.000) 04/28 02:36:47 Image size of job updated: 344144
	188  -  MemoryUsage of job (MB)
	192236  -  ResidentSetSize of job (KB)
...
005 (265619.000.000) 04/28 02:36:47 Job terminated.
	(1) Normal termination (return value 0)
		Usr 0 00:31:31, Sys 0 00:01:20  -  Run Remote Usage
		Usr 0 00:00:00, Sys 0 00:00:00  -  Run Local Usage
		Usr 0 00:31:31, Sys 0 00:01:20  -  Total Remote Usage
		Usr 0 00:00:00, Sys 0 00:00:00  -  Total Local Usage
	112920  -  Run Bytes Sent By Job
	33812  -  Run Bytes Received By Job
	112920  -  Total Bytes Sent By Job
	33812  -  Total Bytes Received By Job
	Partitionable Resources :    Usage  Request          
	   Cpus                 :                 1          
	   Disk (KB)            :     2293     2293          
	   Memory (MB)          :      188      188          
...
