000 (263937.000.000) 04/26 04:23:06 Job submitted from host: <18.12.1.74:45694>
...
001 (263937.000.000) 04/26 04:24:18 Job executing on host: <18.12.8.144:42701>
...
006 (263937.000.000) 04/26 04:24:27 Image size of job updated: 1
	2  -  MemoryUsage of job (MB)
	1708  -  ResidentSetSize of job (KB)
...
006 (263937.000.000) 04/26 04:29:29 Image size of job updated: 247528
	113  -  MemoryUsage of job (MB)
	115092  -  ResidentSetSize of job (KB)
...
006 (263937.000.000) 04/26 04:34:29 Image size of job updated: 314480
	165  -  MemoryUsage of job (MB)
	168704  -  ResidentSetSize of job (KB)
...
006 (263937.000.000) 04/26 04:39:30 Image size of job updated: 317900
	171  -  MemoryUsage of job (MB)
	174320  -  ResidentSetSize of job (KB)
...
006 (263937.000.000) 04/26 04:44:30 Image size of job updated: 319752
	173  -  MemoryUsage of job (MB)
	176208  -  ResidentSetSize of job (KB)
...
006 (263937.000.000) 04/26 04:49:31 Image size of job updated: 323600
	174  -  MemoryUsage of job (MB)
	177220  -  ResidentSetSize of job (KB)
...
006 (263937.000.000) 04/26 04:54:31 Image size of job updated: 327804
	174  -  MemoryUsage of job (MB)
	177220  -  ResidentSetSize of job (KB)
...
006 (263937.000.000) 04/26 04:59:32 Image size of job updated: 333264
	174  -  MemoryUsage of job (MB)
	177512  -  ResidentSetSize of job (KB)
...
006 (263937.000.000) 04/26 05:04:32 Image size of job updated: 338616
	179  -  MemoryUsage of job (MB)
	182748  -  ResidentSetSize of job (KB)
...
006 (263937.000.000) 04/26 05:09:33 Image size of job updated: 344088
	184  -  MemoryUsage of job (MB)
	188188  -  ResidentSetSize of job (KB)
...
006 (263937.000.000) 04/26 05:14:33 Image size of job updated: 347980
	188  -  MemoryUsage of job (MB)
	192080  -  ResidentSetSize of job (KB)
...
006 (263937.000.000) 04/26 05:19:33 Image size of job updated: 352212
	192  -  MemoryUsage of job (MB)
	196308  -  ResidentSetSize of job (KB)
...
005 (263937.000.000) 04/26 05:19:52 Job terminated.
	(1) Normal termination (return value 0)
		Usr 0 00:50:03, Sys 0 00:04:02  -  Run Remote Usage
		Usr 0 00:00:00, Sys 0 00:00:00  -  Run Local Usage
		Usr 0 00:50:03, Sys 0 00:04:02  -  Total Remote Usage
		Usr 0 00:00:00, Sys 0 00:00:00  -  Total Local Usage
	142692  -  Run Bytes Sent By Job
	32753  -  Run Bytes Received By Job
	142692  -  Total Bytes Sent By Job
	32753  -  Total Bytes Received By Job
	Partitionable Resources :    Usage  Request          
	   Cpus                 :                 1          
	   Disk (KB)            :     3475     3475          
	   Memory (MB)          :      192      192          
...
000 (265397.000.000) 04/28 00:03:53 Job submitted from host: <18.12.1.74:45694>
...
001 (265397.000.000) 04/28 00:04:33 Job executing on host: <18.12.9.4:47811>
...
006 (265397.000.000) 04/28 00:04:34 Image size of job updated: 1
	0  -  MemoryUsage of job (MB)
	0  -  ResidentSetSize of job (KB)
...
005 (265397.000.000) 04/28 00:04:34 Job terminated.
	(1) Normal termination (return value 1)
		Usr 0 00:00:00, Sys 0 00:00:00  -  Run Remote Usage
		Usr 0 00:00:00, Sys 0 00:00:00  -  Run Local Usage
		Usr 0 00:00:00, Sys 0 00:00:00  -  Total Remote Usage
		Usr 0 00:00:00, Sys 0 00:00:00  -  Total Local Usage
	1210  -  Run Bytes Sent By Job
	33798  -  Run Bytes Received By Job
	1210  -  Total Bytes Sent By Job
	33798  -  Total Bytes Received By Job
	Partitionable Resources :    Usage  Request          
	   Cpus                 :                 1          
	   Disk (KB)            :       57       57          
	   Memory (MB)          :        0        0          
...
000 (265603.000.000) 04/28 02:01:45 Job submitted from host: <18.12.1.74:45694>
...
001 (265603.000.000) 04/28 02:02:10 Job executing on host: <18.12.12.5:47811>
...
006 (265603.000.000) 04/28 02:02:19 Image size of job updated: 211388
	107  -  MemoryUsage of job (MB)
	109236  -  ResidentSetSize of job (KB)
...
006 (265603.000.000) 04/28 02:07:21 Image size of job updated: 247580
	117  -  MemoryUsage of job (MB)
	119484  -  ResidentSetSize of job (KB)
...
006 (265603.000.000) 04/28 02:12:21 Image size of job updated: 315552
	170  -  MemoryUsage of job (MB)
	173652  -  ResidentSetSize of job (KB)
...
006 (265603.000.000) 04/28 02:17:23 Image size of job updated: 318968
	173  -  MemoryUsage of job (MB)
	177104  -  ResidentSetSize of job (KB)
...
006 (265603.000.000) 04/28 02:22:23 Image size of job updated: 324312
	179  -  MemoryUsage of job (MB)
	182736  -  ResidentSetSize of job (KB)
...
006 (265603.000.000) 04/28 02:27:24 Image size of job updated: 330196
	185  -  MemoryUsage of job (MB)
	188608  -  ResidentSetSize of job (KB)
...
006 (265603.000.000) 04/28 02:32:24 Image size of job updated: 335980
	190  -  MemoryUsage of job (MB)
	194392  -  ResidentSetSize of job (KB)
...
006 (265603.000.000) 04/28 02:37:24 Image size of job updated: 342216
	196  -  MemoryUsage of job (MB)
	200576  -  ResidentSetSize of job (KB)
...
006 (265603.000.000) 04/28 02:39:06 Image size of job updated: 344148
	196  -  MemoryUsage of job (MB)
	200576  -  ResidentSetSize of job (KB)
...
005 (265603.000.000) 04/28 02:39:06 Job terminated.
	(1) Normal termination (return value 0)
		Usr 0 00:33:59, Sys 0 00:01:20  -  Run Remote Usage
		Usr 0 00:00:00, Sys 0 00:00:00  -  Run Local Usage
		Usr 0 00:33:59, Sys 0 00:01:20  -  Total Remote Usage
		Usr 0 00:00:00, Sys 0 00:00:00  -  Total Local Usage
	112922  -  Run Bytes Sent By Job
	33812  -  Run Bytes Received By Job
	112922  -  Total Bytes Sent By Job
	33812  -  Total Bytes Received By Job
	Partitionable Resources :    Usage  Request          
	   Cpus                 :                 1          
	   Disk (KB)            :     2586     2586          
	   Memory (MB)          :      196      196          
...
