000 (263926.000.000) 04/26 04:23:04 Job submitted from host: <18.12.1.74:45694>
...
001 (263926.000.000) 04/26 04:24:17 Job executing on host: <18.12.8.241:42117>
...
006 (263926.000.000) 04/26 04:24:26 Image size of job updated: 200692
	35  -  MemoryUsage of job (MB)
	35136  -  ResidentSetSize of job (KB)
...
006 (263926.000.000) 04/26 04:29:27 Image size of job updated: 247528
	113  -  MemoryUsage of job (MB)
	115112  -  ResidentSetSize of job (KB)
...
006 (263926.000.000) 04/26 04:34:27 Image size of job updated: 248780
	114  -  MemoryUsage of job (MB)
	116520  -  ResidentSetSize of job (KB)
...
006 (263926.000.000) 04/26 04:39:29 Image size of job updated: 316512
	170  -  MemoryUsage of job (MB)
	173960  -  ResidentSetSize of job (KB)
...
006 (263926.000.000) 04/26 04:44:29 Image size of job updated: 319176
	173  -  MemoryUsage of job (MB)
	176624  -  ResidentSetSize of job (KB)
...
006 (263926.000.000) 04/26 04:49:31 Image size of job updated: 322792
	177  -  MemoryUsage of job (MB)
	180524  -  ResidentSetSize of job (KB)
...
006 (263926.000.000) 04/26 04:54:31 Image size of job updated: 326328
	177  -  MemoryUsage of job (MB)
	180704  -  ResidentSetSize of job (KB)
...
006 (263926.000.000) 04/26 04:59:32 Image size of job updated: 330968
	181  -  MemoryUsage of job (MB)
	184972  -  ResidentSetSize of job (KB)
...
006 (263926.000.000) 04/26 05:04:32 Image size of job updated: 336360
	186  -  MemoryUsage of job (MB)
	190356  -  ResidentSetSize of job (KB)
...
006 (263926.000.000) 04/26 05:09:33 Image size of job updated: 340588
	191  -  MemoryUsage of job (MB)
	194572  -  ResidentSetSize of job (KB)
...
006 (263926.000.000) 04/26 05:14:33 Image size of job updated: 344824
	191  -  MemoryUsage of job (MB)
	194572  -  ResidentSetSize of job (KB)
...
006 (263926.000.000) 04/26 05:19:35 Image size of job updated: 348308
	191  -  MemoryUsage of job (MB)
	194572  -  ResidentSetSize of job (KB)
...
006 (263926.000.000) 04/26 05:24:35 Image size of job updated: 351396
	193  -  MemoryUsage of job (MB)
	197576  -  ResidentSetSize of job (KB)
...
006 (263926.000.000) 04/26 05:25:54 Image size of job updated: 352124
	193  -  MemoryUsage of job (MB)
	197576  -  ResidentSetSize of job (KB)
...
005 (263926.000.000) 04/26 05:25:54 Job terminated.
	(1) Normal termination (return value 0)
		Usr 0 00:57:43, Sys 0 00:01:49  -  Run Remote Usage
		Usr 0 00:00:00, Sys 0 00:00:00  -  Run Local Usage
		Usr 0 00:57:43, Sys 0 00:01:49  -  Total Remote Usage
		Usr 0 00:00:00, Sys 0 00:00:00  -  Total Local Usage
	143195  -  Run Bytes Sent By Job
	32753  -  Run Bytes Received By Job
	143195  -  Total Bytes Sent By Job
	32753  -  Total Bytes Received By Job
	Partitionable Resources :    Usage  Request          
	   Cpus                 :                 1          
	   Disk (KB)            :     3388     3388          
	   Memory (MB)          :      193      193          
...
000 (265386.000.000) 04/28 00:03:52 Job submitted from host: <18.12.1.74:45694>
...
001 (265386.000.000) 04/28 00:04:33 Job executing on host: <18.12.8.192:43504>
...
006 (265386.000.000) 04/28 00:04:33 Image size of job updated: 1
	0  -  MemoryUsage of job (MB)
	0  -  ResidentSetSize of job (KB)
...
005 (265386.000.000) 04/28 00:04:33 Job terminated.
	(1) Normal termination (return value 1)
		Usr 0 00:00:00, Sys 0 00:00:00  -  Run Remote Usage
		Usr 0 00:00:00, Sys 0 00:00:00  -  Run Local Usage
		Usr 0 00:00:00, Sys 0 00:00:00  -  Total Remote Usage
		Usr 0 00:00:00, Sys 0 00:00:00  -  Total Local Usage
	1211  -  Run Bytes Sent By Job
	33798  -  Run Bytes Received By Job
	1211  -  Total Bytes Sent By Job
	33798  -  Total Bytes Received By Job
	Partitionable Resources :    Usage  Request          
	   Cpus                 :                 1          
	   Disk (KB)            :       57       57          
	   Memory (MB)          :        0        0          
...
000 (265592.000.000) 04/28 02:01:44 Job submitted from host: <18.12.1.74:45694>
...
001 (265592.000.000) 04/28 02:02:09 Job executing on host: <18.12.9.13:42190>
...
006 (265592.000.000) 04/28 02:02:18 Image size of job updated: 200532
	43  -  MemoryUsage of job (MB)
	43728  -  ResidentSetSize of job (KB)
...
006 (265592.000.000) 04/28 02:07:19 Image size of job updated: 247992
	113  -  MemoryUsage of job (MB)
	115524  -  ResidentSetSize of job (KB)
...
006 (265592.000.000) 04/28 02:12:21 Image size of job updated: 315768
	166  -  MemoryUsage of job (MB)
	169580  -  ResidentSetSize of job (KB)
...
006 (265592.000.000) 04/28 02:17:21 Image size of job updated: 320388
	171  -  MemoryUsage of job (MB)
	174196  -  ResidentSetSize of job (KB)
...
006 (265592.000.000) 04/28 02:22:23 Image size of job updated: 326328
	177  -  MemoryUsage of job (MB)
	180348  -  ResidentSetSize of job (KB)
...
006 (265592.000.000) 04/28 02:27:23 Image size of job updated: 332504
	183  -  MemoryUsage of job (MB)
	186524  -  ResidentSetSize of job (KB)
...
006 (265592.000.000) 04/28 02:32:23 Image size of job updated: 338688
	189  -  MemoryUsage of job (MB)
	192712  -  ResidentSetSize of job (KB)
...
006 (265592.000.000) 04/28 02:36:34 Image size of job updated: 344092
	189  -  MemoryUsage of job (MB)
	192712  -  ResidentSetSize of job (KB)
...
005 (265592.000.000) 04/28 02:36:34 Job terminated.
	(1) Normal termination (return value 0)
		Usr 0 00:31:44, Sys 0 00:01:25  -  Run Remote Usage
		Usr 0 00:00:00, Sys 0 00:00:00  -  Run Local Usage
		Usr 0 00:31:44, Sys 0 00:01:25  -  Total Remote Usage
		Usr 0 00:00:00, Sys 0 00:00:00  -  Total Local Usage
	112927  -  Run Bytes Sent By Job
	33812  -  Run Bytes Received By Job
	112927  -  Total Bytes Sent By Job
	33812  -  Total Bytes Received By Job
	Partitionable Resources :    Usage  Request          
	   Cpus                 :                 1          
	   Disk (KB)            :     2321     2321          
	   Memory (MB)          :      189      189          
...
