000 (263938.000.000) 04/26 04:23:06 Job submitted from host: <18.12.1.74:45694>
...
001 (263938.000.000) 04/26 04:24:18 Job executing on host: <18.12.8.135:41971>
...
006 (263938.000.000) 04/26 04:24:27 Image size of job updated: 1
	2  -  MemoryUsage of job (MB)
	1700  -  ResidentSetSize of job (KB)
...
006 (263938.000.000) 04/26 04:29:28 Image size of job updated: 247532
	115  -  MemoryUsage of job (MB)
	116788  -  ResidentSetSize of job (KB)
...
006 (263938.000.000) 04/26 04:34:28 Image size of job updated: 248776
	116  -  MemoryUsage of job (MB)
	118184  -  ResidentSetSize of job (KB)
...
006 (263938.000.000) 04/26 04:39:29 Image size of job updated: 316492
	171  -  MemoryUsage of job (MB)
	174616  -  ResidentSetSize of job (KB)
...
006 (263938.000.000) 04/26 04:44:29 Image size of job updated: 319732
	171  -  MemoryUsage of job (MB)
	174616  -  ResidentSetSize of job (KB)
...
006 (263938.000.000) 04/26 04:49:31 Image size of job updated: 323576
	171  -  MemoryUsage of job (MB)
	174616  -  ResidentSetSize of job (KB)
...
006 (263938.000.000) 04/26 04:54:31 Image size of job updated: 327820
	172  -  MemoryUsage of job (MB)
	175432  -  ResidentSetSize of job (KB)
...
006 (263938.000.000) 04/26 04:59:32 Image size of job updated: 333348
	177  -  MemoryUsage of job (MB)
	180864  -  ResidentSetSize of job (KB)
...
006 (263938.000.000) 04/26 05:04:33 Image size of job updated: 338812
	182  -  MemoryUsage of job (MB)
	186284  -  ResidentSetSize of job (KB)
...
006 (263938.000.000) 04/26 05:09:33 Image size of job updated: 344580
	188  -  MemoryUsage of job (MB)
	192052  -  ResidentSetSize of job (KB)
...
006 (263938.000.000) 04/26 05:14:35 Image size of job updated: 348948
	192  -  MemoryUsage of job (MB)
	196320  -  ResidentSetSize of job (KB)
...
006 (263938.000.000) 04/26 05:18:50 Image size of job updated: 352784
	192  -  MemoryUsage of job (MB)
	196320  -  ResidentSetSize of job (KB)
...
005 (263938.000.000) 04/26 05:18:50 Job terminated.
	(1) Normal termination (return value 0)
		Usr 0 00:49:44, Sys 0 00:03:10  -  Run Remote Usage
		Usr 0 00:00:00, Sys 0 00:00:00  -  Run Local Usage
		Usr 0 00:49:44, Sys 0 00:03:10  -  Total Remote Usage
		Usr 0 00:00:00, Sys 0 00:00:00  -  Total Local Usage
	141706  -  Run Bytes Sent By Job
	32753  -  Run Bytes Received By Job
	141706  -  Total Bytes Sent By Job
	32753  -  Total Bytes Received By Job
	Partitionable Resources :    Usage  Request          
	   Cpus                 :                 1          
	   Disk (KB)            :     3165     3165          
	   Memory (MB)          :      192      192          
...
000 (265398.000.000) 04/28 00:03:53 Job submitted from host: <18.12.1.74:45694>
...
001 (265398.000.000) 04/28 00:04:38 Job executing on host: <18.12.9.0:45402>
...
006 (265398.000.000) 04/28 00:04:39 Image size of job updated: 1
	0  -  MemoryUsage of job (MB)
	0  -  ResidentSetSize of job (KB)
...
005 (265398.000.000) 04/28 00:04:39 Job terminated.
	(1) Normal termination (return value 1)
		Usr 0 00:00:00, Sys 0 00:00:00  -  Run Remote Usage
		Usr 0 00:00:00, Sys 0 00:00:00  -  Run Local Usage
		Usr 0 00:00:00, Sys 0 00:00:00  -  Total Remote Usage
		Usr 0 00:00:00, Sys 0 00:00:00  -  Total Local Usage
	1211  -  Run Bytes Sent By Job
	33798  -  Run Bytes Received By Job
	1211  -  Total Bytes Sent By Job
	33798  -  Total Bytes Received By Job
	Partitionable Resources :    Usage  Request          
	   Cpus                 :                 1          
	   Disk (KB)            :       57       57          
	   Memory (MB)          :        0        0          
...
000 (265604.000.000) 04/28 02:01:45 Job submitted from host: <18.12.1.74:45694>
...
001 (265604.000.000) 04/28 02:02:10 Job executing on host: <18.12.8.140:40073>
...
006 (265604.000.000) 04/28 02:02:19 Image size of job updated: 1
	2  -  MemoryUsage of job (MB)
	1696  -  ResidentSetSize of job (KB)
...
006 (265604.000.000) 04/28 02:07:21 Image size of job updated: 247096
	112  -  MemoryUsage of job (MB)
	114588  -  ResidentSetSize of job (KB)
...
006 (265604.000.000) 04/28 02:12:21 Image size of job updated: 248392
	114  -  MemoryUsage of job (MB)
	116136  -  ResidentSetSize of job (KB)
...
006 (265604.000.000) 04/28 02:17:22 Image size of job updated: 316556
	167  -  MemoryUsage of job (MB)
	170360  -  ResidentSetSize of job (KB)
...
006 (265604.000.000) 04/28 02:22:22 Image size of job updated: 320492
	171  -  MemoryUsage of job (MB)
	174240  -  ResidentSetSize of job (KB)
...
006 (265604.000.000) 04/28 02:27:22 Image size of job updated: 325492
	176  -  MemoryUsage of job (MB)
	179540  -  ResidentSetSize of job (KB)
...
006 (265604.000.000) 04/28 02:32:23 Image size of job updated: 330904
	181  -  MemoryUsage of job (MB)
	184952  -  ResidentSetSize of job (KB)
...
006 (265604.000.000) 04/28 02:37:23 Image size of job updated: 336520
	186  -  MemoryUsage of job (MB)
	190416  -  ResidentSetSize of job (KB)
...
006 (265604.000.000) 04/28 02:42:25 Image size of job updated: 341860
	192  -  MemoryUsage of job (MB)
	195756  -  ResidentSetSize of job (KB)
...
006 (265604.000.000) 04/28 02:44:45 Image size of job updated: 344204
	192  -  MemoryUsage of job (MB)
	195756  -  ResidentSetSize of job (KB)
...
005 (265604.000.000) 04/28 02:44:46 Job terminated.
	(1) Normal termination (return value 0)
		Usr 0 00:38:11, Sys 0 00:01:28  -  Run Remote Usage
		Usr 0 00:00:00, Sys 0 00:00:00  -  Run Local Usage
		Usr 0 00:38:11, Sys 0 00:01:28  -  Total Remote Usage
		Usr 0 00:00:00, Sys 0 00:00:00  -  Total Local Usage
	112924  -  Run Bytes Sent By Job
	33812  -  Run Bytes Received By Job
	112924  -  Total Bytes Sent By Job
	33812  -  Total Bytes Received By Job
	Partitionable Resources :    Usage  Request          
	   Cpus                 :                 1          
	   Disk (KB)            :     2551     2551          
	   Memory (MB)          :      192      192          
...
