000 (263951.000.000) 04/26 04:23:07 Job submitted from host: <18.12.1.74:45694>
...
001 (263951.000.000) 04/26 04:24:19 Job executing on host: <18.12.8.182:41460>
...
006 (263951.000.000) 04/26 04:24:28 Image size of job updated: 37092
	5  -  MemoryUsage of job (MB)
	4464  -  ResidentSetSize of job (KB)
...
006 (263951.000.000) 04/26 04:29:30 Image size of job updated: 247064
	112  -  MemoryUsage of job (MB)
	114624  -  ResidentSetSize of job (KB)
...
006 (263951.000.000) 04/26 04:34:30 Image size of job updated: 248364
	113  -  MemoryUsage of job (MB)
	115012  -  ResidentSetSize of job (KB)
...
006 (263951.000.000) 04/26 04:39:32 Image size of job updated: 316760
	169  -  MemoryUsage of job (MB)
	172740  -  ResidentSetSize of job (KB)
...
006 (263951.000.000) 04/26 04:44:32 Image size of job updated: 319424
	172  -  MemoryUsage of job (MB)
	175404  -  ResidentSetSize of job (KB)
...
006 (263951.000.000) 04/26 04:49:34 Image size of job updated: 322576
	175  -  MemoryUsage of job (MB)
	178800  -  ResidentSetSize of job (KB)
...
006 (263951.000.000) 04/26 04:54:34 Image size of job updated: 327256
	175  -  MemoryUsage of job (MB)
	178800  -  ResidentSetSize of job (KB)
...
006 (263951.000.000) 04/26 04:59:36 Image size of job updated: 331880
	179  -  MemoryUsage of job (MB)
	182596  -  ResidentSetSize of job (KB)
...
006 (263951.000.000) 04/26 05:04:36 Image size of job updated: 337672
	184  -  MemoryUsage of job (MB)
	188388  -  ResidentSetSize of job (KB)
...
006 (263951.000.000) 04/26 05:09:37 Image size of job updated: 342676
	189  -  MemoryUsage of job (MB)
	193360  -  ResidentSetSize of job (KB)
...
006 (263951.000.000) 04/26 05:14:37 Image size of job updated: 346908
	189  -  MemoryUsage of job (MB)
	193360  -  ResidentSetSize of job (KB)
...
006 (263951.000.000) 04/26 05:19:37 Image size of job updated: 350776
	191  -  MemoryUsage of job (MB)
	195228  -  ResidentSetSize of job (KB)
...
006 (263951.000.000) 04/26 05:21:51 Image size of job updated: 352260
	191  -  MemoryUsage of job (MB)
	195228  -  ResidentSetSize of job (KB)
...
005 (263951.000.000) 04/26 05:21:51 Job terminated.
	(1) Normal termination (return value 0)
		Usr 0 00:42:06, Sys 0 00:01:22  -  Run Remote Usage
		Usr 0 00:00:00, Sys 0 00:00:00  -  Run Local Usage
		Usr 0 00:42:06, Sys 0 00:01:22  -  Total Remote Usage
		Usr 0 00:00:00, Sys 0 00:00:00  -  Total Local Usage
	141968  -  Run Bytes Sent By Job
	32753  -  Run Bytes Received By Job
	141968  -  Total Bytes Sent By Job
	32753  -  Total Bytes Received By Job
	Partitionable Resources :    Usage  Request          
	   Cpus                 :                 1          
	   Disk (KB)            :     3329     3329          
	   Memory (MB)          :      191      191          
...
000 (265411.000.000) 04/28 00:03:54 Job submitted from host: <18.12.1.74:45694>
...
001 (265411.000.000) 04/28 00:04:34 Job executing on host: <18.12.8.190:43942>
...
006 (265411.000.000) 04/28 00:04:35 Image size of job updated: 1
	0  -  MemoryUsage of job (MB)
	0  -  ResidentSetSize of job (KB)
...
005 (265411.000.000) 04/28 00:04:35 Job terminated.
	(1) Normal termination (return value 1)
		Usr 0 00:00:00, Sys 0 00:00:00  -  Run Remote Usage
		Usr 0 00:00:00, Sys 0 00:00:00  -  Run Local Usage
		Usr 0 00:00:00, Sys 0 00:00:00  -  Total Remote Usage
		Usr 0 00:00:00, Sys 0 00:00:00  -  Total Local Usage
	1211  -  Run Bytes Sent By Job
	33798  -  Run Bytes Received By Job
	1211  -  Total Bytes Sent By Job
	33798  -  Total Bytes Received By Job
	Partitionable Resources :    Usage  Request          
	   Cpus                 :                 1          
	   Disk (KB)            :       57       57          
	   Memory (MB)          :        0        0          
...
000 (265617.000.000) 04/28 02:01:47 Job submitted from host: <18.12.1.74:45694>
...
001 (265617.000.000) 04/28 02:02:10 Job executing on host: <18.12.8.241:42117>
...
006 (265617.000.000) 04/28 02:02:20 Image size of job updated: 1
	2  -  MemoryUsage of job (MB)
	1708  -  ResidentSetSize of job (KB)
...
006 (265617.000.000) 04/28 02:07:20 Image size of job updated: 247992
	113  -  MemoryUsage of job (MB)
	115512  -  ResidentSetSize of job (KB)
...
006 (265617.000.000) 04/28 02:12:20 Image size of job updated: 316452
	167  -  MemoryUsage of job (MB)
	170052  -  ResidentSetSize of job (KB)
...
006 (265617.000.000) 04/28 02:17:20 Image size of job updated: 320688
	170  -  MemoryUsage of job (MB)
	173524  -  ResidentSetSize of job (KB)
...
006 (265617.000.000) 04/28 02:22:21 Image size of job updated: 327248
	177  -  MemoryUsage of job (MB)
	180372  -  ResidentSetSize of job (KB)
...
006 (265617.000.000) 04/28 02:27:21 Image size of job updated: 333452
	183  -  MemoryUsage of job (MB)
	186576  -  ResidentSetSize of job (KB)
...
006 (265617.000.000) 04/28 02:32:23 Image size of job updated: 340000
	189  -  MemoryUsage of job (MB)
	193160  -  ResidentSetSize of job (KB)
...
006 (265617.000.000) 04/28 02:35:34 Image size of job updated: 344264
	189  -  MemoryUsage of job (MB)
	193160  -  ResidentSetSize of job (KB)
...
005 (265617.000.000) 04/28 02:35:34 Job terminated.
	(1) Normal termination (return value 0)
		Usr 0 00:31:09, Sys 0 00:01:21  -  Run Remote Usage
		Usr 0 00:00:00, Sys 0 00:00:00  -  Run Local Usage
		Usr 0 00:31:09, Sys 0 00:01:21  -  Total Remote Usage
		Usr 0 00:00:00, Sys 0 00:00:00  -  Total Local Usage
	112928  -  Run Bytes Sent By Job
	33812  -  Run Bytes Received By Job
	112928  -  Total Bytes Sent By Job
	33812  -  Total Bytes Received By Job
	Partitionable Resources :    Usage  Request          
	   Cpus                 :                 1          
	   Disk (KB)            :     2392     2392          
	   Memory (MB)          :      189      189          
...
