000 (263921.000.000) 04/26 04:23:04 Job submitted from host: <18.12.1.74:45694>
...
001 (263921.000.000) 04/26 04:24:18 Job executing on host: <18.12.8.57:47154>
...
006 (263921.000.000) 04/26 04:24:27 Image size of job updated: 1
	2  -  MemoryUsage of job (MB)
	1708  -  ResidentSetSize of job (KB)
...
006 (263921.000.000) 04/26 04:29:28 Image size of job updated: 211548
	105  -  MemoryUsage of job (MB)
	107076  -  ResidentSetSize of job (KB)
...
006 (263921.000.000) 04/26 04:34:28 Image size of job updated: 247944
	113  -  MemoryUsage of job (MB)
	115488  -  ResidentSetSize of job (KB)
...
006 (263921.000.000) 04/26 04:39:29 Image size of job updated: 248764
	114  -  MemoryUsage of job (MB)
	116464  -  ResidentSetSize of job (KB)
...
006 (263921.000.000) 04/26 04:44:29 Image size of job updated: 316684
	169  -  MemoryUsage of job (MB)
	172976  -  ResidentSetSize of job (KB)
...
006 (263921.000.000) 04/26 04:49:30 Image size of job updated: 318016
	171  -  MemoryUsage of job (MB)
	174308  -  ResidentSetSize of job (KB)
...
006 (263921.000.000) 04/26 04:54:30 Image size of job updated: 320616
	173  -  MemoryUsage of job (MB)
	176936  -  ResidentSetSize of job (KB)
...
006 (263921.000.000) 04/26 04:59:32 Image size of job updated: 324268
	173  -  MemoryUsage of job (MB)
	176936  -  ResidentSetSize of job (KB)
...
006 (263921.000.000) 04/26 05:04:32 Image size of job updated: 327720
	173  -  MemoryUsage of job (MB)
	176936  -  ResidentSetSize of job (KB)
...
006 (263921.000.000) 04/26 05:09:33 Image size of job updated: 331980
	174  -  MemoryUsage of job (MB)
	177968  -  ResidentSetSize of job (KB)
...
006 (263921.000.000) 04/26 05:14:33 Image size of job updated: 336216
	178  -  MemoryUsage of job (MB)
	182152  -  ResidentSetSize of job (KB)
...
006 (263921.000.000) 04/26 05:19:33 Image size of job updated: 340080
	182  -  MemoryUsage of job (MB)
	186024  -  ResidentSetSize of job (KB)
...
006 (263921.000.000) 04/26 05:24:34 Image size of job updated: 343924
	186  -  MemoryUsage of job (MB)
	189856  -  ResidentSetSize of job (KB)
...
006 (263921.000.000) 04/26 05:29:34 Image size of job updated: 347008
	189  -  MemoryUsage of job (MB)
	192936  -  ResidentSetSize of job (KB)
...
006 (263921.000.000) 04/26 05:34:35 Image size of job updated: 349720
	192  -  MemoryUsage of job (MB)
	195644  -  ResidentSetSize of job (KB)
...
006 (263921.000.000) 04/26 05:39:35 Image size of job updated: 352416
	194  -  MemoryUsage of job (MB)
	198340  -  ResidentSetSize of job (KB)
...
005 (263921.000.000) 04/26 05:40:06 Job terminated.
	(1) Normal termination (return value 0)
		Usr 0 01:04:37, Sys 0 00:04:38  -  Run Remote Usage
		Usr 0 00:00:00, Sys 0 00:00:00  -  Run Local Usage
		Usr 0 01:04:37, Sys 0 00:04:38  -  Total Remote Usage
		Usr 0 00:00:00, Sys 0 00:00:00  -  Total Local Usage
	141683  -  Run Bytes Sent By Job
	32753  -  Run Bytes Received By Job
	141683  -  Total Bytes Sent By Job
	32753  -  Total Bytes Received By Job
	Partitionable Resources :    Usage  Request          
	   Cpus                 :                 1          
	   Disk (KB)            :     3448     3448          
	   Memory (MB)          :      194      194          
...
000 (264467.000.000) 04/27 18:09:25 Job submitted from host: <18.12.1.74:45694>
...
001 (264467.000.000) 04/27 18:10:30 Job executing on host: <18.12.8.241:42117>
...
006 (264467.000.000) 04/27 18:10:38 Image size of job updated: 76652
	20  -  MemoryUsage of job (MB)
	19592  -  ResidentSetSize of job (KB)
...
006 (264467.000.000) 04/27 18:15:38 Image size of job updated: 247952
	115  -  MemoryUsage of job (MB)
	117008  -  ResidentSetSize of job (KB)
...
006 (264467.000.000) 04/27 18:18:34 Image size of job updated: 315632
	115  -  MemoryUsage of job (MB)
	117008  -  ResidentSetSize of job (KB)
...
005 (264467.000.000) 04/27 18:18:34 Job terminated.
	(1) Normal termination (return value 0)
		Usr 0 00:07:26, Sys 0 00:00:06  -  Run Remote Usage
		Usr 0 00:00:00, Sys 0 00:00:00  -  Run Local Usage
		Usr 0 00:07:26, Sys 0 00:00:06  -  Total Remote Usage
		Usr 0 00:00:00, Sys 0 00:00:00  -  Total Local Usage
	15086  -  Run Bytes Sent By Job
	33285  -  Run Bytes Received By Job
	15086  -  Total Bytes Sent By Job
	33285  -  Total Bytes Received By Job
	Partitionable Resources :    Usage  Request          
	   Cpus                 :                 1          
	   Disk (KB)            :      155      155          
	   Memory (MB)          :      115      115          
...
000 (265381.000.000) 04/28 00:03:51 Job submitted from host: <18.12.1.74:45694>
...
001 (265381.000.000) 04/28 00:04:32 Job executing on host: <18.12.8.254:42117>
...
006 (265381.000.000) 04/28 00:04:33 Image size of job updated: 1
	0  -  MemoryUsage of job (MB)
	0  -  ResidentSetSize of job (KB)
...
005 (265381.000.000) 04/28 00:04:33 Job terminated.
	(1) Normal termination (return value 1)
		Usr 0 00:00:00, Sys 0 00:00:00  -  Run Remote Usage
		Usr 0 00:00:00, Sys 0 00:00:00  -  Run Local Usage
		Usr 0 00:00:00, Sys 0 00:00:00  -  Total Remote Usage
		Usr 0 00:00:00, Sys 0 00:00:00  -  Total Local Usage
	1208  -  Run Bytes Sent By Job
	33798  -  Run Bytes Received By Job
	1208  -  Total Bytes Sent By Job
	33798  -  Total Bytes Received By Job
	Partitionable Resources :    Usage  Request          
	   Cpus                 :                 1          
	   Disk (KB)            :       57       57          
	   Memory (MB)          :        0        0          
...
000 (265587.000.000) 04/28 02:01:43 Job submitted from host: <18.12.1.74:45694>
...
001 (265587.000.000) 04/28 02:02:10 Job executing on host: <18.12.9.16:48395>
...
006 (265587.000.000) 04/28 02:02:18 Image size of job updated: 200524
	48  -  MemoryUsage of job (MB)
	48564  -  ResidentSetSize of job (KB)
...
006 (265587.000.000) 04/28 02:07:18 Image size of job updated: 247992
	113  -  MemoryUsage of job (MB)
	115524  -  ResidentSetSize of job (KB)
...
006 (265587.000.000) 04/28 02:12:18 Image size of job updated: 315992
	166  -  MemoryUsage of job (MB)
	169692  -  ResidentSetSize of job (KB)
...
006 (265587.000.000) 04/28 02:17:18 Image size of job updated: 320628
	171  -  MemoryUsage of job (MB)
	174340  -  ResidentSetSize of job (KB)
...
006 (265587.000.000) 04/28 02:22:18 Image size of job updated: 326964
	177  -  MemoryUsage of job (MB)
	180860  -  ResidentSetSize of job (KB)
...
006 (265587.000.000) 04/28 02:27:18 Image size of job updated: 332756
	183  -  MemoryUsage of job (MB)
	186660  -  ResidentSetSize of job (KB)
...
006 (265587.000.000) 04/28 02:32:18 Image size of job updated: 339360
	189  -  MemoryUsage of job (MB)
	193264  -  ResidentSetSize of job (KB)
...
006 (265587.000.000) 04/28 02:36:26 Image size of job updated: 344328
	189  -  MemoryUsage of job (MB)
	193264  -  ResidentSetSize of job (KB)
...
005 (265587.000.000) 04/28 02:36:27 Job terminated.
	(1) Normal termination (return value 0)
		Usr 0 00:31:20, Sys 0 00:01:23  -  Run Remote Usage
		Usr 0 00:00:00, Sys 0 00:00:00  -  Run Local Usage
		Usr 0 00:31:20, Sys 0 00:01:23  -  Total Remote Usage
		Usr 0 00:00:00, Sys 0 00:00:00  -  Total Local Usage
	112919  -  Run Bytes Sent By Job
	33812  -  Run Bytes Received By Job
	112919  -  Total Bytes Sent By Job
	33812  -  Total Bytes Received By Job
	Partitionable Resources :    Usage  Request          
	   Cpus                 :                 1          
	   Disk (KB)            :     2321     2321          
	   Memory (MB)          :      189      189          
...
