000 (263944.000.000) 04/26 04:23:06 Job submitted from host: <18.12.1.74:45694>
...
001 (263944.000.000) 04/26 04:24:19 Job executing on host: <18.12.8.145:44599>
...
006 (263944.000.000) 04/26 04:24:28 Image size of job updated: 200684
	52  -  MemoryUsage of job (MB)
	53036  -  ResidentSetSize of job (KB)
...
006 (263944.000.000) 04/26 04:29:31 Image size of job updated: 247524
	113  -  MemoryUsage of job (MB)
	115084  -  ResidentSetSize of job (KB)
...
006 (263944.000.000) 04/26 04:34:30 Image size of job updated: 314512
	167  -  MemoryUsage of job (MB)
	170000  -  ResidentSetSize of job (KB)
...
006 (263944.000.000) 04/26 04:39:35 Image size of job updated: 317912
	171  -  MemoryUsage of job (MB)
	174344  -  ResidentSetSize of job (KB)
...
006 (263944.000.000) 04/26 04:44:31 Image size of job updated: 320108
	173  -  MemoryUsage of job (MB)
	176576  -  ResidentSetSize of job (KB)
...
006 (263944.000.000) 04/26 04:49:31 Image size of job updated: 324332
	175  -  MemoryUsage of job (MB)
	179092  -  ResidentSetSize of job (KB)
...
006 (263944.000.000) 04/26 04:54:31 Image size of job updated: 329288
	179  -  MemoryUsage of job (MB)
	182788  -  ResidentSetSize of job (KB)
...
006 (263944.000.000) 04/26 04:59:31 Image size of job updated: 334280
	183  -  MemoryUsage of job (MB)
	186600  -  ResidentSetSize of job (KB)
...
006 (263944.000.000) 04/26 05:04:31 Image size of job updated: 339304
	183  -  MemoryUsage of job (MB)
	186600  -  ResidentSetSize of job (KB)
...
006 (263944.000.000) 04/26 05:09:31 Image size of job updated: 344632
	188  -  MemoryUsage of job (MB)
	191536  -  ResidentSetSize of job (KB)
...
006 (263944.000.000) 04/26 05:14:31 Image size of job updated: 348948
	192  -  MemoryUsage of job (MB)
	195836  -  ResidentSetSize of job (KB)
...
006 (263944.000.000) 04/26 05:18:36 Image size of job updated: 352400
	192  -  MemoryUsage of job (MB)
	195836  -  ResidentSetSize of job (KB)
...
005 (263944.000.000) 04/26 05:18:36 Job terminated.
	(1) Normal termination (return value 0)
		Usr 0 00:50:33, Sys 0 00:02:45  -  Run Remote Usage
		Usr 0 00:00:00, Sys 0 00:00:00  -  Run Local Usage
		Usr 0 00:50:33, Sys 0 00:02:45  -  Total Remote Usage
		Usr 0 00:00:00, Sys 0 00:00:00  -  Total Local Usage
	141129  -  Run Bytes Sent By Job
	32753  -  Run Bytes Received By Job
	141129  -  Total Bytes Sent By Job
	32753  -  Total Bytes Received By Job
	Partitionable Resources :    Usage  Request          
	   Cpus                 :                 1          
	   Disk (KB)            :     3194     3194          
	   Memory (MB)          :      192      192          
...
000 (265404.000.000) 04/28 00:03:54 Job submitted from host: <18.12.1.74:45694>
...
001 (265404.000.000) 04/28 00:04:33 Job executing on host: <18.12.9.18:41825>
...
006 (265404.000.000) 04/28 00:04:34 Image size of job updated: 1
	0  -  MemoryUsage of job (MB)
	0  -  ResidentSetSize of job (KB)
...
005 (265404.000.000) 04/28 00:04:34 Job terminated.
	(1) Normal termination (return value 1)
		Usr 0 00:00:00, Sys 0 00:00:00  -  Run Remote Usage
		Usr 0 00:00:00, Sys 0 00:00:00  -  Run Local Usage
		Usr 0 00:00:00, Sys 0 00:00:00  -  Total Remote Usage
		Usr 0 00:00:00, Sys 0 00:00:00  -  Total Local Usage
	1211  -  Run Bytes Sent By Job
	33798  -  Run Bytes Received By Job
	1211  -  Total Bytes Sent By Job
	33798  -  Total Bytes Received By Job
	Partitionable Resources :    Usage  Request          
	   Cpus                 :                 1          
	   Disk (KB)            :       57       57          
	   Memory (MB)          :        0        0          
...
000 (265610.000.000) 04/28 02:01:46 Job submitted from host: <18.12.1.74:45694>
...
001 (265610.000.000) 04/28 02:02:11 Job executing on host: <18.12.8.150:46935>
...
006 (265610.000.000) 04/28 02:02:19 Image size of job updated: 1
	2  -  MemoryUsage of job (MB)
	1704  -  ResidentSetSize of job (KB)
...
006 (265610.000.000) 04/28 02:07:19 Image size of job updated: 247100
	112  -  MemoryUsage of job (MB)
	114584  -  ResidentSetSize of job (KB)
...
006 (265610.000.000) 04/28 02:12:19 Image size of job updated: 248396
	114  -  MemoryUsage of job (MB)
	116132  -  ResidentSetSize of job (KB)
...
006 (265610.000.000) 04/28 02:17:20 Image size of job updated: 315848
	166  -  MemoryUsage of job (MB)
	169616  -  ResidentSetSize of job (KB)
...
006 (265610.000.000) 04/28 02:22:20 Image size of job updated: 319332
	170  -  MemoryUsage of job (MB)
	173092  -  ResidentSetSize of job (KB)
...
006 (265610.000.000) 04/28 02:27:23 Image size of job updated: 323960
	174  -  MemoryUsage of job (MB)
	178004  -  ResidentSetSize of job (KB)
...
006 (265610.000.000) 04/28 02:32:22 Image size of job updated: 328880
	179  -  MemoryUsage of job (MB)
	182672  -  ResidentSetSize of job (KB)
...
006 (265610.000.000) 04/28 02:37:22 Image size of job updated: 333516
	183  -  MemoryUsage of job (MB)
	187308  -  ResidentSetSize of job (KB)
...
006 (265610.000.000) 04/28 02:42:23 Image size of job updated: 338540
	188  -  MemoryUsage of job (MB)
	192336  -  ResidentSetSize of job (KB)
...
006 (265610.000.000) 04/28 02:47:23 Image size of job updated: 343940
	194  -  MemoryUsage of job (MB)
	197736  -  ResidentSetSize of job (KB)
...
006 (265610.000.000) 04/28 02:47:42 Image size of job updated: 344324
	194  -  MemoryUsage of job (MB)
	197736  -  ResidentSetSize of job (KB)
...
005 (265610.000.000) 04/28 02:47:42 Job terminated.
	(1) Normal termination (return value 0)
		Usr 0 00:40:32, Sys 0 00:01:29  -  Run Remote Usage
		Usr 0 00:00:00, Sys 0 00:00:00  -  Run Local Usage
		Usr 0 00:40:32, Sys 0 00:01:29  -  Total Remote Usage
		Usr 0 00:00:00, Sys 0 00:00:00  -  Total Local Usage
	112932  -  Run Bytes Sent By Job
	33812  -  Run Bytes Received By Job
	112932  -  Total Bytes Sent By Job
	33812  -  Total Bytes Received By Job
	Partitionable Resources :    Usage  Request          
	   Cpus                 :                 1          
	   Disk (KB)            :     2744     2744          
	   Memory (MB)          :      194      194          
...
