000 (263939.000.000) 04/26 04:23:06 Job submitted from host: <18.12.1.74:45694>
...
001 (263939.000.000) 04/26 04:24:19 Job executing on host: <18.12.8.162:41241>
...
006 (263939.000.000) 04/26 04:24:27 Image size of job updated: 211544
	105  -  MemoryUsage of job (MB)
	107032  -  ResidentSetSize of job (KB)
...
006 (263939.000.000) 04/26 04:29:27 Image size of job updated: 247524
	113  -  MemoryUsage of job (MB)
	115128  -  ResidentSetSize of job (KB)
...
006 (263939.000.000) 04/26 04:34:28 Image size of job updated: 316320
	169  -  MemoryUsage of job (MB)
	172556  -  ResidentSetSize of job (KB)
...
006 (263939.000.000) 04/26 04:39:28 Image size of job updated: 317876
	171  -  MemoryUsage of job (MB)
	174336  -  ResidentSetSize of job (KB)
...
006 (263939.000.000) 04/26 04:44:30 Image size of job updated: 322020
	175  -  MemoryUsage of job (MB)
	178764  -  ResidentSetSize of job (KB)
...
006 (263939.000.000) 04/26 04:49:30 Image size of job updated: 327588
	180  -  MemoryUsage of job (MB)
	184220  -  ResidentSetSize of job (KB)
...
006 (263939.000.000) 04/26 04:54:31 Image size of job updated: 333704
	186  -  MemoryUsage of job (MB)
	190336  -  ResidentSetSize of job (KB)
...
006 (263939.000.000) 04/26 04:59:31 Image size of job updated: 341096
	194  -  MemoryUsage of job (MB)
	197728  -  ResidentSetSize of job (KB)
...
006 (263939.000.000) 04/26 05:04:31 Image size of job updated: 346884
	199  -  MemoryUsage of job (MB)
	203516  -  ResidentSetSize of job (KB)
...
006 (263939.000.000) 04/26 05:09:31 Image size of job updated: 351500
	204  -  MemoryUsage of job (MB)
	208132  -  ResidentSetSize of job (KB)
...
006 (263939.000.000) 04/26 05:10:29 Image size of job updated: 352280
	204  -  MemoryUsage of job (MB)
	208132  -  ResidentSetSize of job (KB)
...
005 (263939.000.000) 04/26 05:10:29 Job terminated.
	(1) Normal termination (return value 0)
		Usr 0 00:43:40, Sys 0 00:01:16  -  Run Remote Usage
		Usr 0 00:00:00, Sys 0 00:00:00  -  Run Local Usage
		Usr 0 00:43:40, Sys 0 00:01:16  -  Total Remote Usage
		Usr 0 00:00:00, Sys 0 00:00:00  -  Total Local Usage
	142028  -  Run Bytes Sent By Job
	32753  -  Run Bytes Received By Job
	142028  -  Total Bytes Sent By Job
	32753  -  Total Bytes Received By Job
	Partitionable Resources :    Usage  Request          
	   Cpus                 :                 1          
	   Disk (KB)            :     3400     3400          
	   Memory (MB)          :      204      204          
...
000 (265399.000.000) 04/28 00:03:53 Job submitted from host: <18.12.1.74:45694>
...
001 (265399.000.000) 04/28 00:04:33 Job executing on host: <18.12.9.6:49782>
...
006 (265399.000.000) 04/28 00:04:34 Image size of job updated: 1
	0  -  MemoryUsage of job (MB)
	0  -  ResidentSetSize of job (KB)
...
005 (265399.000.000) 04/28 00:04:34 Job terminated.
	(1) Normal termination (return value 1)
		Usr 0 00:00:00, Sys 0 00:00:00  -  Run Remote Usage
		Usr 0 00:00:00, Sys 0 00:00:00  -  Run Local Usage
		Usr 0 00:00:00, Sys 0 00:00:00  -  Total Remote Usage
		Usr 0 00:00:00, Sys 0 00:00:00  -  Total Local Usage
	1211  -  Run Bytes Sent By Job
	33798  -  Run Bytes Received By Job
	1211  -  Total Bytes Sent By Job
	33798  -  Total Bytes Received By Job
	Partitionable Resources :    Usage  Request          
	   Cpus                 :                 1          
	   Disk (KB)            :       57       57          
	   Memory (MB)          :        0        0          
...
000 (265605.000.000) 04/28 02:01:45 Job submitted from host: <18.12.1.74:45694>
...
001 (265605.000.000) 04/28 02:02:10 Job executing on host: <18.12.8.221:42190>
...
006 (265605.000.000) 04/28 02:02:19 Image size of job updated: 1
	2  -  MemoryUsage of job (MB)
	1716  -  ResidentSetSize of job (KB)
...
006 (265605.000.000) 04/28 02:07:20 Image size of job updated: 247112
	112  -  MemoryUsage of job (MB)
	114580  -  ResidentSetSize of job (KB)
...
006 (265605.000.000) 04/28 02:12:20 Image size of job updated: 314200
	164  -  MemoryUsage of job (MB)
	167928  -  ResidentSetSize of job (KB)
...
006 (265605.000.000) 04/28 02:17:22 Image size of job updated: 318548
	169  -  MemoryUsage of job (MB)
	172320  -  ResidentSetSize of job (KB)
...
006 (265605.000.000) 04/28 02:22:22 Image size of job updated: 324524
	175  -  MemoryUsage of job (MB)
	178436  -  ResidentSetSize of job (KB)
...
006 (265605.000.000) 04/28 02:27:24 Image size of job updated: 330648
	181  -  MemoryUsage of job (MB)
	184560  -  ResidentSetSize of job (KB)
...
006 (265605.000.000) 04/28 02:32:24 Image size of job updated: 337292
	186  -  MemoryUsage of job (MB)
	190416  -  ResidentSetSize of job (KB)
...
006 (265605.000.000) 04/28 02:37:21 Image size of job updated: 344212
	186  -  MemoryUsage of job (MB)
	190416  -  ResidentSetSize of job (KB)
...
005 (265605.000.000) 04/28 02:37:22 Job terminated.
	(1) Normal termination (return value 0)
		Usr 0 00:30:35, Sys 0 00:01:17  -  Run Remote Usage
		Usr 0 00:00:00, Sys 0 00:00:00  -  Run Local Usage
		Usr 0 00:30:35, Sys 0 00:01:17  -  Total Remote Usage
		Usr 0 00:00:00, Sys 0 00:00:00  -  Total Local Usage
	112939  -  Run Bytes Sent By Job
	33812  -  Run Bytes Received By Job
	112939  -  Total Bytes Sent By Job
	33812  -  Total Bytes Received By Job
	Partitionable Resources :    Usage  Request          
	   Cpus                 :                 1          
	   Disk (KB)            :     2200     2200          
	   Memory (MB)          :      186      186          
...
