000 (263941.000.000) 04/26 04:23:06 Job submitted from host: <18.12.1.74:45694>
...
001 (263941.000.000) 04/26 04:24:19 Job executing on host: <18.12.8.232:49928>
...
006 (263941.000.000) 04/26 04:24:27 Image size of job updated: 110816
	25  -  MemoryUsage of job (MB)
	24844  -  ResidentSetSize of job (KB)
...
006 (263941.000.000) 04/26 04:29:27 Image size of job updated: 247528
	113  -  MemoryUsage of job (MB)
	115124  -  ResidentSetSize of job (KB)
...
006 (263941.000.000) 04/26 04:34:27 Image size of job updated: 248780
	114  -  MemoryUsage of job (MB)
	116532  -  ResidentSetSize of job (KB)
...
006 (263941.000.000) 04/26 04:39:27 Image size of job updated: 317944
	171  -  MemoryUsage of job (MB)
	174340  -  ResidentSetSize of job (KB)
...
006 (263941.000.000) 04/26 04:44:27 Image size of job updated: 320160
	172  -  MemoryUsage of job (MB)
	175232  -  ResidentSetSize of job (KB)
...
006 (263941.000.000) 04/26 04:49:28 Image size of job updated: 324400
	176  -  MemoryUsage of job (MB)
	179796  -  ResidentSetSize of job (KB)
...
006 (263941.000.000) 04/26 04:54:28 Image size of job updated: 329028
	181  -  MemoryUsage of job (MB)
	184392  -  ResidentSetSize of job (KB)
...
006 (263941.000.000) 04/26 04:59:30 Image size of job updated: 336132
	187  -  MemoryUsage of job (MB)
	191208  -  ResidentSetSize of job (KB)
...
006 (263941.000.000) 04/26 05:04:30 Image size of job updated: 341192
	187  -  MemoryUsage of job (MB)
	191208  -  ResidentSetSize of job (KB)
...
006 (263941.000.000) 04/26 05:09:32 Image size of job updated: 346188
	187  -  MemoryUsage of job (MB)
	191208  -  ResidentSetSize of job (KB)
...
006 (263941.000.000) 04/26 05:14:32 Image size of job updated: 350752
	191  -  MemoryUsage of job (MB)
	194828  -  ResidentSetSize of job (KB)
...
006 (263941.000.000) 04/26 05:16:07 Image size of job updated: 352336
	191  -  MemoryUsage of job (MB)
	194828  -  ResidentSetSize of job (KB)
...
005 (263941.000.000) 04/26 05:16:07 Job terminated.
	(1) Normal termination (return value 0)
		Usr 0 00:49:12, Sys 0 00:01:39  -  Run Remote Usage
		Usr 0 00:00:00, Sys 0 00:00:00  -  Run Local Usage
		Usr 0 00:49:12, Sys 0 00:01:39  -  Total Remote Usage
		Usr 0 00:00:00, Sys 0 00:00:00  -  Total Local Usage
	141926  -  Run Bytes Sent By Job
	32753  -  Run Bytes Received By Job
	141926  -  Total Bytes Sent By Job
	32753  -  Total Bytes Received By Job
	Partitionable Resources :    Usage  Request          
	   Cpus                 :                 1          
	   Disk (KB)            :     3334     3334          
	   Memory (MB)          :      191      191          
...
000 (265401.000.000) 04/28 00:03:53 Job submitted from host: <18.12.1.74:45694>
...
001 (265401.000.000) 04/28 00:04:33 Job executing on host: <18.12.9.9:49928>
...
006 (265401.000.000) 04/28 00:04:34 Image size of job updated: 1
	0  -  MemoryUsage of job (MB)
	0  -  ResidentSetSize of job (KB)
...
005 (265401.000.000) 04/28 00:04:34 Job terminated.
	(1) Normal termination (return value 1)
		Usr 0 00:00:00, Sys 0 00:00:00  -  Run Remote Usage
		Usr 0 00:00:00, Sys 0 00:00:00  -  Run Local Usage
		Usr 0 00:00:00, Sys 0 00:00:00  -  Total Remote Usage
		Usr 0 00:00:00, Sys 0 00:00:00  -  Total Local Usage
	1210  -  Run Bytes Sent By Job
	33798  -  Run Bytes Received By Job
	1210  -  Total Bytes Sent By Job
	33798  -  Total Bytes Received By Job
	Partitionable Resources :    Usage  Request          
	   Cpus                 :                 1          
	   Disk (KB)            :       57       57          
	   Memory (MB)          :        0        0          
...
000 (265607.000.000) 04/28 02:01:46 Job submitted from host: <18.12.1.74:45694>
...
001 (265607.000.000) 04/28 02:02:12 Job executing on host: <18.12.8.203:41752>
...
006 (265607.000.000) 04/28 02:02:20 Image size of job updated: 9240
	1  -  MemoryUsage of job (MB)
	988  -  ResidentSetSize of job (KB)
...
006 (265607.000.000) 04/28 02:07:20 Image size of job updated: 247108
	112  -  MemoryUsage of job (MB)
	114636  -  ResidentSetSize of job (KB)
...
006 (265607.000.000) 04/28 02:12:20 Image size of job updated: 310796
	154  -  MemoryUsage of job (MB)
	157196  -  ResidentSetSize of job (KB)
...
006 (265607.000.000) 04/28 02:17:20 Image size of job updated: 316688
	159  -  MemoryUsage of job (MB)
	162672  -  ResidentSetSize of job (KB)
...
006 (265607.000.000) 04/28 02:22:21 Image size of job updated: 321360
	163  -  MemoryUsage of job (MB)
	166172  -  ResidentSetSize of job (KB)
...
006 (265607.000.000) 04/28 02:27:21 Image size of job updated: 327500
	168  -  MemoryUsage of job (MB)
	172008  -  ResidentSetSize of job (KB)
...
006 (265607.000.000) 04/28 02:32:22 Image size of job updated: 334172
	175  -  MemoryUsage of job (MB)
	178580  -  ResidentSetSize of job (KB)
...
006 (265607.000.000) 04/28 02:37:22 Image size of job updated: 340800
	181  -  MemoryUsage of job (MB)
	184652  -  ResidentSetSize of job (KB)
...
006 (265607.000.000) 04/28 02:40:34 Image size of job updated: 344656
	181  -  MemoryUsage of job (MB)
	184652  -  ResidentSetSize of job (KB)
...
005 (265607.000.000) 04/28 02:40:34 Job terminated.
	(1) Normal termination (return value 0)
		Usr 0 00:31:08, Sys 0 00:01:21  -  Run Remote Usage
		Usr 0 00:00:00, Sys 0 00:00:00  -  Run Local Usage
		Usr 0 00:31:08, Sys 0 00:01:21  -  Total Remote Usage
		Usr 0 00:00:00, Sys 0 00:00:00  -  Total Local Usage
	112930  -  Run Bytes Sent By Job
	33812  -  Run Bytes Received By Job
	112930  -  Total Bytes Sent By Job
	33812  -  Total Bytes Received By Job
	Partitionable Resources :    Usage  Request          
	   Cpus                 :                 1          
	   Disk (KB)            :     2458     2458          
	   Memory (MB)          :      181      181          
...
