000 (263954.000.000) 04/26 04:23:07 Job submitted from host: <18.12.1.74:45694>
...
001 (263954.000.000) 04/26 04:24:19 Job executing on host: <18.12.8.191:41679>
...
006 (263954.000.000) 04/26 04:24:28 Image size of job updated: 68912
	13  -  MemoryUsage of job (MB)
	12988  -  ResidentSetSize of job (KB)
...
006 (263954.000.000) 04/26 04:29:30 Image size of job updated: 247060
	112  -  MemoryUsage of job (MB)
	114640  -  ResidentSetSize of job (KB)
...
006 (263954.000.000) 04/26 04:34:30 Image size of job updated: 248360
	114  -  MemoryUsage of job (MB)
	115928  -  ResidentSetSize of job (KB)
...
006 (263954.000.000) 04/26 04:39:32 Image size of job updated: 316352
	169  -  MemoryUsage of job (MB)
	172540  -  ResidentSetSize of job (KB)
...
006 (263954.000.000) 04/26 04:44:32 Image size of job updated: 317684
	169  -  MemoryUsage of job (MB)
	172540  -  ResidentSetSize of job (KB)
...
006 (263954.000.000) 04/26 04:49:34 Image size of job updated: 319748
	169  -  MemoryUsage of job (MB)
	172540  -  ResidentSetSize of job (KB)
...
006 (263954.000.000) 04/26 04:54:34 Image size of job updated: 323372
	172  -  MemoryUsage of job (MB)
	175752  -  ResidentSetSize of job (KB)
...
006 (263954.000.000) 04/26 04:59:36 Image size of job updated: 326848
	172  -  MemoryUsage of job (MB)
	175808  -  ResidentSetSize of job (KB)
...
006 (263954.000.000) 04/26 05:04:36 Image size of job updated: 331096
	176  -  MemoryUsage of job (MB)
	179612  -  ResidentSetSize of job (KB)
...
006 (263954.000.000) 04/26 05:09:37 Image size of job updated: 335712
	180  -  MemoryUsage of job (MB)
	184220  -  ResidentSetSize of job (KB)
...
006 (263954.000.000) 04/26 05:14:37 Image size of job updated: 340276
	185  -  MemoryUsage of job (MB)
	188780  -  ResidentSetSize of job (KB)
...
006 (263954.000.000) 04/26 05:19:37 Image size of job updated: 344576
	189  -  MemoryUsage of job (MB)
	192564  -  ResidentSetSize of job (KB)
...
006 (263954.000.000) 04/26 05:24:38 Image size of job updated: 348840
	193  -  MemoryUsage of job (MB)
	196832  -  ResidentSetSize of job (KB)
...
006 (263954.000.000) 04/26 05:29:38 Image size of job updated: 352296
	196  -  MemoryUsage of job (MB)
	200280  -  ResidentSetSize of job (KB)
...
005 (263954.000.000) 04/26 05:29:44 Job terminated.
	(1) Normal termination (return value 0)
		Usr 0 01:01:08, Sys 0 00:01:45  -  Run Remote Usage
		Usr 0 00:00:00, Sys 0 00:00:00  -  Run Local Usage
		Usr 0 01:01:08, Sys 0 00:01:45  -  Total Remote Usage
		Usr 0 00:00:00, Sys 0 00:00:00  -  Total Local Usage
	141650  -  Run Bytes Sent By Job
	32753  -  Run Bytes Received By Job
	141650  -  Total Bytes Sent By Job
	32753  -  Total Bytes Received By Job
	Partitionable Resources :    Usage  Request          
	   Cpus                 :                 1          
	   Disk (KB)            :     3467     3467          
	   Memory (MB)          :      196      196          
...
000 (265414.000.000) 04/28 00:03:55 Job submitted from host: <18.12.1.74:45694>
...
001 (265414.000.000) 04/28 00:04:34 Job executing on host: <18.12.8.227:44015>
...
006 (265414.000.000) 04/28 00:04:35 Image size of job updated: 1
	0  -  MemoryUsage of job (MB)
	0  -  ResidentSetSize of job (KB)
...
005 (265414.000.000) 04/28 00:04:35 Job terminated.
	(1) Normal termination (return value 1)
		Usr 0 00:00:00, Sys 0 00:00:00  -  Run Remote Usage
		Usr 0 00:00:00, Sys 0 00:00:00  -  Run Local Usage
		Usr 0 00:00:00, Sys 0 00:00:00  -  Total Remote Usage
		Usr 0 00:00:00, Sys 0 00:00:00  -  Total Local Usage
	1211  -  Run Bytes Sent By Job
	33798  -  Run Bytes Received By Job
	1211  -  Total Bytes Sent By Job
	33798  -  Total Bytes Received By Job
	Partitionable Resources :    Usage  Request          
	   Cpus                 :                 1          
	   Disk (KB)            :       57       57          
	   Memory (MB)          :        0        0          
...
000 (265620.000.000) 04/28 02:01:47 Job submitted from host: <18.12.1.74:45694>
...
001 (265620.000.000) 04/28 02:02:11 Job executing on host: <18.12.8.232:49928>
...
006 (265620.000.000) 04/28 02:02:19 Image size of job updated: 1
	2  -  MemoryUsage of job (MB)
	1708  -  ResidentSetSize of job (KB)
...
006 (265620.000.000) 04/28 02:07:19 Image size of job updated: 247568
	113  -  MemoryUsage of job (MB)
	115096  -  ResidentSetSize of job (KB)
...
006 (265620.000.000) 04/28 02:12:19 Image size of job updated: 315288
	166  -  MemoryUsage of job (MB)
	169232  -  ResidentSetSize of job (KB)
...
006 (265620.000.000) 04/28 02:17:21 Image size of job updated: 320168
	170  -  MemoryUsage of job (MB)
	173916  -  ResidentSetSize of job (KB)
...
006 (265620.000.000) 04/28 02:22:21 Image size of job updated: 326056
	176  -  MemoryUsage of job (MB)
	179972  -  ResidentSetSize of job (KB)
...
006 (265620.000.000) 04/28 02:27:22 Image size of job updated: 332248
	182  -  MemoryUsage of job (MB)
	186184  -  ResidentSetSize of job (KB)
...
006 (265620.000.000) 04/28 02:32:22 Image size of job updated: 338428
	188  -  MemoryUsage of job (MB)
	192364  -  ResidentSetSize of job (KB)
...
006 (265620.000.000) 04/28 02:36:44 Image size of job updated: 344212
	188  -  MemoryUsage of job (MB)
	192364  -  ResidentSetSize of job (KB)
...
005 (265620.000.000) 04/28 02:36:44 Job terminated.
	(1) Normal termination (return value 0)
		Usr 0 00:31:47, Sys 0 00:01:21  -  Run Remote Usage
		Usr 0 00:00:00, Sys 0 00:00:00  -  Run Local Usage
		Usr 0 00:31:47, Sys 0 00:01:21  -  Total Remote Usage
		Usr 0 00:00:00, Sys 0 00:00:00  -  Total Local Usage
	112919  -  Run Bytes Sent By Job
	33812  -  Run Bytes Received By Job
	112919  -  Total Bytes Sent By Job
	33812  -  Total Bytes Received By Job
	Partitionable Resources :    Usage  Request          
	   Cpus                 :                 1          
	   Disk (KB)            :     2258     2258          
	   Memory (MB)          :      188      188          
...
