000 (263959.000.000) 04/26 04:23:08 Job submitted from host: <18.12.1.74:45694>
...
001 (263959.000.000) 04/26 04:24:20 Job executing on host: <18.12.8.183:47519>
...
006 (263959.000.000) 04/26 04:24:28 Image size of job updated: 200688
	55  -  MemoryUsage of job (MB)
	56176  -  ResidentSetSize of job (KB)
...
006 (263959.000.000) 04/26 04:29:29 Image size of job updated: 247936
	113  -  MemoryUsage of job (MB)
	115532  -  ResidentSetSize of job (KB)
...
006 (263959.000.000) 04/26 04:34:29 Image size of job updated: 316880
	169  -  MemoryUsage of job (MB)
	173056  -  ResidentSetSize of job (KB)
...
006 (263959.000.000) 04/26 04:39:31 Image size of job updated: 319676
	172  -  MemoryUsage of job (MB)
	175912  -  ResidentSetSize of job (KB)
...
006 (263959.000.000) 04/26 04:44:31 Image size of job updated: 324288
	177  -  MemoryUsage of job (MB)
	180456  -  ResidentSetSize of job (KB)
...
006 (263959.000.000) 04/26 04:49:32 Image size of job updated: 330076
	182  -  MemoryUsage of job (MB)
	186248  -  ResidentSetSize of job (KB)
...
006 (263959.000.000) 04/26 04:54:32 Image size of job updated: 337004
	182  -  MemoryUsage of job (MB)
	186248  -  ResidentSetSize of job (KB)
...
006 (263959.000.000) 04/26 04:59:33 Image size of job updated: 343968
	185  -  MemoryUsage of job (MB)
	189240  -  ResidentSetSize of job (KB)
...
006 (263959.000.000) 04/26 05:04:33 Image size of job updated: 348968
	190  -  MemoryUsage of job (MB)
	194236  -  ResidentSetSize of job (KB)
...
006 (263959.000.000) 04/26 05:09:11 Image size of job updated: 352424
	190  -  MemoryUsage of job (MB)
	194236  -  ResidentSetSize of job (KB)
...
005 (263959.000.000) 04/26 05:09:11 Job terminated.
	(1) Normal termination (return value 0)
		Usr 0 00:41:47, Sys 0 00:01:22  -  Run Remote Usage
		Usr 0 00:00:00, Sys 0 00:00:00  -  Run Local Usage
		Usr 0 00:41:47, Sys 0 00:01:22  -  Total Remote Usage
		Usr 0 00:00:00, Sys 0 00:00:00  -  Total Local Usage
	140923  -  Run Bytes Sent By Job
	32753  -  Run Bytes Received By Job
	140923  -  Total Bytes Sent By Job
	32753  -  Total Bytes Received By Job
	Partitionable Resources :    Usage  Request          
	   Cpus                 :                 1          
	   Disk (KB)            :     3168     3168          
	   Memory (MB)          :      190      190          
...
000 (265419.000.000) 04/28 00:03:55 Job submitted from host: <18.12.1.74:45694>
...
001 (265419.000.000) 04/28 00:04:34 Job executing on host: <18.12.8.245:40219>
...
006 (265419.000.000) 04/28 00:04:35 Image size of job updated: 84112
	0  -  MemoryUsage of job (MB)
	0  -  ResidentSetSize of job (KB)
...
005 (265419.000.000) 04/28 00:04:35 Job terminated.
	(1) Normal termination (return value 1)
		Usr 0 00:00:00, Sys 0 00:00:00  -  Run Remote Usage
		Usr 0 00:00:00, Sys 0 00:00:00  -  Run Local Usage
		Usr 0 00:00:00, Sys 0 00:00:00  -  Total Remote Usage
		Usr 0 00:00:00, Sys 0 00:00:00  -  Total Local Usage
	1211  -  Run Bytes Sent By Job
	33798  -  Run Bytes Received By Job
	1211  -  Total Bytes Sent By Job
	33798  -  Total Bytes Received By Job
	Partitionable Resources :    Usage  Request          
	   Cpus                 :                 1          
	   Disk (KB)            :       57       57          
	   Memory (MB)          :        0        0          
...
000 (265625.000.000) 04/28 02:01:48 Job submitted from host: <18.12.1.74:45694>
...
001 (265625.000.000) 04/28 02:02:11 Job executing on host: <18.12.8.233:46935>
...
006 (265625.000.000) 04/28 02:02:20 Image size of job updated: 1
	2  -  MemoryUsage of job (MB)
	1712  -  ResidentSetSize of job (KB)
...
006 (265625.000.000) 04/28 02:07:21 Image size of job updated: 247988
	113  -  MemoryUsage of job (MB)
	115544  -  ResidentSetSize of job (KB)
...
006 (265625.000.000) 04/28 02:12:22 Image size of job updated: 316568
	167  -  MemoryUsage of job (MB)
	170140  -  ResidentSetSize of job (KB)
...
006 (265625.000.000) 04/28 02:17:22 Image size of job updated: 321196
	171  -  MemoryUsage of job (MB)
	174768  -  ResidentSetSize of job (KB)
...
006 (265625.000.000) 04/28 02:22:24 Image size of job updated: 327368
	177  -  MemoryUsage of job (MB)
	181244  -  ResidentSetSize of job (KB)
...
006 (265625.000.000) 04/28 02:27:24 Image size of job updated: 333544
	184  -  MemoryUsage of job (MB)
	187416  -  ResidentSetSize of job (KB)
...
006 (265625.000.000) 04/28 02:32:25 Image size of job updated: 339728
	190  -  MemoryUsage of job (MB)
	193608  -  ResidentSetSize of job (KB)
...
006 (265625.000.000) 04/28 02:35:52 Image size of job updated: 344344
	190  -  MemoryUsage of job (MB)
	193608  -  ResidentSetSize of job (KB)
...
005 (265625.000.000) 04/28 02:35:53 Job terminated.
	(1) Normal termination (return value 0)
		Usr 0 00:31:20, Sys 0 00:01:22  -  Run Remote Usage
		Usr 0 00:00:00, Sys 0 00:00:00  -  Run Local Usage
		Usr 0 00:31:20, Sys 0 00:01:22  -  Total Remote Usage
		Usr 0 00:00:00, Sys 0 00:00:00  -  Total Local Usage
	112934  -  Run Bytes Sent By Job
	33812  -  Run Bytes Received By Job
	112934  -  Total Bytes Sent By Job
	33812  -  Total Bytes Received By Job
	Partitionable Resources :    Usage  Request          
	   Cpus                 :                 1          
	   Disk (KB)            :     2394     2394          
	   Memory (MB)          :      190      190          
...
