000 (263945.000.000) 04/26 04:23:07 Job submitted from host: <18.12.1.74:45694>
...
001 (263945.000.000) 04/26 04:24:19 Job executing on host: <18.12.8.235:48030>
...
006 (263945.000.000) 04/26 04:24:27 Image size of job updated: 1
	2  -  MemoryUsage of job (MB)
	1704  -  ResidentSetSize of job (KB)
...
006 (263945.000.000) 04/26 04:29:28 Image size of job updated: 247528
	113  -  MemoryUsage of job (MB)
	115124  -  ResidentSetSize of job (KB)
...
006 (263945.000.000) 04/26 04:34:28 Image size of job updated: 316332
	169  -  MemoryUsage of job (MB)
	172560  -  ResidentSetSize of job (KB)
...
006 (263945.000.000) 04/26 04:39:28 Image size of job updated: 317948
	170  -  MemoryUsage of job (MB)
	173980  -  ResidentSetSize of job (KB)
...
006 (263945.000.000) 04/26 04:44:29 Image size of job updated: 321716
	174  -  MemoryUsage of job (MB)
	178008  -  ResidentSetSize of job (KB)
...
006 (263945.000.000) 04/26 04:49:29 Image size of job updated: 326712
	177  -  MemoryUsage of job (MB)
	181016  -  ResidentSetSize of job (KB)
...
006 (263945.000.000) 04/26 04:54:32 Image size of job updated: 332080
	182  -  MemoryUsage of job (MB)
	185832  -  ResidentSetSize of job (KB)
...
006 (263945.000.000) 04/26 04:59:30 Image size of job updated: 337904
	188  -  MemoryUsage of job (MB)
	191660  -  ResidentSetSize of job (KB)
...
006 (263945.000.000) 04/26 05:04:31 Image size of job updated: 343680
	188  -  MemoryUsage of job (MB)
	191660  -  ResidentSetSize of job (KB)
...
006 (263945.000.000) 04/26 05:09:31 Image size of job updated: 347992
	192  -  MemoryUsage of job (MB)
	195844  -  ResidentSetSize of job (KB)
...
006 (263945.000.000) 04/26 05:14:32 Image size of job updated: 351836
	196  -  MemoryUsage of job (MB)
	199692  -  ResidentSetSize of job (KB)
...
006 (263945.000.000) 04/26 05:15:09 Image size of job updated: 352168
	196  -  MemoryUsage of job (MB)
	199692  -  ResidentSetSize of job (KB)
...
005 (263945.000.000) 04/26 05:15:09 Job terminated.
	(1) Normal termination (return value 0)
		Usr 0 00:48:23, Sys 0 00:01:37  -  Run Remote Usage
		Usr 0 00:00:00, Sys 0 00:00:00  -  Run Local Usage
		Usr 0 00:48:23, Sys 0 00:01:37  -  Total Remote Usage
		Usr 0 00:00:00, Sys 0 00:00:00  -  Total Local Usage
	141702  -  Run Bytes Sent By Job
	32753  -  Run Bytes Received By Job
	141702  -  Total Bytes Sent By Job
	32753  -  Total Bytes Received By Job
	Partitionable Resources :    Usage  Request          
	   Cpus                 :                 1          
	   Disk (KB)            :     3424     3424          
	   Memory (MB)          :      196      196          
...
000 (265405.000.000) 04/28 00:03:54 Job submitted from host: <18.12.1.74:45694>
...
001 (265405.000.000) 04/28 00:04:33 Job executing on host: <18.12.9.23:49636>
...
006 (265405.000.000) 04/28 00:04:34 Image size of job updated: 1
	0  -  MemoryUsage of job (MB)
	0  -  ResidentSetSize of job (KB)
...
005 (265405.000.000) 04/28 00:04:35 Job terminated.
	(1) Normal termination (return value 1)
		Usr 0 00:00:00, Sys 0 00:00:00  -  Run Remote Usage
		Usr 0 00:00:00, Sys 0 00:00:00  -  Run Local Usage
		Usr 0 00:00:00, Sys 0 00:00:00  -  Total Remote Usage
		Usr 0 00:00:00, Sys 0 00:00:00  -  Total Local Usage
	1209  -  Run Bytes Sent By Job
	33798  -  Run Bytes Received By Job
	1209  -  Total Bytes Sent By Job
	33798  -  Total Bytes Received By Job
	Partitionable Resources :    Usage  Request          
	   Cpus                 :                 1          
	   Disk (KB)            :       57       57          
	   Memory (MB)          :        0        0          
...
000 (265611.000.000) 04/28 02:01:46 Job submitted from host: <18.12.1.74:45694>
...
001 (265611.000.000) 04/28 02:02:13 Job executing on host: <18.12.8.231:41533>
...
006 (265611.000.000) 04/28 02:02:21 Image size of job updated: 75276
	16  -  MemoryUsage of job (MB)
	15600  -  ResidentSetSize of job (KB)
...
006 (265611.000.000) 04/28 02:07:21 Image size of job updated: 211388
	105  -  MemoryUsage of job (MB)
	106932  -  ResidentSetSize of job (KB)
...
006 (265611.000.000) 04/28 02:12:22 Image size of job updated: 247992
	109  -  MemoryUsage of job (MB)
	110952  -  ResidentSetSize of job (KB)
...
006 (265611.000.000) 04/28 02:17:22 Image size of job updated: 316116
	159  -  MemoryUsage of job (MB)
	162788  -  ResidentSetSize of job (KB)
...
006 (265611.000.000) 04/28 02:22:23 Image size of job updated: 320924
	163  -  MemoryUsage of job (MB)
	166556  -  ResidentSetSize of job (KB)
...
006 (265611.000.000) 04/28 02:27:23 Image size of job updated: 326712
	169  -  MemoryUsage of job (MB)
	172272  -  ResidentSetSize of job (KB)
...
006 (265611.000.000) 04/28 02:32:24 Image size of job updated: 332516
	174  -  MemoryUsage of job (MB)
	178072  -  ResidentSetSize of job (KB)
...
006 (265611.000.000) 04/28 02:37:24 Image size of job updated: 338732
	180  -  MemoryUsage of job (MB)
	183976  -  ResidentSetSize of job (KB)
...
006 (265611.000.000) 04/28 02:41:52 Image size of job updated: 344076
	180  -  MemoryUsage of job (MB)
	183976  -  ResidentSetSize of job (KB)
...
005 (265611.000.000) 04/28 02:41:52 Job terminated.
	(1) Normal termination (return value 0)
		Usr 0 00:32:03, Sys 0 00:01:28  -  Run Remote Usage
		Usr 0 00:00:00, Sys 0 00:00:00  -  Run Local Usage
		Usr 0 00:32:03, Sys 0 00:01:28  -  Total Remote Usage
		Usr 0 00:00:00, Sys 0 00:00:00  -  Total Local Usage
	112930  -  Run Bytes Sent By Job
	33812  -  Run Bytes Received By Job
	112930  -  Total Bytes Sent By Job
	33812  -  Total Bytes Received By Job
	Partitionable Resources :    Usage  Request          
	   Cpus                 :                 1          
	   Disk (KB)            :     2289     2289          
	   Memory (MB)          :      180      180          
...
