000 (263958.000.000) 04/26 04:23:08 Job submitted from host: <18.12.1.74:45694>
...
001 (263958.000.000) 04/26 04:24:19 Job executing on host: <18.12.8.246:43504>
...
006 (263958.000.000) 04/26 04:24:28 Image size of job updated: 211552
	105  -  MemoryUsage of job (MB)
	107048  -  ResidentSetSize of job (KB)
...
006 (263958.000.000) 04/26 04:29:28 Image size of job updated: 247536
	113  -  MemoryUsage of job (MB)
	115128  -  ResidentSetSize of job (KB)
...
006 (263958.000.000) 04/26 04:34:28 Image size of job updated: 316652
	169  -  MemoryUsage of job (MB)
	172668  -  ResidentSetSize of job (KB)
...
006 (263958.000.000) 04/26 04:39:34 Image size of job updated: 319536
	172  -  MemoryUsage of job (MB)
	175460  -  ResidentSetSize of job (KB)
...
006 (263958.000.000) 04/26 04:44:29 Image size of job updated: 323500
	175  -  MemoryUsage of job (MB)
	178360  -  ResidentSetSize of job (KB)
...
006 (263958.000.000) 04/26 04:49:31 Image size of job updated: 329276
	180  -  MemoryUsage of job (MB)
	184004  -  ResidentSetSize of job (KB)
...
006 (263958.000.000) 04/26 04:54:30 Image size of job updated: 337372
	188  -  MemoryUsage of job (MB)
	192116  -  ResidentSetSize of job (KB)
...
006 (263958.000.000) 04/26 04:59:31 Image size of job updated: 343928
	190  -  MemoryUsage of job (MB)
	194392  -  ResidentSetSize of job (KB)
...
006 (263958.000.000) 04/26 05:04:31 Image size of job updated: 348500
	195  -  MemoryUsage of job (MB)
	198752  -  ResidentSetSize of job (KB)
...
006 (263958.000.000) 04/26 05:08:54 Image size of job updated: 352416
	195  -  MemoryUsage of job (MB)
	198752  -  ResidentSetSize of job (KB)
...
005 (263958.000.000) 04/26 05:08:54 Job terminated.
	(1) Normal termination (return value 0)
		Usr 0 00:42:08, Sys 0 00:01:23  -  Run Remote Usage
		Usr 0 00:00:00, Sys 0 00:00:00  -  Run Local Usage
		Usr 0 00:42:08, Sys 0 00:01:23  -  Total Remote Usage
		Usr 0 00:00:00, Sys 0 00:00:00  -  Total Local Usage
	141024  -  Run Bytes Sent By Job
	32753  -  Run Bytes Received By Job
	141024  -  Total Bytes Sent By Job
	32753  -  Total Bytes Received By Job
	Partitionable Resources :    Usage  Request          
	   Cpus                 :                 1          
	   Disk (KB)            :     3135     3135          
	   Memory (MB)          :      195      195          
...
000 (265418.000.000) 04/28 00:03:55 Job submitted from host: <18.12.1.74:45694>
...
001 (265418.000.000) 04/28 00:04:34 Job executing on host: <18.12.8.236:40000>
...
006 (265418.000.000) 04/28 00:04:35 Image size of job updated: 1
	0  -  MemoryUsage of job (MB)
	0  -  ResidentSetSize of job (KB)
...
005 (265418.000.000) 04/28 00:04:35 Job terminated.
	(1) Normal termination (return value 1)
		Usr 0 00:00:00, Sys 0 00:00:00  -  Run Remote Usage
		Usr 0 00:00:00, Sys 0 00:00:00  -  Run Local Usage
		Usr 0 00:00:00, Sys 0 00:00:00  -  Total Remote Usage
		Usr 0 00:00:00, Sys 0 00:00:00  -  Total Local Usage
	1211  -  Run Bytes Sent By Job
	33798  -  Run Bytes Received By Job
	1211  -  Total Bytes Sent By Job
	33798  -  Total Bytes Received By Job
	Partitionable Resources :    Usage  Request          
	   Cpus                 :                 1          
	   Disk (KB)            :       57       57          
	   Memory (MB)          :        0        0          
...
000 (265624.000.000) 04/28 02:01:48 Job submitted from host: <18.12.1.74:45694>
...
001 (265624.000.000) 04/28 02:02:11 Job executing on host: <18.12.12.8:49709>
...
006 (265624.000.000) 04/28 02:02:20 Image size of job updated: 211384
	105  -  MemoryUsage of job (MB)
	106912  -  ResidentSetSize of job (KB)
...
006 (265624.000.000) 04/28 02:07:21 Image size of job updated: 247992
	113  -  MemoryUsage of job (MB)
	115552  -  ResidentSetSize of job (KB)
...
006 (265624.000.000) 04/28 02:12:22 Image size of job updated: 315628
	166  -  MemoryUsage of job (MB)
	169324  -  ResidentSetSize of job (KB)
...
006 (265624.000.000) 04/28 02:17:22 Image size of job updated: 320016
	170  -  MemoryUsage of job (MB)
	173588  -  ResidentSetSize of job (KB)
...
006 (265624.000.000) 04/28 02:22:24 Image size of job updated: 325420
	176  -  MemoryUsage of job (MB)
	179312  -  ResidentSetSize of job (KB)
...
006 (265624.000.000) 04/28 02:27:24 Image size of job updated: 331544
	182  -  MemoryUsage of job (MB)
	185436  -  ResidentSetSize of job (KB)
...
006 (265624.000.000) 04/28 02:32:24 Image size of job updated: 337776
	188  -  MemoryUsage of job (MB)
	191672  -  ResidentSetSize of job (KB)
...
006 (265624.000.000) 04/28 02:37:26 Image size of job updated: 343564
	193  -  MemoryUsage of job (MB)
	196676  -  ResidentSetSize of job (KB)
...
006 (265624.000.000) 04/28 02:38:15 Image size of job updated: 344332
	193  -  MemoryUsage of job (MB)
	196676  -  ResidentSetSize of job (KB)
...
005 (265624.000.000) 04/28 02:38:15 Job terminated.
	(1) Normal termination (return value 0)
		Usr 0 00:33:55, Sys 0 00:01:21  -  Run Remote Usage
		Usr 0 00:00:00, Sys 0 00:00:00  -  Run Local Usage
		Usr 0 00:33:55, Sys 0 00:01:21  -  Total Remote Usage
		Usr 0 00:00:00, Sys 0 00:00:00  -  Total Local Usage
	112942  -  Run Bytes Sent By Job
	33812  -  Run Bytes Received By Job
	112942  -  Total Bytes Sent By Job
	33812  -  Total Bytes Received By Job
	Partitionable Resources :    Usage  Request          
	   Cpus                 :                 1          
	   Disk (KB)            :     2686     2686          
	   Memory (MB)          :      193      193          
...
