000 (263924.000.000) 04/26 04:23:04 Job submitted from host: <18.12.1.74:45694>
...
001 (263924.000.000) 04/26 04:24:18 Job executing on host: <18.12.8.211:44088>
...
006 (263924.000.000) 04/26 04:24:26 Image size of job updated: 66936
	10  -  MemoryUsage of job (MB)
	9612  -  ResidentSetSize of job (KB)
...
006 (263924.000.000) 04/26 04:29:26 Image size of job updated: 247528
	113  -  MemoryUsage of job (MB)
	115100  -  ResidentSetSize of job (KB)
...
006 (263924.000.000) 04/26 04:34:27 Image size of job updated: 248772
	114  -  MemoryUsage of job (MB)
	116492  -  ResidentSetSize of job (KB)
...
006 (263924.000.000) 04/26 04:39:27 Image size of job updated: 316508
	164  -  MemoryUsage of job (MB)
	166924  -  ResidentSetSize of job (KB)
...
006 (263924.000.000) 04/26 04:44:28 Image size of job updated: 319172
	164  -  MemoryUsage of job (MB)
	166924  -  ResidentSetSize of job (KB)
...
006 (263924.000.000) 04/26 04:49:28 Image size of job updated: 321968
	165  -  MemoryUsage of job (MB)
	168192  -  ResidentSetSize of job (KB)
...
006 (263924.000.000) 04/26 04:54:29 Image size of job updated: 326328
	169  -  MemoryUsage of job (MB)
	172352  -  ResidentSetSize of job (KB)
...
006 (263924.000.000) 04/26 04:59:29 Image size of job updated: 331004
	173  -  MemoryUsage of job (MB)
	176492  -  ResidentSetSize of job (KB)
...
006 (263924.000.000) 04/26 05:04:31 Image size of job updated: 336416
	178  -  MemoryUsage of job (MB)
	181916  -  ResidentSetSize of job (KB)
...
006 (263924.000.000) 04/26 05:09:31 Image size of job updated: 341428
	183  -  MemoryUsage of job (MB)
	186944  -  ResidentSetSize of job (KB)
...
006 (263924.000.000) 04/26 05:14:33 Image size of job updated: 345668
	187  -  MemoryUsage of job (MB)
	191188  -  ResidentSetSize of job (KB)
...
006 (263924.000.000) 04/26 05:19:33 Image size of job updated: 350236
	192  -  MemoryUsage of job (MB)
	195760  -  ResidentSetSize of job (KB)
...
006 (263924.000.000) 04/26 05:22:08 Image size of job updated: 352228
	192  -  MemoryUsage of job (MB)
	195760  -  ResidentSetSize of job (KB)
...
005 (263924.000.000) 04/26 05:22:09 Job terminated.
	(1) Normal termination (return value 0)
		Usr 0 00:53:42, Sys 0 00:01:57  -  Run Remote Usage
		Usr 0 00:00:00, Sys 0 00:00:00  -  Run Local Usage
		Usr 0 00:53:42, Sys 0 00:01:57  -  Total Remote Usage
		Usr 0 00:00:00, Sys 0 00:00:00  -  Total Local Usage
	142576  -  Run Bytes Sent By Job
	32753  -  Run Bytes Received By Job
	142576  -  Total Bytes Sent By Job
	32753  -  Total Bytes Received By Job
	Partitionable Resources :    Usage  Request          
	   Cpus                 :                 1          
	   Disk (KB)            :     3297     3297          
	   Memory (MB)          :      192      192          
...
000 (264470.000.000) 04/27 18:09:26 Job submitted from host: <18.12.1.74:45694>
...
001 (264470.000.000) 04/27 18:10:30 Job executing on host: <18.12.8.250:42847>
...
006 (264470.000.000) 04/27 18:10:38 Image size of job updated: 24544
	2  -  MemoryUsage of job (MB)
	1592  -  ResidentSetSize of job (KB)
...
006 (264470.000.000) 04/27 18:15:38 Image size of job updated: 247956
	115  -  MemoryUsage of job (MB)
	116872  -  ResidentSetSize of job (KB)
...
006 (264470.000.000) 04/27 18:19:17 Image size of job updated: 315340
	115  -  MemoryUsage of job (MB)
	116872  -  ResidentSetSize of job (KB)
...
005 (264470.000.000) 04/27 18:19:17 Job terminated.
	(1) Normal termination (return value 0)
		Usr 0 00:07:32, Sys 0 00:00:05  -  Run Remote Usage
		Usr 0 00:00:00, Sys 0 00:00:00  -  Run Local Usage
		Usr 0 00:07:32, Sys 0 00:00:05  -  Total Remote Usage
		Usr 0 00:00:00, Sys 0 00:00:00  -  Total Local Usage
	15086  -  Run Bytes Sent By Job
	33285  -  Run Bytes Received By Job
	15086  -  Total Bytes Sent By Job
	33285  -  Total Bytes Received By Job
	Partitionable Resources :    Usage  Request          
	   Cpus                 :                 1          
	   Disk (KB)            :      155      155          
	   Memory (MB)          :      115      115          
...
000 (265384.000.000) 04/28 00:03:51 Job submitted from host: <18.12.1.74:45694>
...
001 (265384.000.000) 04/28 00:04:32 Job executing on host: <18.12.8.237:47300>
...
006 (265384.000.000) 04/28 00:04:33 Image size of job updated: 1
	0  -  MemoryUsage of job (MB)
	0  -  ResidentSetSize of job (KB)
...
005 (265384.000.000) 04/28 00:04:33 Job terminated.
	(1) Normal termination (return value 1)
		Usr 0 00:00:00, Sys 0 00:00:00  -  Run Remote Usage
		Usr 0 00:00:00, Sys 0 00:00:00  -  Run Local Usage
		Usr 0 00:00:00, Sys 0 00:00:00  -  Total Remote Usage
		Usr 0 00:00:00, Sys 0 00:00:00  -  Total Local Usage
	1211  -  Run Bytes Sent By Job
	33798  -  Run Bytes Received By Job
	1211  -  Total Bytes Sent By Job
	33798  -  Total Bytes Received By Job
	Partitionable Resources :    Usage  Request          
	   Cpus                 :                 1          
	   Disk (KB)            :       57       57          
	   Memory (MB)          :        0        0          
...
000 (265590.000.000) 04/28 02:01:44 Job submitted from host: <18.12.1.74:45694>
...
001 (265590.000.000) 04/28 02:02:10 Job executing on host: <18.12.9.17:44234>
...
006 (265590.000.000) 04/28 02:02:18 Image size of job updated: 211384
	105  -  MemoryUsage of job (MB)
	106920  -  ResidentSetSize of job (KB)
...
006 (265590.000.000) 04/28 02:07:18 Image size of job updated: 247992
	113  -  MemoryUsage of job (MB)
	115524  -  ResidentSetSize of job (KB)
...
006 (265590.000.000) 04/28 02:12:18 Image size of job updated: 315448
	166  -  MemoryUsage of job (MB)
	169292  -  ResidentSetSize of job (KB)
...
006 (265590.000.000) 04/28 02:17:18 Image size of job updated: 320032
	170  -  MemoryUsage of job (MB)
	173912  -  ResidentSetSize of job (KB)
...
006 (265590.000.000) 04/28 02:22:18 Image size of job updated: 326328
	177  -  MemoryUsage of job (MB)
	180396  -  ResidentSetSize of job (KB)
...
006 (265590.000.000) 04/28 02:27:19 Image size of job updated: 332576
	183  -  MemoryUsage of job (MB)
	186584  -  ResidentSetSize of job (KB)
...
006 (265590.000.000) 04/28 02:32:19 Image size of job updated: 339128
	189  -  MemoryUsage of job (MB)
	193140  -  ResidentSetSize of job (KB)
...
006 (265590.000.000) 04/28 02:36:11 Image size of job updated: 344148
	189  -  MemoryUsage of job (MB)
	193140  -  ResidentSetSize of job (KB)
...
005 (265590.000.000) 04/28 02:36:11 Job terminated.
	(1) Normal termination (return value 0)
		Usr 0 00:31:27, Sys 0 00:01:17  -  Run Remote Usage
		Usr 0 00:00:00, Sys 0 00:00:00  -  Run Local Usage
		Usr 0 00:31:27, Sys 0 00:01:17  -  Total Remote Usage
		Usr 0 00:00:00, Sys 0 00:00:00  -  Total Local Usage
	112928  -  Run Bytes Sent By Job
	33812  -  Run Bytes Received By Job
	112928  -  Total Bytes Sent By Job
	33812  -  Total Bytes Received By Job
	Partitionable Resources :    Usage  Request          
	   Cpus                 :                 1          
	   Disk (KB)            :     2359     2359          
	   Memory (MB)          :      189      189          
...
