000 (263933.000.000) 04/26 04:23:05 Job submitted from host: <18.12.1.74:45694>
...
001 (263933.000.000) 04/26 04:24:18 Job executing on host: <18.12.8.232:49928>
...
006 (263933.000.000) 04/26 04:24:27 Image size of job updated: 110820
	26  -  MemoryUsage of job (MB)
	26340  -  ResidentSetSize of job (KB)
...
006 (263933.000.000) 04/26 04:29:28 Image size of job updated: 247532
	114  -  MemoryUsage of job (MB)
	116612  -  ResidentSetSize of job (KB)
...
006 (263933.000.000) 04/26 04:34:28 Image size of job updated: 314508
	166  -  MemoryUsage of job (MB)
	169796  -  ResidentSetSize of job (KB)
...
006 (263933.000.000) 04/26 04:39:28 Image size of job updated: 318032
	172  -  MemoryUsage of job (MB)
	175836  -  ResidentSetSize of job (KB)
...
006 (263933.000.000) 04/26 04:44:30 Image size of job updated: 320228
	173  -  MemoryUsage of job (MB)
	176704  -  ResidentSetSize of job (KB)
...
006 (263933.000.000) 04/26 04:49:30 Image size of job updated: 324464
	177  -  MemoryUsage of job (MB)
	181240  -  ResidentSetSize of job (KB)
...
006 (263933.000.000) 04/26 04:54:32 Image size of job updated: 329476
	182  -  MemoryUsage of job (MB)
	186240  -  ResidentSetSize of job (KB)
...
006 (263933.000.000) 04/26 04:59:32 Image size of job updated: 335652
	188  -  MemoryUsage of job (MB)
	192236  -  ResidentSetSize of job (KB)
...
006 (263933.000.000) 04/26 05:04:33 Image size of job updated: 341444
	188  -  MemoryUsage of job (MB)
	192236  -  ResidentSetSize of job (KB)
...
006 (263933.000.000) 04/26 05:09:33 Image size of job updated: 346456
	188  -  MemoryUsage of job (MB)
	192236  -  ResidentSetSize of job (KB)
...
006 (263933.000.000) 04/26 05:14:33 Image size of job updated: 350328
	192  -  MemoryUsage of job (MB)
	195976  -  ResidentSetSize of job (KB)
...
006 (263933.000.000) 04/26 05:17:03 Image size of job updated: 352228
	192  -  MemoryUsage of job (MB)
	195976  -  ResidentSetSize of job (KB)
...
005 (263933.000.000) 04/26 05:17:03 Job terminated.
	(1) Normal termination (return value 0)
		Usr 0 00:50:00, Sys 0 00:01:40  -  Run Remote Usage
		Usr 0 00:00:00, Sys 0 00:00:00  -  Run Local Usage
		Usr 0 00:50:00, Sys 0 00:01:40  -  Total Remote Usage
		Usr 0 00:00:00, Sys 0 00:00:00  -  Total Local Usage
	141963  -  Run Bytes Sent By Job
	32753  -  Run Bytes Received By Job
	141963  -  Total Bytes Sent By Job
	32753  -  Total Bytes Received By Job
	Partitionable Resources :    Usage  Request          
	   Cpus                 :                 1          
	   Disk (KB)            :     3304     3304          
	   Memory (MB)          :      192      192          
...
000 (265393.000.000) 04/28 00:03:52 Job submitted from host: <18.12.1.74:45694>
...
001 (265393.000.000) 04/28 00:04:33 Job executing on host: <18.12.12.16:47738>
...
006 (265393.000.000) 04/28 00:04:33 Image size of job updated: 1
	0  -  MemoryUsage of job (MB)
	0  -  ResidentSetSize of job (KB)
...
005 (265393.000.000) 04/28 00:04:34 Job terminated.
	(1) Normal termination (return value 1)
		Usr 0 00:00:00, Sys 0 00:00:00  -  Run Remote Usage
		Usr 0 00:00:00, Sys 0 00:00:00  -  Run Local Usage
		Usr 0 00:00:00, Sys 0 00:00:00  -  Total Remote Usage
		Usr 0 00:00:00, Sys 0 00:00:00  -  Total Local Usage
	1211  -  Run Bytes Sent By Job
	33798  -  Run Bytes Received By Job
	1211  -  Total Bytes Sent By Job
	33798  -  Total Bytes Received By Job
	Partitionable Resources :    Usage  Request          
	   Cpus                 :                 1          
	   Disk (KB)            :       57       57          
	   Memory (MB)          :        0        0          
...
000 (265599.000.000) 04/28 02:01:45 Job submitted from host: <18.12.1.74:45694>
...
001 (265599.000.000) 04/28 02:02:09 Job executing on host: <18.12.12.4:49636>
...
006 (265599.000.000) 04/28 02:02:18 Image size of job updated: 211384
	105  -  MemoryUsage of job (MB)
	106908  -  ResidentSetSize of job (KB)
...
006 (265599.000.000) 04/28 02:07:19 Image size of job updated: 247576
	113  -  MemoryUsage of job (MB)
	115096  -  ResidentSetSize of job (KB)
...
006 (265599.000.000) 04/28 02:12:19 Image size of job updated: 312520
	163  -  MemoryUsage of job (MB)
	166144  -  ResidentSetSize of job (KB)
...
006 (265599.000.000) 04/28 02:17:20 Image size of job updated: 317524
	168  -  MemoryUsage of job (MB)
	171176  -  ResidentSetSize of job (KB)
...
006 (265599.000.000) 04/28 02:22:20 Image size of job updated: 321408
	172  -  MemoryUsage of job (MB)
	175328  -  ResidentSetSize of job (KB)
...
006 (265599.000.000) 04/28 02:27:22 Image size of job updated: 326400
	177  -  MemoryUsage of job (MB)
	180344  -  ResidentSetSize of job (KB)
...
006 (265599.000.000) 04/28 02:32:22 Image size of job updated: 331428
	182  -  MemoryUsage of job (MB)
	185372  -  ResidentSetSize of job (KB)
...
006 (265599.000.000) 04/28 02:37:22 Image size of job updated: 336424
	186  -  MemoryUsage of job (MB)
	190376  -  ResidentSetSize of job (KB)
...
006 (265599.000.000) 04/28 02:42:23 Image size of job updated: 341448
	191  -  MemoryUsage of job (MB)
	195412  -  ResidentSetSize of job (KB)
...
006 (265599.000.000) 04/28 02:44:54 Image size of job updated: 344144
	191  -  MemoryUsage of job (MB)
	195412  -  ResidentSetSize of job (KB)
...
005 (265599.000.000) 04/28 02:44:54 Job terminated.
	(1) Normal termination (return value 0)
		Usr 0 00:39:20, Sys 0 00:01:25  -  Run Remote Usage
		Usr 0 00:00:00, Sys 0 00:00:00  -  Run Local Usage
		Usr 0 00:39:20, Sys 0 00:01:25  -  Total Remote Usage
		Usr 0 00:00:00, Sys 0 00:00:00  -  Total Local Usage
	112913  -  Run Bytes Sent By Job
	33812  -  Run Bytes Received By Job
	112913  -  Total Bytes Sent By Job
	33812  -  Total Bytes Received By Job
	Partitionable Resources :    Usage  Request          
	   Cpus                 :                 1          
	   Disk (KB)            :     2552     2552          
	   Memory (MB)          :      191      191          
...
