000 (263928.000.000) 04/26 04:23:05 Job submitted from host: <18.12.1.74:45694>
...
001 (263928.000.000) 04/26 04:24:17 Job executing on host: <18.12.9.14:46278>
...
006 (263928.000.000) 04/26 04:24:27 Image size of job updated: 211548
	105  -  MemoryUsage of job (MB)
	107044  -  ResidentSetSize of job (KB)
...
006 (263928.000.000) 04/26 04:29:27 Image size of job updated: 247524
	113  -  MemoryUsage of job (MB)
	115124  -  ResidentSetSize of job (KB)
...
006 (263928.000.000) 04/26 04:34:27 Image size of job updated: 314480
	166  -  MemoryUsage of job (MB)
	169516  -  ResidentSetSize of job (KB)
...
006 (263928.000.000) 04/26 04:39:28 Image size of job updated: 317944
	171  -  MemoryUsage of job (MB)
	174360  -  ResidentSetSize of job (KB)
...
006 (263928.000.000) 04/26 04:44:28 Image size of job updated: 320560
	171  -  MemoryUsage of job (MB)
	174360  -  ResidentSetSize of job (KB)
...
006 (263928.000.000) 04/26 04:49:29 Image size of job updated: 324732
	172  -  MemoryUsage of job (MB)
	175320  -  ResidentSetSize of job (KB)
...
006 (263928.000.000) 04/26 04:54:29 Image size of job updated: 329808
	177  -  MemoryUsage of job (MB)
	180252  -  ResidentSetSize of job (KB)
...
006 (263928.000.000) 04/26 04:59:31 Image size of job updated: 336296
	183  -  MemoryUsage of job (MB)
	186724  -  ResidentSetSize of job (KB)
...
006 (263928.000.000) 04/26 05:04:31 Image size of job updated: 342916
	189  -  MemoryUsage of job (MB)
	193304  -  ResidentSetSize of job (KB)
...
006 (263928.000.000) 04/26 05:09:33 Image size of job updated: 346824
	193  -  MemoryUsage of job (MB)
	197216  -  ResidentSetSize of job (KB)
...
006 (263928.000.000) 04/26 05:14:33 Image size of job updated: 350324
	197  -  MemoryUsage of job (MB)
	200708  -  ResidentSetSize of job (KB)
...
006 (263928.000.000) 04/26 05:17:41 Image size of job updated: 352224
	197  -  MemoryUsage of job (MB)
	200708  -  ResidentSetSize of job (KB)
...
005 (263928.000.000) 04/26 05:17:41 Job terminated.
	(1) Normal termination (return value 0)
		Usr 0 00:50:21, Sys 0 00:01:44  -  Run Remote Usage
		Usr 0 00:00:00, Sys 0 00:00:00  -  Run Local Usage
		Usr 0 00:50:21, Sys 0 00:01:44  -  Total Remote Usage
		Usr 0 00:00:00, Sys 0 00:00:00  -  Total Local Usage
	141044  -  Run Bytes Sent By Job
	32753  -  Run Bytes Received By Job
	141044  -  Total Bytes Sent By Job
	32753  -  Total Bytes Received By Job
	Partitionable Resources :    Usage  Request          
	   Cpus                 :                 1          
	   Disk (KB)            :     3313     3313          
	   Memory (MB)          :      197      197          
...
000 (265388.000.000) 04/28 00:03:52 Job submitted from host: <18.12.1.74:45694>
...
001 (265388.000.000) 04/28 00:04:33 Job executing on host: <18.12.8.249:49198>
...
006 (265388.000.000) 04/28 00:04:33 Image size of job updated: 1
	0  -  MemoryUsage of job (MB)
	0  -  ResidentSetSize of job (KB)
...
005 (265388.000.000) 04/28 00:04:34 Job terminated.
	(1) Normal termination (return value 1)
		Usr 0 00:00:00, Sys 0 00:00:00  -  Run Remote Usage
		Usr 0 00:00:00, Sys 0 00:00:00  -  Run Local Usage
		Usr 0 00:00:00, Sys 0 00:00:00  -  Total Remote Usage
		Usr 0 00:00:00, Sys 0 00:00:00  -  Total Local Usage
	1211  -  Run Bytes Sent By Job
	33798  -  Run Bytes Received By Job
	1211  -  Total Bytes Sent By Job
	33798  -  Total Bytes Received By Job
	Partitionable Resources :    Usage  Request          
	   Cpus                 :                 1          
	   Disk (KB)            :       57       57          
	   Memory (MB)          :        0        0          
...
000 (265594.000.000) 04/28 02:01:44 Job submitted from host: <18.12.1.74:45694>
...
001 (265594.000.000) 04/28 02:02:10 Job executing on host: <18.12.9.23:49636>
...
006 (265594.000.000) 04/28 02:02:18 Image size of job updated: 1
	2  -  MemoryUsage of job (MB)
	1708  -  ResidentSetSize of job (KB)
...
006 (265594.000.000) 04/28 02:07:19 Image size of job updated: 247992
	113  -  MemoryUsage of job (MB)
	115516  -  ResidentSetSize of job (KB)
...
006 (265594.000.000) 04/28 02:12:19 Image size of job updated: 315484
	166  -  MemoryUsage of job (MB)
	169284  -  ResidentSetSize of job (KB)
...
006 (265594.000.000) 04/28 02:17:19 Image size of job updated: 320536
	171  -  MemoryUsage of job (MB)
	174296  -  ResidentSetSize of job (KB)
...
006 (265594.000.000) 04/28 02:22:20 Image size of job updated: 326332
	177  -  MemoryUsage of job (MB)
	180380  -  ResidentSetSize of job (KB)
...
006 (265594.000.000) 04/28 02:27:20 Image size of job updated: 332508
	183  -  MemoryUsage of job (MB)
	186556  -  ResidentSetSize of job (KB)
...
006 (265594.000.000) 04/28 02:32:21 Image size of job updated: 339460
	189  -  MemoryUsage of job (MB)
	193508  -  ResidentSetSize of job (KB)
...
006 (265594.000.000) 04/28 02:35:41 Image size of job updated: 344148
	189  -  MemoryUsage of job (MB)
	193508  -  ResidentSetSize of job (KB)
...
005 (265594.000.000) 04/28 02:35:41 Job terminated.
	(1) Normal termination (return value 0)
		Usr 0 00:30:39, Sys 0 00:01:16  -  Run Remote Usage
		Usr 0 00:00:00, Sys 0 00:00:00  -  Run Local Usage
		Usr 0 00:30:39, Sys 0 00:01:16  -  Total Remote Usage
		Usr 0 00:00:00, Sys 0 00:00:00  -  Total Local Usage
	112930  -  Run Bytes Sent By Job
	33812  -  Run Bytes Received By Job
	112930  -  Total Bytes Sent By Job
	33812  -  Total Bytes Received By Job
	Partitionable Resources :    Usage  Request          
	   Cpus                 :                 1          
	   Disk (KB)            :     2359     2359          
	   Memory (MB)          :      189      189          
...
