000 (263930.000.000) 04/26 04:23:05 Job submitted from host: <18.12.1.74:45694>
...
001 (263930.000.000) 04/26 04:24:18 Job executing on host: <18.12.8.152:46497>
...
006 (263930.000.000) 04/26 04:24:26 Image size of job updated: 1
	2  -  MemoryUsage of job (MB)
	1700  -  ResidentSetSize of job (KB)
...
006 (263930.000.000) 04/26 04:29:26 Image size of job updated: 247060
	112  -  MemoryUsage of job (MB)
	114620  -  ResidentSetSize of job (KB)
...
006 (263930.000.000) 04/26 04:34:27 Image size of job updated: 248776
	114  -  MemoryUsage of job (MB)
	116496  -  ResidentSetSize of job (KB)
...
006 (263930.000.000) 04/26 04:39:27 Image size of job updated: 316540
	169  -  MemoryUsage of job (MB)
	173004  -  ResidentSetSize of job (KB)
...
006 (263930.000.000) 04/26 04:44:28 Image size of job updated: 319244
	172  -  MemoryUsage of job (MB)
	175688  -  ResidentSetSize of job (KB)
...
006 (263930.000.000) 04/26 04:49:28 Image size of job updated: 322488
	175  -  MemoryUsage of job (MB)
	179128  -  ResidentSetSize of job (KB)
...
006 (263930.000.000) 04/26 04:54:29 Image size of job updated: 326784
	180  -  MemoryUsage of job (MB)
	183440  -  ResidentSetSize of job (KB)
...
006 (263930.000.000) 04/26 04:59:29 Image size of job updated: 331792
	184  -  MemoryUsage of job (MB)
	187536  -  ResidentSetSize of job (KB)
...
006 (263930.000.000) 04/26 05:04:30 Image size of job updated: 336804
	184  -  MemoryUsage of job (MB)
	187536  -  ResidentSetSize of job (KB)
...
006 (263930.000.000) 04/26 05:09:30 Image size of job updated: 342200
	188  -  MemoryUsage of job (MB)
	191960  -  ResidentSetSize of job (KB)
...
006 (263930.000.000) 04/26 05:14:32 Image size of job updated: 346832
	192  -  MemoryUsage of job (MB)
	196388  -  ResidentSetSize of job (KB)
...
006 (263930.000.000) 04/26 05:19:32 Image size of job updated: 350304
	196  -  MemoryUsage of job (MB)
	199836  -  ResidentSetSize of job (KB)
...
006 (263930.000.000) 04/26 05:22:37 Image size of job updated: 352276
	196  -  MemoryUsage of job (MB)
	199836  -  ResidentSetSize of job (KB)
...
005 (263930.000.000) 04/26 05:22:37 Job terminated.
	(1) Normal termination (return value 0)
		Usr 0 00:46:50, Sys 0 00:01:33  -  Run Remote Usage
		Usr 0 00:00:00, Sys 0 00:00:00  -  Run Local Usage
		Usr 0 00:46:50, Sys 0 00:01:33  -  Total Remote Usage
		Usr 0 00:00:00, Sys 0 00:00:00  -  Total Local Usage
	141159  -  Run Bytes Sent By Job
	32753  -  Run Bytes Received By Job
	141159  -  Total Bytes Sent By Job
	32753  -  Total Bytes Received By Job
	Partitionable Resources :    Usage  Request          
	   Cpus                 :                 1          
	   Disk (KB)            :     3344     3344          
	   Memory (MB)          :      196      196          
...
000 (265390.000.000) 04/28 00:03:52 Job submitted from host: <18.12.1.74:45694>
...
001 (265390.000.000) 04/28 00:04:33 Job executing on host: <18.12.8.189:40146>
...
006 (265390.000.000) 04/28 00:04:33 Image size of job updated: 1
	0  -  MemoryUsage of job (MB)
	0  -  ResidentSetSize of job (KB)
...
005 (265390.000.000) 04/28 00:04:34 Job terminated.
	(1) Normal termination (return value 1)
		Usr 0 00:00:00, Sys 0 00:00:00  -  Run Remote Usage
		Usr 0 00:00:00, Sys 0 00:00:00  -  Run Local Usage
		Usr 0 00:00:00, Sys 0 00:00:00  -  Total Remote Usage
		Usr 0 00:00:00, Sys 0 00:00:00  -  Total Local Usage
	1211  -  Run Bytes Sent By Job
	33798  -  Run Bytes Received By Job
	1211  -  Total Bytes Sent By Job
	33798  -  Total Bytes Received By Job
	Partitionable Resources :    Usage  Request          
	   Cpus                 :                 1          
	   Disk (KB)            :       57       57          
	   Memory (MB)          :        0        0          
...
000 (265596.000.000) 04/28 02:01:44 Job submitted from host: <18.12.1.74:45694>
...
001 (265596.000.000) 04/28 02:02:10 Job executing on host: <18.12.12.1:46497>
...
006 (265596.000.000) 04/28 02:02:18 Image size of job updated: 1
	2  -  MemoryUsage of job (MB)
	1708  -  ResidentSetSize of job (KB)
...
006 (265596.000.000) 04/28 02:07:19 Image size of job updated: 247584
	113  -  MemoryUsage of job (MB)
	115108  -  ResidentSetSize of job (KB)
...
006 (265596.000.000) 04/28 02:12:19 Image size of job updated: 315492
	166  -  MemoryUsage of job (MB)
	169268  -  ResidentSetSize of job (KB)
...
006 (265596.000.000) 04/28 02:17:19 Image size of job updated: 318548
	169  -  MemoryUsage of job (MB)
	172344  -  ResidentSetSize of job (KB)
...
006 (265596.000.000) 04/28 02:22:20 Image size of job updated: 323700
	174  -  MemoryUsage of job (MB)
	177672  -  ResidentSetSize of job (KB)
...
006 (265596.000.000) 04/28 02:27:20 Image size of job updated: 329092
	179  -  MemoryUsage of job (MB)
	183084  -  ResidentSetSize of job (KB)
...
006 (265596.000.000) 04/28 02:32:21 Image size of job updated: 334892
	185  -  MemoryUsage of job (MB)
	188900  -  ResidentSetSize of job (KB)
...
006 (265596.000.000) 04/28 02:37:21 Image size of job updated: 341072
	191  -  MemoryUsage of job (MB)
	195080  -  ResidentSetSize of job (KB)
...
006 (265596.000.000) 04/28 02:39:40 Image size of job updated: 344164
	191  -  MemoryUsage of job (MB)
	195080  -  ResidentSetSize of job (KB)
...
005 (265596.000.000) 04/28 02:39:40 Job terminated.
	(1) Normal termination (return value 0)
		Usr 0 00:34:28, Sys 0 00:01:19  -  Run Remote Usage
		Usr 0 00:00:00, Sys 0 00:00:00  -  Run Local Usage
		Usr 0 00:34:28, Sys 0 00:01:19  -  Total Remote Usage
		Usr 0 00:00:00, Sys 0 00:00:00  -  Total Local Usage
	112935  -  Run Bytes Sent By Job
	33812  -  Run Bytes Received By Job
	112935  -  Total Bytes Sent By Job
	33812  -  Total Bytes Received By Job
	Partitionable Resources :    Usage  Request          
	   Cpus                 :                 1          
	   Disk (KB)            :     2523     2523          
	   Memory (MB)          :      191      191          
...
