000 (263922.000.000) 04/26 04:23:04 Job submitted from host: <18.12.1.74:45694>
...
001 (263922.000.000) 04/26 04:24:17 Job executing on host: <18.12.8.111:46132>
...
006 (263922.000.000) 04/26 04:24:25 Image size of job updated: 200688
	67  -  MemoryUsage of job (MB)
	68292  -  ResidentSetSize of job (KB)
...
006 (263922.000.000) 04/26 04:29:25 Image size of job updated: 247528
	113  -  MemoryUsage of job (MB)
	115112  -  ResidentSetSize of job (KB)
...
006 (263922.000.000) 04/26 04:34:26 Image size of job updated: 248760
	114  -  MemoryUsage of job (MB)
	116508  -  ResidentSetSize of job (KB)
...
006 (263922.000.000) 04/26 04:39:26 Image size of job updated: 316436
	169  -  MemoryUsage of job (MB)
	172964  -  ResidentSetSize of job (KB)
...
006 (263922.000.000) 04/26 04:44:27 Image size of job updated: 319848
	173  -  MemoryUsage of job (MB)
	176208  -  ResidentSetSize of job (KB)
...
006 (263922.000.000) 04/26 04:49:27 Image size of job updated: 323640
	177  -  MemoryUsage of job (MB)
	180276  -  ResidentSetSize of job (KB)
...
006 (263922.000.000) 04/26 04:54:29 Image size of job updated: 327924
	180  -  MemoryUsage of job (MB)
	183792  -  ResidentSetSize of job (KB)
...
006 (263922.000.000) 04/26 04:59:29 Image size of job updated: 333332
	180  -  MemoryUsage of job (MB)
	183792  -  ResidentSetSize of job (KB)
...
006 (263922.000.000) 04/26 05:04:31 Image size of job updated: 339064
	180  -  MemoryUsage of job (MB)
	183792  -  ResidentSetSize of job (KB)
...
006 (263922.000.000) 04/26 05:09:31 Image size of job updated: 344120
	184  -  MemoryUsage of job (MB)
	187820  -  ResidentSetSize of job (KB)
...
006 (263922.000.000) 04/26 05:14:32 Image size of job updated: 347552
	187  -  MemoryUsage of job (MB)
	191252  -  ResidentSetSize of job (KB)
...
006 (263922.000.000) 04/26 05:19:32 Image size of job updated: 351468
	191  -  MemoryUsage of job (MB)
	195176  -  ResidentSetSize of job (KB)
...
006 (263922.000.000) 04/26 05:20:40 Image size of job updated: 352240
	191  -  MemoryUsage of job (MB)
	195176  -  ResidentSetSize of job (KB)
...
005 (263922.000.000) 04/26 05:20:40 Job terminated.
	(1) Normal termination (return value 0)
		Usr 0 00:50:59, Sys 0 00:03:35  -  Run Remote Usage
		Usr 0 00:00:00, Sys 0 00:00:00  -  Run Local Usage
		Usr 0 00:50:59, Sys 0 00:03:35  -  Total Remote Usage
		Usr 0 00:00:00, Sys 0 00:00:00  -  Total Local Usage
	141023  -  Run Bytes Sent By Job
	32753  -  Run Bytes Received By Job
	141023  -  Total Bytes Sent By Job
	32753  -  Total Bytes Received By Job
	Partitionable Resources :    Usage  Request          
	   Cpus                 :                 1          
	   Disk (KB)            :     3427     3427          
	   Memory (MB)          :      191      191          
...
000 (264468.000.000) 04/27 18:09:26 Job submitted from host: <18.12.1.74:45694>
...
001 (264468.000.000) 04/27 18:10:30 Job executing on host: <18.12.8.232:49928>
...
006 (264468.000.000) 04/27 18:10:38 Image size of job updated: 211588
	105  -  MemoryUsage of job (MB)
	107064  -  ResidentSetSize of job (KB)
...
006 (264468.000.000) 04/27 18:15:38 Image size of job updated: 247952
	115  -  MemoryUsage of job (MB)
	117512  -  ResidentSetSize of job (KB)
...
006 (264468.000.000) 04/27 18:18:39 Image size of job updated: 315448
	115  -  MemoryUsage of job (MB)
	117512  -  ResidentSetSize of job (KB)
...
005 (264468.000.000) 04/27 18:18:39 Job terminated.
	(1) Normal termination (return value 0)
		Usr 0 00:07:32, Sys 0 00:00:06  -  Run Remote Usage
		Usr 0 00:00:00, Sys 0 00:00:00  -  Run Local Usage
		Usr 0 00:07:32, Sys 0 00:00:06  -  Total Remote Usage
		Usr 0 00:00:00, Sys 0 00:00:00  -  Total Local Usage
	15084  -  Run Bytes Sent By Job
	33285  -  Run Bytes Received By Job
	15084  -  Total Bytes Sent By Job
	33285  -  Total Bytes Received By Job
	Partitionable Resources :    Usage  Request          
	   Cpus                 :                 1          
	   Disk (KB)            :      155      155          
	   Memory (MB)          :      115      115          
...
000 (265382.000.000) 04/28 00:03:51 Job submitted from host: <18.12.1.74:45694>
...
001 (265382.000.000) 04/28 00:04:32 Job executing on host: <18.12.8.164:48760>
...
006 (265382.000.000) 04/28 00:04:33 Image size of job updated: 1
	0  -  MemoryUsage of job (MB)
	0  -  ResidentSetSize of job (KB)
...
005 (265382.000.000) 04/28 00:04:33 Job terminated.
	(1) Normal termination (return value 1)
		Usr 0 00:00:00, Sys 0 00:00:00  -  Run Remote Usage
		Usr 0 00:00:00, Sys 0 00:00:00  -  Run Local Usage
		Usr 0 00:00:00, Sys 0 00:00:00  -  Total Remote Usage
		Usr 0 00:00:00, Sys 0 00:00:00  -  Total Local Usage
	1207  -  Run Bytes Sent By Job
	33798  -  Run Bytes Received By Job
	1207  -  Total Bytes Sent By Job
	33798  -  Total Bytes Received By Job
	Partitionable Resources :    Usage  Request          
	   Cpus                 :                 1          
	   Disk (KB)            :       57       57          
	   Memory (MB)          :        0        0          
...
000 (265588.000.000) 04/28 02:01:44 Job submitted from host: <18.12.1.74:45694>
...
001 (265588.000.000) 04/28 02:02:10 Job executing on host: <18.12.9.12:46862>
...
006 (265588.000.000) 04/28 02:02:18 Image size of job updated: 1
	2  -  MemoryUsage of job (MB)
	1708  -  ResidentSetSize of job (KB)
...
006 (265588.000.000) 04/28 02:07:18 Image size of job updated: 247988
	113  -  MemoryUsage of job (MB)
	115516  -  ResidentSetSize of job (KB)
...
006 (265588.000.000) 04/28 02:12:18 Image size of job updated: 315724
	166  -  MemoryUsage of job (MB)
	169568  -  ResidentSetSize of job (KB)
...
006 (265588.000.000) 04/28 02:17:18 Image size of job updated: 320592
	171  -  MemoryUsage of job (MB)
	174232  -  ResidentSetSize of job (KB)
...
006 (265588.000.000) 04/28 02:22:18 Image size of job updated: 327148
	177  -  MemoryUsage of job (MB)
	181084  -  ResidentSetSize of job (KB)
...
006 (265588.000.000) 04/28 02:27:19 Image size of job updated: 333720
	183  -  MemoryUsage of job (MB)
	186884  -  ResidentSetSize of job (KB)
...
006 (265588.000.000) 04/28 02:32:19 Image size of job updated: 340296
	189  -  MemoryUsage of job (MB)
	193488  -  ResidentSetSize of job (KB)
...
006 (265588.000.000) 04/28 02:35:10 Image size of job updated: 344144
	189  -  MemoryUsage of job (MB)
	193488  -  ResidentSetSize of job (KB)
...
005 (265588.000.000) 04/28 02:35:10 Job terminated.
	(1) Normal termination (return value 0)
		Usr 0 00:30:17, Sys 0 00:01:16  -  Run Remote Usage
		Usr 0 00:00:00, Sys 0 00:00:00  -  Run Local Usage
		Usr 0 00:30:17, Sys 0 00:01:16  -  Total Remote Usage
		Usr 0 00:00:00, Sys 0 00:00:00  -  Total Local Usage
	112939  -  Run Bytes Sent By Job
	33812  -  Run Bytes Received By Job
	112939  -  Total Bytes Sent By Job
	33812  -  Total Bytes Received By Job
	Partitionable Resources :    Usage  Request          
	   Cpus                 :                 1          
	   Disk (KB)            :     2425     2425          
	   Memory (MB)          :      189      189          
...
