000 (263927.000.000) 04/26 04:23:05 Job submitted from host: <18.12.1.74:45694>
...
001 (263927.000.000) 04/26 04:24:21 Job executing on host: <18.12.12.8:49709>
...
006 (263927.000.000) 04/26 04:24:30 Image size of job updated: 1
	2  -  MemoryUsage of job (MB)
	1708  -  ResidentSetSize of job (KB)
...
006 (263927.000.000) 04/26 04:29:31 Image size of job updated: 247528
	113  -  MemoryUsage of job (MB)
	115128  -  ResidentSetSize of job (KB)
...
006 (263927.000.000) 04/26 04:34:31 Image size of job updated: 248772
	114  -  MemoryUsage of job (MB)
	116524  -  ResidentSetSize of job (KB)
...
006 (263927.000.000) 04/26 04:39:33 Image size of job updated: 316380
	169  -  MemoryUsage of job (MB)
	172860  -  ResidentSetSize of job (KB)
...
006 (263927.000.000) 04/26 04:44:33 Image size of job updated: 319144
	169  -  MemoryUsage of job (MB)
	172860  -  ResidentSetSize of job (KB)
...
006 (263927.000.000) 04/26 04:49:35 Image size of job updated: 322588
	169  -  MemoryUsage of job (MB)
	172860  -  ResidentSetSize of job (KB)
...
006 (263927.000.000) 04/26 04:54:35 Image size of job updated: 326444
	169  -  MemoryUsage of job (MB)
	172860  -  ResidentSetSize of job (KB)
...
006 (263927.000.000) 04/26 04:59:36 Image size of job updated: 331088
	174  -  MemoryUsage of job (MB)
	177248  -  ResidentSetSize of job (KB)
...
006 (263927.000.000) 04/26 05:04:36 Image size of job updated: 336544
	178  -  MemoryUsage of job (MB)
	182188  -  ResidentSetSize of job (KB)
...
006 (263927.000.000) 04/26 05:09:37 Image size of job updated: 340396
	182  -  MemoryUsage of job (MB)
	186048  -  ResidentSetSize of job (KB)
...
006 (263927.000.000) 04/26 05:14:37 Image size of job updated: 343856
	186  -  MemoryUsage of job (MB)
	189516  -  ResidentSetSize of job (KB)
...
006 (263927.000.000) 04/26 05:19:37 Image size of job updated: 347336
	189  -  MemoryUsage of job (MB)
	192988  -  ResidentSetSize of job (KB)
...
006 (263927.000.000) 04/26 05:24:38 Image size of job updated: 350812
	192  -  MemoryUsage of job (MB)
	196464  -  ResidentSetSize of job (KB)
...
006 (263927.000.000) 04/26 05:26:55 Image size of job updated: 352560
	192  -  MemoryUsage of job (MB)
	196464  -  ResidentSetSize of job (KB)
...
005 (263927.000.000) 04/26 05:26:55 Job terminated.
	(1) Normal termination (return value 0)
		Usr 0 00:59:17, Sys 0 00:01:41  -  Run Remote Usage
		Usr 0 00:00:00, Sys 0 00:00:00  -  Run Local Usage
		Usr 0 00:59:17, Sys 0 00:01:41  -  Total Remote Usage
		Usr 0 00:00:00, Sys 0 00:00:00  -  Total Local Usage
	142542  -  Run Bytes Sent By Job
	32753  -  Run Bytes Received By Job
	142542  -  Total Bytes Sent By Job
	32753  -  Total Bytes Received By Job
	Partitionable Resources :    Usage  Request          
	   Cpus                 :                 1          
	   Disk (KB)            :     3312     3312          
	   Memory (MB)          :      192      192          
...
000 (265387.000.000) 04/28 00:03:52 Job submitted from host: <18.12.1.74:45694>
...
001 (265387.000.000) 04/28 00:04:33 Job executing on host: <18.12.8.165:46351>
...
006 (265387.000.000) 04/28 00:04:33 Image size of job updated: 1
	0  -  MemoryUsage of job (MB)
	0  -  ResidentSetSize of job (KB)
...
005 (265387.000.000) 04/28 00:04:34 Job terminated.
	(1) Normal termination (return value 1)
		Usr 0 00:00:00, Sys 0 00:00:00  -  Run Remote Usage
		Usr 0 00:00:00, Sys 0 00:00:00  -  Run Local Usage
		Usr 0 00:00:00, Sys 0 00:00:00  -  Total Remote Usage
		Usr 0 00:00:00, Sys 0 00:00:00  -  Total Local Usage
	1211  -  Run Bytes Sent By Job
	33798  -  Run Bytes Received By Job
	1211  -  Total Bytes Sent By Job
	33798  -  Total Bytes Received By Job
	Partitionable Resources :    Usage  Request          
	   Cpus                 :                 1          
	   Disk (KB)            :       57       57          
	   Memory (MB)          :        0        0          
...
000 (265593.000.000) 04/28 02:01:44 Job submitted from host: <18.12.1.74:45694>
...
001 (265593.000.000) 04/28 02:02:10 Job executing on host: <18.12.9.18:41825>
...
006 (265593.000.000) 04/28 02:02:18 Image size of job updated: 1
	2  -  MemoryUsage of job (MB)
	1712  -  ResidentSetSize of job (KB)
...
006 (265593.000.000) 04/28 02:07:19 Image size of job updated: 247992
	113  -  MemoryUsage of job (MB)
	115536  -  ResidentSetSize of job (KB)
...
006 (265593.000.000) 04/28 02:12:19 Image size of job updated: 315680
	166  -  MemoryUsage of job (MB)
	169292  -  ResidentSetSize of job (KB)
...
006 (265593.000.000) 04/28 02:17:19 Image size of job updated: 320436
	170  -  MemoryUsage of job (MB)
	173968  -  ResidentSetSize of job (KB)
...
006 (265593.000.000) 04/28 02:22:19 Image size of job updated: 326496
	176  -  MemoryUsage of job (MB)
	180056  -  ResidentSetSize of job (KB)
...
006 (265593.000.000) 04/28 02:27:19 Image size of job updated: 332684
	182  -  MemoryUsage of job (MB)
	186240  -  ResidentSetSize of job (KB)
...
006 (265593.000.000) 04/28 02:32:19 Image size of job updated: 339272
	189  -  MemoryUsage of job (MB)
	192828  -  ResidentSetSize of job (KB)
...
006 (265593.000.000) 04/28 02:36:08 Image size of job updated: 344264
	189  -  MemoryUsage of job (MB)
	192828  -  ResidentSetSize of job (KB)
...
005 (265593.000.000) 04/28 02:36:08 Job terminated.
	(1) Normal termination (return value 0)
		Usr 0 00:31:04, Sys 0 00:01:19  -  Run Remote Usage
		Usr 0 00:00:00, Sys 0 00:00:00  -  Run Local Usage
		Usr 0 00:31:04, Sys 0 00:01:19  -  Total Remote Usage
		Usr 0 00:00:00, Sys 0 00:00:00  -  Total Local Usage
	112920  -  Run Bytes Sent By Job
	33812  -  Run Bytes Received By Job
	112920  -  Total Bytes Sent By Job
	33812  -  Total Bytes Received By Job
	Partitionable Resources :    Usage  Request          
	   Cpus                 :                 1          
	   Disk (KB)            :     2327     2327          
	   Memory (MB)          :      189      189          
...
