000 (263952.000.000) 04/26 04:23:07 Job submitted from host: <18.12.1.74:45694>
...
001 (263952.000.000) 04/26 04:24:19 Job executing on host: <18.12.8.245:40219>
...
006 (263952.000.000) 04/26 04:24:28 Image size of job updated: 1
	2  -  MemoryUsage of job (MB)
	1704  -  ResidentSetSize of job (KB)
...
006 (263952.000.000) 04/26 04:29:29 Image size of job updated: 247528
	109  -  MemoryUsage of job (MB)
	111268  -  ResidentSetSize of job (KB)
...
006 (263952.000.000) 04/26 04:34:30 Image size of job updated: 248772
	109  -  MemoryUsage of job (MB)
	111268  -  ResidentSetSize of job (KB)
...
006 (263952.000.000) 04/26 04:39:30 Image size of job updated: 317800
	163  -  MemoryUsage of job (MB)
	166124  -  ResidentSetSize of job (KB)
...
006 (263952.000.000) 04/26 04:44:31 Image size of job updated: 320232
	165  -  MemoryUsage of job (MB)
	168392  -  ResidentSetSize of job (KB)
...
006 (263952.000.000) 04/26 04:49:32 Image size of job updated: 324468
	169  -  MemoryUsage of job (MB)
	172396  -  ResidentSetSize of job (KB)
...
006 (263952.000.000) 04/26 04:54:32 Image size of job updated: 329092
	173  -  MemoryUsage of job (MB)
	177020  -  ResidentSetSize of job (KB)
...
006 (263952.000.000) 04/26 04:59:34 Image size of job updated: 334496
	179  -  MemoryUsage of job (MB)
	182436  -  ResidentSetSize of job (KB)
...
006 (263952.000.000) 04/26 05:04:34 Image size of job updated: 340528
	184  -  MemoryUsage of job (MB)
	188272  -  ResidentSetSize of job (KB)
...
006 (263952.000.000) 04/26 05:09:36 Image size of job updated: 345532
	189  -  MemoryUsage of job (MB)
	193276  -  ResidentSetSize of job (KB)
...
006 (263952.000.000) 04/26 05:14:36 Image size of job updated: 349776
	193  -  MemoryUsage of job (MB)
	197520  -  ResidentSetSize of job (KB)
...
006 (263952.000.000) 04/26 05:18:06 Image size of job updated: 352792
	193  -  MemoryUsage of job (MB)
	197520  -  ResidentSetSize of job (KB)
...
005 (263952.000.000) 04/26 05:18:06 Job terminated.
	(1) Normal termination (return value 0)
		Usr 0 00:50:44, Sys 0 00:01:46  -  Run Remote Usage
		Usr 0 00:00:00, Sys 0 00:00:00  -  Run Local Usage
		Usr 0 00:50:44, Sys 0 00:01:46  -  Total Remote Usage
		Usr 0 00:00:00, Sys 0 00:00:00  -  Total Local Usage
	140804  -  Run Bytes Sent By Job
	32753  -  Run Bytes Received By Job
	140804  -  Total Bytes Sent By Job
	32753  -  Total Bytes Received By Job
	Partitionable Resources :    Usage  Request          
	   Cpus                 :                 1          
	   Disk (KB)            :     3227     3227          
	   Memory (MB)          :      193      193          
...
000 (265412.000.000) 04/28 00:03:55 Job submitted from host: <18.12.1.74:45694>
...
001 (265412.000.000) 04/28 00:04:34 Job executing on host: <18.12.8.217:48030>
...
006 (265412.000.000) 04/28 00:04:35 Image size of job updated: 1
	0  -  MemoryUsage of job (MB)
	0  -  ResidentSetSize of job (KB)
...
005 (265412.000.000) 04/28 00:04:35 Job terminated.
	(1) Normal termination (return value 1)
		Usr 0 00:00:00, Sys 0 00:00:00  -  Run Remote Usage
		Usr 0 00:00:00, Sys 0 00:00:00  -  Run Local Usage
		Usr 0 00:00:00, Sys 0 00:00:00  -  Total Remote Usage
		Usr 0 00:00:00, Sys 0 00:00:00  -  Total Local Usage
	1211  -  Run Bytes Sent By Job
	33798  -  Run Bytes Received By Job
	1211  -  Total Bytes Sent By Job
	33798  -  Total Bytes Received By Job
	Partitionable Resources :    Usage  Request          
	   Cpus                 :                 1          
	   Disk (KB)            :       57       57          
	   Memory (MB)          :        0        0          
...
000 (265618.000.000) 04/28 02:01:47 Job submitted from host: <18.12.1.74:45694>
...
001 (265618.000.000) 04/28 02:02:11 Job executing on host: <18.12.8.151:45621>
...
006 (265618.000.000) 04/28 02:02:19 Image size of job updated: 1
	2  -  MemoryUsage of job (MB)
	1704  -  ResidentSetSize of job (KB)
...
006 (265618.000.000) 04/28 02:07:19 Image size of job updated: 247568
	113  -  MemoryUsage of job (MB)
	115104  -  ResidentSetSize of job (KB)
...
006 (265618.000.000) 04/28 02:12:19 Image size of job updated: 315224
	166  -  MemoryUsage of job (MB)
	169220  -  ResidentSetSize of job (KB)
...
006 (265618.000.000) 04/28 02:17:20 Image size of job updated: 318668
	169  -  MemoryUsage of job (MB)
	172360  -  ResidentSetSize of job (KB)
...
006 (265618.000.000) 04/28 02:22:21 Image size of job updated: 323320
	174  -  MemoryUsage of job (MB)
	177288  -  ResidentSetSize of job (KB)
...
006 (265618.000.000) 04/28 02:27:21 Image size of job updated: 328704
	179  -  MemoryUsage of job (MB)
	182684  -  ResidentSetSize of job (KB)
...
006 (265618.000.000) 04/28 02:32:21 Image size of job updated: 333720
	184  -  MemoryUsage of job (MB)
	187708  -  ResidentSetSize of job (KB)
...
006 (265618.000.000) 04/28 02:37:23 Image size of job updated: 339704
	189  -  MemoryUsage of job (MB)
	193500  -  ResidentSetSize of job (KB)
...
006 (265618.000.000) 04/28 02:41:35 Image size of job updated: 344392
	189  -  MemoryUsage of job (MB)
	193500  -  ResidentSetSize of job (KB)
...
005 (265618.000.000) 04/28 02:41:35 Job terminated.
	(1) Normal termination (return value 0)
		Usr 0 00:37:09, Sys 0 00:01:25  -  Run Remote Usage
		Usr 0 00:00:00, Sys 0 00:00:00  -  Run Local Usage
		Usr 0 00:37:09, Sys 0 00:01:25  -  Total Remote Usage
		Usr 0 00:00:00, Sys 0 00:00:00  -  Total Local Usage
	112917  -  Run Bytes Sent By Job
	33812  -  Run Bytes Received By Job
	112917  -  Total Bytes Sent By Job
	33812  -  Total Bytes Received By Job
	Partitionable Resources :    Usage  Request          
	   Cpus                 :                 1          
	   Disk (KB)            :     2359     2359          
	   Memory (MB)          :      189      189          
...
