000 (263916.000.000) 04/26 04:23:03 Job submitted from host: <18.12.1.74:45694>
...
001 (263916.000.000) 04/26 04:24:15 Job executing on host: <18.12.8.253:46570>
...
006 (263916.000.000) 04/26 04:24:24 Image size of job updated: 1
	2  -  MemoryUsage of job (MB)
	1708  -  ResidentSetSize of job (KB)
...
006 (263916.000.000) 04/26 04:29:25 Image size of job updated: 247524
	113  -  MemoryUsage of job (MB)
	115124  -  ResidentSetSize of job (KB)
...
006 (263916.000.000) 04/26 04:34:25 Image size of job updated: 314456
	165  -  MemoryUsage of job (MB)
	168040  -  ResidentSetSize of job (KB)
...
006 (263916.000.000) 04/26 04:39:26 Image size of job updated: 317732
	170  -  MemoryUsage of job (MB)
	173952  -  ResidentSetSize of job (KB)
...
006 (263916.000.000) 04/26 04:44:26 Image size of job updated: 320104
	173  -  MemoryUsage of job (MB)
	176164  -  ResidentSetSize of job (KB)
...
006 (263916.000.000) 04/26 04:49:28 Image size of job updated: 324792
	177  -  MemoryUsage of job (MB)
	181040  -  ResidentSetSize of job (KB)
...
006 (263916.000.000) 04/26 04:54:28 Image size of job updated: 329488
	177  -  MemoryUsage of job (MB)
	181040  -  ResidentSetSize of job (KB)
...
006 (263916.000.000) 04/26 04:59:30 Image size of job updated: 336036
	179  -  MemoryUsage of job (MB)
	182320  -  ResidentSetSize of job (KB)
...
006 (263916.000.000) 04/26 05:04:30 Image size of job updated: 342224
	185  -  MemoryUsage of job (MB)
	188520  -  ResidentSetSize of job (KB)
...
006 (263916.000.000) 04/26 05:09:31 Image size of job updated: 346832
	189  -  MemoryUsage of job (MB)
	193128  -  ResidentSetSize of job (KB)
...
006 (263916.000.000) 04/26 05:14:31 Image size of job updated: 350296
	191  -  MemoryUsage of job (MB)
	195528  -  ResidentSetSize of job (KB)
...
006 (263916.000.000) 04/26 05:17:06 Image size of job updated: 352600
	191  -  MemoryUsage of job (MB)
	195528  -  ResidentSetSize of job (KB)
...
005 (263916.000.000) 04/26 05:17:06 Job terminated.
	(1) Normal termination (return value 0)
		Usr 0 00:50:04, Sys 0 00:01:35  -  Run Remote Usage
		Usr 0 00:00:00, Sys 0 00:00:00  -  Run Local Usage
		Usr 0 00:50:04, Sys 0 00:01:35  -  Total Remote Usage
		Usr 0 00:00:00, Sys 0 00:00:00  -  Total Local Usage
	141955  -  Run Bytes Sent By Job
	32753  -  Run Bytes Received By Job
	141955  -  Total Bytes Sent By Job
	32753  -  Total Bytes Received By Job
	Partitionable Resources :    Usage  Request          
	   Cpus                 :                 1          
	   Disk (KB)            :     3340     3340          
	   Memory (MB)          :      191      191          
...
000 (264462.000.000) 04/27 18:09:25 Job submitted from host: <18.12.1.74:45694>
...
001 (264462.000.000) 04/27 18:10:29 Job executing on host: <18.12.8.155:44891>
...
006 (264462.000.000) 04/27 18:10:38 Image size of job updated: 75420
	16  -  MemoryUsage of job (MB)
	15848  -  ResidentSetSize of job (KB)
...
006 (264462.000.000) 04/27 18:15:40 Image size of job updated: 247528
	115  -  MemoryUsage of job (MB)
	117076  -  ResidentSetSize of job (KB)
...
006 (264462.000.000) 04/27 18:20:40 Image size of job updated: 314020
	166  -  MemoryUsage of job (MB)
	169864  -  ResidentSetSize of job (KB)
...
006 (264462.000.000) 04/27 18:21:40 Image size of job updated: 315352
	166  -  MemoryUsage of job (MB)
	169864  -  ResidentSetSize of job (KB)
...
005 (264462.000.000) 04/27 18:21:40 Job terminated.
	(1) Normal termination (return value 0)
		Usr 0 00:09:50, Sys 0 00:00:06  -  Run Remote Usage
		Usr 0 00:00:00, Sys 0 00:00:00  -  Run Local Usage
		Usr 0 00:09:50, Sys 0 00:00:06  -  Total Remote Usage
		Usr 0 00:00:00, Sys 0 00:00:00  -  Total Local Usage
	15080  -  Run Bytes Sent By Job
	33285  -  Run Bytes Received By Job
	15080  -  Total Bytes Sent By Job
	33285  -  Total Bytes Received By Job
	Partitionable Resources :    Usage  Request          
	   Cpus                 :                 1          
	   Disk (KB)            :      222      222          
	   Memory (MB)          :      166      166          
...
000 (265376.000.000) 04/28 00:03:51 Job submitted from host: <18.12.1.74:45694>
...
001 (265376.000.000) 04/28 00:04:32 Job executing on host: <18.12.8.11:46570>
...
006 (265376.000.000) 04/28 00:04:32 Image size of job updated: 1
	0  -  MemoryUsage of job (MB)
	0  -  ResidentSetSize of job (KB)
...
005 (265376.000.000) 04/28 00:04:32 Job terminated.
	(1) Normal termination (return value 1)
		Usr 0 00:00:00, Sys 0 00:00:00  -  Run Remote Usage
		Usr 0 00:00:00, Sys 0 00:00:00  -  Run Local Usage
		Usr 0 00:00:00, Sys 0 00:00:00  -  Total Remote Usage
		Usr 0 00:00:00, Sys 0 00:00:00  -  Total Local Usage
	1208  -  Run Bytes Sent By Job
	33798  -  Run Bytes Received By Job
	1208  -  Total Bytes Sent By Job
	33798  -  Total Bytes Received By Job
	Partitionable Resources :    Usage  Request          
	   Cpus                 :                 1          
	   Disk (KB)            :       57       57          
	   Memory (MB)          :        0        0          
...
000 (265582.000.000) 04/28 02:01:43 Job submitted from host: <18.12.1.74:45694>
...
001 (265582.000.000) 04/28 02:02:09 Job executing on host: <18.12.9.10:40146>
...
006 (265582.000.000) 04/28 02:02:17 Image size of job updated: 1
	2  -  MemoryUsage of job (MB)
	1708  -  ResidentSetSize of job (KB)
...
006 (265582.000.000) 04/28 02:07:17 Image size of job updated: 247988
	113  -  MemoryUsage of job (MB)
	115524  -  ResidentSetSize of job (KB)
...
006 (265582.000.000) 04/28 02:12:17 Image size of job updated: 315664
	166  -  MemoryUsage of job (MB)
	169564  -  ResidentSetSize of job (KB)
...
006 (265582.000.000) 04/28 02:17:18 Image size of job updated: 320088
	170  -  MemoryUsage of job (MB)
	173832  -  ResidentSetSize of job (KB)
...
006 (265582.000.000) 04/28 02:22:19 Image size of job updated: 326384
	177  -  MemoryUsage of job (MB)
	180312  -  ResidentSetSize of job (KB)
...
006 (265582.000.000) 04/28 02:27:19 Image size of job updated: 332564
	183  -  MemoryUsage of job (MB)
	186488  -  ResidentSetSize of job (KB)
...
006 (265582.000.000) 04/28 02:32:20 Image size of job updated: 339124
	189  -  MemoryUsage of job (MB)
	193052  -  ResidentSetSize of job (KB)
...
006 (265582.000.000) 04/28 02:36:01 Image size of job updated: 344088
	189  -  MemoryUsage of job (MB)
	193052  -  ResidentSetSize of job (KB)
...
005 (265582.000.000) 04/28 02:36:01 Job terminated.
	(1) Normal termination (return value 0)
		Usr 0 00:31:34, Sys 0 00:01:20  -  Run Remote Usage
		Usr 0 00:00:00, Sys 0 00:00:00  -  Run Local Usage
		Usr 0 00:31:34, Sys 0 00:01:20  -  Total Remote Usage
		Usr 0 00:00:00, Sys 0 00:00:00  -  Total Local Usage
	112934  -  Run Bytes Sent By Job
	33812  -  Run Bytes Received By Job
	112934  -  Total Bytes Sent By Job
	33812  -  Total Bytes Received By Job
	Partitionable Resources :    Usage  Request          
	   Cpus                 :                 1          
	   Disk (KB)            :     2356     2356          
	   Memory (MB)          :      189      189          
...
