000 (263932.000.000) 04/26 04:23:05 Job submitted from host: <18.12.1.74:45694>
...
001 (263932.000.000) 04/26 04:24:18 Job executing on host: <18.12.8.134:43285>
...
006 (263932.000.000) 04/26 04:24:26 Image size of job updated: 1
	2  -  MemoryUsage of job (MB)
	1696  -  ResidentSetSize of job (KB)
...
006 (263932.000.000) 04/26 04:29:26 Image size of job updated: 247524
	113  -  MemoryUsage of job (MB)
	115088  -  ResidentSetSize of job (KB)
...
006 (263932.000.000) 04/26 04:34:27 Image size of job updated: 248768
	114  -  MemoryUsage of job (MB)
	116488  -  ResidentSetSize of job (KB)
...
006 (263932.000.000) 04/26 04:39:27 Image size of job updated: 316360
	169  -  MemoryUsage of job (MB)
	172672  -  ResidentSetSize of job (KB)
...
006 (263932.000.000) 04/26 04:44:28 Image size of job updated: 319280
	172  -  MemoryUsage of job (MB)
	175520  -  ResidentSetSize of job (KB)
...
006 (263932.000.000) 04/26 04:49:28 Image size of job updated: 322732
	172  -  MemoryUsage of job (MB)
	175520  -  ResidentSetSize of job (KB)
...
006 (263932.000.000) 04/26 04:54:29 Image size of job updated: 327280
	172  -  MemoryUsage of job (MB)
	175520  -  ResidentSetSize of job (KB)
...
006 (263932.000.000) 04/26 04:59:29 Image size of job updated: 331528
	174  -  MemoryUsage of job (MB)
	177408  -  ResidentSetSize of job (KB)
...
006 (263932.000.000) 04/26 05:04:31 Image size of job updated: 336980
	179  -  MemoryUsage of job (MB)
	182808  -  ResidentSetSize of job (KB)
...
006 (263932.000.000) 04/26 05:09:31 Image size of job updated: 341160
	183  -  MemoryUsage of job (MB)
	186996  -  ResidentSetSize of job (KB)
...
006 (263932.000.000) 04/26 05:14:33 Image size of job updated: 345028
	187  -  MemoryUsage of job (MB)
	190860  -  ResidentSetSize of job (KB)
...
006 (263932.000.000) 04/26 05:19:33 Image size of job updated: 348488
	190  -  MemoryUsage of job (MB)
	193892  -  ResidentSetSize of job (KB)
...
006 (263932.000.000) 04/26 05:24:35 Image size of job updated: 352400
	194  -  MemoryUsage of job (MB)
	197796  -  ResidentSetSize of job (KB)
...
005 (263932.000.000) 04/26 05:24:54 Job terminated.
	(1) Normal termination (return value 0)
		Usr 0 00:54:41, Sys 0 00:04:23  -  Run Remote Usage
		Usr 0 00:00:00, Sys 0 00:00:00  -  Run Local Usage
		Usr 0 00:54:41, Sys 0 00:04:23  -  Total Remote Usage
		Usr 0 00:00:00, Sys 0 00:00:00  -  Total Local Usage
	141712  -  Run Bytes Sent By Job
	32753  -  Run Bytes Received By Job
	141712  -  Total Bytes Sent By Job
	32753  -  Total Bytes Received By Job
	Partitionable Resources :    Usage  Request          
	   Cpus                 :                 1          
	   Disk (KB)            :     3457     3457          
	   Memory (MB)          :      194      194          
...
000 (265392.000.000) 04/28 00:03:52 Job submitted from host: <18.12.1.74:45694>
...
001 (265392.000.000) 04/28 00:04:38 Job executing on host: <18.12.12.15:46789>
...
006 (265392.000.000) 04/28 00:04:38 Image size of job updated: 93760
	0  -  MemoryUsage of job (MB)
	0  -  ResidentSetSize of job (KB)
...
005 (265392.000.000) 04/28 00:04:38 Job terminated.
	(1) Normal termination (return value 1)
		Usr 0 00:00:00, Sys 0 00:00:00  -  Run Remote Usage
		Usr 0 00:00:00, Sys 0 00:00:00  -  Run Local Usage
		Usr 0 00:00:00, Sys 0 00:00:00  -  Total Remote Usage
		Usr 0 00:00:00, Sys 0 00:00:00  -  Total Local Usage
	1210  -  Run Bytes Sent By Job
	33798  -  Run Bytes Received By Job
	1210  -  Total Bytes Sent By Job
	33798  -  Total Bytes Received By Job
	Partitionable Resources :    Usage  Request          
	   Cpus                 :                 1          
	   Disk (KB)            :       57       57          
	   Memory (MB)          :        0        0          
...
000 (265598.000.000) 04/28 02:01:45 Job submitted from host: <18.12.1.74:45694>
...
001 (265598.000.000) 04/28 02:02:11 Job executing on host: <18.12.8.201:41533>
...
006 (265598.000.000) 04/28 02:02:20 Image size of job updated: 75952
	17  -  MemoryUsage of job (MB)
	17224  -  ResidentSetSize of job (KB)
...
006 (265598.000.000) 04/28 02:07:22 Image size of job updated: 211380
	101  -  MemoryUsage of job (MB)
	103396  -  ResidentSetSize of job (KB)
...
006 (265598.000.000) 04/28 02:12:22 Image size of job updated: 247096
	107  -  MemoryUsage of job (MB)
	109548  -  ResidentSetSize of job (KB)
...
006 (265598.000.000) 04/28 02:17:24 Image size of job updated: 247568
	107  -  MemoryUsage of job (MB)
	109548  -  ResidentSetSize of job (KB)
...
006 (265598.000.000) 04/28 02:22:24 Image size of job updated: 313972
	155  -  MemoryUsage of job (MB)
	158116  -  ResidentSetSize of job (KB)
...
006 (265598.000.000) 04/28 02:27:26 Image size of job updated: 318516
	159  -  MemoryUsage of job (MB)
	162404  -  ResidentSetSize of job (KB)
...
006 (265598.000.000) 04/28 02:32:26 Image size of job updated: 323804
	163  -  MemoryUsage of job (MB)
	166204  -  ResidentSetSize of job (KB)
...
006 (265598.000.000) 04/28 02:37:28 Image size of job updated: 329540
	168  -  MemoryUsage of job (MB)
	171476  -  ResidentSetSize of job (KB)
...
006 (265598.000.000) 04/28 02:42:28 Image size of job updated: 335848
	174  -  MemoryUsage of job (MB)
	177696  -  ResidentSetSize of job (KB)
...
006 (265598.000.000) 04/28 02:47:30 Image size of job updated: 342004
	180  -  MemoryUsage of job (MB)
	183924  -  ResidentSetSize of job (KB)
...
006 (265598.000.000) 04/28 02:49:49 Image size of job updated: 344372
	180  -  MemoryUsage of job (MB)
	183924  -  ResidentSetSize of job (KB)
...
005 (265598.000.000) 04/28 02:49:49 Job terminated.
	(1) Normal termination (return value 0)
		Usr 0 00:32:30, Sys 0 00:01:32  -  Run Remote Usage
		Usr 0 00:00:00, Sys 0 00:00:00  -  Run Local Usage
		Usr 0 00:32:30, Sys 0 00:01:32  -  Total Remote Usage
		Usr 0 00:00:00, Sys 0 00:00:00  -  Total Local Usage
	112924  -  Run Bytes Sent By Job
	33812  -  Run Bytes Received By Job
	112924  -  Total Bytes Sent By Job
	33812  -  Total Bytes Received By Job
	Partitionable Resources :    Usage  Request          
	   Cpus                 :                 1          
	   Disk (KB)            :     2552     2552          
	   Memory (MB)          :      180      180          
...
