000 (263949.000.000) 04/26 04:23:07 Job submitted from host: <18.12.1.74:45694>
...
001 (263949.000.000) 04/26 04:24:19 Job executing on host: <18.12.8.173:41387>
...
006 (263949.000.000) 04/26 04:24:28 Image size of job updated: 1
	2  -  MemoryUsage of job (MB)
	1704  -  ResidentSetSize of job (KB)
...
006 (263949.000.000) 04/26 04:29:30 Image size of job updated: 247528
	113  -  MemoryUsage of job (MB)
	115092  -  ResidentSetSize of job (KB)
...
006 (263949.000.000) 04/26 04:34:30 Image size of job updated: 248772
	114  -  MemoryUsage of job (MB)
	116496  -  ResidentSetSize of job (KB)
...
006 (263949.000.000) 04/26 04:39:32 Image size of job updated: 316740
	169  -  MemoryUsage of job (MB)
	172996  -  ResidentSetSize of job (KB)
...
006 (263949.000.000) 04/26 04:44:32 Image size of job updated: 320288
	173  -  MemoryUsage of job (MB)
	176260  -  ResidentSetSize of job (KB)
...
006 (263949.000.000) 04/26 04:49:34 Image size of job updated: 324608
	177  -  MemoryUsage of job (MB)
	180860  -  ResidentSetSize of job (KB)
...
006 (263949.000.000) 04/26 04:54:34 Image size of job updated: 329152
	182  -  MemoryUsage of job (MB)
	185404  -  ResidentSetSize of job (KB)
...
006 (263949.000.000) 04/26 04:59:36 Image size of job updated: 335328
	183  -  MemoryUsage of job (MB)
	186400  -  ResidentSetSize of job (KB)
...
006 (263949.000.000) 04/26 05:04:36 Image size of job updated: 341100
	188  -  MemoryUsage of job (MB)
	192004  -  ResidentSetSize of job (KB)
...
006 (263949.000.000) 04/26 05:09:37 Image size of job updated: 346068
	193  -  MemoryUsage of job (MB)
	196616  -  ResidentSetSize of job (KB)
...
006 (263949.000.000) 04/26 05:14:37 Image size of job updated: 350740
	195  -  MemoryUsage of job (MB)
	199568  -  ResidentSetSize of job (KB)
...
006 (263949.000.000) 04/26 05:16:16 Image size of job updated: 352620
	195  -  MemoryUsage of job (MB)
	199568  -  ResidentSetSize of job (KB)
...
005 (263949.000.000) 04/26 05:16:16 Job terminated.
	(1) Normal termination (return value 0)
		Usr 0 00:40:55, Sys 0 00:01:22  -  Run Remote Usage
		Usr 0 00:00:00, Sys 0 00:00:00  -  Run Local Usage
		Usr 0 00:40:55, Sys 0 00:01:22  -  Total Remote Usage
		Usr 0 00:00:00, Sys 0 00:00:00  -  Total Local Usage
	141647  -  Run Bytes Sent By Job
	32753  -  Run Bytes Received By Job
	141647  -  Total Bytes Sent By Job
	32753  -  Total Bytes Received By Job
	Partitionable Resources :    Usage  Request          
	   Cpus                 :                 1          
	   Disk (KB)            :     3353     3353          
	   Memory (MB)          :      195      195          
...
000 (265409.000.000) 04/28 00:03:54 Job submitted from host: <18.12.1.74:45694>
...
001 (265409.000.000) 04/28 00:04:34 Job executing on host: <18.12.8.244:46570>
...
006 (265409.000.000) 04/28 00:04:34 Image size of job updated: 1
	0  -  MemoryUsage of job (MB)
	0  -  ResidentSetSize of job (KB)
...
005 (265409.000.000) 04/28 00:04:35 Job terminated.
	(1) Normal termination (return value 1)
		Usr 0 00:00:00, Sys 0 00:00:00  -  Run Remote Usage
		Usr 0 00:00:00, Sys 0 00:00:00  -  Run Local Usage
		Usr 0 00:00:00, Sys 0 00:00:00  -  Total Remote Usage
		Usr 0 00:00:00, Sys 0 00:00:00  -  Total Local Usage
	1211  -  Run Bytes Sent By Job
	33798  -  Run Bytes Received By Job
	1211  -  Total Bytes Sent By Job
	33798  -  Total Bytes Received By Job
	Partitionable Resources :    Usage  Request          
	   Cpus                 :                 1          
	   Disk (KB)            :       57       57          
	   Memory (MB)          :        0        0          
...
000 (265615.000.000) 04/28 02:01:46 Job submitted from host: <18.12.1.74:45694>
...
001 (265615.000.000) 04/28 02:02:10 Job executing on host: <18.12.8.240:48249>
...
006 (265615.000.000) 04/28 02:02:19 Image size of job updated: 211388
	105  -  MemoryUsage of job (MB)
	106896  -  ResidentSetSize of job (KB)
...
006 (265615.000.000) 04/28 02:07:20 Image size of job updated: 247996
	113  -  MemoryUsage of job (MB)
	115508  -  ResidentSetSize of job (KB)
...
006 (265615.000.000) 04/28 02:12:20 Image size of job updated: 316460
	167  -  MemoryUsage of job (MB)
	170032  -  ResidentSetSize of job (KB)
...
006 (265615.000.000) 04/28 02:17:20 Image size of job updated: 321060
	171  -  MemoryUsage of job (MB)
	174632  -  ResidentSetSize of job (KB)
...
006 (265615.000.000) 04/28 02:22:22 Image size of job updated: 327228
	177  -  MemoryUsage of job (MB)
	181096  -  ResidentSetSize of job (KB)
...
006 (265615.000.000) 04/28 02:27:22 Image size of job updated: 333404
	183  -  MemoryUsage of job (MB)
	187276  -  ResidentSetSize of job (KB)
...
006 (265615.000.000) 04/28 02:32:22 Image size of job updated: 339920
	190  -  MemoryUsage of job (MB)
	193796  -  ResidentSetSize of job (KB)
...
006 (265615.000.000) 04/28 02:35:50 Image size of job updated: 344216
	190  -  MemoryUsage of job (MB)
	193796  -  ResidentSetSize of job (KB)
...
005 (265615.000.000) 04/28 02:35:51 Job terminated.
	(1) Normal termination (return value 0)
		Usr 0 00:31:07, Sys 0 00:01:19  -  Run Remote Usage
		Usr 0 00:00:00, Sys 0 00:00:00  -  Run Local Usage
		Usr 0 00:31:07, Sys 0 00:01:19  -  Total Remote Usage
		Usr 0 00:00:00, Sys 0 00:00:00  -  Total Local Usage
	112930  -  Run Bytes Sent By Job
	33812  -  Run Bytes Received By Job
	112930  -  Total Bytes Sent By Job
	33812  -  Total Bytes Received By Job
	Partitionable Resources :    Usage  Request          
	   Cpus                 :                 1          
	   Disk (KB)            :     2395     2395          
	   Memory (MB)          :      190      190          
...
