000 (263942.000.000) 04/26 04:23:06 Job submitted from host: <18.12.1.74:45694>
...
001 (263942.000.000) 04/26 04:24:19 Job executing on host: <18.12.8.216:47884>
...
006 (263942.000.000) 04/26 04:24:27 Image size of job updated: 232540
	142  -  MemoryUsage of job (MB)
	144728  -  ResidentSetSize of job (KB)
...
006 (263942.000.000) 04/26 04:29:27 Image size of job updated: 247532
	142  -  MemoryUsage of job (MB)
	144728  -  ResidentSetSize of job (KB)
...
006 (263942.000.000) 04/26 04:34:28 Image size of job updated: 314516
	159  -  MemoryUsage of job (MB)
	162412  -  ResidentSetSize of job (KB)
...
006 (263942.000.000) 04/26 04:39:28 Image size of job updated: 317916
	165  -  MemoryUsage of job (MB)
	168756  -  ResidentSetSize of job (KB)
...
006 (263942.000.000) 04/26 04:44:28 Image size of job updated: 320864
	167  -  MemoryUsage of job (MB)
	170900  -  ResidentSetSize of job (KB)
...
006 (263942.000.000) 04/26 04:49:29 Image size of job updated: 325620
	169  -  MemoryUsage of job (MB)
	172152  -  ResidentSetSize of job (KB)
...
006 (263942.000.000) 04/26 04:54:29 Image size of job updated: 331024
	173  -  MemoryUsage of job (MB)
	176484  -  ResidentSetSize of job (KB)
...
006 (263942.000.000) 04/26 04:59:31 Image size of job updated: 338476
	180  -  MemoryUsage of job (MB)
	183832  -  ResidentSetSize of job (KB)
...
006 (263942.000.000) 04/26 05:04:31 Image size of job updated: 343420
	185  -  MemoryUsage of job (MB)
	188780  -  ResidentSetSize of job (KB)
...
006 (263942.000.000) 04/26 05:09:33 Image size of job updated: 348496
	190  -  MemoryUsage of job (MB)
	193868  -  ResidentSetSize of job (KB)
...
006 (263942.000.000) 04/26 05:13:58 Image size of job updated: 352336
	190  -  MemoryUsage of job (MB)
	193868  -  ResidentSetSize of job (KB)
...
005 (263942.000.000) 04/26 05:13:58 Job terminated.
	(1) Normal termination (return value 0)
		Usr 0 00:46:45, Sys 0 00:01:37  -  Run Remote Usage
		Usr 0 00:00:00, Sys 0 00:00:00  -  Run Local Usage
		Usr 0 00:46:45, Sys 0 00:01:37  -  Total Remote Usage
		Usr 0 00:00:00, Sys 0 00:00:00  -  Total Local Usage
	142519  -  Run Bytes Sent By Job
	32753  -  Run Bytes Received By Job
	142519  -  Total Bytes Sent By Job
	32753  -  Total Bytes Received By Job
	Partitionable Resources :    Usage  Request          
	   Cpus                 :                 1          
	   Disk (KB)            :     3137     3137          
	   Memory (MB)          :      190      190          
...
000 (265402.000.000) 04/28 00:03:53 Job submitted from host: <18.12.1.74:45694>
...
001 (265402.000.000) 04/28 00:04:33 Job executing on host: <18.12.9.10:40146>
...
006 (265402.000.000) 04/28 00:04:34 Image size of job updated: 1
	0  -  MemoryUsage of job (MB)
	0  -  ResidentSetSize of job (KB)
...
005 (265402.000.000) 04/28 00:04:34 Job terminated.
	(1) Normal termination (return value 1)
		Usr 0 00:00:00, Sys 0 00:00:00  -  Run Remote Usage
		Usr 0 00:00:00, Sys 0 00:00:00  -  Run Local Usage
		Usr 0 00:00:00, Sys 0 00:00:00  -  Total Remote Usage
		Usr 0 00:00:00, Sys 0 00:00:00  -  Total Local Usage
	1211  -  Run Bytes Sent By Job
	33798  -  Run Bytes Received By Job
	1211  -  Total Bytes Sent By Job
	33798  -  Total Bytes Received By Job
	Partitionable Resources :    Usage  Request          
	   Cpus                 :                 1          
	   Disk (KB)            :       57       57          
	   Memory (MB)          :        0        0          
...
000 (265608.000.000) 04/28 02:01:46 Job submitted from host: <18.12.1.74:45694>
...
001 (265608.000.000) 04/28 02:02:10 Job executing on host: <18.12.8.230:48687>
...
006 (265608.000.000) 04/28 02:02:20 Image size of job updated: 211392
	105  -  MemoryUsage of job (MB)
	106916  -  ResidentSetSize of job (KB)
...
006 (265608.000.000) 04/28 02:07:20 Image size of job updated: 247996
	113  -  MemoryUsage of job (MB)
	115536  -  ResidentSetSize of job (KB)
...
006 (265608.000.000) 04/28 02:12:20 Image size of job updated: 315796
	166  -  MemoryUsage of job (MB)
	169584  -  ResidentSetSize of job (KB)
...
006 (265608.000.000) 04/28 02:17:21 Image size of job updated: 320464
	171  -  MemoryUsage of job (MB)
	174252  -  ResidentSetSize of job (KB)
...
006 (265608.000.000) 04/28 02:22:21 Image size of job updated: 326384
	177  -  MemoryUsage of job (MB)
	180368  -  ResidentSetSize of job (KB)
...
006 (265608.000.000) 04/28 02:27:23 Image size of job updated: 333076
	183  -  MemoryUsage of job (MB)
	186968  -  ResidentSetSize of job (KB)
...
006 (265608.000.000) 04/28 02:32:23 Image size of job updated: 339640
	189  -  MemoryUsage of job (MB)
	192776  -  ResidentSetSize of job (KB)
...
006 (265608.000.000) 04/28 02:36:05 Image size of job updated: 344268
	189  -  MemoryUsage of job (MB)
	192776  -  ResidentSetSize of job (KB)
...
005 (265608.000.000) 04/28 02:36:05 Job terminated.
	(1) Normal termination (return value 0)
		Usr 0 00:31:06, Sys 0 00:01:18  -  Run Remote Usage
		Usr 0 00:00:00, Sys 0 00:00:00  -  Run Local Usage
		Usr 0 00:31:06, Sys 0 00:01:18  -  Total Remote Usage
		Usr 0 00:00:00, Sys 0 00:00:00  -  Total Local Usage
	112926  -  Run Bytes Sent By Job
	33812  -  Run Bytes Received By Job
	112926  -  Total Bytes Sent By Job
	33812  -  Total Bytes Received By Job
	Partitionable Resources :    Usage  Request          
	   Cpus                 :                 1          
	   Disk (KB)            :     2361     2361          
	   Memory (MB)          :      189      189          
...
