000 (263946.000.000) 04/26 04:23:07 Job submitted from host: <18.12.1.74:45694>
...
001 (263946.000.000) 04/26 04:24:19 Job executing on host: <18.12.8.154:43504>
...
006 (263946.000.000) 04/26 04:24:27 Image size of job updated: 1
	2  -  MemoryUsage of job (MB)
	1704  -  ResidentSetSize of job (KB)
...
006 (263946.000.000) 04/26 04:29:28 Image size of job updated: 247528
	116  -  MemoryUsage of job (MB)
	118580  -  ResidentSetSize of job (KB)
...
006 (263946.000.000) 04/26 04:34:28 Image size of job updated: 248360
	117  -  MemoryUsage of job (MB)
	119416  -  ResidentSetSize of job (KB)
...
006 (263946.000.000) 04/26 04:39:28 Image size of job updated: 316628
	174  -  MemoryUsage of job (MB)
	177640  -  ResidentSetSize of job (KB)
...
006 (263946.000.000) 04/26 04:44:29 Image size of job updated: 319424
	177  -  MemoryUsage of job (MB)
	180468  -  ResidentSetSize of job (KB)
...
006 (263946.000.000) 04/26 04:49:29 Image size of job updated: 323572
	181  -  MemoryUsage of job (MB)
	184872  -  ResidentSetSize of job (KB)
...
006 (263946.000.000) 04/26 04:54:30 Image size of job updated: 328256
	185  -  MemoryUsage of job (MB)
	188660  -  ResidentSetSize of job (KB)
...
006 (263946.000.000) 04/26 04:59:30 Image size of job updated: 333620
	189  -  MemoryUsage of job (MB)
	193096  -  ResidentSetSize of job (KB)
...
006 (263946.000.000) 04/26 05:04:31 Image size of job updated: 339308
	191  -  MemoryUsage of job (MB)
	195348  -  ResidentSetSize of job (KB)
...
006 (263946.000.000) 04/26 05:09:31 Image size of job updated: 343924
	196  -  MemoryUsage of job (MB)
	199964  -  ResidentSetSize of job (KB)
...
006 (263946.000.000) 04/26 05:14:32 Image size of job updated: 347396
	199  -  MemoryUsage of job (MB)
	203436  -  ResidentSetSize of job (KB)
...
006 (263946.000.000) 04/26 05:19:32 Image size of job updated: 350092
	199  -  MemoryUsage of job (MB)
	203436  -  ResidentSetSize of job (KB)
...
006 (263946.000.000) 04/26 05:24:33 Image size of job updated: 352408
	199  -  MemoryUsage of job (MB)
	203436  -  ResidentSetSize of job (KB)
...
006 (263946.000.000) 04/26 05:24:45 Image size of job updated: 352816
	199  -  MemoryUsage of job (MB)
	203436  -  ResidentSetSize of job (KB)
...
005 (263946.000.000) 04/26 05:24:45 Job terminated.
	(1) Normal termination (return value 0)
		Usr 0 00:49:43, Sys 0 00:01:35  -  Run Remote Usage
		Usr 0 00:00:00, Sys 0 00:00:00  -  Run Local Usage
		Usr 0 00:49:43, Sys 0 00:01:35  -  Total Remote Usage
		Usr 0 00:00:00, Sys 0 00:00:00  -  Total Local Usage
	141169  -  Run Bytes Sent By Job
	32753  -  Run Bytes Received By Job
	141169  -  Total Bytes Sent By Job
	32753  -  Total Bytes Received By Job
	Partitionable Resources :    Usage  Request          
	   Cpus                 :                 1          
	   Disk (KB)            :     3470     3470          
	   Memory (MB)          :      199      199          
...
000 (265406.000.000) 04/28 00:03:54 Job submitted from host: <18.12.1.74:45694>
...
001 (265406.000.000) 04/28 00:04:33 Job executing on host: <18.12.8.223:41387>
...
006 (265406.000.000) 04/28 00:04:34 Image size of job updated: 1
	0  -  MemoryUsage of job (MB)
	0  -  ResidentSetSize of job (KB)
...
005 (265406.000.000) 04/28 00:04:34 Job terminated.
	(1) Normal termination (return value 1)
		Usr 0 00:00:00, Sys 0 00:00:00  -  Run Remote Usage
		Usr 0 00:00:00, Sys 0 00:00:00  -  Run Local Usage
		Usr 0 00:00:00, Sys 0 00:00:00  -  Total Remote Usage
		Usr 0 00:00:00, Sys 0 00:00:00  -  Total Local Usage
	1211  -  Run Bytes Sent By Job
	33798  -  Run Bytes Received By Job
	1211  -  Total Bytes Sent By Job
	33798  -  Total Bytes Received By Job
	Partitionable Resources :    Usage  Request          
	   Cpus                 :                 1          
	   Disk (KB)            :       57       57          
	   Memory (MB)          :        0        0          
...
000 (265612.000.000) 04/28 02:01:46 Job submitted from host: <18.12.1.74:45694>
...
001 (265612.000.000) 04/28 02:02:11 Job executing on host: <18.12.8.213:46132>
...
006 (265612.000.000) 04/28 02:02:19 Image size of job updated: 1
	2  -  MemoryUsage of job (MB)
	1720  -  ResidentSetSize of job (KB)
...
006 (265612.000.000) 04/28 02:07:19 Image size of job updated: 247992
	113  -  MemoryUsage of job (MB)
	115500  -  ResidentSetSize of job (KB)
...
006 (265612.000.000) 04/28 02:12:19 Image size of job updated: 315864
	166  -  MemoryUsage of job (MB)
	169612  -  ResidentSetSize of job (KB)
...
006 (265612.000.000) 04/28 02:17:20 Image size of job updated: 320156
	170  -  MemoryUsage of job (MB)
	173904  -  ResidentSetSize of job (KB)
...
006 (265612.000.000) 04/28 02:22:20 Image size of job updated: 326332
	177  -  MemoryUsage of job (MB)
	180360  -  ResidentSetSize of job (KB)
...
006 (265612.000.000) 04/28 02:27:22 Image size of job updated: 332504
	183  -  MemoryUsage of job (MB)
	186536  -  ResidentSetSize of job (KB)
...
006 (265612.000.000) 04/28 02:32:22 Image size of job updated: 338892
	189  -  MemoryUsage of job (MB)
	192732  -  ResidentSetSize of job (KB)
...
006 (265612.000.000) 04/28 02:36:11 Image size of job updated: 344328
	189  -  MemoryUsage of job (MB)
	192732  -  ResidentSetSize of job (KB)
...
005 (265612.000.000) 04/28 02:36:11 Job terminated.
	(1) Normal termination (return value 0)
		Usr 0 00:31:18, Sys 0 00:01:19  -  Run Remote Usage
		Usr 0 00:00:00, Sys 0 00:00:00  -  Run Local Usage
		Usr 0 00:31:18, Sys 0 00:01:19  -  Total Remote Usage
		Usr 0 00:00:00, Sys 0 00:00:00  -  Total Local Usage
	112929  -  Run Bytes Sent By Job
	33812  -  Run Bytes Received By Job
	112929  -  Total Bytes Sent By Job
	33812  -  Total Bytes Received By Job
	Partitionable Resources :    Usage  Request          
	   Cpus                 :                 1          
	   Disk (KB)            :     2328     2328          
	   Memory (MB)          :      189      189          
...
