000 (263919.000.000) 04/26 04:23:04 Job submitted from host: <18.12.1.74:45694>
...
001 (263919.000.000) 04/26 04:24:17 Job executing on host: <18.12.9.1:46497>
...
006 (263919.000.000) 04/26 04:24:25 Image size of job updated: 1
	2  -  MemoryUsage of job (MB)
	1712  -  ResidentSetSize of job (KB)
...
006 (263919.000.000) 04/26 04:29:27 Image size of job updated: 247528
	113  -  MemoryUsage of job (MB)
	115124  -  ResidentSetSize of job (KB)
...
006 (263919.000.000) 04/26 04:34:25 Image size of job updated: 248776
	114  -  MemoryUsage of job (MB)
	116528  -  ResidentSetSize of job (KB)
...
006 (263919.000.000) 04/26 04:39:27 Image size of job updated: 316500
	169  -  MemoryUsage of job (MB)
	173000  -  ResidentSetSize of job (KB)
...
006 (263919.000.000) 04/26 04:44:27 Image size of job updated: 319284
	172  -  MemoryUsage of job (MB)
	175680  -  ResidentSetSize of job (KB)
...
006 (263919.000.000) 04/26 04:49:28 Image size of job updated: 322844
	176  -  MemoryUsage of job (MB)
	179536  -  ResidentSetSize of job (KB)
...
006 (263919.000.000) 04/26 04:54:28 Image size of job updated: 327544
	180  -  MemoryUsage of job (MB)
	183348  -  ResidentSetSize of job (KB)
...
006 (263919.000.000) 04/26 04:59:29 Image size of job updated: 332960
	185  -  MemoryUsage of job (MB)
	188744  -  ResidentSetSize of job (KB)
...
006 (263919.000.000) 04/26 05:04:29 Image size of job updated: 338796
	191  -  MemoryUsage of job (MB)
	194588  -  ResidentSetSize of job (KB)
...
006 (263919.000.000) 04/26 05:09:29 Image size of job updated: 343044
	195  -  MemoryUsage of job (MB)
	198836  -  ResidentSetSize of job (KB)
...
006 (263919.000.000) 04/26 05:14:31 Image size of job updated: 347272
	195  -  MemoryUsage of job (MB)
	198836  -  ResidentSetSize of job (KB)
...
006 (263919.000.000) 04/26 05:19:30 Image size of job updated: 350804
	195  -  MemoryUsage of job (MB)
	198836  -  ResidentSetSize of job (KB)
...
006 (263919.000.000) 04/26 05:21:42 Image size of job updated: 352352
	195  -  MemoryUsage of job (MB)
	198836  -  ResidentSetSize of job (KB)
...
005 (263919.000.000) 04/26 05:21:43 Job terminated.
	(1) Normal termination (return value 0)
		Usr 0 00:54:14, Sys 0 00:01:44  -  Run Remote Usage
		Usr 0 00:00:00, Sys 0 00:00:00  -  Run Local Usage
		Usr 0 00:54:14, Sys 0 00:01:44  -  Total Remote Usage
		Usr 0 00:00:00, Sys 0 00:00:00  -  Total Local Usage
	141153  -  Run Bytes Sent By Job
	32753  -  Run Bytes Received By Job
	141153  -  Total Bytes Sent By Job
	32753  -  Total Bytes Received By Job
	Partitionable Resources :    Usage  Request          
	   Cpus                 :                 1          
	   Disk (KB)            :     3353     3353          
	   Memory (MB)          :      195      195          
...
000 (264465.000.000) 04/27 18:09:25 Job submitted from host: <18.12.1.74:45694>
...
001 (264465.000.000) 04/27 18:10:29 Job executing on host: <18.12.9.42:46716>
...
006 (264465.000.000) 04/27 18:10:38 Image size of job updated: 70388
	14  -  MemoryUsage of job (MB)
	13788  -  ResidentSetSize of job (KB)
...
006 (264465.000.000) 04/27 18:15:39 Image size of job updated: 247056
	112  -  MemoryUsage of job (MB)
	114556  -  ResidentSetSize of job (KB)
...
006 (264465.000.000) 04/27 18:20:39 Image size of job updated: 247940
	113  -  MemoryUsage of job (MB)
	115480  -  ResidentSetSize of job (KB)
...
006 (264465.000.000) 04/27 18:25:40 Image size of job updated: 312672
	163  -  MemoryUsage of job (MB)
	166108  -  ResidentSetSize of job (KB)
...
006 (264465.000.000) 04/27 18:27:34 Image size of job updated: 315368
	163  -  MemoryUsage of job (MB)
	166108  -  ResidentSetSize of job (KB)
...
005 (264465.000.000) 04/27 18:27:34 Job terminated.
	(1) Normal termination (return value 0)
		Usr 0 00:08:07, Sys 0 00:00:06  -  Run Remote Usage
		Usr 0 00:00:00, Sys 0 00:00:00  -  Run Local Usage
		Usr 0 00:08:07, Sys 0 00:00:06  -  Total Remote Usage
		Usr 0 00:00:00, Sys 0 00:00:00  -  Total Local Usage
	15086  -  Run Bytes Sent By Job
	33285  -  Run Bytes Received By Job
	15086  -  Total Bytes Sent By Job
	33285  -  Total Bytes Received By Job
	Partitionable Resources :    Usage  Request          
	   Cpus                 :                 1          
	   Disk (KB)            :      188      188          
	   Memory (MB)          :      163      163          
...
000 (265379.000.000) 04/28 00:03:51 Job submitted from host: <18.12.1.74:45694>
...
001 (265379.000.000) 04/28 00:04:32 Job executing on host: <18.12.8.245:40219>
...
006 (265379.000.000) 04/28 00:04:33 Image size of job updated: 1
	0  -  MemoryUsage of job (MB)
	0  -  ResidentSetSize of job (KB)
...
005 (265379.000.000) 04/28 00:04:33 Job terminated.
	(1) Normal termination (return value 1)
		Usr 0 00:00:00, Sys 0 00:00:00  -  Run Remote Usage
		Usr 0 00:00:00, Sys 0 00:00:00  -  Run Local Usage
		Usr 0 00:00:00, Sys 0 00:00:00  -  Total Remote Usage
		Usr 0 00:00:00, Sys 0 00:00:00  -  Total Local Usage
	1208  -  Run Bytes Sent By Job
	33798  -  Run Bytes Received By Job
	1208  -  Total Bytes Sent By Job
	33798  -  Total Bytes Received By Job
	Partitionable Resources :    Usage  Request          
	   Cpus                 :                 1          
	   Disk (KB)            :       57       57          
	   Memory (MB)          :        0        0          
...
000 (265585.000.000) 04/28 02:01:43 Job submitted from host: <18.12.1.74:45694>
...
001 (265585.000.000) 04/28 02:02:10 Job executing on host: <18.12.9.20:43650>
...
006 (265585.000.000) 04/28 02:02:18 Image size of job updated: 69436
	14  -  MemoryUsage of job (MB)
	13584  -  ResidentSetSize of job (KB)
...
006 (265585.000.000) 04/28 02:07:18 Image size of job updated: 247988
	113  -  MemoryUsage of job (MB)
	115524  -  ResidentSetSize of job (KB)
...
006 (265585.000.000) 04/28 02:12:18 Image size of job updated: 315436
	166  -  MemoryUsage of job (MB)
	169264  -  ResidentSetSize of job (KB)
...
006 (265585.000.000) 04/28 02:17:19 Image size of job updated: 320156
	170  -  MemoryUsage of job (MB)
	173916  -  ResidentSetSize of job (KB)
...
006 (265585.000.000) 04/28 02:22:19 Image size of job updated: 326452
	177  -  MemoryUsage of job (MB)
	180404  -  ResidentSetSize of job (KB)
...
006 (265585.000.000) 04/28 02:27:21 Image size of job updated: 332964
	183  -  MemoryUsage of job (MB)
	186912  -  ResidentSetSize of job (KB)
...
006 (265585.000.000) 04/28 02:32:21 Image size of job updated: 339200
	189  -  MemoryUsage of job (MB)
	193156  -  ResidentSetSize of job (KB)
...
006 (265585.000.000) 04/28 02:36:25 Image size of job updated: 344212
	189  -  MemoryUsage of job (MB)
	193156  -  ResidentSetSize of job (KB)
...
005 (265585.000.000) 04/28 02:36:26 Job terminated.
	(1) Normal termination (return value 0)
		Usr 0 00:31:18, Sys 0 00:01:24  -  Run Remote Usage
		Usr 0 00:00:00, Sys 0 00:00:00  -  Run Local Usage
		Usr 0 00:31:18, Sys 0 00:01:24  -  Total Remote Usage
		Usr 0 00:00:00, Sys 0 00:00:00  -  Total Local Usage
	112926  -  Run Bytes Sent By Job
	33812  -  Run Bytes Received By Job
	112926  -  Total Bytes Sent By Job
	33812  -  Total Bytes Received By Job
	Partitionable Resources :    Usage  Request          
	   Cpus                 :                 1          
	   Disk (KB)            :     2327     2327          
	   Memory (MB)          :      189      189          
...
