000 (263915.000.000) 04/26 04:23:03 Job submitted from host: <18.12.1.74:45694>
...
001 (263915.000.000) 04/26 04:24:15 Job executing on host: <18.12.12.11:41679>
...
006 (263915.000.000) 04/26 04:24:24 Image size of job updated: 211548
	105  -  MemoryUsage of job (MB)
	107048  -  ResidentSetSize of job (KB)
...
006 (263915.000.000) 04/26 04:29:26 Image size of job updated: 247056
	112  -  MemoryUsage of job (MB)
	114652  -  ResidentSetSize of job (KB)
...
006 (263915.000.000) 04/26 04:34:26 Image size of job updated: 248356
	114  -  MemoryUsage of job (MB)
	115968  -  ResidentSetSize of job (KB)
...
006 (263915.000.000) 04/26 04:39:28 Image size of job updated: 316436
	169  -  MemoryUsage of job (MB)
	172848  -  ResidentSetSize of job (KB)
...
006 (263915.000.000) 04/26 04:44:28 Image size of job updated: 319100
	169  -  MemoryUsage of job (MB)
	172848  -  ResidentSetSize of job (KB)
...
006 (263915.000.000) 04/26 04:49:30 Image size of job updated: 321512
	169  -  MemoryUsage of job (MB)
	172848  -  ResidentSetSize of job (KB)
...
006 (263915.000.000) 04/26 04:54:30 Image size of job updated: 325748
	169  -  MemoryUsage of job (MB)
	172848  -  ResidentSetSize of job (KB)
...
006 (263915.000.000) 04/26 04:59:31 Image size of job updated: 329616
	172  -  MemoryUsage of job (MB)
	175648  -  ResidentSetSize of job (KB)
...
006 (263915.000.000) 04/26 05:04:31 Image size of job updated: 335328
	177  -  MemoryUsage of job (MB)
	180920  -  ResidentSetSize of job (KB)
...
006 (263915.000.000) 04/26 05:09:32 Image size of job updated: 340400
	182  -  MemoryUsage of job (MB)
	185992  -  ResidentSetSize of job (KB)
...
006 (263915.000.000) 04/26 05:14:32 Image size of job updated: 345028
	187  -  MemoryUsage of job (MB)
	190612  -  ResidentSetSize of job (KB)
...
006 (263915.000.000) 04/26 05:19:32 Image size of job updated: 348108
	190  -  MemoryUsage of job (MB)
	193632  -  ResidentSetSize of job (KB)
...
006 (263915.000.000) 04/26 05:24:33 Image size of job updated: 351968
	193  -  MemoryUsage of job (MB)
	197564  -  ResidentSetSize of job (KB)
...
006 (263915.000.000) 04/26 05:25:16 Image size of job updated: 352384
	193  -  MemoryUsage of job (MB)
	197564  -  ResidentSetSize of job (KB)
...
005 (263915.000.000) 04/26 05:25:16 Job terminated.
	(1) Normal termination (return value 0)
		Usr 0 00:57:19, Sys 0 00:01:44  -  Run Remote Usage
		Usr 0 00:00:00, Sys 0 00:00:00  -  Run Local Usage
		Usr 0 00:57:19, Sys 0 00:01:44  -  Total Remote Usage
		Usr 0 00:00:00, Sys 0 00:00:00  -  Total Local Usage
	140867  -  Run Bytes Sent By Job
	32753  -  Run Bytes Received By Job
	140867  -  Total Bytes Sent By Job
	32753  -  Total Bytes Received By Job
	Partitionable Resources :    Usage  Request          
	   Cpus                 :                 1          
	   Disk (KB)            :     3422     3422          
	   Memory (MB)          :      193      193          
...
000 (264461.000.000) 04/27 18:09:25 Job submitted from host: <18.12.1.74:45694>
...
001 (264461.000.000) 04/27 18:10:29 Job executing on host: <18.12.8.245:40219>
...
006 (264461.000.000) 04/27 18:10:38 Image size of job updated: 118428
	30  -  MemoryUsage of job (MB)
	29908  -  ResidentSetSize of job (KB)
...
006 (264461.000.000) 04/27 18:15:40 Image size of job updated: 247948
	113  -  MemoryUsage of job (MB)
	115500  -  ResidentSetSize of job (KB)
...
006 (264461.000.000) 04/27 18:18:43 Image size of job updated: 315408
	113  -  MemoryUsage of job (MB)
	115500  -  ResidentSetSize of job (KB)
...
005 (264461.000.000) 04/27 18:18:43 Job terminated.
	(1) Normal termination (return value 0)
		Usr 0 00:07:28, Sys 0 00:00:05  -  Run Remote Usage
		Usr 0 00:00:00, Sys 0 00:00:00  -  Run Local Usage
		Usr 0 00:07:28, Sys 0 00:00:05  -  Total Remote Usage
		Usr 0 00:00:00, Sys 0 00:00:00  -  Total Local Usage
	15084  -  Run Bytes Sent By Job
	33285  -  Run Bytes Received By Job
	15084  -  Total Bytes Sent By Job
	33285  -  Total Bytes Received By Job
	Partitionable Resources :    Usage  Request          
	   Cpus                 :                 1          
	   Disk (KB)            :      155      155          
	   Memory (MB)          :      113      113          
...
000 (265375.000.000) 04/28 00:03:50 Job submitted from host: <18.12.1.74:45694>
...
001 (265375.000.000) 04/28 00:04:32 Job executing on host: <18.12.8.230:48687>
...
006 (265375.000.000) 04/28 00:04:36 Image size of job updated: 1
	0  -  MemoryUsage of job (MB)
	0  -  ResidentSetSize of job (KB)
...
005 (265375.000.000) 04/28 00:04:36 Job terminated.
	(1) Normal termination (return value 1)
		Usr 0 00:00:00, Sys 0 00:00:00  -  Run Remote Usage
		Usr 0 00:00:00, Sys 0 00:00:00  -  Run Local Usage
		Usr 0 00:00:00, Sys 0 00:00:00  -  Total Remote Usage
		Usr 0 00:00:00, Sys 0 00:00:00  -  Total Local Usage
	1208  -  Run Bytes Sent By Job
	33798  -  Run Bytes Received By Job
	1208  -  Total Bytes Sent By Job
	33798  -  Total Bytes Received By Job
	Partitionable Resources :    Usage  Request          
	   Cpus                 :                 1          
	   Disk (KB)            :       57       57          
	   Memory (MB)          :        0        0          
...
000 (265581.000.000) 04/28 02:01:43 Job submitted from host: <18.12.1.74:45694>
...
001 (265581.000.000) 04/28 02:02:10 Job executing on host: <18.12.9.14:46278>
...
006 (265581.000.000) 04/28 02:02:18 Image size of job updated: 211392
	105  -  MemoryUsage of job (MB)
	106904  -  ResidentSetSize of job (KB)
...
006 (265581.000.000) 04/28 02:07:18 Image size of job updated: 247108
	112  -  MemoryUsage of job (MB)
	114592  -  ResidentSetSize of job (KB)
...
006 (265581.000.000) 04/28 02:12:18 Image size of job updated: 314024
	164  -  MemoryUsage of job (MB)
	167896  -  ResidentSetSize of job (KB)
...
006 (265581.000.000) 04/28 02:17:19 Image size of job updated: 318048
	168  -  MemoryUsage of job (MB)
	171960  -  ResidentSetSize of job (KB)
...
006 (265581.000.000) 04/28 02:22:19 Image size of job updated: 323408
	174  -  MemoryUsage of job (MB)
	177324  -  ResidentSetSize of job (KB)
...
006 (265581.000.000) 04/28 02:27:21 Image size of job updated: 329560
	180  -  MemoryUsage of job (MB)
	183476  -  ResidentSetSize of job (KB)
...
006 (265581.000.000) 04/28 02:32:21 Image size of job updated: 336168
	186  -  MemoryUsage of job (MB)
	190084  -  ResidentSetSize of job (KB)
...
006 (265581.000.000) 04/28 02:37:21 Image size of job updated: 342732
	193  -  MemoryUsage of job (MB)
	196648  -  ResidentSetSize of job (KB)
...
006 (265581.000.000) 04/28 02:38:36 Image size of job updated: 344276
	193  -  MemoryUsage of job (MB)
	196648  -  ResidentSetSize of job (KB)
...
005 (265581.000.000) 04/28 02:38:36 Job terminated.
	(1) Normal termination (return value 0)
		Usr 0 00:31:48, Sys 0 00:01:20  -  Run Remote Usage
		Usr 0 00:00:00, Sys 0 00:00:00  -  Run Local Usage
		Usr 0 00:31:48, Sys 0 00:01:20  -  Total Remote Usage
		Usr 0 00:00:00, Sys 0 00:00:00  -  Total Local Usage
	112925  -  Run Bytes Sent By Job
	33812  -  Run Bytes Received By Job
	112925  -  Total Bytes Sent By Job
	33812  -  Total Bytes Received By Job
	Partitionable Resources :    Usage  Request          
	   Cpus                 :                 1          
	   Disk (KB)            :     2617     2617          
	   Memory (MB)          :      193      193          
...
