000 (263935.000.000) 04/26 04:23:05 Job submitted from host: <18.12.1.74:45694>
...
001 (263935.000.000) 04/26 04:24:18 Job executing on host: <18.12.8.222:47519>
...
006 (263935.000.000) 04/26 04:24:27 Image size of job updated: 200684
	49  -  MemoryUsage of job (MB)
	49324  -  ResidentSetSize of job (KB)
...
006 (263935.000.000) 04/26 04:29:29 Image size of job updated: 247524
	113  -  MemoryUsage of job (MB)
	115116  -  ResidentSetSize of job (KB)
...
006 (263935.000.000) 04/26 04:34:29 Image size of job updated: 248760
	114  -  MemoryUsage of job (MB)
	116508  -  ResidentSetSize of job (KB)
...
006 (263935.000.000) 04/26 04:39:30 Image size of job updated: 316548
	169  -  MemoryUsage of job (MB)
	173000  -  ResidentSetSize of job (KB)
...
006 (263935.000.000) 04/26 04:44:30 Image size of job updated: 320100
	172  -  MemoryUsage of job (MB)
	175804  -  ResidentSetSize of job (KB)
...
006 (263935.000.000) 04/26 04:49:31 Image size of job updated: 324328
	177  -  MemoryUsage of job (MB)
	180356  -  ResidentSetSize of job (KB)
...
006 (263935.000.000) 04/26 04:54:31 Image size of job updated: 328624
	181  -  MemoryUsage of job (MB)
	184604  -  ResidentSetSize of job (KB)
...
006 (263935.000.000) 04/26 04:59:32 Image size of job updated: 334808
	187  -  MemoryUsage of job (MB)
	190692  -  ResidentSetSize of job (KB)
...
006 (263935.000.000) 04/26 05:04:33 Image size of job updated: 341120
	193  -  MemoryUsage of job (MB)
	196888  -  ResidentSetSize of job (KB)
...
006 (263935.000.000) 04/26 05:09:33 Image size of job updated: 346820
	198  -  MemoryUsage of job (MB)
	202580  -  ResidentSetSize of job (KB)
...
006 (263935.000.000) 04/26 05:14:35 Image size of job updated: 350684
	202  -  MemoryUsage of job (MB)
	206280  -  ResidentSetSize of job (KB)
...
006 (263935.000.000) 04/26 05:16:44 Image size of job updated: 352280
	202  -  MemoryUsage of job (MB)
	206280  -  ResidentSetSize of job (KB)
...
005 (263935.000.000) 04/26 05:16:44 Job terminated.
	(1) Normal termination (return value 0)
		Usr 0 00:49:26, Sys 0 00:01:32  -  Run Remote Usage
		Usr 0 00:00:00, Sys 0 00:00:00  -  Run Local Usage
		Usr 0 00:49:26, Sys 0 00:01:32  -  Total Remote Usage
		Usr 0 00:00:00, Sys 0 00:00:00  -  Total Local Usage
	141807  -  Run Bytes Sent By Job
	32753  -  Run Bytes Received By Job
	141807  -  Total Bytes Sent By Job
	32753  -  Total Bytes Received By Job
	Partitionable Resources :    Usage  Request          
	   Cpus                 :                 1          
	   Disk (KB)            :     3337     3337          
	   Memory (MB)          :      202      202          
...
000 (265395.000.000) 04/28 00:03:53 Job submitted from host: <18.12.1.74:45694>
...
001 (265395.000.000) 04/28 00:04:57 Job executing on host: <18.12.8.3:47592>
...
006 (265395.000.000) 04/28 00:04:58 Image size of job updated: 1
	0  -  MemoryUsage of job (MB)
	0  -  ResidentSetSize of job (KB)
...
005 (265395.000.000) 04/28 00:04:58 Job terminated.
	(1) Normal termination (return value 1)
		Usr 0 00:00:00, Sys 0 00:00:00  -  Run Remote Usage
		Usr 0 00:00:00, Sys 0 00:00:00  -  Run Local Usage
		Usr 0 00:00:00, Sys 0 00:00:00  -  Total Remote Usage
		Usr 0 00:00:00, Sys 0 00:00:00  -  Total Local Usage
	1211  -  Run Bytes Sent By Job
	33798  -  Run Bytes Received By Job
	1211  -  Total Bytes Sent By Job
	33798  -  Total Bytes Received By Job
	Partitionable Resources :    Usage  Request          
	   Cpus                 :                 1          
	   Disk (KB)            :       57       57          
	   Memory (MB)          :        0        0          
...
000 (265601.000.000) 04/28 02:01:45 Job submitted from host: <18.12.1.74:45694>
...
001 (265601.000.000) 04/28 02:02:11 Job executing on host: <18.12.8.202:47008>
...
006 (265601.000.000) 04/28 02:02:20 Image size of job updated: 1
	2  -  MemoryUsage of job (MB)
	1720  -  ResidentSetSize of job (KB)
...
006 (265601.000.000) 04/28 02:07:22 Image size of job updated: 211388
	105  -  MemoryUsage of job (MB)
	107016  -  ResidentSetSize of job (KB)
...
006 (265601.000.000) 04/28 02:12:22 Image size of job updated: 247992
	113  -  MemoryUsage of job (MB)
	115244  -  ResidentSetSize of job (KB)
...
006 (265601.000.000) 04/28 02:17:23 Image size of job updated: 315848
	156  -  MemoryUsage of job (MB)
	159308  -  ResidentSetSize of job (KB)
...
006 (265601.000.000) 04/28 02:22:23 Image size of job updated: 320472
	159  -  MemoryUsage of job (MB)
	162292  -  ResidentSetSize of job (KB)
...
006 (265601.000.000) 04/28 02:27:24 Image size of job updated: 325968
	164  -  MemoryUsage of job (MB)
	167456  -  ResidentSetSize of job (KB)
...
006 (265601.000.000) 04/28 02:32:24 Image size of job updated: 332120
	170  -  MemoryUsage of job (MB)
	173588  -  ResidentSetSize of job (KB)
...
006 (265601.000.000) 04/28 02:37:25 Image size of job updated: 338808
	176  -  MemoryUsage of job (MB)
	180204  -  ResidentSetSize of job (KB)
...
006 (265601.000.000) 04/28 02:41:32 Image size of job updated: 344204
	176  -  MemoryUsage of job (MB)
	180204  -  ResidentSetSize of job (KB)
...
005 (265601.000.000) 04/28 02:41:32 Job terminated.
	(1) Normal termination (return value 0)
		Usr 0 00:31:32, Sys 0 00:01:28  -  Run Remote Usage
		Usr 0 00:00:00, Sys 0 00:00:00  -  Run Local Usage
		Usr 0 00:31:32, Sys 0 00:01:28  -  Total Remote Usage
		Usr 0 00:00:00, Sys 0 00:00:00  -  Total Local Usage
	112920  -  Run Bytes Sent By Job
	33812  -  Run Bytes Received By Job
	112920  -  Total Bytes Sent By Job
	33812  -  Total Bytes Received By Job
	Partitionable Resources :    Usage  Request          
	   Cpus                 :                 1          
	   Disk (KB)            :     2291     2291          
	   Memory (MB)          :      176      176          
...
