000 (263963.000.000) 04/26 04:23:09 Job submitted from host: <18.12.1.74:45694>
...
001 (263963.000.000) 04/26 04:24:20 Job executing on host: <18.12.8.190:43942>
...
006 (263963.000.000) 04/26 04:24:29 Image size of job updated: 1
	2  -  MemoryUsage of job (MB)
	1712  -  ResidentSetSize of job (KB)
...
006 (263963.000.000) 04/26 04:29:30 Image size of job updated: 247940
	113  -  MemoryUsage of job (MB)
	115548  -  ResidentSetSize of job (KB)
...
006 (263963.000.000) 04/26 04:34:30 Image size of job updated: 316456
	169  -  MemoryUsage of job (MB)
	172352  -  ResidentSetSize of job (KB)
...
006 (263963.000.000) 04/26 04:39:31 Image size of job updated: 319284
	170  -  MemoryUsage of job (MB)
	173564  -  ResidentSetSize of job (KB)
...
006 (263963.000.000) 04/26 04:44:31 Image size of job updated: 322472
	172  -  MemoryUsage of job (MB)
	175656  -  ResidentSetSize of job (KB)
...
006 (263963.000.000) 04/26 04:49:32 Image size of job updated: 327504
	172  -  MemoryUsage of job (MB)
	175656  -  ResidentSetSize of job (KB)
...
006 (263963.000.000) 04/26 04:54:32 Image size of job updated: 333320
	178  -  MemoryUsage of job (MB)
	181272  -  ResidentSetSize of job (KB)
...
006 (263963.000.000) 04/26 04:59:34 Image size of job updated: 339060
	183  -  MemoryUsage of job (MB)
	186984  -  ResidentSetSize of job (KB)
...
006 (263963.000.000) 04/26 05:04:34 Image size of job updated: 344396
	188  -  MemoryUsage of job (MB)
	192320  -  ResidentSetSize of job (KB)
...
006 (263963.000.000) 04/26 05:09:36 Image size of job updated: 349084
	193  -  MemoryUsage of job (MB)
	197016  -  ResidentSetSize of job (KB)
...
006 (263963.000.000) 04/26 05:12:38 Image size of job updated: 352176
	193  -  MemoryUsage of job (MB)
	197016  -  ResidentSetSize of job (KB)
...
005 (263963.000.000) 04/26 05:12:38 Job terminated.
	(1) Normal termination (return value 0)
		Usr 0 00:45:33, Sys 0 00:01:39  -  Run Remote Usage
		Usr 0 00:00:00, Sys 0 00:00:00  -  Run Local Usage
		Usr 0 00:45:33, Sys 0 00:01:39  -  Total Remote Usage
		Usr 0 00:00:00, Sys 0 00:00:00  -  Total Local Usage
	140925  -  Run Bytes Sent By Job
	32753  -  Run Bytes Received By Job
	140925  -  Total Bytes Sent By Job
	32753  -  Total Bytes Received By Job
	Partitionable Resources :    Usage  Request          
	   Cpus                 :                 1          
	   Disk (KB)            :     3227     3227          
	   Memory (MB)          :      193      193          
...
000 (265423.000.000) 04/28 00:03:56 Job submitted from host: <18.12.1.74:45694>
...
001 (265423.000.000) 04/28 00:04:35 Job executing on host: <18.12.8.228:44526>
...
006 (265423.000.000) 04/28 00:04:35 Image size of job updated: 1
	0  -  MemoryUsage of job (MB)
	0  -  ResidentSetSize of job (KB)
...
005 (265423.000.000) 04/28 00:04:35 Job terminated.
	(1) Normal termination (return value 1)
		Usr 0 00:00:00, Sys 0 00:00:00  -  Run Remote Usage
		Usr 0 00:00:00, Sys 0 00:00:00  -  Run Local Usage
		Usr 0 00:00:00, Sys 0 00:00:00  -  Total Remote Usage
		Usr 0 00:00:00, Sys 0 00:00:00  -  Total Local Usage
	1211  -  Run Bytes Sent By Job
	33798  -  Run Bytes Received By Job
	1211  -  Total Bytes Sent By Job
	33798  -  Total Bytes Received By Job
	Partitionable Resources :    Usage  Request          
	   Cpus                 :                 1          
	   Disk (KB)            :       57       57          
	   Memory (MB)          :        0        0          
...
000 (265629.000.000) 04/28 02:01:48 Job submitted from host: <18.12.1.74:45694>
...
001 (265629.000.000) 04/28 02:02:11 Job executing on host: <18.12.8.161:44380>
...
006 (265629.000.000) 04/28 02:02:20 Image size of job updated: 1
	2  -  MemoryUsage of job (MB)
	1700  -  ResidentSetSize of job (KB)
...
006 (265629.000.000) 04/28 02:07:21 Image size of job updated: 247572
	113  -  MemoryUsage of job (MB)
	115104  -  ResidentSetSize of job (KB)
...
006 (265629.000.000) 04/28 02:12:21 Image size of job updated: 312732
	163  -  MemoryUsage of job (MB)
	166188  -  ResidentSetSize of job (KB)
...
006 (265629.000.000) 04/28 02:17:21 Image size of job updated: 317448
	168  -  MemoryUsage of job (MB)
	171236  -  ResidentSetSize of job (KB)
...
006 (265629.000.000) 04/28 02:22:23 Image size of job updated: 321312
	172  -  MemoryUsage of job (MB)
	175352  -  ResidentSetSize of job (KB)
...
006 (265629.000.000) 04/28 02:27:23 Image size of job updated: 326332
	177  -  MemoryUsage of job (MB)
	180424  -  ResidentSetSize of job (KB)
...
006 (265629.000.000) 04/28 02:32:24 Image size of job updated: 331292
	182  -  MemoryUsage of job (MB)
	185384  -  ResidentSetSize of job (KB)
...
006 (265629.000.000) 04/28 02:37:24 Image size of job updated: 336360
	186  -  MemoryUsage of job (MB)
	190452  -  ResidentSetSize of job (KB)
...
006 (265629.000.000) 04/28 02:42:24 Image size of job updated: 342152
	192  -  MemoryUsage of job (MB)
	196244  -  ResidentSetSize of job (KB)
...
006 (265629.000.000) 04/28 02:44:07 Image size of job updated: 344076
	192  -  MemoryUsage of job (MB)
	196244  -  ResidentSetSize of job (KB)
...
005 (265629.000.000) 04/28 02:44:07 Job terminated.
	(1) Normal termination (return value 0)
		Usr 0 00:38:21, Sys 0 00:01:25  -  Run Remote Usage
		Usr 0 00:00:00, Sys 0 00:00:00  -  Run Local Usage
		Usr 0 00:38:21, Sys 0 00:01:25  -  Total Remote Usage
		Usr 0 00:00:00, Sys 0 00:00:00  -  Total Local Usage
	112935  -  Run Bytes Sent By Job
	33812  -  Run Bytes Received By Job
	112935  -  Total Bytes Sent By Job
	33812  -  Total Bytes Received By Job
	Partitionable Resources :    Usage  Request          
	   Cpus                 :                 1          
	   Disk (KB)            :     2612     2612          
	   Memory (MB)          :      192      192          
...
