000 (263920.000.000) 04/26 04:23:04 Job submitted from host: <18.12.1.74:45694>
...
001 (263920.000.000) 04/26 04:24:17 Job executing on host: <18.12.8.82:42409>
...
006 (263920.000.000) 04/26 04:24:25 Image size of job updated: 1
	2  -  MemoryUsage of job (MB)
	1704  -  ResidentSetSize of job (KB)
...
006 (263920.000.000) 04/26 04:29:25 Image size of job updated: 247524
	113  -  MemoryUsage of job (MB)
	115092  -  ResidentSetSize of job (KB)
...
006 (263920.000.000) 04/26 04:34:25 Image size of job updated: 248352
	114  -  MemoryUsage of job (MB)
	115928  -  ResidentSetSize of job (KB)
...
006 (263920.000.000) 04/26 04:39:25 Image size of job updated: 316364
	169  -  MemoryUsage of job (MB)
	172928  -  ResidentSetSize of job (KB)
...
006 (263920.000.000) 04/26 04:44:26 Image size of job updated: 317880
	171  -  MemoryUsage of job (MB)
	174292  -  ResidentSetSize of job (KB)
...
006 (263920.000.000) 04/26 04:49:26 Image size of job updated: 319724
	173  -  MemoryUsage of job (MB)
	176168  -  ResidentSetSize of job (KB)
...
006 (263920.000.000) 04/26 04:54:28 Image size of job updated: 322420
	175  -  MemoryUsage of job (MB)
	179136  -  ResidentSetSize of job (KB)
...
006 (263920.000.000) 04/26 04:59:28 Image size of job updated: 325556
	178  -  MemoryUsage of job (MB)
	182252  -  ResidentSetSize of job (KB)
...
006 (263920.000.000) 04/26 05:04:30 Image size of job updated: 329012
	182  -  MemoryUsage of job (MB)
	185708  -  ResidentSetSize of job (KB)
...
006 (263920.000.000) 04/26 05:09:30 Image size of job updated: 333644
	186  -  MemoryUsage of job (MB)
	190336  -  ResidentSetSize of job (KB)
...
006 (263920.000.000) 04/26 05:14:32 Image size of job updated: 338288
	191  -  MemoryUsage of job (MB)
	194980  -  ResidentSetSize of job (KB)
...
006 (263920.000.000) 04/26 05:19:32 Image size of job updated: 342512
	194  -  MemoryUsage of job (MB)
	198280  -  ResidentSetSize of job (KB)
...
006 (263920.000.000) 04/26 05:24:34 Image size of job updated: 346372
	198  -  MemoryUsage of job (MB)
	202284  -  ResidentSetSize of job (KB)
...
006 (263920.000.000) 04/26 05:29:34 Image size of job updated: 349460
	201  -  MemoryUsage of job (MB)
	205320  -  ResidentSetSize of job (KB)
...
006 (263920.000.000) 04/26 05:34:17 Image size of job updated: 352212
	201  -  MemoryUsage of job (MB)
	205320  -  ResidentSetSize of job (KB)
...
005 (263920.000.000) 04/26 05:34:17 Job terminated.
	(1) Normal termination (return value 0)
		Usr 0 01:02:16, Sys 0 00:05:45  -  Run Remote Usage
		Usr 0 00:00:00, Sys 0 00:00:00  -  Run Local Usage
		Usr 0 01:02:16, Sys 0 00:05:45  -  Total Remote Usage
		Usr 0 00:00:00, Sys 0 00:00:00  -  Total Local Usage
	141051  -  Run Bytes Sent By Job
	32753  -  Run Bytes Received By Job
	141051  -  Total Bytes Sent By Job
	32753  -  Total Bytes Received By Job
	Partitionable Resources :    Usage  Request          
	   Cpus                 :                 1          
	   Disk (KB)            :     3233     3233          
	   Memory (MB)          :      201      201          
...
000 (264466.000.000) 04/27 18:09:25 Job submitted from host: <18.12.1.74:45694>
...
001 (264466.000.000) 04/27 18:10:30 Job executing on host: <18.12.8.192:43504>
...
006 (264466.000.000) 04/27 18:10:38 Image size of job updated: 115764
	28  -  MemoryUsage of job (MB)
	27864  -  ResidentSetSize of job (KB)
...
006 (264466.000.000) 04/27 18:15:38 Image size of job updated: 247948
	115  -  MemoryUsage of job (MB)
	116940  -  ResidentSetSize of job (KB)
...
006 (264466.000.000) 04/27 18:19:38 Image size of job updated: 315400
	115  -  MemoryUsage of job (MB)
	116940  -  ResidentSetSize of job (KB)
...
005 (264466.000.000) 04/27 18:19:38 Job terminated.
	(1) Normal termination (return value 0)
		Usr 0 00:08:16, Sys 0 00:00:05  -  Run Remote Usage
		Usr 0 00:00:00, Sys 0 00:00:00  -  Run Local Usage
		Usr 0 00:08:16, Sys 0 00:00:05  -  Total Remote Usage
		Usr 0 00:00:00, Sys 0 00:00:00  -  Total Local Usage
	15084  -  Run Bytes Sent By Job
	33285  -  Run Bytes Received By Job
	15084  -  Total Bytes Sent By Job
	33285  -  Total Bytes Received By Job
	Partitionable Resources :    Usage  Request          
	   Cpus                 :                 1          
	   Disk (KB)            :      155      155          
	   Memory (MB)          :      115      115          
...
000 (265380.000.000) 04/28 00:03:51 Job submitted from host: <18.12.1.74:45694>
...
001 (265380.000.000) 04/28 00:04:32 Job executing on host: <18.12.8.191:41679>
...
006 (265380.000.000) 04/28 00:04:33 Image size of job updated: 1
	0  -  MemoryUsage of job (MB)
	0  -  ResidentSetSize of job (KB)
...
005 (265380.000.000) 04/28 00:04:33 Job terminated.
	(1) Normal termination (return value 1)
		Usr 0 00:00:00, Sys 0 00:00:00  -  Run Remote Usage
		Usr 0 00:00:00, Sys 0 00:00:00  -  Run Local Usage
		Usr 0 00:00:00, Sys 0 00:00:00  -  Total Remote Usage
		Usr 0 00:00:00, Sys 0 00:00:00  -  Total Local Usage
	1208  -  Run Bytes Sent By Job
	33798  -  Run Bytes Received By Job
	1208  -  Total Bytes Sent By Job
	33798  -  Total Bytes Received By Job
	Partitionable Resources :    Usage  Request          
	   Cpus                 :                 1          
	   Disk (KB)            :       57       57          
	   Memory (MB)          :        0        0          
...
000 (265586.000.000) 04/28 02:01:43 Job submitted from host: <18.12.1.74:45694>
...
001 (265586.000.000) 04/28 02:02:10 Job executing on host: <18.12.9.11:42336>
...
006 (265586.000.000) 04/28 02:02:18 Image size of job updated: 117364
	28  -  MemoryUsage of job (MB)
	28556  -  ResidentSetSize of job (KB)
...
006 (265586.000.000) 04/28 02:07:18 Image size of job updated: 247984
	113  -  MemoryUsage of job (MB)
	115516  -  ResidentSetSize of job (KB)
...
006 (265586.000.000) 04/28 02:12:18 Image size of job updated: 315880
	166  -  MemoryUsage of job (MB)
	169648  -  ResidentSetSize of job (KB)
...
006 (265586.000.000) 04/28 02:17:20 Image size of job updated: 320476
	171  -  MemoryUsage of job (MB)
	174252  -  ResidentSetSize of job (KB)
...
006 (265586.000.000) 04/28 02:22:19 Image size of job updated: 326652
	177  -  MemoryUsage of job (MB)
	180668  -  ResidentSetSize of job (KB)
...
006 (265586.000.000) 04/28 02:27:20 Image size of job updated: 332888
	183  -  MemoryUsage of job (MB)
	186904  -  ResidentSetSize of job (KB)
...
006 (265586.000.000) 04/28 02:32:20 Image size of job updated: 339444
	189  -  MemoryUsage of job (MB)
	192668  -  ResidentSetSize of job (KB)
...
006 (265586.000.000) 04/28 02:35:45 Image size of job updated: 344080
	189  -  MemoryUsage of job (MB)
	192668  -  ResidentSetSize of job (KB)
...
005 (265586.000.000) 04/28 02:35:46 Job terminated.
	(1) Normal termination (return value 0)
		Usr 0 00:30:45, Sys 0 00:01:18  -  Run Remote Usage
		Usr 0 00:00:00, Sys 0 00:00:00  -  Run Local Usage
		Usr 0 00:30:45, Sys 0 00:01:18  -  Total Remote Usage
		Usr 0 00:00:00, Sys 0 00:00:00  -  Total Local Usage
	112931  -  Run Bytes Sent By Job
	33812  -  Run Bytes Received By Job
	112931  -  Total Bytes Sent By Job
	33812  -  Total Bytes Received By Job
	Partitionable Resources :    Usage  Request          
	   Cpus                 :                 1          
	   Disk (KB)            :     2358     2358          
	   Memory (MB)          :      189      189          
...
