000 (263950.000.000) 04/26 04:23:07 Job submitted from host: <18.12.1.74:45694>
...
001 (263950.000.000) 04/26 04:24:19 Job executing on host: <18.12.8.236:40000>
...
006 (263950.000.000) 04/26 04:24:27 Image size of job updated: 1
	2  -  MemoryUsage of job (MB)
	1704  -  ResidentSetSize of job (KB)
...
006 (263950.000.000) 04/26 04:29:27 Image size of job updated: 247532
	112  -  MemoryUsage of job (MB)
	114476  -  ResidentSetSize of job (KB)
...
006 (263950.000.000) 04/26 04:34:28 Image size of job updated: 316296
	163  -  MemoryUsage of job (MB)
	166680  -  ResidentSetSize of job (KB)
...
006 (263950.000.000) 04/26 04:39:28 Image size of job updated: 318404
	164  -  MemoryUsage of job (MB)
	167572  -  ResidentSetSize of job (KB)
...
006 (263950.000.000) 04/26 04:44:30 Image size of job updated: 322140
	168  -  MemoryUsage of job (MB)
	171600  -  ResidentSetSize of job (KB)
...
006 (263950.000.000) 04/26 04:49:30 Image size of job updated: 327148
	172  -  MemoryUsage of job (MB)
	175708  -  ResidentSetSize of job (KB)
...
006 (263950.000.000) 04/26 04:54:31 Image size of job updated: 332940
	178  -  MemoryUsage of job (MB)
	181500  -  ResidentSetSize of job (KB)
...
006 (263950.000.000) 04/26 04:59:32 Image size of job updated: 339488
	183  -  MemoryUsage of job (MB)
	187128  -  ResidentSetSize of job (KB)
...
006 (263950.000.000) 04/26 05:04:32 Image size of job updated: 346368
	190  -  MemoryUsage of job (MB)
	194008  -  ResidentSetSize of job (KB)
...
006 (263950.000.000) 04/26 05:09:33 Image size of job updated: 351480
	195  -  MemoryUsage of job (MB)
	199124  -  ResidentSetSize of job (KB)
...
006 (263950.000.000) 04/26 05:10:58 Image size of job updated: 352596
	195  -  MemoryUsage of job (MB)
	199124  -  ResidentSetSize of job (KB)
...
005 (263950.000.000) 04/26 05:10:58 Job terminated.
	(1) Normal termination (return value 0)
		Usr 0 00:44:03, Sys 0 00:01:32  -  Run Remote Usage
		Usr 0 00:00:00, Sys 0 00:00:00  -  Run Local Usage
		Usr 0 00:44:03, Sys 0 00:01:32  -  Total Remote Usage
		Usr 0 00:00:00, Sys 0 00:00:00  -  Total Local Usage
	142635  -  Run Bytes Sent By Job
	32753  -  Run Bytes Received By Job
	142635  -  Total Bytes Sent By Job
	32753  -  Total Bytes Received By Job
	Partitionable Resources :    Usage  Request          
	   Cpus                 :                 1          
	   Disk (KB)            :     3370     3370          
	   Memory (MB)          :      195      195          
...
000 (265410.000.000) 04/28 00:03:54 Job submitted from host: <18.12.1.74:45694>
...
001 (265410.000.000) 04/28 00:04:34 Job executing on host: <18.12.8.235:48030>
...
006 (265410.000.000) 04/28 00:04:34 Image size of job updated: 1
	0  -  MemoryUsage of job (MB)
	0  -  ResidentSetSize of job (KB)
...
005 (265410.000.000) 04/28 00:04:35 Job terminated.
	(1) Normal termination (return value 1)
		Usr 0 00:00:00, Sys 0 00:00:00  -  Run Remote Usage
		Usr 0 00:00:00, Sys 0 00:00:00  -  Run Local Usage
		Usr 0 00:00:00, Sys 0 00:00:00  -  Total Remote Usage
		Usr 0 00:00:00, Sys 0 00:00:00  -  Total Local Usage
	1211  -  Run Bytes Sent By Job
	33798  -  Run Bytes Received By Job
	1211  -  Total Bytes Sent By Job
	33798  -  Total Bytes Received By Job
	Partitionable Resources :    Usage  Request          
	   Cpus                 :                 1          
	   Disk (KB)            :       57       57          
	   Memory (MB)          :        0        0          
...
000 (265616.000.000) 04/28 02:01:47 Job submitted from host: <18.12.1.74:45694>
...
001 (265616.000.000) 04/28 02:02:10 Job executing on host: <18.12.12.7:48103>
...
006 (265616.000.000) 04/28 02:02:19 Image size of job updated: 1
	2  -  MemoryUsage of job (MB)
	1708  -  ResidentSetSize of job (KB)
...
006 (265616.000.000) 04/28 02:07:20 Image size of job updated: 247996
	113  -  MemoryUsage of job (MB)
	114756  -  ResidentSetSize of job (KB)
...
006 (265616.000.000) 04/28 02:12:20 Image size of job updated: 315452
	165  -  MemoryUsage of job (MB)
	168468  -  ResidentSetSize of job (KB)
...
006 (265616.000.000) 04/28 02:17:20 Image size of job updated: 319828
	169  -  MemoryUsage of job (MB)
	172420  -  ResidentSetSize of job (KB)
...
006 (265616.000.000) 04/28 02:22:21 Image size of job updated: 325220
	174  -  MemoryUsage of job (MB)
	178112  -  ResidentSetSize of job (KB)
...
006 (265616.000.000) 04/28 02:27:21 Image size of job updated: 331012
	180  -  MemoryUsage of job (MB)
	183928  -  ResidentSetSize of job (KB)
...
006 (265616.000.000) 04/28 02:32:22 Image size of job updated: 336416
	185  -  MemoryUsage of job (MB)
	189336  -  ResidentSetSize of job (KB)
...
006 (265616.000.000) 04/28 02:37:23 Image size of job updated: 342600
	191  -  MemoryUsage of job (MB)
	195520  -  ResidentSetSize of job (KB)
...
006 (265616.000.000) 04/28 02:38:46 Image size of job updated: 344524
	191  -  MemoryUsage of job (MB)
	195520  -  ResidentSetSize of job (KB)
...
005 (265616.000.000) 04/28 02:38:46 Job terminated.
	(1) Normal termination (return value 0)
		Usr 0 00:34:19, Sys 0 00:01:23  -  Run Remote Usage
		Usr 0 00:00:00, Sys 0 00:00:00  -  Run Local Usage
		Usr 0 00:34:19, Sys 0 00:01:23  -  Total Remote Usage
		Usr 0 00:00:00, Sys 0 00:00:00  -  Total Local Usage
	112924  -  Run Bytes Sent By Job
	33812  -  Run Bytes Received By Job
	112924  -  Total Bytes Sent By Job
	33812  -  Total Bytes Received By Job
	Partitionable Resources :    Usage  Request          
	   Cpus                 :                 1          
	   Disk (KB)            :     2620     2620          
	   Memory (MB)          :      191      191          
...
