000 (263957.000.000) 04/26 04:23:08 Job submitted from host: <18.12.1.74:45694>
...
001 (263957.000.000) 04/26 04:24:20 Job executing on host: <18.12.8.228:44526>
...
006 (263957.000.000) 04/26 04:24:29 Image size of job updated: 211548
	105  -  MemoryUsage of job (MB)
	107040  -  ResidentSetSize of job (KB)
...
006 (263957.000.000) 04/26 04:29:31 Image size of job updated: 247528
	113  -  MemoryUsage of job (MB)
	115112  -  ResidentSetSize of job (KB)
...
006 (263957.000.000) 04/26 04:34:31 Image size of job updated: 314480
	167  -  MemoryUsage of job (MB)
	170436  -  ResidentSetSize of job (KB)
...
006 (263957.000.000) 04/26 04:39:33 Image size of job updated: 317944
	171  -  MemoryUsage of job (MB)
	174320  -  ResidentSetSize of job (KB)
...
006 (263957.000.000) 04/26 04:44:33 Image size of job updated: 321272
	174  -  MemoryUsage of job (MB)
	177684  -  ResidentSetSize of job (KB)
...
006 (263957.000.000) 04/26 04:49:34 Image size of job updated: 326336
	179  -  MemoryUsage of job (MB)
	183032  -  ResidentSetSize of job (KB)
...
006 (263957.000.000) 04/26 04:54:34 Image size of job updated: 332116
	185  -  MemoryUsage of job (MB)
	188824  -  ResidentSetSize of job (KB)
...
006 (263957.000.000) 04/26 04:59:34 Image size of job updated: 339184
	192  -  MemoryUsage of job (MB)
	195784  -  ResidentSetSize of job (KB)
...
006 (263957.000.000) 04/26 05:04:35 Image size of job updated: 344960
	197  -  MemoryUsage of job (MB)
	201564  -  ResidentSetSize of job (KB)
...
006 (263957.000.000) 04/26 05:09:35 Image size of job updated: 349192
	201  -  MemoryUsage of job (MB)
	205796  -  ResidentSetSize of job (KB)
...
006 (263957.000.000) 04/26 05:13:12 Image size of job updated: 352280
	201  -  MemoryUsage of job (MB)
	205796  -  ResidentSetSize of job (KB)
...
005 (263957.000.000) 04/26 05:13:12 Job terminated.
	(1) Normal termination (return value 0)
		Usr 0 00:46:00, Sys 0 00:01:37  -  Run Remote Usage
		Usr 0 00:00:00, Sys 0 00:00:00  -  Run Local Usage
		Usr 0 00:46:00, Sys 0 00:01:37  -  Total Remote Usage
		Usr 0 00:00:00, Sys 0 00:00:00  -  Total Local Usage
	142460  -  Run Bytes Sent By Job
	32753  -  Run Bytes Received By Job
	142460  -  Total Bytes Sent By Job
	32753  -  Total Bytes Received By Job
	Partitionable Resources :    Usage  Request          
	   Cpus                 :                 1          
	   Disk (KB)            :     3209     3209          
	   Memory (MB)          :      201      201          
...
000 (265417.000.000) 04/28 00:03:55 Job submitted from host: <18.12.1.74:45694>
...
001 (265417.000.000) 04/28 00:04:34 Job executing on host: <18.12.8.218:42263>
...
006 (265417.000.000) 04/28 00:04:35 Image size of job updated: 1
	0  -  MemoryUsage of job (MB)
	0  -  ResidentSetSize of job (KB)
...
005 (265417.000.000) 04/28 00:04:35 Job terminated.
	(1) Normal termination (return value 1)
		Usr 0 00:00:00, Sys 0 00:00:00  -  Run Remote Usage
		Usr 0 00:00:00, Sys 0 00:00:00  -  Run Local Usage
		Usr 0 00:00:00, Sys 0 00:00:00  -  Total Remote Usage
		Usr 0 00:00:00, Sys 0 00:00:00  -  Total Local Usage
	1211  -  Run Bytes Sent By Job
	33798  -  Run Bytes Received By Job
	1211  -  Total Bytes Sent By Job
	33798  -  Total Bytes Received By Job
	Partitionable Resources :    Usage  Request          
	   Cpus                 :                 1          
	   Disk (KB)            :       57       57          
	   Memory (MB)          :        0        0          
...
000 (265623.000.000) 04/28 02:01:47 Job submitted from host: <18.12.1.74:45694>
...
001 (265623.000.000) 04/28 02:02:11 Job executing on host: <18.12.8.250:42847>
...
006 (265623.000.000) 04/28 02:02:20 Image size of job updated: 211388
	105  -  MemoryUsage of job (MB)
	106920  -  ResidentSetSize of job (KB)
...
006 (265623.000.000) 04/28 02:07:21 Image size of job updated: 247580
	113  -  MemoryUsage of job (MB)
	115124  -  ResidentSetSize of job (KB)
...
006 (265623.000.000) 04/28 02:12:22 Image size of job updated: 315612
	166  -  MemoryUsage of job (MB)
	169288  -  ResidentSetSize of job (KB)
...
006 (265623.000.000) 04/28 02:17:22 Image size of job updated: 320164
	170  -  MemoryUsage of job (MB)
	173876  -  ResidentSetSize of job (KB)
...
006 (265623.000.000) 04/28 02:22:23 Image size of job updated: 325956
	176  -  MemoryUsage of job (MB)
	179960  -  ResidentSetSize of job (KB)
...
006 (265623.000.000) 04/28 02:27:24 Image size of job updated: 332516
	183  -  MemoryUsage of job (MB)
	186536  -  ResidentSetSize of job (KB)
...
006 (265623.000.000) 04/28 02:32:24 Image size of job updated: 339140
	188  -  MemoryUsage of job (MB)
	192280  -  ResidentSetSize of job (KB)
...
006 (265623.000.000) 04/28 02:36:28 Image size of job updated: 344212
	188  -  MemoryUsage of job (MB)
	192280  -  ResidentSetSize of job (KB)
...
005 (265623.000.000) 04/28 02:36:28 Job terminated.
	(1) Normal termination (return value 0)
		Usr 0 00:31:08, Sys 0 00:01:15  -  Run Remote Usage
		Usr 0 00:00:00, Sys 0 00:00:00  -  Run Local Usage
		Usr 0 00:31:08, Sys 0 00:01:15  -  Total Remote Usage
		Usr 0 00:00:00, Sys 0 00:00:00  -  Total Local Usage
	112932  -  Run Bytes Sent By Job
	33812  -  Run Bytes Received By Job
	112932  -  Total Bytes Sent By Job
	33812  -  Total Bytes Received By Job
	Partitionable Resources :    Usage  Request          
	   Cpus                 :                 1          
	   Disk (KB)            :     2328     2328          
	   Memory (MB)          :      188      188          
...
