000 (263962.000.000) 04/26 04:23:08 Job submitted from host: <18.12.1.74:45694>
...
001 (263962.000.000) 04/26 04:24:43 Job executing on host: <18.12.8.138:41314>
...
006 (263962.000.000) 04/26 04:24:51 Image size of job updated: 1
	2  -  MemoryUsage of job (MB)
	1724  -  ResidentSetSize of job (KB)
...
006 (263962.000.000) 04/26 04:29:52 Image size of job updated: 247536
	115  -  MemoryUsage of job (MB)
	117120  -  ResidentSetSize of job (KB)
...
006 (263962.000.000) 04/26 04:34:52 Image size of job updated: 314464
	167  -  MemoryUsage of job (MB)
	170888  -  ResidentSetSize of job (KB)
...
006 (263962.000.000) 04/26 04:39:53 Image size of job updated: 317924
	173  -  MemoryUsage of job (MB)
	176312  -  ResidentSetSize of job (KB)
...
006 (263962.000.000) 04/26 04:44:53 Image size of job updated: 320520
	175  -  MemoryUsage of job (MB)
	178944  -  ResidentSetSize of job (KB)
...
006 (263962.000.000) 04/26 04:49:53 Image size of job updated: 324412
	179  -  MemoryUsage of job (MB)
	183112  -  ResidentSetSize of job (KB)
...
006 (263962.000.000) 04/26 04:54:53 Image size of job updated: 329032
	184  -  MemoryUsage of job (MB)
	187728  -  ResidentSetSize of job (KB)
...
006 (263962.000.000) 04/26 04:59:58 Image size of job updated: 334816
	189  -  MemoryUsage of job (MB)
	193480  -  ResidentSetSize of job (KB)
...
006 (263962.000.000) 04/26 05:04:54 Image size of job updated: 339772
	194  -  MemoryUsage of job (MB)
	198436  -  ResidentSetSize of job (KB)
...
006 (263962.000.000) 04/26 05:09:58 Image size of job updated: 344572
	194  -  MemoryUsage of job (MB)
	198436  -  ResidentSetSize of job (KB)
...
006 (263962.000.000) 04/26 05:14:56 Image size of job updated: 348432
	194  -  MemoryUsage of job (MB)
	198436  -  ResidentSetSize of job (KB)
...
006 (263962.000.000) 04/26 05:19:54 Image size of job updated: 352304
	194  -  MemoryUsage of job (MB)
	198436  -  ResidentSetSize of job (KB)
...
005 (263962.000.000) 04/26 05:19:54 Job terminated.
	(1) Normal termination (return value 0)
		Usr 0 00:50:52, Sys 0 00:03:00  -  Run Remote Usage
		Usr 0 00:00:00, Sys 0 00:00:00  -  Run Local Usage
		Usr 0 00:50:52, Sys 0 00:03:00  -  Total Remote Usage
		Usr 0 00:00:00, Sys 0 00:00:00  -  Total Local Usage
	141049  -  Run Bytes Sent By Job
	32753  -  Run Bytes Received By Job
	141049  -  Total Bytes Sent By Job
	32753  -  Total Bytes Received By Job
	Partitionable Resources :    Usage  Request          
	   Cpus                 :                 1          
	   Disk (KB)            :     3119     3119          
	   Memory (MB)          :      194      194          
...
000 (265422.000.000) 04/28 00:03:56 Job submitted from host: <18.12.1.74:45694>
...
001 (265422.000.000) 04/28 00:04:35 Job executing on host: <18.12.8.254:42117>
...
006 (265422.000.000) 04/28 00:04:35 Image size of job updated: 1
	0  -  MemoryUsage of job (MB)
	0  -  ResidentSetSize of job (KB)
...
005 (265422.000.000) 04/28 00:04:35 Job terminated.
	(1) Normal termination (return value 1)
		Usr 0 00:00:00, Sys 0 00:00:00  -  Run Remote Usage
		Usr 0 00:00:00, Sys 0 00:00:00  -  Run Local Usage
		Usr 0 00:00:00, Sys 0 00:00:00  -  Total Remote Usage
		Usr 0 00:00:00, Sys 0 00:00:00  -  Total Local Usage
	1211  -  Run Bytes Sent By Job
	33798  -  Run Bytes Received By Job
	1211  -  Total Bytes Sent By Job
	33798  -  Total Bytes Received By Job
	Partitionable Resources :    Usage  Request          
	   Cpus                 :                 1          
	   Disk (KB)            :       57       57          
	   Memory (MB)          :        0        0          
...
000 (265628.000.000) 04/28 02:01:48 Job submitted from host: <18.12.1.74:45694>
...
001 (265628.000.000) 04/28 02:02:11 Job executing on host: <18.12.8.170:48030>
...
006 (265628.000.000) 04/28 02:02:20 Image size of job updated: 211384
	110  -  MemoryUsage of job (MB)
	112336  -  ResidentSetSize of job (KB)
...
006 (265628.000.000) 04/28 02:07:21 Image size of job updated: 247576
	120  -  MemoryUsage of job (MB)
	122548  -  ResidentSetSize of job (KB)
...
006 (265628.000.000) 04/28 02:12:22 Image size of job updated: 315472
	173  -  MemoryUsage of job (MB)
	176696  -  ResidentSetSize of job (KB)
...
006 (265628.000.000) 04/28 02:17:22 Image size of job updated: 319376
	177  -  MemoryUsage of job (MB)
	180536  -  ResidentSetSize of job (KB)
...
006 (265628.000.000) 04/28 02:22:23 Image size of job updated: 324772
	182  -  MemoryUsage of job (MB)
	186208  -  ResidentSetSize of job (KB)
...
006 (265628.000.000) 04/28 02:27:24 Image size of job updated: 330948
	188  -  MemoryUsage of job (MB)
	192400  -  ResidentSetSize of job (KB)
...
006 (265628.000.000) 04/28 02:32:24 Image size of job updated: 336744
	194  -  MemoryUsage of job (MB)
	198196  -  ResidentSetSize of job (KB)
...
006 (265628.000.000) 04/28 02:37:26 Image size of job updated: 343044
	200  -  MemoryUsage of job (MB)
	204400  -  ResidentSetSize of job (KB)
...
006 (265628.000.000) 04/28 02:38:33 Image size of job updated: 344224
	200  -  MemoryUsage of job (MB)
	204400  -  ResidentSetSize of job (KB)
...
005 (265628.000.000) 04/28 02:38:33 Job terminated.
	(1) Normal termination (return value 0)
		Usr 0 00:32:49, Sys 0 00:01:18  -  Run Remote Usage
		Usr 0 00:00:00, Sys 0 00:00:00  -  Run Local Usage
		Usr 0 00:32:49, Sys 0 00:01:18  -  Total Remote Usage
		Usr 0 00:00:00, Sys 0 00:00:00  -  Total Local Usage
	112916  -  Run Bytes Sent By Job
	33812  -  Run Bytes Received By Job
	112916  -  Total Bytes Sent By Job
	33812  -  Total Bytes Received By Job
	Partitionable Resources :    Usage  Request          
	   Cpus                 :                 1          
	   Disk (KB)            :     2649     2649          
	   Memory (MB)          :      200      200          
...
