000 (263925.000.000) 04/26 04:23:04 Job submitted from host: <18.12.1.74:45694>
...
001 (263925.000.000) 04/26 04:24:17 Job executing on host: <18.12.8.201:41533>
...
006 (263925.000.000) 04/26 04:24:26 Image size of job updated: 214916
	125  -  MemoryUsage of job (MB)
	127036  -  ResidentSetSize of job (KB)
...
006 (263925.000.000) 04/26 04:29:28 Image size of job updated: 247524
	125  -  MemoryUsage of job (MB)
	127036  -  ResidentSetSize of job (KB)
...
006 (263925.000.000) 04/26 04:34:28 Image size of job updated: 248776
	125  -  MemoryUsage of job (MB)
	127036  -  ResidentSetSize of job (KB)
...
006 (263925.000.000) 04/26 04:39:30 Image size of job updated: 317944
	172  -  MemoryUsage of job (MB)
	176028  -  ResidentSetSize of job (KB)
...
006 (263925.000.000) 04/26 04:44:30 Image size of job updated: 320616
	175  -  MemoryUsage of job (MB)
	178684  -  ResidentSetSize of job (KB)
...
006 (263925.000.000) 04/26 04:49:32 Image size of job updated: 325240
	180  -  MemoryUsage of job (MB)
	183588  -  ResidentSetSize of job (KB)
...
006 (263925.000.000) 04/26 04:54:32 Image size of job updated: 330760
	185  -  MemoryUsage of job (MB)
	189032  -  ResidentSetSize of job (KB)
...
006 (263925.000.000) 04/26 04:59:34 Image size of job updated: 336916
	191  -  MemoryUsage of job (MB)
	195192  -  ResidentSetSize of job (KB)
...
006 (263925.000.000) 04/26 05:04:34 Image size of job updated: 341940
	191  -  MemoryUsage of job (MB)
	195192  -  ResidentSetSize of job (KB)
...
006 (263925.000.000) 04/26 05:09:35 Image size of job updated: 346516
	193  -  MemoryUsage of job (MB)
	197264  -  ResidentSetSize of job (KB)
...
006 (263925.000.000) 04/26 05:14:35 Image size of job updated: 350040
	197  -  MemoryUsage of job (MB)
	200784  -  ResidentSetSize of job (KB)
...
006 (263925.000.000) 04/26 05:17:32 Image size of job updated: 352284
	197  -  MemoryUsage of job (MB)
	200784  -  ResidentSetSize of job (KB)
...
005 (263925.000.000) 04/26 05:17:32 Job terminated.
	(1) Normal termination (return value 0)
		Usr 0 00:49:59, Sys 0 00:01:43  -  Run Remote Usage
		Usr 0 00:00:00, Sys 0 00:00:00  -  Run Local Usage
		Usr 0 00:49:59, Sys 0 00:01:43  -  Total Remote Usage
		Usr 0 00:00:00, Sys 0 00:00:00  -  Total Local Usage
	141032  -  Run Bytes Sent By Job
	32753  -  Run Bytes Received By Job
	141032  -  Total Bytes Sent By Job
	32753  -  Total Bytes Received By Job
	Partitionable Resources :    Usage  Request          
	   Cpus                 :                 1          
	   Disk (KB)            :     3267     3267          
	   Memory (MB)          :      197      197          
...
000 (265385.000.000) 04/28 00:03:52 Job submitted from host: <18.12.1.74:45694>
...
001 (265385.000.000) 04/28 00:04:32 Job executing on host: <18.12.8.255:45767>
...
006 (265385.000.000) 04/28 00:04:33 Image size of job updated: 1
	0  -  MemoryUsage of job (MB)
	0  -  ResidentSetSize of job (KB)
...
005 (265385.000.000) 04/28 00:04:33 Job terminated.
	(1) Normal termination (return value 1)
		Usr 0 00:00:00, Sys 0 00:00:00  -  Run Remote Usage
		Usr 0 00:00:00, Sys 0 00:00:00  -  Run Local Usage
		Usr 0 00:00:00, Sys 0 00:00:00  -  Total Remote Usage
		Usr 0 00:00:00, Sys 0 00:00:00  -  Total Local Usage
	1210  -  Run Bytes Sent By Job
	33798  -  Run Bytes Received By Job
	1210  -  Total Bytes Sent By Job
	33798  -  Total Bytes Received By Job
	Partitionable Resources :    Usage  Request          
	   Cpus                 :                 1          
	   Disk (KB)            :       57       57          
	   Memory (MB)          :        0        0          
...
000 (265591.000.000) 04/28 02:01:44 Job submitted from host: <18.12.1.74:45694>
...
001 (265591.000.000) 04/28 02:02:10 Job executing on host: <18.12.9.22:48687>
...
006 (265591.000.000) 04/28 02:02:18 Image size of job updated: 1
	2  -  MemoryUsage of job (MB)
	1704  -  ResidentSetSize of job (KB)
...
006 (265591.000.000) 04/28 02:07:19 Image size of job updated: 247108
	112  -  MemoryUsage of job (MB)
	114584  -  ResidentSetSize of job (KB)
...
006 (265591.000.000) 04/28 02:12:19 Image size of job updated: 314052
	164  -  MemoryUsage of job (MB)
	167900  -  ResidentSetSize of job (KB)
...
006 (265591.000.000) 04/28 02:17:19 Image size of job updated: 318620
	169  -  MemoryUsage of job (MB)
	172344  -  ResidentSetSize of job (KB)
...
006 (265591.000.000) 04/28 02:22:20 Image size of job updated: 324076
	174  -  MemoryUsage of job (MB)
	178028  -  ResidentSetSize of job (KB)
...
006 (265591.000.000) 04/28 02:27:20 Image size of job updated: 330376
	180  -  MemoryUsage of job (MB)
	184256  -  ResidentSetSize of job (KB)
...
006 (265591.000.000) 04/28 02:32:22 Image size of job updated: 336940
	186  -  MemoryUsage of job (MB)
	190064  -  ResidentSetSize of job (KB)
...
006 (265591.000.000) 04/28 02:37:22 Image size of job updated: 343832
	193  -  MemoryUsage of job (MB)
	196960  -  ResidentSetSize of job (KB)
...
006 (265591.000.000) 04/28 02:37:49 Image size of job updated: 344272
	193  -  MemoryUsage of job (MB)
	196960  -  ResidentSetSize of job (KB)
...
005 (265591.000.000) 04/28 02:37:49 Job terminated.
	(1) Normal termination (return value 0)
		Usr 0 00:31:03, Sys 0 00:01:21  -  Run Remote Usage
		Usr 0 00:00:00, Sys 0 00:00:00  -  Run Local Usage
		Usr 0 00:31:03, Sys 0 00:01:21  -  Total Remote Usage
		Usr 0 00:00:00, Sys 0 00:00:00  -  Total Local Usage
	112935  -  Run Bytes Sent By Job
	33812  -  Run Bytes Received By Job
	112935  -  Total Bytes Sent By Job
	33812  -  Total Bytes Received By Job
	Partitionable Resources :    Usage  Request          
	   Cpus                 :                 1          
	   Disk (KB)            :     2719     2719          
	   Memory (MB)          :      193      193          
...
