000 (263717.000.000) 04/26 03:18:06 Job submitted from host: <18.12.1.74:45694>
...
009 (263717.000.000) 04/26 03:18:32 Job was aborted by the user.
	via condor_rm (by user tawei)
...
000 (263767.000.000) 04/26 03:19:11 Job submitted from host: <18.12.1.74:45694>
...
001 (263767.000.000) 04/26 03:20:35 Job executing on host: <18.12.8.237:47300>
...
006 (263767.000.000) 04/26 03:20:43 Image size of job updated: 200808
	79  -  MemoryUsage of job (MB)
	80056  -  ResidentSetSize of job (KB)
...
006 (263767.000.000) 04/26 03:25:22 Image size of job updated: 316212
	79  -  MemoryUsage of job (MB)
	80056  -  ResidentSetSize of job (KB)
...
005 (263767.000.000) 04/26 03:25:22 Job terminated.
	(1) Normal termination (return value 0)
		Usr 0 00:03:45, Sys 0 00:00:06  -  Run Remote Usage
		Usr 0 00:00:00, Sys 0 00:00:00  -  Run Local Usage
		Usr 0 00:03:45, Sys 0 00:00:06  -  Total Remote Usage
		Usr 0 00:00:00, Sys 0 00:00:00  -  Total Local Usage
	33452  -  Run Bytes Sent By Job
	32579  -  Run Bytes Received By Job
	33452  -  Total Bytes Sent By Job
	32579  -  Total Bytes Received By Job
	Partitionable Resources :    Usage  Request          
	   Cpus                 :                 1          
	   Disk (KB)            :       87       87          
	   Memory (MB)          :       79       79          
...
000 (263869.000.000) 04/26 04:01:34 Job submitted from host: <18.12.1.74:45694>
...
001 (263869.000.000) 04/26 04:02:37 Job executing on host: <18.12.8.229:41752>
...
006 (263869.000.000) 04/26 04:02:45 Image size of job updated: 68516
	13  -  MemoryUsage of job (MB)
	12652  -  ResidentSetSize of job (KB)
...
006 (263869.000.000) 04/26 04:06:19 Image size of job updated: 315448
	13  -  MemoryUsage of job (MB)
	12652  -  ResidentSetSize of job (KB)
...
005 (263869.000.000) 04/26 04:06:19 Job terminated.
	(1) Normal termination (return value 0)
		Usr 0 00:02:42, Sys 0 00:00:04  -  Run Remote Usage
		Usr 0 00:00:00, Sys 0 00:00:00  -  Run Local Usage
		Usr 0 00:02:42, Sys 0 00:00:04  -  Total Remote Usage
		Usr 0 00:00:00, Sys 0 00:00:00  -  Total Local Usage
	32777  -  Run Bytes Sent By Job
	32607  -  Run Bytes Received By Job
	32777  -  Total Bytes Sent By Job
	32607  -  Total Bytes Received By Job
	Partitionable Resources :    Usage  Request          
	   Cpus                 :                 1          
	   Disk (KB)            :       86       86          
	   Memory (MB)          :       13       13          
...
000 (265226.000.000) 04/27 23:58:33 Job submitted from host: <18.12.1.74:45694>
...
009 (265226.000.000) 04/27 23:59:18 Job was aborted by the user.
	via condor_rm (by user tawei)
...
000 (265276.000.000) 04/27 23:59:28 Job submitted from host: <18.12.1.74:45694>
...
001 (265276.000.000) 04/27 23:59:38 Job executing on host: <18.12.8.204:43504>
...
006 (265276.000.000) 04/27 23:59:42 Image size of job updated: 1
	0  -  MemoryUsage of job (MB)
	0  -  ResidentSetSize of job (KB)
...
005 (265276.000.000) 04/27 23:59:43 Job terminated.
	(1) Normal termination (return value 1)
		Usr 0 00:00:00, Sys 0 00:00:00  -  Run Remote Usage
		Usr 0 00:00:00, Sys 0 00:00:00  -  Run Local Usage
		Usr 0 00:00:00, Sys 0 00:00:00  -  Total Remote Usage
		Usr 0 00:00:00, Sys 0 00:00:00  -  Total Local Usage
	1143  -  Run Bytes Sent By Job
	32875  -  Run Bytes Received By Job
	1143  -  Total Bytes Sent By Job
	32875  -  Total Bytes Received By Job
	Partitionable Resources :    Usage  Request          
	   Cpus                 :                 1          
	   Disk (KB)            :       56       56          
	   Memory (MB)          :        0        0          
...
000 (265534.000.000) 04/28 02:01:11 Job submitted from host: <18.12.1.74:45694>
...
001 (265534.000.000) 04/28 02:02:06 Job executing on host: <18.12.8.255:45767>
...
006 (265534.000.000) 04/28 02:02:14 Image size of job updated: 1
	2  -  MemoryUsage of job (MB)
	1708  -  ResidentSetSize of job (KB)
...
006 (265534.000.000) 04/28 02:07:14 Image size of job updated: 288568
	151  -  MemoryUsage of job (MB)
	153696  -  ResidentSetSize of job (KB)
...
006 (265534.000.000) 04/28 02:10:22 Image size of job updated: 315844
	151  -  MemoryUsage of job (MB)
	153696  -  ResidentSetSize of job (KB)
...
005 (265534.000.000) 04/28 02:10:22 Job terminated.
	(1) Normal termination (return value 0)
		Usr 0 00:02:35, Sys 0 00:00:03  -  Run Remote Usage
		Usr 0 00:00:00, Sys 0 00:00:00  -  Run Local Usage
		Usr 0 00:02:35, Sys 0 00:00:03  -  Total Remote Usage
		Usr 0 00:00:00, Sys 0 00:00:00  -  Total Local Usage
	32839  -  Run Bytes Sent By Job
	32889  -  Run Bytes Received By Job
	32839  -  Total Bytes Sent By Job
	32889  -  Total Bytes Received By Job
	Partitionable Resources :    Usage  Request          
	   Cpus                 :                 1          
	   Disk (KB)            :       87       87          
	   Memory (MB)          :      151      151          
...
