000 (263733.000.000) 04/26 03:18:08 Job submitted from host: <18.12.1.74:45694>
...
009 (263733.000.000) 04/26 03:18:32 Job was aborted by the user.
	via condor_rm (by user tawei)
...
000 (263783.000.000) 04/26 03:19:13 Job submitted from host: <18.12.1.74:45694>
...
001 (263783.000.000) 04/26 03:20:36 Job executing on host: <18.12.8.196:48468>
...
006 (263783.000.000) 04/26 03:20:44 Image size of job updated: 211052
	104  -  MemoryUsage of job (MB)
	106292  -  ResidentSetSize of job (KB)
...
006 (263783.000.000) 04/26 03:25:11 Image size of job updated: 315016
	104  -  MemoryUsage of job (MB)
	106292  -  ResidentSetSize of job (KB)
...
005 (263783.000.000) 04/26 03:25:11 Job terminated.
	(1) Normal termination (return value 0)
		Usr 0 00:03:46, Sys 0 00:00:05  -  Run Remote Usage
		Usr 0 00:00:00, Sys 0 00:00:00  -  Run Local Usage
		Usr 0 00:03:46, Sys 0 00:00:05  -  Total Remote Usage
		Usr 0 00:00:00, Sys 0 00:00:00  -  Total Local Usage
	33466  -  Run Bytes Sent By Job
	32579  -  Run Bytes Received By Job
	33466  -  Total Bytes Sent By Job
	32579  -  Total Bytes Received By Job
	Partitionable Resources :    Usage  Request          
	   Cpus                 :                 1          
	   Disk (KB)            :       87       87          
	   Memory (MB)          :      104      104          
...
000 (263885.000.000) 04/26 04:01:35 Job submitted from host: <18.12.1.74:45694>
...
001 (263885.000.000) 04/26 04:02:39 Job executing on host: <18.12.8.239:44672>
...
006 (263885.000.000) 04/26 04:02:48 Image size of job updated: 210920
	104  -  MemoryUsage of job (MB)
	106088  -  ResidentSetSize of job (KB)
...
006 (263885.000.000) 04/26 04:07:05 Image size of job updated: 316520
	104  -  MemoryUsage of job (MB)
	106088  -  ResidentSetSize of job (KB)
...
005 (263885.000.000) 04/26 04:07:05 Job terminated.
	(1) Normal termination (return value 0)
		Usr 0 00:03:31, Sys 0 00:00:06  -  Run Remote Usage
		Usr 0 00:00:00, Sys 0 00:00:00  -  Run Local Usage
		Usr 0 00:03:31, Sys 0 00:00:06  -  Total Remote Usage
		Usr 0 00:00:00, Sys 0 00:00:00  -  Total Local Usage
	32833  -  Run Bytes Sent By Job
	32607  -  Run Bytes Received By Job
	32833  -  Total Bytes Sent By Job
	32607  -  Total Bytes Received By Job
	Partitionable Resources :    Usage  Request          
	   Cpus                 :                 1          
	   Disk (KB)            :       86       86          
	   Memory (MB)          :      104      104          
...
000 (265242.000.000) 04/27 23:58:39 Job submitted from host: <18.12.1.74:45694>
...
009 (265242.000.000) 04/27 23:59:18 Job was aborted by the user.
	via condor_rm (by user tawei)
...
000 (265292.000.000) 04/27 23:59:29 Job submitted from host: <18.12.1.74:45694>
...
001 (265292.000.000) 04/27 23:59:37 Job executing on host: <18.12.8.254:42117>
...
006 (265292.000.000) 04/27 23:59:42 Image size of job updated: 1
	0  -  MemoryUsage of job (MB)
	0  -  ResidentSetSize of job (KB)
...
005 (265292.000.000) 04/27 23:59:42 Job terminated.
	(1) Normal termination (return value 1)
		Usr 0 00:00:00, Sys 0 00:00:00  -  Run Remote Usage
		Usr 0 00:00:00, Sys 0 00:00:00  -  Run Local Usage
		Usr 0 00:00:00, Sys 0 00:00:00  -  Total Remote Usage
		Usr 0 00:00:00, Sys 0 00:00:00  -  Total Local Usage
	1146  -  Run Bytes Sent By Job
	32875  -  Run Bytes Received By Job
	1146  -  Total Bytes Sent By Job
	32875  -  Total Bytes Received By Job
	Partitionable Resources :    Usage  Request          
	   Cpus                 :                 1          
	   Disk (KB)            :       56       56          
	   Memory (MB)          :        0        0          
...
000 (265550.000.000) 04/28 02:01:14 Job submitted from host: <18.12.1.74:45694>
...
001 (265550.000.000) 04/28 02:02:07 Job executing on host: <18.12.8.188:47446>
...
006 (265550.000.000) 04/28 02:02:16 Image size of job updated: 201012
	113  -  MemoryUsage of job (MB)
	114892  -  ResidentSetSize of job (KB)
...
006 (265550.000.000) 04/28 02:05:42 Image size of job updated: 315032
	113  -  MemoryUsage of job (MB)
	114892  -  ResidentSetSize of job (KB)
...
005 (265550.000.000) 04/28 02:05:42 Job terminated.
	(1) Normal termination (return value 0)
		Usr 0 00:02:36, Sys 0 00:00:03  -  Run Remote Usage
		Usr 0 00:00:00, Sys 0 00:00:00  -  Run Local Usage
		Usr 0 00:02:36, Sys 0 00:00:03  -  Total Remote Usage
		Usr 0 00:00:00, Sys 0 00:00:00  -  Total Local Usage
	32902  -  Run Bytes Sent By Job
	32889  -  Run Bytes Received By Job
	32902  -  Total Bytes Sent By Job
	32889  -  Total Bytes Received By Job
	Partitionable Resources :    Usage  Request          
	   Cpus                 :                 1          
	   Disk (KB)            :       87       87          
	   Memory (MB)          :      113      113          
...
