000 (263757.000.000) 04/26 03:18:10 Job submitted from host: <18.12.1.74:45694>
...
009 (263757.000.000) 04/26 03:18:32 Job was aborted by the user.
	via condor_rm (by user tawei)
...
000 (263807.000.000) 04/26 03:19:16 Job submitted from host: <18.12.1.74:45694>
...
001 (263807.000.000) 04/26 03:20:37 Job executing on host: <18.12.8.4:48906>
...
006 (263807.000.000) 04/26 03:20:45 Image size of job updated: 1
	2  -  MemoryUsage of job (MB)
	1712  -  ResidentSetSize of job (KB)
...
006 (263807.000.000) 04/26 03:25:37 Image size of job updated: 316508
	2  -  MemoryUsage of job (MB)
	1712  -  ResidentSetSize of job (KB)
...
005 (263807.000.000) 04/26 03:25:37 Job terminated.
	(1) Normal termination (return value 0)
		Usr 0 00:04:02, Sys 0 00:00:05  -  Run Remote Usage
		Usr 0 00:00:00, Sys 0 00:00:00  -  Run Local Usage
		Usr 0 00:04:02, Sys 0 00:00:05  -  Total Remote Usage
		Usr 0 00:00:00, Sys 0 00:00:00  -  Total Local Usage
	33460  -  Run Bytes Sent By Job
	32579  -  Run Bytes Received By Job
	33460  -  Total Bytes Sent By Job
	32579  -  Total Bytes Received By Job
	Partitionable Resources :    Usage  Request          
	   Cpus                 :                 1          
	   Disk (KB)            :       87       87          
	   Memory (MB)          :        2        2          
...
000 (263909.000.000) 04/26 04:01:39 Job submitted from host: <18.12.1.74:45694>
...
001 (263909.000.000) 04/26 04:02:41 Job executing on host: <18.12.12.13:47811>
...
006 (263909.000.000) 04/26 04:02:50 Image size of job updated: 210920
	104  -  MemoryUsage of job (MB)
	106108  -  ResidentSetSize of job (KB)
...
006 (263909.000.000) 04/26 04:07:47 Image size of job updated: 316136
	104  -  MemoryUsage of job (MB)
	106108  -  ResidentSetSize of job (KB)
...
005 (263909.000.000) 04/26 04:07:47 Job terminated.
	(1) Normal termination (return value 0)
		Usr 0 00:04:03, Sys 0 00:00:05  -  Run Remote Usage
		Usr 0 00:00:00, Sys 0 00:00:00  -  Run Local Usage
		Usr 0 00:04:03, Sys 0 00:00:05  -  Total Remote Usage
		Usr 0 00:00:00, Sys 0 00:00:00  -  Total Local Usage
	32786  -  Run Bytes Sent By Job
	32607  -  Run Bytes Received By Job
	32786  -  Total Bytes Sent By Job
	32607  -  Total Bytes Received By Job
	Partitionable Resources :    Usage  Request          
	   Cpus                 :                 1          
	   Disk (KB)            :       86       86          
	   Memory (MB)          :      104      104          
...
000 (265266.000.000) 04/27 23:58:48 Job submitted from host: <18.12.1.74:45694>
...
009 (265266.000.000) 04/27 23:59:18 Job was aborted by the user.
	via condor_rm (by user tawei)
...
000 (265316.000.000) 04/27 23:59:32 Job submitted from host: <18.12.1.74:45694>
...
001 (265316.000.000) 04/27 23:59:38 Job executing on host: <18.12.9.23:49636>
...
006 (265316.000.000) 04/27 23:59:43 Image size of job updated: 1
	0  -  MemoryUsage of job (MB)
	0  -  ResidentSetSize of job (KB)
...
005 (265316.000.000) 04/27 23:59:43 Job terminated.
	(1) Normal termination (return value 1)
		Usr 0 00:00:00, Sys 0 00:00:00  -  Run Remote Usage
		Usr 0 00:00:00, Sys 0 00:00:00  -  Run Local Usage
		Usr 0 00:00:00, Sys 0 00:00:00  -  Total Remote Usage
		Usr 0 00:00:00, Sys 0 00:00:00  -  Total Local Usage
	1144  -  Run Bytes Sent By Job
	32875  -  Run Bytes Received By Job
	1144  -  Total Bytes Sent By Job
	32875  -  Total Bytes Received By Job
	Partitionable Resources :    Usage  Request          
	   Cpus                 :                 1          
	   Disk (KB)            :       56       56          
	   Memory (MB)          :        0        0          
...
000 (265574.000.000) 04/28 02:01:17 Job submitted from host: <18.12.1.74:45694>
...
001 (265574.000.000) 04/28 02:02:09 Job executing on host: <18.12.9.7:42701>
...
006 (265574.000.000) 04/28 02:02:18 Image size of job updated: 1
	2  -  MemoryUsage of job (MB)
	1712  -  ResidentSetSize of job (KB)
...
006 (265574.000.000) 04/28 02:07:20 Image size of job updated: 288564
	150  -  MemoryUsage of job (MB)
	153236  -  ResidentSetSize of job (KB)
...
006 (265574.000.000) 04/28 02:12:20 Image size of job updated: 314300
	165  -  MemoryUsage of job (MB)
	168840  -  ResidentSetSize of job (KB)
...
006 (265574.000.000) 04/28 02:12:35 Image size of job updated: 315772
	165  -  MemoryUsage of job (MB)
	168840  -  ResidentSetSize of job (KB)
...
005 (265574.000.000) 04/28 02:12:35 Job terminated.
	(1) Normal termination (return value 0)
		Usr 0 00:02:29, Sys 0 00:00:03  -  Run Remote Usage
		Usr 0 00:00:00, Sys 0 00:00:00  -  Run Local Usage
		Usr 0 00:02:29, Sys 0 00:00:03  -  Total Remote Usage
		Usr 0 00:00:00, Sys 0 00:00:00  -  Total Local Usage
	32896  -  Run Bytes Sent By Job
	32889  -  Run Bytes Received By Job
	32896  -  Total Bytes Sent By Job
	32889  -  Total Bytes Received By Job
	Partitionable Resources :    Usage  Request          
	   Cpus                 :                 1          
	   Disk (KB)            :      560      560          
	   Memory (MB)          :      165      165          
...
