000 (263759.000.000) 04/26 03:18:10 Job submitted from host: <18.12.1.74:45694>
...
009 (263759.000.000) 04/26 03:18:32 Job was aborted by the user.
	via condor_rm (by user tawei)
...
000 (263809.000.000) 04/26 03:19:16 Job submitted from host: <18.12.1.74:45694>
...
001 (263809.000.000) 04/26 03:20:37 Job executing on host: <18.12.8.212:45548>
...
006 (263809.000.000) 04/26 03:20:45 Image size of job updated: 1
	2  -  MemoryUsage of job (MB)
	1720  -  ResidentSetSize of job (KB)
...
006 (263809.000.000) 04/26 03:25:22 Image size of job updated: 316316
	2  -  MemoryUsage of job (MB)
	1720  -  ResidentSetSize of job (KB)
...
005 (263809.000.000) 04/26 03:25:22 Job terminated.
	(1) Normal termination (return value 0)
		Usr 0 00:03:24, Sys 0 00:00:04  -  Run Remote Usage
		Usr 0 00:00:00, Sys 0 00:00:00  -  Run Local Usage
		Usr 0 00:03:24, Sys 0 00:00:04  -  Total Remote Usage
		Usr 0 00:00:00, Sys 0 00:00:00  -  Total Local Usage
	33467  -  Run Bytes Sent By Job
	32579  -  Run Bytes Received By Job
	33467  -  Total Bytes Sent By Job
	32579  -  Total Bytes Received By Job
	Partitionable Resources :    Usage  Request          
	   Cpus                 :                 1          
	   Disk (KB)            :       87       87          
	   Memory (MB)          :        2        2          
...
000 (263911.000.000) 04/26 04:01:39 Job submitted from host: <18.12.1.74:45694>
...
001 (263911.000.000) 04/26 04:02:41 Job executing on host: <18.12.12.15:46789>
...
006 (263911.000.000) 04/26 04:02:50 Image size of job updated: 1
	2  -  MemoryUsage of job (MB)
	1708  -  ResidentSetSize of job (KB)
...
006 (263911.000.000) 04/26 04:06:42 Image size of job updated: 316324
	2  -  MemoryUsage of job (MB)
	1708  -  ResidentSetSize of job (KB)
...
005 (263911.000.000) 04/26 04:06:42 Job terminated.
	(1) Normal termination (return value 0)
		Usr 0 00:03:03, Sys 0 00:00:05  -  Run Remote Usage
		Usr 0 00:00:00, Sys 0 00:00:00  -  Run Local Usage
		Usr 0 00:03:03, Sys 0 00:00:05  -  Total Remote Usage
		Usr 0 00:00:00, Sys 0 00:00:00  -  Total Local Usage
	32783  -  Run Bytes Sent By Job
	32607  -  Run Bytes Received By Job
	32783  -  Total Bytes Sent By Job
	32607  -  Total Bytes Received By Job
	Partitionable Resources :    Usage  Request          
	   Cpus                 :                 1          
	   Disk (KB)            :       86       86          
	   Memory (MB)          :        2        2          
...
000 (265268.000.000) 04/27 23:58:49 Job submitted from host: <18.12.1.74:45694>
...
009 (265268.000.000) 04/27 23:59:18 Job was aborted by the user.
	via condor_rm (by user tawei)
...
000 (265318.000.000) 04/27 23:59:33 Job submitted from host: <18.12.1.74:45694>
...
001 (265318.000.000) 04/27 23:59:38 Job executing on host: <18.12.8.216:47884>
...
006 (265318.000.000) 04/27 23:59:42 Image size of job updated: 1
	0  -  MemoryUsage of job (MB)
	0  -  ResidentSetSize of job (KB)
...
005 (265318.000.000) 04/27 23:59:42 Job terminated.
	(1) Normal termination (return value 1)
		Usr 0 00:00:00, Sys 0 00:00:00  -  Run Remote Usage
		Usr 0 00:00:00, Sys 0 00:00:00  -  Run Local Usage
		Usr 0 00:00:00, Sys 0 00:00:00  -  Total Remote Usage
		Usr 0 00:00:00, Sys 0 00:00:00  -  Total Local Usage
	1145  -  Run Bytes Sent By Job
	32875  -  Run Bytes Received By Job
	1145  -  Total Bytes Sent By Job
	32875  -  Total Bytes Received By Job
	Partitionable Resources :    Usage  Request          
	   Cpus                 :                 1          
	   Disk (KB)            :       56       56          
	   Memory (MB)          :        0        0          
...
000 (265576.000.000) 04/28 02:01:17 Job submitted from host: <18.12.1.74:45694>
...
001 (265576.000.000) 04/28 02:02:09 Job executing on host: <18.12.9.8:45621>
...
006 (265576.000.000) 04/28 02:02:18 Image size of job updated: 1
	2  -  MemoryUsage of job (MB)
	1712  -  ResidentSetSize of job (KB)
...
006 (265576.000.000) 04/28 02:07:20 Image size of job updated: 288568
	151  -  MemoryUsage of job (MB)
	153692  -  ResidentSetSize of job (KB)
...
006 (265576.000.000) 04/28 02:17:22 Image size of job updated: 311840
	163  -  MemoryUsage of job (MB)
	166748  -  ResidentSetSize of job (KB)
...
006 (265576.000.000) 04/28 02:17:54 Image size of job updated: 315252
	163  -  MemoryUsage of job (MB)
	166748  -  ResidentSetSize of job (KB)
...
005 (265576.000.000) 04/28 02:17:54 Job terminated.
	(1) Normal termination (return value 0)
		Usr 0 00:02:28, Sys 0 00:00:03  -  Run Remote Usage
		Usr 0 00:00:00, Sys 0 00:00:00  -  Run Local Usage
		Usr 0 00:02:28, Sys 0 00:00:03  -  Total Remote Usage
		Usr 0 00:00:00, Sys 0 00:00:00  -  Total Local Usage
	32786  -  Run Bytes Sent By Job
	32889  -  Run Bytes Received By Job
	32786  -  Total Bytes Sent By Job
	32889  -  Total Bytes Received By Job
	Partitionable Resources :    Usage  Request          
	   Cpus                 :                 1          
	   Disk (KB)            :      405      405          
	   Memory (MB)          :      163      163          
...
