000 (263731.000.000) 04/26 03:18:08 Job submitted from host: <18.12.1.74:45694>
...
009 (263731.000.000) 04/26 03:18:32 Job was aborted by the user.
	via condor_rm (by user tawei)
...
000 (263781.000.000) 04/26 03:19:13 Job submitted from host: <18.12.1.74:45694>
...
001 (263781.000.000) 04/26 03:20:35 Job executing on host: <18.12.8.195:41095>
...
006 (263781.000.000) 04/26 03:20:44 Image size of job updated: 272856
	112  -  MemoryUsage of job (MB)
	114052  -  ResidentSetSize of job (KB)
...
006 (263781.000.000) 04/26 03:25:28 Image size of job updated: 316196
	112  -  MemoryUsage of job (MB)
	114052  -  ResidentSetSize of job (KB)
...
005 (263781.000.000) 04/26 03:25:28 Job terminated.
	(1) Normal termination (return value 0)
		Usr 0 00:03:56, Sys 0 00:00:05  -  Run Remote Usage
		Usr 0 00:00:00, Sys 0 00:00:00  -  Run Local Usage
		Usr 0 00:03:56, Sys 0 00:00:05  -  Total Remote Usage
		Usr 0 00:00:00, Sys 0 00:00:00  -  Total Local Usage
	33457  -  Run Bytes Sent By Job
	32579  -  Run Bytes Received By Job
	33457  -  Total Bytes Sent By Job
	32579  -  Total Bytes Received By Job
	Partitionable Resources :    Usage  Request          
	   Cpus                 :                 1          
	   Disk (KB)            :       87       87          
	   Memory (MB)          :      112      112          
...
000 (263883.000.000) 04/26 04:01:35 Job submitted from host: <18.12.1.74:45694>
...
001 (263883.000.000) 04/26 04:02:39 Job executing on host: <18.12.8.139:45548>
...
006 (263883.000.000) 04/26 04:02:48 Image size of job updated: 1
	2  -  MemoryUsage of job (MB)
	1708  -  ResidentSetSize of job (KB)
...
006 (263883.000.000) 04/26 04:07:17 Image size of job updated: 315440
	2  -  MemoryUsage of job (MB)
	1708  -  ResidentSetSize of job (KB)
...
005 (263883.000.000) 04/26 04:07:17 Job terminated.
	(1) Normal termination (return value 0)
		Usr 0 00:03:33, Sys 0 00:00:10  -  Run Remote Usage
		Usr 0 00:00:00, Sys 0 00:00:00  -  Run Local Usage
		Usr 0 00:03:33, Sys 0 00:00:10  -  Total Remote Usage
		Usr 0 00:00:00, Sys 0 00:00:00  -  Total Local Usage
	32903  -  Run Bytes Sent By Job
	32607  -  Run Bytes Received By Job
	32903  -  Total Bytes Sent By Job
	32607  -  Total Bytes Received By Job
	Partitionable Resources :    Usage  Request          
	   Cpus                 :                 1          
	   Disk (KB)            :       86       86          
	   Memory (MB)          :        2        2          
...
000 (265240.000.000) 04/27 23:58:38 Job submitted from host: <18.12.1.74:45694>
...
009 (265240.000.000) 04/27 23:59:18 Job was aborted by the user.
	via condor_rm (by user tawei)
...
000 (265290.000.000) 04/27 23:59:29 Job submitted from host: <18.12.1.74:45694>
...
001 (265290.000.000) 04/27 23:59:37 Job executing on host: <18.12.8.245:40219>
...
006 (265290.000.000) 04/27 23:59:40 Image size of job updated: 1
	0  -  MemoryUsage of job (MB)
	0  -  ResidentSetSize of job (KB)
...
005 (265290.000.000) 04/27 23:59:40 Job terminated.
	(1) Normal termination (return value 1)
		Usr 0 00:00:00, Sys 0 00:00:00  -  Run Remote Usage
		Usr 0 00:00:00, Sys 0 00:00:00  -  Run Local Usage
		Usr 0 00:00:00, Sys 0 00:00:00  -  Total Remote Usage
		Usr 0 00:00:00, Sys 0 00:00:00  -  Total Local Usage
	1145  -  Run Bytes Sent By Job
	32875  -  Run Bytes Received By Job
	1145  -  Total Bytes Sent By Job
	32875  -  Total Bytes Received By Job
	Partitionable Resources :    Usage  Request          
	   Cpus                 :                 1          
	   Disk (KB)            :       56       56          
	   Memory (MB)          :        0        0          
...
000 (265548.000.000) 04/28 02:01:13 Job submitted from host: <18.12.1.74:45694>
...
001 (265548.000.000) 04/28 02:02:07 Job executing on host: <18.12.8.179:48614>
...
006 (265548.000.000) 04/28 02:02:16 Image size of job updated: 1
	2  -  MemoryUsage of job (MB)
	1704  -  ResidentSetSize of job (KB)
...
006 (265548.000.000) 04/28 02:07:18 Image size of job updated: 288572
	151  -  MemoryUsage of job (MB)
	153684  -  ResidentSetSize of job (KB)
...
006 (265548.000.000) 04/28 02:10:32 Image size of job updated: 315480
	151  -  MemoryUsage of job (MB)
	153684  -  ResidentSetSize of job (KB)
...
005 (265548.000.000) 04/28 02:10:32 Job terminated.
	(1) Normal termination (return value 0)
		Usr 0 00:02:34, Sys 0 00:00:03  -  Run Remote Usage
		Usr 0 00:00:00, Sys 0 00:00:00  -  Run Local Usage
		Usr 0 00:02:34, Sys 0 00:00:03  -  Total Remote Usage
		Usr 0 00:00:00, Sys 0 00:00:00  -  Total Local Usage
	32786  -  Run Bytes Sent By Job
	32889  -  Run Bytes Received By Job
	32786  -  Total Bytes Sent By Job
	32889  -  Total Bytes Received By Job
	Partitionable Resources :    Usage  Request          
	   Cpus                 :                 1          
	   Disk (KB)            :       87       87          
	   Memory (MB)          :      151      151          
...
