000 (263719.000.000) 04/26 03:18:06 Job submitted from host: <18.12.1.74:45694>
...
009 (263719.000.000) 04/26 03:18:32 Job was aborted by the user.
	via condor_rm (by user tawei)
...
000 (263769.000.000) 04/26 03:19:12 Job submitted from host: <18.12.1.74:45694>
...
001 (263769.000.000) 04/26 03:20:35 Job executing on host: <18.12.8.248:45183>
...
006 (263769.000.000) 04/26 03:20:43 Image size of job updated: 66460
	7  -  MemoryUsage of job (MB)
	6468  -  ResidentSetSize of job (KB)
...
006 (263769.000.000) 04/26 03:25:22 Image size of job updated: 315756
	7  -  MemoryUsage of job (MB)
	6468  -  ResidentSetSize of job (KB)
...
005 (263769.000.000) 04/26 03:25:22 Job terminated.
	(1) Normal termination (return value 0)
		Usr 0 00:03:44, Sys 0 00:00:07  -  Run Remote Usage
		Usr 0 00:00:00, Sys 0 00:00:00  -  Run Local Usage
		Usr 0 00:03:44, Sys 0 00:00:07  -  Total Remote Usage
		Usr 0 00:00:00, Sys 0 00:00:00  -  Total Local Usage
	33451  -  Run Bytes Sent By Job
	32579  -  Run Bytes Received By Job
	33451  -  Total Bytes Sent By Job
	32579  -  Total Bytes Received By Job
	Partitionable Resources :    Usage  Request          
	   Cpus                 :                 1          
	   Disk (KB)            :       87       87          
	   Memory (MB)          :        7        7          
...
000 (263871.000.000) 04/26 04:01:34 Job submitted from host: <18.12.1.74:45694>
...
001 (263871.000.000) 04/26 04:02:37 Job executing on host: <18.12.8.249:49198>
...
006 (263871.000.000) 04/26 04:02:45 Image size of job updated: 211056
	92  -  MemoryUsage of job (MB)
	93416  -  ResidentSetSize of job (KB)
...
006 (263871.000.000) 04/26 04:06:17 Image size of job updated: 316180
	92  -  MemoryUsage of job (MB)
	93416  -  ResidentSetSize of job (KB)
...
005 (263871.000.000) 04/26 04:06:17 Job terminated.
	(1) Normal termination (return value 0)
		Usr 0 00:02:51, Sys 0 00:00:04  -  Run Remote Usage
		Usr 0 00:00:00, Sys 0 00:00:00  -  Run Local Usage
		Usr 0 00:02:51, Sys 0 00:00:04  -  Total Remote Usage
		Usr 0 00:00:00, Sys 0 00:00:00  -  Total Local Usage
	32844  -  Run Bytes Sent By Job
	32607  -  Run Bytes Received By Job
	32844  -  Total Bytes Sent By Job
	32607  -  Total Bytes Received By Job
	Partitionable Resources :    Usage  Request          
	   Cpus                 :                 1          
	   Disk (KB)            :       86       86          
	   Memory (MB)          :       92       92          
...
000 (265228.000.000) 04/27 23:58:34 Job submitted from host: <18.12.1.74:45694>
...
009 (265228.000.000) 04/27 23:59:18 Job was aborted by the user.
	via condor_rm (by user tawei)
...
000 (265278.000.000) 04/27 23:59:28 Job submitted from host: <18.12.1.74:45694>
...
001 (265278.000.000) 04/27 23:59:36 Job executing on host: <18.12.8.214:41533>
...
006 (265278.000.000) 04/27 23:59:40 Image size of job updated: 1
	0  -  MemoryUsage of job (MB)
	0  -  ResidentSetSize of job (KB)
...
005 (265278.000.000) 04/27 23:59:40 Job terminated.
	(1) Normal termination (return value 1)
		Usr 0 00:00:00, Sys 0 00:00:00  -  Run Remote Usage
		Usr 0 00:00:00, Sys 0 00:00:00  -  Run Local Usage
		Usr 0 00:00:00, Sys 0 00:00:00  -  Total Remote Usage
		Usr 0 00:00:00, Sys 0 00:00:00  -  Total Local Usage
	1143  -  Run Bytes Sent By Job
	32875  -  Run Bytes Received By Job
	1143  -  Total Bytes Sent By Job
	32875  -  Total Bytes Received By Job
	Partitionable Resources :    Usage  Request          
	   Cpus                 :                 1          
	   Disk (KB)            :       56       56          
	   Memory (MB)          :        0        0          
...
000 (265536.000.000) 04/28 02:01:11 Job submitted from host: <18.12.1.74:45694>
...
001 (265536.000.000) 04/28 02:02:06 Job executing on host: <18.12.8.184:49782>
...
006 (265536.000.000) 04/28 02:02:14 Image size of job updated: 200620
	36  -  MemoryUsage of job (MB)
	36792  -  ResidentSetSize of job (KB)
...
006 (265536.000.000) 04/28 02:07:14 Image size of job updated: 288568
	151  -  MemoryUsage of job (MB)
	153692  -  ResidentSetSize of job (KB)
...
006 (265536.000.000) 04/28 02:10:33 Image size of job updated: 316164
	151  -  MemoryUsage of job (MB)
	153692  -  ResidentSetSize of job (KB)
...
005 (265536.000.000) 04/28 02:10:33 Job terminated.
	(1) Normal termination (return value 0)
		Usr 0 00:02:51, Sys 0 00:00:03  -  Run Remote Usage
		Usr 0 00:00:00, Sys 0 00:00:00  -  Run Local Usage
		Usr 0 00:02:51, Sys 0 00:00:03  -  Total Remote Usage
		Usr 0 00:00:00, Sys 0 00:00:00  -  Total Local Usage
	32785  -  Run Bytes Sent By Job
	32889  -  Run Bytes Received By Job
	32785  -  Total Bytes Sent By Job
	32889  -  Total Bytes Received By Job
	Partitionable Resources :    Usage  Request          
	   Cpus                 :                 1          
	   Disk (KB)            :       87       87          
	   Memory (MB)          :      151      151          
...
