000 (263725.000.000) 04/26 03:18:07 Job submitted from host: <18.12.1.74:45694>
...
009 (263725.000.000) 04/26 03:18:32 Job was aborted by the user.
	via condor_rm (by user tawei)
...
000 (263775.000.000) 04/26 03:19:12 Job submitted from host: <18.12.1.74:45694>
...
001 (263775.000.000) 04/26 03:20:35 Job executing on host: <18.12.8.213:46132>
...
006 (263775.000.000) 04/26 03:20:44 Image size of job updated: 210916
	106  -  MemoryUsage of job (MB)
	107636  -  ResidentSetSize of job (KB)
...
006 (263775.000.000) 04/26 03:25:24 Image size of job updated: 315336
	106  -  MemoryUsage of job (MB)
	107636  -  ResidentSetSize of job (KB)
...
005 (263775.000.000) 04/26 03:25:24 Job terminated.
	(1) Normal termination (return value 0)
		Usr 0 00:03:41, Sys 0 00:00:06  -  Run Remote Usage
		Usr 0 00:00:00, Sys 0 00:00:00  -  Run Local Usage
		Usr 0 00:03:41, Sys 0 00:00:06  -  Total Remote Usage
		Usr 0 00:00:00, Sys 0 00:00:00  -  Total Local Usage
	33452  -  Run Bytes Sent By Job
	32579  -  Run Bytes Received By Job
	33452  -  Total Bytes Sent By Job
	32579  -  Total Bytes Received By Job
	Partitionable Resources :    Usage  Request          
	   Cpus                 :                 1          
	   Disk (KB)            :       87       87          
	   Memory (MB)          :      106      106          
...
000 (263877.000.000) 04/26 04:01:34 Job submitted from host: <18.12.1.74:45694>
...
001 (263877.000.000) 04/26 04:02:39 Job executing on host: <18.12.8.156:48249>
...
006 (263877.000.000) 04/26 04:02:47 Image size of job updated: 272868
	145  -  MemoryUsage of job (MB)
	147844  -  ResidentSetSize of job (KB)
...
006 (263877.000.000) 04/26 04:07:06 Image size of job updated: 316112
	145  -  MemoryUsage of job (MB)
	147844  -  ResidentSetSize of job (KB)
...
005 (263877.000.000) 04/26 04:07:06 Job terminated.
	(1) Normal termination (return value 0)
		Usr 0 00:03:22, Sys 0 00:00:07  -  Run Remote Usage
		Usr 0 00:00:00, Sys 0 00:00:00  -  Run Local Usage
		Usr 0 00:03:22, Sys 0 00:00:07  -  Total Remote Usage
		Usr 0 00:00:00, Sys 0 00:00:00  -  Total Local Usage
	32840  -  Run Bytes Sent By Job
	32607  -  Run Bytes Received By Job
	32840  -  Total Bytes Sent By Job
	32607  -  Total Bytes Received By Job
	Partitionable Resources :    Usage  Request          
	   Cpus                 :                 1          
	   Disk (KB)            :       86       86          
	   Memory (MB)          :      145      145          
...
000 (265234.000.000) 04/27 23:58:36 Job submitted from host: <18.12.1.74:45694>
...
009 (265234.000.000) 04/27 23:59:18 Job was aborted by the user.
	via condor_rm (by user tawei)
...
000 (265284.000.000) 04/27 23:59:28 Job submitted from host: <18.12.1.74:45694>
...
001 (265284.000.000) 04/27 23:59:36 Job executing on host: <18.12.8.226:42044>
...
006 (265284.000.000) 04/27 23:59:39 Image size of job updated: 89564
	0  -  MemoryUsage of job (MB)
	0  -  ResidentSetSize of job (KB)
...
005 (265284.000.000) 04/27 23:59:39 Job terminated.
	(1) Normal termination (return value 1)
		Usr 0 00:00:00, Sys 0 00:00:00  -  Run Remote Usage
		Usr 0 00:00:00, Sys 0 00:00:00  -  Run Local Usage
		Usr 0 00:00:00, Sys 0 00:00:00  -  Total Remote Usage
		Usr 0 00:00:00, Sys 0 00:00:00  -  Total Local Usage
	1146  -  Run Bytes Sent By Job
	32875  -  Run Bytes Received By Job
	1146  -  Total Bytes Sent By Job
	32875  -  Total Bytes Received By Job
	Partitionable Resources :    Usage  Request          
	   Cpus                 :                 1          
	   Disk (KB)            :       56       56          
	   Memory (MB)          :        0        0          
...
000 (265542.000.000) 04/28 02:01:13 Job submitted from host: <18.12.1.74:45694>
...
001 (265542.000.000) 04/28 02:02:07 Job executing on host: <18.12.8.168:42117>
...
006 (265542.000.000) 04/28 02:02:15 Image size of job updated: 23528
	3  -  MemoryUsage of job (MB)
	2212  -  ResidentSetSize of job (KB)
...
006 (265542.000.000) 04/28 02:07:15 Image size of job updated: 288576
	151  -  MemoryUsage of job (MB)
	153684  -  ResidentSetSize of job (KB)
...
006 (265542.000.000) 04/28 02:13:27 Image size of job updated: 316136
	151  -  MemoryUsage of job (MB)
	153684  -  ResidentSetSize of job (KB)
...
005 (265542.000.000) 04/28 02:13:27 Job terminated.
	(1) Normal termination (return value 0)
		Usr 0 00:02:38, Sys 0 00:00:03  -  Run Remote Usage
		Usr 0 00:00:00, Sys 0 00:00:00  -  Run Local Usage
		Usr 0 00:02:38, Sys 0 00:00:03  -  Total Remote Usage
		Usr 0 00:00:00, Sys 0 00:00:00  -  Total Local Usage
	32775  -  Run Bytes Sent By Job
	32889  -  Run Bytes Received By Job
	32775  -  Total Bytes Sent By Job
	32889  -  Total Bytes Received By Job
	Partitionable Resources :    Usage  Request          
	   Cpus                 :                 1          
	   Disk (KB)            :       87       87          
	   Memory (MB)          :      151      151          
...
