000 (263735.000.000) 04/26 03:18:08 Job submitted from host: <18.12.1.74:45694>
...
009 (263735.000.000) 04/26 03:18:32 Job was aborted by the user.
	via condor_rm (by user tawei)
...
000 (263785.000.000) 04/26 03:19:13 Job submitted from host: <18.12.1.74:45694>
...
001 (263785.000.000) 04/26 03:20:36 Job executing on host: <18.12.12.15:46789>
...
006 (263785.000.000) 04/26 03:20:45 Image size of job updated: 46908
	6  -  MemoryUsage of job (MB)
	5440  -  ResidentSetSize of job (KB)
...
006 (263785.000.000) 04/26 03:24:47 Image size of job updated: 315880
	6  -  MemoryUsage of job (MB)
	5440  -  ResidentSetSize of job (KB)
...
005 (263785.000.000) 04/26 03:24:47 Job terminated.
	(1) Normal termination (return value 0)
		Usr 0 00:03:16, Sys 0 00:00:05  -  Run Remote Usage
		Usr 0 00:00:00, Sys 0 00:00:00  -  Run Local Usage
		Usr 0 00:03:16, Sys 0 00:00:05  -  Total Remote Usage
		Usr 0 00:00:00, Sys 0 00:00:00  -  Total Local Usage
	33466  -  Run Bytes Sent By Job
	32579  -  Run Bytes Received By Job
	33466  -  Total Bytes Sent By Job
	32579  -  Total Bytes Received By Job
	Partitionable Resources :    Usage  Request          
	   Cpus                 :                 1          
	   Disk (KB)            :       87       87          
	   Memory (MB)          :        6        6          
...
000 (263887.000.000) 04/26 04:01:36 Job submitted from host: <18.12.1.74:45694>
...
001 (263887.000.000) 04/26 04:02:39 Job executing on host: <18.12.8.149:45913>
...
006 (263887.000.000) 04/26 04:02:48 Image size of job updated: 69572
	14  -  MemoryUsage of job (MB)
	13716  -  ResidentSetSize of job (KB)
...
006 (263887.000.000) 04/26 04:07:24 Image size of job updated: 315888
	14  -  MemoryUsage of job (MB)
	13716  -  ResidentSetSize of job (KB)
...
005 (263887.000.000) 04/26 04:07:24 Job terminated.
	(1) Normal termination (return value 0)
		Usr 0 00:03:27, Sys 0 00:00:07  -  Run Remote Usage
		Usr 0 00:00:00, Sys 0 00:00:00  -  Run Local Usage
		Usr 0 00:03:27, Sys 0 00:00:07  -  Total Remote Usage
		Usr 0 00:00:00, Sys 0 00:00:00  -  Total Local Usage
	32785  -  Run Bytes Sent By Job
	32607  -  Run Bytes Received By Job
	32785  -  Total Bytes Sent By Job
	32607  -  Total Bytes Received By Job
	Partitionable Resources :    Usage  Request          
	   Cpus                 :                 1          
	   Disk (KB)            :       86       86          
	   Memory (MB)          :       14       14          
...
000 (265244.000.000) 04/27 23:58:40 Job submitted from host: <18.12.1.74:45694>
...
009 (265244.000.000) 04/27 23:59:18 Job was aborted by the user.
	via condor_rm (by user tawei)
...
000 (265294.000.000) 04/27 23:59:29 Job submitted from host: <18.12.1.74:45694>
...
001 (265294.000.000) 04/27 23:59:37 Job executing on host: <18.12.8.228:44526>
...
006 (265294.000.000) 04/27 23:59:42 Image size of job updated: 1
	0  -  MemoryUsage of job (MB)
	0  -  ResidentSetSize of job (KB)
...
005 (265294.000.000) 04/27 23:59:42 Job terminated.
	(1) Normal termination (return value 1)
		Usr 0 00:00:00, Sys 0 00:00:00  -  Run Remote Usage
		Usr 0 00:00:00, Sys 0 00:00:00  -  Run Local Usage
		Usr 0 00:00:00, Sys 0 00:00:00  -  Total Remote Usage
		Usr 0 00:00:00, Sys 0 00:00:00  -  Total Local Usage
	1145  -  Run Bytes Sent By Job
	32875  -  Run Bytes Received By Job
	1145  -  Total Bytes Sent By Job
	32875  -  Total Bytes Received By Job
	Partitionable Resources :    Usage  Request          
	   Cpus                 :                 1          
	   Disk (KB)            :       56       56          
	   Memory (MB)          :        0        0          
...
000 (265552.000.000) 04/28 02:01:14 Job submitted from host: <18.12.1.74:45694>
...
001 (265552.000.000) 04/28 02:02:07 Job executing on host: <18.12.8.189:40146>
...
006 (265552.000.000) 04/28 02:02:16 Image size of job updated: 200624
	32  -  MemoryUsage of job (MB)
	31936  -  ResidentSetSize of job (KB)
...
006 (265552.000.000) 04/28 02:07:17 Image size of job updated: 288572
	151  -  MemoryUsage of job (MB)
	153696  -  ResidentSetSize of job (KB)
...
006 (265552.000.000) 04/28 02:17:19 Image size of job updated: 311788
	163  -  MemoryUsage of job (MB)
	166788  -  ResidentSetSize of job (KB)
...
006 (265552.000.000) 04/28 02:18:02 Image size of job updated: 316288
	163  -  MemoryUsage of job (MB)
	166788  -  ResidentSetSize of job (KB)
...
005 (265552.000.000) 04/28 02:18:02 Job terminated.
	(1) Normal termination (return value 0)
		Usr 0 00:02:50, Sys 0 00:00:03  -  Run Remote Usage
		Usr 0 00:00:00, Sys 0 00:00:00  -  Run Local Usage
		Usr 0 00:02:50, Sys 0 00:00:03  -  Total Remote Usage
		Usr 0 00:00:00, Sys 0 00:00:00  -  Total Local Usage
	32787  -  Run Bytes Sent By Job
	32889  -  Run Bytes Received By Job
	32787  -  Total Bytes Sent By Job
	32889  -  Total Bytes Received By Job
	Partitionable Resources :    Usage  Request          
	   Cpus                 :                 1          
	   Disk (KB)            :      339      339          
	   Memory (MB)          :      163      163          
...
