/export/data1/condor/execute/dir_1257
gcc (GCC) 4.6.2
Copyright (C) 2011 Free Software Foundation, Inc.
This is free software; see the source for copying conditions.  There is NO
warranty; not even for MERCHANTABILITY or FITNESS FOR A PARTICULAR PURPOSE.

5.32/00
Linux version 2.6.32-358.el6.x86_64 (mockbuild@sl6.fnal.gov) (gcc version 4.4.7 20120313 (Red Hat 4.4.7-3) (GCC) ) #1 SMP Fri Feb 22 20:37:17 CST 2013

Processing fitBs.C(20)...
The local date and time is: Mon Apr 28 02:02:44 2014

 FCN=51.09 FROM HESSE     STATUS=RESET          35 CALLS         818 TOTAL
                     EDM=1.74677e-07    STRATEGY= 1  ERROR MATRIX UNCERTAINTY 100.0 per cent
  EXT PARAMETER                APPROXIMATE        STEP         FIRST   
  NO.   NAME      VALUE            ERROR          SIZE      DERIVATIVE 
   1  p0           1.46834e+02   1.71547e+00   1.71547e-02   3.14754e-01
   2  p1           5.36991e+00   1.80509e-04   1.80509e-06   3.52717e+03
   3  p2           1.17656e-02   1.36451e-04   1.36451e-06  -3.26142e-01
   4  p3           1.28682e+01   1.57196e-01   1.57196e-03  -2.68056e+00
   5  p4          -2.04693e-02   2.71701e-02   2.71701e-04   1.45628e+02
   6  p5          -3.51569e-01   4.68012e-03   4.68012e-05  -5.82654e+00
   7  p6           0.00000e+00   2.82843e+00   2.82843e-02  -4.87893e-02
   8  p7           7.40832e-01   1.00098e-02   1.00098e-04  -1.55201e+01
   9  p8           2.93696e-02   6.11333e-04   6.11333e-06   5.60321e-01
  10  p9           0.00000e+00   1.00000e+00   1.00000e-02   2.81800e-02
  11  p10          0.00000e+00   1.00000e+00   1.00000e-02   4.32797e-01
  12  p11          0.00000e+00     fixed    
                               ERR DEF= 0.5
 FCN=19.702 FROM HESSE     STATUS=RESET          30 CALLS         507 TOTAL
                     EDM=3.56714e-09    STRATEGY= 1  ERROR MATRIX UNCERTAINTY 100.0 per cent
  EXT PARAMETER                APPROXIMATE        STEP         FIRST   
  NO.   NAME      VALUE            ERROR          SIZE      DERIVATIVE 
   1  p0           8.80688e-01   1.62070e-01   1.62070e-03   3.33161e+00
   2  p1           5.37091e+00   2.64329e-03   2.64329e-05   2.40869e+02
   3  p2           1.17656e-02     fixed    
   4  p3           1.07018e+02   3.23872e-01   3.23872e-03  -2.03570e+00
   5  p4          -2.82726e+01   5.74207e-02   5.74207e-04  -2.01608e+05
   6  p5           1.80062e+00   1.01328e-02   1.01328e-04   1.90773e+01
   7  p6           0.00000e+00   5.65685e+00   5.65685e-02  -4.82050e-03
   8  p7           7.40832e-01     fixed    
   9  p8           2.93696e-02     fixed    
  10  p9           0.00000e+00   1.00000e+00   1.00000e-02  -1.37997e-01
  11  p10          0.00000e+00   1.00000e+00   1.00000e-02  -8.17572e-01
  12  p11          0.00000e+00     fixed    
                               ERR DEF= 0.5
351
fit result:44.0344 44.0344
The local date and time is: Mon Apr 28 02:13:05 2014

Got Nsig:497/44.0344
Got extracted:44.0344
Pseudo exp:0
The local date and time is: Mon Apr 28 02:13:05 2014

cout:497
_cout:2741
true_yield:37
Start pseudo exp fit:0
The local date and time is: Mon Apr 28 02:13:08 2014

 FCN=36.8698 FROM HESSE     STATUS=RESET          30 CALLS         507 TOTAL
                     EDM=6.0216e-09    STRATEGY= 1  ERROR MATRIX UNCERTAINTY 100.0 per cent
  EXT PARAMETER                APPROXIMATE        STEP         FIRST   
  NO.   NAME      VALUE            ERROR          SIZE      DERIVATIVE 
   1  p0           6.68523e-01   1.54455e-01   1.54455e-03   3.49585e+00
   2  p1           5.36484e+00   4.39904e-03   4.39904e-05   1.44733e+02
   3  p2           1.17656e-02     fixed    
   4  p3           2.50125e+02   3.07795e-01   3.07795e-03  -2.14202e+00
   5  p4          -7.82994e+01   5.42358e-02   5.42358e-04  -5.60698e+05
   6  p5           6.15538e+00   9.51288e-03   9.51288e-05   2.03205e+01
   7  p6           0.00000e+00   8.00000e+00   8.00000e-02  -3.40861e-03
   8  p7           7.40832e-01     fixed    
   9  p8           2.93696e-02     fixed    
  10  p9           0.00000e+00   1.00000e+00   1.00000e-02  -1.37997e-01
  11  p10          0.00000e+00   1.00000e+00   1.00000e-02  -8.17572e-01
  12  p11          0.00000e+00     fixed    
                               ERR DEF= 0.5
343
fit result:33.4261 33.4261
The local date and time is: Mon Apr 28 02:13:09 2014

Pseudo exp:1
The local date and time is: Mon Apr 28 02:13:09 2014

cout:497
_cout:3030
true_yield:47
Start pseudo exp fit:1
The local date and time is: Mon Apr 28 02:13:12 2014

 FCN=20.0624 FROM HESSE     STATUS=RESET          30 CALLS         507 TOTAL
                     EDM=4.08804e-07    STRATEGY= 1  ERROR MATRIX UNCERTAINTY 100.0 per cent
  EXT PARAMETER                APPROXIMATE        STEP         FIRST   
  NO.   NAME      VALUE            ERROR          SIZE      DERIVATIVE 
   1  p0           9.12929e-01   1.68128e-01   1.68128e-03   3.21154e+00
   2  p1           5.36675e+00   3.22892e-03   3.22892e-05   1.97182e+02
   3  p2           1.17656e-02     fixed    
   4  p3           1.28129e+02   3.38152e-01   3.38152e-03  -1.94973e+00
   5  p4          -3.75176e+01   6.02673e-02   6.02673e-04  -2.52471e+05
   6  p5           2.78139e+00   1.06891e-02   1.06891e-04   1.80844e+01
   7  p6           0.00000e+00   5.65685e+00   5.65685e-02  -4.82050e-03
   8  p7           7.40832e-01     fixed    
   9  p8           2.93696e-02     fixed    
  10  p9           0.00000e+00   1.00000e+00   1.00000e-02  -1.37997e-01
  11  p10          0.00000e+00   1.00000e+00   1.00000e-02  -8.17572e-01
  12  p11          0.00000e+00     fixed    
                               ERR DEF= 0.5
353
fit result:45.6464 45.6465
The local date and time is: Mon Apr 28 02:13:12 2014

Pseudo exp:2
The local date and time is: Mon Apr 28 02:13:12 2014

cout:497
_cout:2578
true_yield:50
Start pseudo exp fit:2
The local date and time is: Mon Apr 28 02:13:16 2014

 FCN=24.475 FROM SIMPLEX   STATUS=RESET         451 CALLS        3589 TOTAL
                     EDM=6.43863e-07    STRATEGY= 1  ERROR MATRIX UNCERTAINTY  50.0 per cent
  EXT PARAMETER                APPROXIMATE        STEP         FIRST   
  NO.   NAME      VALUE            ERROR          SIZE      DERIVATIVE 
   1  p0           1.04612e+00   1.79985e-01   1.79985e-03  -2.14381e+05
   2  p1           5.37339e+00   2.80157e-03   2.80157e-05  -7.10497e+06
   3  p2           1.17656e-02     fixed    
   4  p3           2.92232e+01   3.33843e+00   3.33843e-02  -5.75414e+05
   5  p4          -3.39365e-04   2.32944e+01   2.32944e-01  -2.57411e+06
   6  p5          -7.63138e-01   1.00068e-01   1.00068e-03  -1.81954e+07
   7  p6           0.00000e+00   1.00000e+00   1.00000e-02   1.47975e+02
   8  p7           7.40832e-01     fixed    
   9  p8           2.93696e-02     fixed    
  10  p9           0.00000e+00   1.00000e+00   1.00000e-02  -7.44668e+01
  11  p10          0.00000e+00   1.00000e+00   1.00000e-02   4.09912e+00
  12  p11          0.00000e+00     fixed    
                               ERR DEF= 0.5
356
fit result:52.306 52.306
The local date and time is: Mon Apr 28 02:13:16 2014

Pseudo exp:3
The local date and time is: Mon Apr 28 02:13:16 2014

cout:497
_cout:2849
true_yield:44
Start pseudo exp fit:3
The local date and time is: Mon Apr 28 02:13:19 2014

 FCN=24.112 FROM HESSE     STATUS=RESET          30 CALLS         507 TOTAL
                     EDM=1.1521e-08    STRATEGY= 1  ERROR MATRIX UNCERTAINTY 100.0 per cent
  EXT PARAMETER                APPROXIMATE        STEP         FIRST   
  NO.   NAME      VALUE            ERROR          SIZE      DERIVATIVE 
   1  p0           7.60136e-01   1.58836e-01   1.58836e-03   3.39944e+00
   2  p1           5.36817e+00   3.66715e-03   3.66715e-05   1.73619e+02
   3  p2           1.17656e-02     fixed    
   4  p3           1.71774e+02   3.25532e-01   3.25532e-03  -2.02531e+00
   5  p4          -5.14069e+01   5.76843e-02   5.76843e-04  -3.56213e+05
   6  p5           3.86379e+00   1.01734e-02   1.01734e-04   1.90012e+01
   7  p6           0.00000e+00   5.65685e+00   5.65685e-02  -4.82050e-03
   8  p7           7.40832e-01     fixed    
   9  p8           2.93696e-02     fixed    
  10  p9           0.00000e+00   1.00000e+00   1.00000e-02  -1.37997e-01
  11  p10          0.00000e+00   1.00000e+00   1.00000e-02  -8.17572e-01
  12  p11          0.00000e+00     fixed    
                               ERR DEF= 0.5
350
fit result:38.0068 38.0068
The local date and time is: Mon Apr 28 02:13:20 2014

Pseudo exp:4
The local date and time is: Mon Apr 28 02:13:20 2014

cout:497
_cout:2845
true_yield:44
Start pseudo exp fit:4
The local date and time is: Mon Apr 28 02:13:23 2014

 FCN=15.7473 FROM HESSE     STATUS=RESET          30 CALLS         507 TOTAL
                     EDM=1.02847e-08    STRATEGY= 1  ERROR MATRIX UNCERTAINTY 100.0 per cent
  EXT PARAMETER                APPROXIMATE        STEP         FIRST   
  NO.   NAME      VALUE            ERROR          SIZE      DERIVATIVE 
   1  p0           1.00751e+00   1.74387e-01   1.74387e-03   3.09628e+00
   2  p1           5.37340e+00   3.18135e-03   3.18135e-05   2.00131e+02
   3  p2           1.17656e-02     fixed    
   4  p3           3.22557e+02   3.20021e-01   3.20021e-03  -2.06019e+00
   5  p4          -1.06288e+02   5.67774e-02   5.67774e-04  -7.04973e+05
   6  p5           8.83578e+00   1.00298e-02   1.00298e-04   1.92733e+01
   7  p6           0.00000e+00   8.00000e+00   8.00000e-02  -3.40861e-03
   8  p7           7.40832e-01     fixed    
   9  p8           2.93696e-02     fixed    
  10  p9           0.00000e+00   1.00000e+00   1.00000e-02  -1.37997e-01
  11  p10          0.00000e+00   1.00000e+00   1.00000e-02  -8.17572e-01
  12  p11          0.00000e+00     fixed    
                               ERR DEF= 0.5
350
fit result:50.3753 50.3753
The local date and time is: Mon Apr 28 02:13:23 2014

Pseudo exp:5
The local date and time is: Mon Apr 28 02:13:23 2014

cout:497
_cout:2562
true_yield:45
Start pseudo exp fit:5
The local date and time is: Mon Apr 28 02:13:27 2014

 FCN=27.6172 FROM HESSE     STATUS=RESET          30 CALLS         534 TOTAL
                     EDM=6.41959e-06    STRATEGY= 1  ERROR MATRIX UNCERTAINTY 100.0 per cent
  EXT PARAMETER                APPROXIMATE        STEP         FIRST   
  NO.   NAME      VALUE            ERROR          SIZE      DERIVATIVE 
   1  p0           7.82713e-01   1.62913e-01   1.62913e-03   3.31436e+00
   2  p1           5.37509e+00   4.28501e-03   4.28501e-05   1.48585e+02
   3  p2           1.17656e-02     fixed    
   4  p3           3.09702e+01   3.14097e-01   3.14097e-03  -2.09905e+00
   5  p4          -2.27921e-05   1.28844e+01   1.28844e-01** at limit **
   6  p5          -8.15366e-01   9.70748e-03   9.70748e-05   1.99132e+01
   7  p6           0.00000e+00   1.00000e+00   1.00000e-02  -2.72689e-02
   8  p7           7.40832e-01     fixed    
   9  p8           2.93696e-02     fixed    
  10  p9           0.00000e+00   1.00000e+00   1.00000e-02  -1.37997e-01
  11  p10          0.00000e+00   1.00000e+00   1.00000e-02  -8.17572e-01
  12  p11          0.00000e+00     fixed    
                               ERR DEF= 0.5
351
fit result:39.1357 39.1357
The local date and time is: Mon Apr 28 02:13:27 2014

Pseudo exp:6
The local date and time is: Mon Apr 28 02:13:27 2014

cout:497
_cout:2648
true_yield:33
Start pseudo exp fit:6
The local date and time is: Mon Apr 28 02:13:30 2014

 FCN=28.7592 FROM HESSE     STATUS=RESET          30 CALLS         507 TOTAL
                     EDM=1.51298e-10    STRATEGY= 1  ERROR MATRIX UNCERTAINTY 100.0 per cent
  EXT PARAMETER                APPROXIMATE        STEP         FIRST   
  NO.   NAME      VALUE            ERROR          SIZE      DERIVATIVE 
   1  p0           7.64306e-01   1.55994e-01   1.55994e-03   3.46137e+00
   2  p1           5.37247e+00   3.38235e-03   3.38235e-05   1.88238e+02
   3  p2           1.17656e-02     fixed    
   4  p3           1.67183e+02   3.38469e-01   3.38469e-03  -1.94791e+00
   5  p4          -5.26075e+01   6.04615e-02   6.04615e-04  -3.47348e+05
   6  p5           4.22550e+00   1.07471e-02   1.07471e-04   1.79869e+01
   7  p6           0.00000e+00   5.65685e+00   5.65685e-02  -4.82050e-03
   8  p7           7.40832e-01     fixed    
   9  p8           2.93696e-02     fixed    
  10  p9           0.00000e+00   1.00000e+00   1.00000e-02  -1.37997e-01
  11  p10          0.00000e+00   1.00000e+00   1.00000e-02  -8.17572e-01
  12  p11          0.00000e+00     fixed    
                               ERR DEF= 0.5
339
fit result:38.2153 38.2153
The local date and time is: Mon Apr 28 02:13:30 2014

Pseudo exp:7
The local date and time is: Mon Apr 28 02:13:30 2014

cout:497
_cout:2838
true_yield:48
Start pseudo exp fit:7
The local date and time is: Mon Apr 28 02:13:34 2014

 FCN=19.3991 FROM HESSE     STATUS=RESET          30 CALLS         507 TOTAL
                     EDM=5.64527e-09    STRATEGY= 1  ERROR MATRIX UNCERTAINTY 100.0 per cent
  EXT PARAMETER                APPROXIMATE        STEP         FIRST   
  NO.   NAME      VALUE            ERROR          SIZE      DERIVATIVE 
   1  p0           7.60429e-01   1.57955e-01   1.57955e-03   3.41840e+00
   2  p1           5.37507e+00   3.28140e-03   3.28140e-05   1.94029e+02
   3  p2           1.17656e-02     fixed    
   4  p3           1.21111e+02   3.15038e-01   3.15038e-03  -2.09278e+00
   5  p4          -3.18264e+01   5.56006e-02   5.56006e-04  -2.33522e+05
   6  p5           1.98641e+00   9.76891e-03   9.76891e-05   1.97880e+01
   7  p6           0.00000e+00   5.65685e+00   5.65685e-02  -4.82050e-03
   8  p7           7.40832e-01     fixed    
   9  p8           2.93696e-02     fixed    
  10  p9           0.00000e+00   1.00000e+00   1.00000e-02  -1.37997e-01
  11  p10          0.00000e+00   1.00000e+00   1.00000e-02  -8.17572e-01
  12  p11          0.00000e+00     fixed    
                               ERR DEF= 0.5
354
fit result:38.0214 38.0214
The local date and time is: Mon Apr 28 02:13:34 2014

Pseudo exp:8
The local date and time is: Mon Apr 28 02:13:34 2014

cout:497
_cout:2721
true_yield:41
Start pseudo exp fit:8
The local date and time is: Mon Apr 28 02:13:37 2014

 FCN=37.1804 FROM HESSE     STATUS=RESET          30 CALLS         507 TOTAL
                     EDM=2.03207e-07    STRATEGY= 1  ERROR MATRIX UNCERTAINTY 100.0 per cent
  EXT PARAMETER                APPROXIMATE        STEP         FIRST   
  NO.   NAME      VALUE            ERROR          SIZE      DERIVATIVE 
   1  p0           7.32000e-01   1.53838e-01   1.53838e-03   3.50988e+00
   2  p1           5.37575e+00   3.01060e-03   3.01060e-05   2.11481e+02
   3  p2           1.17656e-02     fixed    
   4  p3           2.03291e+02   3.17711e-01   3.17711e-03  -2.07517e+00
   5  p4          -6.19982e+01   5.62421e-02   5.62421e-04  -4.35700e+05
   6  p5           4.74436e+00   9.91416e-03   9.91416e-05   1.94980e+01
   7  p6           0.00000e+00   8.51134e+01   8.51134e-01  -3.20383e-04
   8  p7           7.40832e-01     fixed    
   9  p8           2.93696e-02     fixed    
  10  p9           0.00000e+00   1.00000e+00   1.00000e-02  -1.37997e-01
  11  p10          0.00000e+00   1.00000e+00   1.00000e-02  -8.17572e-01
  12  p11          0.00000e+00     fixed    
                               ERR DEF= 0.5
347
fit result:36.6 36.6
The local date and time is: Mon Apr 28 02:13:38 2014

Pseudo exp:9
The local date and time is: Mon Apr 28 02:13:38 2014

cout:497
_cout:2661
true_yield:35
Start pseudo exp fit:9
The local date and time is: Mon Apr 28 02:13:41 2014

 FCN=18.8203 FROM HESSE     STATUS=RESET          30 CALLS         587 TOTAL
                     EDM=5.74687e-07    STRATEGY= 1  ERROR MATRIX UNCERTAINTY 100.0 per cent
  EXT PARAMETER                APPROXIMATE        STEP         FIRST   
  NO.   NAME      VALUE            ERROR          SIZE      DERIVATIVE 
   1  p0           6.50135e-01   1.51804e-01   1.51804e-03   3.55690e+00
   2  p1           5.37148e+00   4.33343e-03   4.33343e-05   1.46924e+02
   3  p2           1.17656e-02     fixed    
   4  p3           2.76856e+01   3.27793e-01   3.27793e-03  -2.01135e+00
   5  p4          -4.24952e-05   7.75073e+00   7.75073e-02** at limit **
   6  p5          -7.09343e-01   1.02728e-02   1.02728e-04   1.88174e+01
   7  p6           0.00000e+00   5.65685e+00   5.65685e-02  -4.82050e-03
   8  p7           7.40832e-01     fixed    
   9  p8           2.93696e-02     fixed    
  10  p9           0.00000e+00   1.00000e+00   1.00000e-02  -1.37997e-01
  11  p10          0.00000e+00   1.00000e+00   1.00000e-02  -8.17572e-01
  12  p11          0.00000e+00     fixed    
                               ERR DEF= 0.5
341
fit result:32.5068 32.5068
The local date and time is: Mon Apr 28 02:13:41 2014

Pseudo exp:10
The local date and time is: Mon Apr 28 02:13:41 2014

cout:497
_cout:2920
true_yield:31
Start pseudo exp fit:10
The local date and time is: Mon Apr 28 02:13:45 2014

 FCN=18.6871 FROM HESSE     STATUS=RESET          30 CALLS         506 TOTAL
                     EDM=1.49365e-07    STRATEGY= 1  ERROR MATRIX UNCERTAINTY 100.0 per cent
  EXT PARAMETER                APPROXIMATE        STEP         FIRST   
  NO.   NAME      VALUE            ERROR          SIZE      DERIVATIVE 
   1  p0           6.49170e-01   1.53328e-01   1.53328e-03   3.52155e+00
   2  p1           5.37226e+00   6.07410e-03   6.07410e-05   1.04820e+02
   3  p2           1.17656e-02     fixed    
   4  p3           4.76287e+01   3.30219e-01   3.30219e-03  -1.99657e+00
   5  p4          -7.77666e+00   5.87040e-02   5.87040e-04  -5.53861e+04
   6  p5           4.06641e-02   1.03851e-02   1.03851e-04   1.86139e+01
   7  p6           0.00000e+00   2.00000e+00   2.00000e-02  -1.36344e-02
   8  p7           7.40832e-01     fixed    
   9  p8           2.93696e-02     fixed    
  10  p9           0.00000e+00   1.00000e+00   1.00000e-02  -1.37997e-01
  11  p10          0.00000e+00   1.00000e+00   1.00000e-02  -8.17572e-01
  12  p11          0.00000e+00     fixed    
                               ERR DEF= 0.5
337
fit result:32.4585 32.4585
The local date and time is: Mon Apr 28 02:13:45 2014

Pseudo exp:11
The local date and time is: Mon Apr 28 02:13:45 2014

cout:497
_cout:2785
true_yield:37
Start pseudo exp fit:11
The local date and time is: Mon Apr 28 02:13:48 2014

 FCN=17.8977 FROM HESSE     STATUS=RESET          30 CALLS         507 TOTAL
                     EDM=3.66976e-08    STRATEGY= 1  ERROR MATRIX UNCERTAINTY 100.0 per cent
  EXT PARAMETER                APPROXIMATE        STEP         FIRST   
  NO.   NAME      VALUE            ERROR          SIZE      DERIVATIVE 
   1  p0           7.18584e-01   1.58774e-01   1.58774e-03   3.40075e+00
   2  p1           5.36609e+00   5.12394e-03   5.12394e-05   1.24257e+02
   3  p2           1.17656e-02     fixed    
   4  p3           1.44968e+02   3.35555e-01   3.35555e-03  -1.96482e+00
   5  p4          -4.33368e+01   5.97546e-02   5.97546e-04  -2.92355e+05
   6  p5           3.28106e+00   1.05899e-02   1.05899e-04   1.82538e+01
   7  p6           0.00000e+00   8.00000e+00   8.00000e-02  -3.40861e-03
   8  p7           7.40832e-01     fixed    
   9  p8           2.93696e-02     fixed    
  10  p9           0.00000e+00   1.00000e+00   1.00000e-02  -1.37997e-01
  11  p10          0.00000e+00   1.00000e+00   1.00000e-02  -8.17572e-01
  12  p11          0.00000e+00     fixed    
                               ERR DEF= 0.5
343
fit result:35.9292 35.9292
The local date and time is: Mon Apr 28 02:13:49 2014

Pseudo exp:12
The local date and time is: Mon Apr 28 02:13:49 2014

cout:497
_cout:2791
true_yield:33
Start pseudo exp fit:12
The local date and time is: Mon Apr 28 02:13:52 2014

 FCN=14.0948 FROM HESSE     STATUS=RESET          30 CALLS         507 TOTAL
                     EDM=1.63768e-07    STRATEGY= 1  ERROR MATRIX UNCERTAINTY 100.0 per cent
  EXT PARAMETER                APPROXIMATE        STEP         FIRST   
  NO.   NAME      VALUE            ERROR          SIZE      DERIVATIVE 
   1  p0           5.84685e-01   1.43948e-01   1.43948e-03   3.75102e+00
   2  p1           5.38179e+00   3.94135e-03   3.94135e-05   1.61540e+02
   3  p2           1.17656e-02     fixed    
   4  p3           2.13141e+02   3.41845e-01   3.41845e-03  -1.92867e+00
   5  p4          -6.88593e+01   6.10752e-02   6.10752e-04  -4.42364e+05
   6  p5           5.66329e+00   1.08601e-02   1.08601e-04   1.77996e+01
   7  p6           0.00000e+00   8.00000e+00   8.00000e-02  -3.40861e-03
   8  p7           7.40832e-01     fixed    
   9  p8           2.93696e-02     fixed    
  10  p9           0.00000e+00   1.00000e+00   1.00000e-02  -1.37997e-01
  11  p10          0.00000e+00   1.00000e+00   1.00000e-02  -8.17572e-01
  12  p11          0.00000e+00     fixed    
                               ERR DEF= 0.5
339
fit result:29.2343 29.2343
The local date and time is: Mon Apr 28 02:13:52 2014

Pseudo exp:13
The local date and time is: Mon Apr 28 02:13:52 2014

cout:497
_cout:2838
true_yield:34
Start pseudo exp fit:13
The local date and time is: Mon Apr 28 02:13:56 2014

 FCN=22.0863 FROM HESSE     STATUS=RESET          30 CALLS         546 TOTAL
                     EDM=2.39894e-07    STRATEGY= 1  ERROR MATRIX UNCERTAINTY 100.0 per cent
  EXT PARAMETER                APPROXIMATE        STEP         FIRST   
  NO.   NAME      VALUE            ERROR          SIZE      DERIVATIVE 
   1  p0           6.99069e-01   1.57003e-01   1.57003e-03   3.43913e+00
   2  p1           5.37377e+00   4.49674e-03   4.49674e-05   1.41588e+02
   3  p2           1.17656e-02     fixed    
   4  p3           4.26171e+01   3.08126e-01   3.08126e-03  -2.13973e+00
   5  p4          -3.92282e+00   5.43259e-02   5.43259e-04  -3.03075e+04
   6  p5          -4.92520e-01   9.53439e-03   9.53439e-05   2.02747e+01
   7  p6           0.00000e+00   2.00000e+00   2.00000e-02  -1.36344e-02
   8  p7           7.40832e-01     fixed    
   9  p8           2.93696e-02     fixed    
  10  p9           0.00000e+00   1.00000e+00   1.00000e-02  -1.37997e-01
  11  p10          0.00000e+00   1.00000e+00   1.00000e-02  -8.17572e-01
  12  p11          0.00000e+00     fixed    
                               ERR DEF= 0.5
340
fit result:34.9535 34.9535
The local date and time is: Mon Apr 28 02:13:56 2014

Pseudo exp:14
The local date and time is: Mon Apr 28 02:13:56 2014

cout:497
_cout:2893
true_yield:48
Start pseudo exp fit:14
The local date and time is: Mon Apr 28 02:13:59 2014

 FCN=26.8545 FROM HESSE     STATUS=RESET          30 CALLS         507 TOTAL
                     EDM=5.14527e-07    STRATEGY= 1  ERROR MATRIX UNCERTAINTY 100.0 per cent
  EXT PARAMETER                APPROXIMATE        STEP         FIRST   
  NO.   NAME      VALUE            ERROR          SIZE      DERIVATIVE 
   1  p0           1.13875e+00   1.77902e-01   1.77902e-03   3.03510e+00
   2  p1           5.36869e+00   2.54928e-03   2.54928e-05   2.49752e+02
   3  p2           1.17656e-02     fixed    
   4  p3           4.53312e+02   3.29704e-01   3.29704e-03  -1.99969e+00
   5  p4          -1.55431e+02   5.88109e-02   5.88109e-04  -9.40546e+05
   6  p5           1.34332e+01   1.04432e-02   1.04432e-04   1.85104e+01
   7  p6           0.00000e+00   8.00000e+00   8.00000e-02  -3.40861e-03
   8  p7           7.40832e-01     fixed    
   9  p8           2.93696e-02     fixed    
  10  p9           0.00000e+00   1.00000e+00   1.00000e-02  -1.37997e-01
  11  p10          0.00000e+00   1.00000e+00   1.00000e-02  -8.17572e-01
  12  p11          0.00000e+00     fixed    
                               ERR DEF= 0.5
354
fit result:56.9374 56.9374
The local date and time is: Mon Apr 28 02:14:00 2014

Pseudo exp:15
The local date and time is: Mon Apr 28 02:14:00 2014

cout:497
_cout:2545
true_yield:47
Start pseudo exp fit:15
The local date and time is: Mon Apr 28 02:14:03 2014

 FCN=27.3835 FROM IMProve     STATUS=RESET         118 CALLS        1538 TOTAL
                     EDM=6.50188e-07    STRATEGY= 1  ERROR MATRIX UNCERTAINTY  50.0 per cent
  EXT PARAMETER                APPROXIMATE        STEP         FIRST   
  NO.   NAME      VALUE            ERROR          SIZE      DERIVATIVE 
   1  p0           8.76705e-01   1.68292e-01   1.68292e-03  -7.46997e+01
   2  p1           5.37290e+00   3.12863e-03   3.12863e-05   8.62057e+03
   3  p2           1.17656e-02     fixed    
   4  p3           3.01662e+01   3.35529e+00   3.35529e-02  -1.79540e+02
   5  p4          -2.28649e-05   1.19250e+01   1.19250e-01** at limit **
   6  p5          -7.90686e-01   1.07960e-01   1.07960e-03  -5.57993e+03
   7  p6           0.00000e+00   1.00000e+00   1.00000e-02  -1.41544e-01
   8  p7           7.40832e-01     fixed    
   9  p8           2.93696e-02     fixed    
  10  p9           0.00000e+00   1.00000e+00   1.00000e-02  -2.31118e-01
  11  p10          0.00000e+00   1.00000e+00   1.00000e-02  -8.12511e-01
  12  p11          0.00000e+00     fixed    
                               ERR DEF= 0.5
353
fit result:43.8353 43.8353
The local date and time is: Mon Apr 28 02:14:03 2014

Pseudo exp:16
The local date and time is: Mon Apr 28 02:14:03 2014

cout:497
_cout:2968
true_yield:49
Start pseudo exp fit:16
The local date and time is: Mon Apr 28 02:14:07 2014

 FCN=22.3185 FROM HESSE     STATUS=RESET          30 CALLS         507 TOTAL
                     EDM=2.00231e-08    STRATEGY= 1  ERROR MATRIX UNCERTAINTY 100.0 per cent
  EXT PARAMETER                APPROXIMATE        STEP         FIRST   
  NO.   NAME      VALUE            ERROR          SIZE      DERIVATIVE 
   1  p0           1.08958e+00   1.80977e-01   1.80977e-03   2.98353e+00
   2  p1           5.37791e+00   3.01360e-03   3.01360e-05   2.11271e+02
   3  p2           1.17656e-02     fixed    
   4  p3           2.83330e+02   3.10978e-01   3.10978e-03  -2.12010e+00
   5  p4          -9.10317e+01   5.49456e-02   5.49456e-04  -6.34563e+05
   6  p5           7.36339e+00   9.66542e-03   9.66542e-05   1.99998e+01
   7  p6           0.00000e+00   5.18447e+02   5.18447e+00  -5.25973e-05
   8  p7           7.40832e-01     fixed    
   9  p8           2.93696e-02     fixed    
  10  p9           0.00000e+00   1.00000e+00   1.00000e-02  -1.37997e-01
  11  p10          0.00000e+00   1.00000e+00   1.00000e-02  -8.17572e-01
  12  p11          0.00000e+00     fixed    
                               ERR DEF= 0.5
355
fit result:54.4789 54.479
The local date and time is: Mon Apr 28 02:14:07 2014

Pseudo exp:17
The local date and time is: Mon Apr 28 02:14:07 2014

cout:497
_cout:2865
true_yield:49
Start pseudo exp fit:17
The local date and time is: Mon Apr 28 02:14:10 2014

 FCN=21.4965 FROM MIGRAD    STATUS=CALL LIMIT   2920 CALLS        2921 TOTAL
                     EDM=0.000482749    STRATEGY= 1  ERROR MATRIX UNCERTAINTY  31.3 per cent
  EXT PARAMETER                APPROXIMATE        STEP         FIRST   
  NO.   NAME      VALUE            ERROR          SIZE      DERIVATIVE 
   1  p0           9.74071e-01   1.70864e-01  -8.56719e-04  -1.75853e-02
   2  p1           5.37170e+00   2.90084e-03  -2.57777e-05  -2.55647e-01
   3  p2           1.17656e-02     fixed    
   4  p3           9.13343e+01   3.45838e+01   9.96973e-01  -5.55046e-02
   5  p4          -2.47326e+01   1.22654e+01  -2.13183e-03  -4.86603e+01
   6  p5           1.67514e+00   1.08621e+00   2.68660e-02  -1.80527e+00
   7  p6           0.00000e+00   1.00000e+00  -0.00000e+00   0.00000e+00
   8  p7           7.40832e-01     fixed    
   9  p8           2.93696e-02     fixed    
  10  p9           0.00000e+00   1.00000e+00  -0.00000e+00   0.00000e+00
  11  p10          0.00000e+00   1.00000e+00  -0.00000e+00   0.00000e+00
  12  p11          0.00000e+00     fixed    
                               ERR DEF= 0.5
355
fit result:48.7036 48.7036
The local date and time is: Mon Apr 28 02:14:11 2014

Pseudo exp:18
The local date and time is: Mon Apr 28 02:14:11 2014

cout:497
_cout:2833
true_yield:45
Start pseudo exp fit:18
The local date and time is: Mon Apr 28 02:14:14 2014

 FCN=10.5915 FROM HESSE     STATUS=RESET          30 CALLS         507 TOTAL
                     EDM=6.33929e-09    STRATEGY= 1  ERROR MATRIX UNCERTAINTY 100.0 per cent
  EXT PARAMETER                APPROXIMATE        STEP         FIRST   
  NO.   NAME      VALUE            ERROR          SIZE      DERIVATIVE 
   1  p0           7.90966e-01   1.61642e-01   1.61642e-03   3.34043e+00
   2  p1           5.37203e+00   3.59997e-03   3.59997e-05   1.76859e+02
   3  p2           1.17656e-02     fixed    
   4  p3           3.95652e+01   3.13634e-01   3.13634e-03  -2.10215e+00
   5  p4          -2.87760e+00   5.53147e-02   5.53147e-04  -2.18577e+04
   6  p5          -5.77265e-01   9.70942e-03   9.70942e-05   1.99092e+01
   7  p6           0.00000e+00   2.40000e+00   2.40000e-02  -1.13620e-02
   8  p7           7.40832e-01     fixed    
   9  p8           2.93696e-02     fixed    
  10  p9           0.00000e+00   1.00000e+00   1.00000e-02  -1.37997e-01
  11  p10          0.00000e+00   1.00000e+00   1.00000e-02  -8.17572e-01
  12  p11          0.00000e+00     fixed    
                               ERR DEF= 0.5
351
fit result:39.5483 39.5483
The local date and time is: Mon Apr 28 02:14:14 2014

Pseudo exp:19
The local date and time is: Mon Apr 28 02:14:14 2014

cout:497
_cout:2510
true_yield:36
Start pseudo exp fit:19
The local date and time is: Mon Apr 28 02:14:18 2014

 FCN=19.8896 FROM SIMPLEX   STATUS=RESET         329 CALLS        3059 TOTAL
                     EDM=5.96953e-07    STRATEGY= 1  ERROR MATRIX UNCERTAINTY  50.0 per cent
  EXT PARAMETER                APPROXIMATE        STEP         FIRST   
  NO.   NAME      VALUE            ERROR          SIZE      DERIVATIVE 
   1  p0           6.03230e-01   1.52638e-01   1.52638e-03  -8.26187e+03
   2  p1           5.37376e+00   6.10390e-03   6.10390e-05   1.17748e+04
   3  p2           1.17656e-02     fixed    
   4  p3           2.79794e+01   3.61860e+00   3.61860e-02  -1.74660e+04
   5  p4          -3.58720e-04   2.05709e+01   2.05709e-01  -8.61352e+04
   6  p5          -7.16749e-01   1.12285e-01   1.12285e-03  -5.55188e+05
   7  p6           0.00000e+00   1.00000e+00   1.00000e-02   1.00807e+00
   8  p7           7.40832e-01     fixed    
   9  p8           2.93696e-02     fixed    
  10  p9           0.00000e+00   1.00000e+00   1.00000e-02  -1.72658e+00
  11  p10          0.00000e+00   1.00000e+00   1.00000e-02  -6.96242e-01
  12  p11          0.00000e+00     fixed    
                               ERR DEF= 0.5
342
fit result:30.1615 30.1615
The local date and time is: Mon Apr 28 02:14:18 2014

