/export/data1/condor/execute/dir_1239
gcc (GCC) 4.6.2
Copyright (C) 2011 Free Software Foundation, Inc.
This is free software; see the source for copying conditions.  There is NO
warranty; not even for MERCHANTABILITY or FITNESS FOR A PARTICULAR PURPOSE.

5.32/00
Linux version 2.6.32-358.el6.x86_64 (mockbuild@sl6.fnal.gov) (gcc version 4.4.7 20120313 (Red Hat 4.4.7-3) (GCC) ) #1 SMP Fri Feb 22 20:37:17 CST 2013

Processing fitBs.C(26)...
The local date and time is: Mon Apr 28 02:03:41 2014

 FCN=51.09 FROM HESSE     STATUS=RESET          35 CALLS         818 TOTAL
                     EDM=1.74677e-07    STRATEGY= 1  ERROR MATRIX UNCERTAINTY 100.0 per cent
  EXT PARAMETER                APPROXIMATE        STEP         FIRST   
  NO.   NAME      VALUE            ERROR          SIZE      DERIVATIVE 
   1  p0           1.46834e+02   1.71547e+00   1.71547e-02   3.14754e-01
   2  p1           5.36991e+00   1.80509e-04   1.80509e-06   3.52717e+03
   3  p2           1.17656e-02   1.36451e-04   1.36451e-06  -3.26142e-01
   4  p3           1.28682e+01   1.57196e-01   1.57196e-03  -2.68056e+00
   5  p4          -2.04693e-02   2.71701e-02   2.71701e-04   1.45628e+02
   6  p5          -3.51569e-01   4.68012e-03   4.68012e-05  -5.82654e+00
   7  p6           0.00000e+00   2.82843e+00   2.82843e-02  -4.87893e-02
   8  p7           7.40832e-01   1.00098e-02   1.00098e-04  -1.55201e+01
   9  p8           2.93696e-02   6.11333e-04   6.11333e-06   5.60321e-01
  10  p9           0.00000e+00   1.00000e+00   1.00000e-02   2.81800e-02
  11  p10          0.00000e+00   1.00000e+00   1.00000e-02   4.32797e-01
  12  p11          0.00000e+00     fixed    
                               ERR DEF= 0.5
 FCN=19.702 FROM HESSE     STATUS=RESET          30 CALLS         507 TOTAL
                     EDM=3.56714e-09    STRATEGY= 1  ERROR MATRIX UNCERTAINTY 100.0 per cent
  EXT PARAMETER                APPROXIMATE        STEP         FIRST   
  NO.   NAME      VALUE            ERROR          SIZE      DERIVATIVE 
   1  p0           8.80688e-01   1.62070e-01   1.62070e-03   3.33161e+00
   2  p1           5.37091e+00   2.64329e-03   2.64329e-05   2.40869e+02
   3  p2           1.17656e-02     fixed    
   4  p3           1.07018e+02   3.23872e-01   3.23872e-03  -2.03570e+00
   5  p4          -2.82726e+01   5.74207e-02   5.74207e-04  -2.01608e+05
   6  p5           1.80062e+00   1.01328e-02   1.01328e-04   1.90773e+01
   7  p6           0.00000e+00   5.65685e+00   5.65685e-02  -4.82050e-03
   8  p7           7.40832e-01     fixed    
   9  p8           2.93696e-02     fixed    
  10  p9           0.00000e+00   1.00000e+00   1.00000e-02  -1.37997e-01
  11  p10          0.00000e+00   1.00000e+00   1.00000e-02  -8.17572e-01
  12  p11          0.00000e+00     fixed    
                               ERR DEF= 0.5
351
fit result:44.0344 44.0344
The local date and time is: Mon Apr 28 02:16:55 2014

Got Nsig:528/44.0344
Got extracted:44.0344
Pseudo exp:0
The local date and time is: Mon Apr 28 02:16:55 2014

cout:528
_cout:3228
true_yield:49
Start pseudo exp fit:0
The local date and time is: Mon Apr 28 02:16:59 2014

 FCN=36.3756 FROM HESSE     STATUS=RESET          30 CALLS         507 TOTAL
                     EDM=8.2411e-09    STRATEGY= 1  ERROR MATRIX UNCERTAINTY 100.0 per cent
  EXT PARAMETER                APPROXIMATE        STEP         FIRST   
  NO.   NAME      VALUE            ERROR          SIZE      DERIVATIVE 
   1  p0           1.00561e+00   1.75692e-01   1.75692e-03   3.07329e+00
   2  p1           5.37014e+00   3.36128e-03   3.36128e-05   1.89418e+02
   3  p2           1.17656e-02     fixed    
   4  p3           2.56699e+02   3.07811e-01   3.07811e-03  -2.14192e+00
   5  p4          -8.09440e+01   5.42561e-02   5.42561e-04  -5.77756e+05
   6  p5           6.41492e+00   9.51973e-03   9.51973e-05   2.03059e+01
   7  p6           0.00000e+00   8.00000e+00   8.00000e-02  -3.40861e-03
   8  p7           7.40832e-01     fixed    
   9  p8           2.93696e-02     fixed    
  10  p9           0.00000e+00   1.00000e+00   1.00000e-02  -1.37997e-01
  11  p10          0.00000e+00   1.00000e+00   1.00000e-02  -8.17572e-01
  12  p11          0.00000e+00     fixed    
                               ERR DEF= 0.5
355
fit result:50.2803 50.2803
The local date and time is: Mon Apr 28 02:16:59 2014

Pseudo exp:1
The local date and time is: Mon Apr 28 02:16:59 2014

cout:528
_cout:2720
true_yield:46
Start pseudo exp fit:1
The local date and time is: Mon Apr 28 02:17:02 2014

 FCN=21.9726 FROM HESSE     STATUS=RESET          30 CALLS         507 TOTAL
                     EDM=1.99488e-08    STRATEGY= 1  ERROR MATRIX UNCERTAINTY 100.0 per cent
  EXT PARAMETER                APPROXIMATE        STEP         FIRST   
  NO.   NAME      VALUE            ERROR          SIZE      DERIVATIVE 
   1  p0           8.49800e-01   1.65826e-01   1.65826e-03   3.25614e+00
   2  p1           5.36570e+00   3.60722e-03   3.60722e-05   1.76503e+02
   3  p2           1.17656e-02     fixed    
   4  p3           8.79822e+01   3.38034e-01   3.38034e-03  -1.95041e+00
   5  p4          -2.28414e+01   6.01929e-02   6.01929e-04  -1.56246e+05
   6  p5           1.44512e+00   1.06649e-02   1.06649e-04   1.81255e+01
   7  p6           0.00000e+00   5.65685e+00   5.65685e-02  -4.82050e-03
   8  p7           7.40832e-01     fixed    
   9  p8           2.93696e-02     fixed    
  10  p9           0.00000e+00   1.00000e+00   1.00000e-02  -1.37997e-01
  11  p10          0.00000e+00   1.00000e+00   1.00000e-02  -8.17572e-01
  12  p11          0.00000e+00     fixed    
                               ERR DEF= 0.5
352
fit result:42.49 42.49
The local date and time is: Mon Apr 28 02:17:03 2014

Pseudo exp:2
The local date and time is: Mon Apr 28 02:17:03 2014

cout:528
_cout:2825
true_yield:45
Start pseudo exp fit:2
The local date and time is: Mon Apr 28 02:17:06 2014

 FCN=23.3962 FROM MIGRAD    STATUS=CALL LIMIT   2929 CALLS        2930 TOTAL
                     EDM=7.74136e-06    STRATEGY= 1  ERROR MATRIX UNCERTAINTY   6.1 per cent
  EXT PARAMETER                APPROXIMATE        STEP         FIRST   
  NO.   NAME      VALUE            ERROR          SIZE      DERIVATIVE 
   1  p0           9.47640e-01   1.80681e-01   1.43325e-04   3.58701e-05
   2  p1           5.37428e+00   3.30429e-03   1.95246e-06  -6.85396e-03
   3  p2           1.17656e-02     fixed    
   4  p3           2.92548e+01   3.57931e+00  -3.25518e-03   2.09706e-03
   5  p4          -6.14391e-04   9.48900e+00   1.81763e-04   8.00043e-04
   6  p5          -7.64149e-01   1.03070e-01   9.17170e-05   6.61056e-02
   7  p6           0.00000e+00   1.00000e+00  -0.00000e+00   0.00000e+00
   8  p7           7.40832e-01     fixed    
   9  p8           2.93696e-02     fixed    
  10  p9           0.00000e+00   1.00000e+00  -0.00000e+00   0.00000e+00
  11  p10          0.00000e+00   1.00000e+00  -0.00000e+00   0.00000e+00
  12  p11          0.00000e+00     fixed    
                               ERR DEF= 0.5
351
fit result:47.382 47.382
The local date and time is: Mon Apr 28 02:17:07 2014

Pseudo exp:3
The local date and time is: Mon Apr 28 02:17:07 2014

cout:528
_cout:2854
true_yield:42
Start pseudo exp fit:3
The local date and time is: Mon Apr 28 02:17:10 2014

 FCN=24.9788 FROM HESSE     STATUS=RESET          30 CALLS         507 TOTAL
                     EDM=1.08957e-07    STRATEGY= 1  ERROR MATRIX UNCERTAINTY 100.0 per cent
  EXT PARAMETER                APPROXIMATE        STEP         FIRST   
  NO.   NAME      VALUE            ERROR          SIZE      DERIVATIVE 
   1  p0           8.07061e-01   1.60936e-01   1.60936e-03   3.35506e+00
   2  p1           5.36554e+00   3.28531e-03   3.28531e-05   1.93798e+02
   3  p2           1.17656e-02     fixed    
   4  p3           2.26336e+02   3.24852e-01   3.24852e-03  -2.02955e+00
   5  p4          -7.13257e+01   5.76275e-02   5.76275e-04  -4.84336e+05
   6  p5           5.67409e+00   1.01762e-02   1.01762e-04   1.89960e+01
   7  p6           0.00000e+00   8.00000e+00   8.00000e-02  -3.40861e-03
   8  p7           7.40832e-01     fixed    
   9  p8           2.93696e-02     fixed    
  10  p9           0.00000e+00   1.00000e+00   1.00000e-02  -1.37997e-01
  11  p10          0.00000e+00   1.00000e+00   1.00000e-02  -8.17572e-01
  12  p11          0.00000e+00     fixed    
                               ERR DEF= 0.5
348
fit result:40.3531 40.3531
The local date and time is: Mon Apr 28 02:17:10 2014

Pseudo exp:4
The local date and time is: Mon Apr 28 02:17:10 2014

cout:528
_cout:2841
true_yield:38
Start pseudo exp fit:4
The local date and time is: Mon Apr 28 02:17:14 2014

 FCN=17.5537 FROM HESSE     STATUS=RESET          30 CALLS         507 TOTAL
                     EDM=6.36549e-10    STRATEGY= 1  ERROR MATRIX UNCERTAINTY 100.0 per cent
  EXT PARAMETER                APPROXIMATE        STEP         FIRST   
  NO.   NAME      VALUE            ERROR          SIZE      DERIVATIVE 
   1  p0           7.77313e-01   1.61781e-01   1.61781e-03   3.33755e+00
   2  p1           5.37613e+00   4.15792e-03   4.15792e-05   1.53126e+02
   3  p2           1.17656e-02     fixed    
   4  p3           2.93180e+02   3.21723e-01   3.21723e-03  -2.04929e+00
   5  p4          -9.53708e+01   5.70567e-02   5.70567e-04  -6.37156e+05
   6  p5           7.82844e+00   1.00744e-02   1.00744e-04   1.91878e+01
   7  p6           0.00000e+00   1.40918e+02   1.40918e+00  -1.93510e-04
   8  p7           7.40832e-01     fixed    
   9  p8           2.93696e-02     fixed    
  10  p9           0.00000e+00   1.00000e+00   1.00000e-02  -1.37997e-01
  11  p10          0.00000e+00   1.00000e+00   1.00000e-02  -8.17572e-01
  12  p11          0.00000e+00     fixed    
                               ERR DEF= 0.5
344
fit result:38.8657 38.8657
The local date and time is: Mon Apr 28 02:17:14 2014

Pseudo exp:5
The local date and time is: Mon Apr 28 02:17:14 2014

cout:528
_cout:2988
true_yield:53
Start pseudo exp fit:5
The local date and time is: Mon Apr 28 02:17:18 2014

 FCN=27.085 FROM HESSE     STATUS=RESET          30 CALLS         532 TOTAL
                     EDM=5.54927e-06    STRATEGY= 1  ERROR MATRIX UNCERTAINTY 100.0 per cent
  EXT PARAMETER                APPROXIMATE        STEP         FIRST   
  NO.   NAME      VALUE            ERROR          SIZE      DERIVATIVE 
   1  p0           9.75374e-01   1.74424e-01   1.74424e-03   3.09562e+00
   2  p1           5.36776e+00   3.54656e-03   3.54656e-05   1.79522e+02
   3  p2           1.17656e-02     fixed    
   4  p3           3.06944e+01   3.14281e-01   3.14281e-03  -2.09782e+00
   5  p4          -6.49876e-05   8.56848e+00   8.56848e-02** at limit **
   6  p5          -8.07388e-01   9.71491e-03   9.71491e-05   1.98979e+01
   7  p6           0.00000e+00   1.00000e+00   1.00000e-02  -2.72689e-02
   8  p7           7.40832e-01     fixed    
   9  p8           2.93696e-02     fixed    
  10  p9           0.00000e+00   1.00000e+00   1.00000e-02  -1.37997e-01
  11  p10          0.00000e+00   1.00000e+00   1.00000e-02  -8.17572e-01
  12  p11          0.00000e+00     fixed    
                               ERR DEF= 0.5
359
fit result:48.7687 48.7687
The local date and time is: Mon Apr 28 02:17:18 2014

Pseudo exp:6
The local date and time is: Mon Apr 28 02:17:18 2014

cout:528
_cout:3034
true_yield:44
Start pseudo exp fit:6
The local date and time is: Mon Apr 28 02:17:22 2014

 FCN=28.4039 FROM HESSE     STATUS=RESET          30 CALLS         507 TOTAL
                     EDM=1.58869e-08    STRATEGY= 1  ERROR MATRIX UNCERTAINTY 100.0 per cent
  EXT PARAMETER                APPROXIMATE        STEP         FIRST   
  NO.   NAME      VALUE            ERROR          SIZE      DERIVATIVE 
   1  p0           9.82987e-01   1.71444e-01   1.71444e-03   3.14944e+00
   2  p1           5.37107e+00   3.06598e-03   3.06598e-05   2.07662e+02
   3  p2           1.17656e-02     fixed    
   4  p3           1.75771e+02   3.39467e-01   3.39467e-03  -1.94218e+00
   5  p4          -5.57152e+01   6.06309e-02   6.06309e-04  -3.65636e+05
   6  p5           4.50594e+00   1.07759e-02   1.07759e-04   1.79388e+01
   7  p6           0.00000e+00   5.65685e+00   5.65685e-02  -4.82050e-03
   8  p7           7.40832e-01     fixed    
   9  p8           2.93696e-02     fixed    
  10  p9           0.00000e+00   1.00000e+00   1.00000e-02  -1.37997e-01
  11  p10          0.00000e+00   1.00000e+00   1.00000e-02  -8.17572e-01
  12  p11          0.00000e+00     fixed    
                               ERR DEF= 0.5
350
fit result:49.1494 49.1494
The local date and time is: Mon Apr 28 02:17:22 2014

Pseudo exp:7
The local date and time is: Mon Apr 28 02:17:22 2014

cout:528
_cout:2973
true_yield:52
Start pseudo exp fit:7
The local date and time is: Mon Apr 28 02:17:25 2014

 FCN=20.3095 FROM HESSE     STATUS=RESET          30 CALLS         507 TOTAL
                     EDM=6.11373e-08    STRATEGY= 1  ERROR MATRIX UNCERTAINTY 100.0 per cent
  EXT PARAMETER                APPROXIMATE        STEP         FIRST   
  NO.   NAME      VALUE            ERROR          SIZE      DERIVATIVE 
   1  p0           7.81768e-01   1.59367e-01   1.59367e-03   3.38809e+00
   2  p1           5.37437e+00   3.15823e-03   3.15823e-05   2.01595e+02
   3  p2           1.17656e-02     fixed    
   4  p3           1.31634e+02   3.16153e-01   3.16153e-03  -2.08540e+00
   5  p4          -3.54511e+01   5.57968e-02   5.57968e-04  -2.58233e+05
   6  p5           2.29873e+00   9.80359e-03   9.80359e-05   1.97179e+01
   7  p6           0.00000e+00   5.65685e+00   5.65685e-02  -4.82050e-03
   8  p7           7.40832e-01     fixed    
   9  p8           2.93696e-02     fixed    
  10  p9           0.00000e+00   1.00000e+00   1.00000e-02  -1.37997e-01
  11  p10          0.00000e+00   1.00000e+00   1.00000e-02  -8.17572e-01
  12  p11          0.00000e+00     fixed    
                               ERR DEF= 0.5
358
fit result:39.0884 39.0884
The local date and time is: Mon Apr 28 02:17:26 2014

Pseudo exp:8
The local date and time is: Mon Apr 28 02:17:26 2014

cout:528
_cout:2900
true_yield:54
Start pseudo exp fit:8
The local date and time is: Mon Apr 28 02:17:29 2014

 FCN=35.5204 FROM HESSE     STATUS=RESET          30 CALLS         507 TOTAL
                     EDM=6.56926e-08    STRATEGY= 1  ERROR MATRIX UNCERTAINTY 100.0 per cent
  EXT PARAMETER                APPROXIMATE        STEP         FIRST   
  NO.   NAME      VALUE            ERROR          SIZE      DERIVATIVE 
   1  p0           1.01667e+00   1.74514e-01   1.74514e-03   3.09404e+00
   2  p1           5.37526e+00   2.78202e-03   2.78202e-05   2.28857e+02
   3  p2           1.17656e-02     fixed    
   4  p3           2.06299e+02   3.18047e-01   3.18047e-03  -2.07298e+00
   5  p4          -6.31460e+01   5.62868e-02   5.62868e-04  -4.42872e+05
   6  p5           4.85250e+00   9.91954e-03   9.91954e-05   1.94875e+01
   7  p6           0.00000e+00   6.95600e+01   6.95600e-01  -3.92020e-04
   8  p7           7.40832e-01     fixed    
   9  p8           2.93696e-02     fixed    
  10  p9           0.00000e+00   1.00000e+00   1.00000e-02  -1.37997e-01
  11  p10          0.00000e+00   1.00000e+00   1.00000e-02  -8.17572e-01
  12  p11          0.00000e+00     fixed    
                               ERR DEF= 0.5
360
fit result:50.8334 50.8334
The local date and time is: Mon Apr 28 02:17:29 2014

Pseudo exp:9
The local date and time is: Mon Apr 28 02:17:29 2014

cout:528
_cout:2958
true_yield:51
Start pseudo exp fit:9
The local date and time is: Mon Apr 28 02:17:33 2014

 FCN=19.4058 FROM HESSE     STATUS=RESET          30 CALLS         642 TOTAL
                     EDM=1.93126e-07    STRATEGY= 1  ERROR MATRIX UNCERTAINTY 100.0 per cent
  EXT PARAMETER                APPROXIMATE        STEP         FIRST   
  NO.   NAME      VALUE            ERROR          SIZE      DERIVATIVE 
   1  p0           9.55673e-01   1.73698e-01   1.73698e-03   3.10857e+00
   2  p1           5.37309e+00   3.35031e-03   3.35031e-05   1.90038e+02
   3  p2           1.17656e-02     fixed    
   4  p3           2.78158e+01   3.29071e-01   3.29071e-03  -2.00354e+00
   5  p4          -1.53065e-06   1.16165e+01   1.16165e-01** at limit **
   6  p5          -7.13158e-01   1.03043e-02   1.03043e-04   1.87598e+01
   7  p6           0.00000e+00   5.65685e+00   5.65685e-02  -4.82050e-03
   8  p7           7.40832e-01     fixed    
   9  p8           2.93696e-02     fixed    
  10  p9           0.00000e+00   1.00000e+00   1.00000e-02  -1.37997e-01
  11  p10          0.00000e+00   1.00000e+00   1.00000e-02  -8.17572e-01
  12  p11          0.00000e+00     fixed    
                               ERR DEF= 0.5
357
fit result:47.7837 47.7837
The local date and time is: Mon Apr 28 02:17:33 2014

Pseudo exp:10
The local date and time is: Mon Apr 28 02:17:33 2014

cout:528
_cout:2792
true_yield:57
Start pseudo exp fit:10
The local date and time is: Mon Apr 28 02:17:37 2014

 FCN=23.394 FROM HESSE     STATUS=RESET          30 CALLS         531 TOTAL
                     EDM=1.86254e-07    STRATEGY= 1  ERROR MATRIX UNCERTAINTY 100.0 per cent
  EXT PARAMETER                APPROXIMATE        STEP         FIRST   
  NO.   NAME      VALUE            ERROR          SIZE      DERIVATIVE 
   1  p0           1.20485e+00   1.89844e-01   1.89844e-03   2.84419e+00
   2  p1           5.37104e+00   3.77053e-03   3.77053e-05   1.68858e+02
   3  p2           1.17656e-02     fixed    
   4  p3           5.69624e+01   3.31639e-01   3.31639e-03  -1.98802e+00
   5  p4          -1.12414e+01   5.89357e-02   5.89357e-04  -7.94690e+04
   6  p5           3.59947e-01   1.04225e-02   1.04225e-04   1.85470e+01
   7  p6           0.00000e+00   1.41421e+00   1.41421e-02  -1.92820e-02
   8  p7           7.40832e-01     fixed    
   9  p8           2.93696e-02     fixed    
  10  p9           0.00000e+00   1.00000e+00   1.00000e-02  -1.37997e-01
  11  p10          0.00000e+00   1.00000e+00   1.00000e-02  -8.17572e-01
  12  p11          0.00000e+00     fixed    
                               ERR DEF= 0.5
363
fit result:60.2427 60.2428
The local date and time is: Mon Apr 28 02:17:37 2014

Pseudo exp:11
The local date and time is: Mon Apr 28 02:17:37 2014

cout:528
_cout:2965
true_yield:44
Start pseudo exp fit:11
The local date and time is: Mon Apr 28 02:17:41 2014

 FCN=17.3126 FROM HESSE     STATUS=RESET          30 CALLS         507 TOTAL
                     EDM=6.63682e-08    STRATEGY= 1  ERROR MATRIX UNCERTAINTY 100.0 per cent
  EXT PARAMETER                APPROXIMATE        STEP         FIRST   
  NO.   NAME      VALUE            ERROR          SIZE      DERIVATIVE 
   1  p0           9.08116e-01   1.68474e-01   1.68474e-03   3.20495e+00
   2  p1           5.36361e+00   3.03518e-03   3.03518e-05   2.09769e+02
   3  p2           1.17656e-02     fixed    
   4  p3           1.54152e+02   3.35102e-01   3.35102e-03  -1.96748e+00
   5  p4          -4.68041e+01   5.96843e-02   5.96843e-04  -3.14972e+05
   6  p5           3.60536e+00   1.05795e-02   1.05795e-04   1.82718e+01
   7  p6           0.00000e+00   5.65685e+00   5.65685e-02  -4.82050e-03
   8  p7           7.40832e-01     fixed    
   9  p8           2.93696e-02     fixed    
  10  p9           0.00000e+00   1.00000e+00   1.00000e-02  -1.37997e-01
  11  p10          0.00000e+00   1.00000e+00   1.00000e-02  -8.17572e-01
  12  p11          0.00000e+00     fixed    
                               ERR DEF= 0.5
350
fit result:45.4058 45.4058
The local date and time is: Mon Apr 28 02:17:41 2014

Pseudo exp:12
The local date and time is: Mon Apr 28 02:17:41 2014

cout:528
_cout:3147
true_yield:44
Start pseudo exp fit:12
The local date and time is: Mon Apr 28 02:17:45 2014

 FCN=13.9314 FROM HESSE     STATUS=RESET          30 CALLS         506 TOTAL
                     EDM=2.1226e-10    STRATEGY= 1  ERROR MATRIX UNCERTAINTY 100.0 per cent
  EXT PARAMETER                APPROXIMATE        STEP         FIRST   
  NO.   NAME      VALUE            ERROR          SIZE      DERIVATIVE 
   1  p0           7.90517e-01   1.59536e-01   1.59536e-03   3.38453e+00
   2  p1           5.37583e+00   3.41600e-03   3.41600e-05   1.86384e+02
   3  p2           1.17656e-02     fixed    
   4  p3           1.85672e+02   3.42856e-01   3.42856e-03  -1.92298e+00
   5  p4          -5.88518e+01   6.12193e-02   6.12193e-04  -3.81238e+05
   6  p5           4.75458e+00   1.08784e-02   1.08784e-04   1.77698e+01
   7  p6           0.00000e+00   5.65685e+00   5.65685e-02  -4.82050e-03
   8  p7           7.40832e-01     fixed    
   9  p8           2.93696e-02     fixed    
  10  p9           0.00000e+00   1.00000e+00   1.00000e-02  -1.37997e-01
  11  p10          0.00000e+00   1.00000e+00   1.00000e-02  -8.17572e-01
  12  p11          0.00000e+00     fixed    
                               ERR DEF= 0.5
350
fit result:39.5258 39.5258
The local date and time is: Mon Apr 28 02:17:45 2014

Pseudo exp:13
The local date and time is: Mon Apr 28 02:17:45 2014

cout:528
_cout:2826
true_yield:55
Start pseudo exp fit:13
The local date and time is: Mon Apr 28 02:17:48 2014

 FCN=22.2864 FROM HESSE     STATUS=RESET          30 CALLS         507 TOTAL
                     EDM=8.23202e-07    STRATEGY= 1  ERROR MATRIX UNCERTAINTY 100.0 per cent
  EXT PARAMETER                APPROXIMATE        STEP         FIRST   
  NO.   NAME      VALUE            ERROR          SIZE      DERIVATIVE 
   1  p0           1.14820e+00   1.85262e-01   1.85262e-03   2.91454e+00
   2  p1           5.37112e+00   2.93477e-03   2.93477e-05   2.16946e+02
   3  p2           1.17656e-02     fixed    
   4  p3           4.03337e+01   3.08909e-01   3.08909e-03  -2.13430e+00
   5  p4          -3.19401e+00   5.44526e-02   5.44526e-04  -2.46374e+04
   6  p5          -5.50421e-01   9.55466e-03   9.55466e-05   2.02317e+01
   7  p6           0.00000e+00   2.00000e+00   2.00000e-02  -1.36344e-02
   8  p7           7.40832e-01     fixed    
   9  p8           2.93696e-02     fixed    
  10  p9           0.00000e+00   1.00000e+00   1.00000e-02  -1.37997e-01
  11  p10          0.00000e+00   1.00000e+00   1.00000e-02  -8.17572e-01
  12  p11          0.00000e+00     fixed    
                               ERR DEF= 0.5
361
fit result:57.4098 57.4098
The local date and time is: Mon Apr 28 02:17:49 2014

Pseudo exp:14
The local date and time is: Mon Apr 28 02:17:49 2014

cout:528
_cout:2838
true_yield:49
Start pseudo exp fit:14
The local date and time is: Mon Apr 28 02:17:52 2014

 FCN=26.7087 FROM HESSE     STATUS=RESET          30 CALLS         507 TOTAL
                     EDM=7.03036e-11    STRATEGY= 1  ERROR MATRIX UNCERTAINTY 100.0 per cent
  EXT PARAMETER                APPROXIMATE        STEP         FIRST   
  NO.   NAME      VALUE            ERROR          SIZE      DERIVATIVE 
   1  p0           1.21073e+00   1.81614e-01   1.81614e-03   2.97307e+00
   2  p1           5.36998e+00   2.50859e-03   2.50859e-05   2.53803e+02
   3  p2           1.17656e-02     fixed    
   4  p3           5.18861e+02   3.27499e-01   3.27499e-03  -2.01315e+00
   5  p4          -1.79271e+02   5.84528e-02   5.84528e-04  -1.06065e+06
   6  p5           1.55940e+01   1.03881e-02   1.03881e-04   1.86085e+01
   7  p6           0.00000e+00   8.00000e+00   8.00000e-02  -3.40861e-03
   8  p7           7.40832e-01     fixed    
   9  p8           2.93696e-02     fixed    
  10  p9           0.00000e+00   1.00000e+00   1.00000e-02  -1.37997e-01
  11  p10          0.00000e+00   1.00000e+00   1.00000e-02  -8.17572e-01
  12  p11          0.00000e+00     fixed    
                               ERR DEF= 0.5
355
fit result:60.5366 60.5366
The local date and time is: Mon Apr 28 02:17:52 2014

Pseudo exp:15
The local date and time is: Mon Apr 28 02:17:52 2014

cout:528
_cout:2855
true_yield:46
Start pseudo exp fit:15
The local date and time is: Mon Apr 28 02:17:56 2014

 FCN=27.8632 FROM HESSE     STATUS=RESET          30 CALLS         525 TOTAL
                     EDM=7.53274e-07    STRATEGY= 1  ERROR MATRIX UNCERTAINTY 100.0 per cent
  EXT PARAMETER                APPROXIMATE        STEP         FIRST   
  NO.   NAME      VALUE            ERROR          SIZE      DERIVATIVE 
   1  p0           8.09148e-01   1.64428e-01   1.64428e-03   3.28383e+00
   2  p1           5.37444e+00   3.96279e-03   3.96279e-05   1.60666e+02
   3  p2           1.17656e-02     fixed    
   4  p3           3.04954e+01   3.24053e-01   3.24053e-03  -2.03456e+00
   5  p4          -6.89566e-04   1.14709e+00   1.14709e-02  -1.05303e+02
   6  p5          -7.99811e-01   1.01299e-02   1.01299e-04   1.90828e+01
   7  p6           0.00000e+00   2.40000e+00   2.40000e-02  -1.13620e-02
   8  p7           7.40832e-01     fixed    
   9  p8           2.93696e-02     fixed    
  10  p9           0.00000e+00   1.00000e+00   1.00000e-02  -1.37997e-01
  11  p10          0.00000e+00   1.00000e+00   1.00000e-02  -8.17572e-01
  12  p11          0.00000e+00     fixed    
                               ERR DEF= 0.5
352
fit result:40.4574 40.4574
The local date and time is: Mon Apr 28 02:17:56 2014

Pseudo exp:16
The local date and time is: Mon Apr 28 02:17:56 2014

cout:528
_cout:2999
true_yield:41
Start pseudo exp fit:16
The local date and time is: Mon Apr 28 02:18:00 2014

 FCN=23.2989 FROM HESSE     STATUS=RESET          30 CALLS         507 TOTAL
                     EDM=4.65938e-08    STRATEGY= 1  ERROR MATRIX UNCERTAINTY 100.0 per cent
  EXT PARAMETER                APPROXIMATE        STEP         FIRST   
  NO.   NAME      VALUE            ERROR          SIZE      DERIVATIVE 
   1  p0           8.36838e-01   1.67805e-01   1.67805e-03   3.21773e+00
   2  p1           5.37147e+00   5.51231e-03   5.51231e-05   1.15503e+02
   3  p2           1.17656e-02     fixed    
   4  p3           2.67916e+02   3.11804e-01   3.11804e-03  -2.11448e+00
   5  p4          -8.52391e+01   5.50695e-02   5.50695e-04  -5.96626e+05
   6  p5           6.82423e+00   9.68294e-03   9.68294e-05   1.99636e+01
   7  p6           0.00000e+00   8.00000e+00   8.00000e-02  -3.40861e-03
   8  p7           7.40832e-01     fixed    
   9  p8           2.93696e-02     fixed    
  10  p9           0.00000e+00   1.00000e+00   1.00000e-02  -1.37997e-01
  11  p10          0.00000e+00   1.00000e+00   1.00000e-02  -8.17572e-01
  12  p11          0.00000e+00     fixed    
                               ERR DEF= 0.5
347
fit result:41.8419 41.8419
The local date and time is: Mon Apr 28 02:18:00 2014

Pseudo exp:17
The local date and time is: Mon Apr 28 02:18:00 2014

cout:528
_cout:2846
true_yield:43
Start pseudo exp fit:17
The local date and time is: Mon Apr 28 02:18:03 2014

 FCN=22.4918 FROM HESSE     STATUS=RESET          30 CALLS         507 TOTAL
                     EDM=3.02171e-08    STRATEGY= 1  ERROR MATRIX UNCERTAINTY 100.0 per cent
  EXT PARAMETER                APPROXIMATE        STEP         FIRST   
  NO.   NAME      VALUE            ERROR          SIZE      DERIVATIVE 
   1  p0           8.68827e-01   1.61943e-01   1.61943e-03   3.33420e+00
   2  p1           5.36891e+00   2.92012e-03   2.92012e-05   2.18034e+02
   3  p2           1.17656e-02     fixed    
   4  p3           1.20696e+02   3.39610e-01   3.39610e-03  -1.94136e+00
   5  p4          -3.53964e+01   6.06078e-02   6.06078e-04  -2.37381e+05
   6  p5           2.64047e+00   1.07625e-02   1.07625e-04   1.79611e+01
   7  p6           0.00000e+00   2.40000e+00   2.40000e-02  -1.13620e-02
   8  p7           7.40832e-01     fixed    
   9  p8           2.93696e-02     fixed    
  10  p9           0.00000e+00   1.00000e+00   1.00000e-02  -1.37997e-01
  11  p10          0.00000e+00   1.00000e+00   1.00000e-02  -8.17572e-01
  12  p11          0.00000e+00     fixed    
                               ERR DEF= 0.5
349
fit result:43.4414 43.4414
The local date and time is: Mon Apr 28 02:18:04 2014

Pseudo exp:18
The local date and time is: Mon Apr 28 02:18:04 2014

cout:528
_cout:2850
true_yield:43
Start pseudo exp fit:18
The local date and time is: Mon Apr 28 02:18:07 2014

 FCN=10.6214 FROM HESSE     STATUS=RESET          30 CALLS         507 TOTAL
                     EDM=1.71985e-08    STRATEGY= 1  ERROR MATRIX UNCERTAINTY 100.0 per cent
  EXT PARAMETER                APPROXIMATE        STEP         FIRST   
  NO.   NAME      VALUE            ERROR          SIZE      DERIVATIVE 
   1  p0           7.28506e-01   1.58980e-01   1.58980e-03   3.39635e+00
   2  p1           5.36796e+00   4.36112e-03   4.36112e-05   1.45991e+02
   3  p2           1.17656e-02     fixed    
   4  p3           3.73584e+01   3.13748e-01   3.13748e-03  -2.10138e+00
   5  p4          -2.02416e+00   5.53282e-02   5.53282e-04  -1.53846e+04
   6  p5          -6.58514e-01   9.71067e-03   9.71067e-05   1.99066e+01
   7  p6           0.00000e+00   2.40000e+00   2.40000e-02  -1.13620e-02
   8  p7           7.40832e-01     fixed    
   9  p8           2.93696e-02     fixed    
  10  p9           0.00000e+00   1.00000e+00   1.00000e-02  -1.37997e-01
  11  p10          0.00000e+00   1.00000e+00   1.00000e-02  -8.17572e-01
  12  p11          0.00000e+00     fixed    
                               ERR DEF= 0.5
349
fit result:36.4253 36.4253
The local date and time is: Mon Apr 28 02:18:07 2014

Pseudo exp:19
The local date and time is: Mon Apr 28 02:18:07 2014

cout:528
_cout:2837
true_yield:54
Start pseudo exp fit:19
The local date and time is: Mon Apr 28 02:18:11 2014

 FCN=18.4994 FROM HESSE     STATUS=RESET          30 CALLS         573 TOTAL
                     EDM=6.06846e-08    STRATEGY= 1  ERROR MATRIX UNCERTAINTY 100.0 per cent
  EXT PARAMETER                APPROXIMATE        STEP         FIRST   
  NO.   NAME      VALUE            ERROR          SIZE      DERIVATIVE 
   1  p0           1.11926e+00   1.80025e-01   1.80025e-03   2.99932e+00
   2  p1           5.37381e+00   2.56631e-03   2.56631e-05   2.48094e+02
   3  p2           1.17656e-02     fixed    
   4  p3           4.14211e+01   3.28755e-01   3.28755e-03  -2.00546e+00
   5  p4          -5.28994e+00   5.83819e-02   5.83819e-04  -3.79783e+04
   6  p5          -2.05972e-01   1.03181e-02   1.03181e-04   1.87348e+01
   7  p6           0.00000e+00   2.00000e+00   2.00000e-02  -1.36344e-02
   8  p7           7.40832e-01     fixed    
   9  p8           2.93696e-02     fixed    
  10  p9           0.00000e+00   1.00000e+00   1.00000e-02  -1.37997e-01
  11  p10          0.00000e+00   1.00000e+00   1.00000e-02  -8.17572e-01
  12  p11          0.00000e+00     fixed    
                               ERR DEF= 0.5
360
fit result:55.9631 55.9632
The local date and time is: Mon Apr 28 02:18:11 2014

