/export/data1/condor/execute/dir_25086
gcc (GCC) 4.6.2
Copyright (C) 2011 Free Software Foundation, Inc.
This is free software; see the source for copying conditions.  There is NO
warranty; not even for MERCHANTABILITY or FITNESS FOR A PARTICULAR PURPOSE.

5.32/00
Linux version 2.6.32-358.el6.x86_64 (mockbuild@sl6.fnal.gov) (gcc version 4.4.7 20120313 (Red Hat 4.4.7-3) (GCC) ) #1 SMP Fri Feb 22 20:37:17 CST 2013

Processing fitBs.C(10)...
The local date and time is: Mon Apr 28 02:03:37 2014

 FCN=51.09 FROM HESSE     STATUS=RESET          35 CALLS         818 TOTAL
                     EDM=1.74677e-07    STRATEGY= 1  ERROR MATRIX UNCERTAINTY 100.0 per cent
  EXT PARAMETER                APPROXIMATE        STEP         FIRST   
  NO.   NAME      VALUE            ERROR          SIZE      DERIVATIVE 
   1  p0           1.46834e+02   1.71547e+00   1.71547e-02   3.14754e-01
   2  p1           5.36991e+00   1.80509e-04   1.80509e-06   3.52717e+03
   3  p2           1.17656e-02   1.36451e-04   1.36451e-06  -3.26142e-01
   4  p3           1.28682e+01   1.57196e-01   1.57196e-03  -2.68056e+00
   5  p4          -2.04693e-02   2.71701e-02   2.71701e-04   1.45628e+02
   6  p5          -3.51569e-01   4.68012e-03   4.68012e-05  -5.82654e+00
   7  p6           0.00000e+00   2.82843e+00   2.82843e-02  -4.87893e-02
   8  p7           7.40832e-01   1.00098e-02   1.00098e-04  -1.55201e+01
   9  p8           2.93696e-02   6.11333e-04   6.11333e-06   5.60321e-01
  10  p9           0.00000e+00   1.00000e+00   1.00000e-02   2.81800e-02
  11  p10          0.00000e+00   1.00000e+00   1.00000e-02   4.32797e-01
  12  p11          0.00000e+00     fixed    
                               ERR DEF= 0.5
 FCN=19.702 FROM HESSE     STATUS=RESET          30 CALLS         507 TOTAL
                     EDM=3.56714e-09    STRATEGY= 1  ERROR MATRIX UNCERTAINTY 100.0 per cent
  EXT PARAMETER                APPROXIMATE        STEP         FIRST   
  NO.   NAME      VALUE            ERROR          SIZE      DERIVATIVE 
   1  p0           8.80688e-01   1.62070e-01   1.62070e-03   3.33161e+00
   2  p1           5.37091e+00   2.64329e-03   2.64329e-05   2.40869e+02
   3  p2           1.17656e-02     fixed    
   4  p3           1.07018e+02   3.23872e-01   3.23872e-03  -2.03570e+00
   5  p4          -2.82726e+01   5.74207e-02   5.74207e-04  -2.01608e+05
   6  p5           1.80062e+00   1.01328e-02   1.01328e-04   1.90773e+01
   7  p6           0.00000e+00   5.65685e+00   5.65685e-02  -4.82050e-03
   8  p7           7.40832e-01     fixed    
   9  p8           2.93696e-02     fixed    
  10  p9           0.00000e+00   1.00000e+00   1.00000e-02  -1.37997e-01
  11  p10          0.00000e+00   1.00000e+00   1.00000e-02  -8.17572e-01
  12  p11          0.00000e+00     fixed    
                               ERR DEF= 0.5
351
fit result:44.0344 44.0344
The local date and time is: Mon Apr 28 02:09:31 2014

Got Nsig:489/44.0344
Got extracted:44.0344
Pseudo exp:0
The local date and time is: Mon Apr 28 02:09:31 2014

cout:489
_cout:2675
true_yield:54
Start pseudo exp fit:0
The local date and time is: Mon Apr 28 02:09:35 2014

 FCN=37.2929 FROM HESSE     STATUS=RESET          30 CALLS        1606 TOTAL
                     EDM=8.28336e-07    STRATEGY= 1  ERROR MATRIX UNCERTAINTY 100.0 per cent
  EXT PARAMETER                APPROXIMATE        STEP         FIRST   
  NO.   NAME      VALUE            ERROR          SIZE      DERIVATIVE 
   1  p0           1.04279e+00   1.79596e-01   1.79596e-03   3.00648e+00
   2  p1           5.36542e+00   3.27628e-03   3.27628e-05   1.94332e+02
   3  p2           1.17656e-02     fixed    
   4  p3           2.47540e+02   3.08671e-01   3.08671e-03  -2.13595e+00
   5  p4          -7.74769e+01   5.43811e-02   5.43811e-04  -5.53819e+05
   6  p5           6.09036e+00   9.53688e-03   9.53688e-05   2.02694e+01
   7  p6           0.00000e+00   7.81001e+01   7.81001e-01  -3.49153e-04
   8  p7           7.40832e-01     fixed    
   9  p8           2.93696e-02     fixed    
  10  p9           0.00000e+00   1.00000e+00   1.00000e-02  -1.37997e-01
  11  p10          0.00000e+00   1.00000e+00   1.00000e-02  -8.17572e-01
  12  p11          0.00000e+00     fixed    
                               ERR DEF= 0.5
360
fit result:52.1395 52.1396
The local date and time is: Mon Apr 28 02:09:35 2014

Pseudo exp:1
The local date and time is: Mon Apr 28 02:09:35 2014

cout:489
_cout:2640
true_yield:45
Start pseudo exp fit:1
The local date and time is: Mon Apr 28 02:09:39 2014

 FCN=24.0221 FROM HESSE     STATUS=RESET          30 CALLS         507 TOTAL
                     EDM=8.03816e-09    STRATEGY= 1  ERROR MATRIX UNCERTAINTY 100.0 per cent
  EXT PARAMETER                APPROXIMATE        STEP         FIRST   
  NO.   NAME      VALUE            ERROR          SIZE      DERIVATIVE 
   1  p0           7.41080e-01   1.59302e-01   1.59302e-03   3.38948e+00
   2  p1           5.37119e+00   4.29276e-03   4.29276e-05   1.48316e+02
   3  p2           1.17656e-02     fixed    
   4  p3           7.36089e+01   3.39030e-01   3.39030e-03  -1.94468e+00
   5  p4          -1.73998e+01   6.03433e-02   6.03433e-04  -1.19388e+05
   6  p5           9.35213e-01   1.06863e-02   1.06863e-04   1.80892e+01
   7  p6           0.00000e+00   5.65685e+00   5.65685e-02  -4.82050e-03
   8  p7           7.40832e-01     fixed    
   9  p8           2.93696e-02     fixed    
  10  p9           0.00000e+00   1.00000e+00   1.00000e-02  -1.37997e-01
  11  p10          0.00000e+00   1.00000e+00   1.00000e-02  -8.17572e-01
  12  p11          0.00000e+00     fixed    
                               ERR DEF= 0.5
351
fit result:37.054 37.054
The local date and time is: Mon Apr 28 02:09:39 2014

Pseudo exp:2
The local date and time is: Mon Apr 28 02:09:39 2014

cout:489
_cout:2793
true_yield:44
Start pseudo exp fit:2
The local date and time is: Mon Apr 28 02:09:43 2014

 FCN=23.3691 FROM HESSE     STATUS=RESET          30 CALLS         549 TOTAL
                     EDM=9.15286e-07    STRATEGY= 1  ERROR MATRIX UNCERTAINTY 100.0 per cent
  EXT PARAMETER                APPROXIMATE        STEP         FIRST   
  NO.   NAME      VALUE            ERROR          SIZE      DERIVATIVE 
   1  p0           9.83082e-01   1.73176e-01   1.73176e-03   3.11794e+00
   2  p1           5.37571e+00   2.87952e-03   2.87952e-05   2.21109e+02
   3  p2           1.17656e-02     fixed    
   4  p3           3.95649e+01   3.18149e-01   3.18149e-03  -2.07231e+00
   5  p4          -3.86418e+00   5.63054e-02   5.63054e-04  -2.88066e+04
   6  p5          -4.05254e-01   9.91764e-03   9.91764e-05   1.94912e+01
   7  p6           0.00000e+00   2.00000e+00   2.00000e-02  -1.36344e-02
   8  p7           7.40832e-01     fixed    
   9  p8           2.93696e-02     fixed    
  10  p9           0.00000e+00   1.00000e+00   1.00000e-02  -1.37997e-01
  11  p10          0.00000e+00   1.00000e+00   1.00000e-02  -8.17572e-01
  12  p11          0.00000e+00     fixed    
                               ERR DEF= 0.5
350
fit result:49.1541 49.1541
The local date and time is: Mon Apr 28 02:09:43 2014

Pseudo exp:3
The local date and time is: Mon Apr 28 02:09:43 2014

cout:489
_cout:2947
true_yield:34
Start pseudo exp fit:3
The local date and time is: Mon Apr 28 02:09:47 2014

 FCN=23.4442 FROM HESSE     STATUS=RESET          30 CALLS         507 TOTAL
                     EDM=8.70928e-09    STRATEGY= 1  ERROR MATRIX UNCERTAINTY 100.0 per cent
  EXT PARAMETER                APPROXIMATE        STEP         FIRST   
  NO.   NAME      VALUE            ERROR          SIZE      DERIVATIVE 
   1  p0           6.64451e-01   1.50430e-01   1.50430e-03   3.58940e+00
   2  p1           5.36533e+00   3.65552e-03   3.65552e-05   1.74171e+02
   3  p2           1.17656e-02     fixed    
   4  p3           1.88782e+02   3.23655e-01   3.23655e-03  -2.03706e+00
   5  p4          -5.78363e+01   5.73961e-02   5.73961e-04  -4.00047e+05
   6  p5           4.46545e+00   1.01308e-02   1.01308e-04   1.90810e+01
   7  p6           0.00000e+00   5.65685e+00   5.65685e-02  -4.82050e-03
   8  p7           7.40832e-01     fixed    
   9  p8           2.93696e-02     fixed    
  10  p9           0.00000e+00   1.00000e+00   1.00000e-02  -1.37997e-01
  11  p10          0.00000e+00   1.00000e+00   1.00000e-02  -8.17572e-01
  12  p11          0.00000e+00     fixed    
                               ERR DEF= 0.5
340
fit result:33.2225 33.2226
The local date and time is: Mon Apr 28 02:09:47 2014

Pseudo exp:4
The local date and time is: Mon Apr 28 02:09:47 2014

cout:489
_cout:2599
true_yield:45
Start pseudo exp fit:4
The local date and time is: Mon Apr 28 02:09:51 2014

 FCN=17.4824 FROM HESSE     STATUS=RESET          30 CALLS         507 TOTAL
                     EDM=1.96014e-08    STRATEGY= 1  ERROR MATRIX UNCERTAINTY 100.0 per cent
  EXT PARAMETER                APPROXIMATE        STEP         FIRST   
  NO.   NAME      VALUE            ERROR          SIZE      DERIVATIVE 
   1  p0           1.01613e+00   1.76582e-01   1.76582e-03   3.05780e+00
   2  p1           5.36371e+00   3.32139e-03   3.32139e-05   1.91692e+02
   3  p2           1.17656e-02     fixed    
   4  p3           3.12277e+02   3.20515e-01   3.20515e-03  -2.05701e+00
   5  p4          -1.02552e+02   5.68581e-02   5.68581e-04  -6.82066e+05
   6  p5           8.49765e+00   1.00427e-02   1.00427e-04   1.92485e+01
   7  p6           0.00000e+00   8.00000e+00   8.00000e-02  -3.40861e-03
   8  p7           7.40832e-01     fixed    
   9  p8           2.93696e-02     fixed    
  10  p9           0.00000e+00   1.00000e+00   1.00000e-02  -1.37997e-01
  11  p10          0.00000e+00   1.00000e+00   1.00000e-02  -8.17572e-01
  12  p11          0.00000e+00     fixed    
                               ERR DEF= 0.5
351
fit result:50.8065 50.8065
The local date and time is: Mon Apr 28 02:09:51 2014

Pseudo exp:5
The local date and time is: Mon Apr 28 02:09:51 2014

cout:489
_cout:2643
true_yield:47
Start pseudo exp fit:5
The local date and time is: Mon Apr 28 02:09:55 2014

 FCN=26.0251 FROM HESSE     STATUS=RESET          30 CALLS         534 TOTAL
                     EDM=5.75847e-06    STRATEGY= 1  ERROR MATRIX UNCERTAINTY 100.0 per cent
  EXT PARAMETER                APPROXIMATE        STEP         FIRST   
  NO.   NAME      VALUE            ERROR          SIZE      DERIVATIVE 
   1  p0           7.42522e-01   1.61913e-01   1.61913e-03   3.33483e+00
   2  p1           5.37088e+00   5.64215e-03   5.64215e-05   1.12844e+02
   3  p2           1.17656e-02     fixed    
   4  p3           3.15367e+01   3.15114e-01   3.15114e-03  -2.09227e+00
   5  p4          -1.92107e-05   1.39763e+01   1.39763e-01** at limit **
   6  p5          -8.31435e-01   9.73324e-03   9.73324e-05   1.98605e+01
   7  p6           0.00000e+00   1.00000e+00   1.00000e-02  -2.72689e-02
   8  p7           7.40832e-01     fixed    
   9  p8           2.93696e-02     fixed    
  10  p9           0.00000e+00   1.00000e+00   1.00000e-02  -1.37997e-01
  11  p10          0.00000e+00   1.00000e+00   1.00000e-02  -8.17572e-01
  12  p11          0.00000e+00     fixed    
                               ERR DEF= 0.5
353
fit result:37.1261 37.1261
The local date and time is: Mon Apr 28 02:09:55 2014

Pseudo exp:6
The local date and time is: Mon Apr 28 02:09:55 2014

cout:489
_cout:2796
true_yield:56
Start pseudo exp fit:6
The local date and time is: Mon Apr 28 02:09:59 2014

 FCN=30.3541 FROM HESSE     STATUS=RESET          30 CALLS         507 TOTAL
                     EDM=4.89796e-07    STRATEGY= 1  ERROR MATRIX UNCERTAINTY 100.0 per cent
  EXT PARAMETER                APPROXIMATE        STEP         FIRST   
  NO.   NAME      VALUE            ERROR          SIZE      DERIVATIVE 
   1  p0           1.24322e+00   1.85313e-01   1.85313e-03   2.91373e+00
   2  p1           5.37180e+00   2.31592e-03   2.31592e-05   2.74917e+02
   3  p2           1.17656e-02     fixed    
   4  p3           1.96709e+02   3.39613e-01   3.39613e-03  -1.94134e+00
   5  p4          -6.33571e+01   6.06679e-02   6.06679e-04  -4.12171e+05
   6  p5           5.20071e+00   1.07850e-02   1.07850e-04   1.79236e+01
   7  p6           0.00000e+00   8.00000e+00   8.00000e-02  -3.40861e-03
   8  p7           7.40832e-01     fixed    
   9  p8           2.93696e-02     fixed    
  10  p9           0.00000e+00   1.00000e+00   1.00000e-02  -1.37997e-01
  11  p10          0.00000e+00   1.00000e+00   1.00000e-02  -8.17572e-01
  12  p11          0.00000e+00     fixed    
                               ERR DEF= 0.5
362
fit result:62.161 62.1611
The local date and time is: Mon Apr 28 02:09:59 2014

Pseudo exp:7
The local date and time is: Mon Apr 28 02:09:59 2014

cout:489
_cout:2618
true_yield:28
Start pseudo exp fit:7
The local date and time is: Mon Apr 28 02:10:03 2014

 FCN=22.0641 FROM HESSE     STATUS=RESET          30 CALLS         507 TOTAL
                     EDM=6.68748e-08    STRATEGY= 1  ERROR MATRIX UNCERTAINTY 100.0 per cent
  EXT PARAMETER                APPROXIMATE        STEP         FIRST   
  NO.   NAME      VALUE            ERROR          SIZE      DERIVATIVE 
   1  p0           4.11197e-01   1.29108e-01   1.29108e-03   4.18216e+00
   2  p1           5.38071e+00   4.11615e-03   4.11615e-05   1.54680e+02
   3  p2           1.17656e-02     fixed    
   4  p3           1.36625e+02   3.14238e-01   3.14238e-03  -2.09810e+00
   5  p4          -3.75856e+01   5.55245e-02   5.55245e-04  -2.74514e+05
   6  p5           2.51761e+00   9.76729e-03   9.76729e-05   1.97912e+01
   7  p6           0.00000e+00   5.65685e+00   5.65685e-02  -4.82050e-03
   8  p7           7.40832e-01     fixed    
   9  p8           2.93696e-02     fixed    
  10  p9           0.00000e+00   1.00000e+00   1.00000e-02  -1.37997e-01
  11  p10          0.00000e+00   1.00000e+00   1.00000e-02  -8.17572e-01
  12  p11          0.00000e+00     fixed    
                               ERR DEF= 0.5
334
fit result:20.5599 20.5599
The local date and time is: Mon Apr 28 02:10:03 2014

Pseudo exp:8
The local date and time is: Mon Apr 28 02:10:03 2014

cout:489
_cout:2552
true_yield:46
Start pseudo exp fit:8
The local date and time is: Mon Apr 28 02:10:07 2014

 FCN=35.604 FROM HESSE     STATUS=RESET          30 CALLS         553 TOTAL
                     EDM=5.61705e-07    STRATEGY= 1  ERROR MATRIX UNCERTAINTY 100.0 per cent
  EXT PARAMETER                APPROXIMATE        STEP         FIRST   
  NO.   NAME      VALUE            ERROR          SIZE      DERIVATIVE 
   1  p0           8.79001e-01   1.63854e-01   1.63854e-03   3.29533e+00
   2  p1           5.37242e+00   2.88013e-03   2.88013e-05   2.21061e+02
   3  p2           1.17656e-02     fixed    
   4  p3           2.15538e+02   3.17665e-01   3.17665e-03  -2.07547e+00
   5  p4          -6.65803e+01   5.62470e-02   5.62470e-04  -4.65575e+05
   6  p5           5.16989e+00   9.91759e-03   9.91759e-05   1.94913e+01
   7  p6           0.00000e+00   8.00000e+00   8.00000e-02  -3.40861e-03
   8  p7           7.40832e-01     fixed    
   9  p8           2.93696e-02     fixed    
  10  p9           0.00000e+00   1.00000e+00   1.00000e-02  -1.37997e-01
  11  p10          0.00000e+00   1.00000e+00   1.00000e-02  -8.17572e-01
  12  p11          0.00000e+00     fixed    
                               ERR DEF= 0.5
352
fit result:43.95 43.9501
The local date and time is: Mon Apr 28 02:10:07 2014

Pseudo exp:9
The local date and time is: Mon Apr 28 02:10:07 2014

cout:489
_cout:2728
true_yield:44
Start pseudo exp fit:9
The local date and time is: Mon Apr 28 02:10:11 2014

 FCN=19.2369 FROM HESSE     STATUS=RESET          30 CALLS         586 TOTAL
                     EDM=5.19495e-07    STRATEGY= 1  ERROR MATRIX UNCERTAINTY 100.0 per cent
  EXT PARAMETER                APPROXIMATE        STEP         FIRST   
  NO.   NAME      VALUE            ERROR          SIZE      DERIVATIVE 
   1  p0           8.65207e-01   1.66011e-01   1.66011e-03   3.25250e+00
   2  p1           5.37408e+00   3.20567e-03   3.20567e-05   1.98613e+02
   3  p2           1.17656e-02     fixed    
   4  p3           2.74556e+01   3.27781e-01   3.27781e-03  -2.01142e+00
   5  p4          -4.29174e-05   7.33435e+00   7.33435e-02** at limit **
   6  p5          -7.02901e-01   1.02698e-02   1.02698e-04   1.88227e+01
   7  p6           0.00000e+00   5.65685e+00   5.65685e-02  -4.82050e-03
   8  p7           7.40832e-01     fixed    
   9  p8           2.93696e-02     fixed    
  10  p9           0.00000e+00   1.00000e+00   1.00000e-02  -1.37997e-01
  11  p10          0.00000e+00   1.00000e+00   1.00000e-02  -8.17572e-01
  12  p11          0.00000e+00     fixed    
                               ERR DEF= 0.5
350
fit result:43.2604 43.2604
The local date and time is: Mon Apr 28 02:10:11 2014

Pseudo exp:10
The local date and time is: Mon Apr 28 02:10:11 2014

cout:489
_cout:2769
true_yield:44
Start pseudo exp fit:10
The local date and time is: Mon Apr 28 02:10:15 2014

 FCN=18.8282 FROM HESSE     STATUS=RESET          30 CALLS         507 TOTAL
                     EDM=3.40447e-07    STRATEGY= 1  ERROR MATRIX UNCERTAINTY 100.0 per cent
  EXT PARAMETER                APPROXIMATE        STEP         FIRST   
  NO.   NAME      VALUE            ERROR          SIZE      DERIVATIVE 
   1  p0           9.88168e-01   1.74067e-01   1.74067e-03   3.10198e+00
   2  p1           5.37365e+00   3.33579e-03   3.33579e-05   1.90865e+02
   3  p2           1.17656e-02     fixed    
   4  p3           5.92460e+01   3.30114e-01   3.30114e-03  -1.99720e+00
   5  p4          -1.21971e+01   5.86962e-02   5.86962e-04  -8.64930e+04
   6  p5           4.56567e-01   1.03858e-02   1.03858e-04   1.86127e+01
   7  p6           0.00000e+00   2.00000e+00   2.00000e-02  -1.36344e-02
   8  p7           7.40832e-01     fixed    
   9  p8           2.93696e-02     fixed    
  10  p9           0.00000e+00   1.00000e+00   1.00000e-02  -1.37997e-01
  11  p10          0.00000e+00   1.00000e+00   1.00000e-02  -8.17572e-01
  12  p11          0.00000e+00     fixed    
                               ERR DEF= 0.5
350
fit result:49.4084 49.4084
The local date and time is: Mon Apr 28 02:10:15 2014

Pseudo exp:11
The local date and time is: Mon Apr 28 02:10:15 2014

cout:489
_cout:2655
true_yield:45
Start pseudo exp fit:11
The local date and time is: Mon Apr 28 02:10:19 2014

 FCN=18.0963 FROM HESSE     STATUS=RESET          30 CALLS         507 TOTAL
                     EDM=1.32577e-07    STRATEGY= 1  ERROR MATRIX UNCERTAINTY 100.0 per cent
  EXT PARAMETER                APPROXIMATE        STEP         FIRST   
  NO.   NAME      VALUE            ERROR          SIZE      DERIVATIVE 
   1  p0           8.83739e-01   1.69777e-01   1.69777e-03   3.18036e+00
   2  p1           5.37285e+00   4.30524e-03   4.30524e-05   1.47886e+02
   3  p2           1.17656e-02     fixed    
   4  p3           1.86826e+02   3.36385e-01   3.36385e-03  -1.95997e+00
   5  p4          -5.84803e+01   5.99156e-02   5.99156e-04  -3.87227e+05
   6  p5           4.64689e+00   1.06219e-02   1.06219e-04   1.81988e+01
   7  p6           0.00000e+00   8.00000e+00   8.00000e-02  -3.40861e-03
   8  p7           7.40832e-01     fixed    
   9  p8           2.93696e-02     fixed    
  10  p9           0.00000e+00   1.00000e+00   1.00000e-02  -1.37997e-01
  11  p10          0.00000e+00   1.00000e+00   1.00000e-02  -8.17572e-01
  12  p11          0.00000e+00     fixed    
                               ERR DEF= 0.5
351
fit result:44.187 44.187
The local date and time is: Mon Apr 28 02:10:19 2014

Pseudo exp:12
The local date and time is: Mon Apr 28 02:10:19 2014

cout:489
_cout:2644
true_yield:32
Start pseudo exp fit:12
The local date and time is: Mon Apr 28 02:10:23 2014

 FCN=15.6128 FROM HESSE     STATUS=RESET          30 CALLS         507 TOTAL
                     EDM=2.25955e-09    STRATEGY= 1  ERROR MATRIX UNCERTAINTY 100.0 per cent
  EXT PARAMETER                APPROXIMATE        STEP         FIRST   
  NO.   NAME      VALUE            ERROR          SIZE      DERIVATIVE 
   1  p0           5.00626e-01   1.37144e-01   1.37144e-03   3.93711e+00
   2  p1           5.37362e+00   4.43937e-03   4.43937e-05   1.43418e+02
   3  p2           1.17656e-02     fixed    
   4  p3           1.61433e+02   3.42641e-01   3.42641e-03  -1.92418e+00
   5  p4          -4.99804e+01   6.11916e-02   6.11916e-04  -3.26969e+05
   6  p5           3.94677e+00   1.08749e-02   1.08749e-04   1.77754e+01
   7  p6           0.00000e+00   8.00000e+00   8.00000e-02  -3.40861e-03
   8  p7           7.40832e-01     fixed    
   9  p8           2.93696e-02     fixed    
  10  p9           0.00000e+00   1.00000e+00   1.00000e-02  -1.37997e-01
  11  p10          0.00000e+00   1.00000e+00   1.00000e-02  -8.17572e-01
  12  p11          0.00000e+00     fixed    
                               ERR DEF= 0.5
338
fit result:25.0313 25.0313
The local date and time is: Mon Apr 28 02:10:23 2014

Pseudo exp:13
The local date and time is: Mon Apr 28 02:10:23 2014

cout:489
_cout:2678
true_yield:55
Start pseudo exp fit:13
The local date and time is: Mon Apr 28 02:10:27 2014

 FCN=21.9163 FROM HESSE     STATUS=RESET          30 CALLS         569 TOTAL
                     EDM=1.37056e-07    STRATEGY= 1  ERROR MATRIX UNCERTAINTY 100.0 per cent
  EXT PARAMETER                APPROXIMATE        STEP         FIRST   
  NO.   NAME      VALUE            ERROR          SIZE      DERIVATIVE 
   1  p0           1.18978e+00   1.85884e-01   1.85884e-03   2.90478e+00
   2  p1           5.37134e+00   2.61351e-03   2.61351e-05   2.43614e+02
   3  p2           1.17656e-02     fixed    
   4  p3           4.05754e+01   3.08450e-01   3.08450e-03  -2.13748e+00
   5  p4          -3.40056e+00   5.43870e-02   5.43870e-04  -2.62568e+04
   6  p5          -5.22318e-01   9.54578e-03   9.54578e-05   2.02505e+01
   7  p6           0.00000e+00   1.41421e+00   1.41421e-02  -1.92820e-02
   8  p7           7.40832e-01     fixed    
   9  p8           2.93696e-02     fixed    
  10  p9           0.00000e+00   1.00000e+00   1.00000e-02  -1.37997e-01
  11  p10          0.00000e+00   1.00000e+00   1.00000e-02  -8.17572e-01
  12  p11          0.00000e+00     fixed    
                               ERR DEF= 0.5
361
fit result:59.4891 59.4892
The local date and time is: Mon Apr 28 02:10:27 2014

Pseudo exp:14
The local date and time is: Mon Apr 28 02:10:27 2014

cout:489
_cout:2652
true_yield:42
Start pseudo exp fit:14
The local date and time is: Mon Apr 28 02:10:31 2014

 FCN=27.7504 FROM HESSE     STATUS=RESET          30 CALLS         507 TOTAL
                     EDM=7.07733e-07    STRATEGY= 1  ERROR MATRIX UNCERTAINTY 100.0 per cent
  EXT PARAMETER                APPROXIMATE        STEP         FIRST   
  NO.   NAME      VALUE            ERROR          SIZE      DERIVATIVE 
   1  p0           1.05505e+00   1.71514e-01   1.71514e-03   3.14816e+00
   2  p1           5.36926e+00   2.52908e-03   2.52908e-05   2.51746e+02
   3  p2           1.17656e-02     fixed    
   4  p3           4.60269e+02   3.28279e-01   3.28279e-03  -2.00837e+00
   5  p4          -1.58054e+02   5.85720e-02   5.85720e-04  -9.57339e+05
   6  p5           1.36783e+01   1.04037e-02   1.04037e-04   1.85806e+01
   7  p6           0.00000e+00   8.00000e+00   8.00000e-02  -3.40861e-03
   8  p7           7.40832e-01     fixed    
   9  p8           2.93696e-02     fixed    
  10  p9           0.00000e+00   1.00000e+00   1.00000e-02  -1.37997e-01
  11  p10          0.00000e+00   1.00000e+00   1.00000e-02  -8.17572e-01
  12  p11          0.00000e+00     fixed    
                               ERR DEF= 0.5
348
fit result:52.7525 52.7525
The local date and time is: Mon Apr 28 02:10:31 2014

Pseudo exp:15
The local date and time is: Mon Apr 28 02:10:31 2014

cout:489
_cout:2678
true_yield:34
Start pseudo exp fit:15
The local date and time is: Mon Apr 28 02:10:35 2014

 FCN=27.4709 FROM HESSE     STATUS=RESET          30 CALLS         525 TOTAL
                     EDM=8.23894e-07    STRATEGY= 1  ERROR MATRIX UNCERTAINTY 100.0 per cent
  EXT PARAMETER                APPROXIMATE        STEP         FIRST   
  NO.   NAME      VALUE            ERROR          SIZE      DERIVATIVE 
   1  p0           5.16050e-01   1.43200e-01   1.43200e-03   3.77062e+00
   2  p1           5.37571e+00   5.33387e-03   5.33387e-05   1.19366e+02
   3  p2           1.17656e-02     fixed    
   4  p3           3.09435e+01   3.23633e-01   3.23633e-03  -2.03720e+00
   5  p4          -6.89367e-04   1.14210e+00   1.14210e-02  -1.05303e+02
   6  p5          -8.12823e-01   1.01182e-02   1.01182e-04   1.91048e+01
   7  p6           0.00000e+00   2.00000e+00   2.00000e-02  -1.36344e-02
   8  p7           7.40832e-01     fixed    
   9  p8           2.93696e-02     fixed    
  10  p9           0.00000e+00   1.00000e+00   1.00000e-02  -1.37997e-01
  11  p10          0.00000e+00   1.00000e+00   1.00000e-02  -8.17572e-01
  12  p11          0.00000e+00     fixed    
                               ERR DEF= 0.5
340
fit result:25.8025 25.8025
The local date and time is: Mon Apr 28 02:10:35 2014

Pseudo exp:16
The local date and time is: Mon Apr 28 02:10:35 2014

cout:489
_cout:2579
true_yield:40
Start pseudo exp fit:16
The local date and time is: Mon Apr 28 02:10:38 2014

 FCN=23.0577 FROM HESSE     STATUS=RESET          30 CALLS         507 TOTAL
                     EDM=2.23392e-08    STRATEGY= 1  ERROR MATRIX UNCERTAINTY 100.0 per cent
  EXT PARAMETER                APPROXIMATE        STEP         FIRST   
  NO.   NAME      VALUE            ERROR          SIZE      DERIVATIVE 
   1  p0           9.22573e-01   1.70735e-01   1.70735e-03   3.16252e+00
   2  p1           5.36681e+00   3.87114e-03   3.87114e-05   1.64470e+02
   3  p2           1.17656e-02     fixed    
   4  p3           2.77642e+02   3.10457e-01   3.10457e-03  -2.12366e+00
   5  p4          -8.90453e+01   5.48658e-02   5.48658e-04  -6.22977e+05
   6  p5           7.19022e+00   9.65348e-03   9.65348e-05   2.00246e+01
   7  p6           0.00000e+00   8.00000e+00   8.00000e-02  -3.40861e-03
   8  p7           7.40832e-01     fixed    
   9  p8           2.93696e-02     fixed    
  10  p9           0.00000e+00   1.00000e+00   1.00000e-02  -1.37997e-01
  11  p10          0.00000e+00   1.00000e+00   1.00000e-02  -8.17572e-01
  12  p11          0.00000e+00     fixed    
                               ERR DEF= 0.5
346
fit result:46.1287 46.1287
The local date and time is: Mon Apr 28 02:10:39 2014

Pseudo exp:17
The local date and time is: Mon Apr 28 02:10:39 2014

cout:489
_cout:2718
true_yield:48
Start pseudo exp fit:17
The local date and time is: Mon Apr 28 02:10:42 2014

 FCN=22.3413 FROM HESSE     STATUS=RESET          30 CALLS         546 TOTAL
                     EDM=3.25418e-08    STRATEGY= 1  ERROR MATRIX UNCERTAINTY 100.0 per cent
  EXT PARAMETER                APPROXIMATE        STEP         FIRST   
  NO.   NAME      VALUE            ERROR          SIZE      DERIVATIVE 
   1  p0           9.13943e-01   1.68734e-01   1.68734e-03   3.20002e+00
   2  p1           5.36774e+00   3.55437e-03   3.55437e-05   1.79127e+02
   3  p2           1.17656e-02     fixed    
   4  p3           7.86597e+01   3.41041e-01   3.41041e-03  -1.93321e+00
   5  p4          -2.00428e+01   6.08205e-02   6.08205e-04  -1.36076e+05
   6  p5           1.24414e+00   1.07915e-02   1.07915e-04   1.79129e+01
   7  p6           0.00000e+00   2.00000e+00   2.00000e-02  -1.36344e-02
   8  p7           7.40832e-01     fixed    
   9  p8           2.93696e-02     fixed    
  10  p9           0.00000e+00   1.00000e+00   1.00000e-02  -1.37997e-01
  11  p10          0.00000e+00   1.00000e+00   1.00000e-02  -8.17572e-01
  12  p11          0.00000e+00     fixed    
                               ERR DEF= 0.5
354
fit result:45.6971 45.6972
The local date and time is: Mon Apr 28 02:10:43 2014

Pseudo exp:18
The local date and time is: Mon Apr 28 02:10:43 2014

cout:489
_cout:2594
true_yield:56
Start pseudo exp fit:18
The local date and time is: Mon Apr 28 02:10:46 2014

 FCN=11.5234 FROM HESSE     STATUS=RESET          30 CALLS         506 TOTAL
                     EDM=2.53747e-08    STRATEGY= 1  ERROR MATRIX UNCERTAINTY 100.0 per cent
  EXT PARAMETER                APPROXIMATE        STEP         FIRST   
  NO.   NAME      VALUE            ERROR          SIZE      DERIVATIVE 
   1  p0           9.89002e-01   1.74702e-01   1.74702e-03   3.09071e+00
   2  p1           5.36313e+00   2.75147e-03   2.75147e-05   2.31399e+02
   3  p2           1.17656e-02     fixed    
   4  p3           4.02248e+01   3.14234e-01   3.14234e-03  -2.09813e+00
   5  p4          -3.04733e+00   5.54053e-02   5.54053e-04  -2.31052e+04
   6  p5          -5.67448e-01   9.72283e-03   9.72283e-05   1.98817e+01
   7  p6           0.00000e+00   2.40000e+00   2.40000e-02  -1.13620e-02
   8  p7           7.40832e-01     fixed    
   9  p8           2.93696e-02     fixed    
  10  p9           0.00000e+00   1.00000e+00   1.00000e-02  -1.37997e-01
  11  p10          0.00000e+00   1.00000e+00   1.00000e-02  -8.17572e-01
  12  p11          0.00000e+00     fixed    
                               ERR DEF= 0.5
362
fit result:49.4501 49.4501
The local date and time is: Mon Apr 28 02:10:46 2014

Pseudo exp:19
The local date and time is: Mon Apr 28 02:10:46 2014

cout:489
_cout:2563
true_yield:45
Start pseudo exp fit:19
The local date and time is: Mon Apr 28 02:10:50 2014

 FCN=20.221 FROM SIMPLEX   STATUS=RESET         111 CALLS        2651 TOTAL
                     EDM=9.72605e-07    STRATEGY= 1  ERROR MATRIX UNCERTAINTY  50.0 per cent
  EXT PARAMETER                APPROXIMATE        STEP         FIRST   
  NO.   NAME      VALUE            ERROR          SIZE      DERIVATIVE 
   1  p0           7.69761e-01   1.64590e-01   1.64590e-03  -7.00785e+02
   2  p1           5.36259e+00   4.08608e-03   4.08608e-05  -2.44234e+04
   3  p2           1.17656e-02     fixed    
   4  p3           2.80456e+01   3.29758e+00   3.29758e-02  -1.52546e+03
   5  p4          -5.16017e-04   2.00831e+01   2.00831e-01  -8.21769e+03
   6  p5          -7.18417e-01   1.08587e-01   1.08587e-03  -4.92837e+04
   7  p6           0.00000e+00   1.00000e+00   1.00000e-02  -3.88041e-01
   8  p7           7.40832e-01     fixed    
   9  p8           2.93696e-02     fixed    
  10  p9           0.00000e+00   1.00000e+00   1.00000e-02   4.37641e-02
  11  p10          0.00000e+00   1.00000e+00   1.00000e-02  -8.04615e-01
  12  p11          0.00000e+00     fixed    
                               ERR DEF= 0.5
351
fit result:38.488 38.4881
The local date and time is: Mon Apr 28 02:10:51 2014

