000 (263741.000.000) 04/26 03:18:09 Job submitted from host: <18.12.1.74:45694>
...
009 (263741.000.000) 04/26 03:18:32 Job was aborted by the user.
	via condor_rm (by user tawei)
...
000 (263791.000.000) 04/26 03:19:14 Job submitted from host: <18.12.1.74:45694>
...
001 (263791.000.000) 04/26 03:20:36 Job executing on host: <18.12.8.250:42847>
...
006 (263791.000.000) 04/26 03:20:45 Image size of job updated: 48756
	8  -  MemoryUsage of job (MB)
	7264  -  ResidentSetSize of job (KB)
...
006 (263791.000.000) 04/26 03:25:18 Image size of job updated: 315380
	8  -  MemoryUsage of job (MB)
	7264  -  ResidentSetSize of job (KB)
...
005 (263791.000.000) 04/26 03:25:18 Job terminated.
	(1) Normal termination (return value 0)
		Usr 0 00:03:32, Sys 0 00:00:05  -  Run Remote Usage
		Usr 0 00:00:00, Sys 0 00:00:00  -  Run Local Usage
		Usr 0 00:03:32, Sys 0 00:00:05  -  Total Remote Usage
		Usr 0 00:00:00, Sys 0 00:00:00  -  Total Local Usage
	33463  -  Run Bytes Sent By Job
	32579  -  Run Bytes Received By Job
	33463  -  Total Bytes Sent By Job
	32579  -  Total Bytes Received By Job
	Partitionable Resources :    Usage  Request          
	   Cpus                 :                 1          
	   Disk (KB)            :       87       87          
	   Memory (MB)          :        8        8          
...
000 (263893.000.000) 04/26 04:01:36 Job submitted from host: <18.12.1.74:45694>
...
001 (263893.000.000) 04/26 04:02:40 Job executing on host: <18.12.8.159:47446>
...
006 (263893.000.000) 04/26 04:02:48 Image size of job updated: 1
	2  -  MemoryUsage of job (MB)
	1700  -  ResidentSetSize of job (KB)
...
006 (263893.000.000) 04/26 04:06:51 Image size of job updated: 316156
	2  -  MemoryUsage of job (MB)
	1700  -  ResidentSetSize of job (KB)
...
005 (263893.000.000) 04/26 04:06:51 Job terminated.
	(1) Normal termination (return value 0)
		Usr 0 00:03:25, Sys 0 00:00:05  -  Run Remote Usage
		Usr 0 00:00:00, Sys 0 00:00:00  -  Run Local Usage
		Usr 0 00:03:25, Sys 0 00:00:05  -  Total Remote Usage
		Usr 0 00:00:00, Sys 0 00:00:00  -  Total Local Usage
	32787  -  Run Bytes Sent By Job
	32607  -  Run Bytes Received By Job
	32787  -  Total Bytes Sent By Job
	32607  -  Total Bytes Received By Job
	Partitionable Resources :    Usage  Request          
	   Cpus                 :                 1          
	   Disk (KB)            :       86       86          
	   Memory (MB)          :        2        2          
...
000 (265250.000.000) 04/27 23:58:42 Job submitted from host: <18.12.1.74:45694>
...
009 (265250.000.000) 04/27 23:59:18 Job was aborted by the user.
	via condor_rm (by user tawei)
...
000 (265300.000.000) 04/27 23:59:30 Job submitted from host: <18.12.1.74:45694>
...
001 (265300.000.000) 04/27 23:59:38 Job executing on host: <18.12.8.198:47373>
...
006 (265300.000.000) 04/27 23:59:43 Image size of job updated: 1
	0  -  MemoryUsage of job (MB)
	0  -  ResidentSetSize of job (KB)
...
005 (265300.000.000) 04/27 23:59:43 Job terminated.
	(1) Normal termination (return value 1)
		Usr 0 00:00:00, Sys 0 00:00:00  -  Run Remote Usage
		Usr 0 00:00:00, Sys 0 00:00:00  -  Run Local Usage
		Usr 0 00:00:00, Sys 0 00:00:00  -  Total Remote Usage
		Usr 0 00:00:00, Sys 0 00:00:00  -  Total Local Usage
	1146  -  Run Bytes Sent By Job
	32875  -  Run Bytes Received By Job
	1146  -  Total Bytes Sent By Job
	32875  -  Total Bytes Received By Job
	Partitionable Resources :    Usage  Request          
	   Cpus                 :                 1          
	   Disk (KB)            :       56       56          
	   Memory (MB)          :        0        0          
...
000 (265558.000.000) 04/28 02:01:15 Job submitted from host: <18.12.1.74:45694>
...
001 (265558.000.000) 04/28 02:02:08 Job executing on host: <18.12.12.14:40292>
...
006 (265558.000.000) 04/28 02:02:16 Image size of job updated: 200624
	32  -  MemoryUsage of job (MB)
	32448  -  ResidentSetSize of job (KB)
...
006 (265558.000.000) 04/28 02:07:16 Image size of job updated: 288572
	151  -  MemoryUsage of job (MB)
	153700  -  ResidentSetSize of job (KB)
...
006 (265558.000.000) 04/28 02:17:17 Image size of job updated: 309680
	161  -  MemoryUsage of job (MB)
	164540  -  ResidentSetSize of job (KB)
...
006 (265558.000.000) 04/28 02:18:09 Image size of job updated: 315788
	161  -  MemoryUsage of job (MB)
	164540  -  ResidentSetSize of job (KB)
...
005 (265558.000.000) 04/28 02:18:09 Job terminated.
	(1) Normal termination (return value 0)
		Usr 0 00:02:44, Sys 0 00:00:03  -  Run Remote Usage
		Usr 0 00:00:00, Sys 0 00:00:00  -  Run Local Usage
		Usr 0 00:02:44, Sys 0 00:00:03  -  Total Remote Usage
		Usr 0 00:00:00, Sys 0 00:00:00  -  Total Local Usage
	32838  -  Run Bytes Sent By Job
	32889  -  Run Bytes Received By Job
	32838  -  Total Bytes Sent By Job
	32889  -  Total Bytes Received By Job
	Partitionable Resources :    Usage  Request          
	   Cpus                 :                 1          
	   Disk (KB)            :      246      246          
	   Memory (MB)          :      161      161          
...
