/export/data1/condor/execute/dir_24287
gcc (GCC) 4.6.2
Copyright (C) 2011 Free Software Foundation, Inc.
This is free software; see the source for copying conditions.  There is NO
warranty; not even for MERCHANTABILITY or FITNESS FOR A PARTICULAR PURPOSE.

5.32/00
Linux version 2.6.32-358.el6.x86_64 (mockbuild@sl6.fnal.gov) (gcc version 4.4.7 20120313 (Red Hat 4.4.7-3) (GCC) ) #1 SMP Fri Feb 22 20:37:17 CST 2013

Processing fitBs.C(43)...
The local date and time is: Mon Apr 28 02:03:52 2014

 FCN=51.09 FROM HESSE     STATUS=RESET          35 CALLS         818 TOTAL
                     EDM=1.74677e-07    STRATEGY= 1  ERROR MATRIX UNCERTAINTY 100.0 per cent
  EXT PARAMETER                APPROXIMATE        STEP         FIRST   
  NO.   NAME      VALUE            ERROR          SIZE      DERIVATIVE 
   1  p0           1.46834e+02   1.71547e+00   1.71547e-02   3.14754e-01
   2  p1           5.36991e+00   1.80509e-04   1.80509e-06   3.52717e+03
   3  p2           1.17656e-02   1.36451e-04   1.36451e-06  -3.26142e-01
   4  p3           1.28682e+01   1.57196e-01   1.57196e-03  -2.68056e+00
   5  p4          -2.04693e-02   2.71701e-02   2.71701e-04   1.45628e+02
   6  p5          -3.51569e-01   4.68012e-03   4.68012e-05  -5.82654e+00
   7  p6           0.00000e+00   2.82843e+00   2.82843e-02  -4.87893e-02
   8  p7           7.40832e-01   1.00098e-02   1.00098e-04  -1.55201e+01
   9  p8           2.93696e-02   6.11333e-04   6.11333e-06   5.60321e-01
  10  p9           0.00000e+00   1.00000e+00   1.00000e-02   2.81800e-02
  11  p10          0.00000e+00   1.00000e+00   1.00000e-02   4.32797e-01
  12  p11          0.00000e+00     fixed    
                               ERR DEF= 0.5
 FCN=19.702 FROM HESSE     STATUS=RESET          30 CALLS         507 TOTAL
                     EDM=3.56714e-09    STRATEGY= 1  ERROR MATRIX UNCERTAINTY 100.0 per cent
  EXT PARAMETER                APPROXIMATE        STEP         FIRST   
  NO.   NAME      VALUE            ERROR          SIZE      DERIVATIVE 
   1  p0           8.80688e-01   1.62070e-01   1.62070e-03   3.33161e+00
   2  p1           5.37091e+00   2.64329e-03   2.64329e-05   2.40869e+02
   3  p2           1.17656e-02     fixed    
   4  p3           1.07018e+02   3.23872e-01   3.23872e-03  -2.03570e+00
   5  p4          -2.82726e+01   5.74207e-02   5.74207e-04  -2.01608e+05
   6  p5           1.80062e+00   1.01328e-02   1.01328e-04   1.90773e+01
   7  p6           0.00000e+00   5.65685e+00   5.65685e-02  -4.82050e-03
   8  p7           7.40832e-01     fixed    
   9  p8           2.93696e-02     fixed    
  10  p9           0.00000e+00   1.00000e+00   1.00000e-02  -1.37997e-01
  11  p10          0.00000e+00   1.00000e+00   1.00000e-02  -8.17572e-01
  12  p11          0.00000e+00     fixed    
                               ERR DEF= 0.5
351
fit result:44.0344 44.0344
The local date and time is: Mon Apr 28 02:15:45 2014

Got Nsig:530/44.0344
Got extracted:44.0344
Pseudo exp:0
The local date and time is: Mon Apr 28 02:15:45 2014

cout:530
_cout:2857
true_yield:49
Start pseudo exp fit:0
The local date and time is: Mon Apr 28 02:15:48 2014

 FCN=36.7708 FROM HESSE     STATUS=RESET          30 CALLS         507 TOTAL
                     EDM=4.08473e-08    STRATEGY= 1  ERROR MATRIX UNCERTAINTY 100.0 per cent
  EXT PARAMETER                APPROXIMATE        STEP         FIRST   
  NO.   NAME      VALUE            ERROR          SIZE      DERIVATIVE 
   1  p0           9.68573e-01   1.73290e-01   1.73290e-03   3.11589e+00
   2  p1           5.36676e+00   3.23120e-03   3.23120e-05   1.97043e+02
   3  p2           1.17656e-02     fixed    
   4  p3           2.47335e+02   3.08175e-01   3.08175e-03  -2.13939e+00
   5  p4          -7.74851e+01   5.43098e-02   5.43098e-04  -5.54600e+05
   6  p5           6.09773e+00   9.52715e-03   9.52715e-05   2.02901e+01
   7  p6           0.00000e+00   6.19764e+01   6.19764e-01  -4.39988e-04
   8  p7           7.40832e-01     fixed    
   9  p8           2.93696e-02     fixed    
  10  p9           0.00000e+00   1.00000e+00   1.00000e-02  -1.37997e-01
  11  p10          0.00000e+00   1.00000e+00   1.00000e-02  -8.17572e-01
  12  p11          0.00000e+00     fixed    
                               ERR DEF= 0.5
355
fit result:48.4287 48.4287
The local date and time is: Mon Apr 28 02:15:49 2014

Pseudo exp:1
The local date and time is: Mon Apr 28 02:15:49 2014

cout:530
_cout:3026
true_yield:49
Start pseudo exp fit:1
The local date and time is: Mon Apr 28 02:15:52 2014

 FCN=21.1433 FROM HESSE     STATUS=RESET          30 CALLS         507 TOTAL
                     EDM=3.63737e-07    STRATEGY= 1  ERROR MATRIX UNCERTAINTY 100.0 per cent
  EXT PARAMETER                APPROXIMATE        STEP         FIRST   
  NO.   NAME      VALUE            ERROR          SIZE      DERIVATIVE 
   1  p0           9.59958e-01   1.69994e-01   1.69994e-03   3.17630e+00
   2  p1           5.36859e+00   2.94074e-03   2.94074e-05   2.16506e+02
   3  p2           1.17656e-02     fixed    
   4  p3           1.35138e+02   3.37754e-01   3.37754e-03  -1.95203e+00
   5  p4          -4.00320e+01   6.01924e-02   6.01924e-04  -2.69023e+05
   6  p5           3.00599e+00   1.06753e-02   1.06753e-04   1.81079e+01
   7  p6           0.00000e+00   5.65685e+00   5.65685e-02  -4.82050e-03
   8  p7           7.40832e-01     fixed    
   9  p8           2.93696e-02     fixed    
  10  p9           0.00000e+00   1.00000e+00   1.00000e-02  -1.37997e-01
  11  p10          0.00000e+00   1.00000e+00   1.00000e-02  -8.17572e-01
  12  p11          0.00000e+00     fixed    
                               ERR DEF= 0.5
355
fit result:47.9979 47.9979
The local date and time is: Mon Apr 28 02:15:52 2014

Pseudo exp:2
The local date and time is: Mon Apr 28 02:15:52 2014

cout:530
_cout:2955
true_yield:51
Start pseudo exp fit:2
The local date and time is: Mon Apr 28 02:15:56 2014

 FCN=23.95 FROM MIGRAD    STATUS=CALL LIMIT   2921 CALLS        2922 TOTAL
                     EDM=9.61817e-06    STRATEGY= 1  ERROR MATRIX UNCERTAINTY   6.7 per cent
  EXT PARAMETER                APPROXIMATE        STEP         FIRST   
  NO.   NAME      VALUE            ERROR          SIZE      DERIVATIVE 
   1  p0           1.14258e+00   1.83595e-01  -5.34258e-08  -1.95034e-03
   2  p1           5.37070e+00   2.40738e-03   3.60711e-07   8.49881e-01
   3  p2           1.17656e-02     fixed    
   4  p3           2.86664e+01   3.39257e+00   3.83864e-04  -8.39616e-05
   5  p4          -9.26027e-03   4.45612e+00   1.28319e-05  -2.04551e-02
   6  p5          -7.45710e-01   1.08924e-01   1.21712e-05  -4.08029e-03
   7  p6           0.00000e+00   1.00000e+00  -0.00000e+00   0.00000e+00
   8  p7           7.40832e-01     fixed    
   9  p8           2.93696e-02     fixed    
  10  p9           0.00000e+00   1.00000e+00  -0.00000e+00   0.00000e+00
  11  p10          0.00000e+00   1.00000e+00  -0.00000e+00   0.00000e+00
  12  p11          0.00000e+00     fixed    
                               ERR DEF= 0.5
357
fit result:57.1289 57.1289
The local date and time is: Mon Apr 28 02:15:56 2014

Pseudo exp:3
The local date and time is: Mon Apr 28 02:15:56 2014

cout:530
_cout:2846
true_yield:43
Start pseudo exp fit:3
The local date and time is: Mon Apr 28 02:15:59 2014

 FCN=26.1619 FROM HESSE     STATUS=RESET          30 CALLS         507 TOTAL
                     EDM=1.48595e-08    STRATEGY= 1  ERROR MATRIX UNCERTAINTY 100.0 per cent
  EXT PARAMETER                APPROXIMATE        STEP         FIRST   
  NO.   NAME      VALUE            ERROR          SIZE      DERIVATIVE 
   1  p0           7.09338e-01   1.55304e-01   1.55304e-03   3.47673e+00
   2  p1           5.36766e+00   3.78114e-03   3.78114e-05   1.68385e+02
   3  p2           1.17656e-02     fixed    
   4  p3           1.80149e+02   3.26326e-01   3.26326e-03  -2.02039e+00
   5  p4          -5.43653e+01   5.78390e-02   5.78390e-04  -3.74534e+05
   6  p5           4.12523e+00   1.02035e-02   1.02035e-04   1.89451e+01
   7  p6           0.00000e+00   1.10108e+02   1.10108e+00  -2.47656e-04
   8  p7           7.40832e-01     fixed    
   9  p8           2.93696e-02     fixed    
  10  p9           0.00000e+00   1.00000e+00   1.00000e-02  -1.37997e-01
  11  p10          0.00000e+00   1.00000e+00   1.00000e-02  -8.17572e-01
  12  p11          0.00000e+00     fixed    
                               ERR DEF= 0.5
349
fit result:35.4669 35.4669
The local date and time is: Mon Apr 28 02:15:59 2014

Pseudo exp:4
The local date and time is: Mon Apr 28 02:15:59 2014

cout:530
_cout:2899
true_yield:45
Start pseudo exp fit:4
The local date and time is: Mon Apr 28 02:16:03 2014

 FCN=17.0825 FROM HESSE     STATUS=RESET          30 CALLS         507 TOTAL
                     EDM=1.89815e-10    STRATEGY= 1  ERROR MATRIX UNCERTAINTY 100.0 per cent
  EXT PARAMETER                APPROXIMATE        STEP         FIRST   
  NO.   NAME      VALUE            ERROR          SIZE      DERIVATIVE 
   1  p0           9.89808e-01   1.75135e-01   1.75135e-03   3.08306e+00
   2  p1           5.36855e+00   3.69046e-03   3.69046e-05   1.72522e+02
   3  p2           1.17656e-02     fixed    
   4  p3           3.15873e+02   3.20706e-01   3.20706e-03  -2.05579e+00
   5  p4          -1.03758e+02   5.68835e-02   5.68835e-04  -6.88851e+05
   6  p5           8.59855e+00   1.00457e-02   1.00457e-04   1.92427e+01
   7  p6           0.00000e+00   5.65685e+00   5.65685e-02  -4.82050e-03
   8  p7           7.40832e-01     fixed    
   9  p8           2.93696e-02     fixed    
  10  p9           0.00000e+00   1.00000e+00   1.00000e-02  -1.37997e-01
  11  p10          0.00000e+00   1.00000e+00   1.00000e-02  -8.17572e-01
  12  p11          0.00000e+00     fixed    
                               ERR DEF= 0.5
351
fit result:49.4904 49.4904
The local date and time is: Mon Apr 28 02:16:03 2014

Pseudo exp:5
The local date and time is: Mon Apr 28 02:16:03 2014

cout:530
_cout:2992
true_yield:49
Start pseudo exp fit:5
The local date and time is: Mon Apr 28 02:16:06 2014

 FCN=24.9597 FROM HESSE     STATUS=RESET          30 CALLS         516 TOTAL
                     EDM=1.27844e-08    STRATEGY= 1  ERROR MATRIX UNCERTAINTY 100.0 per cent
  EXT PARAMETER                APPROXIMATE        STEP         FIRST   
  NO.   NAME      VALUE            ERROR          SIZE      DERIVATIVE 
   1  p0           7.97506e-01   1.63133e-01   1.63133e-03   3.30990e+00
   2  p1           5.37391e+00   3.73123e-03   3.73123e-05   1.70637e+02
   3  p2           1.17656e-02     fixed    
   4  p3           3.14369e+01   3.14912e-01   3.14912e-03  -2.09361e+00
   5  p4          -7.35389e-04   1.04838e+00   1.04838e-02  -1.05306e+02
   6  p5          -8.28492e-01   9.72822e-03   9.72822e-05   1.98707e+01
   7  p6           0.00000e+00   1.00000e+00   1.00000e-02  -2.72689e-02
   8  p7           7.40832e-01     fixed    
   9  p8           2.93696e-02     fixed    
  10  p9           0.00000e+00   1.00000e+00   1.00000e-02  -1.37997e-01
  11  p10          0.00000e+00   1.00000e+00   1.00000e-02  -8.17572e-01
  12  p11          0.00000e+00     fixed    
                               ERR DEF= 0.5
355
fit result:39.8753 39.8753
The local date and time is: Mon Apr 28 02:16:06 2014

Pseudo exp:6
The local date and time is: Mon Apr 28 02:16:06 2014

cout:530
_cout:2933
true_yield:59
Start pseudo exp fit:6
The local date and time is: Mon Apr 28 02:16:09 2014

 FCN=29.9058 FROM HESSE     STATUS=RESET          30 CALLS         507 TOTAL
                     EDM=5.66724e-08    STRATEGY= 1  ERROR MATRIX UNCERTAINTY 100.0 per cent
  EXT PARAMETER                APPROXIMATE        STEP         FIRST   
  NO.   NAME      VALUE            ERROR          SIZE      DERIVATIVE 
   1  p0           1.30337e+00   1.89069e-01   1.89069e-03   2.85585e+00
   2  p1           5.37399e+00   2.24751e-03   2.24751e-05   2.83285e+02
   3  p2           1.17656e-02     fixed    
   4  p3           1.92373e+02   3.39831e-01   3.39831e-03  -1.94009e+00
   5  p4          -6.17806e+01   6.07008e-02   6.07008e-04  -4.02373e+05
   6  p5           5.05781e+00   1.07896e-02   1.07896e-04   1.79161e+01
   7  p6           0.00000e+00   5.65685e+00   5.65685e-02  -4.82050e-03
   8  p7           7.40832e-01     fixed    
   9  p8           2.93696e-02     fixed    
  10  p9           0.00000e+00   1.00000e+00   1.00000e-02  -1.37997e-01
  11  p10          0.00000e+00   1.00000e+00   1.00000e-02  -8.17572e-01
  12  p11          0.00000e+00     fixed    
                               ERR DEF= 0.5
365
fit result:65.1684 65.1685
The local date and time is: Mon Apr 28 02:16:10 2014

Pseudo exp:7
The local date and time is: Mon Apr 28 02:16:10 2014

cout:530
_cout:3157
true_yield:49
Start pseudo exp fit:7
The local date and time is: Mon Apr 28 02:16:13 2014

 FCN=19.9266 FROM HESSE     STATUS=RESET          30 CALLS         507 TOTAL
                     EDM=9.45564e-08    STRATEGY= 1  ERROR MATRIX UNCERTAINTY 100.0 per cent
  EXT PARAMETER                APPROXIMATE        STEP         FIRST   
  NO.   NAME      VALUE            ERROR          SIZE      DERIVATIVE 
   1  p0           8.17423e-01   1.60270e-01   1.60270e-03   3.36902e+00
   2  p1           5.37443e+00   2.93217e-03   2.93217e-05   2.17138e+02
   3  p2           1.17656e-02     fixed    
   4  p3           1.31878e+02   3.15049e-01   3.15049e-03  -2.09271e+00
   5  p4          -3.58160e+01   5.56263e-02   5.56263e-04  -2.61592e+05
   6  p5           2.35365e+00   9.77787e-03   9.77787e-05   1.97698e+01
   7  p6           0.00000e+00   5.65685e+00   5.65685e-02  -4.82050e-03
   8  p7           7.40832e-01     fixed    
   9  p8           2.93696e-02     fixed    
  10  p9           0.00000e+00   1.00000e+00   1.00000e-02  -1.37997e-01
  11  p10          0.00000e+00   1.00000e+00   1.00000e-02  -8.17572e-01
  12  p11          0.00000e+00     fixed    
                               ERR DEF= 0.5
355
fit result:40.8711 40.8711
The local date and time is: Mon Apr 28 02:16:13 2014

Pseudo exp:8
The local date and time is: Mon Apr 28 02:16:13 2014

cout:530
_cout:2772
true_yield:60
Start pseudo exp fit:8
The local date and time is: Mon Apr 28 02:16:16 2014

 FCN=35.6709 FROM HESSE     STATUS=RESET          30 CALLS         555 TOTAL
                     EDM=3.21678e-07    STRATEGY= 1  ERROR MATRIX UNCERTAINTY 100.0 per cent
  EXT PARAMETER                APPROXIMATE        STEP         FIRST   
  NO.   NAME      VALUE            ERROR          SIZE      DERIVATIVE 
   1  p0           1.11344e+00   1.80608e-01   1.80608e-03   2.98964e+00
   2  p1           5.37313e+00   2.69122e-03   2.69122e-05   2.36579e+02
   3  p2           1.17656e-02     fixed    
   4  p3           1.95935e+02   3.18564e-01   3.18564e-03  -2.06962e+00
   5  p4          -5.93382e+01   5.63646e-02   5.63646e-04  -4.17280e+05
   6  p5           4.50442e+00   9.93069e-03   9.93069e-05   1.94656e+01
   7  p6           0.00000e+00   7.19336e+01   7.19336e-01  -3.79084e-04
   8  p7           7.40832e-01     fixed    
   9  p8           2.93696e-02     fixed    
  10  p9           0.00000e+00   1.00000e+00   1.00000e-02  -1.37997e-01
  11  p10          0.00000e+00   1.00000e+00   1.00000e-02  -8.17572e-01
  12  p11          0.00000e+00     fixed    
                               ERR DEF= 0.5
366
fit result:55.6718 55.6718
The local date and time is: Mon Apr 28 02:16:17 2014

Pseudo exp:9
The local date and time is: Mon Apr 28 02:16:17 2014

cout:530
_cout:3027
true_yield:49
Start pseudo exp fit:9
The local date and time is: Mon Apr 28 02:16:20 2014

 FCN=18.4368 FROM HESSE     STATUS=RESET          30 CALLS         585 TOTAL
                     EDM=1.19066e-07    STRATEGY= 1  ERROR MATRIX UNCERTAINTY 100.0 per cent
  EXT PARAMETER                APPROXIMATE        STEP         FIRST   
  NO.   NAME      VALUE            ERROR          SIZE      DERIVATIVE 
   1  p0           9.27278e-01   1.70387e-01   1.70387e-03   3.16897e+00
   2  p1           5.37391e+00   3.01089e-03   3.01089e-05   2.11461e+02
   3  p2           1.17656e-02     fixed    
   4  p3           2.76839e+01   3.28885e-01   3.28885e-03  -2.00467e+00
   5  p4          -1.64482e-05   8.98184e+00   8.98184e-02** at limit **
   6  p5          -7.09184e-01   1.03032e-02   1.03032e-04   1.87617e+01
   7  p6           0.00000e+00   5.65685e+00   5.65685e-02  -4.82050e-03
   8  p7           7.40832e-01     fixed    
   9  p8           2.93696e-02     fixed    
  10  p9           0.00000e+00   1.00000e+00   1.00000e-02  -1.37997e-01
  11  p10          0.00000e+00   1.00000e+00   1.00000e-02  -8.17572e-01
  12  p11          0.00000e+00     fixed    
                               ERR DEF= 0.5
355
fit result:46.3639 46.3639
The local date and time is: Mon Apr 28 02:16:20 2014

Pseudo exp:10
The local date and time is: Mon Apr 28 02:16:20 2014

cout:530
_cout:3060
true_yield:48
Start pseudo exp fit:10
The local date and time is: Mon Apr 28 02:16:24 2014

 FCN=18.1695 FROM HESSE     STATUS=RESET          30 CALLS         507 TOTAL
                     EDM=5.05666e-09    STRATEGY= 1  ERROR MATRIX UNCERTAINTY 100.0 per cent
  EXT PARAMETER                APPROXIMATE        STEP         FIRST   
  NO.   NAME      VALUE            ERROR          SIZE      DERIVATIVE 
   1  p0           1.10814e+00   1.79075e-01   1.79075e-03   3.01523e+00
   2  p1           5.37009e+00   2.75125e-03   2.75125e-05   2.31417e+02
   3  p2           1.17656e-02     fixed    
   4  p3           6.11192e+01   3.29076e-01   3.29076e-03  -2.00350e+00
   5  p4          -1.29589e+01   5.85107e-02   5.85107e-04  -9.21159e+04
   6  p5           5.31597e-01   1.03527e-02   1.03527e-04   1.86721e+01
   7  p6           0.00000e+00   2.00000e+00   2.00000e-02  -1.36344e-02
   8  p7           7.40832e-01     fixed    
   9  p8           2.93696e-02     fixed    
  10  p9           0.00000e+00   1.00000e+00   1.00000e-02  -1.37997e-01
  11  p10          0.00000e+00   1.00000e+00   1.00000e-02  -8.17572e-01
  12  p11          0.00000e+00     fixed    
                               ERR DEF= 0.5
354
fit result:55.4068 55.4068
The local date and time is: Mon Apr 28 02:16:24 2014

Pseudo exp:11
The local date and time is: Mon Apr 28 02:16:24 2014

cout:530
_cout:3160
true_yield:41
Start pseudo exp fit:11
The local date and time is: Mon Apr 28 02:16:27 2014

 FCN=15.6031 FROM HESSE     STATUS=RESET          30 CALLS         551 TOTAL
                     EDM=1.81822e-07    STRATEGY= 1  ERROR MATRIX UNCERTAINTY 100.0 per cent
  EXT PARAMETER                APPROXIMATE        STEP         FIRST   
  NO.   NAME      VALUE            ERROR          SIZE      DERIVATIVE 
   1  p0           8.69684e-01   1.65359e-01   1.65359e-03   3.26534e+00
   2  p1           5.36515e+00   3.22119e-03   3.22119e-05   1.97655e+02
   3  p2           1.17656e-02     fixed    
   4  p3           1.86226e+02   3.34991e-01   3.34991e-03  -1.96813e+00
   5  p4          -5.85061e+01   5.96991e-02   5.96991e-04  -3.88792e+05
   6  p5           4.66922e+00   1.05893e-02   1.05893e-04   1.82549e+01
   7  p6           0.00000e+00   8.00000e+00   8.00000e-02  -3.40861e-03
   8  p7           7.40832e-01     fixed    
   9  p8           2.93696e-02     fixed    
  10  p9           0.00000e+00   1.00000e+00   1.00000e-02  -1.37997e-01
  11  p10          0.00000e+00   1.00000e+00   1.00000e-02  -8.17572e-01
  12  p11          0.00000e+00     fixed    
                               ERR DEF= 0.5
347
fit result:43.4842 43.4842
The local date and time is: Mon Apr 28 02:16:28 2014

Pseudo exp:12
The local date and time is: Mon Apr 28 02:16:28 2014

cout:530
_cout:2957
true_yield:46
Start pseudo exp fit:12
The local date and time is: Mon Apr 28 02:16:31 2014

 FCN=14.2386 FROM HESSE     STATUS=RESET          30 CALLS         507 TOTAL
                     EDM=3.08711e-09    STRATEGY= 1  ERROR MATRIX UNCERTAINTY 100.0 per cent
  EXT PARAMETER                APPROXIMATE        STEP         FIRST   
  NO.   NAME      VALUE            ERROR          SIZE      DERIVATIVE 
   1  p0           8.18882e-01   1.62144e-01   1.62144e-03   3.33008e+00
   2  p1           5.36835e+00   3.78761e-03   3.78761e-05   1.68097e+02
   3  p2           1.17656e-02     fixed    
   4  p3           1.76862e+02   3.43334e-01   3.43334e-03  -1.92030e+00
   5  p4          -5.56544e+01   6.12997e-02   6.12997e-04  -3.61276e+05
   6  p5           4.46562e+00   1.08916e-02   1.08916e-04   1.77482e+01
   7  p6           0.00000e+00   5.65685e+00   5.65685e-02  -4.82050e-03
   8  p7           7.40832e-01     fixed    
   9  p8           2.93696e-02     fixed    
  10  p9           0.00000e+00   1.00000e+00   1.00000e-02  -1.37997e-01
  11  p10          0.00000e+00   1.00000e+00   1.00000e-02  -8.17572e-01
  12  p11          0.00000e+00     fixed    
                               ERR DEF= 0.5
352
fit result:40.9441 40.9441
The local date and time is: Mon Apr 28 02:16:31 2014

Pseudo exp:13
The local date and time is: Mon Apr 28 02:16:31 2014

cout:530
_cout:2866
true_yield:47
Start pseudo exp fit:13
The local date and time is: Mon Apr 28 02:16:34 2014

 FCN=23.1959 FROM MIGRAD    STATUS=CALL LIMIT   2924 CALLS        2925 TOTAL
                     EDM=3.43289e-05    STRATEGY= 1  ERROR MATRIX UNCERTAINTY  11.0 per cent
  EXT PARAMETER                APPROXIMATE        STEP         FIRST   
  NO.   NAME      VALUE            ERROR          SIZE      DERIVATIVE 
   1  p0           1.02736e+00   1.69938e-01  -4.51459e-05   1.26850e-02
   2  p1           5.37167e+00   2.75225e-03   1.48754e-07  -2.09324e-01
   3  p2           1.17656e-02     fixed    
   4  p3           3.11995e+01   3.70216e+00   1.75401e-03   2.56329e-04
   5  p4          -2.13948e-02   4.05072e+00  -1.87815e-05  -1.50868e-02
   6  p5          -8.25847e-01   1.01546e-01  -3.19048e-06   3.16007e-02
   7  p6           0.00000e+00   1.00000e+00  -0.00000e+00   0.00000e+00
   8  p7           7.40832e-01     fixed    
   9  p8           2.93696e-02     fixed    
  10  p9           0.00000e+00   1.00000e+00  -0.00000e+00   0.00000e+00
  11  p10          0.00000e+00   1.00000e+00  -0.00000e+00   0.00000e+00
  12  p11          0.00000e+00     fixed    
                               ERR DEF= 0.5
353
fit result:51.3682 51.3683
The local date and time is: Mon Apr 28 02:16:35 2014

Pseudo exp:14
The local date and time is: Mon Apr 28 02:16:35 2014

cout:530
_cout:2868
true_yield:52
Start pseudo exp fit:14
The local date and time is: Mon Apr 28 02:16:38 2014

 FCN=27.028 FROM HESSE     STATUS=RESET          30 CALLS         506 TOTAL
                     EDM=8.11033e-07    STRATEGY= 1  ERROR MATRIX UNCERTAINTY 100.0 per cent
  EXT PARAMETER                APPROXIMATE        STEP         FIRST   
  NO.   NAME      VALUE            ERROR          SIZE      DERIVATIVE 
   1  p0           1.21513e+00   1.82940e-01   1.82940e-03   2.95153e+00
   2  p1           5.37104e+00   2.53487e-03   2.53487e-05   2.51171e+02
   3  p2           1.17656e-02     fixed    
   4  p3           4.50801e+02   3.30293e-01   3.30293e-03  -1.99612e+00
   5  p4          -1.54517e+02   5.89109e-02   5.89109e-04  -9.34439e+05
   6  p5           1.33503e+01   1.04599e-02   1.04599e-04   1.84808e+01
   7  p6           0.00000e+00   8.00000e+00   8.00000e-02  -3.40861e-03
   8  p7           7.40832e-01     fixed    
   9  p8           2.93696e-02     fixed    
  10  p9           0.00000e+00   1.00000e+00   1.00000e-02  -1.37997e-01
  11  p10          0.00000e+00   1.00000e+00   1.00000e-02  -8.17572e-01
  12  p11          0.00000e+00     fixed    
                               ERR DEF= 0.5
358
fit result:60.7567 60.7567
The local date and time is: Mon Apr 28 02:16:38 2014

Pseudo exp:15
The local date and time is: Mon Apr 28 02:16:38 2014

cout:530
_cout:3039
true_yield:55
Start pseudo exp fit:15
The local date and time is: Mon Apr 28 02:16:42 2014

 FCN=27.5538 FROM HESSE     STATUS=RESET          30 CALLS         525 TOTAL
                     EDM=8.71414e-07    STRATEGY= 1  ERROR MATRIX UNCERTAINTY 100.0 per cent
  EXT PARAMETER                APPROXIMATE        STEP         FIRST   
  NO.   NAME      VALUE            ERROR          SIZE      DERIVATIVE 
   1  p0           9.89082e-01   1.74713e-01   1.74713e-03   3.09051e+00
   2  p1           5.36933e+00   3.17114e-03   3.17114e-05   2.00775e+02
   3  p2           1.17656e-02     fixed    
   4  p3           3.04895e+01   3.24353e-01   3.24353e-03  -2.03268e+00
   5  p4          -6.87829e-04   1.14859e+00   1.14859e-02  -1.05303e+02
   6  p5          -7.99644e-01   1.01368e-02   1.01368e-04   1.90697e+01
   7  p6           0.00000e+00   1.41421e+00   1.41421e-02  -1.92820e-02
   8  p7           7.40832e-01     fixed    
   9  p8           2.93696e-02     fixed    
  10  p9           0.00000e+00   1.00000e+00   1.00000e-02  -1.37997e-01
  11  p10          0.00000e+00   1.00000e+00   1.00000e-02  -8.17572e-01
  12  p11          0.00000e+00     fixed    
                               ERR DEF= 0.5
361
fit result:49.4541 49.4541
The local date and time is: Mon Apr 28 02:16:42 2014

Pseudo exp:16
The local date and time is: Mon Apr 28 02:16:42 2014

cout:530
_cout:2985
true_yield:58
Start pseudo exp fit:16
The local date and time is: Mon Apr 28 02:16:45 2014

 FCN=23.4815 FROM HESSE     STATUS=RESET          30 CALLS         507 TOTAL
                     EDM=1.29225e-08    STRATEGY= 1  ERROR MATRIX UNCERTAINTY 100.0 per cent
  EXT PARAMETER                APPROXIMATE        STEP         FIRST   
  NO.   NAME      VALUE            ERROR          SIZE      DERIVATIVE 
   1  p0           1.16972e+00   1.87376e-01   1.87376e-03   2.88166e+00
   2  p1           5.36758e+00   3.12481e-03   3.12481e-05   2.03752e+02
   3  p2           1.17656e-02     fixed    
   4  p3           2.67141e+02   3.12511e-01   3.12511e-03  -2.10970e+00
   5  p4          -8.49292e+01   5.51745e-02   5.51745e-04  -5.93526e+05
   6  p5           6.79381e+00   9.69797e-03   9.69797e-05   1.99327e+01
   7  p6           0.00000e+00   8.00000e+00   8.00000e-02  -3.40861e-03
   8  p7           7.40832e-01     fixed    
   9  p8           2.93696e-02     fixed    
  10  p9           0.00000e+00   1.00000e+00   1.00000e-02  -1.37997e-01
  11  p10          0.00000e+00   1.00000e+00   1.00000e-02  -8.17572e-01
  12  p11          0.00000e+00     fixed    
                               ERR DEF= 0.5
364
fit result:58.486 58.4861
The local date and time is: Mon Apr 28 02:16:46 2014

Pseudo exp:17
The local date and time is: Mon Apr 28 02:16:46 2014

cout:530
_cout:2954
true_yield:47
Start pseudo exp fit:17
The local date and time is: Mon Apr 28 02:16:49 2014

 FCN=22.3585 FROM HESSE     STATUS=RESET          30 CALLS         547 TOTAL
                     EDM=2.25872e-08    STRATEGY= 1  ERROR MATRIX UNCERTAINTY 100.0 per cent
  EXT PARAMETER                APPROXIMATE        STEP         FIRST   
  NO.   NAME      VALUE            ERROR          SIZE      DERIVATIVE 
   1  p0           9.47769e-01   1.67339e-01   1.67339e-03   3.22669e+00
   2  p1           5.37175e+00   2.82013e-03   2.82013e-05   2.25765e+02
   3  p2           1.17656e-02     fixed    
   4  p3           1.15071e+02   3.39797e-01   3.39797e-03  -1.94029e+00
   5  p4          -3.33441e+01   6.06304e-02   6.06304e-04  -2.24010e+05
   6  p5           2.45378e+00   1.07643e-02   1.07643e-04   1.79581e+01
   7  p6           0.00000e+00   2.00000e+00   2.00000e-02  -1.36344e-02
   8  p7           7.40832e-01     fixed    
   9  p8           2.93696e-02     fixed    
  10  p9           0.00000e+00   1.00000e+00   1.00000e-02  -1.37997e-01
  11  p10          0.00000e+00   1.00000e+00   1.00000e-02  -8.17572e-01
  12  p11          0.00000e+00     fixed    
                               ERR DEF= 0.5
353
fit result:47.3885 47.3885
The local date and time is: Mon Apr 28 02:16:49 2014

Pseudo exp:18
The local date and time is: Mon Apr 28 02:16:49 2014

cout:530
_cout:3120
true_yield:37
Start pseudo exp fit:18
The local date and time is: Mon Apr 28 02:16:52 2014

 FCN=12.5369 FROM HESSE     STATUS=RESET          30 CALLS         507 TOTAL
                     EDM=5.02151e-07    STRATEGY= 1  ERROR MATRIX UNCERTAINTY 100.0 per cent
  EXT PARAMETER                APPROXIMATE        STEP         FIRST   
  NO.   NAME      VALUE            ERROR          SIZE      DERIVATIVE 
   1  p0           5.33418e-01   1.45127e-01   1.45127e-03   3.72054e+00
   2  p1           5.36663e+00   5.26729e-03   5.26729e-05   1.20875e+02
   3  p2           1.17656e-02     fixed    
   4  p3           4.40557e+01   3.14776e-01   3.14776e-03  -2.09452e+00
   5  p4          -4.25085e+00   5.55235e-02   5.55235e-04  -3.21230e+04
   6  p5          -4.73052e-01   9.74763e-03   9.74763e-05   1.98311e+01
   7  p6           0.00000e+00   2.40000e+00   2.40000e-02  -1.13620e-02
   8  p7           7.40832e-01     fixed    
   9  p8           2.93696e-02     fixed    
  10  p9           0.00000e+00   1.00000e+00   1.00000e-02  -1.37997e-01
  11  p10          0.00000e+00   1.00000e+00   1.00000e-02  -8.17572e-01
  12  p11          0.00000e+00     fixed    
                               ERR DEF= 0.5
343
fit result:26.6709 26.6709
The local date and time is: Mon Apr 28 02:16:53 2014

Pseudo exp:19
The local date and time is: Mon Apr 28 02:16:53 2014

cout:530
_cout:2980
true_yield:37
Start pseudo exp fit:19
The local date and time is: Mon Apr 28 02:16:56 2014

 FCN=18.7338 FROM HESSE     STATUS=RESET          30 CALLS         550 TOTAL
                     EDM=1.54e-07    STRATEGY= 1  ERROR MATRIX UNCERTAINTY 100.0 per cent
  EXT PARAMETER                APPROXIMATE        STEP         FIRST   
  NO.   NAME      VALUE            ERROR          SIZE      DERIVATIVE 
   1  p0           6.73163e-01   1.53623e-01   1.53623e-03   3.51478e+00
   2  p1           5.37593e+00   4.01053e-03   4.01053e-05   1.58754e+02
   3  p2           1.17656e-02     fixed    
   4  p3           3.72995e+01   3.29543e-01   3.29543e-03  -2.00066e+00
   5  p4          -3.50494e+00   5.85156e-02   5.85156e-04  -2.51507e+04
   6  p5          -3.90139e-01   1.03404e-02   1.03404e-04   1.86944e+01
   7  p6           0.00000e+00   2.00000e+00   2.00000e-02  -1.36344e-02
   8  p7           7.40832e-01     fixed    
   9  p8           2.93696e-02     fixed    
  10  p9           0.00000e+00   1.00000e+00   1.00000e-02  -1.37997e-01
  11  p10          0.00000e+00   1.00000e+00   1.00000e-02  -8.17572e-01
  12  p11          0.00000e+00     fixed    
                               ERR DEF= 0.5
343
fit result:33.6582 33.6582
The local date and time is: Mon Apr 28 02:16:56 2014

