000 (263736.000.000) 04/26 03:18:08 Job submitted from host: <18.12.1.74:45694>
...
009 (263736.000.000) 04/26 03:18:32 Job was aborted by the user.
	via condor_rm (by user tawei)
...
000 (263786.000.000) 04/26 03:19:13 Job submitted from host: <18.12.1.74:45694>
...
001 (263786.000.000) 04/26 03:20:36 Job executing on host: <18.12.9.3:47008>
...
006 (263786.000.000) 04/26 03:20:45 Image size of job updated: 211052
	104  -  MemoryUsage of job (MB)
	106280  -  ResidentSetSize of job (KB)
...
006 (263786.000.000) 04/26 03:24:47 Image size of job updated: 316128
	104  -  MemoryUsage of job (MB)
	106280  -  ResidentSetSize of job (KB)
...
005 (263786.000.000) 04/26 03:24:47 Job terminated.
	(1) Normal termination (return value 0)
		Usr 0 00:03:20, Sys 0 00:00:05  -  Run Remote Usage
		Usr 0 00:00:00, Sys 0 00:00:00  -  Run Local Usage
		Usr 0 00:03:20, Sys 0 00:00:05  -  Total Remote Usage
		Usr 0 00:00:00, Sys 0 00:00:00  -  Total Local Usage
	33466  -  Run Bytes Sent By Job
	32579  -  Run Bytes Received By Job
	33466  -  Total Bytes Sent By Job
	32579  -  Total Bytes Received By Job
	Partitionable Resources :    Usage  Request          
	   Cpus                 :                 1          
	   Disk (KB)            :       87       87          
	   Memory (MB)          :      104      104          
...
000 (263888.000.000) 04/26 04:01:36 Job submitted from host: <18.12.1.74:45694>
...
001 (263888.000.000) 04/26 04:02:39 Job executing on host: <18.12.8.157:42774>
...
006 (263888.000.000) 04/26 04:02:48 Image size of job updated: 1
	2  -  MemoryUsage of job (MB)
	1704  -  ResidentSetSize of job (KB)
...
006 (263888.000.000) 04/26 04:06:48 Image size of job updated: 315772
	2  -  MemoryUsage of job (MB)
	1704  -  ResidentSetSize of job (KB)
...
005 (263888.000.000) 04/26 04:06:48 Job terminated.
	(1) Normal termination (return value 0)
		Usr 0 00:03:21, Sys 0 00:00:06  -  Run Remote Usage
		Usr 0 00:00:00, Sys 0 00:00:00  -  Run Local Usage
		Usr 0 00:03:21, Sys 0 00:00:06  -  Total Remote Usage
		Usr 0 00:00:00, Sys 0 00:00:00  -  Total Local Usage
	32842  -  Run Bytes Sent By Job
	32607  -  Run Bytes Received By Job
	32842  -  Total Bytes Sent By Job
	32607  -  Total Bytes Received By Job
	Partitionable Resources :    Usage  Request          
	   Cpus                 :                 1          
	   Disk (KB)            :       86       86          
	   Memory (MB)          :        2        2          
...
000 (265245.000.000) 04/27 23:58:40 Job submitted from host: <18.12.1.74:45694>
...
009 (265245.000.000) 04/27 23:59:18 Job was aborted by the user.
	via condor_rm (by user tawei)
...
000 (265295.000.000) 04/27 23:59:30 Job submitted from host: <18.12.1.74:45694>
...
001 (265295.000.000) 04/27 23:59:37 Job executing on host: <18.12.8.237:47300>
...
006 (265295.000.000) 04/27 23:59:42 Image size of job updated: 117840
	0  -  MemoryUsage of job (MB)
	0  -  ResidentSetSize of job (KB)
...
005 (265295.000.000) 04/27 23:59:42 Job terminated.
	(1) Normal termination (return value 1)
		Usr 0 00:00:00, Sys 0 00:00:00  -  Run Remote Usage
		Usr 0 00:00:00, Sys 0 00:00:00  -  Run Local Usage
		Usr 0 00:00:00, Sys 0 00:00:00  -  Total Remote Usage
		Usr 0 00:00:00, Sys 0 00:00:00  -  Total Local Usage
	1146  -  Run Bytes Sent By Job
	32875  -  Run Bytes Received By Job
	1146  -  Total Bytes Sent By Job
	32875  -  Total Bytes Received By Job
	Partitionable Resources :    Usage  Request          
	   Cpus                 :                 1          
	   Disk (KB)            :       56       56          
	   Memory (MB)          :        0        0          
...
000 (265553.000.000) 04/28 02:01:14 Job submitted from host: <18.12.1.74:45694>
...
001 (265553.000.000) 04/28 02:02:07 Job executing on host: <18.12.8.199:44380>
...
006 (265553.000.000) 04/28 02:02:15 Image size of job updated: 1
	2  -  MemoryUsage of job (MB)
	1708  -  ResidentSetSize of job (KB)
...
006 (265553.000.000) 04/28 02:07:15 Image size of job updated: 288568
	151  -  MemoryUsage of job (MB)
	153688  -  ResidentSetSize of job (KB)
...
006 (265553.000.000) 04/28 02:17:17 Image size of job updated: 309732
	161  -  MemoryUsage of job (MB)
	164828  -  ResidentSetSize of job (KB)
...
006 (265553.000.000) 04/28 02:18:10 Image size of job updated: 316164
	161  -  MemoryUsage of job (MB)
	164828  -  ResidentSetSize of job (KB)
...
005 (265553.000.000) 04/28 02:18:10 Job terminated.
	(1) Normal termination (return value 0)
		Usr 0 00:02:48, Sys 0 00:00:03  -  Run Remote Usage
		Usr 0 00:00:00, Sys 0 00:00:00  -  Run Local Usage
		Usr 0 00:02:48, Sys 0 00:00:03  -  Total Remote Usage
		Usr 0 00:00:00, Sys 0 00:00:00  -  Total Local Usage
	32784  -  Run Bytes Sent By Job
	32889  -  Run Bytes Received By Job
	32784  -  Total Bytes Sent By Job
	32889  -  Total Bytes Received By Job
	Partitionable Resources :    Usage  Request          
	   Cpus                 :                 1          
	   Disk (KB)            :      245      245          
	   Memory (MB)          :      161      161          
...
