/export/data1/condor/execute/dir_15223
gcc (GCC) 4.6.2
Copyright (C) 2011 Free Software Foundation, Inc.
This is free software; see the source for copying conditions.  There is NO
warranty; not even for MERCHANTABILITY or FITNESS FOR A PARTICULAR PURPOSE.

5.32/00
Linux version 2.6.32-358.el6.x86_64 (mockbuild@sl6.fnal.gov) (gcc version 4.4.7 20120313 (Red Hat 4.4.7-3) (GCC) ) #1 SMP Fri Feb 22 20:37:17 CST 2013

Processing fitBs.C(41)...
The local date and time is: Mon Apr 28 02:02:46 2014

 FCN=51.09 FROM HESSE     STATUS=RESET          35 CALLS         818 TOTAL
                     EDM=1.74677e-07    STRATEGY= 1  ERROR MATRIX UNCERTAINTY 100.0 per cent
  EXT PARAMETER                APPROXIMATE        STEP         FIRST   
  NO.   NAME      VALUE            ERROR          SIZE      DERIVATIVE 
   1  p0           1.46834e+02   1.71547e+00   1.71547e-02   3.14754e-01
   2  p1           5.36991e+00   1.80509e-04   1.80509e-06   3.52717e+03
   3  p2           1.17656e-02   1.36451e-04   1.36451e-06  -3.26142e-01
   4  p3           1.28682e+01   1.57196e-01   1.57196e-03  -2.68056e+00
   5  p4          -2.04693e-02   2.71701e-02   2.71701e-04   1.45628e+02
   6  p5          -3.51569e-01   4.68012e-03   4.68012e-05  -5.82654e+00
   7  p6           0.00000e+00   2.82843e+00   2.82843e-02  -4.87893e-02
   8  p7           7.40832e-01   1.00098e-02   1.00098e-04  -1.55201e+01
   9  p8           2.93696e-02   6.11333e-04   6.11333e-06   5.60321e-01
  10  p9           0.00000e+00   1.00000e+00   1.00000e-02   2.81800e-02
  11  p10          0.00000e+00   1.00000e+00   1.00000e-02   4.32797e-01
  12  p11          0.00000e+00     fixed    
                               ERR DEF= 0.5
 FCN=19.702 FROM HESSE     STATUS=RESET          30 CALLS         507 TOTAL
                     EDM=3.56714e-09    STRATEGY= 1  ERROR MATRIX UNCERTAINTY 100.0 per cent
  EXT PARAMETER                APPROXIMATE        STEP         FIRST   
  NO.   NAME      VALUE            ERROR          SIZE      DERIVATIVE 
   1  p0           8.80688e-01   1.62070e-01   1.62070e-03   3.33161e+00
   2  p1           5.37091e+00   2.64329e-03   2.64329e-05   2.40869e+02
   3  p2           1.17656e-02     fixed    
   4  p3           1.07018e+02   3.23872e-01   3.23872e-03  -2.03570e+00
   5  p4          -2.82726e+01   5.74207e-02   5.74207e-04  -2.01608e+05
   6  p5           1.80062e+00   1.01328e-02   1.01328e-04   1.90773e+01
   7  p6           0.00000e+00   5.65685e+00   5.65685e-02  -4.82050e-03
   8  p7           7.40832e-01     fixed    
   9  p8           2.93696e-02     fixed    
  10  p9           0.00000e+00   1.00000e+00   1.00000e-02  -1.37997e-01
  11  p10          0.00000e+00   1.00000e+00   1.00000e-02  -8.17572e-01
  12  p11          0.00000e+00     fixed    
                               ERR DEF= 0.5
351
fit result:44.0344 44.0344
The local date and time is: Mon Apr 28 02:12:32 2014

Got Nsig:522/44.0344
Got extracted:44.0344
Pseudo exp:0
The local date and time is: Mon Apr 28 02:12:32 2014

cout:522
_cout:2768
true_yield:38
Start pseudo exp fit:0
The local date and time is: Mon Apr 28 02:12:35 2014

 FCN=37.6313 FROM HESSE     STATUS=RESET          30 CALLS         548 TOTAL
                     EDM=2.23882e-07    STRATEGY= 1  ERROR MATRIX UNCERTAINTY 100.0 per cent
  EXT PARAMETER                APPROXIMATE        STEP         FIRST   
  NO.   NAME      VALUE            ERROR          SIZE      DERIVATIVE 
   1  p0           6.82577e-01   1.55719e-01   1.55719e-03   3.46747e+00
   2  p1           5.36395e+00   4.29786e-03   4.29786e-05   1.48140e+02
   3  p2           1.17656e-02     fixed    
   4  p3           2.33321e+02   3.08238e-01   3.08238e-03  -2.13894e+00
   5  p4          -7.22748e+01   5.43087e-02   5.43087e-04  -5.20239e+05
   6  p5           5.61719e+00   9.52448e-03   9.52448e-05   2.02958e+01
   7  p6           0.00000e+00   8.00000e+00   8.00000e-02  -3.40861e-03
   8  p7           7.40832e-01     fixed    
   9  p8           2.93696e-02     fixed    
  10  p9           0.00000e+00   1.00000e+00   1.00000e-02  -1.37997e-01
  11  p10          0.00000e+00   1.00000e+00   1.00000e-02  -8.17572e-01
  12  p11          0.00000e+00     fixed    
                               ERR DEF= 0.5
344
fit result:34.1288 34.1289
The local date and time is: Mon Apr 28 02:12:36 2014

Pseudo exp:1
The local date and time is: Mon Apr 28 02:12:36 2014

cout:522
_cout:2846
true_yield:44
Start pseudo exp fit:1
The local date and time is: Mon Apr 28 02:12:39 2014

 FCN=22.992 FROM HESSE     STATUS=RESET          30 CALLS         507 TOTAL
                     EDM=7.25395e-07    STRATEGY= 1  ERROR MATRIX UNCERTAINTY 100.0 per cent
  EXT PARAMETER                APPROXIMATE        STEP         FIRST   
  NO.   NAME      VALUE            ERROR          SIZE      DERIVATIVE 
   1  p0           8.15177e-01   1.60452e-01   1.60452e-03   3.36519e+00
   2  p1           5.37307e+00   3.12493e-03   3.12493e-05   2.03744e+02
   3  p2           1.17656e-02     fixed    
   4  p3           1.27950e+02   3.38042e-01   3.38042e-03  -1.95036e+00
   5  p4          -3.73013e+01   6.02363e-02   6.02363e-04  -2.51202e+05
   6  p5           2.74931e+00   1.06814e-02   1.06814e-04   1.80974e+01
   7  p6           0.00000e+00   5.65685e+00   5.65685e-02  -4.82050e-03
   8  p7           7.40832e-01     fixed    
   9  p8           2.93696e-02     fixed    
  10  p9           0.00000e+00   1.00000e+00   1.00000e-02  -1.37997e-01
  11  p10          0.00000e+00   1.00000e+00   1.00000e-02  -8.17572e-01
  12  p11          0.00000e+00     fixed    
                               ERR DEF= 0.5
350
fit result:40.7589 40.7589
The local date and time is: Mon Apr 28 02:12:39 2014

Pseudo exp:2
The local date and time is: Mon Apr 28 02:12:39 2014

cout:522
_cout:2878
true_yield:42
Start pseudo exp fit:2
The local date and time is: Mon Apr 28 02:12:42 2014

 FCN=24.1267 FROM HESSE     STATUS=RESET          30 CALLS         571 TOTAL
                     EDM=2.87448e-07    STRATEGY= 1  ERROR MATRIX UNCERTAINTY 100.0 per cent
  EXT PARAMETER                APPROXIMATE        STEP         FIRST   
  NO.   NAME      VALUE            ERROR          SIZE      DERIVATIVE 
   1  p0           1.00510e+00   1.72980e-01   1.72980e-03   3.12148e+00
   2  p1           5.37022e+00   2.81192e-03   2.81192e-05   2.26424e+02
   3  p2           1.17656e-02     fixed    
   4  p3           4.34083e+01   3.17341e-01   3.17341e-03  -2.07759e+00
   5  p4          -5.43620e+00   5.61857e-02   5.61857e-04  -4.05479e+04
   6  p5          -2.49036e-01   9.90071e-03   9.90071e-05   1.95245e+01
   7  p6           0.00000e+00   2.00000e+00   2.00000e-02  -1.36344e-02
   8  p7           7.40832e-01     fixed    
   9  p8           2.93696e-02     fixed    
  10  p9           0.00000e+00   1.00000e+00   1.00000e-02  -1.37997e-01
  11  p10          0.00000e+00   1.00000e+00   1.00000e-02  -8.17572e-01
  12  p11          0.00000e+00     fixed    
                               ERR DEF= 0.5
348
fit result:50.2551 50.2551
The local date and time is: Mon Apr 28 02:12:42 2014

Pseudo exp:3
The local date and time is: Mon Apr 28 02:12:42 2014

cout:522
_cout:2806
true_yield:43
Start pseudo exp fit:3
The local date and time is: Mon Apr 28 02:12:46 2014

 FCN=23.3736 FROM HESSE     STATUS=RESET          30 CALLS         507 TOTAL
                     EDM=4.00215e-09    STRATEGY= 1  ERROR MATRIX UNCERTAINTY 100.0 per cent
  EXT PARAMETER                APPROXIMATE        STEP         FIRST   
  NO.   NAME      VALUE            ERROR          SIZE      DERIVATIVE 
   1  p0           7.41601e-01   1.58548e-01   1.58548e-03   3.40560e+00
   2  p1           5.36222e+00   3.49462e-03   3.49462e-05   1.82190e+02
   3  p2           1.17656e-02     fixed    
   4  p3           1.75326e+02   3.25905e-01   3.25905e-03  -2.02300e+00
   5  p4          -5.27114e+01   5.77634e-02   5.77634e-04  -3.64251e+05
   6  p5           3.98329e+00   1.01899e-02   1.01899e-04   1.89704e+01
   7  p6           0.00000e+00   1.24310e+02   1.24310e+00  -2.19361e-04
   8  p7           7.40832e-01     fixed    
   9  p8           2.93696e-02     fixed    
  10  p9           0.00000e+00   1.00000e+00   1.00000e-02  -1.37997e-01
  11  p10          0.00000e+00   1.00000e+00   1.00000e-02  -8.17572e-01
  12  p11          0.00000e+00     fixed    
                               ERR DEF= 0.5
349
fit result:37.0801 37.0801
The local date and time is: Mon Apr 28 02:12:46 2014

Pseudo exp:4
The local date and time is: Mon Apr 28 02:12:46 2014

cout:522
_cout:2942
true_yield:53
Start pseudo exp fit:4
The local date and time is: Mon Apr 28 02:12:49 2014

 FCN=17.4992 FROM HESSE     STATUS=RESET          30 CALLS        1696 TOTAL
                     EDM=8.41292e-07    STRATEGY= 1  ERROR MATRIX UNCERTAINTY 100.0 per cent
  EXT PARAMETER                APPROXIMATE        STEP         FIRST   
  NO.   NAME      VALUE            ERROR          SIZE      DERIVATIVE 
   1  p0           1.12000e+00   1.83545e-01   1.83545e-03   2.94179e+00
   2  p1           5.36964e+00   3.39193e-03   3.39193e-05   1.87706e+02
   3  p2           1.17656e-02     fixed    
   4  p3           3.07068e+02   3.21772e-01   3.21772e-03  -2.04898e+00
   5  p4          -1.00495e+02   5.70567e-02   5.70567e-04  -6.67588e+05
   6  p5           8.29828e+00   1.00733e-02   1.00733e-04   1.91900e+01
   7  p6           0.00000e+00   7.90507e+01   7.90507e-01  -3.44955e-04
   8  p7           7.40832e-01     fixed    
   9  p8           2.93696e-02     fixed    
  10  p9           0.00000e+00   1.00000e+00   1.00000e-02  -1.37997e-01
  11  p10          0.00000e+00   1.00000e+00   1.00000e-02  -8.17572e-01
  12  p11          0.00000e+00     fixed    
                               ERR DEF= 0.5
359
fit result:56 56
The local date and time is: Mon Apr 28 02:12:49 2014

Pseudo exp:5
The local date and time is: Mon Apr 28 02:12:49 2014

cout:522
_cout:2927
true_yield:49
Start pseudo exp fit:5
The local date and time is: Mon Apr 28 02:12:52 2014

 FCN=26.7892 FROM HESSE     STATUS=RESET          30 CALLS         516 TOTAL
                     EDM=1.61315e-08    STRATEGY= 1  ERROR MATRIX UNCERTAINTY 100.0 per cent
  EXT PARAMETER                APPROXIMATE        STEP         FIRST   
  NO.   NAME      VALUE            ERROR          SIZE      DERIVATIVE 
   1  p0           8.63668e-01   1.66488e-01   1.66488e-03   3.24319e+00
   2  p1           5.36354e+00   3.19010e-03   3.19010e-05   1.99582e+02
   3  p2           1.17656e-02     fixed    
   4  p3           3.08985e+01   3.14629e-01   3.14629e-03  -2.09550e+00
   5  p4          -7.27211e-04   1.05912e+00   1.05912e-02  -1.05306e+02
   6  p5          -8.12887e-01   9.72828e-03   9.72828e-05   1.98706e+01
   7  p6           0.00000e+00   1.00000e+00   1.00000e-02  -2.72689e-02
   8  p7           7.40832e-01     fixed    
   9  p8           2.93696e-02     fixed    
  10  p9           0.00000e+00   1.00000e+00   1.00000e-02  -1.37997e-01
  11  p10          0.00000e+00   1.00000e+00   1.00000e-02  -8.17572e-01
  12  p11          0.00000e+00     fixed    
                               ERR DEF= 0.5
355
fit result:43.1834 43.1834
The local date and time is: Mon Apr 28 02:12:53 2014

Pseudo exp:6
The local date and time is: Mon Apr 28 02:12:53 2014

cout:522
_cout:3056
true_yield:47
Start pseudo exp fit:6
The local date and time is: Mon Apr 28 02:12:56 2014

 FCN=30.0739 FROM HESSE     STATUS=RESET          30 CALLS         507 TOTAL
                     EDM=2.13351e-08    STRATEGY= 1  ERROR MATRIX UNCERTAINTY 100.0 per cent
  EXT PARAMETER                APPROXIMATE        STEP         FIRST   
  NO.   NAME      VALUE            ERROR          SIZE      DERIVATIVE 
   1  p0           9.28542e-01   1.68894e-01   1.68894e-03   3.19699e+00
   2  p1           5.37117e+00   3.08395e-03   3.08395e-05   2.06451e+02
   3  p2           1.17656e-02     fixed    
   4  p3           1.39190e+02   3.41563e-01   3.41563e-03  -1.93026e+00
   5  p4          -4.21703e+01   6.09671e-02   6.09671e-04  -2.79168e+05
   6  p5           3.25968e+00   1.08279e-02   1.08279e-04   1.78527e+01
   7  p6           0.00000e+00   5.65685e+00   5.65685e-02  -4.82050e-03
   8  p7           7.40832e-01     fixed    
   9  p8           2.93696e-02     fixed    
  10  p9           0.00000e+00   1.00000e+00   1.00000e-02  -1.37997e-01
  11  p10          0.00000e+00   1.00000e+00   1.00000e-02  -8.17572e-01
  12  p11          0.00000e+00     fixed    
                               ERR DEF= 0.5
353
fit result:46.4271 46.4271
The local date and time is: Mon Apr 28 02:12:56 2014

Pseudo exp:7
The local date and time is: Mon Apr 28 02:12:56 2014

cout:522
_cout:2740
true_yield:37
Start pseudo exp fit:7
The local date and time is: Mon Apr 28 02:12:59 2014

 FCN=22.2454 FROM HESSE     STATUS=RESET          30 CALLS         507 TOTAL
                     EDM=1.03032e-07    STRATEGY= 1  ERROR MATRIX UNCERTAINTY 100.0 per cent
  EXT PARAMETER                APPROXIMATE        STEP         FIRST   
  NO.   NAME      VALUE            ERROR          SIZE      DERIVATIVE 
   1  p0           6.14372e-01   1.44118e-01   1.44118e-03   3.74658e+00
   2  p1           5.37679e+00   3.13955e-03   3.13955e-05   2.02795e+02
   3  p2           1.17656e-02     fixed    
   4  p3           1.52059e+02   3.14647e-01   3.14647e-03  -2.09538e+00
   5  p4          -4.31977e+01   5.56016e-02   5.56016e-04  -3.13229e+05
   6  p5           3.02564e+00   9.78215e-03   9.78215e-05   1.97612e+01
   7  p6           0.00000e+00   2.40000e+00   2.40000e-02  -1.13620e-02
   8  p7           7.40832e-01     fixed    
   9  p8           2.93696e-02     fixed    
  10  p9           0.00000e+00   1.00000e+00   1.00000e-02  -1.37997e-01
  11  p10          0.00000e+00   1.00000e+00   1.00000e-02  -8.17572e-01
  12  p11          0.00000e+00     fixed    
                               ERR DEF= 0.5
343
fit result:30.7186 30.7186
The local date and time is: Mon Apr 28 02:13:00 2014

Pseudo exp:8
The local date and time is: Mon Apr 28 02:13:00 2014

cout:522
_cout:2829
true_yield:39
Start pseudo exp fit:8
The local date and time is: Mon Apr 28 02:13:03 2014

 FCN=35.1207 FROM HESSE     STATUS=RESET          30 CALLS         507 TOTAL
                     EDM=4.96016e-07    STRATEGY= 1  ERROR MATRIX UNCERTAINTY 100.0 per cent
  EXT PARAMETER                APPROXIMATE        STEP         FIRST   
  NO.   NAME      VALUE            ERROR          SIZE      DERIVATIVE 
   1  p0           7.41108e-01   1.55391e-01   1.55391e-03   3.47480e+00
   2  p1           5.37250e+00   3.45147e-03   3.45147e-05   1.84468e+02
   3  p2           1.17656e-02     fixed    
   4  p3           2.14729e+02   3.17083e-01   3.17083e-03  -2.07928e+00
   5  p4          -6.62812e+01   5.61434e-02   5.61434e-04  -4.64488e+05
   6  p5           5.14223e+00   9.89919e-03   9.89919e-05   1.95275e+01
   7  p6           0.00000e+00   8.00000e+00   8.00000e-02  -3.40861e-03
   8  p7           7.40832e-01     fixed    
   9  p8           2.93696e-02     fixed    
  10  p9           0.00000e+00   1.00000e+00   1.00000e-02  -1.37997e-01
  11  p10          0.00000e+00   1.00000e+00   1.00000e-02  -8.17572e-01
  12  p11          0.00000e+00     fixed    
                               ERR DEF= 0.5
345
fit result:37.0554 37.0554
The local date and time is: Mon Apr 28 02:13:03 2014

Pseudo exp:9
The local date and time is: Mon Apr 28 02:13:03 2014

cout:522
_cout:2805
true_yield:41
Start pseudo exp fit:9
The local date and time is: Mon Apr 28 02:13:06 2014

 FCN=20.4019 FROM SIMPLEX   STATUS=RESET        2439 CALLS        3299 TOTAL
                     EDM=8.49326e-08    STRATEGY= 1  ERROR MATRIX UNCERTAINTY  50.0 per cent
  EXT PARAMETER                APPROXIMATE        STEP         FIRST   
  NO.   NAME      VALUE            ERROR          SIZE      DERIVATIVE 
   1  p0           6.55195e-01   1.47380e-01   1.47380e-03  -1.64763e+06
   2  p1           5.37257e+00   6.44123e-03   6.44123e-05   8.61244e+06
   3  p2           1.17656e-02     fixed    
   4  p3           2.84915e+01   3.70179e-01   3.70179e-03   8.50579e+05
   5  p4          -2.63538e-07   1.31199e+01   1.31199e-01** at limit **
   6  p5          -7.32125e-01   1.41585e-02   1.41585e-04  -1.67802e+08
   7  p6           0.00000e+00   1.00000e+00   1.00000e-02   1.85436e+03
   8  p7           7.40832e-01     fixed    
   9  p8           2.93696e-02     fixed    
  10  p9           0.00000e+00   1.00000e+00   1.00000e-02  -3.12237e+03
  11  p10          0.00000e+00   1.00000e+00   1.00000e-02   4.47807e+01
  12  p11          0.00000e+00     fixed    
                               ERR DEF= 0.5
347
fit result:32.7598 32.7598
The local date and time is: Mon Apr 28 02:13:06 2014

Pseudo exp:10
The local date and time is: Mon Apr 28 02:13:06 2014

cout:522
_cout:2589
true_yield:43
Start pseudo exp fit:10
The local date and time is: Mon Apr 28 02:13:09 2014

 FCN=19.9486 FROM HESSE     STATUS=RESET          30 CALLS         567 TOTAL
                     EDM=2.39118e-08    STRATEGY= 1  ERROR MATRIX UNCERTAINTY 100.0 per cent
  EXT PARAMETER                APPROXIMATE        STEP         FIRST   
  NO.   NAME      VALUE            ERROR          SIZE      DERIVATIVE 
   1  p0           8.69280e-01   1.67537e-01   1.67537e-03   3.22287e+00
   2  p1           5.37677e+00   3.49751e-03   3.49751e-05   1.82040e+02
   3  p2           1.17656e-02     fixed    
   4  p3           5.57915e+01   3.31030e-01   3.31030e-03  -1.99168e+00
   5  p4          -1.06287e+01   5.88272e-02   5.88272e-04  -7.53231e+04
   6  p5           2.89406e-01   1.04033e-02   1.04033e-04   1.85813e+01
   7  p6           0.00000e+00   2.00000e+00   2.00000e-02  -1.36344e-02
   8  p7           7.40832e-01     fixed    
   9  p8           2.93696e-02     fixed    
  10  p9           0.00000e+00   1.00000e+00   1.00000e-02  -1.37997e-01
  11  p10          0.00000e+00   1.00000e+00   1.00000e-02  -8.17572e-01
  12  p11          0.00000e+00     fixed    
                               ERR DEF= 0.5
349
fit result:43.464 43.464
The local date and time is: Mon Apr 28 02:13:10 2014

Pseudo exp:11
The local date and time is: Mon Apr 28 02:13:10 2014

cout:522
_cout:2688
true_yield:46
Start pseudo exp fit:11
The local date and time is: Mon Apr 28 02:13:13 2014

 FCN=18.453 FROM HESSE     STATUS=RESET          30 CALLS         507 TOTAL
                     EDM=4.06558e-07    STRATEGY= 1  ERROR MATRIX UNCERTAINTY 100.0 per cent
  EXT PARAMETER                APPROXIMATE        STEP         FIRST   
  NO.   NAME      VALUE            ERROR          SIZE      DERIVATIVE 
   1  p0           8.83650e-01   1.68408e-01   1.68408e-03   3.20621e+00
   2  p1           5.36836e+00   3.58707e-03   3.58707e-05   1.77495e+02
   3  p2           1.17656e-02     fixed    
   4  p3           1.79071e+02   3.36682e-01   3.36682e-03  -1.95824e+00
   5  p4          -5.56394e+01   5.99690e-02   5.99690e-04  -3.69198e+05
   6  p5           4.38814e+00   1.06314e-02   1.06314e-04   1.81826e+01
   7  p6           0.00000e+00   1.05709e+02   1.05709e+00  -2.57963e-04
   8  p7           7.40832e-01     fixed    
   9  p8           2.93696e-02     fixed    
  10  p9           0.00000e+00   1.00000e+00   1.00000e-02  -1.37997e-01
  11  p10          0.00000e+00   1.00000e+00   1.00000e-02  -8.17572e-01
  12  p11          0.00000e+00     fixed    
                               ERR DEF= 0.5
352
fit result:44.1825 44.1825
The local date and time is: Mon Apr 28 02:13:13 2014

Pseudo exp:12
The local date and time is: Mon Apr 28 02:13:13 2014

cout:522
_cout:2841
true_yield:48
Start pseudo exp fit:12
The local date and time is: Mon Apr 28 02:13:16 2014

 FCN=14.5483 FROM HESSE     STATUS=RESET          30 CALLS         507 TOTAL
                     EDM=9.08251e-08    STRATEGY= 1  ERROR MATRIX UNCERTAINTY 100.0 per cent
  EXT PARAMETER                APPROXIMATE        STEP         FIRST   
  NO.   NAME      VALUE            ERROR          SIZE      DERIVATIVE 
   1  p0           9.09499e-01   1.65564e-01   1.65564e-03   3.26129e+00
   2  p1           5.37602e+00   2.77878e-03   2.77878e-05   2.29124e+02
   3  p2           1.17656e-02     fixed    
   4  p3           2.13248e+02   3.42453e-01   3.42453e-03  -1.92524e+00
   5  p4          -6.89683e+01   6.11704e-02   6.11704e-04  -4.42323e+05
   6  p5           5.67866e+00   1.08746e-02   1.08746e-04   1.77760e+01
   7  p6           0.00000e+00   8.00000e+00   8.00000e-02  -3.40861e-03
   8  p7           7.40832e-01     fixed    
   9  p8           2.93696e-02     fixed    
  10  p9           0.00000e+00   1.00000e+00   1.00000e-02  -1.37997e-01
  11  p10          0.00000e+00   1.00000e+00   1.00000e-02  -8.17572e-01
  12  p11          0.00000e+00     fixed    
                               ERR DEF= 0.5
354
fit result:45.4749 45.475
The local date and time is: Mon Apr 28 02:13:16 2014

Pseudo exp:13
The local date and time is: Mon Apr 28 02:13:16 2014

cout:522
_cout:2712
true_yield:50
Start pseudo exp fit:13
The local date and time is: Mon Apr 28 02:13:19 2014

 FCN=22.5313 FROM HESSE     STATUS=RESET          30 CALLS         571 TOTAL
                     EDM=7.62754e-07    STRATEGY= 1  ERROR MATRIX UNCERTAINTY 100.0 per cent
  EXT PARAMETER                APPROXIMATE        STEP         FIRST   
  NO.   NAME      VALUE            ERROR          SIZE      DERIVATIVE 
   1  p0           1.07252e+00   1.79282e-01   1.79282e-03   3.01174e+00
   2  p1           5.37020e+00   2.81750e-03   2.81750e-05   2.25976e+02
   3  p2           1.17656e-02     fixed    
   4  p3           4.35836e+01   3.08477e-01   3.08477e-03  -2.13729e+00
   5  p4          -4.42406e+00   5.43913e-02   5.43913e-04  -3.41219e+04
   6  p5          -4.35247e-01   9.54661e-03   9.54661e-05   2.02487e+01
   7  p6           0.00000e+00   2.00000e+00   2.00000e-02  -1.36344e-02
   8  p7           7.40832e-01     fixed    
   9  p8           2.93696e-02     fixed    
  10  p9           0.00000e+00   1.00000e+00   1.00000e-02  -1.37997e-01
  11  p10          0.00000e+00   1.00000e+00   1.00000e-02  -8.17572e-01
  12  p11          0.00000e+00     fixed    
                               ERR DEF= 0.5
356
fit result:53.6262 53.6262
The local date and time is: Mon Apr 28 02:13:20 2014

Pseudo exp:14
The local date and time is: Mon Apr 28 02:13:20 2014

cout:522
_cout:2888
true_yield:37
Start pseudo exp fit:14
The local date and time is: Mon Apr 28 02:13:23 2014

 FCN=27.1857 FROM HESSE     STATUS=RESET          30 CALLS         507 TOTAL
                     EDM=1.64842e-08    STRATEGY= 1  ERROR MATRIX UNCERTAINTY 100.0 per cent
  EXT PARAMETER                APPROXIMATE        STEP         FIRST   
  NO.   NAME      VALUE            ERROR          SIZE      DERIVATIVE 
   1  p0           8.75202e-01   1.64158e-01   1.64158e-03   3.28923e+00
   2  p1           5.36797e+00   3.76921e-03   3.76921e-05   1.68917e+02
   3  p2           1.17656e-02     fixed    
   4  p3           5.00792e+02   3.29545e-01   3.29545e-03  -2.00065e+00
   5  p4          -1.72438e+02   5.88033e-02   5.88033e-04  -1.02258e+06
   6  p5           1.49538e+01   1.04471e-02   1.04471e-04   1.85033e+01
   7  p6           0.00000e+00   8.00000e+00   8.00000e-02  -3.40861e-03
   8  p7           7.40832e-01     fixed    
   9  p8           2.93696e-02     fixed    
  10  p9           0.00000e+00   1.00000e+00   1.00000e-02  -1.37997e-01
  11  p10          0.00000e+00   1.00000e+00   1.00000e-02  -8.17572e-01
  12  p11          0.00000e+00     fixed    
                               ERR DEF= 0.5
343
fit result:43.7601 43.7601
The local date and time is: Mon Apr 28 02:13:23 2014

Pseudo exp:15
The local date and time is: Mon Apr 28 02:13:23 2014

cout:522
_cout:2835
true_yield:53
Start pseudo exp fit:15
The local date and time is: Mon Apr 28 02:13:26 2014

 FCN=28.519 FROM HESSE     STATUS=RESET          30 CALLS         526 TOTAL
                     EDM=6.46063e-07    STRATEGY= 1  ERROR MATRIX UNCERTAINTY 100.0 per cent
  EXT PARAMETER                APPROXIMATE        STEP         FIRST   
  NO.   NAME      VALUE            ERROR          SIZE      DERIVATIVE 
   1  p0           9.39542e-01   1.70740e-01   1.70740e-03   3.16243e+00
   2  p1           5.37678e+00   2.79409e-03   2.79409e-05   2.27869e+02
   3  p2           1.17656e-02     fixed    
   4  p3           3.07553e+01   3.24133e-01   3.24133e-03  -2.03405e+00
   5  p4          -4.92306e-02   5.74170e-02   5.74170e-04  -3.61268e+02
   6  p5          -7.99229e-01   1.01292e-02   1.01292e-04   1.90841e+01
   7  p6           0.00000e+00   1.41421e+00   1.41421e-02  -1.92820e-02
   8  p7           7.40832e-01     fixed    
   9  p8           2.93696e-02     fixed    
  10  p9           0.00000e+00   1.00000e+00   1.00000e-02  -1.37997e-01
  11  p10          0.00000e+00   1.00000e+00   1.00000e-02  -8.17572e-01
  12  p11          0.00000e+00     fixed    
                               ERR DEF= 0.5
359
fit result:46.9771 46.9771
The local date and time is: Mon Apr 28 02:13:27 2014

Pseudo exp:16
The local date and time is: Mon Apr 28 02:13:27 2014

cout:522
_cout:3012
true_yield:29
Start pseudo exp fit:16
The local date and time is: Mon Apr 28 02:13:30 2014

 FCN=22.6921 FROM HESSE     STATUS=RESET          30 CALLS         507 TOTAL
                     EDM=7.41392e-08    STRATEGY= 1  ERROR MATRIX UNCERTAINTY 100.0 per cent
  EXT PARAMETER                APPROXIMATE        STEP         FIRST   
  NO.   NAME      VALUE            ERROR          SIZE      DERIVATIVE 
   1  p0           6.69870e-01   1.54571e-01   1.54571e-03   3.49323e+00
   2  p1           5.36726e+00   5.74451e-03   5.74451e-05   1.10834e+02
   3  p2           1.17656e-02     fixed    
   4  p3           2.74868e+02   3.10106e-01   3.10106e-03  -2.12606e+00
   5  p4          -8.79472e+01   5.48046e-02   5.48046e-04  -6.16725e+05
   6  p5           7.08365e+00   9.64269e-03   9.64269e-05   2.00470e+01
   7  p6           0.00000e+00   5.57344e+01   5.57344e-01  -4.89265e-04
   8  p7           7.40832e-01     fixed    
   9  p8           2.93696e-02     fixed    
  10  p9           0.00000e+00   1.00000e+00   1.00000e-02  -1.37997e-01
  11  p10          0.00000e+00   1.00000e+00   1.00000e-02  -8.17572e-01
  12  p11          0.00000e+00     fixed    
                               ERR DEF= 0.5
335
fit result:33.4935 33.4935
The local date and time is: Mon Apr 28 02:13:30 2014

Pseudo exp:17
The local date and time is: Mon Apr 28 02:13:30 2014

cout:522
_cout:3159
true_yield:41
Start pseudo exp fit:17
The local date and time is: Mon Apr 28 02:13:33 2014

 FCN=21.8692 FROM HESSE     STATUS=RESET          30 CALLS        2551 TOTAL
                     EDM=3.9422e-07    STRATEGY= 1  ERROR MATRIX UNCERTAINTY 100.0 per cent
  EXT PARAMETER                APPROXIMATE        STEP         FIRST   
  NO.   NAME      VALUE            ERROR          SIZE      DERIVATIVE 
   1  p0           8.36996e-01   1.60525e-01   1.60525e-03   3.36366e+00
   2  p1           5.37345e+00   3.08499e-03   3.08499e-05   2.06382e+02
   3  p2           1.17656e-02     fixed    
   4  p3           1.20999e+02   3.39554e-01   3.39554e-03  -1.94168e+00
   5  p4          -3.55316e+01   6.06019e-02   6.06019e-04  -2.38278e+05
   6  p5           2.65476e+00   1.07621e-02   1.07621e-04   1.79618e+01
   7  p6           0.00000e+00   2.40000e+00   2.40000e-02  -1.13620e-02
   8  p7           7.40832e-01     fixed    
   9  p8           2.93696e-02     fixed    
  10  p9           0.00000e+00   1.00000e+00   1.00000e-02  -1.37997e-01
  11  p10          0.00000e+00   1.00000e+00   1.00000e-02  -8.17572e-01
  12  p11          0.00000e+00     fixed    
                               ERR DEF= 0.5
347
fit result:41.8498 41.8498
The local date and time is: Mon Apr 28 02:13:34 2014

Pseudo exp:18
The local date and time is: Mon Apr 28 02:13:34 2014

cout:522
_cout:2772
true_yield:48
Start pseudo exp fit:18
The local date and time is: Mon Apr 28 02:13:37 2014

 FCN=12.9771 FROM HESSE     STATUS=RESET          30 CALLS         507 TOTAL
                     EDM=5.64039e-07    STRATEGY= 1  ERROR MATRIX UNCERTAINTY 100.0 per cent
  EXT PARAMETER                APPROXIMATE        STEP         FIRST   
  NO.   NAME      VALUE            ERROR          SIZE      DERIVATIVE 
   1  p0           8.62100e-01   1.63823e-01   1.63823e-03   3.29596e+00
   2  p1           5.36734e+00   2.85032e-03   2.85032e-05   2.23374e+02
   3  p2           1.17656e-02     fixed    
   4  p3           8.85531e+01   3.15677e-01   3.15677e-03  -2.08854e+00
   5  p4          -2.05623e+01   5.57495e-02   5.57495e-04  -1.52221e+05
   6  p5           1.01407e+00   9.80024e-03   9.80024e-05   1.97247e+01
   7  p6           0.00000e+00   2.40000e+00   2.40000e-02  -1.13620e-02
   8  p7           7.40832e-01     fixed    
   9  p8           2.93696e-02     fixed    
  10  p9           0.00000e+00   1.00000e+00   1.00000e-02  -1.37997e-01
  11  p10          0.00000e+00   1.00000e+00   1.00000e-02  -8.17572e-01
  12  p11          0.00000e+00     fixed    
                               ERR DEF= 0.5
354
fit result:43.105 43.105
The local date and time is: Mon Apr 28 02:13:37 2014

Pseudo exp:19
The local date and time is: Mon Apr 28 02:13:37 2014

cout:522
_cout:2990
true_yield:46
Start pseudo exp fit:19
The local date and time is: Mon Apr 28 02:13:40 2014

 FCN=18.5214 FROM HESSE     STATUS=RESET          30 CALLS         546 TOTAL
                     EDM=8.67683e-07    STRATEGY= 1  ERROR MATRIX UNCERTAINTY 100.0 per cent
  EXT PARAMETER                APPROXIMATE        STEP         FIRST   
  NO.   NAME      VALUE            ERROR          SIZE      DERIVATIVE 
   1  p0           8.36528e-01   1.65076e-01   1.65076e-03   3.27093e+00
   2  p1           5.36993e+00   3.68553e-03   3.68553e-05   1.72753e+02
   3  p2           1.17656e-02     fixed    
   4  p3           3.40209e+01   3.30880e-01   3.30880e-03  -1.99258e+00
   5  p4          -2.33371e+00   5.87545e-02   5.87545e-04  -1.66977e+04
   6  p5          -4.93958e-01   1.03829e-02   1.03829e-04   1.86177e+01
   7  p6           0.00000e+00   2.00000e+00   2.00000e-02  -1.36344e-02
   8  p7           7.40832e-01     fixed    
   9  p8           2.93696e-02     fixed    
  10  p9           0.00000e+00   1.00000e+00   1.00000e-02  -1.37997e-01
  11  p10          0.00000e+00   1.00000e+00   1.00000e-02  -8.17572e-01
  12  p11          0.00000e+00     fixed    
                               ERR DEF= 0.5
352
fit result:41.8264 41.8264
The local date and time is: Mon Apr 28 02:13:41 2014

