000 (263758.000.000) 04/26 03:18:10 Job submitted from host: <18.12.1.74:45694>
...
009 (263758.000.000) 04/26 03:18:32 Job was aborted by the user.
	via condor_rm (by user tawei)
...
000 (263808.000.000) 04/26 03:19:16 Job submitted from host: <18.12.1.74:45694>
...
001 (263808.000.000) 04/26 03:20:37 Job executing on host: <18.12.9.23:49636>
...
006 (263808.000.000) 04/26 03:20:45 Image size of job updated: 272856
	120  -  MemoryUsage of job (MB)
	122284  -  ResidentSetSize of job (KB)
...
006 (263808.000.000) 04/26 03:24:31 Image size of job updated: 316184
	120  -  MemoryUsage of job (MB)
	122284  -  ResidentSetSize of job (KB)
...
005 (263808.000.000) 04/26 03:24:31 Job terminated.
	(1) Normal termination (return value 0)
		Usr 0 00:03:19, Sys 0 00:00:04  -  Run Remote Usage
		Usr 0 00:00:00, Sys 0 00:00:00  -  Run Local Usage
		Usr 0 00:03:19, Sys 0 00:00:04  -  Total Remote Usage
		Usr 0 00:00:00, Sys 0 00:00:00  -  Total Local Usage
	33461  -  Run Bytes Sent By Job
	32579  -  Run Bytes Received By Job
	33461  -  Total Bytes Sent By Job
	32579  -  Total Bytes Received By Job
	Partitionable Resources :    Usage  Request          
	   Cpus                 :                 1          
	   Disk (KB)            :       87       87          
	   Memory (MB)          :      120      120          
...
000 (263910.000.000) 04/26 04:01:39 Job submitted from host: <18.12.1.74:45694>
...
001 (263910.000.000) 04/26 04:02:43 Job executing on host: <18.12.8.240:48249>
...
006 (263910.000.000) 04/26 04:02:52 Image size of job updated: 1
	2  -  MemoryUsage of job (MB)
	1700  -  ResidentSetSize of job (KB)
...
006 (263910.000.000) 04/26 04:07:10 Image size of job updated: 315460
	2  -  MemoryUsage of job (MB)
	1700  -  ResidentSetSize of job (KB)
...
005 (263910.000.000) 04/26 04:07:10 Job terminated.
	(1) Normal termination (return value 0)
		Usr 0 00:03:15, Sys 0 00:00:05  -  Run Remote Usage
		Usr 0 00:00:00, Sys 0 00:00:00  -  Run Local Usage
		Usr 0 00:03:15, Sys 0 00:00:05  -  Total Remote Usage
		Usr 0 00:00:00, Sys 0 00:00:00  -  Total Local Usage
	32785  -  Run Bytes Sent By Job
	32607  -  Run Bytes Received By Job
	32785  -  Total Bytes Sent By Job
	32607  -  Total Bytes Received By Job
	Partitionable Resources :    Usage  Request          
	   Cpus                 :                 1          
	   Disk (KB)            :       86       86          
	   Memory (MB)          :        2        2          
...
000 (265267.000.000) 04/27 23:58:48 Job submitted from host: <18.12.1.74:45694>
...
009 (265267.000.000) 04/27 23:59:18 Job was aborted by the user.
	via condor_rm (by user tawei)
...
000 (265317.000.000) 04/27 23:59:33 Job submitted from host: <18.12.1.74:45694>
...
001 (265317.000.000) 04/27 23:59:38 Job executing on host: <18.12.8.223:41387>
...
006 (265317.000.000) 04/27 23:59:38 Image size of job updated: 76652
	0  -  MemoryUsage of job (MB)
	0  -  ResidentSetSize of job (KB)
...
005 (265317.000.000) 04/27 23:59:38 Job terminated.
	(1) Normal termination (return value 1)
		Usr 0 00:00:00, Sys 0 00:00:00  -  Run Remote Usage
		Usr 0 00:00:00, Sys 0 00:00:00  -  Run Local Usage
		Usr 0 00:00:00, Sys 0 00:00:00  -  Total Remote Usage
		Usr 0 00:00:00, Sys 0 00:00:00  -  Total Local Usage
	1145  -  Run Bytes Sent By Job
	32875  -  Run Bytes Received By Job
	1145  -  Total Bytes Sent By Job
	32875  -  Total Bytes Received By Job
	Partitionable Resources :    Usage  Request          
	   Cpus                 :                 1          
	   Disk (KB)            :       56       56          
	   Memory (MB)          :        0        0          
...
000 (265575.000.000) 04/28 02:01:17 Job submitted from host: <18.12.1.74:45694>
...
001 (265575.000.000) 04/28 02:02:09 Job executing on host: <18.12.9.3:47008>
...
006 (265575.000.000) 04/28 02:02:18 Image size of job updated: 24544
	2  -  MemoryUsage of job (MB)
	1596  -  ResidentSetSize of job (KB)
...
006 (265575.000.000) 04/28 02:07:20 Image size of job updated: 288568
	150  -  MemoryUsage of job (MB)
	153248  -  ResidentSetSize of job (KB)
...
006 (265575.000.000) 04/28 02:17:22 Image size of job updated: 312888
	164  -  MemoryUsage of job (MB)
	167684  -  ResidentSetSize of job (KB)
...
006 (265575.000.000) 04/28 02:17:47 Image size of job updated: 315856
	164  -  MemoryUsage of job (MB)
	167684  -  ResidentSetSize of job (KB)
...
005 (265575.000.000) 04/28 02:17:47 Job terminated.
	(1) Normal termination (return value 0)
		Usr 0 00:02:33, Sys 0 00:00:04  -  Run Remote Usage
		Usr 0 00:00:00, Sys 0 00:00:00  -  Run Local Usage
		Usr 0 00:02:33, Sys 0 00:00:04  -  Total Remote Usage
		Usr 0 00:00:00, Sys 0 00:00:00  -  Total Local Usage
	32789  -  Run Bytes Sent By Job
	32889  -  Run Bytes Received By Job
	32789  -  Total Bytes Sent By Job
	32889  -  Total Bytes Received By Job
	Partitionable Resources :    Usage  Request          
	   Cpus                 :                 1          
	   Disk (KB)            :      464      464          
	   Memory (MB)          :      164      164          
...
