000 (263723.000.000) 04/26 03:18:07 Job submitted from host: <18.12.1.74:45694>
...
009 (263723.000.000) 04/26 03:18:32 Job was aborted by the user.
	via condor_rm (by user tawei)
...
000 (263773.000.000) 04/26 03:19:12 Job submitted from host: <18.12.1.74:45694>
...
001 (263773.000.000) 04/26 03:20:35 Job executing on host: <18.12.8.221:42190>
...
006 (263773.000.000) 04/26 03:20:44 Image size of job updated: 66804
	10  -  MemoryUsage of job (MB)
	9508  -  ResidentSetSize of job (KB)
...
006 (263773.000.000) 04/26 03:25:24 Image size of job updated: 316312
	10  -  MemoryUsage of job (MB)
	9508  -  ResidentSetSize of job (KB)
...
005 (263773.000.000) 04/26 03:25:24 Job terminated.
	(1) Normal termination (return value 0)
		Usr 0 00:03:55, Sys 0 00:00:06  -  Run Remote Usage
		Usr 0 00:00:00, Sys 0 00:00:00  -  Run Local Usage
		Usr 0 00:03:55, Sys 0 00:00:06  -  Total Remote Usage
		Usr 0 00:00:00, Sys 0 00:00:00  -  Total Local Usage
	33462  -  Run Bytes Sent By Job
	32579  -  Run Bytes Received By Job
	33462  -  Total Bytes Sent By Job
	32579  -  Total Bytes Received By Job
	Partitionable Resources :    Usage  Request          
	   Cpus                 :                 1          
	   Disk (KB)            :       87       87          
	   Memory (MB)          :       10       10          
...
000 (263875.000.000) 04/26 04:01:34 Job submitted from host: <18.12.1.74:45694>
...
001 (263875.000.000) 04/26 04:02:39 Job executing on host: <18.12.8.89:42628>
...
006 (263875.000.000) 04/26 04:02:47 Image size of job updated: 1
	2  -  MemoryUsage of job (MB)
	1708  -  ResidentSetSize of job (KB)
...
006 (263875.000.000) 04/26 04:07:47 Image size of job updated: 314580
	166  -  MemoryUsage of job (MB)
	169668  -  ResidentSetSize of job (KB)
...
006 (263875.000.000) 04/26 04:08:08 Image size of job updated: 316700
	166  -  MemoryUsage of job (MB)
	169668  -  ResidentSetSize of job (KB)
...
005 (263875.000.000) 04/26 04:08:08 Job terminated.
	(1) Normal termination (return value 0)
		Usr 0 00:04:24, Sys 0 00:00:12  -  Run Remote Usage
		Usr 0 00:00:00, Sys 0 00:00:00  -  Run Local Usage
		Usr 0 00:04:24, Sys 0 00:00:12  -  Total Remote Usage
		Usr 0 00:00:00, Sys 0 00:00:00  -  Total Local Usage
	32846  -  Run Bytes Sent By Job
	32607  -  Run Bytes Received By Job
	32846  -  Total Bytes Sent By Job
	32607  -  Total Bytes Received By Job
	Partitionable Resources :    Usage  Request          
	   Cpus                 :                 1          
	   Disk (KB)            :      587      587          
	   Memory (MB)          :      166      166          
...
000 (265232.000.000) 04/27 23:58:35 Job submitted from host: <18.12.1.74:45694>
...
009 (265232.000.000) 04/27 23:59:18 Job was aborted by the user.
	via condor_rm (by user tawei)
...
000 (265282.000.000) 04/27 23:59:28 Job submitted from host: <18.12.1.74:45694>
...
001 (265282.000.000) 04/27 23:59:36 Job executing on host: <18.12.8.252:48760>
...
006 (265282.000.000) 04/27 23:59:41 Image size of job updated: 68516
	0  -  MemoryUsage of job (MB)
	0  -  ResidentSetSize of job (KB)
...
005 (265282.000.000) 04/27 23:59:41 Job terminated.
	(1) Normal termination (return value 1)
		Usr 0 00:00:00, Sys 0 00:00:00  -  Run Remote Usage
		Usr 0 00:00:00, Sys 0 00:00:00  -  Run Local Usage
		Usr 0 00:00:00, Sys 0 00:00:00  -  Total Remote Usage
		Usr 0 00:00:00, Sys 0 00:00:00  -  Total Local Usage
	1146  -  Run Bytes Sent By Job
	32875  -  Run Bytes Received By Job
	1146  -  Total Bytes Sent By Job
	32875  -  Total Bytes Received By Job
	Partitionable Resources :    Usage  Request          
	   Cpus                 :                 1          
	   Disk (KB)            :       56       56          
	   Memory (MB)          :        0        0          
...
000 (265540.000.000) 04/28 02:01:12 Job submitted from host: <18.12.1.74:45694>
...
001 (265540.000.000) 04/28 02:02:07 Job executing on host: <18.12.8.195:41095>
...
006 (265540.000.000) 04/28 02:02:15 Image size of job updated: 69568
	14  -  MemoryUsage of job (MB)
	13716  -  ResidentSetSize of job (KB)
...
006 (265540.000.000) 04/28 02:07:15 Image size of job updated: 288568
	151  -  MemoryUsage of job (MB)
	153700  -  ResidentSetSize of job (KB)
...
006 (265540.000.000) 04/28 02:14:12 Image size of job updated: 316348
	151  -  MemoryUsage of job (MB)
	153700  -  ResidentSetSize of job (KB)
...
005 (265540.000.000) 04/28 02:14:12 Job terminated.
	(1) Normal termination (return value 0)
		Usr 0 00:02:52, Sys 0 00:00:03  -  Run Remote Usage
		Usr 0 00:00:00, Sys 0 00:00:00  -  Run Local Usage
		Usr 0 00:02:52, Sys 0 00:00:03  -  Total Remote Usage
		Usr 0 00:00:00, Sys 0 00:00:00  -  Total Local Usage
	32785  -  Run Bytes Sent By Job
	32889  -  Run Bytes Received By Job
	32785  -  Total Bytes Sent By Job
	32889  -  Total Bytes Received By Job
	Partitionable Resources :    Usage  Request          
	   Cpus                 :                 1          
	   Disk (KB)            :       87       87          
	   Memory (MB)          :      151      151          
...
