000 (263746.000.000) 04/26 03:18:09 Job submitted from host: <18.12.1.74:45694>
...
009 (263746.000.000) 04/26 03:18:32 Job was aborted by the user.
	via condor_rm (by user tawei)
...
000 (263796.000.000) 04/26 03:19:14 Job submitted from host: <18.12.1.74:45694>
...
001 (263796.000.000) 04/26 03:20:36 Job executing on host: <18.12.8.238:45475>
...
006 (263796.000.000) 04/26 03:20:44 Image size of job updated: 1
	2  -  MemoryUsage of job (MB)
	1708  -  ResidentSetSize of job (KB)
...
006 (263796.000.000) 04/26 03:24:19 Image size of job updated: 315060
	2  -  MemoryUsage of job (MB)
	1708  -  ResidentSetSize of job (KB)
...
005 (263796.000.000) 04/26 03:24:19 Job terminated.
	(1) Normal termination (return value 0)
		Usr 0 00:02:43, Sys 0 00:00:04  -  Run Remote Usage
		Usr 0 00:00:00, Sys 0 00:00:00  -  Run Local Usage
		Usr 0 00:02:43, Sys 0 00:00:04  -  Total Remote Usage
		Usr 0 00:00:00, Sys 0 00:00:00  -  Total Local Usage
	33458  -  Run Bytes Sent By Job
	32579  -  Run Bytes Received By Job
	33458  -  Total Bytes Sent By Job
	32579  -  Total Bytes Received By Job
	Partitionable Resources :    Usage  Request          
	   Cpus                 :                 1          
	   Disk (KB)            :       87       87          
	   Memory (MB)          :        2        2          
...
000 (263898.000.000) 04/26 04:01:37 Job submitted from host: <18.12.1.74:45694>
...
001 (263898.000.000) 04/26 04:02:40 Job executing on host: <18.12.8.179:48614>
...
006 (263898.000.000) 04/26 04:02:49 Image size of job updated: 9240
	2  -  MemoryUsage of job (MB)
	1260  -  ResidentSetSize of job (KB)
...
006 (263898.000.000) 04/26 04:06:31 Image size of job updated: 315832
	2  -  MemoryUsage of job (MB)
	1260  -  ResidentSetSize of job (KB)
...
005 (263898.000.000) 04/26 04:06:32 Job terminated.
	(1) Normal termination (return value 0)
		Usr 0 00:02:49, Sys 0 00:00:04  -  Run Remote Usage
		Usr 0 00:00:00, Sys 0 00:00:00  -  Run Local Usage
		Usr 0 00:02:49, Sys 0 00:00:04  -  Total Remote Usage
		Usr 0 00:00:00, Sys 0 00:00:00  -  Total Local Usage
	32786  -  Run Bytes Sent By Job
	32607  -  Run Bytes Received By Job
	32786  -  Total Bytes Sent By Job
	32607  -  Total Bytes Received By Job
	Partitionable Resources :    Usage  Request          
	   Cpus                 :                 1          
	   Disk (KB)            :       86       86          
	   Memory (MB)          :        2        2          
...
000 (265255.000.000) 04/27 23:58:44 Job submitted from host: <18.12.1.74:45694>
...
009 (265255.000.000) 04/27 23:59:18 Job was aborted by the user.
	via condor_rm (by user tawei)
...
000 (265305.000.000) 04/27 23:59:31 Job submitted from host: <18.12.1.74:45694>
...
001 (265305.000.000) 04/27 23:59:38 Job executing on host: <18.12.8.1:42263>
...
006 (265305.000.000) 04/27 23:59:44 Image size of job updated: 113012
	0  -  MemoryUsage of job (MB)
	0  -  ResidentSetSize of job (KB)
...
005 (265305.000.000) 04/27 23:59:44 Job terminated.
	(1) Normal termination (return value 1)
		Usr 0 00:00:00, Sys 0 00:00:00  -  Run Remote Usage
		Usr 0 00:00:00, Sys 0 00:00:00  -  Run Local Usage
		Usr 0 00:00:00, Sys 0 00:00:00  -  Total Remote Usage
		Usr 0 00:00:00, Sys 0 00:00:00  -  Total Local Usage
	1146  -  Run Bytes Sent By Job
	32875  -  Run Bytes Received By Job
	1146  -  Total Bytes Sent By Job
	32875  -  Total Bytes Received By Job
	Partitionable Resources :    Usage  Request          
	   Cpus                 :                 1          
	   Disk (KB)            :       56       56          
	   Memory (MB)          :        0        0          
...
000 (265563.000.000) 04/28 02:01:15 Job submitted from host: <18.12.1.74:45694>
...
001 (265563.000.000) 04/28 02:02:08 Job executing on host: <18.12.12.67:41898>
...
006 (265563.000.000) 04/28 02:02:17 Image size of job updated: 30788
	3  -  MemoryUsage of job (MB)
	2376  -  ResidentSetSize of job (KB)
...
006 (265563.000.000) 04/28 02:07:20 Image size of job updated: 288572
	151  -  MemoryUsage of job (MB)
	153684  -  ResidentSetSize of job (KB)
...
006 (265563.000.000) 04/28 02:11:05 Image size of job updated: 315476
	151  -  MemoryUsage of job (MB)
	153684  -  ResidentSetSize of job (KB)
...
005 (265563.000.000) 04/28 02:11:05 Job terminated.
	(1) Normal termination (return value 0)
		Usr 0 00:03:08, Sys 0 00:00:03  -  Run Remote Usage
		Usr 0 00:00:00, Sys 0 00:00:00  -  Run Local Usage
		Usr 0 00:03:08, Sys 0 00:00:03  -  Total Remote Usage
		Usr 0 00:00:00, Sys 0 00:00:00  -  Total Local Usage
	32784  -  Run Bytes Sent By Job
	32889  -  Run Bytes Received By Job
	32784  -  Total Bytes Sent By Job
	32889  -  Total Bytes Received By Job
	Partitionable Resources :    Usage  Request          
	   Cpus                 :                 1          
	   Disk (KB)            :       87       87          
	   Memory (MB)          :      151      151          
...
