/export/data1/condor/execute/dir_10211
gcc (GCC) 4.6.2
Copyright (C) 2011 Free Software Foundation, Inc.
This is free software; see the source for copying conditions.  There is NO
warranty; not even for MERCHANTABILITY or FITNESS FOR A PARTICULAR PURPOSE.

5.32/00
Linux version 2.6.32-358.el6.x86_64 (mockbuild@sl6.fnal.gov) (gcc version 4.4.7 20120313 (Red Hat 4.4.7-3) (GCC) ) #1 SMP Fri Feb 22 20:37:17 CST 2013

Processing fitBs.C(47)...
The local date and time is: Mon Apr 28 02:03:40 2014

 FCN=51.09 FROM HESSE     STATUS=RESET          35 CALLS         818 TOTAL
                     EDM=1.74677e-07    STRATEGY= 1  ERROR MATRIX UNCERTAINTY 100.0 per cent
  EXT PARAMETER                APPROXIMATE        STEP         FIRST   
  NO.   NAME      VALUE            ERROR          SIZE      DERIVATIVE 
   1  p0           1.46834e+02   1.71547e+00   1.71547e-02   3.14754e-01
   2  p1           5.36991e+00   1.80509e-04   1.80509e-06   3.52717e+03
   3  p2           1.17656e-02   1.36451e-04   1.36451e-06  -3.26142e-01
   4  p3           1.28682e+01   1.57196e-01   1.57196e-03  -2.68056e+00
   5  p4          -2.04693e-02   2.71701e-02   2.71701e-04   1.45628e+02
   6  p5          -3.51569e-01   4.68012e-03   4.68012e-05  -5.82654e+00
   7  p6           0.00000e+00   2.82843e+00   2.82843e-02  -4.87893e-02
   8  p7           7.40832e-01   1.00098e-02   1.00098e-04  -1.55201e+01
   9  p8           2.93696e-02   6.11333e-04   6.11333e-06   5.60321e-01
  10  p9           0.00000e+00   1.00000e+00   1.00000e-02   2.81800e-02
  11  p10          0.00000e+00   1.00000e+00   1.00000e-02   4.32797e-01
  12  p11          0.00000e+00     fixed    
                               ERR DEF= 0.5
 FCN=19.702 FROM HESSE     STATUS=RESET          30 CALLS         507 TOTAL
                     EDM=3.56714e-09    STRATEGY= 1  ERROR MATRIX UNCERTAINTY 100.0 per cent
  EXT PARAMETER                APPROXIMATE        STEP         FIRST   
  NO.   NAME      VALUE            ERROR          SIZE      DERIVATIVE 
   1  p0           8.80688e-01   1.62070e-01   1.62070e-03   3.33161e+00
   2  p1           5.37091e+00   2.64329e-03   2.64329e-05   2.40869e+02
   3  p2           1.17656e-02     fixed    
   4  p3           1.07018e+02   3.23872e-01   3.23872e-03  -2.03570e+00
   5  p4          -2.82726e+01   5.74207e-02   5.74207e-04  -2.01608e+05
   6  p5           1.80062e+00   1.01328e-02   1.01328e-04   1.90773e+01
   7  p6           0.00000e+00   5.65685e+00   5.65685e-02  -4.82050e-03
   8  p7           7.40832e-01     fixed    
   9  p8           2.93696e-02     fixed    
  10  p9           0.00000e+00   1.00000e+00   1.00000e-02  -1.37997e-01
  11  p10          0.00000e+00   1.00000e+00   1.00000e-02  -8.17572e-01
  12  p11          0.00000e+00     fixed    
                               ERR DEF= 0.5
351
fit result:44.0344 44.0344
The local date and time is: Mon Apr 28 02:16:43 2014

Got Nsig:530/44.0344
Got extracted:44.0344
Pseudo exp:0
The local date and time is: Mon Apr 28 02:16:43 2014

cout:530
_cout:2966
true_yield:39
Start pseudo exp fit:0
The local date and time is: Mon Apr 28 02:16:46 2014

 FCN=36.2828 FROM HESSE     STATUS=RESET          30 CALLS         507 TOTAL
                     EDM=3.05757e-08    STRATEGY= 1  ERROR MATRIX UNCERTAINTY 100.0 per cent
  EXT PARAMETER                APPROXIMATE        STEP         FIRST   
  NO.   NAME      VALUE            ERROR          SIZE      DERIVATIVE 
   1  p0           8.08706e-01   1.62650e-01   1.62650e-03   3.31972e+00
   2  p1           5.36588e+00   3.67592e-03   3.67592e-05   1.73204e+02
   3  p2           1.17656e-02     fixed    
   4  p3           2.55839e+02   3.07207e-01   3.07207e-03  -2.14613e+00
   5  p4          -8.06431e+01   5.41608e-02   5.41608e-04  -5.76810e+05
   6  p5           6.38865e+00   9.50492e-03   9.50492e-05   2.03375e+01
   7  p6           0.00000e+00   8.00000e+00   8.00000e-02  -3.40861e-03
   8  p7           7.40832e-01     fixed    
   9  p8           2.93696e-02     fixed    
  10  p9           0.00000e+00   1.00000e+00   1.00000e-02  -1.37997e-01
  11  p10          0.00000e+00   1.00000e+00   1.00000e-02  -8.17572e-01
  12  p11          0.00000e+00     fixed    
                               ERR DEF= 0.5
345
fit result:40.4353 40.4353
The local date and time is: Mon Apr 28 02:16:47 2014

Pseudo exp:1
The local date and time is: Mon Apr 28 02:16:47 2014

cout:530
_cout:2839
true_yield:51
Start pseudo exp fit:1
The local date and time is: Mon Apr 28 02:16:50 2014

 FCN=20.5826 FROM HESSE     STATUS=RESET          30 CALLS         507 TOTAL
                     EDM=2.8518e-07    STRATEGY= 1  ERROR MATRIX UNCERTAINTY 100.0 per cent
  EXT PARAMETER                APPROXIMATE        STEP         FIRST   
  NO.   NAME      VALUE            ERROR          SIZE      DERIVATIVE 
   1  p0           9.11643e-01   1.70494e-01   1.70494e-03   3.16699e+00
   2  p1           5.36815e+00   3.73675e-03   3.73675e-05   1.70385e+02
   3  p2           1.17656e-02     fixed    
   4  p3           1.07724e+02   3.39544e-01   3.39544e-03  -1.94173e+00
   5  p4          -2.98932e+01   6.04729e-02   6.04729e-04  -2.02068e+05
   6  p5           2.07425e+00   1.07173e-02   1.07173e-04   1.80368e+01
   7  p6           0.00000e+00   5.65685e+00   5.65685e-02  -4.82050e-03
   8  p7           7.40832e-01     fixed    
   9  p8           2.93696e-02     fixed    
  10  p9           0.00000e+00   1.00000e+00   1.00000e-02  -1.37997e-01
  11  p10          0.00000e+00   1.00000e+00   1.00000e-02  -8.17572e-01
  12  p11          0.00000e+00     fixed    
                               ERR DEF= 0.5
357
fit result:45.5821 45.5822
The local date and time is: Mon Apr 28 02:16:50 2014

Pseudo exp:2
The local date and time is: Mon Apr 28 02:16:50 2014

cout:530
_cout:2997
true_yield:45
Start pseudo exp fit:2
The local date and time is: Mon Apr 28 02:16:53 2014

 FCN=24.5716 FROM HESSE     STATUS=RESET          30 CALLS         567 TOTAL
                     EDM=1.02703e-07    STRATEGY= 1  ERROR MATRIX UNCERTAINTY 100.0 per cent
  EXT PARAMETER                APPROXIMATE        STEP         FIRST   
  NO.   NAME      VALUE            ERROR          SIZE      DERIVATIVE 
   1  p0           1.09581e+00   1.77710e-01   1.77710e-03   3.03839e+00
   2  p1           5.37508e+00   2.46183e-03   2.46183e-05   2.58623e+02
   3  p2           1.17656e-02     fixed    
   4  p3           4.08025e+01   3.16968e-01   3.16968e-03  -2.08003e+00
   5  p4          -4.58061e+00   5.61236e-02   5.61236e-04  -3.42334e+04
   6  p5          -3.19280e-01   9.89024e-03   9.89024e-05   1.95452e+01
   7  p6           0.00000e+00   2.00000e+00   2.00000e-02  -1.36344e-02
   8  p7           7.40832e-01     fixed    
   9  p8           2.93696e-02     fixed    
  10  p9           0.00000e+00   1.00000e+00   1.00000e-02  -1.37997e-01
  11  p10          0.00000e+00   1.00000e+00   1.00000e-02  -8.17572e-01
  12  p11          0.00000e+00     fixed    
                               ERR DEF= 0.5
351
fit result:54.7903 54.7903
The local date and time is: Mon Apr 28 02:16:54 2014

Pseudo exp:3
The local date and time is: Mon Apr 28 02:16:54 2014

cout:530
_cout:3061
true_yield:48
Start pseudo exp fit:3
The local date and time is: Mon Apr 28 02:16:57 2014

 FCN=25.633 FROM HESSE     STATUS=RESET          30 CALLS         507 TOTAL
                     EDM=1.19031e-07    STRATEGY= 1  ERROR MATRIX UNCERTAINTY 100.0 per cent
  EXT PARAMETER                APPROXIMATE        STEP         FIRST   
  NO.   NAME      VALUE            ERROR          SIZE      DERIVATIVE 
   1  p0           9.97309e-01   1.71532e-01   1.71532e-03   3.14781e+00
   2  p1           5.36438e+00   2.56567e-03   2.56567e-05   2.48156e+02
   3  p2           1.17656e-02     fixed    
   4  p3           1.89950e+02   3.23383e-01   3.23383e-03  -2.03877e+00
   5  p4          -5.83945e+01   5.73398e-02   5.73398e-04  -4.04065e+05
   6  p5           4.52636e+00   1.01195e-02   1.01195e-04   1.91024e+01
   7  p6           0.00000e+00   5.56303e+01   5.56303e-01  -4.90180e-04
   8  p7           7.40832e-01     fixed    
   9  p8           2.93696e-02     fixed    
  10  p9           0.00000e+00   1.00000e+00   1.00000e-02  -1.37997e-01
  11  p10          0.00000e+00   1.00000e+00   1.00000e-02  -8.17572e-01
  12  p11          0.00000e+00     fixed    
                               ERR DEF= 0.5
354
fit result:49.8655 49.8655
The local date and time is: Mon Apr 28 02:16:57 2014

Pseudo exp:4
The local date and time is: Mon Apr 28 02:16:57 2014

cout:530
_cout:3065
true_yield:54
Start pseudo exp fit:4
The local date and time is: Mon Apr 28 02:17:01 2014

 FCN=17.7051 FROM HESSE     STATUS=RESET          30 CALLS         507 TOTAL
                     EDM=2.12704e-08    STRATEGY= 1  ERROR MATRIX UNCERTAINTY 100.0 per cent
  EXT PARAMETER                APPROXIMATE        STEP         FIRST   
  NO.   NAME      VALUE            ERROR          SIZE      DERIVATIVE 
   1  p0           1.16500e+00   1.85977e-01   1.85977e-03   2.90333e+00
   2  p1           5.36857e+00   3.37000e-03   3.37000e-05   1.88928e+02
   3  p2           1.17656e-02     fixed    
   4  p3           3.20383e+02   3.21181e-01   3.21181e-03  -2.05275e+00
   5  p4          -1.05362e+02   5.69570e-02   5.69570e-04  -6.97352e+05
   6  p5           8.74098e+00   1.00569e-02   1.00569e-04   1.92214e+01
   7  p6           0.00000e+00   7.97724e+01   7.97724e-01  -3.41834e-04
   8  p7           7.40832e-01     fixed    
   9  p8           2.93696e-02     fixed    
  10  p9           0.00000e+00   1.00000e+00   1.00000e-02  -1.37997e-01
  11  p10          0.00000e+00   1.00000e+00   1.00000e-02  -8.17572e-01
  12  p11          0.00000e+00     fixed    
                               ERR DEF= 0.5
360
fit result:58.2502 58.2502
The local date and time is: Mon Apr 28 02:17:01 2014

Pseudo exp:5
The local date and time is: Mon Apr 28 02:17:01 2014

cout:530
_cout:2799
true_yield:53
Start pseudo exp fit:5
The local date and time is: Mon Apr 28 02:17:04 2014

 FCN=26.9469 FROM HESSE     STATUS=RESET          30 CALLS         525 TOTAL
                     EDM=8.05442e-09    STRATEGY= 1  ERROR MATRIX UNCERTAINTY 100.0 per cent
  EXT PARAMETER                APPROXIMATE        STEP         FIRST   
  NO.   NAME      VALUE            ERROR          SIZE      DERIVATIVE 
   1  p0           9.22213e-01   1.71507e-01   1.71507e-03   3.14828e+00
   2  p1           5.36789e+00   3.69747e-03   3.69747e-05   1.72195e+02
   3  p2           1.17656e-02     fixed    
   4  p3           3.09989e+01   3.15522e-01   3.15522e-03  -2.08957e+00
   5  p4          -7.26212e-04   1.06470e+00   1.06470e-02  -1.05306e+02
   6  p5          -8.15547e-01   9.75530e-03   9.75530e-05   1.98155e+01
   7  p6           0.00000e+00   5.65685e+00   5.65685e-02  -4.82050e-03
   8  p7           7.40832e-01     fixed    
   9  p8           2.93696e-02     fixed    
  10  p9           0.00000e+00   1.00000e+00   1.00000e-02  -1.37997e-01
  11  p10          0.00000e+00   1.00000e+00   1.00000e-02  -8.17572e-01
  12  p11          0.00000e+00     fixed    
                               ERR DEF= 0.5
359
fit result:46.1107 46.1107
The local date and time is: Mon Apr 28 02:17:04 2014

Pseudo exp:6
The local date and time is: Mon Apr 28 02:17:04 2014

cout:530
_cout:2844
true_yield:43
Start pseudo exp fit:6
The local date and time is: Mon Apr 28 02:17:08 2014

 FCN=28.7458 FROM HESSE     STATUS=RESET          30 CALLS         507 TOTAL
                     EDM=3.40308e-07    STRATEGY= 1  ERROR MATRIX UNCERTAINTY 100.0 per cent
  EXT PARAMETER                APPROXIMATE        STEP         FIRST   
  NO.   NAME      VALUE            ERROR          SIZE      DERIVATIVE 
   1  p0           8.72817e-01   1.65980e-01   1.65980e-03   3.25312e+00
   2  p1           5.37584e+00   3.41383e-03   3.41383e-05   1.86502e+02
   3  p2           1.17656e-02     fixed    
   4  p3           1.97158e+02   3.41270e-01   3.41270e-03  -1.93192e+00
   5  p4          -6.31958e+01   6.09525e-02   6.09525e-04  -4.09272e+05
   6  p5           5.16049e+00   1.08338e-02   1.08338e-04   1.78429e+01
   7  p6           0.00000e+00   8.00000e+00   8.00000e-02  -3.40861e-03
   8  p7           7.40832e-01     fixed    
   9  p8           2.93696e-02     fixed    
  10  p9           0.00000e+00   1.00000e+00   1.00000e-02  -1.37997e-01
  11  p10          0.00000e+00   1.00000e+00   1.00000e-02  -8.17572e-01
  12  p11          0.00000e+00     fixed    
                               ERR DEF= 0.5
349
fit result:43.6409 43.6409
The local date and time is: Mon Apr 28 02:17:08 2014

Pseudo exp:7
The local date and time is: Mon Apr 28 02:17:08 2014

cout:530
_cout:2921
true_yield:48
Start pseudo exp fit:7
The local date and time is: Mon Apr 28 02:17:11 2014

 FCN=19.9659 FROM HESSE     STATUS=RESET          30 CALLS         507 TOTAL
                     EDM=9.34157e-08    STRATEGY= 1  ERROR MATRIX UNCERTAINTY 100.0 per cent
  EXT PARAMETER                APPROXIMATE        STEP         FIRST   
  NO.   NAME      VALUE            ERROR          SIZE      DERIVATIVE 
   1  p0           6.92661e-01   1.54288e-01   1.54288e-03   3.49963e+00
   2  p1           5.37272e+00   3.83348e-03   3.83348e-05   1.66086e+02
   3  p2           1.17656e-02     fixed    
   4  p3           1.31559e+02   3.15966e-01   3.15966e-03  -2.08663e+00
   5  p4          -3.53941e+01   5.57617e-02   5.57617e-04  -2.57995e+05
   6  p5           2.29114e+00   9.79705e-03   9.79705e-05   1.97311e+01
   7  p6           0.00000e+00   5.65685e+00   5.65685e-02  -4.82050e-03
   8  p7           7.40832e-01     fixed    
   9  p8           2.93696e-02     fixed    
  10  p9           0.00000e+00   1.00000e+00   1.00000e-02  -1.37997e-01
  11  p10          0.00000e+00   1.00000e+00   1.00000e-02  -8.17572e-01
  12  p11          0.00000e+00     fixed    
                               ERR DEF= 0.5
354
fit result:34.633 34.6331
The local date and time is: Mon Apr 28 02:17:11 2014

Pseudo exp:8
The local date and time is: Mon Apr 28 02:17:11 2014

cout:530
_cout:2953
true_yield:44
Start pseudo exp fit:8
The local date and time is: Mon Apr 28 02:17:15 2014

 FCN=35.362 FROM HESSE     STATUS=RESET          30 CALLS         507 TOTAL
                     EDM=2.78934e-07    STRATEGY= 1  ERROR MATRIX UNCERTAINTY 100.0 per cent
  EXT PARAMETER                APPROXIMATE        STEP         FIRST   
  NO.   NAME      VALUE            ERROR          SIZE      DERIVATIVE 
   1  p0           7.50081e-01   1.59748e-01   1.59748e-03   3.38002e+00
   2  p1           5.37355e+00   4.25251e-03   4.25251e-05   1.49720e+02
   3  p2           1.17656e-02     fixed    
   4  p3           2.02427e+02   3.18738e-01   3.18738e-03  -2.06848e+00
   5  p4          -6.15596e+01   5.64081e-02   5.64081e-04  -4.31546e+05
   6  p5           4.69473e+00   9.94077e-03   9.94077e-05   1.94458e+01
   7  p6           0.00000e+00   7.40870e+01   7.40870e-01  -3.68066e-04
   8  p7           7.40832e-01     fixed    
   9  p8           2.93696e-02     fixed    
  10  p9           0.00000e+00   1.00000e+00   1.00000e-02  -1.37997e-01
  11  p10          0.00000e+00   1.00000e+00   1.00000e-02  -8.17572e-01
  12  p11          0.00000e+00     fixed    
                               ERR DEF= 0.5
350
fit result:37.5041 37.5041
The local date and time is: Mon Apr 28 02:17:15 2014

Pseudo exp:9
The local date and time is: Mon Apr 28 02:17:15 2014

cout:530
_cout:2761
true_yield:46
Start pseudo exp fit:9
The local date and time is: Mon Apr 28 02:17:18 2014

 FCN=19.8182 FROM HESSE     STATUS=RESET          30 CALLS         527 TOTAL
                     EDM=2.4241e-07    STRATEGY= 1  ERROR MATRIX UNCERTAINTY 100.0 per cent
  EXT PARAMETER                APPROXIMATE        STEP         FIRST   
  NO.   NAME      VALUE            ERROR          SIZE      DERIVATIVE 
   1  p0           9.27896e-01   1.68830e-01   1.68830e-03   3.19819e+00
   2  p1           5.36959e+00   2.96192e-03   2.96192e-05   2.14957e+02
   3  p2           1.17656e-02     fixed    
   4  p3           2.72763e+01   3.27449e-01   3.27449e-03  -2.01346e+00
   5  p4          -5.78145e-07   1.93735e+01   1.93735e-01** at limit **
   6  p5          -6.97764e-01   1.02609e-02   1.02609e-04   1.88392e+01
   7  p6           0.00000e+00   5.65685e+00   5.65685e-02  -4.82050e-03
   8  p7           7.40832e-01     fixed    
   9  p8           2.93696e-02     fixed    
  10  p9           0.00000e+00   1.00000e+00   1.00000e-02  -1.37997e-01
  11  p10          0.00000e+00   1.00000e+00   1.00000e-02  -8.17572e-01
  12  p11          0.00000e+00     fixed    
                               ERR DEF= 0.5
352
fit result:46.3948 46.3948
The local date and time is: Mon Apr 28 02:17:18 2014

Pseudo exp:10
The local date and time is: Mon Apr 28 02:17:18 2014

cout:530
_cout:3004
true_yield:47
Start pseudo exp fit:10
The local date and time is: Mon Apr 28 02:17:21 2014

 FCN=19.6209 FROM HESSE     STATUS=RESET          30 CALLS         507 TOTAL
                     EDM=8.61308e-07    STRATEGY= 1  ERROR MATRIX UNCERTAINTY 100.0 per cent
  EXT PARAMETER                APPROXIMATE        STEP         FIRST   
  NO.   NAME      VALUE            ERROR          SIZE      DERIVATIVE 
   1  p0           1.01971e+00   1.77196e-01   1.77196e-03   3.04720e+00
   2  p1           5.37026e+00   3.65137e-03   3.65137e-05   1.74369e+02
   3  p2           1.17656e-02     fixed    
   4  p3           5.88461e+01   3.30710e-01   3.30710e-03  -1.99360e+00
   5  p4          -1.19698e+01   5.87895e-02   5.87895e-04  -8.47665e+04
   6  p5           4.29440e-01   1.04001e-02   1.04001e-04   1.85870e+01
   7  p6           0.00000e+00   2.00000e+00   2.00000e-02  -1.36344e-02
   8  p7           7.40832e-01     fixed    
   9  p8           2.93696e-02     fixed    
  10  p9           0.00000e+00   1.00000e+00   1.00000e-02  -1.37997e-01
  11  p10          0.00000e+00   1.00000e+00   1.00000e-02  -8.17572e-01
  12  p11          0.00000e+00     fixed    
                               ERR DEF= 0.5
353
fit result:50.9853 50.9854
The local date and time is: Mon Apr 28 02:17:22 2014

Pseudo exp:11
The local date and time is: Mon Apr 28 02:17:22 2014

cout:530
_cout:2763
true_yield:45
Start pseudo exp fit:11
The local date and time is: Mon Apr 28 02:17:25 2014

 FCN=16.7725 FROM HESSE     STATUS=RESET          30 CALLS         506 TOTAL
                     EDM=2.05242e-07    STRATEGY= 1  ERROR MATRIX UNCERTAINTY 100.0 per cent
  EXT PARAMETER                APPROXIMATE        STEP         FIRST   
  NO.   NAME      VALUE            ERROR          SIZE      DERIVATIVE 
   1  p0           9.03022e-01   1.69404e-01   1.69404e-03   3.18737e+00
   2  p1           5.36587e+00   3.54865e-03   3.54865e-05   1.79416e+02
   3  p2           1.17656e-02     fixed    
   4  p3           1.80928e+02   3.35912e-01   3.35912e-03  -1.96273e+00
   5  p4          -5.64180e+01   5.98371e-02   5.98371e-04  -3.74881e+05
   6  p5           4.46676e+00   1.06090e-02   1.06090e-04   1.82211e+01
   7  p6           0.00000e+00   5.65685e+00   5.65685e-02  -4.82050e-03
   8  p7           7.40832e-01     fixed    
   9  p8           2.93696e-02     fixed    
  10  p9           0.00000e+00   1.00000e+00   1.00000e-02  -1.37997e-01
  11  p10          0.00000e+00   1.00000e+00   1.00000e-02  -8.17572e-01
  12  p11          0.00000e+00     fixed    
                               ERR DEF= 0.5
351
fit result:45.1511 45.1511
The local date and time is: Mon Apr 28 02:17:25 2014

Pseudo exp:12
The local date and time is: Mon Apr 28 02:17:25 2014

cout:530
_cout:2968
true_yield:47
Start pseudo exp fit:12
The local date and time is: Mon Apr 28 02:17:28 2014

 FCN=14.5188 FROM HESSE     STATUS=RESET          30 CALLS        1683 TOTAL
                     EDM=4.92684e-07    STRATEGY= 1  ERROR MATRIX UNCERTAINTY 100.0 per cent
  EXT PARAMETER                APPROXIMATE        STEP         FIRST   
  NO.   NAME      VALUE            ERROR          SIZE      DERIVATIVE 
   1  p0           8.63190e-01   1.64445e-01   1.64445e-03   3.28348e+00
   2  p1           5.37783e+00   3.12772e-03   3.12772e-05   2.03562e+02
   3  p2           1.17656e-02     fixed    
   4  p3           1.80043e+02   3.43157e-01   3.43157e-03  -1.92129e+00
   5  p4          -5.68786e+01   6.12773e-02   6.12773e-04  -3.68879e+05
   6  p5           4.58201e+00   1.08893e-02   1.08893e-04   1.77521e+01
   7  p6           0.00000e+00   1.10948e+02   1.10948e+00  -2.45780e-04
   8  p7           7.40832e-01     fixed    
   9  p8           2.93696e-02     fixed    
  10  p9           0.00000e+00   1.00000e+00   1.00000e-02  -1.37997e-01
  11  p10          0.00000e+00   1.00000e+00   1.00000e-02  -8.17572e-01
  12  p11          0.00000e+00     fixed    
                               ERR DEF= 0.5
353
fit result:43.1595 43.1595
The local date and time is: Mon Apr 28 02:17:29 2014

Pseudo exp:13
The local date and time is: Mon Apr 28 02:17:29 2014

cout:530
_cout:2861
true_yield:54
Start pseudo exp fit:13
The local date and time is: Mon Apr 28 02:17:32 2014

 FCN=22.3617 FROM HESSE     STATUS=RESET          30 CALLS         571 TOTAL
                     EDM=7.80429e-07    STRATEGY= 1  ERROR MATRIX UNCERTAINTY 100.0 per cent
  EXT PARAMETER                APPROXIMATE        STEP         FIRST   
  NO.   NAME      VALUE            ERROR          SIZE      DERIVATIVE 
   1  p0           1.16018e+00   1.84647e-01   1.84647e-03   2.92424e+00
   2  p1           5.36809e+00   2.66559e-03   2.66559e-05   2.38854e+02
   3  p2           1.17656e-02     fixed    
   4  p3           4.36590e+01   3.08643e-01   3.08643e-03  -2.13614e+00
   5  p4          -4.48771e+00   5.44238e-02   5.44238e-04  -3.45899e+04
   6  p5          -4.26578e-01   9.55282e-03   9.55282e-05   2.02356e+01
   7  p6           0.00000e+00   2.00000e+00   2.00000e-02  -1.36344e-02
   8  p7           7.40832e-01     fixed    
   9  p8           2.93696e-02     fixed    
  10  p9           0.00000e+00   1.00000e+00   1.00000e-02  -1.37997e-01
  11  p10          0.00000e+00   1.00000e+00   1.00000e-02  -8.17572e-01
  12  p11          0.00000e+00     fixed    
                               ERR DEF= 0.5
360
fit result:58.0092 58.0093
The local date and time is: Mon Apr 28 02:17:32 2014

Pseudo exp:14
The local date and time is: Mon Apr 28 02:17:32 2014

cout:530
_cout:2903
true_yield:44
Start pseudo exp fit:14
The local date and time is: Mon Apr 28 02:17:36 2014

 FCN=29.1722 FROM HESSE     STATUS=RESET          30 CALLS         507 TOTAL
                     EDM=4.78482e-07    STRATEGY= 1  ERROR MATRIX UNCERTAINTY 100.0 per cent
  EXT PARAMETER                APPROXIMATE        STEP         FIRST   
  NO.   NAME      VALUE            ERROR          SIZE      DERIVATIVE 
   1  p0           1.12639e+00   1.74464e-01   1.74464e-03   3.09491e+00
   2  p1           5.36821e+00   2.26115e-03   2.26115e-05   2.81577e+02
   3  p2           1.17656e-02     fixed    
   4  p3           4.68906e+02   3.27162e-01   3.27162e-03  -2.01522e+00
   5  p4          -1.61262e+02   5.83801e-02   5.83801e-04  -9.76249e+05
   6  p5           1.39742e+01   1.03712e-02   1.03712e-04   1.86388e+01
   7  p6           0.00000e+00   8.00000e+00   8.00000e-02  -3.40861e-03
   8  p7           7.40832e-01     fixed    
   9  p8           2.93696e-02     fixed    
  10  p9           0.00000e+00   1.00000e+00   1.00000e-02  -1.37997e-01
  11  p10          0.00000e+00   1.00000e+00   1.00000e-02  -8.17572e-01
  12  p11          0.00000e+00     fixed    
                               ERR DEF= 0.5
350
fit result:56.3194 56.3194
The local date and time is: Mon Apr 28 02:17:36 2014

Pseudo exp:15
The local date and time is: Mon Apr 28 02:17:36 2014

cout:530
_cout:2877
true_yield:42
Start pseudo exp fit:15
The local date and time is: Mon Apr 28 02:17:39 2014

 FCN=30.3046 FROM IMProve     STATUS=RESET         152 CALLS        1193 TOTAL
                     EDM=5.49816e-07    STRATEGY= 1  ERROR MATRIX UNCERTAINTY  50.0 per cent
  EXT PARAMETER                APPROXIMATE        STEP         FIRST   
  NO.   NAME      VALUE            ERROR          SIZE      DERIVATIVE 
   1  p0           7.14985e-01   1.47905e-01   1.47905e-03  -3.30432e+00
   2  p1           5.37550e+00   2.96510e-03   2.96510e-05   1.16869e+04
   3  p2           1.17656e-02     fixed    
   4  p3           3.06602e+01   1.53066e+00   1.53066e-02   6.11087e+01
   5  p4          -2.39373e-04   1.05144e+01   1.05144e-01** at limit **
   6  p5          -8.04838e-01   6.45488e-02   6.45488e-04  -5.10551e+04
   7  p6           0.00000e+00   1.00000e+00   1.00000e-02  -2.41564e-01
   8  p7           7.40832e-01     fixed    
   9  p8           2.93696e-02     fixed    
  10  p9           0.00000e+00   1.00000e+00   1.00000e-02  -3.63664e-01
  11  p10          0.00000e+00   1.00000e+00   1.00000e-02  -8.13170e-01
  12  p11          0.00000e+00     fixed    
                               ERR DEF= 0.5
348
fit result:35.7493 35.7493
The local date and time is: Mon Apr 28 02:17:39 2014

Pseudo exp:16
The local date and time is: Mon Apr 28 02:17:39 2014

cout:530
_cout:2926
true_yield:51
Start pseudo exp fit:16
The local date and time is: Mon Apr 28 02:17:43 2014

 FCN=21.2751 FROM HESSE     STATUS=RESET          30 CALLS         507 TOTAL
                     EDM=2.63168e-07    STRATEGY= 1  ERROR MATRIX UNCERTAINTY 100.0 per cent
  EXT PARAMETER                APPROXIMATE        STEP         FIRST   
  NO.   NAME      VALUE            ERROR          SIZE      DERIVATIVE 
   1  p0           1.16398e+00   1.83463e-01   1.83463e-03   2.94311e+00
   2  p1           5.37290e+00   2.82849e-03   2.82849e-05   2.25097e+02
   3  p2           1.17656e-02     fixed    
   4  p3           2.77146e+02   3.10965e-01   3.10965e-03  -2.12019e+00
   5  p4          -8.89605e+01   5.49637e-02   5.49637e-04  -6.21334e+05
   6  p5           7.19051e+00   9.67222e-03   9.67222e-05   1.99858e+01
   7  p6           0.00000e+00   5.30002e+01   5.30002e-01  -5.14505e-04
   8  p7           7.40832e-01     fixed    
   9  p8           2.93696e-02     fixed    
  10  p9           0.00000e+00   1.00000e+00   1.00000e-02  -1.37997e-01
  11  p10          0.00000e+00   1.00000e+00   1.00000e-02  -8.17572e-01
  12  p11          0.00000e+00     fixed    
                               ERR DEF= 0.5
357
fit result:58.1992 58.1993
The local date and time is: Mon Apr 28 02:17:43 2014

Pseudo exp:17
The local date and time is: Mon Apr 28 02:17:43 2014

cout:530
_cout:2972
true_yield:50
Start pseudo exp fit:17
The local date and time is: Mon Apr 28 02:17:46 2014

 FCN=23.4773 FROM HESSE     STATUS=RESET          30 CALLS         530 TOTAL
                     EDM=9.62853e-08    STRATEGY= 1  ERROR MATRIX UNCERTAINTY 100.0 per cent
  EXT PARAMETER                APPROXIMATE        STEP         FIRST   
  NO.   NAME      VALUE            ERROR          SIZE      DERIVATIVE 
   1  p0           9.46702e-01   1.70713e-01   1.70713e-03   3.16293e+00
   2  p1           5.36984e+00   3.53823e-03   3.53823e-05   1.79945e+02
   3  p2           1.17656e-02     fixed    
   4  p3           8.04461e+01   3.41502e-01   3.41502e-03  -1.93060e+00
   5  p4          -2.06970e+01   6.09080e-02   6.09080e-04  -1.40222e+05
   6  p5           1.30411e+00   1.08081e-02   1.08081e-04   1.78854e+01
   7  p6           0.00000e+00   1.41421e+00   1.41421e-02  -1.92820e-02
   8  p7           7.40832e-01     fixed    
   9  p8           2.93696e-02     fixed    
  10  p9           0.00000e+00   1.00000e+00   1.00000e-02  -1.37997e-01
  11  p10          0.00000e+00   1.00000e+00   1.00000e-02  -8.17572e-01
  12  p11          0.00000e+00     fixed    
                               ERR DEF= 0.5
356
fit result:47.3351 47.3351
The local date and time is: Mon Apr 28 02:17:46 2014

Pseudo exp:18
The local date and time is: Mon Apr 28 02:17:46 2014

cout:530
_cout:2927
true_yield:46
Start pseudo exp fit:18
The local date and time is: Mon Apr 28 02:17:50 2014

 FCN=11.459 FROM HESSE     STATUS=RESET          30 CALLS         507 TOTAL
                     EDM=6.28311e-07    STRATEGY= 1  ERROR MATRIX UNCERTAINTY 100.0 per cent
  EXT PARAMETER                APPROXIMATE        STEP         FIRST   
  NO.   NAME      VALUE            ERROR          SIZE      DERIVATIVE 
   1  p0           8.45131e-01   1.63215e-01   1.63215e-03   3.30822e+00
   2  p1           5.36637e+00   2.98864e-03   2.98864e-05   2.13035e+02
   3  p2           1.17656e-02     fixed    
   4  p3           8.48574e+01   3.15564e-01   3.15564e-03  -2.08929e+00
   5  p4          -1.93093e+01   5.57368e-02   5.57368e-04  -1.43160e+05
   6  p5           9.07957e-01   9.79921e-03   9.79921e-05   1.97268e+01
   7  p6           0.00000e+00   2.40000e+00   2.40000e-02  -1.13620e-02
   8  p7           7.40832e-01     fixed    
   9  p8           2.93696e-02     fixed    
  10  p9           0.00000e+00   1.00000e+00   1.00000e-02  -1.37997e-01
  11  p10          0.00000e+00   1.00000e+00   1.00000e-02  -8.17572e-01
  12  p11          0.00000e+00     fixed    
                               ERR DEF= 0.5
352
fit result:42.2565 42.2566
The local date and time is: Mon Apr 28 02:17:50 2014

Pseudo exp:19
The local date and time is: Mon Apr 28 02:17:50 2014

cout:530
_cout:2958
true_yield:44
Start pseudo exp fit:19
The local date and time is: Mon Apr 28 02:17:53 2014

 FCN=18.2903 FROM HESSE     STATUS=RESET          30 CALLS         551 TOTAL
                     EDM=9.38994e-07    STRATEGY= 1  ERROR MATRIX UNCERTAINTY 100.0 per cent
  EXT PARAMETER                APPROXIMATE        STEP         FIRST   
  NO.   NAME      VALUE            ERROR          SIZE      DERIVATIVE 
   1  p0           8.56799e-01   1.66501e-01   1.66501e-03   3.24294e+00
   2  p1           5.36746e+00   3.71351e-03   3.71351e-05   1.71451e+02
   3  p2           1.17656e-02     fixed    
   4  p3           3.76223e+01   3.29581e-01   3.29581e-03  -2.00043e+00
   5  p4          -3.75571e+00   5.85235e-02   5.85235e-04  -2.69398e+04
   6  p5          -3.56776e-01   1.03419e-02   1.03419e-04   1.86915e+01
   7  p6           0.00000e+00   2.00000e+00   2.00000e-02  -1.36344e-02
   8  p7           7.40832e-01     fixed    
   9  p8           2.93696e-02     fixed    
  10  p9           0.00000e+00   1.00000e+00   1.00000e-02  -1.37997e-01
  11  p10          0.00000e+00   1.00000e+00   1.00000e-02  -8.17572e-01
  12  p11          0.00000e+00     fixed    
                               ERR DEF= 0.5
350
fit result:42.84 42.84
The local date and time is: Mon Apr 28 02:17:54 2014

