000 (263720.000.000) 04/26 03:18:06 Job submitted from host: <18.12.1.74:45694>
...
009 (263720.000.000) 04/26 03:18:32 Job was aborted by the user.
	via condor_rm (by user tawei)
...
000 (263770.000.000) 04/26 03:19:12 Job submitted from host: <18.12.1.74:45694>
...
001 (263770.000.000) 04/26 03:20:35 Job executing on host: <18.12.8.195:41095>
...
006 (263770.000.000) 04/26 03:20:43 Image size of job updated: 263020
	105  -  MemoryUsage of job (MB)
	107244  -  ResidentSetSize of job (KB)
...
006 (263770.000.000) 04/26 03:25:21 Image size of job updated: 315592
	105  -  MemoryUsage of job (MB)
	107244  -  ResidentSetSize of job (KB)
...
005 (263770.000.000) 04/26 03:25:21 Job terminated.
	(1) Normal termination (return value 0)
		Usr 0 00:03:42, Sys 0 00:00:05  -  Run Remote Usage
		Usr 0 00:00:00, Sys 0 00:00:00  -  Run Local Usage
		Usr 0 00:03:42, Sys 0 00:00:05  -  Total Remote Usage
		Usr 0 00:00:00, Sys 0 00:00:00  -  Total Local Usage
	33462  -  Run Bytes Sent By Job
	32579  -  Run Bytes Received By Job
	33462  -  Total Bytes Sent By Job
	32579  -  Total Bytes Received By Job
	Partitionable Resources :    Usage  Request          
	   Cpus                 :                 1          
	   Disk (KB)            :       87       87          
	   Memory (MB)          :      105      105          
...
000 (263872.000.000) 04/26 04:01:34 Job submitted from host: <18.12.1.74:45694>
...
001 (263872.000.000) 04/26 04:02:39 Job executing on host: <18.12.9.1:46497>
...
006 (263872.000.000) 04/26 04:02:48 Image size of job updated: 68380
	13  -  MemoryUsage of job (MB)
	12296  -  ResidentSetSize of job (KB)
...
006 (263872.000.000) 04/26 04:07:21 Image size of job updated: 315588
	13  -  MemoryUsage of job (MB)
	12296  -  ResidentSetSize of job (KB)
...
005 (263872.000.000) 04/26 04:07:21 Job terminated.
	(1) Normal termination (return value 0)
		Usr 0 00:03:36, Sys 0 00:00:06  -  Run Remote Usage
		Usr 0 00:00:00, Sys 0 00:00:00  -  Run Local Usage
		Usr 0 00:03:36, Sys 0 00:00:06  -  Total Remote Usage
		Usr 0 00:00:00, Sys 0 00:00:00  -  Total Local Usage
	32786  -  Run Bytes Sent By Job
	32607  -  Run Bytes Received By Job
	32786  -  Total Bytes Sent By Job
	32607  -  Total Bytes Received By Job
	Partitionable Resources :    Usage  Request          
	   Cpus                 :                 1          
	   Disk (KB)            :       86       86          
	   Memory (MB)          :       13       13          
...
000 (265229.000.000) 04/27 23:58:34 Job submitted from host: <18.12.1.74:45694>
...
009 (265229.000.000) 04/27 23:59:18 Job was aborted by the user.
	via condor_rm (by user tawei)
...
000 (265279.000.000) 04/27 23:59:28 Job submitted from host: <18.12.1.74:45694>
...
001 (265279.000.000) 04/27 23:59:36 Job executing on host: <18.12.8.223:41387>
...
006 (265279.000.000) 04/27 23:59:38 Image size of job updated: 111224
	0  -  MemoryUsage of job (MB)
	0  -  ResidentSetSize of job (KB)
...
005 (265279.000.000) 04/27 23:59:38 Job terminated.
	(1) Normal termination (return value 1)
		Usr 0 00:00:00, Sys 0 00:00:00  -  Run Remote Usage
		Usr 0 00:00:00, Sys 0 00:00:00  -  Run Local Usage
		Usr 0 00:00:00, Sys 0 00:00:00  -  Total Remote Usage
		Usr 0 00:00:00, Sys 0 00:00:00  -  Total Local Usage
	1142  -  Run Bytes Sent By Job
	32875  -  Run Bytes Received By Job
	1142  -  Total Bytes Sent By Job
	32875  -  Total Bytes Received By Job
	Partitionable Resources :    Usage  Request          
	   Cpus                 :                 1          
	   Disk (KB)            :       56       56          
	   Memory (MB)          :        0        0          
...
000 (265537.000.000) 04/28 02:01:11 Job submitted from host: <18.12.1.74:45694>
...
001 (265537.000.000) 04/28 02:02:06 Job executing on host: <18.12.8.158:44234>
...
006 (265537.000.000) 04/28 02:02:14 Image size of job updated: 200624
	35  -  MemoryUsage of job (MB)
	35772  -  ResidentSetSize of job (KB)
...
006 (265537.000.000) 04/28 02:07:14 Image size of job updated: 288572
	151  -  MemoryUsage of job (MB)
	153696  -  ResidentSetSize of job (KB)
...
006 (265537.000.000) 04/28 02:10:48 Image size of job updated: 316000
	151  -  MemoryUsage of job (MB)
	153696  -  ResidentSetSize of job (KB)
...
005 (265537.000.000) 04/28 02:10:48 Job terminated.
	(1) Normal termination (return value 0)
		Usr 0 00:03:02, Sys 0 00:00:03  -  Run Remote Usage
		Usr 0 00:00:00, Sys 0 00:00:00  -  Run Local Usage
		Usr 0 00:03:02, Sys 0 00:00:03  -  Total Remote Usage
		Usr 0 00:00:00, Sys 0 00:00:00  -  Total Local Usage
	32779  -  Run Bytes Sent By Job
	32889  -  Run Bytes Received By Job
	32779  -  Total Bytes Sent By Job
	32889  -  Total Bytes Received By Job
	Partitionable Resources :    Usage  Request          
	   Cpus                 :                 1          
	   Disk (KB)            :       87       87          
	   Memory (MB)          :      151      151          
...
