000 (263724.000.000) 04/26 03:18:07 Job submitted from host: <18.12.1.74:45694>
...
009 (263724.000.000) 04/26 03:18:32 Job was aborted by the user.
	via condor_rm (by user tawei)
...
000 (263774.000.000) 04/26 03:19:12 Job submitted from host: <18.12.1.74:45694>
...
001 (263774.000.000) 04/26 03:20:35 Job executing on host: <18.12.8.212:45548>
...
006 (263774.000.000) 04/26 03:20:43 Image size of job updated: 200804
	49  -  MemoryUsage of job (MB)
	49840  -  ResidentSetSize of job (KB)
...
006 (263774.000.000) 04/26 03:25:13 Image size of job updated: 315496
	49  -  MemoryUsage of job (MB)
	49840  -  ResidentSetSize of job (KB)
...
005 (263774.000.000) 04/26 03:25:13 Job terminated.
	(1) Normal termination (return value 0)
		Usr 0 00:03:10, Sys 0 00:00:04  -  Run Remote Usage
		Usr 0 00:00:00, Sys 0 00:00:00  -  Run Local Usage
		Usr 0 00:03:10, Sys 0 00:00:04  -  Total Remote Usage
		Usr 0 00:00:00, Sys 0 00:00:00  -  Total Local Usage
	33459  -  Run Bytes Sent By Job
	32579  -  Run Bytes Received By Job
	33459  -  Total Bytes Sent By Job
	32579  -  Total Bytes Received By Job
	Partitionable Resources :    Usage  Request          
	   Cpus                 :                 1          
	   Disk (KB)            :       87       87          
	   Memory (MB)          :       49       49          
...
000 (263876.000.000) 04/26 04:01:34 Job submitted from host: <18.12.1.74:45694>
...
001 (263876.000.000) 04/26 04:02:39 Job executing on host: <18.12.8.142:42409>
...
006 (263876.000.000) 04/26 04:02:47 Image size of job updated: 89556
	2  -  MemoryUsage of job (MB)
	1744  -  ResidentSetSize of job (KB)
...
006 (263876.000.000) 04/26 04:07:26 Image size of job updated: 316264
	2  -  MemoryUsage of job (MB)
	1744  -  ResidentSetSize of job (KB)
...
005 (263876.000.000) 04/26 04:07:26 Job terminated.
	(1) Normal termination (return value 0)
		Usr 0 00:03:41, Sys 0 00:00:10  -  Run Remote Usage
		Usr 0 00:00:00, Sys 0 00:00:00  -  Run Local Usage
		Usr 0 00:03:41, Sys 0 00:00:10  -  Total Remote Usage
		Usr 0 00:00:00, Sys 0 00:00:00  -  Total Local Usage
	32840  -  Run Bytes Sent By Job
	32607  -  Run Bytes Received By Job
	32840  -  Total Bytes Sent By Job
	32607  -  Total Bytes Received By Job
	Partitionable Resources :    Usage  Request          
	   Cpus                 :                 1          
	   Disk (KB)            :       86       86          
	   Memory (MB)          :        2        2          
...
000 (265233.000.000) 04/27 23:58:36 Job submitted from host: <18.12.1.74:45694>
...
009 (265233.000.000) 04/27 23:59:18 Job was aborted by the user.
	via condor_rm (by user tawei)
...
000 (265283.000.000) 04/27 23:59:28 Job submitted from host: <18.12.1.74:45694>
...
001 (265283.000.000) 04/27 23:59:36 Job executing on host: <18.12.8.234:48395>
...
006 (265283.000.000) 04/27 23:59:40 Image size of job updated: 1
	0  -  MemoryUsage of job (MB)
	0  -  ResidentSetSize of job (KB)
...
005 (265283.000.000) 04/27 23:59:40 Job terminated.
	(1) Normal termination (return value 1)
		Usr 0 00:00:00, Sys 0 00:00:00  -  Run Remote Usage
		Usr 0 00:00:00, Sys 0 00:00:00  -  Run Local Usage
		Usr 0 00:00:00, Sys 0 00:00:00  -  Total Remote Usage
		Usr 0 00:00:00, Sys 0 00:00:00  -  Total Local Usage
	1146  -  Run Bytes Sent By Job
	32875  -  Run Bytes Received By Job
	1146  -  Total Bytes Sent By Job
	32875  -  Total Bytes Received By Job
	Partitionable Resources :    Usage  Request          
	   Cpus                 :                 1          
	   Disk (KB)            :       56       56          
	   Memory (MB)          :        0        0          
...
000 (265541.000.000) 04/28 02:01:12 Job submitted from host: <18.12.1.74:45694>
...
001 (265541.000.000) 04/28 02:02:07 Job executing on host: <18.12.8.177:45840>
...
006 (265541.000.000) 04/28 02:02:15 Image size of job updated: 1
	2  -  MemoryUsage of job (MB)
	1708  -  ResidentSetSize of job (KB)
...
006 (265541.000.000) 04/28 02:07:15 Image size of job updated: 288572
	151  -  MemoryUsage of job (MB)
	153676  -  ResidentSetSize of job (KB)
...
006 (265541.000.000) 04/28 02:12:15 Image size of job updated: 288572
	151  -  MemoryUsage of job (MB)
	153684  -  ResidentSetSize of job (KB)
...
006 (265541.000.000) 04/28 02:13:44 Image size of job updated: 315552
	151  -  MemoryUsage of job (MB)
	153684  -  ResidentSetSize of job (KB)
...
005 (265541.000.000) 04/28 02:13:44 Job terminated.
	(1) Normal termination (return value 0)
		Usr 0 00:02:36, Sys 0 00:00:03  -  Run Remote Usage
		Usr 0 00:00:00, Sys 0 00:00:00  -  Run Local Usage
		Usr 0 00:02:36, Sys 0 00:00:03  -  Total Remote Usage
		Usr 0 00:00:00, Sys 0 00:00:00  -  Total Local Usage
	32786  -  Run Bytes Sent By Job
	32889  -  Run Bytes Received By Job
	32786  -  Total Bytes Sent By Job
	32889  -  Total Bytes Received By Job
	Partitionable Resources :    Usage  Request          
	   Cpus                 :                 1          
	   Disk (KB)            :       87       87          
	   Memory (MB)          :      151      151          
...
