000 (263714.000.000) 04/26 03:18:06 Job submitted from host: <18.12.1.74:45694>
...
009 (263714.000.000) 04/26 03:18:32 Job was aborted by the user.
	via condor_rm (by user tawei)
...
000 (263764.000.000) 04/26 03:19:11 Job submitted from host: <18.12.1.74:45694>
...
001 (263764.000.000) 04/26 03:20:34 Job executing on host: <18.12.8.212:45548>
...
006 (263764.000.000) 04/26 03:20:43 Image size of job updated: 200804
	50  -  MemoryUsage of job (MB)
	50420  -  ResidentSetSize of job (KB)
...
006 (263764.000.000) 04/26 03:25:28 Image size of job updated: 315884
	50  -  MemoryUsage of job (MB)
	50420  -  ResidentSetSize of job (KB)
...
005 (263764.000.000) 04/26 03:25:28 Job terminated.
	(1) Normal termination (return value 0)
		Usr 0 00:03:26, Sys 0 00:00:04  -  Run Remote Usage
		Usr 0 00:00:00, Sys 0 00:00:00  -  Run Local Usage
		Usr 0 00:03:26, Sys 0 00:00:04  -  Total Remote Usage
		Usr 0 00:00:00, Sys 0 00:00:00  -  Total Local Usage
	33456  -  Run Bytes Sent By Job
	32579  -  Run Bytes Received By Job
	33456  -  Total Bytes Sent By Job
	32579  -  Total Bytes Received By Job
	Partitionable Resources :    Usage  Request          
	   Cpus                 :                 1          
	   Disk (KB)            :       87       87          
	   Memory (MB)          :       50       50          
...
000 (263866.000.000) 04/26 04:01:33 Job submitted from host: <18.12.1.74:45694>
...
001 (263866.000.000) 04/26 04:02:36 Job executing on host: <18.12.8.199:44380>
...
006 (263866.000.000) 04/26 04:02:45 Image size of job updated: 268696
	104  -  MemoryUsage of job (MB)
	106128  -  ResidentSetSize of job (KB)
...
006 (263866.000.000) 04/26 04:07:31 Image size of job updated: 315496
	104  -  MemoryUsage of job (MB)
	106128  -  ResidentSetSize of job (KB)
...
005 (263866.000.000) 04/26 04:07:31 Job terminated.
	(1) Normal termination (return value 0)
		Usr 0 00:03:54, Sys 0 00:00:07  -  Run Remote Usage
		Usr 0 00:00:00, Sys 0 00:00:00  -  Run Local Usage
		Usr 0 00:03:54, Sys 0 00:00:07  -  Total Remote Usage
		Usr 0 00:00:00, Sys 0 00:00:00  -  Total Local Usage
	32843  -  Run Bytes Sent By Job
	32607  -  Run Bytes Received By Job
	32843  -  Total Bytes Sent By Job
	32607  -  Total Bytes Received By Job
	Partitionable Resources :    Usage  Request          
	   Cpus                 :                 1          
	   Disk (KB)            :       86       86          
	   Memory (MB)          :      104      104          
...
000 (265223.000.000) 04/27 23:58:32 Job submitted from host: <18.12.1.74:45694>
...
009 (265223.000.000) 04/27 23:59:18 Job was aborted by the user.
	via condor_rm (by user tawei)
...
000 (265273.000.000) 04/27 23:59:27 Job submitted from host: <18.12.1.74:45694>
...
001 (265273.000.000) 04/27 23:59:35 Job executing on host: <18.12.12.12:41971>
...
006 (265273.000.000) 04/27 23:59:41 Image size of job updated: 24536
	0  -  MemoryUsage of job (MB)
	0  -  ResidentSetSize of job (KB)
...
005 (265273.000.000) 04/27 23:59:41 Job terminated.
	(1) Normal termination (return value 1)
		Usr 0 00:00:00, Sys 0 00:00:00  -  Run Remote Usage
		Usr 0 00:00:00, Sys 0 00:00:00  -  Run Local Usage
		Usr 0 00:00:00, Sys 0 00:00:00  -  Total Remote Usage
		Usr 0 00:00:00, Sys 0 00:00:00  -  Total Local Usage
	1143  -  Run Bytes Sent By Job
	32875  -  Run Bytes Received By Job
	1143  -  Total Bytes Sent By Job
	32875  -  Total Bytes Received By Job
	Partitionable Resources :    Usage  Request          
	   Cpus                 :                 1          
	   Disk (KB)            :       56       56          
	   Memory (MB)          :        0        0          
...
000 (265531.000.000) 04/28 02:01:10 Job submitted from host: <18.12.1.74:45694>
...
001 (265531.000.000) 04/28 02:02:06 Job executing on host: <18.12.8.190:43942>
...
006 (265531.000.000) 04/28 02:02:14 Image size of job updated: 200628
	34  -  MemoryUsage of job (MB)
	34484  -  ResidentSetSize of job (KB)
...
006 (265531.000.000) 04/28 02:07:14 Image size of job updated: 288560
	151  -  MemoryUsage of job (MB)
	153688  -  ResidentSetSize of job (KB)
...
006 (265531.000.000) 04/28 02:10:39 Image size of job updated: 315528
	151  -  MemoryUsage of job (MB)
	153688  -  ResidentSetSize of job (KB)
...
005 (265531.000.000) 04/28 02:10:39 Job terminated.
	(1) Normal termination (return value 0)
		Usr 0 00:02:46, Sys 0 00:00:03  -  Run Remote Usage
		Usr 0 00:00:00, Sys 0 00:00:00  -  Run Local Usage
		Usr 0 00:02:46, Sys 0 00:00:03  -  Total Remote Usage
		Usr 0 00:00:00, Sys 0 00:00:00  -  Total Local Usage
	32839  -  Run Bytes Sent By Job
	32889  -  Run Bytes Received By Job
	32839  -  Total Bytes Sent By Job
	32889  -  Total Bytes Received By Job
	Partitionable Resources :    Usage  Request          
	   Cpus                 :                 1          
	   Disk (KB)            :       87       87          
	   Memory (MB)          :      151      151          
...
