/export/data1/condor/execute/dir_15603
gcc (GCC) 4.6.2
Copyright (C) 2011 Free Software Foundation, Inc.
This is free software; see the source for copying conditions.  There is NO
warranty; not even for MERCHANTABILITY or FITNESS FOR A PARTICULAR PURPOSE.

5.32/00
Linux version 2.6.32-358.el6.x86_64 (mockbuild@sl6.fnal.gov) (gcc version 4.4.7 20120313 (Red Hat 4.4.7-3) (GCC) ) #1 SMP Fri Feb 22 20:37:17 CST 2013

Processing fitBs.C(4)...
The local date and time is: Mon Apr 28 02:03:40 2014

 FCN=51.09 FROM HESSE     STATUS=RESET          35 CALLS         818 TOTAL
                     EDM=1.74677e-07    STRATEGY= 1  ERROR MATRIX UNCERTAINTY 100.0 per cent
  EXT PARAMETER                APPROXIMATE        STEP         FIRST   
  NO.   NAME      VALUE            ERROR          SIZE      DERIVATIVE 
   1  p0           1.46834e+02   1.71547e+00   1.71547e-02   3.14754e-01
   2  p1           5.36991e+00   1.80509e-04   1.80509e-06   3.52717e+03
   3  p2           1.17656e-02   1.36451e-04   1.36451e-06  -3.26142e-01
   4  p3           1.28682e+01   1.57196e-01   1.57196e-03  -2.68056e+00
   5  p4          -2.04693e-02   2.71701e-02   2.71701e-04   1.45628e+02
   6  p5          -3.51569e-01   4.68012e-03   4.68012e-05  -5.82654e+00
   7  p6           0.00000e+00   2.82843e+00   2.82843e-02  -4.87893e-02
   8  p7           7.40832e-01   1.00098e-02   1.00098e-04  -1.55201e+01
   9  p8           2.93696e-02   6.11333e-04   6.11333e-06   5.60321e-01
  10  p9           0.00000e+00   1.00000e+00   1.00000e-02   2.81800e-02
  11  p10          0.00000e+00   1.00000e+00   1.00000e-02   4.32797e-01
  12  p11          0.00000e+00     fixed    
                               ERR DEF= 0.5
 FCN=19.702 FROM HESSE     STATUS=RESET          30 CALLS         507 TOTAL
                     EDM=3.56714e-09    STRATEGY= 1  ERROR MATRIX UNCERTAINTY 100.0 per cent
  EXT PARAMETER                APPROXIMATE        STEP         FIRST   
  NO.   NAME      VALUE            ERROR          SIZE      DERIVATIVE 
   1  p0           8.80688e-01   1.62070e-01   1.62070e-03   3.33161e+00
   2  p1           5.37091e+00   2.64329e-03   2.64329e-05   2.40869e+02
   3  p2           1.17656e-02     fixed    
   4  p3           1.07018e+02   3.23872e-01   3.23872e-03  -2.03570e+00
   5  p4          -2.82726e+01   5.74207e-02   5.74207e-04  -2.01608e+05
   6  p5           1.80062e+00   1.01328e-02   1.01328e-04   1.90773e+01
   7  p6           0.00000e+00   5.65685e+00   5.65685e-02  -4.82050e-03
   8  p7           7.40832e-01     fixed    
   9  p8           2.93696e-02     fixed    
  10  p9           0.00000e+00   1.00000e+00   1.00000e-02  -1.37997e-01
  11  p10          0.00000e+00   1.00000e+00   1.00000e-02  -8.17572e-01
  12  p11          0.00000e+00     fixed    
                               ERR DEF= 0.5
351
fit result:44.0344 44.0344
The local date and time is: Mon Apr 28 02:16:46 2014

Got Nsig:515/44.0344
Got extracted:44.0344
Pseudo exp:0
The local date and time is: Mon Apr 28 02:16:46 2014

cout:515
_cout:2738
true_yield:39
Start pseudo exp fit:0
The local date and time is: Mon Apr 28 02:16:49 2014

 FCN=37.1059 FROM HESSE     STATUS=RESET          30 CALLS         515 TOTAL
                     EDM=1.16754e-08    STRATEGY= 1  ERROR MATRIX UNCERTAINTY 100.0 per cent
  EXT PARAMETER                APPROXIMATE        STEP         FIRST   
  NO.   NAME      VALUE            ERROR          SIZE      DERIVATIVE 
   1  p0           7.29778e-01   1.58780e-01   1.58780e-03   3.40063e+00
   2  p1           5.36691e+00   4.33139e-03   4.33139e-05   1.46994e+02
   3  p2           1.17656e-02     fixed    
   4  p3           2.44839e+02   3.07979e-01   3.07979e-03  -2.14074e+00
   5  p4          -7.64754e+01   5.42713e-02   5.42713e-04  -5.48360e+05
   6  p5           5.99821e+00   9.51958e-03   9.51958e-05   2.03062e+01
   7  p6           0.00000e+00   1.41421e+00   1.41421e-02  -1.92820e-02
   8  p7           7.40832e-01     fixed    
   9  p8           2.93696e-02     fixed    
  10  p9           0.00000e+00   1.00000e+00   1.00000e-02  -1.37997e-01
  11  p10          0.00000e+00   1.00000e+00   1.00000e-02  -8.17572e-01
  12  p11          0.00000e+00     fixed    
                               ERR DEF= 0.5
345
fit result:36.4889 36.4889
The local date and time is: Mon Apr 28 02:16:49 2014

Pseudo exp:1
The local date and time is: Mon Apr 28 02:16:49 2014

cout:515
_cout:2807
true_yield:48
Start pseudo exp fit:1
The local date and time is: Mon Apr 28 02:16:53 2014

 FCN=20.9833 FROM HESSE     STATUS=RESET          30 CALLS         507 TOTAL
                     EDM=1.34209e-07    STRATEGY= 1  ERROR MATRIX UNCERTAINTY 100.0 per cent
  EXT PARAMETER                APPROXIMATE        STEP         FIRST   
  NO.   NAME      VALUE            ERROR          SIZE      DERIVATIVE 
   1  p0           9.98738e-01   1.71087e-01   1.71087e-03   3.15600e+00
   2  p1           5.36667e+00   2.67658e-03   2.67658e-05   2.37873e+02
   3  p2           1.17656e-02     fixed    
   4  p3           1.42966e+02   3.36450e-01   3.36450e-03  -1.95959e+00
   5  p4          -4.30103e+01   5.99732e-02   5.99732e-04  -2.89194e+05
   6  p5           3.28600e+00   1.06389e-02   1.06389e-04   1.81699e+01
   7  p6           0.00000e+00   5.65685e+00   5.65685e-02  -4.82050e-03
   8  p7           7.40832e-01     fixed    
   9  p8           2.93696e-02     fixed    
  10  p9           0.00000e+00   1.00000e+00   1.00000e-02  -1.37997e-01
  11  p10          0.00000e+00   1.00000e+00   1.00000e-02  -8.17572e-01
  12  p11          0.00000e+00     fixed    
                               ERR DEF= 0.5
354
fit result:49.9369 49.9369
The local date and time is: Mon Apr 28 02:16:53 2014

Pseudo exp:2
The local date and time is: Mon Apr 28 02:16:53 2014

cout:515
_cout:2702
true_yield:56
Start pseudo exp fit:2
The local date and time is: Mon Apr 28 02:16:56 2014

 FCN=23.8932 FROM HESSE     STATUS=RESET          30 CALLS        2627 TOTAL
                     EDM=7.53418e-07    STRATEGY= 1  ERROR MATRIX UNCERTAINTY 100.0 per cent
  EXT PARAMETER                APPROXIMATE        STEP         FIRST   
  NO.   NAME      VALUE            ERROR          SIZE      DERIVATIVE 
   1  p0           1.17436e+00   1.86793e-01   1.86793e-03   2.89064e+00
   2  p1           5.37370e+00   2.91885e-03   2.91885e-05   2.18129e+02
   3  p2           1.17656e-02     fixed    
   4  p3           2.91651e+01   3.19326e-01   3.19326e-03  -2.06468e+00
   5  p4          -2.03498e-04   2.98862e+00   2.98862e-02** at limit **
   6  p5          -7.61522e-01   9.94387e-03   9.94387e-05   1.94398e+01
   7  p6           0.00000e+00   2.00000e+00   2.00000e-02  -1.36344e-02
   8  p7           7.40832e-01     fixed    
   9  p8           2.93696e-02     fixed    
  10  p9           0.00000e+00   1.00000e+00   1.00000e-02  -1.37997e-01
  11  p10          0.00000e+00   1.00000e+00   1.00000e-02  -8.17572e-01
  12  p11          0.00000e+00     fixed    
                               ERR DEF= 0.5
362
fit result:58.7181 58.7181
The local date and time is: Mon Apr 28 02:16:57 2014

Pseudo exp:3
The local date and time is: Mon Apr 28 02:16:57 2014

cout:515
_cout:2721
true_yield:38
Start pseudo exp fit:3
The local date and time is: Mon Apr 28 02:17:00 2014

 FCN=24.534 FROM HESSE     STATUS=RESET          30 CALLS         507 TOTAL
                     EDM=2.77359e-08    STRATEGY= 1  ERROR MATRIX UNCERTAINTY 100.0 per cent
  EXT PARAMETER                APPROXIMATE        STEP         FIRST   
  NO.   NAME      VALUE            ERROR          SIZE      DERIVATIVE 
   1  p0           7.87808e-01   1.57422e-01   1.57422e-03   3.42996e+00
   2  p1           5.36693e+00   3.09193e-03   3.09193e-05   2.05918e+02
   3  p2           1.17656e-02     fixed    
   4  p3           1.95942e+02   3.23172e-01   3.23172e-03  -2.04010e+00
   5  p4          -6.05378e+01   5.73186e-02   5.73186e-04  -4.18097e+05
   6  p5           4.71776e+00   1.01187e-02   1.01187e-04   1.91038e+01
   7  p6           0.00000e+00   1.05500e+02   1.05500e+00  -2.58472e-04
   8  p7           7.40832e-01     fixed    
   9  p8           2.93696e-02     fixed    
  10  p9           0.00000e+00   1.00000e+00   1.00000e-02  -1.37997e-01
  11  p10          0.00000e+00   1.00000e+00   1.00000e-02  -8.17572e-01
  12  p11          0.00000e+00     fixed    
                               ERR DEF= 0.5
344
fit result:39.3904 39.3904
The local date and time is: Mon Apr 28 02:17:00 2014

Pseudo exp:4
The local date and time is: Mon Apr 28 02:17:00 2014

cout:515
_cout:2879
true_yield:53
Start pseudo exp fit:4
The local date and time is: Mon Apr 28 02:17:04 2014

 FCN=16.0456 FROM HESSE     STATUS=RESET          30 CALLS         507 TOTAL
                     EDM=2.18715e-08    STRATEGY= 1  ERROR MATRIX UNCERTAINTY 100.0 per cent
  EXT PARAMETER                APPROXIMATE        STEP         FIRST   
  NO.   NAME      VALUE            ERROR          SIZE      DERIVATIVE 
   1  p0           1.19304e+00   1.85788e-01   1.85788e-03   2.90628e+00
   2  p1           5.37035e+00   2.92832e-03   2.92832e-05   2.17424e+02
   3  p2           1.17656e-02     fixed    
   4  p3           3.21557e+02   3.20461e-01   3.20461e-03  -2.05737e+00
   5  p4          -1.05952e+02   5.68484e-02   5.68484e-04  -7.02129e+05
   6  p5           8.80755e+00   1.00411e-02   1.00411e-04   1.92515e+01
   7  p6           0.00000e+00   8.00000e+00   8.00000e-02  -3.40861e-03
   8  p7           7.40832e-01     fixed    
   9  p8           2.93696e-02     fixed    
  10  p9           0.00000e+00   1.00000e+00   1.00000e-02  -1.37997e-01
  11  p10          0.00000e+00   1.00000e+00   1.00000e-02  -8.17572e-01
  12  p11          0.00000e+00     fixed    
                               ERR DEF= 0.5
359
fit result:59.6518 59.6518
The local date and time is: Mon Apr 28 02:17:04 2014

Pseudo exp:5
The local date and time is: Mon Apr 28 02:17:04 2014

cout:515
_cout:2808
true_yield:39
Start pseudo exp fit:5
The local date and time is: Mon Apr 28 02:17:07 2014

 FCN=26.0593 FROM HESSE     STATUS=RESET          30 CALLS         516 TOTAL
                     EDM=9.23598e-09    STRATEGY= 1  ERROR MATRIX UNCERTAINTY 100.0 per cent
  EXT PARAMETER                APPROXIMATE        STEP         FIRST   
  NO.   NAME      VALUE            ERROR          SIZE      DERIVATIVE 
   1  p0           6.04619e-01   1.49985e-01   1.49985e-03   3.60004e+00
   2  p1           5.36673e+00   5.20163e-03   5.20163e-05   1.22401e+02
   3  p2           1.17656e-02     fixed    
   4  p3           3.14032e+01   3.14060e-01   3.14060e-03  -2.09930e+00
   5  p4          -7.30253e-04   1.05130e+00   1.05130e-02  -1.05306e+02
   6  p5          -8.27616e-01   9.70451e-03   9.70451e-05   1.99193e+01
   7  p6           0.00000e+00   1.00000e+00   1.00000e-02  -2.72689e-02
   8  p7           7.40832e-01     fixed    
   9  p8           2.93696e-02     fixed    
  10  p9           0.00000e+00   1.00000e+00   1.00000e-02  -1.37997e-01
  11  p10          0.00000e+00   1.00000e+00   1.00000e-02  -8.17572e-01
  12  p11          0.00000e+00     fixed    
                               ERR DEF= 0.5
345
fit result:30.2309 30.231
The local date and time is: Mon Apr 28 02:17:08 2014

Pseudo exp:6
The local date and time is: Mon Apr 28 02:17:08 2014

cout:515
_cout:2756
true_yield:58
Start pseudo exp fit:6
The local date and time is: Mon Apr 28 02:17:11 2014

 FCN=28.735 FROM HESSE     STATUS=RESET          30 CALLS         550 TOTAL
                     EDM=5.38756e-07    STRATEGY= 1  ERROR MATRIX UNCERTAINTY 100.0 per cent
  EXT PARAMETER                APPROXIMATE        STEP         FIRST   
  NO.   NAME      VALUE            ERROR          SIZE      DERIVATIVE 
   1  p0           1.27252e+00   1.89818e-01   1.89818e-03   2.84458e+00
   2  p1           5.36951e+00   2.84428e-03   2.84428e-05   2.23848e+02
   3  p2           1.17656e-02     fixed    
   4  p3           2.17062e+02   3.40596e-01   3.40596e-03  -1.93574e+00
   5  p4          -7.07011e+01   6.08430e-02   6.08430e-04  -4.55027e+05
   6  p5           5.86183e+00   1.08168e-02   1.08168e-04   1.78709e+01
   7  p6           0.00000e+00   8.00000e+00   8.00000e-02  -3.40861e-03
   8  p7           7.40832e-01     fixed    
   9  p8           2.93696e-02     fixed    
  10  p9           0.00000e+00   1.00000e+00   1.00000e-02  -1.37997e-01
  11  p10          0.00000e+00   1.00000e+00   1.00000e-02  -8.17572e-01
  12  p11          0.00000e+00     fixed    
                               ERR DEF= 0.5
364
fit result:63.6259 63.6259
The local date and time is: Mon Apr 28 02:17:11 2014

Pseudo exp:7
The local date and time is: Mon Apr 28 02:17:11 2014

cout:515
_cout:2769
true_yield:45
Start pseudo exp fit:7
The local date and time is: Mon Apr 28 02:17:15 2014

 FCN=20.284 FROM HESSE     STATUS=RESET          30 CALLS         507 TOTAL
                     EDM=1.87037e-07    STRATEGY= 1  ERROR MATRIX UNCERTAINTY 100.0 per cent
  EXT PARAMETER                APPROXIMATE        STEP         FIRST   
  NO.   NAME      VALUE            ERROR          SIZE      DERIVATIVE 
   1  p0           7.01506e-01   1.53425e-01   1.53425e-03   3.51932e+00
   2  p1           5.37580e+00   3.34228e-03   3.34228e-05   1.90494e+02
   3  p2           1.17656e-02     fixed    
   4  p3           1.41510e+02   3.15557e-01   3.15557e-03  -2.08933e+00
   5  p4          -3.91792e+01   5.57223e-02   5.57223e-04  -2.84666e+05
   6  p5           2.64719e+00   9.79610e-03   9.79610e-05   1.97330e+01
   7  p6           0.00000e+00   5.65685e+00   5.65685e-02  -4.82050e-03
   8  p7           7.40832e-01     fixed    
   9  p8           2.93696e-02     fixed    
  10  p9           0.00000e+00   1.00000e+00   1.00000e-02  -1.37997e-01
  11  p10          0.00000e+00   1.00000e+00   1.00000e-02  -8.17572e-01
  12  p11          0.00000e+00     fixed    
                               ERR DEF= 0.5
351
fit result:35.0753 35.0753
The local date and time is: Mon Apr 28 02:17:15 2014

Pseudo exp:8
The local date and time is: Mon Apr 28 02:17:15 2014

cout:515
_cout:3070
true_yield:49
Start pseudo exp fit:8
The local date and time is: Mon Apr 28 02:17:18 2014

 FCN=35.8437 FROM HESSE     STATUS=RESET          30 CALLS         507 TOTAL
                     EDM=2.3073e-10    STRATEGY= 1  ERROR MATRIX UNCERTAINTY 100.0 per cent
  EXT PARAMETER                APPROXIMATE        STEP         FIRST   
  NO.   NAME      VALUE            ERROR          SIZE      DERIVATIVE 
   1  p0           9.54581e-01   1.68442e-01   1.68442e-03   3.20557e+00
   2  p1           5.37104e+00   2.69302e-03   2.69302e-05   2.36420e+02
   3  p2           1.17656e-02     fixed    
   4  p3           1.80569e+02   3.16833e-01   3.16833e-03  -2.08092e+00
   5  p4          -5.39731e+01   5.60694e-02   5.60694e-04  -3.83726e+05
   6  p5           4.03606e+00   9.88018e-03   9.88018e-05   1.95651e+01
   7  p6           0.00000e+00   8.00000e+00   8.00000e-02  -3.40861e-03
   8  p7           7.40832e-01     fixed    
   9  p8           2.93696e-02     fixed    
  10  p9           0.00000e+00   1.00000e+00   1.00000e-02  -1.37997e-01
  11  p10          0.00000e+00   1.00000e+00   1.00000e-02  -8.17572e-01
  12  p11          0.00000e+00     fixed    
                               ERR DEF= 0.5
355
fit result:47.729 47.729
The local date and time is: Mon Apr 28 02:17:19 2014

Pseudo exp:9
The local date and time is: Mon Apr 28 02:17:19 2014

cout:515
_cout:2830
true_yield:36
Start pseudo exp fit:9
The local date and time is: Mon Apr 28 02:17:22 2014

 FCN=17.9412 FROM HESSE     STATUS=RESET          30 CALLS         529 TOTAL
                     EDM=9.96014e-08    STRATEGY= 1  ERROR MATRIX UNCERTAINTY 100.0 per cent
  EXT PARAMETER                APPROXIMATE        STEP         FIRST   
  NO.   NAME      VALUE            ERROR          SIZE      DERIVATIVE 
   1  p0           6.63344e-01   1.53875e-01   1.53875e-03   3.50903e+00
   2  p1           5.36880e+00   4.89007e-03   4.89007e-05   1.30200e+02
   3  p2           1.17656e-02     fixed    
   4  p3           2.77248e+01   3.28096e-01   3.28096e-03  -2.00948e+00
   5  p4          -3.22826e-07   1.66842e+01   1.66842e-01** at limit **
   6  p5          -7.10413e-01   1.02815e-02   1.02815e-04   1.88014e+01
   7  p6           0.00000e+00   5.65685e+00   5.65685e-02  -4.82050e-03
   8  p7           7.40832e-01     fixed    
   9  p8           2.93696e-02     fixed    
  10  p9           0.00000e+00   1.00000e+00   1.00000e-02  -1.37997e-01
  11  p10          0.00000e+00   1.00000e+00   1.00000e-02  -8.17572e-01
  12  p11          0.00000e+00     fixed    
                               ERR DEF= 0.5
342
fit result:33.1672 33.1672
The local date and time is: Mon Apr 28 02:17:22 2014

Pseudo exp:10
The local date and time is: Mon Apr 28 02:17:22 2014

cout:515
_cout:2908
true_yield:43
Start pseudo exp fit:10
The local date and time is: Mon Apr 28 02:17:26 2014

 FCN=19.0257 FROM HESSE     STATUS=RESET          30 CALLS         509 TOTAL
                     EDM=6.01792e-07    STRATEGY= 1  ERROR MATRIX UNCERTAINTY 100.0 per cent
  EXT PARAMETER                APPROXIMATE        STEP         FIRST   
  NO.   NAME      VALUE            ERROR          SIZE      DERIVATIVE 
   1  p0           9.98501e-01   1.73389e-01   1.73389e-03   3.11411e+00
   2  p1           5.37257e+00   3.08224e-03   3.08224e-05   2.06566e+02
   3  p2           1.17656e-02     fixed    
   4  p3           6.15491e+01   3.29209e-01   3.29209e-03  -2.00269e+00
   5  p4          -1.30910e+01   5.85372e-02   5.85372e-04  -9.30006e+04
   6  p5           5.41730e-01   1.03579e-02   1.03579e-04   1.86627e+01
   7  p6           0.00000e+00   2.00000e+00   2.00000e-02  -1.36344e-02
   8  p7           7.40832e-01     fixed    
   9  p8           2.93696e-02     fixed    
  10  p9           0.00000e+00   1.00000e+00   1.00000e-02  -1.37997e-01
  11  p10          0.00000e+00   1.00000e+00   1.00000e-02  -8.17572e-01
  12  p11          0.00000e+00     fixed    
                               ERR DEF= 0.5
349
fit result:49.9251 49.9251
The local date and time is: Mon Apr 28 02:17:26 2014

Pseudo exp:11
The local date and time is: Mon Apr 28 02:17:26 2014

cout:515
_cout:2705
true_yield:48
Start pseudo exp fit:11
The local date and time is: Mon Apr 28 02:17:29 2014

 FCN=17.3366 FROM HESSE     STATUS=RESET          30 CALLS         507 TOTAL
                     EDM=1.346e-07    STRATEGY= 1  ERROR MATRIX UNCERTAINTY 100.0 per cent
  EXT PARAMETER                APPROXIMATE        STEP         FIRST   
  NO.   NAME      VALUE            ERROR          SIZE      DERIVATIVE 
   1  p0           9.58495e-01   1.72971e-01   1.72971e-03   3.12164e+00
   2  p1           5.36914e+00   3.51541e-03   3.51541e-05   1.81113e+02
   3  p2           1.17656e-02     fixed    
   4  p3           1.68239e+02   3.36683e-01   3.36683e-03  -1.95824e+00
   5  p4          -5.18735e+01   5.99789e-02   5.99789e-04  -3.45525e+05
   6  p5           4.06122e+00   1.06346e-02   1.06346e-04   1.81771e+01
   7  p6           0.00000e+00   8.00000e+00   8.00000e-02  -3.40861e-03
   8  p7           7.40832e-01     fixed    
   9  p8           2.93696e-02     fixed    
  10  p9           0.00000e+00   1.00000e+00   1.00000e-02  -1.37997e-01
  11  p10          0.00000e+00   1.00000e+00   1.00000e-02  -8.17572e-01
  12  p11          0.00000e+00     fixed    
                               ERR DEF= 0.5
354
fit result:47.9247 47.9248
The local date and time is: Mon Apr 28 02:17:30 2014

Pseudo exp:12
The local date and time is: Mon Apr 28 02:17:30 2014

cout:515
_cout:2709
true_yield:49
Start pseudo exp fit:12
The local date and time is: Mon Apr 28 02:17:33 2014

 FCN=14.3652 FROM HESSE     STATUS=RESET          30 CALLS         507 TOTAL
                     EDM=5.1144e-08    STRATEGY= 1  ERROR MATRIX UNCERTAINTY 100.0 per cent
  EXT PARAMETER                APPROXIMATE        STEP         FIRST   
  NO.   NAME      VALUE            ERROR          SIZE      DERIVATIVE 
   1  p0           9.01775e-01   1.66915e-01   1.66915e-03   3.23489e+00
   2  p1           5.37484e+00   3.24839e-03   3.24839e-05   1.96000e+02
   3  p2           1.17656e-02     fixed    
   4  p3           1.90416e+02   3.43024e-01   3.43024e-03  -1.92204e+00
   5  p4          -6.05991e+01   6.12463e-02   6.12463e-04  -3.91655e+05
   6  p5           4.91464e+00   1.08827e-02   1.08827e-04   1.77627e+01
   7  p6           0.00000e+00   5.65685e+00   5.65685e-02  -4.82050e-03
   8  p7           7.40832e-01     fixed    
   9  p8           2.93696e-02     fixed    
  10  p9           0.00000e+00   1.00000e+00   1.00000e-02  -1.37997e-01
  11  p10          0.00000e+00   1.00000e+00   1.00000e-02  -8.17572e-01
  12  p11          0.00000e+00     fixed    
                               ERR DEF= 0.5
355
fit result:45.0887 45.0888
The local date and time is: Mon Apr 28 02:17:33 2014

Pseudo exp:13
The local date and time is: Mon Apr 28 02:17:33 2014

cout:515
_cout:2694
true_yield:48
Start pseudo exp fit:13
The local date and time is: Mon Apr 28 02:17:37 2014

 FCN=24.344 FROM HESSE     STATUS=RESET          30 CALLS        2932 TOTAL
                     EDM=4.44439e-07    STRATEGY= 1  ERROR MATRIX UNCERTAINTY 100.0 per cent
  EXT PARAMETER                APPROXIMATE        STEP         FIRST   
  NO.   NAME      VALUE            ERROR          SIZE      DERIVATIVE 
   1  p0           1.00492e+00   1.74773e-01   1.74773e-03   3.08945e+00
   2  p1           5.37298e+00   2.75793e-03   2.75793e-05   2.30856e+02
   3  p2           1.17656e-02     fixed    
   4  p3           3.14736e+01   3.08135e-01   3.08135e-03  -2.13966e+00
   5  p4          -2.88855e-05   9.34346e+00   9.34346e-02** at limit **
   6  p5          -8.37350e-01   9.52966e-03   9.52966e-05   2.02847e+01
   7  p6           0.00000e+00   2.00000e+00   2.00000e-02  -1.36344e-02
   8  p7           7.40832e-01     fixed    
   9  p8           2.93696e-02     fixed    
  10  p9           0.00000e+00   1.00000e+00   1.00000e-02  -1.37997e-01
  11  p10          0.00000e+00   1.00000e+00   1.00000e-02  -8.17572e-01
  12  p11          0.00000e+00     fixed    
                               ERR DEF= 0.5
354
fit result:50.2459 50.2459
The local date and time is: Mon Apr 28 02:17:37 2014

Pseudo exp:14
The local date and time is: Mon Apr 28 02:17:37 2014

cout:515
_cout:2977
true_yield:41
Start pseudo exp fit:14
The local date and time is: Mon Apr 28 02:17:41 2014

 FCN=29.2816 FROM HESSE     STATUS=RESET          30 CALLS         507 TOTAL
                     EDM=9.64299e-09    STRATEGY= 1  ERROR MATRIX UNCERTAINTY 100.0 per cent
  EXT PARAMETER                APPROXIMATE        STEP         FIRST   
  NO.   NAME      VALUE            ERROR          SIZE      DERIVATIVE 
   1  p0           1.09758e+00   1.72091e-01   1.72091e-03   3.13759e+00
   2  p1           5.36901e+00   2.30509e-03   2.30509e-05   2.76209e+02
   3  p2           1.17656e-02     fixed    
   4  p3           5.25345e+02   3.25348e-01   3.25348e-03  -2.02646e+00
   5  p4          -1.81772e+02   5.80934e-02   5.80934e-04  -1.07880e+06
   6  p5           1.58321e+01   1.03289e-02   1.03289e-04   1.87151e+01
   7  p6           0.00000e+00   8.00000e+00   8.00000e-02  -3.40861e-03
   8  p7           7.40832e-01     fixed    
   9  p8           2.93696e-02     fixed    
  10  p9           0.00000e+00   1.00000e+00   1.00000e-02  -1.37997e-01
  11  p10          0.00000e+00   1.00000e+00   1.00000e-02  -8.17572e-01
  12  p11          0.00000e+00     fixed    
                               ERR DEF= 0.5
347
fit result:54.8792 54.8793
The local date and time is: Mon Apr 28 02:17:41 2014

Pseudo exp:15
The local date and time is: Mon Apr 28 02:17:41 2014

cout:515
_cout:2845
true_yield:45
Start pseudo exp fit:15
The local date and time is: Mon Apr 28 02:17:45 2014

 FCN=28.0496 FROM HESSE     STATUS=RESET          30 CALLS         565 TOTAL
                     EDM=6.63797e-07    STRATEGY= 1  ERROR MATRIX UNCERTAINTY 100.0 per cent
  EXT PARAMETER                APPROXIMATE        STEP         FIRST   
  NO.   NAME      VALUE            ERROR          SIZE      DERIVATIVE 
   1  p0           8.24793e-01   1.62793e-01   1.62793e-03   3.31679e+00
   2  p1           5.37535e+00   3.13817e-03   3.13817e-05   2.02885e+02
   3  p2           1.17656e-02     fixed    
   4  p3           3.02920e+01   3.22946e-01   3.22946e-03  -2.04153e+00
   5  p4          -1.36979e-04   3.98474e+00   3.98474e-02** at limit **
   6  p5          -7.94336e-01   1.00954e-02   1.00954e-04   1.91481e+01
   7  p6           0.00000e+00   1.41421e+00   1.41421e-02  -1.92820e-02
   8  p7           7.40832e-01     fixed    
   9  p8           2.93696e-02     fixed    
  10  p9           0.00000e+00   1.00000e+00   1.00000e-02  -1.37997e-01
  11  p10          0.00000e+00   1.00000e+00   1.00000e-02  -8.17572e-01
  12  p11          0.00000e+00     fixed    
                               ERR DEF= 0.5
351
fit result:41.2397 41.2397
The local date and time is: Mon Apr 28 02:17:45 2014

Pseudo exp:16
The local date and time is: Mon Apr 28 02:17:45 2014

cout:515
_cout:2760
true_yield:46
Start pseudo exp fit:16
The local date and time is: Mon Apr 28 02:17:48 2014

 FCN=26.1167 FROM HESSE     STATUS=RESET          30 CALLS         507 TOTAL
                     EDM=4.39989e-08    STRATEGY= 1  ERROR MATRIX UNCERTAINTY 100.0 per cent
  EXT PARAMETER                APPROXIMATE        STEP         FIRST   
  NO.   NAME      VALUE            ERROR          SIZE      DERIVATIVE 
   1  p0           9.66169e-01   1.76616e-01   1.76616e-03   3.05720e+00
   2  p1           5.37397e+00   4.97139e-03   4.97139e-05   1.28070e+02
   3  p2           1.17656e-02     fixed    
   4  p3           2.68947e+02   3.11879e-01   3.11879e-03  -2.11397e+00
   5  p4          -8.56861e+01   5.50811e-02   5.50811e-04  -5.99334e+05
   6  p5           6.87033e+00   9.68472e-03   9.68472e-05   1.99600e+01
   7  p6           0.00000e+00   6.82332e+01   6.82332e-01  -3.99642e-04
   8  p7           7.40832e-01     fixed    
   9  p8           2.93696e-02     fixed    
  10  p9           0.00000e+00   1.00000e+00   1.00000e-02  -1.37997e-01
  11  p10          0.00000e+00   1.00000e+00   1.00000e-02  -8.17572e-01
  12  p11          0.00000e+00     fixed    
                               ERR DEF= 0.5
352
fit result:48.3085 48.3085
The local date and time is: Mon Apr 28 02:17:49 2014

Pseudo exp:17
The local date and time is: Mon Apr 28 02:17:49 2014

cout:515
_cout:2918
true_yield:51
Start pseudo exp fit:17
The local date and time is: Mon Apr 28 02:17:52 2014

 FCN=21.6768 FROM HESSE     STATUS=RESET          30 CALLS         548 TOTAL
                     EDM=2.82966e-07    STRATEGY= 1  ERROR MATRIX UNCERTAINTY 100.0 per cent
  EXT PARAMETER                APPROXIMATE        STEP         FIRST   
  NO.   NAME      VALUE            ERROR          SIZE      DERIVATIVE 
   1  p0           1.03374e+00   1.73922e-01   1.73922e-03   3.10457e+00
   2  p1           5.37422e+00   2.74005e-03   2.74005e-05   2.32363e+02
   3  p2           1.17656e-02     fixed    
   4  p3           9.16711e+01   3.40110e-01   3.40110e-03  -1.93850e+00
   5  p4          -2.49073e+01   6.06733e-02   6.06733e-04  -1.68671e+05
   6  p5           1.69527e+00   1.07689e-02   1.07689e-04   1.79505e+01
   7  p6           0.00000e+00   2.00000e+00   2.00000e-02  -1.36344e-02
   8  p7           7.40832e-01     fixed    
   9  p8           2.93696e-02     fixed    
  10  p9           0.00000e+00   1.00000e+00   1.00000e-02  -1.37997e-01
  11  p10          0.00000e+00   1.00000e+00   1.00000e-02  -8.17572e-01
  12  p11          0.00000e+00     fixed    
                               ERR DEF= 0.5
357
fit result:51.6868 51.6868
The local date and time is: Mon Apr 28 02:17:52 2014

Pseudo exp:18
The local date and time is: Mon Apr 28 02:17:52 2014

cout:515
_cout:2841
true_yield:41
Start pseudo exp fit:18
The local date and time is: Mon Apr 28 02:17:56 2014

 FCN=11.7248 FROM HESSE     STATUS=RESET          30 CALLS         507 TOTAL
                     EDM=2.25096e-08    STRATEGY= 1  ERROR MATRIX UNCERTAINTY 100.0 per cent
  EXT PARAMETER                APPROXIMATE        STEP         FIRST   
  NO.   NAME      VALUE            ERROR          SIZE      DERIVATIVE 
   1  p0           6.75031e-01   1.52370e-01   1.52370e-03   3.54370e+00
   2  p1           5.37059e+00   3.65614e-03   3.65614e-05   1.74141e+02
   3  p2           1.17656e-02     fixed    
   4  p3           4.08914e+01   3.13611e-01   3.13611e-03  -2.10230e+00
   5  p4          -3.25412e+00   5.53096e-02   5.53096e-04  -2.47106e+04
   6  p5          -5.51529e-01   9.70841e-03   9.70841e-05   1.99113e+01
   7  p6           0.00000e+00   2.40000e+00   2.40000e-02  -1.13620e-02
   8  p7           7.40832e-01     fixed    
   9  p8           2.93696e-02     fixed    
  10  p9           0.00000e+00   1.00000e+00   1.00000e-02  -1.37997e-01
  11  p10          0.00000e+00   1.00000e+00   1.00000e-02  -8.17572e-01
  12  p11          0.00000e+00     fixed    
                               ERR DEF= 0.5
347
fit result:33.7516 33.7516
The local date and time is: Mon Apr 28 02:17:56 2014

Pseudo exp:19
The local date and time is: Mon Apr 28 02:17:56 2014

cout:515
_cout:2794
true_yield:45
Start pseudo exp fit:19
The local date and time is: Mon Apr 28 02:18:00 2014

 FCN=19.7949 FROM HESSE     STATUS=RESET          30 CALLS        2620 TOTAL
                     EDM=8.12346e-07    STRATEGY= 1  ERROR MATRIX UNCERTAINTY 100.0 per cent
  EXT PARAMETER                APPROXIMATE        STEP         FIRST   
  NO.   NAME      VALUE            ERROR          SIZE      DERIVATIVE 
   1  p0           7.86084e-01   1.64406e-01   1.64406e-03   3.28426e+00
   2  p1           5.37047e+00   5.07190e-03   5.07190e-05   1.25532e+02
   3  p2           1.17656e-02     fixed    
   4  p3           2.79347e+01   3.30672e-01   3.30672e-03  -1.99383e+00
   5  p4          -1.00916e-03   8.18194e-01   8.18194e-03  -1.05314e+02
   6  p5          -7.15278e-01   1.03654e-02   1.03654e-04   1.86493e+01
   7  p6           0.00000e+00   2.00000e+00   2.00000e-02  -1.36344e-02
   8  p7           7.40832e-01     fixed    
   9  p8           2.93696e-02     fixed    
  10  p9           0.00000e+00   1.00000e+00   1.00000e-02  -1.37997e-01
  11  p10          0.00000e+00   1.00000e+00   1.00000e-02  -8.17572e-01
  12  p11          0.00000e+00     fixed    
                               ERR DEF= 0.5
351
fit result:39.3042 39.3042
The local date and time is: Mon Apr 28 02:18:00 2014

