000 (263749.000.000) 04/26 03:18:09 Job submitted from host: <18.12.1.74:45694>
...
009 (263749.000.000) 04/26 03:18:32 Job was aborted by the user.
	via condor_rm (by user tawei)
...
000 (263799.000.000) 04/26 03:19:15 Job submitted from host: <18.12.1.74:45694>
...
001 (263799.000.000) 04/26 03:20:36 Job executing on host: <18.12.8.249:49198>
...
006 (263799.000.000) 04/26 03:20:44 Image size of job updated: 210912
	104  -  MemoryUsage of job (MB)
	106104  -  ResidentSetSize of job (KB)
...
006 (263799.000.000) 04/26 03:24:00 Image size of job updated: 316136
	104  -  MemoryUsage of job (MB)
	106104  -  ResidentSetSize of job (KB)
...
005 (263799.000.000) 04/26 03:24:00 Job terminated.
	(1) Normal termination (return value 0)
		Usr 0 00:02:36, Sys 0 00:00:03  -  Run Remote Usage
		Usr 0 00:00:00, Sys 0 00:00:00  -  Run Local Usage
		Usr 0 00:02:36, Sys 0 00:00:03  -  Total Remote Usage
		Usr 0 00:00:00, Sys 0 00:00:00  -  Total Local Usage
	33465  -  Run Bytes Sent By Job
	32579  -  Run Bytes Received By Job
	33465  -  Total Bytes Sent By Job
	32579  -  Total Bytes Received By Job
	Partitionable Resources :    Usage  Request          
	   Cpus                 :                 1          
	   Disk (KB)            :       87       87          
	   Memory (MB)          :      104      104          
...
000 (263901.000.000) 04/26 04:01:37 Job submitted from host: <18.12.1.74:45694>
...
001 (263901.000.000) 04/26 04:02:41 Job executing on host: <18.12.8.189:40146>
...
006 (263901.000.000) 04/26 04:02:50 Image size of job updated: 200808
	89  -  MemoryUsage of job (MB)
	90588  -  ResidentSetSize of job (KB)
...
006 (263901.000.000) 04/26 04:07:28 Image size of job updated: 315388
	89  -  MemoryUsage of job (MB)
	90588  -  ResidentSetSize of job (KB)
...
005 (263901.000.000) 04/26 04:07:28 Job terminated.
	(1) Normal termination (return value 0)
		Usr 0 00:03:45, Sys 0 00:00:06  -  Run Remote Usage
		Usr 0 00:00:00, Sys 0 00:00:00  -  Run Local Usage
		Usr 0 00:03:45, Sys 0 00:00:06  -  Total Remote Usage
		Usr 0 00:00:00, Sys 0 00:00:00  -  Total Local Usage
	32839  -  Run Bytes Sent By Job
	32607  -  Run Bytes Received By Job
	32839  -  Total Bytes Sent By Job
	32607  -  Total Bytes Received By Job
	Partitionable Resources :    Usage  Request          
	   Cpus                 :                 1          
	   Disk (KB)            :       86       86          
	   Memory (MB)          :       89       89          
...
000 (265258.000.000) 04/27 23:58:45 Job submitted from host: <18.12.1.74:45694>
...
009 (265258.000.000) 04/27 23:59:18 Job was aborted by the user.
	via condor_rm (by user tawei)
...
000 (265308.000.000) 04/27 23:59:31 Job submitted from host: <18.12.1.74:45694>
...
001 (265308.000.000) 04/27 23:59:38 Job executing on host: <18.12.9.4:47811>
...
006 (265308.000.000) 04/27 23:59:42 Image size of job updated: 1
	0  -  MemoryUsage of job (MB)
	0  -  ResidentSetSize of job (KB)
...
005 (265308.000.000) 04/27 23:59:42 Job terminated.
	(1) Normal termination (return value 1)
		Usr 0 00:00:00, Sys 0 00:00:00  -  Run Remote Usage
		Usr 0 00:00:00, Sys 0 00:00:00  -  Run Local Usage
		Usr 0 00:00:00, Sys 0 00:00:00  -  Total Remote Usage
		Usr 0 00:00:00, Sys 0 00:00:00  -  Total Local Usage
	1145  -  Run Bytes Sent By Job
	32875  -  Run Bytes Received By Job
	1145  -  Total Bytes Sent By Job
	32875  -  Total Bytes Received By Job
	Partitionable Resources :    Usage  Request          
	   Cpus                 :                 1          
	   Disk (KB)            :       56       56          
	   Memory (MB)          :        0        0          
...
000 (265566.000.000) 04/28 02:01:16 Job submitted from host: <18.12.1.74:45694>
...
001 (265566.000.000) 04/28 02:02:08 Job executing on host: <18.12.8.3:47592>
...
006 (265566.000.000) 04/28 02:02:16 Image size of job updated: 1
	2  -  MemoryUsage of job (MB)
	1708  -  ResidentSetSize of job (KB)
...
006 (265566.000.000) 04/28 02:07:16 Image size of job updated: 288568
	151  -  MemoryUsage of job (MB)
	153696  -  ResidentSetSize of job (KB)
...
006 (265566.000.000) 04/28 02:17:18 Image size of job updated: 310108
	162  -  MemoryUsage of job (MB)
	164976  -  ResidentSetSize of job (KB)
...
006 (265566.000.000) 04/28 02:18:07 Image size of job updated: 315040
	162  -  MemoryUsage of job (MB)
	164976  -  ResidentSetSize of job (KB)
...
005 (265566.000.000) 04/28 02:18:07 Job terminated.
	(1) Normal termination (return value 0)
		Usr 0 00:02:30, Sys 0 00:00:03  -  Run Remote Usage
		Usr 0 00:00:00, Sys 0 00:00:00  -  Run Local Usage
		Usr 0 00:02:30, Sys 0 00:00:03  -  Total Remote Usage
		Usr 0 00:00:00, Sys 0 00:00:00  -  Total Local Usage
	32784  -  Run Bytes Sent By Job
	32889  -  Run Bytes Received By Job
	32784  -  Total Bytes Sent By Job
	32889  -  Total Bytes Received By Job
	Partitionable Resources :    Usage  Request          
	   Cpus                 :                 1          
	   Disk (KB)            :      278      278          
	   Memory (MB)          :      162      162          
...
