000 (263716.000.000) 04/26 03:18:06 Job submitted from host: <18.12.1.74:45694>
...
009 (263716.000.000) 04/26 03:18:32 Job was aborted by the user.
	via condor_rm (by user tawei)
...
000 (263766.000.000) 04/26 03:19:11 Job submitted from host: <18.12.1.74:45694>
...
001 (263766.000.000) 04/26 03:20:35 Job executing on host: <18.12.8.228:44526>
...
006 (263766.000.000) 04/26 03:20:43 Image size of job updated: 211052
	104  -  MemoryUsage of job (MB)
	106296  -  ResidentSetSize of job (KB)
...
006 (263766.000.000) 04/26 03:25:15 Image size of job updated: 316380
	104  -  MemoryUsage of job (MB)
	106296  -  ResidentSetSize of job (KB)
...
005 (263766.000.000) 04/26 03:25:15 Job terminated.
	(1) Normal termination (return value 0)
		Usr 0 00:03:45, Sys 0 00:00:05  -  Run Remote Usage
		Usr 0 00:00:00, Sys 0 00:00:00  -  Run Local Usage
		Usr 0 00:03:45, Sys 0 00:00:05  -  Total Remote Usage
		Usr 0 00:00:00, Sys 0 00:00:00  -  Total Local Usage
	33458  -  Run Bytes Sent By Job
	32579  -  Run Bytes Received By Job
	33458  -  Total Bytes Sent By Job
	32579  -  Total Bytes Received By Job
	Partitionable Resources :    Usage  Request          
	   Cpus                 :                 1          
	   Disk (KB)            :       87       87          
	   Memory (MB)          :      104      104          
...
000 (263868.000.000) 04/26 04:01:33 Job submitted from host: <18.12.1.74:45694>
...
001 (263868.000.000) 04/26 04:02:37 Job executing on host: <18.12.8.237:47300>
...
006 (263868.000.000) 04/26 04:02:45 Image size of job updated: 1
	2  -  MemoryUsage of job (MB)
	1712  -  ResidentSetSize of job (KB)
...
006 (263868.000.000) 04/26 04:07:13 Image size of job updated: 316000
	2  -  MemoryUsage of job (MB)
	1712  -  ResidentSetSize of job (KB)
...
005 (263868.000.000) 04/26 04:07:13 Job terminated.
	(1) Normal termination (return value 0)
		Usr 0 00:03:27, Sys 0 00:00:05  -  Run Remote Usage
		Usr 0 00:00:00, Sys 0 00:00:00  -  Run Local Usage
		Usr 0 00:03:27, Sys 0 00:00:05  -  Total Remote Usage
		Usr 0 00:00:00, Sys 0 00:00:00  -  Total Local Usage
	32772  -  Run Bytes Sent By Job
	32607  -  Run Bytes Received By Job
	32772  -  Total Bytes Sent By Job
	32607  -  Total Bytes Received By Job
	Partitionable Resources :    Usage  Request          
	   Cpus                 :                 1          
	   Disk (KB)            :       86       86          
	   Memory (MB)          :        2        2          
...
000 (265225.000.000) 04/27 23:58:33 Job submitted from host: <18.12.1.74:45694>
...
009 (265225.000.000) 04/27 23:59:18 Job was aborted by the user.
	via condor_rm (by user tawei)
...
000 (265275.000.000) 04/27 23:59:27 Job submitted from host: <18.12.1.74:45694>
...
001 (265275.000.000) 04/27 23:59:35 Job executing on host: <18.12.8.222:47519>
...
006 (265275.000.000) 04/27 23:59:38 Image size of job updated: 88556
	0  -  MemoryUsage of job (MB)
	0  -  ResidentSetSize of job (KB)
...
005 (265275.000.000) 04/27 23:59:38 Job terminated.
	(1) Normal termination (return value 1)
		Usr 0 00:00:00, Sys 0 00:00:00  -  Run Remote Usage
		Usr 0 00:00:00, Sys 0 00:00:00  -  Run Local Usage
		Usr 0 00:00:00, Sys 0 00:00:00  -  Total Remote Usage
		Usr 0 00:00:00, Sys 0 00:00:00  -  Total Local Usage
	1143  -  Run Bytes Sent By Job
	32875  -  Run Bytes Received By Job
	1143  -  Total Bytes Sent By Job
	32875  -  Total Bytes Received By Job
	Partitionable Resources :    Usage  Request          
	   Cpus                 :                 1          
	   Disk (KB)            :       56       56          
	   Memory (MB)          :        0        0          
...
000 (265533.000.000) 04/28 02:01:10 Job submitted from host: <18.12.1.74:45694>
...
001 (265533.000.000) 04/28 02:02:06 Job executing on host: <18.12.8.191:41679>
...
006 (265533.000.000) 04/28 02:02:14 Image size of job updated: 1
	2  -  MemoryUsage of job (MB)
	1712  -  ResidentSetSize of job (KB)
...
006 (265533.000.000) 04/28 02:07:14 Image size of job updated: 288572
	151  -  MemoryUsage of job (MB)
	153688  -  ResidentSetSize of job (KB)
...
006 (265533.000.000) 04/28 02:17:16 Image size of job updated: 311164
	163  -  MemoryUsage of job (MB)
	166024  -  ResidentSetSize of job (KB)
...
006 (265533.000.000) 04/28 02:18:01 Image size of job updated: 315668
	163  -  MemoryUsage of job (MB)
	166024  -  ResidentSetSize of job (KB)
...
005 (265533.000.000) 04/28 02:18:01 Job terminated.
	(1) Normal termination (return value 0)
		Usr 0 00:02:41, Sys 0 00:00:03  -  Run Remote Usage
		Usr 0 00:00:00, Sys 0 00:00:00  -  Run Local Usage
		Usr 0 00:02:41, Sys 0 00:00:03  -  Total Remote Usage
		Usr 0 00:00:00, Sys 0 00:00:00  -  Total Local Usage
	32781  -  Run Bytes Sent By Job
	32889  -  Run Bytes Received By Job
	32781  -  Total Bytes Sent By Job
	32889  -  Total Bytes Received By Job
	Partitionable Resources :    Usage  Request          
	   Cpus                 :                 1          
	   Disk (KB)            :      341      341          
	   Memory (MB)          :      163      163          
...
