/export/data1/condor/execute/dir_30590
gcc (GCC) 4.6.2
Copyright (C) 2011 Free Software Foundation, Inc.
This is free software; see the source for copying conditions.  There is NO
warranty; not even for MERCHANTABILITY or FITNESS FOR A PARTICULAR PURPOSE.

5.32/00
Linux version 2.6.32-358.el6.x86_64 (mockbuild@sl6.fnal.gov) (gcc version 4.4.7 20120313 (Red Hat 4.4.7-3) (GCC) ) #1 SMP Fri Feb 22 20:37:17 CST 2013

Processing fitBs.C(17)...
The local date and time is: Mon Apr 28 02:03:37 2014

 FCN=51.09 FROM HESSE     STATUS=RESET          35 CALLS         818 TOTAL
                     EDM=1.74677e-07    STRATEGY= 1  ERROR MATRIX UNCERTAINTY 100.0 per cent
  EXT PARAMETER                APPROXIMATE        STEP         FIRST   
  NO.   NAME      VALUE            ERROR          SIZE      DERIVATIVE 
   1  p0           1.46834e+02   1.71547e+00   1.71547e-02   3.14754e-01
   2  p1           5.36991e+00   1.80509e-04   1.80509e-06   3.52717e+03
   3  p2           1.17656e-02   1.36451e-04   1.36451e-06  -3.26142e-01
   4  p3           1.28682e+01   1.57196e-01   1.57196e-03  -2.68056e+00
   5  p4          -2.04693e-02   2.71701e-02   2.71701e-04   1.45628e+02
   6  p5          -3.51569e-01   4.68012e-03   4.68012e-05  -5.82654e+00
   7  p6           0.00000e+00   2.82843e+00   2.82843e-02  -4.87893e-02
   8  p7           7.40832e-01   1.00098e-02   1.00098e-04  -1.55201e+01
   9  p8           2.93696e-02   6.11333e-04   6.11333e-06   5.60321e-01
  10  p9           0.00000e+00   1.00000e+00   1.00000e-02   2.81800e-02
  11  p10          0.00000e+00   1.00000e+00   1.00000e-02   4.32797e-01
  12  p11          0.00000e+00     fixed    
                               ERR DEF= 0.5
 FCN=19.702 FROM HESSE     STATUS=RESET          30 CALLS         507 TOTAL
                     EDM=3.56714e-09    STRATEGY= 1  ERROR MATRIX UNCERTAINTY 100.0 per cent
  EXT PARAMETER                APPROXIMATE        STEP         FIRST   
  NO.   NAME      VALUE            ERROR          SIZE      DERIVATIVE 
   1  p0           8.80688e-01   1.62070e-01   1.62070e-03   3.33161e+00
   2  p1           5.37091e+00   2.64329e-03   2.64329e-05   2.40869e+02
   3  p2           1.17656e-02     fixed    
   4  p3           1.07018e+02   3.23872e-01   3.23872e-03  -2.03570e+00
   5  p4          -2.82726e+01   5.74207e-02   5.74207e-04  -2.01608e+05
   6  p5           1.80062e+00   1.01328e-02   1.01328e-04   1.90773e+01
   7  p6           0.00000e+00   5.65685e+00   5.65685e-02  -4.82050e-03
   8  p7           7.40832e-01     fixed    
   9  p8           2.93696e-02     fixed    
  10  p9           0.00000e+00   1.00000e+00   1.00000e-02  -1.37997e-01
  11  p10          0.00000e+00   1.00000e+00   1.00000e-02  -8.17572e-01
  12  p11          0.00000e+00     fixed    
                               ERR DEF= 0.5
351
fit result:44.0344 44.0344
The local date and time is: Mon Apr 28 02:15:49 2014

Got Nsig:560/44.0344
Got extracted:44.0344
Pseudo exp:0
The local date and time is: Mon Apr 28 02:15:49 2014

cout:560
_cout:3148
true_yield:55
Start pseudo exp fit:0
The local date and time is: Mon Apr 28 02:15:53 2014

 FCN=36.6528 FROM HESSE     STATUS=RESET          30 CALLS         507 TOTAL
                     EDM=4.62359e-08    STRATEGY= 1  ERROR MATRIX UNCERTAINTY 100.0 per cent
  EXT PARAMETER                APPROXIMATE        STEP         FIRST   
  NO.   NAME      VALUE            ERROR          SIZE      DERIVATIVE 
   1  p0           1.09420e+00   1.80918e-01   1.80918e-03   2.98451e+00
   2  p1           5.36449e+00   2.78546e-03   2.78546e-05   2.28575e+02
   3  p2           1.17656e-02     fixed    
   4  p3           2.48791e+02   3.08328e-01   3.08328e-03  -2.13832e+00
   5  p4          -7.80193e+01   5.43337e-02   5.43337e-04  -5.57854e+05
   6  p5           6.14640e+00   9.53088e-03   9.53088e-05   2.02822e+01
   7  p6           0.00000e+00   8.00000e+00   8.00000e-02  -3.40861e-03
   8  p7           7.40832e-01     fixed    
   9  p8           2.93696e-02     fixed    
  10  p9           0.00000e+00   1.00000e+00   1.00000e-02  -1.37997e-01
  11  p10          0.00000e+00   1.00000e+00   1.00000e-02  -8.17572e-01
  12  p11          0.00000e+00     fixed    
                               ERR DEF= 0.5
361
fit result:54.7098 54.7098
The local date and time is: Mon Apr 28 02:15:53 2014

Pseudo exp:1
The local date and time is: Mon Apr 28 02:15:53 2014

cout:560
_cout:3135
true_yield:47
Start pseudo exp fit:1
The local date and time is: Mon Apr 28 02:15:57 2014

 FCN=20.9614 FROM HESSE     STATUS=RESET          30 CALLS         507 TOTAL
                     EDM=8.41157e-07    STRATEGY= 1  ERROR MATRIX UNCERTAINTY 100.0 per cent
  EXT PARAMETER                APPROXIMATE        STEP         FIRST   
  NO.   NAME      VALUE            ERROR          SIZE      DERIVATIVE 
   1  p0           8.56502e-01   1.66253e-01   1.66253e-03   3.24776e+00
   2  p1           5.36836e+00   3.81385e-03   3.81385e-05   1.66940e+02
   3  p2           1.17656e-02     fixed    
   4  p3           1.36573e+02   3.39174e-01   3.39174e-03  -1.94385e+00
   5  p4          -4.03894e+01   6.04391e-02   6.04391e-04  -2.70215e+05
   6  p5           3.02562e+00   1.07181e-02   1.07181e-04   1.80355e+01
   7  p6           0.00000e+00   5.65685e+00   5.65685e-02  -4.82050e-03
   8  p7           7.40832e-01     fixed    
   9  p8           2.93696e-02     fixed    
  10  p9           0.00000e+00   1.00000e+00   1.00000e-02  -1.37997e-01
  11  p10          0.00000e+00   1.00000e+00   1.00000e-02  -8.17572e-01
  12  p11          0.00000e+00     fixed    
                               ERR DEF= 0.5
353
fit result:42.8251 42.8251
The local date and time is: Mon Apr 28 02:15:57 2014

Pseudo exp:2
The local date and time is: Mon Apr 28 02:15:57 2014

cout:560
_cout:3413
true_yield:48
Start pseudo exp fit:2
The local date and time is: Mon Apr 28 02:16:01 2014

 FCN=23.8587 FROM HESSE     STATUS=RESET          30 CALLS         546 TOTAL
                     EDM=1.60847e-07    STRATEGY= 1  ERROR MATRIX UNCERTAINTY 100.0 per cent
  EXT PARAMETER                APPROXIMATE        STEP         FIRST   
  NO.   NAME      VALUE            ERROR          SIZE      DERIVATIVE 
   1  p0           1.12457e+00   1.80746e-01   1.80746e-03   2.98735e+00
   2  p1           5.37339e+00   2.63742e-03   2.63742e-05   2.41405e+02
   3  p2           1.17656e-02     fixed    
   4  p3           4.47780e+01   3.17816e-01   3.17816e-03  -2.07449e+00
   5  p4          -5.93394e+00   5.62684e-02   5.62684e-04  -4.41734e+04
   6  p5          -2.03945e-01   9.91503e-03   9.91503e-05   1.94963e+01
   7  p6           0.00000e+00   2.00000e+00   2.00000e-02  -1.36344e-02
   8  p7           7.40832e-01     fixed    
   9  p8           2.93696e-02     fixed    
  10  p9           0.00000e+00   1.00000e+00   1.00000e-02  -1.37997e-01
  11  p10          0.00000e+00   1.00000e+00   1.00000e-02  -8.17572e-01
  12  p11          0.00000e+00     fixed    
                               ERR DEF= 0.5
354
fit result:56.2285 56.2286
The local date and time is: Mon Apr 28 02:16:01 2014

Pseudo exp:3
The local date and time is: Mon Apr 28 02:16:01 2014

cout:560
_cout:2993
true_yield:37
Start pseudo exp fit:3
The local date and time is: Mon Apr 28 02:16:05 2014

 FCN=24.4814 FROM HESSE     STATUS=RESET          30 CALLS         507 TOTAL
                     EDM=1.43624e-09    STRATEGY= 1  ERROR MATRIX UNCERTAINTY 100.0 per cent
  EXT PARAMETER                APPROXIMATE        STEP         FIRST   
  NO.   NAME      VALUE            ERROR          SIZE      DERIVATIVE 
   1  p0           6.41811e-01   1.48734e-01   1.48734e-03   3.63033e+00
   2  p1           5.36821e+00   3.80880e-03   3.80880e-05   1.67162e+02
   3  p2           1.17656e-02     fixed    
   4  p3           1.73652e+02   3.25452e-01   3.25452e-03  -2.02581e+00
   5  p4          -5.22042e+01   5.77059e-02   5.77059e-04  -3.61298e+05
   6  p5           3.94579e+00   1.01837e-02   1.01837e-04   1.89819e+01
   7  p6           0.00000e+00   1.41531e+02   1.41531e+00  -1.92671e-04
   8  p7           7.40832e-01     fixed    
   9  p8           2.93696e-02     fixed    
  10  p9           0.00000e+00   1.00000e+00   1.00000e-02  -1.37997e-01
  11  p10          0.00000e+00   1.00000e+00   1.00000e-02  -8.17572e-01
  12  p11          0.00000e+00     fixed    
                               ERR DEF= 0.5
343
fit result:32.0906 32.0906
The local date and time is: Mon Apr 28 02:16:05 2014

Pseudo exp:4
The local date and time is: Mon Apr 28 02:16:05 2014

cout:560
_cout:3065
true_yield:46
Start pseudo exp fit:4
The local date and time is: Mon Apr 28 02:16:09 2014

 FCN=16.3877 FROM HESSE     STATUS=RESET          30 CALLS        1580 TOTAL
                     EDM=7.72541e-07    STRATEGY= 1  ERROR MATRIX UNCERTAINTY 100.0 per cent
  EXT PARAMETER                APPROXIMATE        STEP         FIRST   
  NO.   NAME      VALUE            ERROR          SIZE      DERIVATIVE 
   1  p0           1.04056e+00   1.77335e-01   1.77335e-03   3.04482e+00
   2  p1           5.37218e+00   3.33681e-03   3.33681e-05   1.90807e+02
   3  p2           1.17656e-02     fixed    
   4  p3           3.18495e+02   3.20400e-01   3.20400e-03  -2.05776e+00
   5  p4          -1.04806e+02   5.68388e-02   5.68388e-04  -6.95543e+05
   6  p5           8.70114e+00   1.00395e-02   1.00395e-04   1.92546e+01
   7  p6           0.00000e+00   8.00000e+00   8.00000e-02  -3.40861e-03
   8  p7           7.40832e-01     fixed    
   9  p8           2.93696e-02     fixed    
  10  p9           0.00000e+00   1.00000e+00   1.00000e-02  -1.37997e-01
  11  p10          0.00000e+00   1.00000e+00   1.00000e-02  -8.17572e-01
  12  p11          0.00000e+00     fixed    
                               ERR DEF= 0.5
352
fit result:52.028 52.028
The local date and time is: Mon Apr 28 02:16:09 2014

Pseudo exp:5
The local date and time is: Mon Apr 28 02:16:09 2014

cout:560
_cout:3097
true_yield:57
Start pseudo exp fit:5
The local date and time is: Mon Apr 28 02:16:13 2014

 FCN=25.0172 FROM HESSE     STATUS=RESET          30 CALLS         538 TOTAL
                     EDM=5.04411e-06    STRATEGY= 1  ERROR MATRIX UNCERTAINTY 100.0 per cent
  EXT PARAMETER                APPROXIMATE        STEP         FIRST   
  NO.   NAME      VALUE            ERROR          SIZE      DERIVATIVE 
   1  p0           9.74390e-01   1.75111e-01   1.75111e-03   3.08348e+00
   2  p1           5.37259e+00   3.43803e-03   3.43803e-05   1.85189e+02
   3  p2           1.17656e-02     fixed    
   4  p3           3.13089e+01   3.15182e-01   3.15182e-03  -2.09182e+00
   5  p4          -1.52062e-05   1.47752e+01   1.47752e-01** at limit **
   6  p5          -8.24978e-01   9.73461e-03   9.73461e-05   1.98577e+01
   7  p6           0.00000e+00   1.00000e+00   1.00000e-02  -2.72689e-02
   8  p7           7.40832e-01     fixed    
   9  p8           2.93696e-02     fixed    
  10  p9           0.00000e+00   1.00000e+00   1.00000e-02  -1.37997e-01
  11  p10          0.00000e+00   1.00000e+00   1.00000e-02  -8.17572e-01
  12  p11          0.00000e+00     fixed    
                               ERR DEF= 0.5
363
fit result:48.7195 48.7195
The local date and time is: Mon Apr 28 02:16:13 2014

Pseudo exp:6
The local date and time is: Mon Apr 28 02:16:13 2014

cout:560
_cout:3227
true_yield:42
Start pseudo exp fit:6
The local date and time is: Mon Apr 28 02:16:17 2014

 FCN=29.5203 FROM HESSE     STATUS=RESET          30 CALLS         507 TOTAL
                     EDM=3.39347e-07    STRATEGY= 1  ERROR MATRIX UNCERTAINTY 100.0 per cent
  EXT PARAMETER                APPROXIMATE        STEP         FIRST   
  NO.   NAME      VALUE            ERROR          SIZE      DERIVATIVE 
   1  p0           8.86500e-01   1.65002e-01   1.65002e-03   3.27240e+00
   2  p1           5.37598e+00   2.99852e-03   2.99852e-05   2.12333e+02
   3  p2           1.17656e-02     fixed    
   4  p3           1.99335e+02   3.40178e-01   3.40178e-03  -1.93812e+00
   5  p4          -6.40518e+01   6.07606e-02   6.07606e-04  -4.15746e+05
   6  p5           5.24276e+00   1.08002e-02   1.08002e-04   1.78985e+01
   7  p6           0.00000e+00   8.00000e+00   8.00000e-02  -3.40861e-03
   8  p7           7.40832e-01     fixed    
   9  p8           2.93696e-02     fixed    
  10  p9           0.00000e+00   1.00000e+00   1.00000e-02  -1.37997e-01
  11  p10          0.00000e+00   1.00000e+00   1.00000e-02  -8.17572e-01
  12  p11          0.00000e+00     fixed    
                               ERR DEF= 0.5
348
fit result:44.325 44.325
The local date and time is: Mon Apr 28 02:16:17 2014

Pseudo exp:7
The local date and time is: Mon Apr 28 02:16:17 2014

cout:560
_cout:3012
true_yield:51
Start pseudo exp fit:7
The local date and time is: Mon Apr 28 02:16:21 2014

 FCN=20.9014 FROM HESSE     STATUS=RESET          30 CALLS         530 TOTAL
                     EDM=1.40166e-08    STRATEGY= 1  ERROR MATRIX UNCERTAINTY 100.0 per cent
  EXT PARAMETER                APPROXIMATE        STEP         FIRST   
  NO.   NAME      VALUE            ERROR          SIZE      DERIVATIVE 
   1  p0           6.61754e-01   1.57195e-01   1.57195e-03   3.43491e+00
   2  p1           5.36762e+00   6.57621e-03   6.57621e-05   9.68165e+01
   3  p2           1.17656e-02     fixed    
   4  p3           8.48528e+01   3.15280e-01   3.15280e-03  -2.09117e+00
   5  p4          -1.83198e+01   5.55519e-02   5.55519e-04  -1.36414e+05
   6  p5           7.37921e-01   9.74348e-03   9.74348e-05   1.98396e+01
   7  p6           0.00000e+00   1.41421e+00   1.41421e-02  -1.92820e-02
   8  p7           7.40832e-01     fixed    
   9  p8           2.93696e-02     fixed    
  10  p9           0.00000e+00   1.00000e+00   1.00000e-02  -1.37997e-01
  11  p10          0.00000e+00   1.00000e+00   1.00000e-02  -8.17572e-01
  12  p11          0.00000e+00     fixed    
                               ERR DEF= 0.5
357
fit result:33.0877 33.0877
The local date and time is: Mon Apr 28 02:16:21 2014

Pseudo exp:8
The local date and time is: Mon Apr 28 02:16:21 2014

cout:560
_cout:3304
true_yield:54
Start pseudo exp fit:8
The local date and time is: Mon Apr 28 02:16:25 2014

 FCN=35.4876 FROM HESSE     STATUS=RESET          30 CALLS         507 TOTAL
                     EDM=2.1428e-07    STRATEGY= 1  ERROR MATRIX UNCERTAINTY 100.0 per cent
  EXT PARAMETER                APPROXIMATE        STEP         FIRST   
  NO.   NAME      VALUE            ERROR          SIZE      DERIVATIVE 
   1  p0           1.01727e+00   1.73355e-01   1.73355e-03   3.11471e+00
   2  p1           5.37366e+00   2.63007e-03   2.63007e-05   2.42080e+02
   3  p2           1.17656e-02     fixed    
   4  p3           2.15501e+02   3.18483e-01   3.18483e-03  -2.07014e+00
   5  p4          -6.65054e+01   5.63835e-02   5.63835e-04  -4.63963e+05
   6  p5           5.15830e+00   9.94028e-03   9.94028e-05   1.94468e+01
   7  p6           0.00000e+00   8.00000e+00   8.00000e-02  -3.40861e-03
   8  p7           7.40832e-01     fixed    
   9  p8           2.93696e-02     fixed    
  10  p9           0.00000e+00   1.00000e+00   1.00000e-02  -1.37997e-01
  11  p10          0.00000e+00   1.00000e+00   1.00000e-02  -8.17572e-01
  12  p11          0.00000e+00     fixed    
                               ERR DEF= 0.5
360
fit result:50.8633 50.8633
The local date and time is: Mon Apr 28 02:16:25 2014

Pseudo exp:9
The local date and time is: Mon Apr 28 02:16:25 2014

cout:560
_cout:3079
true_yield:46
Start pseudo exp fit:9
The local date and time is: Mon Apr 28 02:16:28 2014

 FCN=20.9432 FROM HESSE     STATUS=RESET          30 CALLS         585 TOTAL
                     EDM=2.28919e-07    STRATEGY= 1  ERROR MATRIX UNCERTAINTY 100.0 per cent
  EXT PARAMETER                APPROXIMATE        STEP         FIRST   
  NO.   NAME      VALUE            ERROR          SIZE      DERIVATIVE 
   1  p0           7.99429e-01   1.66614e-01   1.66614e-03   3.24073e+00
   2  p1           5.37093e+00   5.66729e-03   5.66729e-05   1.12344e+02
   3  p2           1.17656e-02     fixed    
   4  p3           2.82135e+01   3.29807e-01   3.29807e-03  -1.99906e+00
   5  p4          -1.95364e-05   8.66516e+00   8.66516e-02** at limit **
   6  p5          -7.24431e-01   1.03253e-02   1.03253e-04   1.87217e+01
   7  p6           0.00000e+00   5.65685e+00   5.65685e-02  -4.82050e-03
   8  p7           7.40832e-01     fixed    
   9  p8           2.93696e-02     fixed    
  10  p9           0.00000e+00   1.00000e+00   1.00000e-02  -1.37997e-01
  11  p10          0.00000e+00   1.00000e+00   1.00000e-02  -8.17572e-01
  12  p11          0.00000e+00     fixed    
                               ERR DEF= 0.5
352
fit result:39.9715 39.9715
The local date and time is: Mon Apr 28 02:16:29 2014

Pseudo exp:10
The local date and time is: Mon Apr 28 02:16:29 2014

cout:560
_cout:3340
true_yield:47
Start pseudo exp fit:10
The local date and time is: Mon Apr 28 02:16:33 2014

 FCN=18.4016 FROM HESSE     STATUS=RESET          30 CALLS         508 TOTAL
                     EDM=3.1915e-07    STRATEGY= 1  ERROR MATRIX UNCERTAINTY 100.0 per cent
  EXT PARAMETER                APPROXIMATE        STEP         FIRST   
  NO.   NAME      VALUE            ERROR          SIZE      DERIVATIVE 
   1  p0           1.05726e+00   1.78841e-01   1.78841e-03   3.01917e+00
   2  p1           5.36855e+00   3.46048e-03   3.46048e-05   1.83987e+02
   3  p2           1.17656e-02     fixed    
   4  p3           6.16624e+01   3.30309e-01   3.30309e-03  -1.99602e+00
   5  p4          -1.31045e+01   5.87315e-02   5.87315e-04  -9.27872e+04
   6  p5           5.41133e-01   1.03922e-02   1.03922e-04   1.86011e+01
   7  p6           0.00000e+00   2.00000e+00   2.00000e-02  -1.36344e-02
   8  p7           7.40832e-01     fixed    
   9  p8           2.93696e-02     fixed    
  10  p9           0.00000e+00   1.00000e+00   1.00000e-02  -1.37997e-01
  11  p10          0.00000e+00   1.00000e+00   1.00000e-02  -8.17572e-01
  12  p11          0.00000e+00     fixed    
                               ERR DEF= 0.5
353
fit result:52.8631 52.8631
The local date and time is: Mon Apr 28 02:16:33 2014

Pseudo exp:11
The local date and time is: Mon Apr 28 02:16:33 2014

cout:560
_cout:3150
true_yield:44
Start pseudo exp fit:11
The local date and time is: Mon Apr 28 02:16:37 2014

 FCN=17.9697 FROM HESSE     STATUS=RESET          30 CALLS         507 TOTAL
                     EDM=2.84068e-07    STRATEGY= 1  ERROR MATRIX UNCERTAINTY 100.0 per cent
  EXT PARAMETER                APPROXIMATE        STEP         FIRST   
  NO.   NAME      VALUE            ERROR          SIZE      DERIVATIVE 
   1  p0           8.53083e-01   1.66782e-01   1.66782e-03   3.23747e+00
   2  p1           5.37001e+00   4.01345e-03   4.01345e-05   1.58638e+02
   3  p2           1.17656e-02     fixed    
   4  p3           1.78291e+02   3.36534e-01   3.36534e-03  -1.95910e+00
   5  p4          -5.53928e+01   5.99473e-02   5.99473e-04  -3.67791e+05
   6  p5           4.36881e+00   1.06284e-02   1.06284e-04   1.81878e+01
   7  p6           0.00000e+00   8.00000e+00   8.00000e-02  -3.40861e-03
   8  p7           7.40832e-01     fixed    
   9  p8           2.93696e-02     fixed    
  10  p9           0.00000e+00   1.00000e+00   1.00000e-02  -1.37997e-01
  11  p10          0.00000e+00   1.00000e+00   1.00000e-02  -8.17572e-01
  12  p11          0.00000e+00     fixed    
                               ERR DEF= 0.5
350
fit result:42.6541 42.6541
The local date and time is: Mon Apr 28 02:16:37 2014

Pseudo exp:12
The local date and time is: Mon Apr 28 02:16:37 2014

cout:560
_cout:3052
true_yield:39
Start pseudo exp fit:12
The local date and time is: Mon Apr 28 02:16:41 2014

 FCN=14.6157 FROM HESSE     STATUS=RESET          30 CALLS         507 TOTAL
                     EDM=5.56566e-08    STRATEGY= 1  ERROR MATRIX UNCERTAINTY 100.0 per cent
  EXT PARAMETER                APPROXIMATE        STEP         FIRST   
  NO.   NAME      VALUE            ERROR          SIZE      DERIVATIVE 
   1  p0           6.31608e-01   1.48012e-01   1.48012e-03   3.64802e+00
   2  p1           5.37315e+00   3.99539e-03   3.99539e-05   1.59355e+02
   3  p2           1.17656e-02     fixed    
   4  p3           1.67991e+02   3.43323e-01   3.43323e-03  -1.92036e+00
   5  p4          -5.22988e+01   6.12968e-02   6.12968e-04  -3.40716e+05
   6  p5           4.15124e+00   1.08908e-02   1.08908e-04   1.77496e+01
   7  p6           0.00000e+00   8.00000e+00   8.00000e-02  -3.40861e-03
   8  p7           7.40832e-01     fixed    
   9  p8           2.93696e-02     fixed    
  10  p9           0.00000e+00   1.00000e+00   1.00000e-02  -1.37997e-01
  11  p10          0.00000e+00   1.00000e+00   1.00000e-02  -8.17572e-01
  12  p11          0.00000e+00     fixed    
                               ERR DEF= 0.5
345
fit result:31.5804 31.5804
The local date and time is: Mon Apr 28 02:16:41 2014

Pseudo exp:13
The local date and time is: Mon Apr 28 02:16:41 2014

cout:560
_cout:3195
true_yield:40
Start pseudo exp fit:13
The local date and time is: Mon Apr 28 02:16:45 2014

 FCN=23.1226 FROM HESSE     STATUS=RESET          30 CALLS         566 TOTAL
                     EDM=8.94383e-07    STRATEGY= 1  ERROR MATRIX UNCERTAINTY 100.0 per cent
  EXT PARAMETER                APPROXIMATE        STEP         FIRST   
  NO.   NAME      VALUE            ERROR          SIZE      DERIVATIVE 
   1  p0           7.92696e-01   1.62135e-01   1.62135e-03   3.33026e+00
   2  p1           5.36865e+00   3.58436e-03   3.58436e-05   1.77629e+02
   3  p2           1.17656e-02     fixed    
   4  p3           3.99561e+01   3.09661e-01   3.09661e-03  -2.12912e+00
   5  p4          -2.95691e+00   5.46121e-02   5.46121e-04  -2.27473e+04
   6  p5          -5.79167e-01   9.58749e-03   9.58749e-05   2.01624e+01
   7  p6           0.00000e+00   2.00000e+00   2.00000e-02  -1.36344e-02
   8  p7           7.40832e-01     fixed    
   9  p8           2.93696e-02     fixed    
  10  p9           0.00000e+00   1.00000e+00   1.00000e-02  -1.37997e-01
  11  p10          0.00000e+00   1.00000e+00   1.00000e-02  -8.17572e-01
  12  p11          0.00000e+00     fixed    
                               ERR DEF= 0.5
346
fit result:39.6348 39.6348
The local date and time is: Mon Apr 28 02:16:45 2014

Pseudo exp:14
The local date and time is: Mon Apr 28 02:16:45 2014

cout:560
_cout:2995
true_yield:52
Start pseudo exp fit:14
The local date and time is: Mon Apr 28 02:16:49 2014

 FCN=27.5186 FROM HESSE     STATUS=RESET          30 CALLS         507 TOTAL
                     EDM=6.17761e-07    STRATEGY= 1  ERROR MATRIX UNCERTAINTY 100.0 per cent
  EXT PARAMETER                APPROXIMATE        STEP         FIRST   
  NO.   NAME      VALUE            ERROR          SIZE      DERIVATIVE 
   1  p0           1.27050e+00   1.84112e-01   1.84112e-03   2.93274e+00
   2  p1           5.36892e+00   2.23271e-03   2.23271e-05   2.85163e+02
   3  p2           1.17656e-02     fixed    
   4  p3           4.63481e+02   3.28289e-01   3.28289e-03  -2.00830e+00
   5  p4          -1.59254e+02   5.85675e-02   5.85675e-04  -9.63309e+05
   6  p5           1.37895e+01   1.04018e-02   1.04018e-04   1.85839e+01
   7  p6           0.00000e+00   8.00000e+00   8.00000e-02  -3.40861e-03
   8  p7           7.40832e-01     fixed    
   9  p8           2.93696e-02     fixed    
  10  p9           0.00000e+00   1.00000e+00   1.00000e-02  -1.37997e-01
  11  p10          0.00000e+00   1.00000e+00   1.00000e-02  -8.17572e-01
  12  p11          0.00000e+00     fixed    
                               ERR DEF= 0.5
358
fit result:63.5252 63.5252
The local date and time is: Mon Apr 28 02:16:49 2014

Pseudo exp:15
The local date and time is: Mon Apr 28 02:16:49 2014

cout:560
_cout:3173
true_yield:56
Start pseudo exp fit:15
The local date and time is: Mon Apr 28 02:16:53 2014

 FCN=27.6983 FROM SIMPLEX   STATUS=RESET         235 CALLS        1736 TOTAL
                     EDM=7.64466e-07    STRATEGY= 1  ERROR MATRIX UNCERTAINTY  50.0 per cent
  EXT PARAMETER                APPROXIMATE        STEP         FIRST   
  NO.   NAME      VALUE            ERROR          SIZE      DERIVATIVE 
   1  p0           1.03112e+00   1.77551e-01   1.77551e-03  -4.23828e+03
   2  p1           5.37362e+00   2.81489e-03   2.81489e-05   6.41349e+05
   3  p2           1.17656e-02     fixed    
   4  p3           3.03515e+01   3.32514e+00   3.32514e-02  -1.67174e+04
   5  p4          -6.98996e-05   1.88427e+01   1.88427e-01** at limit **
   6  p5          -7.95932e-01   1.02667e-01   1.02667e-03  -5.59595e+05
   7  p6           0.00000e+00   1.00000e+00   1.00000e-02   8.38890e+00
   8  p7           7.40832e-01     fixed    
   9  p8           2.93696e-02     fixed    
  10  p9           0.00000e+00   1.00000e+00   1.00000e-02  -3.21675e+00
  11  p10          0.00000e+00   1.00000e+00   1.00000e-02  -5.35689e-01
  12  p11          0.00000e+00     fixed    
                               ERR DEF= 0.5
362
fit result:51.5561 51.5561
The local date and time is: Mon Apr 28 02:16:53 2014

Pseudo exp:16
The local date and time is: Mon Apr 28 02:16:53 2014

cout:560
_cout:3345
true_yield:47
Start pseudo exp fit:16
The local date and time is: Mon Apr 28 02:16:57 2014

 FCN=24.5651 FROM HESSE     STATUS=RESET          30 CALLS         507 TOTAL
                     EDM=6.94234e-09    STRATEGY= 1  ERROR MATRIX UNCERTAINTY 100.0 per cent
  EXT PARAMETER                APPROXIMATE        STEP         FIRST   
  NO.   NAME      VALUE            ERROR          SIZE      DERIVATIVE 
   1  p0           1.00990e+00   1.78059e-01   1.78059e-03   3.03243e+00
   2  p1           5.36735e+00   4.20879e-03   4.20879e-05   1.51275e+02
   3  p2           1.17656e-02     fixed    
   4  p3           2.65933e+02   3.11824e-01   3.11824e-03  -2.11435e+00
   5  p4          -8.46979e+01   5.50838e-02   5.50838e-04  -5.93034e+05
   6  p5           6.78969e+00   9.68744e-03   9.68744e-05   1.99544e+01
   7  p6           0.00000e+00   8.00000e+00   8.00000e-02  -3.40861e-03
   8  p7           7.40832e-01     fixed    
   9  p8           2.93696e-02     fixed    
  10  p9           0.00000e+00   1.00000e+00   1.00000e-02  -1.37997e-01
  11  p10          0.00000e+00   1.00000e+00   1.00000e-02  -8.17572e-01
  12  p11          0.00000e+00     fixed    
                               ERR DEF= 0.5
353
fit result:50.4948 50.4949
The local date and time is: Mon Apr 28 02:16:57 2014

Pseudo exp:17
The local date and time is: Mon Apr 28 02:16:57 2014

cout:560
_cout:3434
true_yield:44
Start pseudo exp fit:17
The local date and time is: Mon Apr 28 02:17:01 2014

 FCN=21.837 FROM MIGRAD    STATUS=CALL LIMIT   2923 CALLS        2924 TOTAL
                     EDM=0.000147052    STRATEGY= 1  ERROR MATRIX UNCERTAINTY  41.0 per cent
  EXT PARAMETER                APPROXIMATE        STEP         FIRST   
  NO.   NAME      VALUE            ERROR          SIZE      DERIVATIVE 
   1  p0           8.36182e-01   1.61954e-01   5.03853e-04  -8.15049e-03
   2  p1           5.37293e+00   3.33321e-03  -7.43188e-06  -2.45016e-01
   3  p2           1.17656e-02     fixed    
   4  p3           9.01919e+01   5.19985e+01   7.05862e-01  -3.19948e-02
   5  p4          -2.42450e+01   1.88022e+01  -1.66441e-03  -2.75029e+01
   6  p5           1.62575e+00   1.69712e+00   2.28889e-02  -1.01420e+00
   7  p6           0.00000e+00   1.00000e+00  -0.00000e+00   0.00000e+00
   8  p7           7.40832e-01     fixed    
   9  p8           2.93696e-02     fixed    
  10  p9           0.00000e+00   1.00000e+00  -0.00000e+00   0.00000e+00
  11  p10          0.00000e+00   1.00000e+00  -0.00000e+00   0.00000e+00
  12  p11          0.00000e+00     fixed    
                               ERR DEF= 0.5
350
fit result:41.8091 41.8091
The local date and time is: Mon Apr 28 02:17:01 2014

Pseudo exp:18
The local date and time is: Mon Apr 28 02:17:01 2014

cout:560
_cout:3127
true_yield:49
Start pseudo exp fit:18
The local date and time is: Mon Apr 28 02:17:05 2014

 FCN=11.8532 FROM HESSE     STATUS=RESET          30 CALLS         565 TOTAL
                     EDM=4.13135e-08    STRATEGY= 1  ERROR MATRIX UNCERTAINTY 100.0 per cent
  EXT PARAMETER                APPROXIMATE        STEP         FIRST   
  NO.   NAME      VALUE            ERROR          SIZE      DERIVATIVE 
   1  p0           7.53988e-01   1.60010e-01   1.60010e-03   3.37448e+00
   2  p1           5.36461e+00   3.40266e-03   3.40266e-05   1.87114e+02
   3  p2           1.17656e-02     fixed    
   4  p3           3.58256e+01   3.14963e-01   3.14963e-03  -2.09327e+00
   5  p4          -1.22526e+00   5.55234e-02   5.55234e-04  -9.28720e+03
   6  p5          -7.49694e-01   9.74172e-03   9.74172e-05   1.98432e+01
   7  p6           0.00000e+00   2.00000e+00   2.00000e-02  -1.36344e-02
   8  p7           7.40832e-01     fixed    
   9  p8           2.93696e-02     fixed    
  10  p9           0.00000e+00   1.00000e+00   1.00000e-02  -1.37997e-01
  11  p10          0.00000e+00   1.00000e+00   1.00000e-02  -8.17572e-01
  12  p11          0.00000e+00     fixed    
                               ERR DEF= 0.5
355
fit result:37.6994 37.6994
The local date and time is: Mon Apr 28 02:17:06 2014

Pseudo exp:19
The local date and time is: Mon Apr 28 02:17:06 2014

cout:560
_cout:2966
true_yield:37
Start pseudo exp fit:19
The local date and time is: Mon Apr 28 02:17:09 2014

 FCN=18.592 FROM MIGRAD    STATUS=CALL LIMIT   2924 CALLS        2925 TOTAL
                     EDM=1.04916e-05    STRATEGY= 1  ERROR MATRIX UNCERTAINTY  24.4 per cent
  EXT PARAMETER                APPROXIMATE        STEP         FIRST   
  NO.   NAME      VALUE            ERROR          SIZE      DERIVATIVE 
   1  p0           7.04750e-01   1.59912e-01   9.05670e-06   3.08121e-03
   2  p1           5.36771e+00   4.20236e-03   7.60807e-08  -2.51351e-02
   3  p2           1.17656e-02     fixed    
   4  p3           2.74238e+01   2.86884e+00   2.36994e-03  -2.81553e-04
   5  p4          -2.23267e-02   2.68340e+00   4.81895e-06  -3.88502e-02
   6  p5          -6.97132e-01   1.27077e-01  -3.13401e-05  -2.56950e-02
   7  p6           0.00000e+00   1.00000e+00  -0.00000e+00   0.00000e+00
   8  p7           7.40832e-01     fixed    
   9  p8           2.93696e-02     fixed    
  10  p9           0.00000e+00   1.00000e+00  -0.00000e+00   0.00000e+00
  11  p10          0.00000e+00   1.00000e+00  -0.00000e+00   0.00000e+00
  12  p11          0.00000e+00     fixed    
                               ERR DEF= 0.5
343
fit result:35.2375 35.2375
The local date and time is: Mon Apr 28 02:17:09 2014

