/export/data1/condor/execute/dir_25526
gcc (GCC) 4.6.2
Copyright (C) 2011 Free Software Foundation, Inc.
This is free software; see the source for copying conditions.  There is NO
warranty; not even for MERCHANTABILITY or FITNESS FOR A PARTICULAR PURPOSE.

5.32/00
Linux version 2.6.32-358.el6.x86_64 (mockbuild@sl6.fnal.gov) (gcc version 4.4.7 20120313 (Red Hat 4.4.7-3) (GCC) ) #1 SMP Fri Feb 22 20:37:17 CST 2013

Processing fitBs.C(29)...
The local date and time is: Mon Apr 28 02:03:43 2014

 FCN=51.09 FROM HESSE     STATUS=RESET          35 CALLS         818 TOTAL
                     EDM=1.74677e-07    STRATEGY= 1  ERROR MATRIX UNCERTAINTY 100.0 per cent
  EXT PARAMETER                APPROXIMATE        STEP         FIRST   
  NO.   NAME      VALUE            ERROR          SIZE      DERIVATIVE 
   1  p0           1.46834e+02   1.71547e+00   1.71547e-02   3.14754e-01
   2  p1           5.36991e+00   1.80509e-04   1.80509e-06   3.52717e+03
   3  p2           1.17656e-02   1.36451e-04   1.36451e-06  -3.26142e-01
   4  p3           1.28682e+01   1.57196e-01   1.57196e-03  -2.68056e+00
   5  p4          -2.04693e-02   2.71701e-02   2.71701e-04   1.45628e+02
   6  p5          -3.51569e-01   4.68012e-03   4.68012e-05  -5.82654e+00
   7  p6           0.00000e+00   2.82843e+00   2.82843e-02  -4.87893e-02
   8  p7           7.40832e-01   1.00098e-02   1.00098e-04  -1.55201e+01
   9  p8           2.93696e-02   6.11333e-04   6.11333e-06   5.60321e-01
  10  p9           0.00000e+00   1.00000e+00   1.00000e-02   2.81800e-02
  11  p10          0.00000e+00   1.00000e+00   1.00000e-02   4.32797e-01
  12  p11          0.00000e+00     fixed    
                               ERR DEF= 0.5
 FCN=19.702 FROM HESSE     STATUS=RESET          30 CALLS         507 TOTAL
                     EDM=3.56714e-09    STRATEGY= 1  ERROR MATRIX UNCERTAINTY 100.0 per cent
  EXT PARAMETER                APPROXIMATE        STEP         FIRST   
  NO.   NAME      VALUE            ERROR          SIZE      DERIVATIVE 
   1  p0           8.80688e-01   1.62070e-01   1.62070e-03   3.33161e+00
   2  p1           5.37091e+00   2.64329e-03   2.64329e-05   2.40869e+02
   3  p2           1.17656e-02     fixed    
   4  p3           1.07018e+02   3.23872e-01   3.23872e-03  -2.03570e+00
   5  p4          -2.82726e+01   5.74207e-02   5.74207e-04  -2.01608e+05
   6  p5           1.80062e+00   1.01328e-02   1.01328e-04   1.90773e+01
   7  p6           0.00000e+00   5.65685e+00   5.65685e-02  -4.82050e-03
   8  p7           7.40832e-01     fixed    
   9  p8           2.93696e-02     fixed    
  10  p9           0.00000e+00   1.00000e+00   1.00000e-02  -1.37997e-01
  11  p10          0.00000e+00   1.00000e+00   1.00000e-02  -8.17572e-01
  12  p11          0.00000e+00     fixed    
                               ERR DEF= 0.5
351
fit result:44.0344 44.0344
The local date and time is: Mon Apr 28 02:16:55 2014

Got Nsig:503/44.0344
Got extracted:44.0344
Pseudo exp:0
The local date and time is: Mon Apr 28 02:16:56 2014

cout:503
_cout:2747
true_yield:37
Start pseudo exp fit:0
The local date and time is: Mon Apr 28 02:16:59 2014

 FCN=38.141 FROM HESSE     STATUS=RESET          30 CALLS         506 TOTAL
                     EDM=1.48416e-08    STRATEGY= 1  ERROR MATRIX UNCERTAINTY 100.0 per cent
  EXT PARAMETER                APPROXIMATE        STEP         FIRST   
  NO.   NAME      VALUE            ERROR          SIZE      DERIVATIVE 
   1  p0           6.76533e-01   1.56057e-01   1.56057e-03   3.45997e+00
   2  p1           5.36050e+00   4.39749e-03   4.39749e-05   1.44784e+02
   3  p2           1.17656e-02     fixed    
   4  p3           2.42488e+02   3.07928e-01   3.07928e-03  -2.14110e+00
   5  p4          -7.55901e+01   5.42592e-02   5.42592e-04  -5.42653e+05
   6  p5           5.91567e+00   9.51688e-03   9.51688e-05   2.03120e+01
   7  p6           0.00000e+00   8.46246e+01   8.46246e-01  -3.22234e-04
   8  p7           7.40832e-01     fixed    
   9  p8           2.93696e-02     fixed    
  10  p9           0.00000e+00   1.00000e+00   1.00000e-02  -1.37997e-01
  11  p10          0.00000e+00   1.00000e+00   1.00000e-02  -8.17572e-01
  12  p11          0.00000e+00     fixed    
                               ERR DEF= 0.5
343
fit result:33.8266 33.8267
The local date and time is: Mon Apr 28 02:17:00 2014

Pseudo exp:1
The local date and time is: Mon Apr 28 02:17:00 2014

cout:503
_cout:2772
true_yield:51
Start pseudo exp fit:1
The local date and time is: Mon Apr 28 02:17:03 2014

 FCN=20.5615 FROM HESSE     STATUS=RESET          30 CALLS         507 TOTAL
                     EDM=5.52935e-07    STRATEGY= 1  ERROR MATRIX UNCERTAINTY 100.0 per cent
  EXT PARAMETER                APPROXIMATE        STEP         FIRST   
  NO.   NAME      VALUE            ERROR          SIZE      DERIVATIVE 
   1  p0           1.02880e+00   1.74301e-01   1.74301e-03   3.09781e+00
   2  p1           5.36930e+00   2.88158e-03   2.88158e-05   2.20950e+02
   3  p2           1.17656e-02     fixed    
   4  p3           1.47355e+02   3.37601e-01   3.37601e-03  -1.95291e+00
   5  p4          -4.45349e+01   6.01780e-02   6.01780e-04  -2.97951e+05
   6  p5           3.41878e+00   1.06754e-02   1.06754e-04   1.81077e+01
   7  p6           0.00000e+00   5.65685e+00   5.65685e-02  -4.82050e-03
   8  p7           7.40832e-01     fixed    
   9  p8           2.93696e-02     fixed    
  10  p9           0.00000e+00   1.00000e+00   1.00000e-02  -1.37997e-01
  11  p10          0.00000e+00   1.00000e+00   1.00000e-02  -8.17572e-01
  12  p11          0.00000e+00     fixed    
                               ERR DEF= 0.5
357
fit result:51.44 51.44
The local date and time is: Mon Apr 28 02:17:03 2014

Pseudo exp:2
The local date and time is: Mon Apr 28 02:17:03 2014

cout:503
_cout:2919
true_yield:47
Start pseudo exp fit:2
The local date and time is: Mon Apr 28 02:17:06 2014

 FCN=24.6689 FROM MIGRAD    STATUS=CALL LIMIT   2930 CALLS        2931 TOTAL
                     EDM=3.06766e-05    STRATEGY= 1  ERROR MATRIX UNCERTAINTY  17.7 per cent
  EXT PARAMETER                APPROXIMATE        STEP         FIRST   
  NO.   NAME      VALUE            ERROR          SIZE      DERIVATIVE 
   1  p0           1.07167e+00   1.72411e-01  -6.74219e-04  -2.12058e-02
   2  p1           5.37382e+00   2.53743e-03  -4.79638e-06  -6.08678e-01
   3  p2           1.17656e-02     fixed    
   4  p3           2.89716e+01   5.25952e+00  -1.08158e-02  -8.40248e-03
   5  p4          -1.31721e-01   2.92714e+00   1.61922e-04  -5.80713e-01
   6  p5          -7.33881e-01   1.32907e-01   6.08290e-05  -2.47984e-01
   7  p6           0.00000e+00   1.00000e+00  -0.00000e+00   0.00000e+00
   8  p7           7.40832e-01     fixed    
   9  p8           2.93696e-02     fixed    
  10  p9           0.00000e+00   1.00000e+00  -0.00000e+00   0.00000e+00
  11  p10          0.00000e+00   1.00000e+00  -0.00000e+00   0.00000e+00
  12  p11          0.00000e+00     fixed    
                               ERR DEF= 0.5
353
fit result:53.5837 53.5838
The local date and time is: Mon Apr 28 02:17:07 2014

Pseudo exp:3
The local date and time is: Mon Apr 28 02:17:07 2014

cout:503
_cout:2587
true_yield:47
Start pseudo exp fit:3
The local date and time is: Mon Apr 28 02:17:10 2014

 FCN=24.1337 FROM HESSE     STATUS=RESET          30 CALLS         566 TOTAL
                     EDM=1.61779e-07    STRATEGY= 1  ERROR MATRIX UNCERTAINTY 100.0 per cent
  EXT PARAMETER                APPROXIMATE        STEP         FIRST   
  NO.   NAME      VALUE            ERROR          SIZE      DERIVATIVE 
   1  p0           8.02490e-01   1.61984e-01   1.61984e-03   3.33337e+00
   2  p1           5.37301e+00   3.50144e-03   3.50144e-05   1.81835e+02
   3  p2           1.17656e-02     fixed    
   4  p3           1.26806e+02   3.25513e-01   3.25513e-03  -2.02544e+00
   5  p4          -3.51734e+01   5.76424e-02   5.76424e-04  -2.48078e+05
   6  p5           2.40328e+00   1.01580e-02   1.01580e-04   1.90301e+01
   7  p6           0.00000e+00   2.00000e+00   2.00000e-02  -1.36344e-02
   8  p7           7.40832e-01     fixed    
   9  p8           2.93696e-02     fixed    
  10  p9           0.00000e+00   1.00000e+00   1.00000e-02  -1.37997e-01
  11  p10          0.00000e+00   1.00000e+00   1.00000e-02  -8.17572e-01
  12  p11          0.00000e+00     fixed    
                               ERR DEF= 0.5
353
fit result:40.1245 40.1245
The local date and time is: Mon Apr 28 02:17:10 2014

Pseudo exp:4
The local date and time is: Mon Apr 28 02:17:10 2014

cout:503
_cout:2752
true_yield:42
Start pseudo exp fit:4
The local date and time is: Mon Apr 28 02:17:14 2014

 FCN=15.8148 FROM HESSE     STATUS=RESET          30 CALLS         507 TOTAL
                     EDM=7.08894e-09    STRATEGY= 1  ERROR MATRIX UNCERTAINTY 100.0 per cent
  EXT PARAMETER                APPROXIMATE        STEP         FIRST   
  NO.   NAME      VALUE            ERROR          SIZE      DERIVATIVE 
   1  p0           1.00476e+00   1.73676e-01   1.73676e-03   3.10897e+00
   2  p1           5.36455e+00   3.02565e-03   3.02565e-05   2.10430e+02
   3  p2           1.17656e-02     fixed    
   4  p3           3.29041e+02   3.19146e-01   3.19146e-03  -2.06584e+00
   5  p4          -1.08744e+02   5.66349e-02   5.66349e-04  -7.21093e+05
   6  p5           9.06623e+00   1.00071e-02   1.00071e-04   1.93169e+01
   7  p6           0.00000e+00   8.00000e+00   8.00000e-02  -3.40861e-03
   8  p7           7.40832e-01     fixed    
   9  p8           2.93696e-02     fixed    
  10  p9           0.00000e+00   1.00000e+00   1.00000e-02  -1.37997e-01
  11  p10          0.00000e+00   1.00000e+00   1.00000e-02  -8.17572e-01
  12  p11          0.00000e+00     fixed    
                               ERR DEF= 0.5
348
fit result:50.238 50.2381
The local date and time is: Mon Apr 28 02:17:14 2014

Pseudo exp:5
The local date and time is: Mon Apr 28 02:17:14 2014

cout:503
_cout:2933
true_yield:49
Start pseudo exp fit:5
The local date and time is: Mon Apr 28 02:17:17 2014

 FCN=27.03 FROM HESSE     STATUS=RESET          30 CALLS         534 TOTAL
                     EDM=5.94489e-06    STRATEGY= 1  ERROR MATRIX UNCERTAINTY 100.0 per cent
  EXT PARAMETER                APPROXIMATE        STEP         FIRST   
  NO.   NAME      VALUE            ERROR          SIZE      DERIVATIVE 
   1  p0           8.00522e-01   1.65787e-01   1.65787e-03   3.25690e+00
   2  p1           5.37195e+00   5.20961e-03   5.20961e-05   1.22214e+02
   3  p2           1.17656e-02     fixed    
   4  p3           3.13732e+01   3.15360e-01   3.15360e-03  -2.09064e+00
   5  p4          -2.00630e-05   1.32594e+01   1.32594e-01** at limit **
   6  p5          -8.26638e-01   9.74340e-03   9.74340e-05   1.98398e+01
   7  p6           0.00000e+00   1.00000e+00   1.00000e-02  -2.72689e-02
   8  p7           7.40832e-01     fixed    
   9  p8           2.93696e-02     fixed    
  10  p9           0.00000e+00   1.00000e+00   1.00000e-02  -1.37997e-01
  11  p10          0.00000e+00   1.00000e+00   1.00000e-02  -8.17572e-01
  12  p11          0.00000e+00     fixed    
                               ERR DEF= 0.5
355
fit result:40.0261 40.0261
The local date and time is: Mon Apr 28 02:17:17 2014

Pseudo exp:6
The local date and time is: Mon Apr 28 02:17:17 2014

cout:503
_cout:2707
true_yield:43
Start pseudo exp fit:6
The local date and time is: Mon Apr 28 02:17:21 2014

 FCN=30.0632 FROM HESSE     STATUS=RESET          30 CALLS         507 TOTAL
                     EDM=6.566e-10    STRATEGY= 1  ERROR MATRIX UNCERTAINTY 100.0 per cent
  EXT PARAMETER                APPROXIMATE        STEP         FIRST   
  NO.   NAME      VALUE            ERROR          SIZE      DERIVATIVE 
   1  p0           9.02443e-01   1.65499e-01   1.65499e-03   3.26258e+00
   2  p1           5.37444e+00   2.83794e-03   2.83794e-05   2.24348e+02
   3  p2           1.17656e-02     fixed    
   4  p3           1.55560e+02   3.40170e-01   3.40170e-03  -1.93816e+00
   5  p4          -4.82226e+01   6.07393e-02   6.07393e-04  -3.18407e+05
   6  p5           3.81564e+00   1.07914e-02   1.07914e-04   1.79130e+01
   7  p6           0.00000e+00   2.00000e+00   2.00000e-02  -1.36344e-02
   8  p7           7.40832e-01     fixed    
   9  p8           2.93696e-02     fixed    
  10  p9           0.00000e+00   1.00000e+00   1.00000e-02  -1.37997e-01
  11  p10          0.00000e+00   1.00000e+00   1.00000e-02  -8.17572e-01
  12  p11          0.00000e+00     fixed    
                               ERR DEF= 0.5
349
fit result:45.1221 45.1222
The local date and time is: Mon Apr 28 02:17:21 2014

Pseudo exp:7
The local date and time is: Mon Apr 28 02:17:21 2014

cout:503
_cout:2756
true_yield:34
Start pseudo exp fit:7
The local date and time is: Mon Apr 28 02:17:25 2014

 FCN=20.2741 FROM HESSE     STATUS=RESET          30 CALLS         507 TOTAL
                     EDM=5.36275e-11    STRATEGY= 1  ERROR MATRIX UNCERTAINTY 100.0 per cent
  EXT PARAMETER                APPROXIMATE        STEP         FIRST   
  NO.   NAME      VALUE            ERROR          SIZE      DERIVATIVE 
   1  p0           5.75312e-01   1.42058e-01   1.42058e-03   3.80093e+00
   2  p1           5.37462e+00   3.62717e-03   3.62717e-05   1.75532e+02
   3  p2           1.17656e-02     fixed    
   4  p3           1.28210e+02   3.13524e-01   3.13524e-03  -2.10288e+00
   5  p4          -3.46615e+01   5.53788e-02   5.53788e-04  -2.54595e+05
   6  p5           2.26327e+00   9.73798e-03   9.73798e-05   1.98508e+01
   7  p6           0.00000e+00   5.65685e+00   5.65685e-02  -4.82050e-03
   8  p7           7.40832e-01     fixed    
   9  p8           2.93696e-02     fixed    
  10  p9           0.00000e+00   1.00000e+00   1.00000e-02  -1.37997e-01
  11  p10          0.00000e+00   1.00000e+00   1.00000e-02  -8.17572e-01
  12  p11          0.00000e+00     fixed    
                               ERR DEF= 0.5
340
fit result:28.7656 28.7656
The local date and time is: Mon Apr 28 02:17:25 2014

Pseudo exp:8
The local date and time is: Mon Apr 28 02:17:25 2014

cout:503
_cout:2666
true_yield:51
Start pseudo exp fit:8
The local date and time is: Mon Apr 28 02:17:28 2014

 FCN=37.3474 FROM HESSE     STATUS=RESET          30 CALLS         506 TOTAL
                     EDM=4.09908e-08    STRATEGY= 1  ERROR MATRIX UNCERTAINTY 100.0 per cent
  EXT PARAMETER                APPROXIMATE        STEP         FIRST   
  NO.   NAME      VALUE            ERROR          SIZE      DERIVATIVE 
   1  p0           1.08397e+00   1.74435e-01   1.74435e-03   3.09543e+00
   2  p1           5.36991e+00   2.37209e-03   2.37209e-05   2.68408e+02
   3  p2           1.17656e-02     fixed    
   4  p3           2.23052e+02   3.15919e-01   3.15919e-03  -2.08694e+00
   5  p4          -6.96072e+01   5.59513e-02   5.59513e-04  -4.87727e+05
   6  p5           5.46742e+00   9.86791e-03   9.86791e-05   1.95894e+01
   7  p6           0.00000e+00   5.65685e+00   5.65685e-02  -4.82050e-03
   8  p7           7.40832e-01     fixed    
   9  p8           2.93696e-02     fixed    
  10  p9           0.00000e+00   1.00000e+00   1.00000e-02  -1.37997e-01
  11  p10          0.00000e+00   1.00000e+00   1.00000e-02  -8.17572e-01
  12  p11          0.00000e+00     fixed    
                               ERR DEF= 0.5
357
fit result:54.1984 54.1984
The local date and time is: Mon Apr 28 02:17:28 2014

Pseudo exp:9
The local date and time is: Mon Apr 28 02:17:28 2014

cout:503
_cout:2834
true_yield:54
Start pseudo exp fit:9
The local date and time is: Mon Apr 28 02:17:32 2014

 FCN=19.2497 FROM HESSE     STATUS=RESET          30 CALLS         529 TOTAL
                     EDM=2.37462e-07    STRATEGY= 1  ERROR MATRIX UNCERTAINTY 100.0 per cent
  EXT PARAMETER                APPROXIMATE        STEP         FIRST   
  NO.   NAME      VALUE            ERROR          SIZE      DERIVATIVE 
   1  p0           1.03292e+00   1.77975e-01   1.77975e-03   3.03386e+00
   2  p1           5.37123e+00   3.23540e-03   3.23540e-05   1.96788e+02
   3  p2           1.17656e-02     fixed    
   4  p3           2.76520e+01   3.29119e-01   3.29119e-03  -2.00324e+00
   5  p4          -6.20877e-07   1.83630e+01   1.83630e-01** at limit **
   6  p5          -7.08340e-01   1.03076e-02   1.03076e-04   1.87537e+01
   7  p6           0.00000e+00   5.65685e+00   5.65685e-02  -4.82050e-03
   8  p7           7.40832e-01     fixed    
   9  p8           2.93696e-02     fixed    
  10  p9           0.00000e+00   1.00000e+00   1.00000e-02  -1.37997e-01
  11  p10          0.00000e+00   1.00000e+00   1.00000e-02  -8.17572e-01
  12  p11          0.00000e+00     fixed    
                               ERR DEF= 0.5
360
fit result:51.6462 51.6462
The local date and time is: Mon Apr 28 02:17:32 2014

Pseudo exp:10
The local date and time is: Mon Apr 28 02:17:32 2014

cout:503
_cout:2597
true_yield:44
Start pseudo exp fit:10
The local date and time is: Mon Apr 28 02:17:35 2014

 FCN=18.5214 FROM HESSE     STATUS=RESET          30 CALLS         507 TOTAL
                     EDM=7.50747e-08    STRATEGY= 1  ERROR MATRIX UNCERTAINTY 100.0 per cent
  EXT PARAMETER                APPROXIMATE        STEP         FIRST   
  NO.   NAME      VALUE            ERROR          SIZE      DERIVATIVE 
   1  p0           1.00152e+00   1.73934e-01   1.73934e-03   3.10434e+00
   2  p1           5.37572e+00   2.94872e-03   2.94872e-05   2.15920e+02
   3  p2           1.17656e-02     fixed    
   4  p3           6.44877e+01   3.29846e-01   3.29846e-03  -1.99882e+00
   5  p4          -1.41203e+01   5.86552e-02   5.86552e-04  -1.00006e+05
   6  p5           6.32084e-01   1.03798e-02   1.03798e-04   1.86234e+01
   7  p6           0.00000e+00   2.00000e+00   2.00000e-02  -1.36344e-02
   8  p7           7.40832e-01     fixed    
   9  p8           2.93696e-02     fixed    
  10  p9           0.00000e+00   1.00000e+00   1.00000e-02  -1.37997e-01
  11  p10          0.00000e+00   1.00000e+00   1.00000e-02  -8.17572e-01
  12  p11          0.00000e+00     fixed    
                               ERR DEF= 0.5
350
fit result:50.0762 50.0762
The local date and time is: Mon Apr 28 02:17:36 2014

Pseudo exp:11
The local date and time is: Mon Apr 28 02:17:36 2014

cout:503
_cout:2822
true_yield:38
Start pseudo exp fit:11
The local date and time is: Mon Apr 28 02:17:39 2014

 FCN=16.9885 FROM HESSE     STATUS=RESET          30 CALLS         507 TOTAL
                     EDM=8.35216e-07    STRATEGY= 1  ERROR MATRIX UNCERTAINTY 100.0 per cent
  EXT PARAMETER                APPROXIMATE        STEP         FIRST   
  NO.   NAME      VALUE            ERROR          SIZE      DERIVATIVE 
   1  p0           7.69459e-01   1.60228e-01   1.60228e-03   3.36990e+00
   2  p1           5.37339e+00   3.98521e-03   3.98521e-05   1.59762e+02
   3  p2           1.17656e-02     fixed    
   4  p3           1.58784e+02   3.35078e-01   3.35078e-03  -1.96761e+00
   5  p4          -4.84150e+01   5.96824e-02   5.96824e-04  -3.25273e+05
   6  p5           3.74534e+00   1.05796e-02   1.05796e-04   1.82717e+01
   7  p6           0.00000e+00   5.65685e+00   5.65685e-02  -4.82050e-03
   8  p7           7.40832e-01     fixed    
   9  p8           2.93696e-02     fixed    
  10  p9           0.00000e+00   1.00000e+00   1.00000e-02  -1.37997e-01
  11  p10          0.00000e+00   1.00000e+00   1.00000e-02  -8.17572e-01
  12  p11          0.00000e+00     fixed    
                               ERR DEF= 0.5
344
fit result:38.4729 38.473
The local date and time is: Mon Apr 28 02:17:39 2014

Pseudo exp:12
The local date and time is: Mon Apr 28 02:17:39 2014

cout:503
_cout:2770
true_yield:35
Start pseudo exp fit:12
The local date and time is: Mon Apr 28 02:17:42 2014

 FCN=14.1913 FROM HESSE     STATUS=RESET          30 CALLS         507 TOTAL
                     EDM=1.00013e-07    STRATEGY= 1  ERROR MATRIX UNCERTAINTY 100.0 per cent
  EXT PARAMETER                APPROXIMATE        STEP         FIRST   
  NO.   NAME      VALUE            ERROR          SIZE      DERIVATIVE 
   1  p0           5.61778e-01   1.43454e-01   1.43454e-03   3.76393e+00
   2  p1           5.37809e+00   4.27266e-03   4.27266e-05   1.49014e+02
   3  p2           1.17656e-02     fixed    
   4  p3           1.73252e+02   3.42835e-01   3.42835e-03  -1.92310e+00
   5  p4          -5.42178e+01   6.12157e-02   6.12157e-04  -3.52969e+05
   6  p5           4.32544e+00   1.08775e-02   1.08775e-04   1.77712e+01
   7  p6           0.00000e+00   5.65685e+00   5.65685e-02  -4.82050e-03
   8  p7           7.40832e-01     fixed    
   9  p8           2.93696e-02     fixed    
  10  p9           0.00000e+00   1.00000e+00   1.00000e-02  -1.37997e-01
  11  p10          0.00000e+00   1.00000e+00   1.00000e-02  -8.17572e-01
  12  p11          0.00000e+00     fixed    
                               ERR DEF= 0.5
341
fit result:28.0889 28.0889
The local date and time is: Mon Apr 28 02:17:43 2014

Pseudo exp:13
The local date and time is: Mon Apr 28 02:17:43 2014

cout:503
_cout:2777
true_yield:38
Start pseudo exp fit:13
The local date and time is: Mon Apr 28 02:17:46 2014

 FCN=23.6264 FROM HESSE     STATUS=RESET          30 CALLS         553 TOTAL
                     EDM=5.64036e-07    STRATEGY= 1  ERROR MATRIX UNCERTAINTY 100.0 per cent
  EXT PARAMETER                APPROXIMATE        STEP         FIRST   
  NO.   NAME      VALUE            ERROR          SIZE      DERIVATIVE 
   1  p0           7.84257e-01   1.60050e-01   1.60050e-03   3.37365e+00
   2  p1           5.37064e+00   3.29977e-03   3.29977e-05   1.92948e+02
   3  p2           1.17656e-02     fixed    
   4  p3           3.76078e+01   3.08698e-01   3.08698e-03  -2.13576e+00
   5  p4          -2.17859e+00   5.44402e-02   5.44402e-04  -1.68258e+04
   6  p5          -6.43880e-01   9.55678e-03   9.55678e-05   2.02272e+01
   7  p6           0.00000e+00   1.41421e+00   1.41421e-02  -1.92820e-02
   8  p7           7.40832e-01     fixed    
   9  p8           2.93696e-02     fixed    
  10  p9           0.00000e+00   1.00000e+00   1.00000e-02  -1.37997e-01
  11  p10          0.00000e+00   1.00000e+00   1.00000e-02  -8.17572e-01
  12  p11          0.00000e+00     fixed    
                               ERR DEF= 0.5
344
fit result:39.2128 39.2129
The local date and time is: Mon Apr 28 02:17:46 2014

Pseudo exp:14
The local date and time is: Mon Apr 28 02:17:46 2014

cout:503
_cout:3011
true_yield:50
Start pseudo exp fit:14
The local date and time is: Mon Apr 28 02:17:50 2014

 FCN=27.4347 FROM HESSE     STATUS=RESET          30 CALLS         507 TOTAL
                     EDM=4.93012e-07    STRATEGY= 1  ERROR MATRIX UNCERTAINTY 100.0 per cent
  EXT PARAMETER                APPROXIMATE        STEP         FIRST   
  NO.   NAME      VALUE            ERROR          SIZE      DERIVATIVE 
   1  p0           1.22791e+00   1.82683e-01   1.82683e-03   2.95567e+00
   2  p1           5.36725e+00   2.40577e-03   2.40577e-05   2.64650e+02
   3  p2           1.17656e-02     fixed    
   4  p3           4.63173e+02   3.28577e-01   3.28577e-03  -2.00655e+00
   5  p4          -1.59143e+02   5.86195e-02   5.86195e-04  -9.61909e+05
   6  p5           1.37796e+01   1.04112e-02   1.04112e-04   1.85671e+01
   7  p6           0.00000e+00   8.00000e+00   8.00000e-02  -3.40861e-03
   8  p7           7.40832e-01     fixed    
   9  p8           2.93696e-02     fixed    
  10  p9           0.00000e+00   1.00000e+00   1.00000e-02  -1.37997e-01
  11  p10          0.00000e+00   1.00000e+00   1.00000e-02  -8.17572e-01
  12  p11          0.00000e+00     fixed    
                               ERR DEF= 0.5
356
fit result:61.3957 61.3958
The local date and time is: Mon Apr 28 02:17:50 2014

Pseudo exp:15
The local date and time is: Mon Apr 28 02:17:50 2014

cout:503
_cout:2841
true_yield:43
Start pseudo exp fit:15
The local date and time is: Mon Apr 28 02:17:54 2014

 FCN=27.4389 FROM HESSE     STATUS=RESET          30 CALLS         526 TOTAL
                     EDM=7.85622e-07    STRATEGY= 1  ERROR MATRIX UNCERTAINTY 100.0 per cent
  EXT PARAMETER                APPROXIMATE        STEP         FIRST   
  NO.   NAME      VALUE            ERROR          SIZE      DERIVATIVE 
   1  p0           7.84670e-01   1.59645e-01   1.59645e-03   3.38221e+00
   2  p1           5.37238e+00   3.31972e-03   3.31972e-05   1.91789e+02
   3  p2           1.17656e-02     fixed    
   4  p3           3.02132e+01   3.23121e-01   3.23121e-03  -2.04043e+00
   5  p4          -6.92655e-04   1.13208e+00   1.13208e-02  -1.05303e+02
   6  p5          -7.91708e-01   1.01048e-02   1.01048e-04   1.91301e+01
   7  p6           0.00000e+00   2.00000e+00   2.00000e-02  -1.36344e-02
   8  p7           7.40832e-01     fixed    
   9  p8           2.93696e-02     fixed    
  10  p9           0.00000e+00   1.00000e+00   1.00000e-02  -1.37997e-01
  11  p10          0.00000e+00   1.00000e+00   1.00000e-02  -8.17572e-01
  12  p11          0.00000e+00     fixed    
                               ERR DEF= 0.5
349
fit result:39.2335 39.2335
The local date and time is: Mon Apr 28 02:17:54 2014

Pseudo exp:16
The local date and time is: Mon Apr 28 02:17:54 2014

cout:503
_cout:2712
true_yield:39
Start pseudo exp fit:16
The local date and time is: Mon Apr 28 02:17:57 2014

 FCN=23.2444 FROM HESSE     STATUS=RESET          30 CALLS        1895 TOTAL
                     EDM=7.1819e-07    STRATEGY= 1  ERROR MATRIX UNCERTAINTY 100.0 per cent
  EXT PARAMETER                APPROXIMATE        STEP         FIRST   
  NO.   NAME      VALUE            ERROR          SIZE      DERIVATIVE 
   1  p0           8.69930e-01   1.68754e-01   1.68754e-03   3.19964e+00
   2  p1           5.37073e+00   5.09208e-03   5.09208e-05   1.25035e+02
   3  p2           1.17656e-02     fixed    
   4  p3           2.73287e+02   3.11036e-01   3.11036e-03  -2.11971e+00
   5  p4          -8.73946e+01   5.49597e-02   5.49597e-04  -6.11490e+05
   6  p5           7.03556e+00   9.66842e-03   9.66842e-05   1.99936e+01
   7  p6           0.00000e+00   8.00000e+00   8.00000e-02  -3.40861e-03
   8  p7           7.40832e-01     fixed    
   9  p8           2.93696e-02     fixed    
  10  p9           0.00000e+00   1.00000e+00   1.00000e-02  -1.37997e-01
  11  p10          0.00000e+00   1.00000e+00   1.00000e-02  -8.17572e-01
  12  p11          0.00000e+00     fixed    
                               ERR DEF= 0.5
345
fit result:43.4965 43.4965
The local date and time is: Mon Apr 28 02:17:57 2014

Pseudo exp:17
The local date and time is: Mon Apr 28 02:17:57 2014

cout:503
_cout:2791
true_yield:47
Start pseudo exp fit:17
The local date and time is: Mon Apr 28 02:18:01 2014

 FCN=21.8222 FROM HESSE     STATUS=RESET          30 CALLS         507 TOTAL
                     EDM=2.85161e-07    STRATEGY= 1  ERROR MATRIX UNCERTAINTY 100.0 per cent
  EXT PARAMETER                APPROXIMATE        STEP         FIRST   
  NO.   NAME      VALUE            ERROR          SIZE      DERIVATIVE 
   1  p0           8.27384e-01   1.64198e-01   1.64198e-03   3.28843e+00
   2  p1           5.36970e+00   4.02935e-03   4.02935e-05   1.58012e+02
   3  p2           1.17656e-02     fixed    
   4  p3           3.23750e+01   3.41753e-01   3.41753e-03  -1.92918e+00
   5  p4          -3.14254e+00   6.09161e-02   6.09161e-04  -2.16695e+04
   6  p5          -2.92091e-01   1.08016e-02   1.08016e-04   1.78961e+01
   7  p6           0.00000e+00   2.40000e+00   2.40000e-02  -1.13620e-02
   8  p7           7.40832e-01     fixed    
   9  p8           2.93696e-02     fixed    
  10  p9           0.00000e+00   1.00000e+00   1.00000e-02  -1.37997e-01
  11  p10          0.00000e+00   1.00000e+00   1.00000e-02  -8.17572e-01
  12  p11          0.00000e+00     fixed    
                               ERR DEF= 0.5
353
fit result:41.3692 41.3692
The local date and time is: Mon Apr 28 02:18:01 2014

Pseudo exp:18
The local date and time is: Mon Apr 28 02:18:01 2014

cout:503
_cout:2642
true_yield:45
Start pseudo exp fit:18
The local date and time is: Mon Apr 28 02:18:04 2014

 FCN=11.1375 FROM HESSE     STATUS=RESET          30 CALLS         508 TOTAL
                     EDM=7.23432e-07    STRATEGY= 1  ERROR MATRIX UNCERTAINTY 100.0 per cent
  EXT PARAMETER                APPROXIMATE        STEP         FIRST   
  NO.   NAME      VALUE            ERROR          SIZE      DERIVATIVE 
   1  p0           8.63251e-01   1.63878e-01   1.63878e-03   3.29484e+00
   2  p1           5.36808e+00   2.95492e-03   2.95492e-05   2.15466e+02
   3  p2           1.17656e-02     fixed    
   4  p3           4.74393e+01   3.12962e-01   3.12962e-03  -2.10666e+00
   5  p4          -5.90547e+00   5.52222e-02   5.52222e-04  -4.47955e+04
   6  p5          -2.90214e-01   9.69792e-03   9.69792e-05   1.99328e+01
   7  p6           0.00000e+00   2.00000e+00   2.00000e-02  -1.36344e-02
   8  p7           7.40832e-01     fixed    
   9  p8           2.93696e-02     fixed    
  10  p9           0.00000e+00   1.00000e+00   1.00000e-02  -1.37997e-01
  11  p10          0.00000e+00   1.00000e+00   1.00000e-02  -8.17572e-01
  12  p11          0.00000e+00     fixed    
                               ERR DEF= 0.5
351
fit result:43.1626 43.1626
The local date and time is: Mon Apr 28 02:18:04 2014

Pseudo exp:19
The local date and time is: Mon Apr 28 02:18:04 2014

cout:503
_cout:2824
true_yield:47
Start pseudo exp fit:19
The local date and time is: Mon Apr 28 02:18:08 2014

 FCN=19.6307 FROM HESSE     STATUS=RESET          30 CALLS         547 TOTAL
                     EDM=9.88115e-07    STRATEGY= 1  ERROR MATRIX UNCERTAINTY 100.0 per cent
  EXT PARAMETER                APPROXIMATE        STEP         FIRST   
  NO.   NAME      VALUE            ERROR          SIZE      DERIVATIVE 
   1  p0           7.86705e-01   1.64809e-01   1.64809e-03   3.27624e+00
   2  p1           5.36498e+00   4.37321e-03   4.37321e-05   1.45588e+02
   3  p2           1.17656e-02     fixed    
   4  p3           3.48516e+01   3.31602e-01   3.31602e-03  -1.98824e+00
   5  p4          -2.39346e+00   5.88521e-02   5.88521e-04  -1.70958e+04
   6  p5          -5.08118e-01   1.03950e-02   1.03950e-04   1.85962e+01
   7  p6           0.00000e+00   2.00000e+00   2.00000e-02  -1.36344e-02
   8  p7           7.40832e-01     fixed    
   9  p8           2.93696e-02     fixed    
  10  p9           0.00000e+00   1.00000e+00   1.00000e-02  -1.37997e-01
  11  p10          0.00000e+00   1.00000e+00   1.00000e-02  -8.17572e-01
  12  p11          0.00000e+00     fixed    
                               ERR DEF= 0.5
353
fit result:39.3353 39.3353
The local date and time is: Mon Apr 28 02:18:08 2014

