000 (263745.000.000) 04/26 03:18:09 Job submitted from host: <18.12.1.74:45694>
...
009 (263745.000.000) 04/26 03:18:32 Job was aborted by the user.
	via condor_rm (by user tawei)
...
000 (263795.000.000) 04/26 03:19:14 Job submitted from host: <18.12.1.74:45694>
...
001 (263795.000.000) 04/26 03:20:37 Job executing on host: <18.12.8.247:41533>
...
006 (263795.000.000) 04/26 03:20:45 Image size of job updated: 272852
	117  -  MemoryUsage of job (MB)
	119588  -  ResidentSetSize of job (KB)
...
006 (263795.000.000) 04/26 03:24:18 Image size of job updated: 315820
	117  -  MemoryUsage of job (MB)
	119588  -  ResidentSetSize of job (KB)
...
005 (263795.000.000) 04/26 03:24:18 Job terminated.
	(1) Normal termination (return value 0)
		Usr 0 00:02:51, Sys 0 00:00:05  -  Run Remote Usage
		Usr 0 00:00:00, Sys 0 00:00:00  -  Run Local Usage
		Usr 0 00:02:51, Sys 0 00:00:05  -  Total Remote Usage
		Usr 0 00:00:00, Sys 0 00:00:00  -  Total Local Usage
	33460  -  Run Bytes Sent By Job
	32579  -  Run Bytes Received By Job
	33460  -  Total Bytes Sent By Job
	32579  -  Total Bytes Received By Job
	Partitionable Resources :    Usage  Request          
	   Cpus                 :                 1          
	   Disk (KB)            :       87       87          
	   Memory (MB)          :      117      117          
...
000 (263897.000.000) 04/26 04:01:37 Job submitted from host: <18.12.1.74:45694>
...
001 (263897.000.000) 04/26 04:02:40 Job executing on host: <18.12.8.196:48468>
...
006 (263897.000.000) 04/26 04:02:48 Image size of job updated: 1
	2  -  MemoryUsage of job (MB)
	1708  -  ResidentSetSize of job (KB)
...
006 (263897.000.000) 04/26 04:07:24 Image size of job updated: 316008
	2  -  MemoryUsage of job (MB)
	1708  -  ResidentSetSize of job (KB)
...
005 (263897.000.000) 04/26 04:07:24 Job terminated.
	(1) Normal termination (return value 0)
		Usr 0 00:03:55, Sys 0 00:00:06  -  Run Remote Usage
		Usr 0 00:00:00, Sys 0 00:00:00  -  Run Local Usage
		Usr 0 00:03:55, Sys 0 00:00:06  -  Total Remote Usage
		Usr 0 00:00:00, Sys 0 00:00:00  -  Total Local Usage
	32837  -  Run Bytes Sent By Job
	32607  -  Run Bytes Received By Job
	32837  -  Total Bytes Sent By Job
	32607  -  Total Bytes Received By Job
	Partitionable Resources :    Usage  Request          
	   Cpus                 :                 1          
	   Disk (KB)            :       86       86          
	   Memory (MB)          :        2        2          
...
000 (265254.000.000) 04/27 23:58:44 Job submitted from host: <18.12.1.74:45694>
...
009 (265254.000.000) 04/27 23:59:18 Job was aborted by the user.
	via condor_rm (by user tawei)
...
000 (265304.000.000) 04/27 23:59:31 Job submitted from host: <18.12.1.74:45694>
...
001 (265304.000.000) 04/27 23:59:38 Job executing on host: <18.12.12.16:47738>
...
006 (265304.000.000) 04/27 23:59:43 Image size of job updated: 1
	0  -  MemoryUsage of job (MB)
	0  -  ResidentSetSize of job (KB)
...
005 (265304.000.000) 04/27 23:59:43 Job terminated.
	(1) Normal termination (return value 1)
		Usr 0 00:00:00, Sys 0 00:00:00  -  Run Remote Usage
		Usr 0 00:00:00, Sys 0 00:00:00  -  Run Local Usage
		Usr 0 00:00:00, Sys 0 00:00:00  -  Total Remote Usage
		Usr 0 00:00:00, Sys 0 00:00:00  -  Total Local Usage
	1145  -  Run Bytes Sent By Job
	32875  -  Run Bytes Received By Job
	1145  -  Total Bytes Sent By Job
	32875  -  Total Bytes Received By Job
	Partitionable Resources :    Usage  Request          
	   Cpus                 :                 1          
	   Disk (KB)            :       56       56          
	   Memory (MB)          :        0        0          
...
000 (265562.000.000) 04/28 02:01:15 Job submitted from host: <18.12.1.74:45694>
...
001 (265562.000.000) 04/28 02:02:08 Job executing on host: <18.12.12.66:46935>
...
006 (265562.000.000) 04/28 02:02:17 Image size of job updated: 200624
	34  -  MemoryUsage of job (MB)
	34048  -  ResidentSetSize of job (KB)
...
006 (265562.000.000) 04/28 02:07:19 Image size of job updated: 288568
	151  -  MemoryUsage of job (MB)
	153660  -  ResidentSetSize of job (KB)
...
006 (265562.000.000) 04/28 02:12:19 Image size of job updated: 288568
	151  -  MemoryUsage of job (MB)
	153668  -  ResidentSetSize of job (KB)
...
006 (265562.000.000) 04/28 02:13:54 Image size of job updated: 315476
	151  -  MemoryUsage of job (MB)
	153668  -  ResidentSetSize of job (KB)
...
005 (265562.000.000) 04/28 02:13:54 Job terminated.
	(1) Normal termination (return value 0)
		Usr 0 00:03:11, Sys 0 00:00:03  -  Run Remote Usage
		Usr 0 00:00:00, Sys 0 00:00:00  -  Run Local Usage
		Usr 0 00:03:11, Sys 0 00:00:03  -  Total Remote Usage
		Usr 0 00:00:00, Sys 0 00:00:00  -  Total Local Usage
	32788  -  Run Bytes Sent By Job
	32889  -  Run Bytes Received By Job
	32788  -  Total Bytes Sent By Job
	32889  -  Total Bytes Received By Job
	Partitionable Resources :    Usage  Request          
	   Cpus                 :                 1          
	   Disk (KB)            :       87       87          
	   Memory (MB)          :      151      151          
...
