/export/data1/condor/execute/dir_12059
gcc (GCC) 4.6.2
Copyright (C) 2011 Free Software Foundation, Inc.
This is free software; see the source for copying conditions.  There is NO
warranty; not even for MERCHANTABILITY or FITNESS FOR A PARTICULAR PURPOSE.

5.32/00
Linux version 2.6.32-358.el6.x86_64 (mockbuild@sl6.fnal.gov) (gcc version 4.4.7 20120313 (Red Hat 4.4.7-3) (GCC) ) #1 SMP Fri Feb 22 20:37:17 CST 2013

Processing fitBs.C(2)...
The local date and time is: Mon Apr 28 02:03:32 2014

 FCN=51.09 FROM HESSE     STATUS=RESET          35 CALLS         818 TOTAL
                     EDM=1.74677e-07    STRATEGY= 1  ERROR MATRIX UNCERTAINTY 100.0 per cent
  EXT PARAMETER                APPROXIMATE        STEP         FIRST   
  NO.   NAME      VALUE            ERROR          SIZE      DERIVATIVE 
   1  p0           1.46834e+02   1.71547e+00   1.71547e-02   3.14754e-01
   2  p1           5.36991e+00   1.80509e-04   1.80509e-06   3.52717e+03
   3  p2           1.17656e-02   1.36451e-04   1.36451e-06  -3.26142e-01
   4  p3           1.28682e+01   1.57196e-01   1.57196e-03  -2.68056e+00
   5  p4          -2.04693e-02   2.71701e-02   2.71701e-04   1.45628e+02
   6  p5          -3.51569e-01   4.68012e-03   4.68012e-05  -5.82654e+00
   7  p6           0.00000e+00   2.82843e+00   2.82843e-02  -4.87893e-02
   8  p7           7.40832e-01   1.00098e-02   1.00098e-04  -1.55201e+01
   9  p8           2.93696e-02   6.11333e-04   6.11333e-06   5.60321e-01
  10  p9           0.00000e+00   1.00000e+00   1.00000e-02   2.81800e-02
  11  p10          0.00000e+00   1.00000e+00   1.00000e-02   4.32797e-01
  12  p11          0.00000e+00     fixed    
                               ERR DEF= 0.5
 FCN=19.702 FROM HESSE     STATUS=RESET          30 CALLS         507 TOTAL
                     EDM=3.56714e-09    STRATEGY= 1  ERROR MATRIX UNCERTAINTY 100.0 per cent
  EXT PARAMETER                APPROXIMATE        STEP         FIRST   
  NO.   NAME      VALUE            ERROR          SIZE      DERIVATIVE 
   1  p0           8.80688e-01   1.62070e-01   1.62070e-03   3.33161e+00
   2  p1           5.37091e+00   2.64329e-03   2.64329e-05   2.40869e+02
   3  p2           1.17656e-02     fixed    
   4  p3           1.07018e+02   3.23872e-01   3.23872e-03  -2.03570e+00
   5  p4          -2.82726e+01   5.74207e-02   5.74207e-04  -2.01608e+05
   6  p5           1.80062e+00   1.01328e-02   1.01328e-04   1.90773e+01
   7  p6           0.00000e+00   5.65685e+00   5.65685e-02  -4.82050e-03
   8  p7           7.40832e-01     fixed    
   9  p8           2.93696e-02     fixed    
  10  p9           0.00000e+00   1.00000e+00   1.00000e-02  -1.37997e-01
  11  p10          0.00000e+00   1.00000e+00   1.00000e-02  -8.17572e-01
  12  p11          0.00000e+00     fixed    
                               ERR DEF= 0.5
351
fit result:44.0344 44.0344
The local date and time is: Mon Apr 28 02:09:18 2014

Got Nsig:572/44.0344
Got extracted:44.0344
Pseudo exp:0
The local date and time is: Mon Apr 28 02:09:18 2014

cout:572
_cout:3201
true_yield:55
Start pseudo exp fit:0
The local date and time is: Mon Apr 28 02:09:22 2014

 FCN=37.0099 FROM HESSE     STATUS=RESET          30 CALLS         507 TOTAL
                     EDM=7.26271e-08    STRATEGY= 1  ERROR MATRIX UNCERTAINTY 100.0 per cent
  EXT PARAMETER                APPROXIMATE        STEP         FIRST   
  NO.   NAME      VALUE            ERROR          SIZE      DERIVATIVE 
   1  p0           1.09368e+00   1.81473e-01   1.81473e-03   2.97538e+00
   2  p1           5.36649e+00   3.01338e-03   3.01338e-05   2.11286e+02
   3  p2           1.17656e-02     fixed    
   4  p3           2.58359e+02   3.08171e-01   3.08171e-03  -2.13941e+00
   5  p4          -8.14388e+01   5.43044e-02   5.43044e-04  -5.80458e+05
   6  p5           6.45100e+00   9.52565e-03   9.52565e-05   2.02933e+01
   7  p6           0.00000e+00   8.00000e+00   8.00000e-02  -3.40861e-03
   8  p7           7.40832e-01     fixed    
   9  p8           2.93696e-02     fixed    
  10  p9           0.00000e+00   1.00000e+00   1.00000e-02  -1.37997e-01
  11  p10          0.00000e+00   1.00000e+00   1.00000e-02  -8.17572e-01
  12  p11          0.00000e+00     fixed    
                               ERR DEF= 0.5
361
fit result:54.684 54.684
The local date and time is: Mon Apr 28 02:09:22 2014

Pseudo exp:1
The local date and time is: Mon Apr 28 02:09:22 2014

cout:572
_cout:3143
true_yield:49
Start pseudo exp fit:1
The local date and time is: Mon Apr 28 02:09:26 2014

 FCN=20.5889 FROM MIGRAD    STATUS=CALL LIMIT   2934 CALLS        2935 TOTAL
                     EDM=0.000395696    STRATEGY= 1  ERROR MATRIX UNCERTAINTY  21.2 per cent
  EXT PARAMETER                APPROXIMATE        STEP         FIRST   
  NO.   NAME      VALUE            ERROR          SIZE      DERIVATIVE 
   1  p0           1.00500e+00   1.68996e-01   1.24490e-03  -3.58958e-02
   2  p1           5.36780e+00   2.52695e-03   4.81938e-06  -2.19690e-01
   3  p2           1.17656e-02     fixed    
   4  p3           9.41708e+01   2.74953e+01   4.45911e-01  -6.36680e-02
   5  p4          -2.53554e+01   9.89013e+00  -9.48891e-04  -5.53585e+01
   6  p5           1.69348e+00   8.91655e-01   1.22205e-02  -1.97053e+00
   7  p6           0.00000e+00   1.00000e+00  -0.00000e+00   0.00000e+00
   8  p7           7.40832e-01     fixed    
   9  p8           2.93696e-02     fixed    
  10  p9           0.00000e+00   1.00000e+00  -0.00000e+00   0.00000e+00
  11  p10          0.00000e+00   1.00000e+00  -0.00000e+00   0.00000e+00
  12  p11          0.00000e+00     fixed    
                               ERR DEF= 0.5
355
fit result:50.2499 50.2499
The local date and time is: Mon Apr 28 02:09:26 2014

Pseudo exp:2
The local date and time is: Mon Apr 28 02:09:26 2014

cout:572
_cout:3161
true_yield:55
Start pseudo exp fit:2
The local date and time is: Mon Apr 28 02:09:29 2014

 FCN=24.0218 FROM HESSE     STATUS=RESET          30 CALLS         566 TOTAL
                     EDM=6.92843e-07    STRATEGY= 1  ERROR MATRIX UNCERTAINTY 100.0 per cent
  EXT PARAMETER                APPROXIMATE        STEP         FIRST   
  NO.   NAME      VALUE            ERROR          SIZE      DERIVATIVE 
   1  p0           1.11969e+00   1.83688e-01   1.83688e-03   2.93951e+00
   2  p1           5.37698e+00   2.84747e-03   2.84747e-05   2.23597e+02
   3  p2           1.17656e-02     fixed    
   4  p3           4.13501e+01   3.20019e-01   3.20019e-03  -2.06021e+00
   5  p4          -4.28653e+00   5.66134e-02   5.66134e-04  -3.17678e+04
   6  p5          -3.84833e-01   9.96802e-03   9.96802e-05   1.93927e+01
   7  p6           0.00000e+00   2.00000e+00   2.00000e-02  -1.36344e-02
   8  p7           7.40832e-01     fixed    
   9  p8           2.93696e-02     fixed    
  10  p9           0.00000e+00   1.00000e+00   1.00000e-02  -1.37997e-01
  11  p10          0.00000e+00   1.00000e+00   1.00000e-02  -8.17572e-01
  12  p11          0.00000e+00     fixed    
                               ERR DEF= 0.5
361
fit result:55.9843 55.9843
The local date and time is: Mon Apr 28 02:09:30 2014

Pseudo exp:3
The local date and time is: Mon Apr 28 02:09:30 2014

cout:572
_cout:3090
true_yield:40
Start pseudo exp fit:3
The local date and time is: Mon Apr 28 02:09:34 2014

 FCN=24.1235 FROM HESSE     STATUS=RESET          30 CALLS         507 TOTAL
                     EDM=2.10428e-07    STRATEGY= 1  ERROR MATRIX UNCERTAINTY 100.0 per cent
  EXT PARAMETER                APPROXIMATE        STEP         FIRST   
  NO.   NAME      VALUE            ERROR          SIZE      DERIVATIVE 
   1  p0           6.68655e-01   1.52951e-01   1.52951e-03   3.53023e+00
   2  p1           5.36855e+00   4.19183e-03   4.19183e-05   1.51887e+02
   3  p2           1.17656e-02     fixed    
   4  p3           1.57204e+02   3.25225e-01   3.25225e-03  -2.02723e+00
   5  p4          -4.61237e+01   5.76193e-02   5.76193e-04  -3.21747e+05
   6  p5           3.38651e+00   1.01597e-02   1.01597e-04   1.90268e+01
   7  p6           0.00000e+00   1.63731e+02   1.63731e+00  -1.66547e-04
   8  p7           7.40832e-01     fixed    
   9  p8           2.93696e-02     fixed    
  10  p9           0.00000e+00   1.00000e+00   1.00000e-02  -1.37997e-01
  11  p10          0.00000e+00   1.00000e+00   1.00000e-02  -8.17572e-01
  12  p11          0.00000e+00     fixed    
                               ERR DEF= 0.5
346
fit result:33.4327 33.4328
The local date and time is: Mon Apr 28 02:09:34 2014

Pseudo exp:4
The local date and time is: Mon Apr 28 02:09:34 2014

cout:572
_cout:3245
true_yield:51
Start pseudo exp fit:4
The local date and time is: Mon Apr 28 02:09:38 2014

 FCN=16.4585 FROM HESSE     STATUS=RESET          30 CALLS         507 TOTAL
                     EDM=4.33909e-09    STRATEGY= 1  ERROR MATRIX UNCERTAINTY 100.0 per cent
  EXT PARAMETER                APPROXIMATE        STEP         FIRST   
  NO.   NAME      VALUE            ERROR          SIZE      DERIVATIVE 
   1  p0           1.14455e+00   1.83746e-01   1.83746e-03   2.93857e+00
   2  p1           5.36689e+00   3.15801e-03   3.15801e-05   2.01610e+02
   3  p2           1.17656e-02     fixed    
   4  p3           3.23764e+02   3.20419e-01   3.20419e-03  -2.05764e+00
   5  p4          -1.06711e+02   5.68377e-02   5.68377e-04  -7.06695e+05
   6  p5           8.87286e+00   1.00388e-02   1.00388e-04   1.92560e+01
   7  p6           0.00000e+00   8.00000e+00   8.00000e-02  -3.40861e-03
   8  p7           7.40832e-01     fixed    
   9  p8           2.93696e-02     fixed    
  10  p9           0.00000e+00   1.00000e+00   1.00000e-02  -1.37997e-01
  11  p10          0.00000e+00   1.00000e+00   1.00000e-02  -8.17572e-01
  12  p11          0.00000e+00     fixed    
                               ERR DEF= 0.5
357
fit result:57.2274 57.2274
The local date and time is: Mon Apr 28 02:09:38 2014

Pseudo exp:5
The local date and time is: Mon Apr 28 02:09:38 2014

cout:572
_cout:3282
true_yield:47
Start pseudo exp fit:5
The local date and time is: Mon Apr 28 02:09:42 2014

 FCN=25.637 FROM HESSE     STATUS=RESET          30 CALLS         507 TOTAL
                     EDM=2.12261e-07    STRATEGY= 1  ERROR MATRIX UNCERTAINTY 100.0 per cent
  EXT PARAMETER                APPROXIMATE        STEP         FIRST   
  NO.   NAME      VALUE            ERROR          SIZE      DERIVATIVE 
   1  p0           8.85229e-01   1.66426e-01   1.66426e-03   3.24440e+00
   2  p1           5.37122e+00   3.26951e-03   3.26951e-05   1.94734e+02
   3  p2           1.17656e-02     fixed    
   4  p3           3.04877e+01   3.13438e-01   3.13438e-03  -2.10346e+00
   5  p4          -7.42734e-04   1.02781e+00   1.02781e-02  -1.05307e+02
   6  p5          -8.01436e-01   9.69327e-03   9.69327e-05   1.99424e+01
   7  p6           0.00000e+00   5.65685e+00   5.65685e-02  -4.82050e-03
   8  p7           7.40832e-01     fixed    
   9  p8           2.93696e-02     fixed    
  10  p9           0.00000e+00   1.00000e+00   1.00000e-02  -1.37997e-01
  11  p10          0.00000e+00   1.00000e+00   1.00000e-02  -8.17572e-01
  12  p11          0.00000e+00     fixed    
                               ERR DEF= 0.5
353
fit result:44.2615 44.2615
The local date and time is: Mon Apr 28 02:09:42 2014

Pseudo exp:6
The local date and time is: Mon Apr 28 02:09:42 2014

cout:572
_cout:3152
true_yield:53
Start pseudo exp fit:6
The local date and time is: Mon Apr 28 02:09:45 2014

 FCN=28.1236 FROM HESSE     STATUS=RESET          30 CALLS         507 TOTAL
                     EDM=1.40896e-07    STRATEGY= 1  ERROR MATRIX UNCERTAINTY 100.0 per cent
  EXT PARAMETER                APPROXIMATE        STEP         FIRST   
  NO.   NAME      VALUE            ERROR          SIZE      DERIVATIVE 
   1  p0           1.21433e+00   1.84013e-01   1.84013e-03   2.93432e+00
   2  p1           5.37424e+00   2.43184e-03   2.43184e-05   2.61812e+02
   3  p2           1.17656e-02     fixed    
   4  p3           1.97770e+02   3.38959e-01   3.38959e-03  -1.94509e+00
   5  p4          -6.38171e+01   6.05550e-02   6.05550e-04  -4.15733e+05
   6  p5           5.24811e+00   1.07655e-02   1.07655e-04   1.79561e+01
   7  p6           0.00000e+00   8.00000e+00   8.00000e-02  -3.40861e-03
   8  p7           7.40832e-01     fixed    
   9  p8           2.93696e-02     fixed    
  10  p9           0.00000e+00   1.00000e+00   1.00000e-02  -1.37997e-01
  11  p10          0.00000e+00   1.00000e+00   1.00000e-02  -8.17572e-01
  12  p11          0.00000e+00     fixed    
                               ERR DEF= 0.5
359
fit result:60.7167 60.7167
The local date and time is: Mon Apr 28 02:09:46 2014

Pseudo exp:7
The local date and time is: Mon Apr 28 02:09:46 2014

cout:572
_cout:3368
true_yield:57
Start pseudo exp fit:7
The local date and time is: Mon Apr 28 02:09:50 2014

 FCN=19.8068 FROM HESSE     STATUS=RESET          30 CALLS         507 TOTAL
                     EDM=6.73616e-08    STRATEGY= 1  ERROR MATRIX UNCERTAINTY 100.0 per cent
  EXT PARAMETER                APPROXIMATE        STEP         FIRST   
  NO.   NAME      VALUE            ERROR          SIZE      DERIVATIVE 
   1  p0           8.92632e-01   1.65957e-01   1.65957e-03   3.25356e+00
   2  p1           5.37059e+00   2.88167e-03   2.88167e-05   2.20943e+02
   3  p2           1.17656e-02     fixed    
   4  p3           1.19632e+02   3.16376e-01   3.16376e-03  -2.08393e+00
   5  p4          -3.11911e+01   5.58337e-02   5.58337e-04  -2.28054e+05
   6  p5           1.92155e+00   9.80942e-03   9.80942e-05   1.97062e+01
   7  p6           0.00000e+00   5.65685e+00   5.65685e-02  -4.82050e-03
   8  p7           7.40832e-01     fixed    
   9  p8           2.93696e-02     fixed    
  10  p9           0.00000e+00   1.00000e+00   1.00000e-02  -1.37997e-01
  11  p10          0.00000e+00   1.00000e+00   1.00000e-02  -8.17572e-01
  12  p11          0.00000e+00     fixed    
                               ERR DEF= 0.5
363
fit result:44.6316 44.6316
The local date and time is: Mon Apr 28 02:09:50 2014

Pseudo exp:8
The local date and time is: Mon Apr 28 02:09:50 2014

cout:572
_cout:3190
true_yield:52
Start pseudo exp fit:8
The local date and time is: Mon Apr 28 02:09:54 2014

 FCN=34.8069 FROM HESSE     STATUS=RESET          30 CALLS         507 TOTAL
                     EDM=2.18497e-09    STRATEGY= 1  ERROR MATRIX UNCERTAINTY 100.0 per cent
  EXT PARAMETER                APPROXIMATE        STEP         FIRST   
  NO.   NAME      VALUE            ERROR          SIZE      DERIVATIVE 
   1  p0           9.54542e-01   1.70898e-01   1.70898e-03   3.15949e+00
   2  p1           5.37396e+00   2.98062e-03   2.98062e-05   2.13609e+02
   3  p2           1.17656e-02     fixed    
   4  p3           1.74540e+02   3.17596e-01   3.17596e-03  -2.07592e+00
   5  p4          -5.15910e+01   5.61778e-02   5.61778e-04  -3.67004e+05
   6  p5           3.80491e+00   9.89451e-03   9.89451e-05   1.95368e+01
   7  p6           0.00000e+00   8.00000e+00   8.00000e-02  -3.40861e-03
   8  p7           7.40832e-01     fixed    
   9  p8           2.93696e-02     fixed    
  10  p9           0.00000e+00   1.00000e+00   1.00000e-02  -1.37997e-01
  11  p10          0.00000e+00   1.00000e+00   1.00000e-02  -8.17572e-01
  12  p11          0.00000e+00     fixed    
                               ERR DEF= 0.5
358
fit result:47.7271 47.7271
The local date and time is: Mon Apr 28 02:09:54 2014

Pseudo exp:9
The local date and time is: Mon Apr 28 02:09:54 2014

cout:572
_cout:3111
true_yield:49
Start pseudo exp fit:9
The local date and time is: Mon Apr 28 02:09:58 2014

 FCN=18.5755 FROM HESSE     STATUS=RESET          30 CALLS         527 TOTAL
                     EDM=9.09202e-07    STRATEGY= 1  ERROR MATRIX UNCERTAINTY 100.0 per cent
  EXT PARAMETER                APPROXIMATE        STEP         FIRST   
  NO.   NAME      VALUE            ERROR          SIZE      DERIVATIVE 
   1  p0           9.04251e-01   1.70315e-01   1.70315e-03   3.17031e+00
   2  p1           5.37152e+00   3.53969e-03   3.53969e-05   1.79871e+02
   3  p2           1.17656e-02     fixed    
   4  p3           2.78219e+01   3.29482e-01   3.29482e-03  -2.00103e+00
   5  p4          -6.73989e-04   1.20832e+00   1.20832e-02  -1.05301e+02
   6  p5          -7.12872e-01   1.03212e-02   1.03212e-04   1.87291e+01
   7  p6           0.00000e+00   2.00000e+00   2.00000e-02  -1.36344e-02
   8  p7           7.40832e-01     fixed    
   9  p8           2.93696e-02     fixed    
  10  p9           0.00000e+00   1.00000e+00   1.00000e-02  -1.37997e-01
  11  p10          0.00000e+00   1.00000e+00   1.00000e-02  -8.17572e-01
  12  p11          0.00000e+00     fixed    
                               ERR DEF= 0.5
355
fit result:45.2125 45.2126
The local date and time is: Mon Apr 28 02:09:58 2014

Pseudo exp:10
The local date and time is: Mon Apr 28 02:09:58 2014

cout:572
_cout:3296
true_yield:60
Start pseudo exp fit:10
The local date and time is: Mon Apr 28 02:10:02 2014

 FCN=22.5683 FROM HESSE     STATUS=RESET          30 CALLS         507 TOTAL
                     EDM=1.16678e-07    STRATEGY= 1  ERROR MATRIX UNCERTAINTY 100.0 per cent
  EXT PARAMETER                APPROXIMATE        STEP         FIRST   
  NO.   NAME      VALUE            ERROR          SIZE      DERIVATIVE 
   1  p0           1.29430e+00   1.93910e-01   1.93910e-03   2.78455e+00
   2  p1           5.37164e+00   3.26012e-03   3.26012e-05   1.95295e+02
   3  p2           1.17656e-02     fixed    
   4  p3           5.87111e+01   3.31210e-01   3.31210e-03  -1.99059e+00
   5  p4          -1.19473e+01   5.88628e-02   5.88628e-04  -8.45033e+04
   6  p5           4.29343e-01   1.04102e-02   1.04102e-04   1.85689e+01
   7  p6           0.00000e+00   2.00000e+00   2.00000e-02  -1.36344e-02
   8  p7           7.40832e-01     fixed    
   9  p8           2.93696e-02     fixed    
  10  p9           0.00000e+00   1.00000e+00   1.00000e-02  -1.37997e-01
  11  p10          0.00000e+00   1.00000e+00   1.00000e-02  -8.17572e-01
  12  p11          0.00000e+00     fixed    
                               ERR DEF= 0.5
366
fit result:64.7152 64.7152
The local date and time is: Mon Apr 28 02:10:02 2014

Pseudo exp:11
The local date and time is: Mon Apr 28 02:10:02 2014

cout:572
_cout:3291
true_yield:55
Start pseudo exp fit:11
The local date and time is: Mon Apr 28 02:10:06 2014

 FCN=17.7981 FROM HESSE     STATUS=RESET          30 CALLS         550 TOTAL
                     EDM=9.24927e-08    STRATEGY= 1  ERROR MATRIX UNCERTAINTY 100.0 per cent
  EXT PARAMETER                APPROXIMATE        STEP         FIRST   
  NO.   NAME      VALUE            ERROR          SIZE      DERIVATIVE 
   1  p0           1.10010e+00   1.82716e-01   1.82716e-03   2.95514e+00
   2  p1           5.37274e+00   3.36954e-03   3.36954e-05   1.88953e+02
   3  p2           1.17656e-02     fixed    
   4  p3           1.97206e+02   3.36905e-01   3.36905e-03  -1.95694e+00
   5  p4          -6.22876e+01   6.00081e-02   6.00081e-04  -4.10136e+05
   6  p5           4.99458e+00   1.06386e-02   1.06386e-04   1.81703e+01
   7  p6           0.00000e+00   8.00000e+00   8.00000e-02  -3.40861e-03
   8  p7           7.40832e-01     fixed    
   9  p8           2.93696e-02     fixed    
  10  p9           0.00000e+00   1.00000e+00   1.00000e-02  -1.37997e-01
  11  p10          0.00000e+00   1.00000e+00   1.00000e-02  -8.17572e-01
  12  p11          0.00000e+00     fixed    
                               ERR DEF= 0.5
361
fit result:55.0049 55.005
The local date and time is: Mon Apr 28 02:10:06 2014

Pseudo exp:12
The local date and time is: Mon Apr 28 02:10:06 2014

cout:572
_cout:3118
true_yield:50
Start pseudo exp fit:12
The local date and time is: Mon Apr 28 02:10:10 2014

 FCN=14.216 FROM HESSE     STATUS=RESET          30 CALLS         507 TOTAL
                     EDM=1.39221e-07    STRATEGY= 1  ERROR MATRIX UNCERTAINTY 100.0 per cent
  EXT PARAMETER                APPROXIMATE        STEP         FIRST   
  NO.   NAME      VALUE            ERROR          SIZE      DERIVATIVE 
   1  p0           8.69482e-01   1.65725e-01   1.65725e-03   3.25812e+00
   2  p1           5.37700e+00   3.19701e-03   3.19701e-05   1.99150e+02
   3  p2           1.17656e-02     fixed    
   4  p3           1.74826e+02   3.44084e-01   3.44084e-03  -1.91612e+00
   5  p4          -5.48076e+01   6.14207e-02   6.14207e-04  -3.55396e+05
   6  p5           4.38023e+00   1.09107e-02   1.09107e-04   1.77171e+01
   7  p6           0.00000e+00   5.65685e+00   5.65685e-02  -4.82050e-03
   8  p7           7.40832e-01     fixed    
   9  p8           2.93696e-02     fixed    
  10  p9           0.00000e+00   1.00000e+00   1.00000e-02  -1.37997e-01
  11  p10          0.00000e+00   1.00000e+00   1.00000e-02  -8.17572e-01
  12  p11          0.00000e+00     fixed    
                               ERR DEF= 0.5
356
fit result:43.4741 43.4741
The local date and time is: Mon Apr 28 02:10:10 2014

Pseudo exp:13
The local date and time is: Mon Apr 28 02:10:10 2014

cout:572
_cout:3234
true_yield:47
Start pseudo exp fit:13
The local date and time is: Mon Apr 28 02:10:14 2014

 FCN=22.9389 FROM SIMPLEX   STATUS=RESET        1959 CALLS        5049 TOTAL
                     EDM=5.52189e-07    STRATEGY= 1  ERROR MATRIX UNCERTAINTY  50.0 per cent
  EXT PARAMETER                APPROXIMATE        STEP         FIRST   
  NO.   NAME      VALUE            ERROR          SIZE      DERIVATIVE 
   1  p0           9.60054e-01   1.75698e-01   1.75698e-03  -1.23320e+04
   2  p1           5.37093e+00   3.08631e-03   3.08631e-05  -3.33401e+05
   3  p2           1.17656e-02     fixed    
   4  p3           3.16371e+01   3.25267e+00   3.25267e-02  -6.79014e+04
   5  p4          -1.79751e-04   2.07378e+01   2.07378e-01** at limit **
   6  p5          -8.41907e-01   1.00133e-01   1.00133e-03  -2.18645e+06
   7  p6           0.00000e+00   1.00000e+00   1.00000e-02   2.07726e+01
   8  p7           7.40832e-01     fixed    
   9  p8           2.93696e-02     fixed    
  10  p9           0.00000e+00   1.00000e+00   1.00000e-02  -9.91476e+00
  11  p10          0.00000e+00   1.00000e+00   1.00000e-02  -3.52847e-01
  12  p11          0.00000e+00     fixed    
                               ERR DEF= 0.5
353
fit result:48.0027 48.0027
The local date and time is: Mon Apr 28 02:10:14 2014

Pseudo exp:14
The local date and time is: Mon Apr 28 02:10:14 2014

cout:572
_cout:3128
true_yield:41
Start pseudo exp fit:14
The local date and time is: Mon Apr 28 02:10:18 2014

 FCN=26.8153 FROM HESSE     STATUS=RESET          30 CALLS         507 TOTAL
                     EDM=1.8556e-08    STRATEGY= 1  ERROR MATRIX UNCERTAINTY 100.0 per cent
  EXT PARAMETER                APPROXIMATE        STEP         FIRST   
  NO.   NAME      VALUE            ERROR          SIZE      DERIVATIVE 
   1  p0           1.04512e+00   1.71655e-01   1.71655e-03   3.14556e+00
   2  p1           5.36610e+00   2.63490e-03   2.63490e-05   2.41636e+02
   3  p2           1.17656e-02     fixed    
   4  p3           5.15687e+02   3.27146e-01   3.27146e-03  -2.01532e+00
   5  p4          -1.78107e+02   5.83962e-02   5.83962e-04  -1.05628e+06
   6  p5           1.54878e+01   1.03792e-02   1.03792e-04   1.86245e+01
   7  p6           0.00000e+00   5.65685e+00   5.65685e-02  -4.82050e-03
   8  p7           7.40832e-01     fixed    
   9  p8           2.93696e-02     fixed    
  10  p9           0.00000e+00   1.00000e+00   1.00000e-02  -1.37997e-01
  11  p10          0.00000e+00   1.00000e+00   1.00000e-02  -8.17572e-01
  12  p11          0.00000e+00     fixed    
                               ERR DEF= 0.5
347
fit result:52.2562 52.2562
The local date and time is: Mon Apr 28 02:10:18 2014

Pseudo exp:15
The local date and time is: Mon Apr 28 02:10:18 2014

cout:572
_cout:3159
true_yield:65
Start pseudo exp fit:15
The local date and time is: Mon Apr 28 02:10:22 2014

 FCN=27.4594 FROM HESSE     STATUS=RESET          30 CALLS         507 TOTAL
                     EDM=8.43837e-07    STRATEGY= 1  ERROR MATRIX UNCERTAINTY 100.0 per cent
  EXT PARAMETER                APPROXIMATE        STEP         FIRST   
  NO.   NAME      VALUE            ERROR          SIZE      DERIVATIVE 
   1  p0           1.18685e+00   1.86486e-01   1.86486e-03   2.89540e+00
   2  p1           5.37233e+00   2.70703e-03   2.70703e-05   2.35197e+02
   3  p2           1.17656e-02     fixed    
   4  p3           3.04971e+01   3.24904e-01   3.24904e-03  -2.02923e+00
   5  p4          -2.96303e-06   1.61168e+01   1.61168e-01** at limit **
   6  p5          -7.99955e-01   1.01518e-02   1.01518e-04   1.90416e+01
   7  p6           0.00000e+00   2.00000e+00   2.00000e-02  -1.36344e-02
   8  p7           7.40832e-01     fixed    
   9  p8           2.93696e-02     fixed    
  10  p9           0.00000e+00   1.00000e+00   1.00000e-02  -1.37997e-01
  11  p10          0.00000e+00   1.00000e+00   1.00000e-02  -8.17572e-01
  12  p11          0.00000e+00     fixed    
                               ERR DEF= 0.5
371
fit result:59.3424 59.3425
The local date and time is: Mon Apr 28 02:10:22 2014

Pseudo exp:16
The local date and time is: Mon Apr 28 02:10:22 2014

cout:572
_cout:3045
true_yield:32
Start pseudo exp fit:16
The local date and time is: Mon Apr 28 02:10:26 2014

 FCN=22.9088 FROM HESSE     STATUS=RESET          30 CALLS         507 TOTAL
                     EDM=2.6033e-08    STRATEGY= 1  ERROR MATRIX UNCERTAINTY 100.0 per cent
  EXT PARAMETER                APPROXIMATE        STEP         FIRST   
  NO.   NAME      VALUE            ERROR          SIZE      DERIVATIVE 
   1  p0           6.65909e-01   1.54798e-01   1.54798e-03   3.48811e+00
   2  p1           5.37540e+00   5.25702e-03   5.25702e-05   1.21112e+02
   3  p2           1.17656e-02     fixed    
   4  p3           2.80176e+02   3.10605e-01   3.10605e-03  -2.12265e+00
   5  p4          -8.96398e+01   5.48698e-02   5.48698e-04  -6.26682e+05
   6  p5           7.21771e+00   9.65011e-03   9.65011e-05   2.00315e+01
   7  p6           0.00000e+00   8.00000e+00   8.00000e-02  -3.40861e-03
   8  p7           7.40832e-01     fixed    
   9  p8           2.93696e-02     fixed    
  10  p9           0.00000e+00   1.00000e+00   1.00000e-02  -1.37997e-01
  11  p10          0.00000e+00   1.00000e+00   1.00000e-02  -8.17572e-01
  12  p11          0.00000e+00     fixed    
                               ERR DEF= 0.5
338
fit result:33.2955 33.2955
The local date and time is: Mon Apr 28 02:10:26 2014

Pseudo exp:17
The local date and time is: Mon Apr 28 02:10:26 2014

cout:572
_cout:3127
true_yield:42
Start pseudo exp fit:17
The local date and time is: Mon Apr 28 02:10:30 2014

 FCN=22.8766 FROM HESSE     STATUS=RESET          30 CALLS         570 TOTAL
                     EDM=5.64062e-07    STRATEGY= 1  ERROR MATRIX UNCERTAINTY 100.0 per cent
  EXT PARAMETER                APPROXIMATE        STEP         FIRST   
  NO.   NAME      VALUE            ERROR          SIZE      DERIVATIVE 
   1  p0           8.08307e-01   1.61668e-01   1.61668e-03   3.33989e+00
   2  p1           5.36732e+00   3.86662e-03   3.86662e-05   1.64662e+02
   3  p2           1.17656e-02     fixed    
   4  p3           3.32488e+01   3.39920e-01   3.39920e-03  -1.93959e+00
   5  p4          -3.65794e+00   6.06036e-02   6.06036e-04  -2.53404e+04
   6  p5          -2.30080e-01   1.07486e-02   1.07486e-04   1.79844e+01
   7  p6           0.00000e+00   2.40000e+00   2.40000e-02  -1.13620e-02
   8  p7           7.40832e-01     fixed    
   9  p8           2.93696e-02     fixed    
  10  p9           0.00000e+00   1.00000e+00   1.00000e-02  -1.37997e-01
  11  p10          0.00000e+00   1.00000e+00   1.00000e-02  -8.17572e-01
  12  p11          0.00000e+00     fixed    
                               ERR DEF= 0.5
348
fit result:40.4154 40.4154
The local date and time is: Mon Apr 28 02:10:30 2014

Pseudo exp:18
The local date and time is: Mon Apr 28 02:10:30 2014

cout:572
_cout:3208
true_yield:50
Start pseudo exp fit:18
The local date and time is: Mon Apr 28 02:10:34 2014

 FCN=10.6618 FROM HESSE     STATUS=RESET          30 CALLS         507 TOTAL
                     EDM=1.18048e-07    STRATEGY= 1  ERROR MATRIX UNCERTAINTY 100.0 per cent
  EXT PARAMETER                APPROXIMATE        STEP         FIRST   
  NO.   NAME      VALUE            ERROR          SIZE      DERIVATIVE 
   1  p0           8.20094e-01   1.65355e-01   1.65355e-03   3.26540e+00
   2  p1           5.37624e+00   3.52741e-03   3.52741e-05   1.80497e+02
   3  p2           1.17656e-02     fixed    
   4  p3           4.10483e+01   3.14736e-01   3.14736e-03  -2.09479e+00
   5  p4          -3.21359e+00   5.54901e-02   5.54901e-04  -2.43245e+04
   6  p5          -5.62847e-01   9.73705e-03   9.73705e-05   1.98527e+01
   7  p6           0.00000e+00   2.40000e+00   2.40000e-02  -1.13620e-02
   8  p7           7.40832e-01     fixed    
   9  p8           2.93696e-02     fixed    
  10  p9           0.00000e+00   1.00000e+00   1.00000e-02  -1.37997e-01
  11  p10          0.00000e+00   1.00000e+00   1.00000e-02  -8.17572e-01
  12  p11          0.00000e+00     fixed    
                               ERR DEF= 0.5
356
fit result:41.0047 41.0047
The local date and time is: Mon Apr 28 02:10:34 2014

Pseudo exp:19
The local date and time is: Mon Apr 28 02:10:34 2014

cout:572
_cout:3061
true_yield:61
Start pseudo exp fit:19
The local date and time is: Mon Apr 28 02:10:38 2014

 FCN=20.8173 FROM SIMPLEX   STATUS=RESET        1170 CALLS        4049 TOTAL
                     EDM=7.38402e-07    STRATEGY= 1  ERROR MATRIX UNCERTAINTY  50.0 per cent
  EXT PARAMETER                APPROXIMATE        STEP         FIRST   
  NO.   NAME      VALUE            ERROR          SIZE      DERIVATIVE 
   1  p0           1.07966e+00   1.83630e-01   1.83630e-03  -1.50346e+02
   2  p1           5.37642e+00   2.88361e-03   2.88361e-05   1.41414e+06
   3  p2           1.17656e-02     fixed    
   4  p3           2.82091e+01   3.40018e+00   3.40018e-02  -1.18390e+05
   5  p4          -4.99907e-04   2.11580e+01   2.11580e-01  -6.13356e+05
   6  p5          -7.23479e-01   1.09409e-01   1.09409e-03  -3.84015e+06
   7  p6           0.00000e+00   1.22475e+00   1.22475e-02  -3.17405e+01
   8  p7           7.40832e-01     fixed    
   9  p8           2.93696e-02     fixed    
  10  p9           0.00000e+00   1.22475e+00   1.22475e-02   1.44328e+01
  11  p10          0.00000e+00   1.22475e+00   1.22475e-02  -5.04149e-01
  12  p11          0.00000e+00     fixed    
                               ERR DEF= 0.5
367
fit result:53.983 53.983
The local date and time is: Mon Apr 28 02:10:38 2014

