/export/data1/condor/execute/dir_32448
gcc (GCC) 4.6.2
Copyright (C) 2011 Free Software Foundation, Inc.
This is free software; see the source for copying conditions.  There is NO
warranty; not even for MERCHANTABILITY or FITNESS FOR A PARTICULAR PURPOSE.

5.32/00
Linux version 2.6.32-358.el6.x86_64 (mockbuild@sl6.fnal.gov) (gcc version 4.4.7 20120313 (Red Hat 4.4.7-3) (GCC) ) #1 SMP Fri Feb 22 20:37:17 CST 2013

Processing fitBs.C(31)...
The local date and time is: Mon Apr 28 02:02:47 2014

 FCN=51.09 FROM HESSE     STATUS=RESET          35 CALLS         818 TOTAL
                     EDM=1.74677e-07    STRATEGY= 1  ERROR MATRIX UNCERTAINTY 100.0 per cent
  EXT PARAMETER                APPROXIMATE        STEP         FIRST   
  NO.   NAME      VALUE            ERROR          SIZE      DERIVATIVE 
   1  p0           1.46834e+02   1.71547e+00   1.71547e-02   3.14754e-01
   2  p1           5.36991e+00   1.80509e-04   1.80509e-06   3.52717e+03
   3  p2           1.17656e-02   1.36451e-04   1.36451e-06  -3.26142e-01
   4  p3           1.28682e+01   1.57196e-01   1.57196e-03  -2.68056e+00
   5  p4          -2.04693e-02   2.71701e-02   2.71701e-04   1.45628e+02
   6  p5          -3.51569e-01   4.68012e-03   4.68012e-05  -5.82654e+00
   7  p6           0.00000e+00   2.82843e+00   2.82843e-02  -4.87893e-02
   8  p7           7.40832e-01   1.00098e-02   1.00098e-04  -1.55201e+01
   9  p8           2.93696e-02   6.11333e-04   6.11333e-06   5.60321e-01
  10  p9           0.00000e+00   1.00000e+00   1.00000e-02   2.81800e-02
  11  p10          0.00000e+00   1.00000e+00   1.00000e-02   4.32797e-01
  12  p11          0.00000e+00     fixed    
                               ERR DEF= 0.5
 FCN=19.702 FROM HESSE     STATUS=RESET          30 CALLS         507 TOTAL
                     EDM=3.56714e-09    STRATEGY= 1  ERROR MATRIX UNCERTAINTY 100.0 per cent
  EXT PARAMETER                APPROXIMATE        STEP         FIRST   
  NO.   NAME      VALUE            ERROR          SIZE      DERIVATIVE 
   1  p0           8.80688e-01   1.62070e-01   1.62070e-03   3.33161e+00
   2  p1           5.37091e+00   2.64329e-03   2.64329e-05   2.40869e+02
   3  p2           1.17656e-02     fixed    
   4  p3           1.07018e+02   3.23872e-01   3.23872e-03  -2.03570e+00
   5  p4          -2.82726e+01   5.74207e-02   5.74207e-04  -2.01608e+05
   6  p5           1.80062e+00   1.01328e-02   1.01328e-04   1.90773e+01
   7  p6           0.00000e+00   5.65685e+00   5.65685e-02  -4.82050e-03
   8  p7           7.40832e-01     fixed    
   9  p8           2.93696e-02     fixed    
  10  p9           0.00000e+00   1.00000e+00   1.00000e-02  -1.37997e-01
  11  p10          0.00000e+00   1.00000e+00   1.00000e-02  -8.17572e-01
  12  p11          0.00000e+00     fixed    
                               ERR DEF= 0.5
351
fit result:44.0344 44.0344
The local date and time is: Mon Apr 28 02:04:24 2014

Got Nsig:558/44.0344
Got extracted:44.0344
Pseudo exp:0
The local date and time is: Mon Apr 28 02:04:24 2014

cout:558
_cout:3111
true_yield:52
Start pseudo exp fit:0
The local date and time is: Mon Apr 28 02:04:27 2014

 FCN=37.9062 FROM HESSE     STATUS=RESET          30 CALLS         507 TOTAL
                     EDM=8.8712e-07    STRATEGY= 1  ERROR MATRIX UNCERTAINTY 100.0 per cent
  EXT PARAMETER                APPROXIMATE        STEP         FIRST   
  NO.   NAME      VALUE            ERROR          SIZE      DERIVATIVE 
   1  p0           9.85285e-01   1.76629e-01   1.76629e-03   3.05698e+00
   2  p1           5.36851e+00   3.87544e-03   3.87544e-05   1.64287e+02
   3  p2           1.17656e-02     fixed    
   4  p3           2.47893e+02   3.08738e-01   3.08738e-03  -2.13548e+00
   5  p4          -7.75565e+01   5.43887e-02   5.43887e-04  -5.54263e+05
   6  p5           6.09365e+00   9.53742e-03   9.53742e-05   2.02682e+01
   7  p6           0.00000e+00   4.31180e+01   4.31180e-01  -6.32425e-04
   8  p7           7.40832e-01     fixed    
   9  p8           2.93696e-02     fixed    
  10  p9           0.00000e+00   1.00000e+00   1.00000e-02  -1.37997e-01
  11  p10          0.00000e+00   1.00000e+00   1.00000e-02  -8.17572e-01
  12  p11          0.00000e+00     fixed    
                               ERR DEF= 0.5
358
fit result:49.2643 49.2643
The local date and time is: Mon Apr 28 02:04:28 2014

Pseudo exp:1
The local date and time is: Mon Apr 28 02:04:28 2014

cout:558
_cout:3049
true_yield:46
Start pseudo exp fit:1
The local date and time is: Mon Apr 28 02:04:31 2014

 FCN=22.4885 FROM HESSE     STATUS=RESET          30 CALLS         507 TOTAL
                     EDM=6.683e-07    STRATEGY= 1  ERROR MATRIX UNCERTAINTY 100.0 per cent
  EXT PARAMETER                APPROXIMATE        STEP         FIRST   
  NO.   NAME      VALUE            ERROR          SIZE      DERIVATIVE 
   1  p0           8.33311e-01   1.63221e-01   1.63221e-03   3.30810e+00
   2  p1           5.36774e+00   3.40825e-03   3.40825e-05   1.86807e+02
   3  p2           1.17656e-02     fixed    
   4  p3           1.48191e+02   3.38851e-01   3.38851e-03  -1.94571e+00
   5  p4          -4.45564e+01   6.03869e-02   6.03869e-04  -2.97056e+05
   6  p5           3.39833e+00   1.07102e-02   1.07102e-04   1.80489e+01
   7  p6           0.00000e+00   5.65685e+00   5.65685e-02  -4.82050e-03
   8  p7           7.40832e-01     fixed    
   9  p8           2.93696e-02     fixed    
  10  p9           0.00000e+00   1.00000e+00   1.00000e-02  -1.37997e-01
  11  p10          0.00000e+00   1.00000e+00   1.00000e-02  -8.17572e-01
  12  p11          0.00000e+00     fixed    
                               ERR DEF= 0.5
352
fit result:41.6655 41.6655
The local date and time is: Mon Apr 28 02:04:32 2014

Pseudo exp:2
The local date and time is: Mon Apr 28 02:04:32 2014

cout:558
_cout:3035
true_yield:32
Start pseudo exp fit:2
The local date and time is: Mon Apr 28 02:04:35 2014

 FCN=24.1251 FROM MIGRAD    STATUS=CALL LIMIT   2926 CALLS        2927 TOTAL
                     EDM=2.78064e-05    STRATEGY= 1  ERROR MATRIX UNCERTAINTY  14.0 per cent
  EXT PARAMETER                APPROXIMATE        STEP         FIRST   
  NO.   NAME      VALUE            ERROR          SIZE      DERIVATIVE 
   1  p0           7.32885e-01   1.60081e-01  -4.21047e-06  -2.98693e-03
   2  p1           5.37247e+00   4.18927e-03   3.40157e-08  -1.58139e-01
   3  p2           1.17656e-02     fixed    
   4  p3           2.89547e+01   3.90870e+00  -7.51908e-03  -1.66185e-02
   5  p4          -2.37476e-02   5.21131e+00   5.59256e-04  -4.87447e-01
   6  p5          -7.51631e-01   1.21292e-01  -2.77197e-04  -5.29359e-01
   7  p6           0.00000e+00   1.00000e+00  -0.00000e+00   0.00000e+00
   8  p7           7.40832e-01     fixed    
   9  p8           2.93696e-02     fixed    
  10  p9           0.00000e+00   1.00000e+00  -0.00000e+00   0.00000e+00
  11  p10          0.00000e+00   1.00000e+00  -0.00000e+00   0.00000e+00
  12  p11          0.00000e+00     fixed    
                               ERR DEF= 0.5
338
fit result:36.6442 36.6442
The local date and time is: Mon Apr 28 02:04:36 2014

Pseudo exp:3
The local date and time is: Mon Apr 28 02:04:36 2014

cout:558
_cout:3270
true_yield:60
Start pseudo exp fit:3
The local date and time is: Mon Apr 28 02:04:39 2014

 FCN=26.4958 FROM HESSE     STATUS=RESET          30 CALLS         506 TOTAL
                     EDM=2.47614e-07    STRATEGY= 1  ERROR MATRIX UNCERTAINTY 100.0 per cent
  EXT PARAMETER                APPROXIMATE        STEP         FIRST   
  NO.   NAME      VALUE            ERROR          SIZE      DERIVATIVE 
   1  p0           1.20390e+00   1.83040e-01   1.83040e-03   2.94991e+00
   2  p1           5.36810e+00   2.22555e-03   2.22555e-05   2.86081e+02
   3  p2           1.17656e-02     fixed    
   4  p3           1.70701e+02   3.24149e-01   3.24149e-03  -2.03396e+00
   5  p4          -5.13704e+01   5.74505e-02   5.74505e-04  -3.57423e+05
   6  p5           3.88833e+00   1.01341e-02   1.01341e-04   1.90749e+01
   7  p6           0.00000e+00   2.71988e+02   2.71988e+00  -1.00258e-04
   8  p7           7.40832e-01     fixed    
   9  p8           2.93696e-02     fixed    
  10  p9           0.00000e+00   1.00000e+00   1.00000e-02  -1.37997e-01
  11  p10          0.00000e+00   1.00000e+00   1.00000e-02  -8.17572e-01
  12  p11          0.00000e+00     fixed    
                               ERR DEF= 0.5
366
fit result:60.195 60.195
The local date and time is: Mon Apr 28 02:04:40 2014

Pseudo exp:4
The local date and time is: Mon Apr 28 02:04:40 2014

cout:558
_cout:3248
true_yield:51
Start pseudo exp fit:4
The local date and time is: Mon Apr 28 02:04:43 2014

 FCN=16.8885 FROM HESSE     STATUS=RESET          30 CALLS         507 TOTAL
                     EDM=1.11116e-07    STRATEGY= 1  ERROR MATRIX UNCERTAINTY 100.0 per cent
  EXT PARAMETER                APPROXIMATE        STEP         FIRST   
  NO.   NAME      VALUE            ERROR          SIZE      DERIVATIVE 
   1  p0           1.13343e+00   1.83611e-01   1.83611e-03   2.94073e+00
   2  p1           5.36760e+00   3.34800e-03   3.34800e-05   1.90169e+02
   3  p2           1.17656e-02     fixed    
   4  p3           3.19147e+02   3.20753e-01   3.20753e-03  -2.05549e+00
   5  p4          -1.05016e+02   5.68931e-02   5.68931e-04  -6.96109e+05
   6  p5           8.71798e+00   1.00477e-02   1.00477e-04   1.92389e+01
   7  p6           0.00000e+00   8.32366e+01   8.32366e-01  -3.27607e-04
   8  p7           7.40832e-01     fixed    
   9  p8           2.93696e-02     fixed    
  10  p9           0.00000e+00   1.00000e+00   1.00000e-02  -1.37997e-01
  11  p10          0.00000e+00   1.00000e+00   1.00000e-02  -8.17572e-01
  12  p11          0.00000e+00     fixed    
                               ERR DEF= 0.5
357
fit result:56.6714 56.6714
The local date and time is: Mon Apr 28 02:04:44 2014

Pseudo exp:5
The local date and time is: Mon Apr 28 02:04:44 2014

cout:558
_cout:2781
true_yield:56
Start pseudo exp fit:5
The local date and time is: Mon Apr 28 02:04:47 2014

 FCN=25.8286 FROM HESSE     STATUS=RESET          30 CALLS         534 TOTAL
                     EDM=6.14796e-06    STRATEGY= 1  ERROR MATRIX UNCERTAINTY 100.0 per cent
  EXT PARAMETER                APPROXIMATE        STEP         FIRST   
  NO.   NAME      VALUE            ERROR          SIZE      DERIVATIVE 
   1  p0           9.50016e-01   1.73975e-01   1.73975e-03   3.10362e+00
   2  p1           5.36664e+00   3.58683e-03   3.58683e-05   1.77506e+02
   3  p2           1.17656e-02     fixed    
   4  p3           3.13019e+01   3.15500e-01   3.15500e-03  -2.08971e+00
   5  p4          -2.49245e-05   1.23866e+01   1.23866e-01** at limit **
   6  p5          -8.24587e-01   9.74699e-03   9.74699e-05   1.98325e+01
   7  p6           0.00000e+00   1.00000e+00   1.00000e-02  -2.72689e-02
   8  p7           7.40832e-01     fixed    
   9  p8           2.93696e-02     fixed    
  10  p9           0.00000e+00   1.00000e+00   1.00000e-02  -1.37997e-01
  11  p10          0.00000e+00   1.00000e+00   1.00000e-02  -8.17572e-01
  12  p11          0.00000e+00     fixed    
                               ERR DEF= 0.5
362
fit result:47.5008 47.5008
The local date and time is: Mon Apr 28 02:04:47 2014

Pseudo exp:6
The local date and time is: Mon Apr 28 02:04:47 2014

cout:558
_cout:3148
true_yield:40
Start pseudo exp fit:6
The local date and time is: Mon Apr 28 02:04:51 2014

 FCN=28.1263 FROM HESSE     STATUS=RESET          30 CALLS         507 TOTAL
                     EDM=4.76415e-08    STRATEGY= 1  ERROR MATRIX UNCERTAINTY 100.0 per cent
  EXT PARAMETER                APPROXIMATE        STEP         FIRST   
  NO.   NAME      VALUE            ERROR          SIZE      DERIVATIVE 
   1  p0           8.65432e-01   1.64643e-01   1.64643e-03   3.27953e+00
   2  p1           5.37069e+00   3.51234e-03   3.51234e-05   1.81271e+02
   3  p2           1.17656e-02     fixed    
   4  p3           1.74135e+02   3.40014e-01   3.40014e-03  -1.93905e+00
   5  p4          -5.50307e+01   6.07291e-02   6.07291e-04  -3.60822e+05
   6  p5           4.43706e+00   1.07935e-02   1.07935e-04   1.79096e+01
   7  p6           0.00000e+00   8.00000e+00   8.00000e-02  -3.40861e-03
   8  p7           7.40832e-01     fixed    
   9  p8           2.93696e-02     fixed    
  10  p9           0.00000e+00   1.00000e+00   1.00000e-02  -1.37997e-01
  11  p10          0.00000e+00   1.00000e+00   1.00000e-02  -8.17572e-01
  12  p11          0.00000e+00     fixed    
                               ERR DEF= 0.5
346
fit result:43.2716 43.2716
The local date and time is: Mon Apr 28 02:04:51 2014

Pseudo exp:7
The local date and time is: Mon Apr 28 02:04:51 2014

cout:558
_cout:3173
true_yield:47
Start pseudo exp fit:7
The local date and time is: Mon Apr 28 02:04:55 2014

 FCN=19.4303 FROM HESSE     STATUS=RESET          30 CALLS         507 TOTAL
                     EDM=9.03098e-09    STRATEGY= 1  ERROR MATRIX UNCERTAINTY 100.0 per cent
  EXT PARAMETER                APPROXIMATE        STEP         FIRST   
  NO.   NAME      VALUE            ERROR          SIZE      DERIVATIVE 
   1  p0           7.56566e-01   1.56762e-01   1.56762e-03   3.44440e+00
   2  p1           5.37744e+00   3.00296e-03   3.00296e-05   2.12019e+02
   3  p2           1.17656e-02     fixed    
   4  p3           1.22858e+02   3.14929e-01   3.14929e-03  -2.09350e+00
   5  p4          -3.25030e+01   5.55907e-02   5.55907e-04  -2.38362e+05
   6  p5           2.05100e+00   9.76881e-03   9.76881e-05   1.97882e+01
   7  p6           0.00000e+00   5.65685e+00   5.65685e-02  -4.82050e-03
   8  p7           7.40832e-01     fixed    
   9  p8           2.93696e-02     fixed    
  10  p9           0.00000e+00   1.00000e+00   1.00000e-02  -1.37997e-01
  11  p10          0.00000e+00   1.00000e+00   1.00000e-02  -8.17572e-01
  12  p11          0.00000e+00     fixed    
                               ERR DEF= 0.5
353
fit result:37.8283 37.8283
The local date and time is: Mon Apr 28 02:04:55 2014

Pseudo exp:8
The local date and time is: Mon Apr 28 02:04:55 2014

cout:558
_cout:2954
true_yield:47
Start pseudo exp fit:8
The local date and time is: Mon Apr 28 02:04:59 2014

 FCN=38.1826 FROM HESSE     STATUS=RESET          30 CALLS         507 TOTAL
                     EDM=6.39617e-08    STRATEGY= 1  ERROR MATRIX UNCERTAINTY 100.0 per cent
  EXT PARAMETER                APPROXIMATE        STEP         FIRST   
  NO.   NAME      VALUE            ERROR          SIZE      DERIVATIVE 
   1  p0           8.32105e-01   1.61733e-01   1.61733e-03   3.33854e+00
   2  p1           5.37516e+00   2.88373e-03   2.88373e-05   2.20785e+02
   3  p2           1.17656e-02     fixed    
   4  p3           1.71961e+02   3.17327e-01   3.17327e-03  -2.07769e+00
   5  p4          -5.05824e+01   5.61289e-02   5.61289e-04  -3.60526e+05
   6  p5           3.70781e+00   9.88561e-03   9.88561e-05   1.95543e+01
   7  p6           0.00000e+00   6.21381e+02   6.21381e+00  -4.38844e-05
   8  p7           7.40832e-01     fixed    
   9  p8           2.93696e-02     fixed    
  10  p9           0.00000e+00   1.00000e+00   1.00000e-02  -1.37997e-01
  11  p10          0.00000e+00   1.00000e+00   1.00000e-02  -8.17572e-01
  12  p11          0.00000e+00     fixed    
                               ERR DEF= 0.5
353
fit result:41.6052 41.6053
The local date and time is: Mon Apr 28 02:04:59 2014

Pseudo exp:9
The local date and time is: Mon Apr 28 02:04:59 2014

cout:558
_cout:3198
true_yield:48
Start pseudo exp fit:9
The local date and time is: Mon Apr 28 02:05:03 2014

 FCN=18.815 FROM HESSE     STATUS=RESET          30 CALLS         529 TOTAL
                     EDM=7.5295e-08    STRATEGY= 1  ERROR MATRIX UNCERTAINTY 100.0 per cent
  EXT PARAMETER                APPROXIMATE        STEP         FIRST   
  NO.   NAME      VALUE            ERROR          SIZE      DERIVATIVE 
   1  p0           9.30290e-01   1.70766e-01   1.70766e-03   3.16194e+00
   2  p1           5.37048e+00   3.30152e-03   3.30152e-05   1.92846e+02
   3  p2           1.17656e-02     fixed    
   4  p3           2.74998e+01   3.28562e-01   3.28562e-03  -2.00664e+00
   5  p4          -3.35023e-07   1.64548e+01   1.64548e-01** at limit **
   6  p5          -7.03895e-01   1.02947e-02   1.02947e-04   1.87773e+01
   7  p6           0.00000e+00   5.65685e+00   5.65685e-02  -4.82050e-03
   8  p7           7.40832e-01     fixed    
   9  p8           2.93696e-02     fixed    
  10  p9           0.00000e+00   1.00000e+00   1.00000e-02  -1.37997e-01
  11  p10          0.00000e+00   1.00000e+00   1.00000e-02  -8.17572e-01
  12  p11          0.00000e+00     fixed    
                               ERR DEF= 0.5
354
fit result:46.5145 46.5145
The local date and time is: Mon Apr 28 02:05:03 2014

Pseudo exp:10
The local date and time is: Mon Apr 28 02:05:03 2014

cout:558
_cout:3175
true_yield:43
Start pseudo exp fit:10
The local date and time is: Mon Apr 28 02:05:07 2014

 FCN=19.0963 FROM HESSE     STATUS=RESET          30 CALLS         552 TOTAL
                     EDM=3.09874e-07    STRATEGY= 1  ERROR MATRIX UNCERTAINTY 100.0 per cent
  EXT PARAMETER                APPROXIMATE        STEP         FIRST   
  NO.   NAME      VALUE            ERROR          SIZE      DERIVATIVE 
   1  p0           9.26366e-01   1.70765e-01   1.70765e-03   3.16196e+00
   2  p1           5.37562e+00   3.35532e-03   3.35532e-05   1.89754e+02
   3  p2           1.17656e-02     fixed    
   4  p3           5.90135e+01   3.30546e-01   3.30546e-03  -1.99459e+00
   5  p4          -1.19765e+01   5.87610e-02   5.87610e-04  -8.48544e+04
   6  p5           4.25678e-01   1.03951e-02   1.03951e-04   1.85959e+01
   7  p6           0.00000e+00   2.00000e+00   2.00000e-02  -1.36344e-02
   8  p7           7.40832e-01     fixed    
   9  p8           2.93696e-02     fixed    
  10  p9           0.00000e+00   1.00000e+00   1.00000e-02  -1.37997e-01
  11  p10          0.00000e+00   1.00000e+00   1.00000e-02  -8.17572e-01
  12  p11          0.00000e+00     fixed    
                               ERR DEF= 0.5
349
fit result:46.3183 46.3183
The local date and time is: Mon Apr 28 02:05:07 2014

Pseudo exp:11
The local date and time is: Mon Apr 28 02:05:07 2014

cout:558
_cout:3280
true_yield:49
Start pseudo exp fit:11
The local date and time is: Mon Apr 28 02:05:11 2014

 FCN=17.7247 FROM HESSE     STATUS=RESET          30 CALLS         549 TOTAL
                     EDM=5.48179e-07    STRATEGY= 1  ERROR MATRIX UNCERTAINTY 100.0 per cent
  EXT PARAMETER                APPROXIMATE        STEP         FIRST   
  NO.   NAME      VALUE            ERROR          SIZE      DERIVATIVE 
   1  p0           9.52965e-01   1.74284e-01   1.74284e-03   3.09811e+00
   2  p1           5.36986e+00   4.19518e-03   4.19518e-05   1.51766e+02
   3  p2           1.17656e-02     fixed    
   4  p3           2.04844e+02   3.37043e-01   3.37043e-03  -1.95614e+00
   5  p4          -6.49781e+01   6.00400e-02   6.00400e-04  -4.26398e+05
   6  p5           5.23157e+00   1.06459e-02   1.06459e-04   1.81579e+01
   7  p6           0.00000e+00   8.00000e+00   8.00000e-02  -3.40861e-03
   8  p7           7.40832e-01     fixed    
   9  p8           2.93696e-02     fixed    
  10  p9           0.00000e+00   1.00000e+00   1.00000e-02  -1.37997e-01
  11  p10          0.00000e+00   1.00000e+00   1.00000e-02  -8.17572e-01
  12  p11          0.00000e+00     fixed    
                               ERR DEF= 0.5
355
fit result:47.6482 47.6483
The local date and time is: Mon Apr 28 02:05:11 2014

Pseudo exp:12
The local date and time is: Mon Apr 28 02:05:11 2014

cout:558
_cout:3123
true_yield:56
Start pseudo exp fit:12
The local date and time is: Mon Apr 28 02:05:15 2014

 FCN=15.6388 FROM HESSE     STATUS=RESET          30 CALLS         507 TOTAL
                     EDM=1.40545e-08    STRATEGY= 1  ERROR MATRIX UNCERTAINTY 100.0 per cent
  EXT PARAMETER                APPROXIMATE        STEP         FIRST   
  NO.   NAME      VALUE            ERROR          SIZE      DERIVATIVE 
   1  p0           9.04549e-01   1.70071e-01   1.70071e-03   3.17485e+00
   2  p1           5.37063e+00   3.72780e-03   3.72780e-05   1.70794e+02
   3  p2           1.17656e-02     fixed    
   4  p3           1.50117e+02   3.46050e-01   3.46050e-03  -1.90523e+00
   5  p4          -4.56459e+01   6.17409e-02   6.17409e-04  -2.97307e+05
   6  p5           3.53635e+00   1.09616e-02   1.09616e-04   1.76348e+01
   7  p6           0.00000e+00   5.65685e+00   5.65685e-02  -4.82050e-03
   8  p7           7.40832e-01     fixed    
   9  p8           2.93696e-02     fixed    
  10  p9           0.00000e+00   1.00000e+00   1.00000e-02  -1.37997e-01
  11  p10          0.00000e+00   1.00000e+00   1.00000e-02  -8.17572e-01
  12  p11          0.00000e+00     fixed    
                               ERR DEF= 0.5
362
fit result:45.2274 45.2275
The local date and time is: Mon Apr 28 02:05:15 2014

Pseudo exp:13
The local date and time is: Mon Apr 28 02:05:15 2014

cout:558
_cout:3340
true_yield:44
Start pseudo exp fit:13
The local date and time is: Mon Apr 28 02:05:19 2014

 FCN=23.4272 FROM HESSE     STATUS=RESET          30 CALLS         570 TOTAL
                     EDM=5.59408e-07    STRATEGY= 1  ERROR MATRIX UNCERTAINTY 100.0 per cent
  EXT PARAMETER                APPROXIMATE        STEP         FIRST   
  NO.   NAME      VALUE            ERROR          SIZE      DERIVATIVE 
   1  p0           9.20629e-01   1.69341e-01   1.69341e-03   3.18856e+00
   2  p1           5.37064e+00   2.98157e-03   2.98157e-05   2.13541e+02
   3  p2           1.17656e-02     fixed    
   4  p3           4.13670e+01   3.08445e-01   3.08445e-03  -2.13751e+00
   5  p4          -3.54272e+00   5.43839e-02   5.43839e-04  -2.73522e+04
   6  p5          -5.20925e-01   9.54495e-03   9.54495e-05   2.02523e+01
   7  p6           0.00000e+00   2.00000e+00   2.00000e-02  -1.36344e-02
   8  p7           7.40832e-01     fixed    
   9  p8           2.93696e-02     fixed    
  10  p9           0.00000e+00   1.00000e+00   1.00000e-02  -1.37997e-01
  11  p10          0.00000e+00   1.00000e+00   1.00000e-02  -8.17572e-01
  12  p11          0.00000e+00     fixed    
                               ERR DEF= 0.5
350
fit result:46.0315 46.0315
The local date and time is: Mon Apr 28 02:05:19 2014

Pseudo exp:14
The local date and time is: Mon Apr 28 02:05:19 2014

cout:558
_cout:3176
true_yield:44
Start pseudo exp fit:14
The local date and time is: Mon Apr 28 02:05:23 2014

 FCN=28.5968 FROM HESSE     STATUS=RESET          30 CALLS         507 TOTAL
                     EDM=3.05528e-07    STRATEGY= 1  ERROR MATRIX UNCERTAINTY 100.0 per cent
  EXT PARAMETER                APPROXIMATE        STEP         FIRST   
  NO.   NAME      VALUE            ERROR          SIZE      DERIVATIVE 
   1  p0           1.04972e+00   1.72060e-01   1.72060e-03   3.13817e+00
   2  p1           5.36638e+00   2.48818e-03   2.48818e-05   2.55884e+02
   3  p2           1.17656e-02     fixed    
   4  p3           4.67170e+02   3.29366e-01   3.29366e-03  -2.00174e+00
   5  p4          -1.60412e+02   5.87641e-02   5.87641e-04  -9.65736e+05
   6  p5           1.38802e+01   1.04378e-02   1.04378e-04   1.85199e+01
   7  p6           0.00000e+00   8.00000e+00   8.00000e-02  -3.40861e-03
   8  p7           7.40832e-01     fixed    
   9  p8           2.93696e-02     fixed    
  10  p9           0.00000e+00   1.00000e+00   1.00000e-02  -1.37997e-01
  11  p10          0.00000e+00   1.00000e+00   1.00000e-02  -8.17572e-01
  12  p11          0.00000e+00     fixed    
                               ERR DEF= 0.5
350
fit result:52.4861 52.4861
The local date and time is: Mon Apr 28 02:05:23 2014

Pseudo exp:15
The local date and time is: Mon Apr 28 02:05:23 2014

cout:558
_cout:2949
true_yield:44
Start pseudo exp fit:15
The local date and time is: Mon Apr 28 02:05:27 2014

 FCN=28.3514 FROM HESSE     STATUS=RESET          30 CALLS         547 TOTAL
                     EDM=7.7225e-07    STRATEGY= 1  ERROR MATRIX UNCERTAINTY 100.0 per cent
  EXT PARAMETER                APPROXIMATE        STEP         FIRST   
  NO.   NAME      VALUE            ERROR          SIZE      DERIVATIVE 
   1  p0           7.49887e-01   1.59567e-01   1.59567e-03   3.38386e+00
   2  p1           5.37651e+00   3.65052e-03   3.65052e-05   1.74409e+02
   3  p2           1.17656e-02     fixed    
   4  p3           3.06871e+01   3.23869e-01   3.23869e-03  -2.03571e+00
   5  p4          -7.98643e-05   4.81502e+00   4.81502e-02** at limit **
   6  p5          -8.05583e-01   1.01228e-02   1.01228e-04   1.90962e+01
   7  p6           0.00000e+00   2.00000e+00   2.00000e-02  -1.36344e-02
   8  p7           7.40832e-01     fixed    
   9  p8           2.93696e-02     fixed    
  10  p9           0.00000e+00   1.00000e+00   1.00000e-02  -1.37997e-01
  11  p10          0.00000e+00   1.00000e+00   1.00000e-02  -8.17572e-01
  12  p11          0.00000e+00     fixed    
                               ERR DEF= 0.5
350
fit result:37.4944 37.4944
The local date and time is: Mon Apr 28 02:05:27 2014

Pseudo exp:16
The local date and time is: Mon Apr 28 02:05:27 2014

cout:558
_cout:3055
true_yield:51
Start pseudo exp fit:16
The local date and time is: Mon Apr 28 02:05:31 2014

 FCN=25.4861 FROM HESSE     STATUS=RESET          30 CALLS         507 TOTAL
                     EDM=5.12662e-08    STRATEGY= 1  ERROR MATRIX UNCERTAINTY 100.0 per cent
  EXT PARAMETER                APPROXIMATE        STEP         FIRST   
  NO.   NAME      VALUE            ERROR          SIZE      DERIVATIVE 
   1  p0           9.47526e-01   1.75636e-01   1.75636e-03   3.07426e+00
   2  p1           5.37766e+00   3.83018e-03   3.83018e-05   1.66229e+02
   3  p2           1.17656e-02     fixed    
   4  p3           2.65830e+02   3.12895e-01   3.12895e-03  -2.10711e+00
   5  p4          -8.41926e+01   5.52200e-02   5.52200e-04  -5.88366e+05
   6  p5           6.70625e+00   9.70180e-03   9.70180e-05   1.99248e+01
   7  p6           0.00000e+00   5.65685e+00   5.65685e-02  -4.82050e-03
   8  p7           7.40832e-01     fixed    
   9  p8           2.93696e-02     fixed    
  10  p9           0.00000e+00   1.00000e+00   1.00000e-02  -1.37997e-01
  11  p10          0.00000e+00   1.00000e+00   1.00000e-02  -8.17572e-01
  12  p11          0.00000e+00     fixed    
                               ERR DEF= 0.5
357
fit result:47.3763 47.3763
The local date and time is: Mon Apr 28 02:05:31 2014

Pseudo exp:17
The local date and time is: Mon Apr 28 02:05:31 2014

cout:558
_cout:3154
true_yield:49
Start pseudo exp fit:17
The local date and time is: Mon Apr 28 02:05:35 2014

 FCN=22.4248 FROM HESSE     STATUS=RESET          30 CALLS         507 TOTAL
                     EDM=1.17015e-07    STRATEGY= 1  ERROR MATRIX UNCERTAINTY 100.0 per cent
  EXT PARAMETER                APPROXIMATE        STEP         FIRST   
  NO.   NAME      VALUE            ERROR          SIZE      DERIVATIVE 
   1  p0           1.00245e+00   1.70352e-01   1.70352e-03   3.16963e+00
   2  p1           5.37375e+00   2.54805e-03   2.54805e-05   2.49872e+02
   3  p2           1.17656e-02     fixed    
   4  p3           9.86173e+01   3.39610e-01   3.39610e-03  -1.94136e+00
   5  p4          -2.74432e+01   6.05943e-02   6.05943e-04  -1.85603e+05
   6  p5           1.92579e+00   1.07568e-02   1.07568e-04   1.79706e+01
   7  p6           0.00000e+00   2.00000e+00   2.00000e-02  -1.36344e-02
   8  p7           7.40832e-01     fixed    
   9  p8           2.93696e-02     fixed    
  10  p9           0.00000e+00   1.00000e+00   1.00000e-02  -1.37997e-01
  11  p10          0.00000e+00   1.00000e+00   1.00000e-02  -8.17572e-01
  12  p11          0.00000e+00     fixed    
                               ERR DEF= 0.5
355
fit result:50.1225 50.1225
The local date and time is: Mon Apr 28 02:05:35 2014

Pseudo exp:18
The local date and time is: Mon Apr 28 02:05:35 2014

cout:558
_cout:3117
true_yield:45
Start pseudo exp fit:18
The local date and time is: Mon Apr 28 02:05:39 2014

 FCN=12.0718 FROM HESSE     STATUS=RESET          30 CALLS         507 TOTAL
                     EDM=2.65382e-08    STRATEGY= 1  ERROR MATRIX UNCERTAINTY 100.0 per cent
  EXT PARAMETER                APPROXIMATE        STEP         FIRST   
  NO.   NAME      VALUE            ERROR          SIZE      DERIVATIVE 
   1  p0           8.02592e-01   1.60573e-01   1.60573e-03   3.36266e+00
   2  p1           5.36684e+00   3.04234e-03   3.04234e-05   2.09275e+02
   3  p2           1.17656e-02     fixed    
   4  p3           4.07428e+01   3.13244e-01   3.13244e-03  -2.10477e+00
   5  p4          -3.32642e+00   5.52492e-02   5.52492e-04  -2.52854e+04
   6  p5          -5.35074e-01   9.69859e-03   9.69859e-05   1.99314e+01
   7  p6           0.00000e+00   2.40000e+00   2.40000e-02  -1.13620e-02
   8  p7           7.40832e-01     fixed    
   9  p8           2.93696e-02     fixed    
  10  p9           0.00000e+00   1.00000e+00   1.00000e-02  -1.37997e-01
  11  p10          0.00000e+00   1.00000e+00   1.00000e-02  -8.17572e-01
  12  p11          0.00000e+00     fixed    
                               ERR DEF= 0.5
351
fit result:40.1296 40.1296
The local date and time is: Mon Apr 28 02:05:39 2014

Pseudo exp:19
The local date and time is: Mon Apr 28 02:05:39 2014

cout:558
_cout:3253
true_yield:44
Start pseudo exp fit:19
The local date and time is: Mon Apr 28 02:05:43 2014

 FCN=21.2347 FROM MIGRAD    STATUS=CALL LIMIT   2939 CALLS        2940 TOTAL
                     EDM=0.00111772    STRATEGY= 1  ERROR MATRIX UNCERTAINTY  18.9 per cent
  EXT PARAMETER                APPROXIMATE        STEP         FIRST   
  NO.   NAME      VALUE            ERROR          SIZE      DERIVATIVE 
   1  p0           7.40711e-01   1.52293e-01   5.35466e-03   2.14701e-01
   2  p1           5.36507e+00   5.80333e-03  -1.58007e-05  -1.07790e+00
   3  p2           1.17656e-02     fixed    
   4  p3           3.20121e+01   1.16729e+01  -5.31604e-01  -1.35323e-02
   5  p4          -1.43193e+00   3.80860e+00   4.66561e-03  -3.10399e+00
   6  p5          -5.89314e-01   3.75049e-01  -1.52648e-02  -3.82320e-01
   7  p6           0.00000e+00   1.00000e+00  -0.00000e+00   0.00000e+00
   8  p7           7.40832e-01     fixed    
   9  p8           2.93696e-02     fixed    
  10  p9           0.00000e+00   1.00000e+00  -0.00000e+00   0.00000e+00
  11  p10          0.00000e+00   1.00000e+00  -0.00000e+00   0.00000e+00
  12  p11          0.00000e+00     fixed    
                               ERR DEF= 0.5
350
fit result:37.0355 37.0356
The local date and time is: Mon Apr 28 02:05:43 2014

