000 (263722.000.000) 04/26 03:18:07 Job submitted from host: <18.12.1.74:45694>
...
009 (263722.000.000) 04/26 03:18:32 Job was aborted by the user.
	via condor_rm (by user tawei)
...
000 (263772.000.000) 04/26 03:19:12 Job submitted from host: <18.12.1.74:45694>
...
001 (263772.000.000) 04/26 03:20:35 Job executing on host: <18.12.12.11:41679>
...
006 (263772.000.000) 04/26 03:20:44 Image size of job updated: 69572
	14  -  MemoryUsage of job (MB)
	13720  -  ResidentSetSize of job (KB)
...
006 (263772.000.000) 04/26 03:25:46 Image size of job updated: 315320
	166  -  MemoryUsage of job (MB)
	169664  -  ResidentSetSize of job (KB)
...
006 (263772.000.000) 04/26 03:25:56 Image size of job updated: 316092
	166  -  MemoryUsage of job (MB)
	169664  -  ResidentSetSize of job (KB)
...
005 (263772.000.000) 04/26 03:25:56 Job terminated.
	(1) Normal termination (return value 0)
		Usr 0 00:04:23, Sys 0 00:00:06  -  Run Remote Usage
		Usr 0 00:00:00, Sys 0 00:00:00  -  Run Local Usage
		Usr 0 00:04:23, Sys 0 00:00:06  -  Total Remote Usage
		Usr 0 00:00:00, Sys 0 00:00:00  -  Total Local Usage
	33515  -  Run Bytes Sent By Job
	32579  -  Run Bytes Received By Job
	33515  -  Total Bytes Sent By Job
	32579  -  Total Bytes Received By Job
	Partitionable Resources :    Usage  Request          
	   Cpus                 :                 1          
	   Disk (KB)            :      654      654          
	   Memory (MB)          :      166      166          
...
000 (263874.000.000) 04/26 04:01:34 Job submitted from host: <18.12.1.74:45694>
...
001 (263874.000.000) 04/26 04:02:38 Job executing on host: <18.12.8.75:45256>
...
006 (263874.000.000) 04/26 04:02:47 Image size of job updated: 71884
	16  -  MemoryUsage of job (MB)
	15572  -  ResidentSetSize of job (KB)
...
006 (263874.000.000) 04/26 04:07:48 Image size of job updated: 314588
	166  -  MemoryUsage of job (MB)
	169640  -  ResidentSetSize of job (KB)
...
006 (263874.000.000) 04/26 04:08:06 Image size of job updated: 315700
	166  -  MemoryUsage of job (MB)
	169640  -  ResidentSetSize of job (KB)
...
005 (263874.000.000) 04/26 04:08:06 Job terminated.
	(1) Normal termination (return value 0)
		Usr 0 00:04:19, Sys 0 00:00:11  -  Run Remote Usage
		Usr 0 00:00:00, Sys 0 00:00:00  -  Run Local Usage
		Usr 0 00:04:19, Sys 0 00:00:11  -  Total Remote Usage
		Usr 0 00:00:00, Sys 0 00:00:00  -  Total Local Usage
	32788  -  Run Bytes Sent By Job
	32607  -  Run Bytes Received By Job
	32788  -  Total Bytes Sent By Job
	32607  -  Total Bytes Received By Job
	Partitionable Resources :    Usage  Request          
	   Cpus                 :                 1          
	   Disk (KB)            :      590      590          
	   Memory (MB)          :      166      166          
...
000 (265231.000.000) 04/27 23:58:35 Job submitted from host: <18.12.1.74:45694>
...
009 (265231.000.000) 04/27 23:59:18 Job was aborted by the user.
	via condor_rm (by user tawei)
...
000 (265281.000.000) 04/27 23:59:28 Job submitted from host: <18.12.1.74:45694>
...
001 (265281.000.000) 04/27 23:59:39 Job executing on host: <18.12.8.207:42117>
...
006 (265281.000.000) 04/27 23:59:47 Image size of job updated: 1
	2  -  MemoryUsage of job (MB)
	1716  -  ResidentSetSize of job (KB)
...
006 (265281.000.000) 04/27 23:59:51 Image size of job updated: 79092
	2  -  MemoryUsage of job (MB)
	1716  -  ResidentSetSize of job (KB)
...
005 (265281.000.000) 04/27 23:59:51 Job terminated.
	(1) Normal termination (return value 1)
		Usr 0 00:00:00, Sys 0 00:00:00  -  Run Remote Usage
		Usr 0 00:00:00, Sys 0 00:00:00  -  Run Local Usage
		Usr 0 00:00:00, Sys 0 00:00:00  -  Total Remote Usage
		Usr 0 00:00:00, Sys 0 00:00:00  -  Total Local Usage
	1145  -  Run Bytes Sent By Job
	32875  -  Run Bytes Received By Job
	1145  -  Total Bytes Sent By Job
	32875  -  Total Bytes Received By Job
	Partitionable Resources :    Usage  Request          
	   Cpus                 :                 1          
	   Disk (KB)            :       56       56          
	   Memory (MB)          :        2        2          
...
000 (265539.000.000) 04/28 02:01:12 Job submitted from host: <18.12.1.74:45694>
...
001 (265539.000.000) 04/28 02:02:07 Job executing on host: <18.12.8.159:47446>
...
006 (265539.000.000) 04/28 02:02:15 Image size of job updated: 1
	2  -  MemoryUsage of job (MB)
	1700  -  ResidentSetSize of job (KB)
...
006 (265539.000.000) 04/28 02:07:15 Image size of job updated: 288572
	151  -  MemoryUsage of job (MB)
	153680  -  ResidentSetSize of job (KB)
...
006 (265539.000.000) 04/28 02:10:51 Image size of job updated: 315004
	151  -  MemoryUsage of job (MB)
	153680  -  ResidentSetSize of job (KB)
...
005 (265539.000.000) 04/28 02:10:51 Job terminated.
	(1) Normal termination (return value 0)
		Usr 0 00:02:52, Sys 0 00:00:03  -  Run Remote Usage
		Usr 0 00:00:00, Sys 0 00:00:00  -  Run Local Usage
		Usr 0 00:02:52, Sys 0 00:00:03  -  Total Remote Usage
		Usr 0 00:00:00, Sys 0 00:00:00  -  Total Local Usage
	32784  -  Run Bytes Sent By Job
	32889  -  Run Bytes Received By Job
	32784  -  Total Bytes Sent By Job
	32889  -  Total Bytes Received By Job
	Partitionable Resources :    Usage  Request          
	   Cpus                 :                 1          
	   Disk (KB)            :       87       87          
	   Memory (MB)          :      151      151          
...
