/export/data1/condor/execute/dir_16111
gcc (GCC) 4.6.2
Copyright (C) 2011 Free Software Foundation, Inc.
This is free software; see the source for copying conditions.  There is NO
warranty; not even for MERCHANTABILITY or FITNESS FOR A PARTICULAR PURPOSE.

5.32/00
Linux version 2.6.32-358.el6.x86_64 (mockbuild@sl6.fnal.gov) (gcc version 4.4.7 20120313 (Red Hat 4.4.7-3) (GCC) ) #1 SMP Fri Feb 22 20:37:17 CST 2013

Processing fitBs.C(21)...
The local date and time is: Mon Apr 28 02:02:49 2014

 FCN=51.09 FROM HESSE     STATUS=RESET          35 CALLS         818 TOTAL
                     EDM=1.74677e-07    STRATEGY= 1  ERROR MATRIX UNCERTAINTY 100.0 per cent
  EXT PARAMETER                APPROXIMATE        STEP         FIRST   
  NO.   NAME      VALUE            ERROR          SIZE      DERIVATIVE 
   1  p0           1.46834e+02   1.71547e+00   1.71547e-02   3.14754e-01
   2  p1           5.36991e+00   1.80509e-04   1.80509e-06   3.52717e+03
   3  p2           1.17656e-02   1.36451e-04   1.36451e-06  -3.26142e-01
   4  p3           1.28682e+01   1.57196e-01   1.57196e-03  -2.68056e+00
   5  p4          -2.04693e-02   2.71701e-02   2.71701e-04   1.45628e+02
   6  p5          -3.51569e-01   4.68012e-03   4.68012e-05  -5.82654e+00
   7  p6           0.00000e+00   2.82843e+00   2.82843e-02  -4.87893e-02
   8  p7           7.40832e-01   1.00098e-02   1.00098e-04  -1.55201e+01
   9  p8           2.93696e-02   6.11333e-04   6.11333e-06   5.60321e-01
  10  p9           0.00000e+00   1.00000e+00   1.00000e-02   2.81800e-02
  11  p10          0.00000e+00   1.00000e+00   1.00000e-02   4.32797e-01
  12  p11          0.00000e+00     fixed    
                               ERR DEF= 0.5
 FCN=19.702 FROM HESSE     STATUS=RESET          30 CALLS         507 TOTAL
                     EDM=3.56714e-09    STRATEGY= 1  ERROR MATRIX UNCERTAINTY 100.0 per cent
  EXT PARAMETER                APPROXIMATE        STEP         FIRST   
  NO.   NAME      VALUE            ERROR          SIZE      DERIVATIVE 
   1  p0           8.80688e-01   1.62070e-01   1.62070e-03   3.33161e+00
   2  p1           5.37091e+00   2.64329e-03   2.64329e-05   2.40869e+02
   3  p2           1.17656e-02     fixed    
   4  p3           1.07018e+02   3.23872e-01   3.23872e-03  -2.03570e+00
   5  p4          -2.82726e+01   5.74207e-02   5.74207e-04  -2.01608e+05
   6  p5           1.80062e+00   1.01328e-02   1.01328e-04   1.90773e+01
   7  p6           0.00000e+00   5.65685e+00   5.65685e-02  -4.82050e-03
   8  p7           7.40832e-01     fixed    
   9  p8           2.93696e-02     fixed    
  10  p9           0.00000e+00   1.00000e+00   1.00000e-02  -1.37997e-01
  11  p10          0.00000e+00   1.00000e+00   1.00000e-02  -8.17572e-01
  12  p11          0.00000e+00     fixed    
                               ERR DEF= 0.5
351
fit result:44.0344 44.0344
The local date and time is: Mon Apr 28 02:04:27 2014

Got Nsig:523/44.0344
Got extracted:44.0344
Pseudo exp:0
The local date and time is: Mon Apr 28 02:04:27 2014

cout:523
_cout:3025
true_yield:48
Start pseudo exp fit:0
The local date and time is: Mon Apr 28 02:04:31 2014

 FCN=36.7098 FROM HESSE     STATUS=RESET          30 CALLS         507 TOTAL
                     EDM=4.68259e-08    STRATEGY= 1  ERROR MATRIX UNCERTAINTY 100.0 per cent
  EXT PARAMETER                APPROXIMATE        STEP         FIRST   
  NO.   NAME      VALUE            ERROR          SIZE      DERIVATIVE 
   1  p0           9.70328e-01   1.73787e-01   1.73787e-03   3.10697e+00
   2  p1           5.37412e+00   3.35103e-03   3.35103e-05   1.89997e+02
   3  p2           1.17656e-02     fixed    
   4  p3           2.62337e+02   3.07769e-01   3.07769e-03  -2.14221e+00
   5  p4          -8.29096e+01   5.42446e-02   5.42446e-04  -5.90645e+05
   6  p5           6.58599e+00   9.51705e-03   9.51705e-05   2.03116e+01
   7  p6           0.00000e+00   8.00000e+00   8.00000e-02  -3.40861e-03
   8  p7           7.40832e-01     fixed    
   9  p8           2.93696e-02     fixed    
  10  p9           0.00000e+00   1.00000e+00   1.00000e-02  -1.37997e-01
  11  p10          0.00000e+00   1.00000e+00   1.00000e-02  -8.17572e-01
  12  p11          0.00000e+00     fixed    
                               ERR DEF= 0.5
354
fit result:48.5164 48.5164
The local date and time is: Mon Apr 28 02:04:31 2014

Pseudo exp:1
The local date and time is: Mon Apr 28 02:04:31 2014

cout:523
_cout:2914
true_yield:52
Start pseudo exp fit:1
The local date and time is: Mon Apr 28 02:04:34 2014

 FCN=23.4562 FROM HESSE     STATUS=RESET          30 CALLS         507 TOTAL
                     EDM=8.55109e-07    STRATEGY= 1  ERROR MATRIX UNCERTAINTY 100.0 per cent
  EXT PARAMETER                APPROXIMATE        STEP         FIRST   
  NO.   NAME      VALUE            ERROR          SIZE      DERIVATIVE 
   1  p0           9.04115e-01   1.69756e-01   1.69756e-03   3.18075e+00
   2  p1           5.37478e+00   3.50249e-03   3.50249e-05   1.81781e+02
   3  p2           1.17656e-02     fixed    
   4  p3           1.33667e+02   3.40149e-01   3.40149e-03  -1.93828e+00
   5  p4          -3.91649e+01   6.05909e-02   6.05909e-04  -2.61700e+05
   6  p5           2.90117e+00   1.07410e-02   1.07410e-04   1.79972e+01
   7  p6           0.00000e+00   5.65685e+00   5.65685e-02  -4.82050e-03
   8  p7           7.40832e-01     fixed    
   9  p8           2.93696e-02     fixed    
  10  p9           0.00000e+00   1.00000e+00   1.00000e-02  -1.37997e-01
  11  p10          0.00000e+00   1.00000e+00   1.00000e-02  -8.17572e-01
  12  p11          0.00000e+00     fixed    
                               ERR DEF= 0.5
358
fit result:45.2057 45.2058
The local date and time is: Mon Apr 28 02:04:35 2014

Pseudo exp:2
The local date and time is: Mon Apr 28 02:04:35 2014

cout:523
_cout:3035
true_yield:39
Start pseudo exp fit:2
The local date and time is: Mon Apr 28 02:04:38 2014

 FCN=23.8612 FROM MIGRAD    STATUS=CALL LIMIT   2939 CALLS        2940 TOTAL
                     EDM=1.71597e-05    STRATEGY= 1  ERROR MATRIX UNCERTAINTY  12.5 per cent
  EXT PARAMETER                APPROXIMATE        STEP         FIRST   
  NO.   NAME      VALUE            ERROR          SIZE      DERIVATIVE 
   1  p0           9.03813e-01   1.73695e-01   3.39206e-04  -8.71209e-05
   2  p1           5.37496e+00   3.25591e-03  -7.39299e-06  -2.02681e-01
   3  p2           1.17656e-02     fixed    
   4  p3           2.88749e+01   5.20867e+00  -2.83287e-02  -1.53077e-02
   5  p4          -7.69017e-02   6.37681e+00   1.04054e-03  -8.08731e-01
   6  p5          -7.40349e-01   1.64069e-01  -8.26344e-04  -4.91384e-01
   7  p6           0.00000e+00   1.00000e+00  -0.00000e+00   0.00000e+00
   8  p7           7.40832e-01     fixed    
   9  p8           2.93696e-02     fixed    
  10  p9           0.00000e+00   1.00000e+00  -0.00000e+00   0.00000e+00
  11  p10          0.00000e+00   1.00000e+00  -0.00000e+00   0.00000e+00
  12  p11          0.00000e+00     fixed    
                               ERR DEF= 0.5
345
fit result:45.1907 45.1907
The local date and time is: Mon Apr 28 02:04:39 2014

Pseudo exp:3
The local date and time is: Mon Apr 28 02:04:39 2014

cout:523
_cout:2921
true_yield:60
Start pseudo exp fit:3
The local date and time is: Mon Apr 28 02:04:42 2014

 FCN=23.8942 FROM HESSE     STATUS=RESET          30 CALLS         507 TOTAL
                     EDM=3.94521e-08    STRATEGY= 1  ERROR MATRIX UNCERTAINTY 100.0 per cent
  EXT PARAMETER                APPROXIMATE        STEP         FIRST   
  NO.   NAME      VALUE            ERROR          SIZE      DERIVATIVE 
   1  p0           1.10967e+00   1.81472e-01   1.81472e-03   2.97540e+00
   2  p1           5.36700e+00   2.80486e-03   2.80486e-05   2.26994e+02
   3  p2           1.17656e-02     fixed    
   4  p3           1.76041e+02   3.26280e-01   3.26280e-03  -2.02067e+00
   5  p4          -5.30388e+01   5.78132e-02   5.78132e-04  -3.66071e+05
   6  p5           4.01804e+00   1.01957e-02   1.01957e-04   1.89596e+01
   7  p6           0.00000e+00   5.65685e+00   5.65685e-02  -4.82050e-03
   8  p7           7.40832e-01     fixed    
   9  p8           2.93696e-02     fixed    
  10  p9           0.00000e+00   1.00000e+00   1.00000e-02  -1.37997e-01
  11  p10          0.00000e+00   1.00000e+00   1.00000e-02  -8.17572e-01
  12  p11          0.00000e+00     fixed    
                               ERR DEF= 0.5
366
fit result:55.4837 55.4837
The local date and time is: Mon Apr 28 02:04:42 2014

Pseudo exp:4
The local date and time is: Mon Apr 28 02:04:42 2014

cout:523
_cout:3167
true_yield:45
Start pseudo exp fit:4
The local date and time is: Mon Apr 28 02:04:46 2014

 FCN=16.9216 FROM HESSE     STATUS=RESET          30 CALLS         507 TOTAL
                     EDM=2.91491e-07    STRATEGY= 1  ERROR MATRIX UNCERTAINTY 100.0 per cent
  EXT PARAMETER                APPROXIMATE        STEP         FIRST   
  NO.   NAME      VALUE            ERROR          SIZE      DERIVATIVE 
   1  p0           1.02994e+00   1.77173e-01   1.77173e-03   3.04760e+00
   2  p1           5.37119e+00   3.67600e-03   3.67600e-05   1.73201e+02
   3  p2           1.17656e-02     fixed    
   4  p3           3.25138e+02   3.20091e-01   3.20091e-03  -2.05974e+00
   5  p4          -1.07223e+02   5.67853e-02   5.67853e-04  -7.10335e+05
   6  p5           8.92022e+00   1.00304e-02   1.00304e-04   1.92720e+01
   7  p6           0.00000e+00   8.00000e+00   8.00000e-02  -3.40861e-03
   8  p7           7.40832e-01     fixed    
   9  p8           2.93696e-02     fixed    
  10  p9           0.00000e+00   1.00000e+00   1.00000e-02  -1.37997e-01
  11  p10          0.00000e+00   1.00000e+00   1.00000e-02  -8.17572e-01
  12  p11          0.00000e+00     fixed    
                               ERR DEF= 0.5
351
fit result:51.4971 51.4972
The local date and time is: Mon Apr 28 02:04:46 2014

Pseudo exp:5
The local date and time is: Mon Apr 28 02:04:46 2014

cout:523
_cout:2769
true_yield:48
Start pseudo exp fit:5
The local date and time is: Mon Apr 28 02:04:49 2014

 FCN=25.5911 FROM HESSE     STATUS=RESET          30 CALLS         508 TOTAL
                     EDM=2.42605e-07    STRATEGY= 1  ERROR MATRIX UNCERTAINTY 100.0 per cent
  EXT PARAMETER                APPROXIMATE        STEP         FIRST   
  NO.   NAME      VALUE            ERROR          SIZE      DERIVATIVE 
   1  p0           8.93731e-01   1.67157e-01   1.67157e-03   3.23020e+00
   2  p1           5.37245e+00   3.20390e-03   3.20390e-05   1.98722e+02
   3  p2           1.17656e-02     fixed    
   4  p3           3.05656e+01   3.13697e-01   3.13697e-03  -2.10173e+00
   5  p4          -7.46071e-04   1.02360e+00   1.02360e-02  -1.05307e+02
   6  p5          -8.03613e-01   9.70073e-03   9.70073e-05   1.99270e+01
   7  p6           0.00000e+00   5.65685e+00   5.65685e-02  -4.82050e-03
   8  p7           7.40832e-01     fixed    
   9  p8           2.93696e-02     fixed    
  10  p9           0.00000e+00   1.00000e+00   1.00000e-02  -1.37997e-01
  11  p10          0.00000e+00   1.00000e+00   1.00000e-02  -8.17572e-01
  12  p11          0.00000e+00     fixed    
                               ERR DEF= 0.5
354
fit result:44.6865 44.6865
The local date and time is: Mon Apr 28 02:04:49 2014

Pseudo exp:6
The local date and time is: Mon Apr 28 02:04:49 2014

cout:523
_cout:2968
true_yield:43
Start pseudo exp fit:6
The local date and time is: Mon Apr 28 02:04:53 2014

 FCN=26.4092 FROM HESSE     STATUS=RESET          30 CALLS         507 TOTAL
                     EDM=8.86562e-09    STRATEGY= 1  ERROR MATRIX UNCERTAINTY 100.0 per cent
  EXT PARAMETER                APPROXIMATE        STEP         FIRST   
  NO.   NAME      VALUE            ERROR          SIZE      DERIVATIVE 
   1  p0           9.33706e-01   1.68235e-01   1.68235e-03   3.20952e+00
   2  p1           5.37179e+00   3.11422e-03   3.11422e-05   2.04445e+02
   3  p2           1.17656e-02     fixed    
   4  p3           1.43082e+02   3.40041e-01   3.40041e-03  -1.93890e+00
   5  p4          -4.38505e+01   6.07242e-02   6.07242e-04  -2.90941e+05
   6  p5           3.43317e+00   1.07899e-02   1.07899e-04   1.79156e+01
   7  p6           0.00000e+00   8.00000e+00   8.00000e-02  -3.40861e-03
   8  p7           7.40832e-01     fixed    
   9  p8           2.93696e-02     fixed    
  10  p9           0.00000e+00   1.00000e+00   1.00000e-02  -1.37997e-01
  11  p10          0.00000e+00   1.00000e+00   1.00000e-02  -8.17572e-01
  12  p11          0.00000e+00     fixed    
                               ERR DEF= 0.5
349
fit result:46.6853 46.6853
The local date and time is: Mon Apr 28 02:04:53 2014

Pseudo exp:7
The local date and time is: Mon Apr 28 02:04:53 2014

cout:523
_cout:3167
true_yield:31
Start pseudo exp fit:7
The local date and time is: Mon Apr 28 02:04:57 2014

 FCN=19.4102 FROM HESSE     STATUS=RESET          30 CALLS         507 TOTAL
                     EDM=7.6094e-08    STRATEGY= 1  ERROR MATRIX UNCERTAINTY 100.0 per cent
  EXT PARAMETER                APPROXIMATE        STEP         FIRST   
  NO.   NAME      VALUE            ERROR          SIZE      DERIVATIVE 
   1  p0           4.46003e-01   1.32751e-01   1.32751e-03   4.06741e+00
   2  p1           5.37820e+00   4.09715e-03   4.09715e-05   1.55397e+02
   3  p2           1.17656e-02     fixed    
   4  p3           1.41264e+02   3.14464e-01   3.14464e-03  -2.09660e+00
   5  p4          -3.91652e+01   5.55524e-02   5.55524e-04  -2.85439e+05
   6  p5           2.65194e+00   9.77021e-03   9.77021e-05   1.97853e+01
   7  p6           0.00000e+00   2.40000e+00   2.40000e-02  -1.13620e-02
   8  p7           7.40832e-01     fixed    
   9  p8           2.93696e-02     fixed    
  10  p9           0.00000e+00   1.00000e+00   1.00000e-02  -1.37997e-01
  11  p10          0.00000e+00   1.00000e+00   1.00000e-02  -8.17572e-01
  12  p11          0.00000e+00     fixed    
                               ERR DEF= 0.5
337
fit result:22.3002 22.3002
The local date and time is: Mon Apr 28 02:04:57 2014

Pseudo exp:8
The local date and time is: Mon Apr 28 02:04:57 2014

cout:523
_cout:2667
true_yield:61
Start pseudo exp fit:8
The local date and time is: Mon Apr 28 02:05:00 2014

 FCN=36.7368 FROM HESSE     STATUS=RESET          30 CALLS         507 TOTAL
                     EDM=2.92745e-07    STRATEGY= 1  ERROR MATRIX UNCERTAINTY 100.0 per cent
  EXT PARAMETER                APPROXIMATE        STEP         FIRST   
  NO.   NAME      VALUE            ERROR          SIZE      DERIVATIVE 
   1  p0           1.14094e+00   1.84097e-01   1.84097e-03   2.93298e+00
   2  p1           5.36992e+00   3.20862e-03   3.20862e-05   1.98430e+02
   3  p2           1.17656e-02     fixed    
   4  p3           2.16527e+02   3.19193e-01   3.19193e-03  -2.06554e+00
   5  p4          -6.68190e+01   5.64912e-02   5.64912e-04  -4.65106e+05
   6  p5           5.18183e+00   9.95620e-03   9.95620e-05   1.94157e+01
   7  p6           0.00000e+00   8.00000e+00   8.00000e-02  -3.40861e-03
   8  p7           7.40832e-01     fixed    
   9  p8           2.93696e-02     fixed    
  10  p9           0.00000e+00   1.00000e+00   1.00000e-02  -1.37997e-01
  11  p10          0.00000e+00   1.00000e+00   1.00000e-02  -8.17572e-01
  12  p11          0.00000e+00     fixed    
                               ERR DEF= 0.5
367
fit result:57.0472 57.0472
The local date and time is: Mon Apr 28 02:05:00 2014

Pseudo exp:9
The local date and time is: Mon Apr 28 02:05:00 2014

cout:523
_cout:2926
true_yield:40
Start pseudo exp fit:9
The local date and time is: Mon Apr 28 02:05:04 2014

 FCN=18.1231 FROM HESSE     STATUS=RESET          30 CALLS         529 TOTAL
                     EDM=6.14324e-08    STRATEGY= 1  ERROR MATRIX UNCERTAINTY 100.0 per cent
  EXT PARAMETER                APPROXIMATE        STEP         FIRST   
  NO.   NAME      VALUE            ERROR          SIZE      DERIVATIVE 
   1  p0           7.37038e-01   1.58553e-01   1.58553e-03   3.40551e+00
   2  p1           5.37425e+00   3.80223e-03   3.80223e-05   1.67451e+02
   3  p2           1.17656e-02     fixed    
   4  p3           2.77643e+01   3.28547e-01   3.28547e-03  -2.00673e+00
   5  p4          -1.98443e-07   1.55298e+01   1.55298e-01** at limit **
   6  p5          -7.11481e-01   1.02948e-02   1.02948e-04   1.87771e+01
   7  p6           0.00000e+00   5.65685e+00   5.65685e-02  -4.82050e-03
   8  p7           7.40832e-01     fixed    
   9  p8           2.93696e-02     fixed    
  10  p9           0.00000e+00   1.00000e+00   1.00000e-02  -1.37997e-01
  11  p10          0.00000e+00   1.00000e+00   1.00000e-02  -8.17572e-01
  12  p11          0.00000e+00     fixed    
                               ERR DEF= 0.5
346
fit result:36.8519 36.8519
The local date and time is: Mon Apr 28 02:05:04 2014

Pseudo exp:10
The local date and time is: Mon Apr 28 02:05:04 2014

cout:523
_cout:2974
true_yield:41
Start pseudo exp fit:10
The local date and time is: Mon Apr 28 02:05:08 2014

 FCN=19.5668 FROM MIGRAD    STATUS=CALL LIMIT   2935 CALLS        2936 TOTAL
                     EDM=5.54905e-05    STRATEGY= 1  ERROR MATRIX UNCERTAINTY  25.0 per cent
  EXT PARAMETER                APPROXIMATE        STEP         FIRST   
  NO.   NAME      VALUE            ERROR          SIZE      DERIVATIVE 
   1  p0           7.87426e-01   1.66706e-01   2.09754e-05  -1.26171e-03
   2  p1           5.36967e+00   4.92313e-03  -6.92704e-07   4.23193e-02
   3  p2           1.17656e-02     fixed    
   4  p3           2.78209e+01   6.67002e+00   2.07633e-03  -1.68695e-04
   5  p4          -4.79625e-01   2.30683e+00  -5.30003e-05  -1.41024e-01
   6  p5          -6.27404e-01   2.18353e-01   2.02673e-04  -3.30522e-02
   7  p6           0.00000e+00   1.00000e+00  -0.00000e+00   0.00000e+00
   8  p7           7.40832e-01     fixed    
   9  p8           2.93696e-02     fixed    
  10  p9           0.00000e+00   1.00000e+00  -0.00000e+00   0.00000e+00
  11  p10          0.00000e+00   1.00000e+00  -0.00000e+00   0.00000e+00
  12  p11          0.00000e+00     fixed    
                               ERR DEF= 0.5
347
fit result:39.3713 39.3713
The local date and time is: Mon Apr 28 02:05:08 2014

Pseudo exp:11
The local date and time is: Mon Apr 28 02:05:08 2014

cout:523
_cout:2875
true_yield:58
Start pseudo exp fit:11
The local date and time is: Mon Apr 28 02:05:11 2014

 FCN=16.3299 FROM HESSE     STATUS=RESET          30 CALLS         507 TOTAL
                     EDM=1.21709e-08    STRATEGY= 1  ERROR MATRIX UNCERTAINTY 100.0 per cent
  EXT PARAMETER                APPROXIMATE        STEP         FIRST   
  NO.   NAME      VALUE            ERROR          SIZE      DERIVATIVE 
   1  p0           1.23849e+00   1.88608e-01   1.88608e-03   2.86283e+00
   2  p1           5.36684e+00   2.71645e-03   2.71645e-05   2.34382e+02
   3  p2           1.17656e-02     fixed    
   4  p3           1.69366e+02   3.35269e-01   3.35269e-03  -1.96649e+00
   5  p4          -5.24477e+01   5.97136e-02   5.97136e-04  -3.50689e+05
   6  p5           4.12541e+00   1.05849e-02   1.05849e-04   1.82625e+01
   7  p6           0.00000e+00   8.00000e+00   8.00000e-02  -3.40861e-03
   8  p7           7.40832e-01     fixed    
   9  p8           2.93696e-02     fixed    
  10  p9           0.00000e+00   1.00000e+00   1.00000e-02  -1.37997e-01
  11  p10          0.00000e+00   1.00000e+00   1.00000e-02  -8.17572e-01
  12  p11          0.00000e+00     fixed    
                               ERR DEF= 0.5
364
fit result:61.9247 61.9247
The local date and time is: Mon Apr 28 02:05:12 2014

Pseudo exp:12
The local date and time is: Mon Apr 28 02:05:12 2014

cout:523
_cout:3131
true_yield:49
Start pseudo exp fit:12
The local date and time is: Mon Apr 28 02:05:15 2014

 FCN=14.3142 FROM HESSE     STATUS=RESET          30 CALLS         508 TOTAL
                     EDM=7.81725e-07    STRATEGY= 1  ERROR MATRIX UNCERTAINTY 100.0 per cent
  EXT PARAMETER                APPROXIMATE        STEP         FIRST   
  NO.   NAME      VALUE            ERROR          SIZE      DERIVATIVE 
   1  p0           8.74912e-01   1.65004e-01   1.65004e-03   3.27235e+00
   2  p1           5.37742e+00   3.01412e-03   3.01412e-05   2.11235e+02
   3  p2           1.17656e-02     fixed    
   4  p3           2.03861e+02   3.43472e-01   3.43472e-03  -1.91953e+00
   5  p4          -6.53852e+01   6.13304e-02   6.13304e-04  -4.19858e+05
   6  p5           5.34022e+00   1.08989e-02   1.08989e-04   1.77364e+01
   7  p6           0.00000e+00   1.11968e+02   1.11968e+00  -2.43542e-04
   8  p7           7.40832e-01     fixed    
   9  p8           2.93696e-02     fixed    
  10  p9           0.00000e+00   1.00000e+00   1.00000e-02  -1.37997e-01
  11  p10          0.00000e+00   1.00000e+00   1.00000e-02  -8.17572e-01
  12  p11          0.00000e+00     fixed    
                               ERR DEF= 0.5
355
fit result:43.7456 43.7456
The local date and time is: Mon Apr 28 02:05:16 2014

Pseudo exp:13
The local date and time is: Mon Apr 28 02:05:16 2014

cout:523
_cout:3030
true_yield:43
Start pseudo exp fit:13
The local date and time is: Mon Apr 28 02:05:19 2014

 FCN=22.8048 FROM HESSE     STATUS=RESET          30 CALLS         567 TOTAL
                     EDM=5.63757e-07    STRATEGY= 1  ERROR MATRIX UNCERTAINTY 100.0 per cent
  EXT PARAMETER                APPROXIMATE        STEP         FIRST   
  NO.   NAME      VALUE            ERROR          SIZE      DERIVATIVE 
   1  p0           9.28986e-01   1.69484e-01   1.69484e-03   3.18585e+00
   2  p1           5.37432e+00   2.89654e-03   2.89654e-05   2.19809e+02
   3  p2           1.17656e-02     fixed    
   4  p3           4.28771e+01   3.08993e-01   3.08993e-03  -2.13372e+00
   5  p4          -4.20540e+00   5.45095e-02   5.45095e-04  -3.23721e+04
   6  p5          -4.51561e-01   9.57202e-03   9.57202e-05   2.01950e+01
   7  p6           0.00000e+00   2.00000e+00   2.00000e-02  -1.36344e-02
   8  p7           7.40832e-01     fixed    
   9  p8           2.93696e-02     fixed    
  10  p9           0.00000e+00   1.00000e+00   1.00000e-02  -1.37997e-01
  11  p10          0.00000e+00   1.00000e+00   1.00000e-02  -8.17572e-01
  12  p11          0.00000e+00     fixed    
                               ERR DEF= 0.5
349
fit result:46.4493 46.4493
The local date and time is: Mon Apr 28 02:05:19 2014

Pseudo exp:14
The local date and time is: Mon Apr 28 02:05:19 2014

cout:523
_cout:2967
true_yield:49
Start pseudo exp fit:14
The local date and time is: Mon Apr 28 02:05:23 2014

 FCN=27.3723 FROM HESSE     STATUS=RESET          30 CALLS         507 TOTAL
                     EDM=3.7245e-07    STRATEGY= 1  ERROR MATRIX UNCERTAINTY 100.0 per cent
  EXT PARAMETER                APPROXIMATE        STEP         FIRST   
  NO.   NAME      VALUE            ERROR          SIZE      DERIVATIVE 
   1  p0           1.09551e+00   1.76615e-01   1.76615e-03   3.05723e+00
   2  p1           5.36703e+00   2.71624e-03   2.71624e-05   2.34400e+02
   3  p2           1.17656e-02     fixed    
   4  p3           4.46229e+02   3.31359e-01   3.31359e-03  -1.98970e+00
   5  p4          -1.52682e+02   5.90930e-02   5.90930e-04  -9.22497e+05
   6  p5           1.31706e+01   1.04907e-02   1.04907e-04   1.84265e+01
   7  p6           0.00000e+00   8.00000e+00   8.00000e-02  -3.40861e-03
   8  p7           7.40832e-01     fixed    
   9  p8           2.93696e-02     fixed    
  10  p9           0.00000e+00   1.00000e+00   1.00000e-02  -1.37997e-01
  11  p10          0.00000e+00   1.00000e+00   1.00000e-02  -8.17572e-01
  12  p11          0.00000e+00     fixed    
                               ERR DEF= 0.5
355
fit result:54.7755 54.7755
The local date and time is: Mon Apr 28 02:05:23 2014

Pseudo exp:15
The local date and time is: Mon Apr 28 02:05:23 2014

cout:523
_cout:2980
true_yield:38
Start pseudo exp fit:15
The local date and time is: Mon Apr 28 02:05:27 2014

 FCN=27.0032 FROM HESSE     STATUS=RESET          30 CALLS         602 TOTAL
                     EDM=2.51445e-07    STRATEGY= 1  ERROR MATRIX UNCERTAINTY 100.0 per cent
  EXT PARAMETER                APPROXIMATE        STEP         FIRST   
  NO.   NAME      VALUE            ERROR          SIZE      DERIVATIVE 
   1  p0           6.65132e-01   1.51955e-01   1.51955e-03   3.55336e+00
   2  p1           5.37501e+00   3.76891e-03   3.76891e-05   1.68931e+02
   3  p2           1.17656e-02     fixed    
   4  p3           3.03773e+01   3.23065e-01   3.23065e-03  -2.04078e+00
   5  p4          -5.43731e-05   5.57296e+00   5.57296e-02** at limit **
   6  p5          -7.96572e-01   1.01033e-02   1.01033e-04   1.91330e+01
   7  p6           0.00000e+00   2.00000e+00   2.00000e-02  -1.36344e-02
   8  p7           7.40832e-01     fixed    
   9  p8           2.93696e-02     fixed    
  10  p9           0.00000e+00   1.00000e+00   1.00000e-02  -1.37997e-01
  11  p10          0.00000e+00   1.00000e+00   1.00000e-02  -8.17572e-01
  12  p11          0.00000e+00     fixed    
                               ERR DEF= 0.5
344
fit result:33.2566 33.2566
The local date and time is: Mon Apr 28 02:05:27 2014

Pseudo exp:16
The local date and time is: Mon Apr 28 02:05:27 2014

cout:523
_cout:2856
true_yield:43
Start pseudo exp fit:16
The local date and time is: Mon Apr 28 02:05:30 2014

 FCN=24.4722 FROM HESSE     STATUS=RESET          30 CALLS         507 TOTAL
                     EDM=9.26344e-10    STRATEGY= 1  ERROR MATRIX UNCERTAINTY 100.0 per cent
  EXT PARAMETER                APPROXIMATE        STEP         FIRST   
  NO.   NAME      VALUE            ERROR          SIZE      DERIVATIVE 
   1  p0           8.48289e-01   1.68695e-01   1.68695e-03   3.20075e+00
   2  p1           5.37532e+00   4.71722e-03   4.71722e-05   1.34970e+02
   3  p2           1.17656e-02     fixed    
   4  p3           2.74939e+02   3.11808e-01   3.11808e-03  -2.11445e+00
   5  p4          -8.76468e+01   5.50563e-02   5.50563e-04  -6.12010e+05
   6  p5           7.03022e+00   9.67823e-03   9.67823e-05   1.99733e+01
   7  p6           0.00000e+00   2.40000e+00   2.40000e-02  -1.13620e-02
   8  p7           7.40832e-01     fixed    
   9  p8           2.93696e-02     fixed    
  10  p9           0.00000e+00   1.00000e+00   1.00000e-02  -1.37997e-01
  11  p10          0.00000e+00   1.00000e+00   1.00000e-02  -8.17572e-01
  12  p11          0.00000e+00     fixed    
                               ERR DEF= 0.5
349
fit result:42.4145 42.4145
The local date and time is: Mon Apr 28 02:05:30 2014

Pseudo exp:17
The local date and time is: Mon Apr 28 02:05:30 2014

cout:523
_cout:2967
true_yield:51
Start pseudo exp fit:17
The local date and time is: Mon Apr 28 02:05:34 2014

 FCN=22.124 FROM HESSE     STATUS=RESET          30 CALLS         547 TOTAL
                     EDM=3.55498e-08    STRATEGY= 1  ERROR MATRIX UNCERTAINTY 100.0 per cent
  EXT PARAMETER                APPROXIMATE        STEP         FIRST   
  NO.   NAME      VALUE            ERROR          SIZE      DERIVATIVE 
   1  p0           1.04543e+00   1.73028e-01   1.73028e-03   3.12061e+00
   2  p1           5.37296e+00   2.51536e-03   2.51536e-05   2.53119e+02
   3  p2           1.17656e-02     fixed    
   4  p3           1.02371e+02   3.39788e-01   3.39788e-03  -1.94034e+00
   5  p4          -2.88218e+01   6.06300e-02   6.06300e-04  -1.94535e+05
   6  p5           2.05191e+00   1.07640e-02   1.07640e-04   1.79586e+01
   7  p6           0.00000e+00   2.00000e+00   2.00000e-02  -1.36344e-02
   8  p7           7.40832e-01     fixed    
   9  p8           2.93696e-02     fixed    
  10  p9           0.00000e+00   1.00000e+00   1.00000e-02  -1.37997e-01
  11  p10          0.00000e+00   1.00000e+00   1.00000e-02  -8.17572e-01
  12  p11          0.00000e+00     fixed    
                               ERR DEF= 0.5
357
fit result:52.2717 52.2717
The local date and time is: Mon Apr 28 02:05:34 2014

Pseudo exp:18
The local date and time is: Mon Apr 28 02:05:34 2014

cout:523
_cout:2994
true_yield:46
Start pseudo exp fit:18
The local date and time is: Mon Apr 28 02:05:38 2014

 FCN=10.2255 FROM HESSE     STATUS=RESET          30 CALLS         507 TOTAL
                     EDM=3.31899e-10    STRATEGY= 1  ERROR MATRIX UNCERTAINTY 100.0 per cent
  EXT PARAMETER                APPROXIMATE        STEP         FIRST   
  NO.   NAME      VALUE            ERROR          SIZE      DERIVATIVE 
   1  p0           8.06045e-01   1.63556e-01   1.63556e-03   3.30132e+00
   2  p1           5.36815e+00   3.80777e-03   3.80777e-05   1.67207e+02
   3  p2           1.17656e-02     fixed    
   4  p3           3.59925e+01   3.13453e-01   3.13453e-03  -2.10336e+00
   5  p4          -1.57178e+00   5.52712e-02   5.52712e-04  -1.19640e+04
   6  p5          -6.96092e-01   9.69971e-03   9.69971e-05   1.99291e+01
   7  p6           0.00000e+00   2.40000e+00   2.40000e-02  -1.13620e-02
   8  p7           7.40832e-01     fixed    
   9  p8           2.93696e-02     fixed    
  10  p9           0.00000e+00   1.00000e+00   1.00000e-02  -1.37997e-01
  11  p10          0.00000e+00   1.00000e+00   1.00000e-02  -8.17572e-01
  12  p11          0.00000e+00     fixed    
                               ERR DEF= 0.5
352
fit result:40.3023 40.3023
The local date and time is: Mon Apr 28 02:05:38 2014

Pseudo exp:19
The local date and time is: Mon Apr 28 02:05:38 2014

cout:523
_cout:2854
true_yield:41
Start pseudo exp fit:19
The local date and time is: Mon Apr 28 02:05:41 2014

 FCN=19.801 FROM SIMPLEX   STATUS=RESET        1823 CALLS        4690 TOTAL
                     EDM=5.66747e-07    STRATEGY= 1  ERROR MATRIX UNCERTAINTY  50.0 per cent
  EXT PARAMETER                APPROXIMATE        STEP         FIRST   
  NO.   NAME      VALUE            ERROR          SIZE      DERIVATIVE 
   1  p0           6.93808e-01   1.56998e-01   1.56998e-03  -8.20815e+03
   2  p1           5.36251e+00   4.16719e-03   4.16719e-05  -1.41631e+06
   3  p2           1.17656e-02     fixed    
   4  p3           2.79254e+01   3.27361e+00   3.27361e-02  -1.68155e+05
   5  p4          -1.58061e-04   2.11067e+01   2.11067e-01** at limit **
   6  p5          -7.14654e-01   1.02880e-01   1.02880e-03  -5.39409e+06
   7  p6           0.00000e+00   1.00000e+00   1.00000e-02   2.55112e+01
   8  p7           7.40832e-01     fixed    
   9  p8           2.93696e-02     fixed    
  10  p9           0.00000e+00   1.00000e+00   1.00000e-02  -8.01782e+00
  11  p10          0.00000e+00   1.00000e+00   1.00000e-02   2.68908e-01
  12  p11          0.00000e+00     fixed    
                               ERR DEF= 0.5
347
fit result:34.6904 34.6904
The local date and time is: Mon Apr 28 02:05:41 2014

