000 (263754.000.000) 04/26 03:18:10 Job submitted from host: <18.12.1.74:45694>
...
009 (263754.000.000) 04/26 03:18:32 Job was aborted by the user.
	via condor_rm (by user tawei)
...
000 (263804.000.000) 04/26 03:19:15 Job submitted from host: <18.12.1.74:45694>
...
001 (263804.000.000) 04/26 03:20:36 Job executing on host: <18.12.12.15:46789>
...
006 (263804.000.000) 04/26 03:20:45 Image size of job updated: 1
	2  -  MemoryUsage of job (MB)
	1704  -  ResidentSetSize of job (KB)
...
006 (263804.000.000) 04/26 03:24:42 Image size of job updated: 315764
	2  -  MemoryUsage of job (MB)
	1704  -  ResidentSetSize of job (KB)
...
005 (263804.000.000) 04/26 03:24:42 Job terminated.
	(1) Normal termination (return value 0)
		Usr 0 00:03:09, Sys 0 00:00:04  -  Run Remote Usage
		Usr 0 00:00:00, Sys 0 00:00:00  -  Run Local Usage
		Usr 0 00:03:09, Sys 0 00:00:04  -  Total Remote Usage
		Usr 0 00:00:00, Sys 0 00:00:00  -  Total Local Usage
	33462  -  Run Bytes Sent By Job
	32579  -  Run Bytes Received By Job
	33462  -  Total Bytes Sent By Job
	32579  -  Total Bytes Received By Job
	Partitionable Resources :    Usage  Request          
	   Cpus                 :                 1          
	   Disk (KB)            :       87       87          
	   Memory (MB)          :        2        2          
...
000 (263906.000.000) 04/26 04:01:38 Job submitted from host: <18.12.1.74:45694>
...
001 (263906.000.000) 04/26 04:02:41 Job executing on host: <18.12.12.12:41971>
...
006 (263906.000.000) 04/26 04:02:49 Image size of job updated: 1
	2  -  MemoryUsage of job (MB)
	1712  -  ResidentSetSize of job (KB)
...
006 (263906.000.000) 04/26 04:07:23 Image size of job updated: 316132
	2  -  MemoryUsage of job (MB)
	1712  -  ResidentSetSize of job (KB)
...
005 (263906.000.000) 04/26 04:07:23 Job terminated.
	(1) Normal termination (return value 0)
		Usr 0 00:03:49, Sys 0 00:00:05  -  Run Remote Usage
		Usr 0 00:00:00, Sys 0 00:00:00  -  Run Local Usage
		Usr 0 00:03:49, Sys 0 00:00:05  -  Total Remote Usage
		Usr 0 00:00:00, Sys 0 00:00:00  -  Total Local Usage
	32787  -  Run Bytes Sent By Job
	32607  -  Run Bytes Received By Job
	32787  -  Total Bytes Sent By Job
	32607  -  Total Bytes Received By Job
	Partitionable Resources :    Usage  Request          
	   Cpus                 :                 1          
	   Disk (KB)            :       86       86          
	   Memory (MB)          :        2        2          
...
000 (265263.000.000) 04/27 23:58:47 Job submitted from host: <18.12.1.74:45694>
...
009 (265263.000.000) 04/27 23:59:18 Job was aborted by the user.
	via condor_rm (by user tawei)
...
000 (265313.000.000) 04/27 23:59:32 Job submitted from host: <18.12.1.74:45694>
...
001 (265313.000.000) 04/27 23:59:38 Job executing on host: <18.12.9.10:40146>
...
006 (265313.000.000) 04/27 23:59:43 Image size of job updated: 1
	0  -  MemoryUsage of job (MB)
	0  -  ResidentSetSize of job (KB)
...
005 (265313.000.000) 04/27 23:59:43 Job terminated.
	(1) Normal termination (return value 1)
		Usr 0 00:00:00, Sys 0 00:00:00  -  Run Remote Usage
		Usr 0 00:00:00, Sys 0 00:00:00  -  Run Local Usage
		Usr 0 00:00:00, Sys 0 00:00:00  -  Total Remote Usage
		Usr 0 00:00:00, Sys 0 00:00:00  -  Total Local Usage
	1146  -  Run Bytes Sent By Job
	32875  -  Run Bytes Received By Job
	1146  -  Total Bytes Sent By Job
	32875  -  Total Bytes Received By Job
	Partitionable Resources :    Usage  Request          
	   Cpus                 :                 1          
	   Disk (KB)            :       56       56          
	   Memory (MB)          :        0        0          
...
000 (265571.000.000) 04/28 02:01:16 Job submitted from host: <18.12.1.74:45694>
...
001 (265571.000.000) 04/28 02:02:09 Job executing on host: <18.12.9.1:46497>
...
006 (265571.000.000) 04/28 02:02:17 Image size of job updated: 1
	2  -  MemoryUsage of job (MB)
	1708  -  ResidentSetSize of job (KB)
...
006 (265571.000.000) 04/28 02:05:40 Image size of job updated: 316172
	2  -  MemoryUsage of job (MB)
	1708  -  ResidentSetSize of job (KB)
...
005 (265571.000.000) 04/28 02:05:40 Job terminated.
	(1) Normal termination (return value 0)
		Usr 0 00:02:35, Sys 0 00:00:03  -  Run Remote Usage
		Usr 0 00:00:00, Sys 0 00:00:00  -  Run Local Usage
		Usr 0 00:02:35, Sys 0 00:00:03  -  Total Remote Usage
		Usr 0 00:00:00, Sys 0 00:00:00  -  Total Local Usage
	32900  -  Run Bytes Sent By Job
	32889  -  Run Bytes Received By Job
	32900  -  Total Bytes Sent By Job
	32889  -  Total Bytes Received By Job
	Partitionable Resources :    Usage  Request          
	   Cpus                 :                 1          
	   Disk (KB)            :       87       87          
	   Memory (MB)          :        2        2          
...
