000 (263739.000.000) 04/26 03:18:08 Job submitted from host: <18.12.1.74:45694>
...
009 (263739.000.000) 04/26 03:18:32 Job was aborted by the user.
	via condor_rm (by user tawei)
...
000 (263789.000.000) 04/26 03:19:14 Job submitted from host: <18.12.1.74:45694>
...
001 (263789.000.000) 04/26 03:20:36 Job executing on host: <18.12.8.214:41533>
...
006 (263789.000.000) 04/26 03:20:45 Image size of job updated: 200804
	49  -  MemoryUsage of job (MB)
	49536  -  ResidentSetSize of job (KB)
...
006 (263789.000.000) 04/26 03:25:26 Image size of job updated: 316592
	49  -  MemoryUsage of job (MB)
	49536  -  ResidentSetSize of job (KB)
...
005 (263789.000.000) 04/26 03:25:26 Job terminated.
	(1) Normal termination (return value 0)
		Usr 0 00:03:51, Sys 0 00:00:06  -  Run Remote Usage
		Usr 0 00:00:00, Sys 0 00:00:00  -  Run Local Usage
		Usr 0 00:03:51, Sys 0 00:00:06  -  Total Remote Usage
		Usr 0 00:00:00, Sys 0 00:00:00  -  Total Local Usage
	33454  -  Run Bytes Sent By Job
	32579  -  Run Bytes Received By Job
	33454  -  Total Bytes Sent By Job
	32579  -  Total Bytes Received By Job
	Partitionable Resources :    Usage  Request          
	   Cpus                 :                 1          
	   Disk (KB)            :       87       87          
	   Memory (MB)          :       49       49          
...
000 (263891.000.000) 04/26 04:01:36 Job submitted from host: <18.12.1.74:45694>
...
001 (263891.000.000) 04/26 04:02:39 Job executing on host: <18.12.8.249:49198>
...
006 (263891.000.000) 04/26 04:02:48 Image size of job updated: 200804
	101  -  MemoryUsage of job (MB)
	103312  -  ResidentSetSize of job (KB)
...
006 (263891.000.000) 04/26 04:06:12 Image size of job updated: 316220
	101  -  MemoryUsage of job (MB)
	103312  -  ResidentSetSize of job (KB)
...
005 (263891.000.000) 04/26 04:06:13 Job terminated.
	(1) Normal termination (return value 0)
		Usr 0 00:02:50, Sys 0 00:00:05  -  Run Remote Usage
		Usr 0 00:00:00, Sys 0 00:00:00  -  Run Local Usage
		Usr 0 00:02:50, Sys 0 00:00:05  -  Total Remote Usage
		Usr 0 00:00:00, Sys 0 00:00:00  -  Total Local Usage
	32849  -  Run Bytes Sent By Job
	32607  -  Run Bytes Received By Job
	32849  -  Total Bytes Sent By Job
	32607  -  Total Bytes Received By Job
	Partitionable Resources :    Usage  Request          
	   Cpus                 :                 1          
	   Disk (KB)            :       86       86          
	   Memory (MB)          :      101      101          
...
000 (265248.000.000) 04/27 23:58:41 Job submitted from host: <18.12.1.74:45694>
...
009 (265248.000.000) 04/27 23:59:18 Job was aborted by the user.
	via condor_rm (by user tawei)
...
000 (265298.000.000) 04/27 23:59:30 Job submitted from host: <18.12.1.74:45694>
...
001 (265298.000.000) 04/27 23:59:38 Job executing on host: <18.12.8.165:46351>
...
006 (265298.000.000) 04/27 23:59:41 Image size of job updated: 1
	0  -  MemoryUsage of job (MB)
	0  -  ResidentSetSize of job (KB)
...
005 (265298.000.000) 04/27 23:59:41 Job terminated.
	(1) Normal termination (return value 1)
		Usr 0 00:00:00, Sys 0 00:00:00  -  Run Remote Usage
		Usr 0 00:00:00, Sys 0 00:00:00  -  Run Local Usage
		Usr 0 00:00:00, Sys 0 00:00:00  -  Total Remote Usage
		Usr 0 00:00:00, Sys 0 00:00:00  -  Total Local Usage
	1146  -  Run Bytes Sent By Job
	32875  -  Run Bytes Received By Job
	1146  -  Total Bytes Sent By Job
	32875  -  Total Bytes Received By Job
	Partitionable Resources :    Usage  Request          
	   Cpus                 :                 1          
	   Disk (KB)            :       56       56          
	   Memory (MB)          :        0        0          
...
000 (265556.000.000) 04/28 02:01:15 Job submitted from host: <18.12.1.74:45694>
...
001 (265556.000.000) 04/28 02:02:08 Job executing on host: <18.12.12.12:41971>
...
006 (265556.000.000) 04/28 02:02:16 Image size of job updated: 69572
	14  -  MemoryUsage of job (MB)
	13704  -  ResidentSetSize of job (KB)
...
006 (265556.000.000) 04/28 02:07:16 Image size of job updated: 288568
	151  -  MemoryUsage of job (MB)
	153696  -  ResidentSetSize of job (KB)
...
006 (265556.000.000) 04/28 02:16:50 Image size of job updated: 315524
	151  -  MemoryUsage of job (MB)
	153696  -  ResidentSetSize of job (KB)
...
005 (265556.000.000) 04/28 02:16:50 Job terminated.
	(1) Normal termination (return value 0)
		Usr 0 00:02:39, Sys 0 00:00:03  -  Run Remote Usage
		Usr 0 00:00:00, Sys 0 00:00:00  -  Run Local Usage
		Usr 0 00:02:39, Sys 0 00:00:03  -  Total Remote Usage
		Usr 0 00:00:00, Sys 0 00:00:00  -  Total Local Usage
	32784  -  Run Bytes Sent By Job
	32889  -  Run Bytes Received By Job
	32784  -  Total Bytes Sent By Job
	32889  -  Total Bytes Received By Job
	Partitionable Resources :    Usage  Request          
	   Cpus                 :                 1          
	   Disk (KB)            :       87       87          
	   Memory (MB)          :      151      151          
...
