000 (263742.000.000) 04/26 03:18:09 Job submitted from host: <18.12.1.74:45694>
...
009 (263742.000.000) 04/26 03:18:32 Job was aborted by the user.
	via condor_rm (by user tawei)
...
000 (263792.000.000) 04/26 03:19:14 Job submitted from host: <18.12.1.74:45694>
...
001 (263792.000.000) 04/26 03:20:37 Job executing on host: <18.12.12.9:46570>
...
006 (263792.000.000) 04/26 03:20:46 Image size of job updated: 1
	2  -  MemoryUsage of job (MB)
	1708  -  ResidentSetSize of job (KB)
...
006 (263792.000.000) 04/26 03:25:48 Image size of job updated: 314744
	164  -  MemoryUsage of job (MB)
	167424  -  ResidentSetSize of job (KB)
...
006 (263792.000.000) 04/26 03:26:02 Image size of job updated: 315872
	164  -  MemoryUsage of job (MB)
	167424  -  ResidentSetSize of job (KB)
...
005 (263792.000.000) 04/26 03:26:02 Job terminated.
	(1) Normal termination (return value 0)
		Usr 0 00:04:12, Sys 0 00:00:07  -  Run Remote Usage
		Usr 0 00:00:00, Sys 0 00:00:00  -  Run Local Usage
		Usr 0 00:04:12, Sys 0 00:00:07  -  Total Remote Usage
		Usr 0 00:00:00, Sys 0 00:00:00  -  Total Local Usage
	33514  -  Run Bytes Sent By Job
	32579  -  Run Bytes Received By Job
	33514  -  Total Bytes Sent By Job
	32579  -  Total Bytes Received By Job
	Partitionable Resources :    Usage  Request          
	   Cpus                 :                 1          
	   Disk (KB)            :      619      619          
	   Memory (MB)          :      164      164          
...
000 (263894.000.000) 04/26 04:01:36 Job submitted from host: <18.12.1.74:45694>
...
001 (263894.000.000) 04/26 04:02:40 Job executing on host: <18.12.8.239:44672>
...
006 (263894.000.000) 04/26 04:02:48 Image size of job updated: 210920
	103  -  MemoryUsage of job (MB)
	104976  -  ResidentSetSize of job (KB)
...
006 (263894.000.000) 04/26 04:07:04 Image size of job updated: 315888
	103  -  MemoryUsage of job (MB)
	104976  -  ResidentSetSize of job (KB)
...
005 (263894.000.000) 04/26 04:07:04 Job terminated.
	(1) Normal termination (return value 0)
		Usr 0 00:03:27, Sys 0 00:00:06  -  Run Remote Usage
		Usr 0 00:00:00, Sys 0 00:00:00  -  Run Local Usage
		Usr 0 00:03:27, Sys 0 00:00:06  -  Total Remote Usage
		Usr 0 00:00:00, Sys 0 00:00:00  -  Total Local Usage
	32840  -  Run Bytes Sent By Job
	32607  -  Run Bytes Received By Job
	32840  -  Total Bytes Sent By Job
	32607  -  Total Bytes Received By Job
	Partitionable Resources :    Usage  Request          
	   Cpus                 :                 1          
	   Disk (KB)            :       86       86          
	   Memory (MB)          :      103      103          
...
000 (265251.000.000) 04/27 23:58:42 Job submitted from host: <18.12.1.74:45694>
...
009 (265251.000.000) 04/27 23:59:18 Job was aborted by the user.
	via condor_rm (by user tawei)
...
000 (265301.000.000) 04/27 23:59:30 Job submitted from host: <18.12.1.74:45694>
...
001 (265301.000.000) 04/27 23:59:38 Job executing on host: <18.12.8.189:40146>
...
006 (265301.000.000) 04/27 23:59:43 Image size of job updated: 1
	0  -  MemoryUsage of job (MB)
	0  -  ResidentSetSize of job (KB)
...
005 (265301.000.000) 04/27 23:59:43 Job terminated.
	(1) Normal termination (return value 1)
		Usr 0 00:00:00, Sys 0 00:00:00  -  Run Remote Usage
		Usr 0 00:00:00, Sys 0 00:00:00  -  Run Local Usage
		Usr 0 00:00:00, Sys 0 00:00:00  -  Total Remote Usage
		Usr 0 00:00:00, Sys 0 00:00:00  -  Total Local Usage
	1146  -  Run Bytes Sent By Job
	32875  -  Run Bytes Received By Job
	1146  -  Total Bytes Sent By Job
	32875  -  Total Bytes Received By Job
	Partitionable Resources :    Usage  Request          
	   Cpus                 :                 1          
	   Disk (KB)            :       56       56          
	   Memory (MB)          :        0        0          
...
000 (265559.000.000) 04/28 02:01:15 Job submitted from host: <18.12.1.74:45694>
...
001 (265559.000.000) 04/28 02:02:08 Job executing on host: <18.12.12.15:46789>
...
006 (265559.000.000) 04/28 02:02:16 Image size of job updated: 1
	2  -  MemoryUsage of job (MB)
	1704  -  ResidentSetSize of job (KB)
...
006 (265559.000.000) 04/28 02:07:16 Image size of job updated: 288568
	152  -  MemoryUsage of job (MB)
	154652  -  ResidentSetSize of job (KB)
...
006 (265559.000.000) 04/28 02:12:17 Image size of job updated: 313660
	166  -  MemoryUsage of job (MB)
	169580  -  ResidentSetSize of job (KB)
...
006 (265559.000.000) 04/28 02:12:36 Image size of job updated: 316276
	166  -  MemoryUsage of job (MB)
	169580  -  ResidentSetSize of job (KB)
...
005 (265559.000.000) 04/28 02:12:36 Job terminated.
	(1) Normal termination (return value 0)
		Usr 0 00:02:52, Sys 0 00:00:04  -  Run Remote Usage
		Usr 0 00:00:00, Sys 0 00:00:00  -  Run Local Usage
		Usr 0 00:02:52, Sys 0 00:00:04  -  Total Remote Usage
		Usr 0 00:00:00, Sys 0 00:00:00  -  Total Local Usage
	32786  -  Run Bytes Sent By Job
	32889  -  Run Bytes Received By Job
	32786  -  Total Bytes Sent By Job
	32889  -  Total Bytes Received By Job
	Partitionable Resources :    Usage  Request          
	   Cpus                 :                 1          
	   Disk (KB)            :      529      529          
	   Memory (MB)          :      166      166          
...
