000 (263738.000.000) 04/26 03:18:08 Job submitted from host: <18.12.1.74:45694>
...
009 (263738.000.000) 04/26 03:18:32 Job was aborted by the user.
	via condor_rm (by user tawei)
...
000 (263788.000.000) 04/26 03:19:13 Job submitted from host: <18.12.1.74:45694>
...
001 (263788.000.000) 04/26 03:20:36 Job executing on host: <18.12.8.220:48176>
...
006 (263788.000.000) 04/26 03:20:45 Image size of job updated: 210916
	104  -  MemoryUsage of job (MB)
	106164  -  ResidentSetSize of job (KB)
...
006 (263788.000.000) 04/26 03:25:03 Image size of job updated: 316076
	104  -  MemoryUsage of job (MB)
	106164  -  ResidentSetSize of job (KB)
...
005 (263788.000.000) 04/26 03:25:03 Job terminated.
	(1) Normal termination (return value 0)
		Usr 0 00:03:44, Sys 0 00:00:05  -  Run Remote Usage
		Usr 0 00:00:00, Sys 0 00:00:00  -  Run Local Usage
		Usr 0 00:03:44, Sys 0 00:00:05  -  Total Remote Usage
		Usr 0 00:00:00, Sys 0 00:00:00  -  Total Local Usage
	33461  -  Run Bytes Sent By Job
	32579  -  Run Bytes Received By Job
	33461  -  Total Bytes Sent By Job
	32579  -  Total Bytes Received By Job
	Partitionable Resources :    Usage  Request          
	   Cpus                 :                 1          
	   Disk (KB)            :       87       87          
	   Memory (MB)          :      104      104          
...
000 (263890.000.000) 04/26 04:01:36 Job submitted from host: <18.12.1.74:45694>
...
001 (263890.000.000) 04/26 04:02:40 Job executing on host: <18.12.8.147:41533>
...
006 (263890.000.000) 04/26 04:02:48 Image size of job updated: 66808
	10  -  MemoryUsage of job (MB)
	9512  -  ResidentSetSize of job (KB)
...
006 (263890.000.000) 04/26 04:07:48 Image size of job updated: 313448
	165  -  MemoryUsage of job (MB)
	168564  -  ResidentSetSize of job (KB)
...
006 (263890.000.000) 04/26 04:08:33 Image size of job updated: 316084
	165  -  MemoryUsage of job (MB)
	168564  -  ResidentSetSize of job (KB)
...
005 (263890.000.000) 04/26 04:08:33 Job terminated.
	(1) Normal termination (return value 0)
		Usr 0 00:03:25, Sys 0 00:00:05  -  Run Remote Usage
		Usr 0 00:00:00, Sys 0 00:00:00  -  Run Local Usage
		Usr 0 00:03:25, Sys 0 00:00:05  -  Total Remote Usage
		Usr 0 00:00:00, Sys 0 00:00:00  -  Total Local Usage
	32899  -  Run Bytes Sent By Job
	32607  -  Run Bytes Received By Job
	32899  -  Total Bytes Sent By Job
	32607  -  Total Bytes Received By Job
	Partitionable Resources :    Usage  Request          
	   Cpus                 :                 1          
	   Disk (KB)            :      461      461          
	   Memory (MB)          :      165      165          
...
000 (265247.000.000) 04/27 23:58:41 Job submitted from host: <18.12.1.74:45694>
...
009 (265247.000.000) 04/27 23:59:18 Job was aborted by the user.
	via condor_rm (by user tawei)
...
000 (265297.000.000) 04/27 23:59:30 Job submitted from host: <18.12.1.74:45694>
...
001 (265297.000.000) 04/27 23:59:37 Job executing on host: <18.12.8.192:43504>
...
006 (265297.000.000) 04/27 23:59:41 Image size of job updated: 1
	0  -  MemoryUsage of job (MB)
	0  -  ResidentSetSize of job (KB)
...
005 (265297.000.000) 04/27 23:59:41 Job terminated.
	(1) Normal termination (return value 1)
		Usr 0 00:00:00, Sys 0 00:00:00  -  Run Remote Usage
		Usr 0 00:00:00, Sys 0 00:00:00  -  Run Local Usage
		Usr 0 00:00:00, Sys 0 00:00:00  -  Total Remote Usage
		Usr 0 00:00:00, Sys 0 00:00:00  -  Total Local Usage
	1146  -  Run Bytes Sent By Job
	32875  -  Run Bytes Received By Job
	1146  -  Total Bytes Sent By Job
	32875  -  Total Bytes Received By Job
	Partitionable Resources :    Usage  Request          
	   Cpus                 :                 1          
	   Disk (KB)            :       56       56          
	   Memory (MB)          :        0        0          
...
000 (265555.000.000) 04/28 02:01:14 Job submitted from host: <18.12.1.74:45694>
...
001 (265555.000.000) 04/28 02:02:08 Job executing on host: <18.12.12.11:41679>
...
006 (265555.000.000) 04/28 02:02:16 Image size of job updated: 1
	2  -  MemoryUsage of job (MB)
	1704  -  ResidentSetSize of job (KB)
...
006 (265555.000.000) 04/28 02:07:16 Image size of job updated: 288572
	151  -  MemoryUsage of job (MB)
	153704  -  ResidentSetSize of job (KB)
...
006 (265555.000.000) 04/28 02:17:17 Image size of job updated: 310144
	162  -  MemoryUsage of job (MB)
	164956  -  ResidentSetSize of job (KB)
...
006 (265555.000.000) 04/28 02:18:12 Image size of job updated: 316160
	162  -  MemoryUsage of job (MB)
	164956  -  ResidentSetSize of job (KB)
...
005 (265555.000.000) 04/28 02:18:12 Job terminated.
	(1) Normal termination (return value 0)
		Usr 0 00:02:47, Sys 0 00:00:03  -  Run Remote Usage
		Usr 0 00:00:00, Sys 0 00:00:00  -  Run Local Usage
		Usr 0 00:02:47, Sys 0 00:00:03  -  Total Remote Usage
		Usr 0 00:00:00, Sys 0 00:00:00  -  Total Local Usage
	32839  -  Run Bytes Sent By Job
	32889  -  Run Bytes Received By Job
	32839  -  Total Bytes Sent By Job
	32889  -  Total Bytes Received By Job
	Partitionable Resources :    Usage  Request          
	   Cpus                 :                 1          
	   Disk (KB)            :      246      246          
	   Memory (MB)          :      162      162          
...
