/export/data1/condor/execute/dir_3819
gcc (GCC) 4.6.2
Copyright (C) 2011 Free Software Foundation, Inc.
This is free software; see the source for copying conditions.  There is NO
warranty; not even for MERCHANTABILITY or FITNESS FOR A PARTICULAR PURPOSE.

5.32/00
Linux version 2.6.32-358.el6.x86_64 (mockbuild@sl6.fnal.gov) (gcc version 4.4.7 20120313 (Red Hat 4.4.7-3) (GCC) ) #1 SMP Fri Feb 22 20:37:17 CST 2013

Processing fitBs.C(30)...
The local date and time is: Mon Apr 28 02:02:52 2014

 FCN=51.09 FROM HESSE     STATUS=RESET          35 CALLS         818 TOTAL
                     EDM=1.74677e-07    STRATEGY= 1  ERROR MATRIX UNCERTAINTY 100.0 per cent
  EXT PARAMETER                APPROXIMATE        STEP         FIRST   
  NO.   NAME      VALUE            ERROR          SIZE      DERIVATIVE 
   1  p0           1.46834e+02   1.71547e+00   1.71547e-02   3.14754e-01
   2  p1           5.36991e+00   1.80509e-04   1.80509e-06   3.52717e+03
   3  p2           1.17656e-02   1.36451e-04   1.36451e-06  -3.26142e-01
   4  p3           1.28682e+01   1.57196e-01   1.57196e-03  -2.68056e+00
   5  p4          -2.04693e-02   2.71701e-02   2.71701e-04   1.45628e+02
   6  p5          -3.51569e-01   4.68012e-03   4.68012e-05  -5.82654e+00
   7  p6           0.00000e+00   2.82843e+00   2.82843e-02  -4.87893e-02
   8  p7           7.40832e-01   1.00098e-02   1.00098e-04  -1.55201e+01
   9  p8           2.93696e-02   6.11333e-04   6.11333e-06   5.60321e-01
  10  p9           0.00000e+00   1.00000e+00   1.00000e-02   2.81800e-02
  11  p10          0.00000e+00   1.00000e+00   1.00000e-02   4.32797e-01
  12  p11          0.00000e+00     fixed    
                               ERR DEF= 0.5
 FCN=19.702 FROM HESSE     STATUS=RESET          30 CALLS         507 TOTAL
                     EDM=3.56714e-09    STRATEGY= 1  ERROR MATRIX UNCERTAINTY 100.0 per cent
  EXT PARAMETER                APPROXIMATE        STEP         FIRST   
  NO.   NAME      VALUE            ERROR          SIZE      DERIVATIVE 
   1  p0           8.80688e-01   1.62070e-01   1.62070e-03   3.33161e+00
   2  p1           5.37091e+00   2.64329e-03   2.64329e-05   2.40869e+02
   3  p2           1.17656e-02     fixed    
   4  p3           1.07018e+02   3.23872e-01   3.23872e-03  -2.03570e+00
   5  p4          -2.82726e+01   5.74207e-02   5.74207e-04  -2.01608e+05
   6  p5           1.80062e+00   1.01328e-02   1.01328e-04   1.90773e+01
   7  p6           0.00000e+00   5.65685e+00   5.65685e-02  -4.82050e-03
   8  p7           7.40832e-01     fixed    
   9  p8           2.93696e-02     fixed    
  10  p9           0.00000e+00   1.00000e+00   1.00000e-02  -1.37997e-01
  11  p10          0.00000e+00   1.00000e+00   1.00000e-02  -8.17572e-01
  12  p11          0.00000e+00     fixed    
                               ERR DEF= 0.5
351
fit result:44.0344 44.0344
The local date and time is: Mon Apr 28 02:11:18 2014

Got Nsig:536/44.0344
Got extracted:44.0344
Pseudo exp:0
The local date and time is: Mon Apr 28 02:11:18 2014

cout:536
_cout:3123
true_yield:47
Start pseudo exp fit:0
The local date and time is: Mon Apr 28 02:11:22 2014

 FCN=38.5715 FROM HESSE     STATUS=RESET          30 CALLS         507 TOTAL
                     EDM=4.72451e-09    STRATEGY= 1  ERROR MATRIX UNCERTAINTY 100.0 per cent
  EXT PARAMETER                APPROXIMATE        STEP         FIRST   
  NO.   NAME      VALUE            ERROR          SIZE      DERIVATIVE 
   1  p0           8.24088e-01   1.67146e-01   1.67146e-03   3.23043e+00
   2  p1           5.36601e+00   4.45971e-03   4.45971e-05   1.42764e+02
   3  p2           1.17656e-02     fixed    
   4  p3           2.37595e+02   3.09036e-01   3.09036e-03  -2.13343e+00
   5  p4          -7.36901e+01   5.44266e-02   5.44266e-04  -5.28470e+05
   6  p5           5.73415e+00   9.54133e-03   9.54133e-05   2.02599e+01
   7  p6           0.00000e+00   8.00000e+00   8.00000e-02  -3.40861e-03
   8  p7           7.40832e-01     fixed    
   9  p8           2.93696e-02     fixed    
  10  p9           0.00000e+00   1.00000e+00   1.00000e-02  -1.37997e-01
  11  p10          0.00000e+00   1.00000e+00   1.00000e-02  -8.17572e-01
  12  p11          0.00000e+00     fixed    
                               ERR DEF= 0.5
353
fit result:41.2044 41.2044
The local date and time is: Mon Apr 28 02:11:22 2014

Pseudo exp:1
The local date and time is: Mon Apr 28 02:11:22 2014

cout:536
_cout:3009
true_yield:58
Start pseudo exp fit:1
The local date and time is: Mon Apr 28 02:11:26 2014

 FCN=20.9439 FROM HESSE     STATUS=RESET          30 CALLS        2059 TOTAL
                     EDM=6.14966e-07    STRATEGY= 1  ERROR MATRIX UNCERTAINTY 100.0 per cent
  EXT PARAMETER                APPROXIMATE        STEP         FIRST   
  NO.   NAME      VALUE            ERROR          SIZE      DERIVATIVE 
   1  p0           1.12836e+00   1.81415e-01   1.81415e-03   2.97633e+00
   2  p1           5.36636e+00   2.69090e-03   2.69090e-05   2.36607e+02
   3  p2           1.17656e-02     fixed    
   4  p3           9.05204e+01   3.38254e-01   3.38254e-03  -1.94914e+00
   5  p4          -2.38975e+01   6.02414e-02   6.02414e-04  -1.63162e+05
   6  p5           1.55166e+00   1.06752e-02   1.06752e-04   1.81080e+01
   7  p6           0.00000e+00   5.65685e+00   5.65685e-02  -4.82050e-03
   8  p7           7.40832e-01     fixed    
   9  p8           2.93696e-02     fixed    
  10  p9           0.00000e+00   1.00000e+00   1.00000e-02  -1.37997e-01
  11  p10          0.00000e+00   1.00000e+00   1.00000e-02  -8.17572e-01
  12  p11          0.00000e+00     fixed    
                               ERR DEF= 0.5
364
fit result:56.4179 56.418
The local date and time is: Mon Apr 28 02:11:26 2014

Pseudo exp:2
The local date and time is: Mon Apr 28 02:11:26 2014

cout:536
_cout:2973
true_yield:50
Start pseudo exp fit:2
The local date and time is: Mon Apr 28 02:11:30 2014

 FCN=24.2753 FROM IMProve     STATUS=RESET        2921 CALLS        5419 TOTAL
                     EDM=9.82819e-07    STRATEGY= 1  ERROR MATRIX UNCERTAINTY  50.0 per cent
  EXT PARAMETER                APPROXIMATE        STEP         FIRST   
  NO.   NAME      VALUE            ERROR          SIZE      DERIVATIVE 
   1  p0           1.00101e+00   1.73383e-01   1.73383e-03  -5.95702e+97
   2  p1           5.37311e+00   3.24866e-03   3.24866e-05  -3.43980e+98
   3  p2           1.17656e-02     fixed    
   4  p3           2.95503e+01   3.26734e+00   3.26734e-02  -1.83658e+98
   5  p4          -7.79365e-05   1.10497e+02   1.10497e+00** at limit **
   6  p5          -7.72491e-01   8.37285e-02   8.37285e-04  -5.83507e+99
   7  p6           0.00000e+00   1.00000e+00   1.00000e-02  -1.10044e+94
   8  p7           7.40832e-01     fixed    
   9  p8           2.93696e-02     fixed    
  10  p9           0.00000e+00   1.00000e+00   1.00000e-02   1.32471e+94
  11  p10          0.00000e+00   1.00000e+00   1.00000e-02   4.52995e+92
  12  p11          0.00000e+00     fixed    
                               ERR DEF= 0.5
356
fit result:50.0505 50.0505
The local date and time is: Mon Apr 28 02:11:30 2014

Pseudo exp:3
The local date and time is: Mon Apr 28 02:11:30 2014

cout:536
_cout:2828
true_yield:44
Start pseudo exp fit:3
The local date and time is: Mon Apr 28 02:11:34 2014

 FCN=23.857 FROM HESSE     STATUS=RESET          30 CALLS         507 TOTAL
                     EDM=8.19419e-08    STRATEGY= 1  ERROR MATRIX UNCERTAINTY 100.0 per cent
  EXT PARAMETER                APPROXIMATE        STEP         FIRST   
  NO.   NAME      VALUE            ERROR          SIZE      DERIVATIVE 
   1  p0           7.78407e-01   1.59930e-01   1.59930e-03   3.37617e+00
   2  p1           5.36843e+00   3.68694e-03   3.68694e-05   1.72687e+02
   3  p2           1.17656e-02     fixed    
   4  p3           1.59477e+02   3.25071e-01   3.25071e-03  -2.02818e+00
   5  p4          -4.70240e+01   5.75936e-02   5.75936e-04  -3.27864e+05
   6  p5           3.47383e+00   1.01554e-02   1.01554e-04   1.90348e+01
   7  p6           0.00000e+00   4.92803e+01   4.92803e-01  -5.53343e-04
   8  p7           7.40832e-01     fixed    
   9  p8           2.93696e-02     fixed    
  10  p9           0.00000e+00   1.00000e+00   1.00000e-02  -1.37997e-01
  11  p10          0.00000e+00   1.00000e+00   1.00000e-02  -8.17572e-01
  12  p11          0.00000e+00     fixed    
                               ERR DEF= 0.5
350
fit result:38.9204 38.9204
The local date and time is: Mon Apr 28 02:11:34 2014

Pseudo exp:4
The local date and time is: Mon Apr 28 02:11:34 2014

cout:536
_cout:2793
true_yield:40
Start pseudo exp fit:4
The local date and time is: Mon Apr 28 02:11:37 2014

 FCN=16.2174 FROM HESSE     STATUS=RESET          30 CALLS         507 TOTAL
                     EDM=8.16057e-11    STRATEGY= 1  ERROR MATRIX UNCERTAINTY 100.0 per cent
  EXT PARAMETER                APPROXIMATE        STEP         FIRST   
  NO.   NAME      VALUE            ERROR          SIZE      DERIVATIVE 
   1  p0           9.27348e-01   1.69450e-01   1.69450e-03   3.18649e+00
   2  p1           5.36271e+00   3.08479e-03   3.08479e-05   2.06395e+02
   3  p2           1.17656e-02     fixed    
   4  p3           3.19955e+02   3.19626e-01   3.19626e-03  -2.06274e+00
   5  p4          -1.05346e+02   5.67107e-02   5.67107e-04  -7.00286e+05
   6  p5           8.75090e+00   1.00187e-02   1.00187e-04   1.92947e+01
   7  p6           0.00000e+00   8.00000e+00   8.00000e-02  -3.40861e-03
   8  p7           7.40832e-01     fixed    
   9  p8           2.93696e-02     fixed    
  10  p9           0.00000e+00   1.00000e+00   1.00000e-02  -1.37997e-01
  11  p10          0.00000e+00   1.00000e+00   1.00000e-02  -8.17572e-01
  12  p11          0.00000e+00     fixed    
                               ERR DEF= 0.5
346
fit result:46.3674 46.3674
The local date and time is: Mon Apr 28 02:11:38 2014

Pseudo exp:5
The local date and time is: Mon Apr 28 02:11:38 2014

cout:536
_cout:3111
true_yield:51
Start pseudo exp fit:5
The local date and time is: Mon Apr 28 02:11:41 2014

 FCN=24.8408 FROM HESSE     STATUS=RESET          30 CALLS         507 TOTAL
                     EDM=1.92928e-07    STRATEGY= 1  ERROR MATRIX UNCERTAINTY 100.0 per cent
  EXT PARAMETER                APPROXIMATE        STEP         FIRST   
  NO.   NAME      VALUE            ERROR          SIZE      DERIVATIVE 
   1  p0           9.43316e-01   1.70209e-01   1.70209e-03   3.17229e+00
   2  p1           5.37199e+00   3.04035e-03   3.04035e-05   2.09412e+02
   3  p2           1.17656e-02     fixed    
   4  p3           3.06623e+01   3.13736e-01   3.13736e-03  -2.10146e+00
   5  p4          -7.71146e-04   9.92246e-01   9.92246e-03  -1.05308e+02
   6  p5          -8.06461e-01   9.69903e-03   9.69903e-05   1.99305e+01
   7  p6           0.00000e+00   5.65685e+00   5.65685e-02  -4.82050e-03
   8  p7           7.40832e-01     fixed    
   9  p8           2.93696e-02     fixed    
  10  p9           0.00000e+00   1.00000e+00   1.00000e-02  -1.37997e-01
  11  p10          0.00000e+00   1.00000e+00   1.00000e-02  -8.17572e-01
  12  p11          0.00000e+00     fixed    
                               ERR DEF= 0.5
357
fit result:47.1658 47.1658
The local date and time is: Mon Apr 28 02:11:42 2014

Pseudo exp:6
The local date and time is: Mon Apr 28 02:11:42 2014

cout:536
_cout:2910
true_yield:37
Start pseudo exp fit:6
The local date and time is: Mon Apr 28 02:11:45 2014

 FCN=29.2642 FROM HESSE     STATUS=RESET          30 CALLS         552 TOTAL
                     EDM=1.512e-07    STRATEGY= 1  ERROR MATRIX UNCERTAINTY 100.0 per cent
  EXT PARAMETER                APPROXIMATE        STEP         FIRST   
  NO.   NAME      VALUE            ERROR          SIZE      DERIVATIVE 
   1  p0           8.39673e-01   1.61206e-01   1.61206e-03   3.34945e+00
   2  p1           5.37530e+00   3.05751e-03   3.05751e-05   2.08237e+02
   3  p2           1.17656e-02     fixed    
   4  p3           2.09401e+02   3.38978e-01   3.38978e-03  -1.94498e+00
   5  p4          -6.78672e+01   6.05701e-02   6.05701e-04  -4.40094e+05
   6  p5           5.60099e+00   1.07709e-02   1.07709e-04   1.79471e+01
   7  p6           0.00000e+00   5.65685e+00   5.65685e-02  -4.82050e-03
   8  p7           7.40832e-01     fixed    
   9  p8           2.93696e-02     fixed    
  10  p9           0.00000e+00   1.00000e+00   1.00000e-02  -1.37997e-01
  11  p10          0.00000e+00   1.00000e+00   1.00000e-02  -8.17572e-01
  12  p11          0.00000e+00     fixed    
                               ERR DEF= 0.5
343
fit result:41.9836 41.9837
The local date and time is: Mon Apr 28 02:11:46 2014

Pseudo exp:7
The local date and time is: Mon Apr 28 02:11:46 2014

cout:536
_cout:2885
true_yield:50
Start pseudo exp fit:7
The local date and time is: Mon Apr 28 02:11:49 2014

 FCN=19.9628 FROM HESSE     STATUS=RESET          30 CALLS         507 TOTAL
                     EDM=7.86359e-08    STRATEGY= 1  ERROR MATRIX UNCERTAINTY 100.0 per cent
  EXT PARAMETER                APPROXIMATE        STEP         FIRST   
  NO.   NAME      VALUE            ERROR          SIZE      DERIVATIVE 
   1  p0           8.29834e-01   1.60595e-01   1.60595e-03   3.36219e+00
   2  p1           5.37458e+00   2.82241e-03   2.82241e-05   2.25582e+02
   3  p2           1.17656e-02     fixed    
   4  p3           1.40070e+02   3.15340e-01   3.15340e-03  -2.09077e+00
   5  p4          -3.87436e+01   5.56853e-02   5.56853e-04  -2.81815e+05
   6  p5           2.61470e+00   9.78981e-03   9.78981e-05   1.97457e+01
   7  p6           0.00000e+00   5.65685e+00   5.65685e-02  -4.82050e-03
   8  p7           7.40832e-01     fixed    
   9  p8           2.93696e-02     fixed    
  10  p9           0.00000e+00   1.00000e+00   1.00000e-02  -1.37997e-01
  11  p10          0.00000e+00   1.00000e+00   1.00000e-02  -8.17572e-01
  12  p11          0.00000e+00     fixed    
                               ERR DEF= 0.5
356
fit result:41.4917 41.4917
The local date and time is: Mon Apr 28 02:11:49 2014

Pseudo exp:8
The local date and time is: Mon Apr 28 02:11:49 2014

cout:536
_cout:3048
true_yield:43
Start pseudo exp fit:8
The local date and time is: Mon Apr 28 02:11:53 2014

 FCN=35.9509 FROM HESSE     STATUS=RESET          30 CALLS         507 TOTAL
                     EDM=2.10122e-09    STRATEGY= 1  ERROR MATRIX UNCERTAINTY 100.0 per cent
  EXT PARAMETER                APPROXIMATE        STEP         FIRST   
  NO.   NAME      VALUE            ERROR          SIZE      DERIVATIVE 
   1  p0           8.22854e-01   1.59871e-01   1.59871e-03   3.37741e+00
   2  p1           5.37388e+00   2.89086e-03   2.89086e-05   2.20241e+02
   3  p2           1.17656e-02     fixed    
   4  p3           1.84033e+02   3.16765e-01   3.16765e-03  -2.08137e+00
   5  p4          -5.51858e+01   5.60628e-02   5.60628e-04  -3.91891e+05
   6  p5           4.14218e+00   9.88001e-03   9.88001e-05   1.95654e+01
   7  p6           0.00000e+00   5.65685e+00   5.65685e-02  -4.82050e-03
   8  p7           7.40832e-01     fixed    
   9  p8           2.93696e-02     fixed    
  10  p9           0.00000e+00   1.00000e+00   1.00000e-02  -1.37997e-01
  11  p10          0.00000e+00   1.00000e+00   1.00000e-02  -8.17572e-01
  12  p11          0.00000e+00     fixed    
                               ERR DEF= 0.5
349
fit result:41.1427 41.1427
The local date and time is: Mon Apr 28 02:11:53 2014

Pseudo exp:9
The local date and time is: Mon Apr 28 02:11:53 2014

cout:536
_cout:2941
true_yield:51
Start pseudo exp fit:9
The local date and time is: Mon Apr 28 02:11:57 2014

 FCN=20.2181 FROM HESSE     STATUS=RESET          30 CALLS         528 TOTAL
                     EDM=4.1534e-08    STRATEGY= 1  ERROR MATRIX UNCERTAINTY 100.0 per cent
  EXT PARAMETER                APPROXIMATE        STEP         FIRST   
  NO.   NAME      VALUE            ERROR          SIZE      DERIVATIVE 
   1  p0           1.01199e+00   1.74585e-01   1.74585e-03   3.09278e+00
   2  p1           5.37045e+00   2.82915e-03   2.82915e-05   2.25045e+02
   3  p2           1.17656e-02     fixed    
   4  p3           2.74050e+01   3.27926e-01   3.27926e-03  -2.01053e+00
   5  p4          -1.81722e-07   1.56350e+01   1.56350e-01** at limit **
   6  p5          -7.01490e-01   1.02726e-02   1.02726e-04   1.88177e+01
   7  p6           0.00000e+00   2.40000e+00   2.40000e-02  -1.13620e-02
   8  p7           7.40832e-01     fixed    
   9  p8           2.93696e-02     fixed    
  10  p9           0.00000e+00   1.00000e+00   1.00000e-02  -1.37997e-01
  11  p10          0.00000e+00   1.00000e+00   1.00000e-02  -8.17572e-01
  12  p11          0.00000e+00     fixed    
                               ERR DEF= 0.5
357
fit result:50.5995 50.5995
The local date and time is: Mon Apr 28 02:11:57 2014

Pseudo exp:10
The local date and time is: Mon Apr 28 02:11:57 2014

cout:536
_cout:2980
true_yield:44
Start pseudo exp fit:10
The local date and time is: Mon Apr 28 02:12:01 2014

 FCN=19.1527 FROM HESSE     STATUS=RESET          30 CALLS         508 TOTAL
                     EDM=5.75613e-07    STRATEGY= 1  ERROR MATRIX UNCERTAINTY 100.0 per cent
  EXT PARAMETER                APPROXIMATE        STEP         FIRST   
  NO.   NAME      VALUE            ERROR          SIZE      DERIVATIVE 
   1  p0           9.45947e-01   1.72474e-01   1.72474e-03   3.13063e+00
   2  p1           5.37409e+00   3.56438e-03   3.56438e-05   1.78624e+02
   3  p2           1.17656e-02     fixed    
   4  p3           5.63250e+01   3.30651e-01   3.30651e-03  -1.99396e+00
   5  p4          -1.10101e+01   5.87766e-02   5.87766e-04  -7.80633e+04
   6  p5           3.39066e-01   1.03973e-02   1.03973e-04   1.85920e+01
   7  p6           0.00000e+00   2.00000e+00   2.00000e-02  -1.36344e-02
   8  p7           7.40832e-01     fixed    
   9  p8           2.93696e-02     fixed    
  10  p9           0.00000e+00   1.00000e+00   1.00000e-02  -1.37997e-01
  11  p10          0.00000e+00   1.00000e+00   1.00000e-02  -8.17572e-01
  12  p11          0.00000e+00     fixed    
                               ERR DEF= 0.5
350
fit result:47.2973 47.2974
The local date and time is: Mon Apr 28 02:12:01 2014

Pseudo exp:11
The local date and time is: Mon Apr 28 02:12:01 2014

cout:536
_cout:2958
true_yield:37
Start pseudo exp fit:11
The local date and time is: Mon Apr 28 02:12:05 2014

 FCN=17.0151 FROM HESSE     STATUS=RESET          30 CALLS         507 TOTAL
                     EDM=1.8418e-10    STRATEGY= 1  ERROR MATRIX UNCERTAINTY 100.0 per cent
  EXT PARAMETER                APPROXIMATE        STEP         FIRST   
  NO.   NAME      VALUE            ERROR          SIZE      DERIVATIVE 
   1  p0           7.68056e-01   1.60135e-01   1.60135e-03   3.37185e+00
   2  p1           5.36613e+00   4.01625e-03   4.01625e-05   1.58528e+02
   3  p2           1.17656e-02     fixed    
   4  p3           1.53916e+02   3.34777e-01   3.34777e-03  -1.96938e+00
   5  p4          -4.67224e+01   5.96329e-02   5.96329e-04  -3.14721e+05
   6  p5           3.59831e+00   1.05715e-02   1.05715e-04   1.82856e+01
   7  p6           0.00000e+00   8.18451e+02   8.18451e+00  -3.33177e-05
   8  p7           7.40832e-01     fixed    
   9  p8           2.93696e-02     fixed    
  10  p9           0.00000e+00   1.00000e+00   1.00000e-02  -1.37997e-01
  11  p10          0.00000e+00   1.00000e+00   1.00000e-02  -8.17572e-01
  12  p11          0.00000e+00     fixed    
                               ERR DEF= 0.5
343
fit result:38.4028 38.4028
The local date and time is: Mon Apr 28 02:12:05 2014

Pseudo exp:12
The local date and time is: Mon Apr 28 02:12:05 2014

cout:536
_cout:3150
true_yield:42
Start pseudo exp fit:12
The local date and time is: Mon Apr 28 02:12:09 2014

 FCN=14.4878 FROM HESSE     STATUS=RESET          30 CALLS         548 TOTAL
                     EDM=7.28383e-08    STRATEGY= 1  ERROR MATRIX UNCERTAINTY 100.0 per cent
  EXT PARAMETER                APPROXIMATE        STEP         FIRST   
  NO.   NAME      VALUE            ERROR          SIZE      DERIVATIVE 
   1  p0           7.40627e-01   1.55379e-01   1.55379e-03   3.47505e+00
   2  p1           5.37712e+00   3.25151e-03   3.25151e-05   1.95812e+02
   3  p2           1.17656e-02     fixed    
   4  p3           1.58622e+02   3.42813e-01   3.42813e-03  -1.92322e+00
   5  p4          -4.90443e+01   6.12051e-02   6.12051e-04  -3.21091e+05
   6  p5           3.86833e+00   1.08739e-02   1.08739e-04   1.77772e+01
   7  p6           0.00000e+00   2.00000e+00   2.00000e-02  -1.36344e-02
   8  p7           7.40832e-01     fixed    
   9  p8           2.93696e-02     fixed    
  10  p9           0.00000e+00   1.00000e+00   1.00000e-02  -1.37997e-01
  11  p10          0.00000e+00   1.00000e+00   1.00000e-02  -8.17572e-01
  12  p11          0.00000e+00     fixed    
                               ERR DEF= 0.5
348
fit result:37.0314 37.0314
The local date and time is: Mon Apr 28 02:12:09 2014

Pseudo exp:13
The local date and time is: Mon Apr 28 02:12:09 2014

cout:536
_cout:3035
true_yield:47
Start pseudo exp fit:13
The local date and time is: Mon Apr 28 02:12:13 2014

 FCN=23.8419 FROM HESSE     STATUS=RESET          30 CALLS        2672 TOTAL
                     EDM=7.49532e-07    STRATEGY= 1  ERROR MATRIX UNCERTAINTY 100.0 per cent
  EXT PARAMETER                APPROXIMATE        STEP         FIRST   
  NO.   NAME      VALUE            ERROR          SIZE      DERIVATIVE 
   1  p0           8.98610e-01   1.73366e-01   1.73366e-03   3.11452e+00
   2  p1           5.36796e+00   4.58457e-03   4.58457e-05   1.38876e+02
   3  p2           1.17656e-02     fixed    
   4  p3           3.21038e+01   3.09438e-01   3.09438e-03  -2.13065e+00
   5  p4          -1.25223e-04   4.20718e+00   4.20718e-02** at limit **
   6  p5          -8.55274e-01   9.56293e-03   9.56293e-05   2.02142e+01
   7  p6           0.00000e+00   2.00000e+00   2.00000e-02  -1.36344e-02
   8  p7           7.40832e-01     fixed    
   9  p8           2.93696e-02     fixed    
  10  p9           0.00000e+00   1.00000e+00   1.00000e-02  -1.37997e-01
  11  p10          0.00000e+00   1.00000e+00   1.00000e-02  -8.17572e-01
  12  p11          0.00000e+00     fixed    
                               ERR DEF= 0.5
353
fit result:44.9305 44.9305
The local date and time is: Mon Apr 28 02:12:13 2014

Pseudo exp:14
The local date and time is: Mon Apr 28 02:12:13 2014

cout:536
_cout:3130
true_yield:57
Start pseudo exp fit:14
The local date and time is: Mon Apr 28 02:12:17 2014

 FCN=28.145 FROM HESSE     STATUS=RESET          30 CALLS        1071 TOTAL
                     EDM=5.50437e-08    STRATEGY= 1  ERROR MATRIX UNCERTAINTY 100.0 per cent
  EXT PARAMETER                APPROXIMATE        STEP         FIRST   
  NO.   NAME      VALUE            ERROR          SIZE      DERIVATIVE 
   1  p0           1.35766e+00   1.88860e-01   1.88860e-03   2.85901e+00
   2  p1           5.36945e+00   2.13868e-03   2.13868e-05   2.97701e+02
   3  p2           1.17656e-02     fixed    
   4  p3           5.10031e+02   3.28189e-01   3.28189e-03  -2.00892e+00
   5  p4          -1.76058e+02   5.85755e-02   5.85755e-04  -1.04353e+06
   6  p5           1.53030e+01   1.04096e-02   1.04096e-04   1.85701e+01
   7  p6           0.00000e+00   2.59676e+02   2.59676e+00  -1.05011e-04
   8  p7           7.40832e-01     fixed    
   9  p8           2.93696e-02     fixed    
  10  p9           0.00000e+00   1.00000e+00   1.00000e-02  -1.37997e-01
  11  p10          0.00000e+00   1.00000e+00   1.00000e-02  -8.17572e-01
  12  p11          0.00000e+00     fixed    
                               ERR DEF= 0.5
363
fit result:67.883 67.883
The local date and time is: Mon Apr 28 02:12:17 2014

Pseudo exp:15
The local date and time is: Mon Apr 28 02:12:17 2014

cout:536
_cout:2784
true_yield:42
Start pseudo exp fit:15
The local date and time is: Mon Apr 28 02:12:21 2014

 FCN=27.6532 FROM SIMPLEX   STATUS=RESET         298 CALLS        1804 TOTAL
                     EDM=8.52172e-07    STRATEGY= 1  ERROR MATRIX UNCERTAINTY  50.0 per cent
  EXT PARAMETER                APPROXIMATE        STEP         FIRST   
  NO.   NAME      VALUE            ERROR          SIZE      DERIVATIVE 
   1  p0           7.95218e-01   1.60389e-01   1.60389e-03  -7.44111e+02
   2  p1           5.37881e+00   2.80255e-03   2.80255e-05  -1.71455e+05
   3  p2           1.17656e-02     fixed    
   4  p3           2.99870e+01   3.38843e+00   3.38843e-02  -5.87519e+03
   5  p4          -2.24947e-05   7.22663e+00   7.22663e-02** at limit **
   6  p5          -7.85304e-01   1.05682e-01   1.05682e-03  -1.85726e+05
   7  p6           0.00000e+00   1.00000e+00   1.00000e-02   7.22886e+00
   8  p7           7.40832e-01     fixed    
   9  p8           2.93696e-02     fixed    
  10  p9           0.00000e+00   1.00000e+00   1.00000e-02  -9.52568e+00
  11  p10          0.00000e+00   1.00000e+00   1.00000e-02  -8.24778e-01
  12  p11          0.00000e+00     fixed    
                               ERR DEF= 0.5
348
fit result:39.7609 39.7609
The local date and time is: Mon Apr 28 02:12:21 2014

Pseudo exp:16
The local date and time is: Mon Apr 28 02:12:21 2014

cout:536
_cout:2912
true_yield:44
Start pseudo exp fit:16
The local date and time is: Mon Apr 28 02:12:24 2014

 FCN=21.2691 FROM HESSE     STATUS=RESET          30 CALLS         507 TOTAL
                     EDM=2.56907e-08    STRATEGY= 1  ERROR MATRIX UNCERTAINTY 100.0 per cent
  EXT PARAMETER                APPROXIMATE        STEP         FIRST   
  NO.   NAME      VALUE            ERROR          SIZE      DERIVATIVE 
   1  p0           1.01539e+00   1.75692e-01   1.75692e-03   3.07329e+00
   2  p1           5.37241e+00   3.34704e-03   3.34704e-05   1.90223e+02
   3  p2           1.17656e-02     fixed    
   4  p3           2.87158e+02   3.10279e-01   3.10279e-03  -2.12488e+00
   5  p4          -9.24929e+01   5.48360e-02   5.48360e-04  -6.44999e+05
   6  p5           7.50122e+00   9.64876e-03   9.64876e-05   2.00344e+01
   7  p6           0.00000e+00   5.15738e+01   5.15738e-01  -5.28735e-04
   8  p7           7.40832e-01     fixed    
   9  p8           2.93696e-02     fixed    
  10  p9           0.00000e+00   1.00000e+00   1.00000e-02  -1.37997e-01
  11  p10          0.00000e+00   1.00000e+00   1.00000e-02  -8.17572e-01
  12  p11          0.00000e+00     fixed    
                               ERR DEF= 0.5
350
fit result:50.7694 50.7694
The local date and time is: Mon Apr 28 02:12:25 2014

Pseudo exp:17
The local date and time is: Mon Apr 28 02:12:25 2014

cout:536
_cout:2948
true_yield:40
Start pseudo exp fit:17
The local date and time is: Mon Apr 28 02:12:28 2014

 FCN=23.1516 FROM HESSE     STATUS=RESET          30 CALLS         507 TOTAL
                     EDM=3.45822e-10    STRATEGY= 1  ERROR MATRIX UNCERTAINTY 100.0 per cent
  EXT PARAMETER                APPROXIMATE        STEP         FIRST   
  NO.   NAME      VALUE            ERROR          SIZE      DERIVATIVE 
   1  p0           7.86597e-01   1.57105e-01   1.57105e-03   3.43689e+00
   2  p1           5.37486e+00   3.04959e-03   3.04959e-05   2.08777e+02
   3  p2           1.17656e-02     fixed    
   4  p3           1.18105e+02   3.39834e-01   3.39834e-03  -1.94008e+00
   5  p4          -3.43824e+01   6.06429e-02   6.06429e-04  -2.30689e+05
   6  p5           2.54280e+00   1.07678e-02   1.07678e-04   1.79524e+01
   7  p6           0.00000e+00   2.40000e+00   2.40000e-02  -1.13620e-02
   8  p7           7.40832e-01     fixed    
   9  p8           2.93696e-02     fixed    
  10  p9           0.00000e+00   1.00000e+00   1.00000e-02  -1.37997e-01
  11  p10          0.00000e+00   1.00000e+00   1.00000e-02  -8.17572e-01
  12  p11          0.00000e+00     fixed    
                               ERR DEF= 0.5
346
fit result:39.3299 39.3299
The local date and time is: Mon Apr 28 02:12:28 2014

Pseudo exp:18
The local date and time is: Mon Apr 28 02:12:28 2014

cout:536
_cout:3040
true_yield:47
Start pseudo exp fit:18
The local date and time is: Mon Apr 28 02:12:32 2014

 FCN=11.3946 FROM HESSE     STATUS=RESET          30 CALLS         507 TOTAL
                     EDM=2.72055e-08    STRATEGY= 1  ERROR MATRIX UNCERTAINTY 100.0 per cent
  EXT PARAMETER                APPROXIMATE        STEP         FIRST   
  NO.   NAME      VALUE            ERROR          SIZE      DERIVATIVE 
   1  p0           7.94775e-01   1.61887e-01   1.61887e-03   3.33536e+00
   2  p1           5.36366e+00   3.16593e-03   3.16593e-05   2.01105e+02
   3  p2           1.17656e-02     fixed    
   4  p3           4.08124e+01   3.13975e-01   3.13975e-03  -2.09987e+00
   5  p4          -3.22238e+00   5.53665e-02   5.53665e-04  -2.44453e+04
   6  p5          -5.54617e-01   9.71724e-03   9.71724e-05   1.98932e+01
   7  p6           0.00000e+00   2.00000e+00   2.00000e-02  -1.36344e-02
   8  p7           7.40832e-01     fixed    
   9  p8           2.93696e-02     fixed    
  10  p9           0.00000e+00   1.00000e+00   1.00000e-02  -1.37997e-01
  11  p10          0.00000e+00   1.00000e+00   1.00000e-02  -8.17572e-01
  12  p11          0.00000e+00     fixed    
                               ERR DEF= 0.5
353
fit result:39.7387 39.7388
The local date and time is: Mon Apr 28 02:12:32 2014

Pseudo exp:19
The local date and time is: Mon Apr 28 02:12:32 2014

cout:536
_cout:2836
true_yield:49
Start pseudo exp fit:19
The local date and time is: Mon Apr 28 02:12:36 2014

 FCN=18.6229 FROM HESSE     STATUS=RESET          30 CALLS         590 TOTAL
                     EDM=1.83743e-07    STRATEGY= 1  ERROR MATRIX UNCERTAINTY 100.0 per cent
  EXT PARAMETER                APPROXIMATE        STEP         FIRST   
  NO.   NAME      VALUE            ERROR          SIZE      DERIVATIVE 
   1  p0           9.50504e-01   1.71998e-01   1.71998e-03   3.13929e+00
   2  p1           5.37537e+00   3.13951e-03   3.13951e-05   2.02798e+02
   3  p2           1.17656e-02     fixed    
   4  p3           3.83696e+01   3.29910e-01   3.29910e-03  -1.99844e+00
   5  p4          -4.00335e+00   5.85780e-02   5.85780e-04  -2.86823e+04
   6  p5          -3.36318e-01   1.03508e-02   1.03508e-04   1.86755e+01
   7  p6           0.00000e+00   2.00000e+00   2.00000e-02  -1.36344e-02
   8  p7           7.40832e-01     fixed    
   9  p8           2.93696e-02     fixed    
  10  p9           0.00000e+00   1.00000e+00   1.00000e-02  -1.37997e-01
  11  p10          0.00000e+00   1.00000e+00   1.00000e-02  -8.17572e-01
  12  p11          0.00000e+00     fixed    
                               ERR DEF= 0.5
355
fit result:47.5252 47.5252
The local date and time is: Mon Apr 28 02:12:36 2014

