000 (263734.000.000) 04/26 03:18:08 Job submitted from host: <18.12.1.74:45694>
...
009 (263734.000.000) 04/26 03:18:32 Job was aborted by the user.
	via condor_rm (by user tawei)
...
000 (263784.000.000) 04/26 03:19:13 Job submitted from host: <18.12.1.74:45694>
...
001 (263784.000.000) 04/26 03:20:36 Job executing on host: <18.12.12.10:45256>
...
006 (263784.000.000) 04/26 03:20:45 Image size of job updated: 272856
	119  -  MemoryUsage of job (MB)
	121088  -  ResidentSetSize of job (KB)
...
006 (263784.000.000) 04/26 03:24:59 Image size of job updated: 315012
	119  -  MemoryUsage of job (MB)
	121088  -  ResidentSetSize of job (KB)
...
005 (263784.000.000) 04/26 03:24:59 Job terminated.
	(1) Normal termination (return value 0)
		Usr 0 00:03:29, Sys 0 00:00:04  -  Run Remote Usage
		Usr 0 00:00:00, Sys 0 00:00:00  -  Run Local Usage
		Usr 0 00:03:29, Sys 0 00:00:04  -  Total Remote Usage
		Usr 0 00:00:00, Sys 0 00:00:00  -  Total Local Usage
	33461  -  Run Bytes Sent By Job
	32579  -  Run Bytes Received By Job
	33461  -  Total Bytes Sent By Job
	32579  -  Total Bytes Received By Job
	Partitionable Resources :    Usage  Request          
	   Cpus                 :                 1          
	   Disk (KB)            :       87       87          
	   Memory (MB)          :      119      119          
...
000 (263886.000.000) 04/26 04:01:35 Job submitted from host: <18.12.1.74:45694>
...
001 (263886.000.000) 04/26 04:02:39 Job executing on host: <18.12.8.194:42336>
...
006 (263886.000.000) 04/26 04:02:48 Image size of job updated: 210916
	104  -  MemoryUsage of job (MB)
	106144  -  ResidentSetSize of job (KB)
...
006 (263886.000.000) 04/26 04:06:34 Image size of job updated: 316164
	104  -  MemoryUsage of job (MB)
	106144  -  ResidentSetSize of job (KB)
...
005 (263886.000.000) 04/26 04:06:34 Job terminated.
	(1) Normal termination (return value 0)
		Usr 0 00:03:07, Sys 0 00:00:05  -  Run Remote Usage
		Usr 0 00:00:00, Sys 0 00:00:00  -  Run Local Usage
		Usr 0 00:03:07, Sys 0 00:00:05  -  Total Remote Usage
		Usr 0 00:00:00, Sys 0 00:00:00  -  Total Local Usage
	32781  -  Run Bytes Sent By Job
	32607  -  Run Bytes Received By Job
	32781  -  Total Bytes Sent By Job
	32607  -  Total Bytes Received By Job
	Partitionable Resources :    Usage  Request          
	   Cpus                 :                 1          
	   Disk (KB)            :       86       86          
	   Memory (MB)          :      104      104          
...
000 (265243.000.000) 04/27 23:58:39 Job submitted from host: <18.12.1.74:45694>
...
009 (265243.000.000) 04/27 23:59:18 Job was aborted by the user.
	via condor_rm (by user tawei)
...
000 (265293.000.000) 04/27 23:59:29 Job submitted from host: <18.12.1.74:45694>
...
001 (265293.000.000) 04/27 23:59:37 Job executing on host: <18.12.8.164:48760>
...
006 (265293.000.000) 04/27 23:59:40 Image size of job updated: 1
	0  -  MemoryUsage of job (MB)
	0  -  ResidentSetSize of job (KB)
...
005 (265293.000.000) 04/27 23:59:40 Job terminated.
	(1) Normal termination (return value 1)
		Usr 0 00:00:00, Sys 0 00:00:00  -  Run Remote Usage
		Usr 0 00:00:00, Sys 0 00:00:00  -  Run Local Usage
		Usr 0 00:00:00, Sys 0 00:00:00  -  Total Remote Usage
		Usr 0 00:00:00, Sys 0 00:00:00  -  Total Local Usage
	1145  -  Run Bytes Sent By Job
	32875  -  Run Bytes Received By Job
	1145  -  Total Bytes Sent By Job
	32875  -  Total Bytes Received By Job
	Partitionable Resources :    Usage  Request          
	   Cpus                 :                 1          
	   Disk (KB)            :       56       56          
	   Memory (MB)          :        0        0          
...
000 (265551.000.000) 04/28 02:01:14 Job submitted from host: <18.12.1.74:45694>
...
001 (265551.000.000) 04/28 02:02:07 Job executing on host: <18.12.8.198:47373>
...
006 (265551.000.000) 04/28 02:02:16 Image size of job updated: 117368
	28  -  MemoryUsage of job (MB)
	28560  -  ResidentSetSize of job (KB)
...
006 (265551.000.000) 04/28 02:07:18 Image size of job updated: 288568
	155  -  MemoryUsage of job (MB)
	158216  -  ResidentSetSize of job (KB)
...
006 (265551.000.000) 04/28 02:17:20 Image size of job updated: 310104
	165  -  MemoryUsage of job (MB)
	168876  -  ResidentSetSize of job (KB)
...
006 (265551.000.000) 04/28 02:18:15 Image size of job updated: 316176
	165  -  MemoryUsage of job (MB)
	168876  -  ResidentSetSize of job (KB)
...
005 (265551.000.000) 04/28 02:18:15 Job terminated.
	(1) Normal termination (return value 0)
		Usr 0 00:02:51, Sys 0 00:00:04  -  Run Remote Usage
		Usr 0 00:00:00, Sys 0 00:00:00  -  Run Local Usage
		Usr 0 00:02:51, Sys 0 00:00:04  -  Total Remote Usage
		Usr 0 00:00:00, Sys 0 00:00:00  -  Total Local Usage
	32788  -  Run Bytes Sent By Job
	32889  -  Run Bytes Received By Job
	32788  -  Total Bytes Sent By Job
	32889  -  Total Bytes Received By Job
	Partitionable Resources :    Usage  Request          
	   Cpus                 :                 1          
	   Disk (KB)            :      276      276          
	   Memory (MB)          :      165      165          
...
