000 (263752.000.000) 04/26 03:18:10 Job submitted from host: <18.12.1.74:45694>
...
009 (263752.000.000) 04/26 03:18:32 Job was aborted by the user.
	via condor_rm (by user tawei)
...
000 (263802.000.000) 04/26 03:19:15 Job submitted from host: <18.12.1.74:45694>
...
001 (263802.000.000) 04/26 03:20:36 Job executing on host: <18.12.8.199:44380>
...
006 (263802.000.000) 04/26 03:20:45 Image size of job updated: 210912
	109  -  MemoryUsage of job (MB)
	111588  -  ResidentSetSize of job (KB)
...
006 (263802.000.000) 04/26 03:24:51 Image size of job updated: 315884
	109  -  MemoryUsage of job (MB)
	111588  -  ResidentSetSize of job (KB)
...
005 (263802.000.000) 04/26 03:24:51 Job terminated.
	(1) Normal termination (return value 0)
		Usr 0 00:03:19, Sys 0 00:00:05  -  Run Remote Usage
		Usr 0 00:00:00, Sys 0 00:00:00  -  Run Local Usage
		Usr 0 00:03:19, Sys 0 00:00:05  -  Total Remote Usage
		Usr 0 00:00:00, Sys 0 00:00:00  -  Total Local Usage
	33462  -  Run Bytes Sent By Job
	32579  -  Run Bytes Received By Job
	33462  -  Total Bytes Sent By Job
	32579  -  Total Bytes Received By Job
	Partitionable Resources :    Usage  Request          
	   Cpus                 :                 1          
	   Disk (KB)            :       87       87          
	   Memory (MB)          :      109      109          
...
000 (263904.000.000) 04/26 04:01:38 Job submitted from host: <18.12.1.74:45694>
...
001 (263904.000.000) 04/26 04:02:41 Job executing on host: <18.12.8.198:47373>
...
006 (263904.000.000) 04/26 04:02:49 Image size of job updated: 89556
	2  -  MemoryUsage of job (MB)
	1752  -  ResidentSetSize of job (KB)
...
006 (263904.000.000) 04/26 04:07:14 Image size of job updated: 315884
	2  -  MemoryUsage of job (MB)
	1752  -  ResidentSetSize of job (KB)
...
005 (263904.000.000) 04/26 04:07:14 Job terminated.
	(1) Normal termination (return value 0)
		Usr 0 00:03:42, Sys 0 00:00:05  -  Run Remote Usage
		Usr 0 00:00:00, Sys 0 00:00:00  -  Run Local Usage
		Usr 0 00:03:42, Sys 0 00:00:05  -  Total Remote Usage
		Usr 0 00:00:00, Sys 0 00:00:00  -  Total Local Usage
	32841  -  Run Bytes Sent By Job
	32607  -  Run Bytes Received By Job
	32841  -  Total Bytes Sent By Job
	32607  -  Total Bytes Received By Job
	Partitionable Resources :    Usage  Request          
	   Cpus                 :                 1          
	   Disk (KB)            :       86       86          
	   Memory (MB)          :        2        2          
...
000 (265261.000.000) 04/27 23:58:46 Job submitted from host: <18.12.1.74:45694>
...
009 (265261.000.000) 04/27 23:59:18 Job was aborted by the user.
	via condor_rm (by user tawei)
...
000 (265311.000.000) 04/27 23:59:32 Job submitted from host: <18.12.1.74:45694>
...
001 (265311.000.000) 04/27 23:59:38 Job executing on host: <18.12.9.8:45621>
...
006 (265311.000.000) 04/27 23:59:42 Image size of job updated: 1
	0  -  MemoryUsage of job (MB)
	0  -  ResidentSetSize of job (KB)
...
005 (265311.000.000) 04/27 23:59:42 Job terminated.
	(1) Normal termination (return value 1)
		Usr 0 00:00:00, Sys 0 00:00:00  -  Run Remote Usage
		Usr 0 00:00:00, Sys 0 00:00:00  -  Run Local Usage
		Usr 0 00:00:00, Sys 0 00:00:00  -  Total Remote Usage
		Usr 0 00:00:00, Sys 0 00:00:00  -  Total Local Usage
	1146  -  Run Bytes Sent By Job
	32875  -  Run Bytes Received By Job
	1146  -  Total Bytes Sent By Job
	32875  -  Total Bytes Received By Job
	Partitionable Resources :    Usage  Request          
	   Cpus                 :                 1          
	   Disk (KB)            :       56       56          
	   Memory (MB)          :        0        0          
...
000 (265569.000.000) 04/28 02:01:16 Job submitted from host: <18.12.1.74:45694>
...
001 (265569.000.000) 04/28 02:02:09 Job executing on host: <18.12.9.0:45402>
...
006 (265569.000.000) 04/28 02:02:17 Image size of job updated: 66592
	9  -  MemoryUsage of job (MB)
	8804  -  ResidentSetSize of job (KB)
...
006 (265569.000.000) 04/28 02:07:17 Image size of job updated: 288572
	150  -  MemoryUsage of job (MB)
	153244  -  ResidentSetSize of job (KB)
...
006 (265569.000.000) 04/28 02:11:59 Image size of job updated: 316288
	150  -  MemoryUsage of job (MB)
	153244  -  ResidentSetSize of job (KB)
...
005 (265569.000.000) 04/28 02:11:59 Job terminated.
	(1) Normal termination (return value 0)
		Usr 0 00:02:35, Sys 0 00:00:03  -  Run Remote Usage
		Usr 0 00:00:00, Sys 0 00:00:00  -  Run Local Usage
		Usr 0 00:02:35, Sys 0 00:00:03  -  Total Remote Usage
		Usr 0 00:00:00, Sys 0 00:00:00  -  Total Local Usage
	32787  -  Run Bytes Sent By Job
	32889  -  Run Bytes Received By Job
	32787  -  Total Bytes Sent By Job
	32889  -  Total Bytes Received By Job
	Partitionable Resources :    Usage  Request          
	   Cpus                 :                 1          
	   Disk (KB)            :       87       87          
	   Memory (MB)          :      150      150          
...
