000 (263751.000.000) 04/26 03:18:10 Job submitted from host: <18.12.1.74:45694>
...
009 (263751.000.000) 04/26 03:18:32 Job was aborted by the user.
	via condor_rm (by user tawei)
...
000 (263801.000.000) 04/26 03:19:15 Job submitted from host: <18.12.1.74:45694>
...
001 (263801.000.000) 04/26 03:20:37 Job executing on host: <18.12.8.189:40146>
...
006 (263801.000.000) 04/26 03:20:45 Image size of job updated: 1
	2  -  MemoryUsage of job (MB)
	1712  -  ResidentSetSize of job (KB)
...
006 (263801.000.000) 04/26 03:24:18 Image size of job updated: 315500
	2  -  MemoryUsage of job (MB)
	1712  -  ResidentSetSize of job (KB)
...
005 (263801.000.000) 04/26 03:24:18 Job terminated.
	(1) Normal termination (return value 0)
		Usr 0 00:02:48, Sys 0 00:00:04  -  Run Remote Usage
		Usr 0 00:00:00, Sys 0 00:00:00  -  Run Local Usage
		Usr 0 00:02:48, Sys 0 00:00:04  -  Total Remote Usage
		Usr 0 00:00:00, Sys 0 00:00:00  -  Total Local Usage
	33457  -  Run Bytes Sent By Job
	32579  -  Run Bytes Received By Job
	33457  -  Total Bytes Sent By Job
	32579  -  Total Bytes Received By Job
	Partitionable Resources :    Usage  Request          
	   Cpus                 :                 1          
	   Disk (KB)            :       87       87          
	   Memory (MB)          :        2        2          
...
000 (263903.000.000) 04/26 04:01:38 Job submitted from host: <18.12.1.74:45694>
...
001 (263903.000.000) 04/26 04:02:40 Job executing on host: <18.12.8.199:44380>
...
006 (263903.000.000) 04/26 04:02:49 Image size of job updated: 272860
	150  -  MemoryUsage of job (MB)
	152816  -  ResidentSetSize of job (KB)
...
006 (263903.000.000) 04/26 04:07:16 Image size of job updated: 315500
	150  -  MemoryUsage of job (MB)
	152816  -  ResidentSetSize of job (KB)
...
005 (263903.000.000) 04/26 04:07:16 Job terminated.
	(1) Normal termination (return value 0)
		Usr 0 00:03:40, Sys 0 00:00:06  -  Run Remote Usage
		Usr 0 00:00:00, Sys 0 00:00:00  -  Run Local Usage
		Usr 0 00:03:40, Sys 0 00:00:06  -  Total Remote Usage
		Usr 0 00:00:00, Sys 0 00:00:00  -  Total Local Usage
	32847  -  Run Bytes Sent By Job
	32607  -  Run Bytes Received By Job
	32847  -  Total Bytes Sent By Job
	32607  -  Total Bytes Received By Job
	Partitionable Resources :    Usage  Request          
	   Cpus                 :                 1          
	   Disk (KB)            :       86       86          
	   Memory (MB)          :      150      150          
...
000 (265260.000.000) 04/27 23:58:46 Job submitted from host: <18.12.1.74:45694>
...
009 (265260.000.000) 04/27 23:59:18 Job was aborted by the user.
	via condor_rm (by user tawei)
...
000 (265310.000.000) 04/27 23:59:31 Job submitted from host: <18.12.1.74:45694>
...
001 (265310.000.000) 04/27 23:59:38 Job executing on host: <18.12.9.6:49782>
...
006 (265310.000.000) 04/27 23:59:42 Image size of job updated: 1
	0  -  MemoryUsage of job (MB)
	0  -  ResidentSetSize of job (KB)
...
005 (265310.000.000) 04/27 23:59:42 Job terminated.
	(1) Normal termination (return value 1)
		Usr 0 00:00:00, Sys 0 00:00:00  -  Run Remote Usage
		Usr 0 00:00:00, Sys 0 00:00:00  -  Run Local Usage
		Usr 0 00:00:00, Sys 0 00:00:00  -  Total Remote Usage
		Usr 0 00:00:00, Sys 0 00:00:00  -  Total Local Usage
	1146  -  Run Bytes Sent By Job
	32875  -  Run Bytes Received By Job
	1146  -  Total Bytes Sent By Job
	32875  -  Total Bytes Received By Job
	Partitionable Resources :    Usage  Request          
	   Cpus                 :                 1          
	   Disk (KB)            :       56       56          
	   Memory (MB)          :        0        0          
...
000 (265568.000.000) 04/28 02:01:16 Job submitted from host: <18.12.1.74:45694>
...
001 (265568.000.000) 04/28 02:02:09 Job executing on host: <18.12.9.4:47811>
...
006 (265568.000.000) 04/28 02:02:17 Image size of job updated: 1
	2  -  MemoryUsage of job (MB)
	1704  -  ResidentSetSize of job (KB)
...
006 (265568.000.000) 04/28 02:07:17 Image size of job updated: 288568
	150  -  MemoryUsage of job (MB)
	153260  -  ResidentSetSize of job (KB)
...
006 (265568.000.000) 04/28 02:13:41 Image size of job updated: 316304
	150  -  MemoryUsage of job (MB)
	153260  -  ResidentSetSize of job (KB)
...
005 (265568.000.000) 04/28 02:13:41 Job terminated.
	(1) Normal termination (return value 0)
		Usr 0 00:02:34, Sys 0 00:00:03  -  Run Remote Usage
		Usr 0 00:00:00, Sys 0 00:00:00  -  Run Local Usage
		Usr 0 00:02:34, Sys 0 00:00:03  -  Total Remote Usage
		Usr 0 00:00:00, Sys 0 00:00:00  -  Total Local Usage
	32788  -  Run Bytes Sent By Job
	32889  -  Run Bytes Received By Job
	32788  -  Total Bytes Sent By Job
	32889  -  Total Bytes Received By Job
	Partitionable Resources :    Usage  Request          
	   Cpus                 :                 1          
	   Disk (KB)            :       87       87          
	   Memory (MB)          :      150      150          
...
