000 (263732.000.000) 04/26 03:18:08 Job submitted from host: <18.12.1.74:45694>
...
009 (263732.000.000) 04/26 03:18:32 Job was aborted by the user.
	via condor_rm (by user tawei)
...
000 (263782.000.000) 04/26 03:19:13 Job submitted from host: <18.12.1.74:45694>
...
001 (263782.000.000) 04/26 03:20:36 Job executing on host: <18.12.8.187:44161>
...
006 (263782.000.000) 04/26 03:20:44 Image size of job updated: 211052
	104  -  MemoryUsage of job (MB)
	106300  -  ResidentSetSize of job (KB)
...
006 (263782.000.000) 04/26 03:25:10 Image size of job updated: 315500
	104  -  MemoryUsage of job (MB)
	106300  -  ResidentSetSize of job (KB)
...
005 (263782.000.000) 04/26 03:25:10 Job terminated.
	(1) Normal termination (return value 0)
		Usr 0 00:03:37, Sys 0 00:00:04  -  Run Remote Usage
		Usr 0 00:00:00, Sys 0 00:00:00  -  Run Local Usage
		Usr 0 00:03:37, Sys 0 00:00:04  -  Total Remote Usage
		Usr 0 00:00:00, Sys 0 00:00:00  -  Total Local Usage
	33463  -  Run Bytes Sent By Job
	32579  -  Run Bytes Received By Job
	33463  -  Total Bytes Sent By Job
	32579  -  Total Bytes Received By Job
	Partitionable Resources :    Usage  Request          
	   Cpus                 :                 1          
	   Disk (KB)            :       87       87          
	   Memory (MB)          :      104      104          
...
000 (263884.000.000) 04/26 04:01:35 Job submitted from host: <18.12.1.74:45694>
...
001 (263884.000.000) 04/26 04:02:39 Job executing on host: <18.12.8.193:45329>
...
006 (263884.000.000) 04/26 04:02:49 Image size of job updated: 86964
	23  -  MemoryUsage of job (MB)
	22760  -  ResidentSetSize of job (KB)
...
006 (263884.000.000) 04/26 04:07:36 Image size of job updated: 315888
	23  -  MemoryUsage of job (MB)
	22760  -  ResidentSetSize of job (KB)
...
005 (263884.000.000) 04/26 04:07:36 Job terminated.
	(1) Normal termination (return value 0)
		Usr 0 00:03:59, Sys 0 00:00:06  -  Run Remote Usage
		Usr 0 00:00:00, Sys 0 00:00:00  -  Run Local Usage
		Usr 0 00:03:59, Sys 0 00:00:06  -  Total Remote Usage
		Usr 0 00:00:00, Sys 0 00:00:00  -  Total Local Usage
	32784  -  Run Bytes Sent By Job
	32607  -  Run Bytes Received By Job
	32784  -  Total Bytes Sent By Job
	32607  -  Total Bytes Received By Job
	Partitionable Resources :    Usage  Request          
	   Cpus                 :                 1          
	   Disk (KB)            :       86       86          
	   Memory (MB)          :       23       23          
...
000 (265241.000.000) 04/27 23:58:39 Job submitted from host: <18.12.1.74:45694>
...
009 (265241.000.000) 04/27 23:59:18 Job was aborted by the user.
	via condor_rm (by user tawei)
...
000 (265291.000.000) 04/27 23:59:29 Job submitted from host: <18.12.1.74:45694>
...
001 (265291.000.000) 04/27 23:59:37 Job executing on host: <18.12.8.191:41679>
...
006 (265291.000.000) 04/27 23:59:39 Image size of job updated: 1
	0  -  MemoryUsage of job (MB)
	0  -  ResidentSetSize of job (KB)
...
005 (265291.000.000) 04/27 23:59:39 Job terminated.
	(1) Normal termination (return value 1)
		Usr 0 00:00:00, Sys 0 00:00:00  -  Run Remote Usage
		Usr 0 00:00:00, Sys 0 00:00:00  -  Run Local Usage
		Usr 0 00:00:00, Sys 0 00:00:00  -  Total Remote Usage
		Usr 0 00:00:00, Sys 0 00:00:00  -  Total Local Usage
	1146  -  Run Bytes Sent By Job
	32875  -  Run Bytes Received By Job
	1146  -  Total Bytes Sent By Job
	32875  -  Total Bytes Received By Job
	Partitionable Resources :    Usage  Request          
	   Cpus                 :                 1          
	   Disk (KB)            :       56       56          
	   Memory (MB)          :        0        0          
...
000 (265549.000.000) 04/28 02:01:14 Job submitted from host: <18.12.1.74:45694>
...
001 (265549.000.000) 04/28 02:02:07 Job executing on host: <18.12.8.197:40000>
...
006 (265549.000.000) 04/28 02:02:15 Image size of job updated: 1
	2  -  MemoryUsage of job (MB)
	1712  -  ResidentSetSize of job (KB)
...
006 (265549.000.000) 04/28 02:07:15 Image size of job updated: 288568
	151  -  MemoryUsage of job (MB)
	153696  -  ResidentSetSize of job (KB)
...
006 (265549.000.000) 04/28 02:14:18 Image size of job updated: 315532
	151  -  MemoryUsage of job (MB)
	153696  -  ResidentSetSize of job (KB)
...
005 (265549.000.000) 04/28 02:14:18 Job terminated.
	(1) Normal termination (return value 0)
		Usr 0 00:02:40, Sys 0 00:00:03  -  Run Remote Usage
		Usr 0 00:00:00, Sys 0 00:00:00  -  Run Local Usage
		Usr 0 00:02:40, Sys 0 00:00:03  -  Total Remote Usage
		Usr 0 00:00:00, Sys 0 00:00:00  -  Total Local Usage
	32838  -  Run Bytes Sent By Job
	32889  -  Run Bytes Received By Job
	32838  -  Total Bytes Sent By Job
	32889  -  Total Bytes Received By Job
	Partitionable Resources :    Usage  Request          
	   Cpus                 :                 1          
	   Disk (KB)            :       87       87          
	   Memory (MB)          :      151      151          
...
