000 (263740.000.000) 04/26 03:18:08 Job submitted from host: <18.12.1.74:45694>
...
009 (263740.000.000) 04/26 03:18:32 Job was aborted by the user.
	via condor_rm (by user tawei)
...
000 (263790.000.000) 04/26 03:19:14 Job submitted from host: <18.12.1.74:45694>
...
001 (263790.000.000) 04/26 03:20:36 Job executing on host: <18.12.8.223:41387>
...
006 (263790.000.000) 04/26 03:20:45 Image size of job updated: 118240
	32  -  MemoryUsage of job (MB)
	32640  -  ResidentSetSize of job (KB)
...
006 (263790.000.000) 04/26 03:25:19 Image size of job updated: 315764
	32  -  MemoryUsage of job (MB)
	32640  -  ResidentSetSize of job (KB)
...
005 (263790.000.000) 04/26 03:25:19 Job terminated.
	(1) Normal termination (return value 0)
		Usr 0 00:03:45, Sys 0 00:00:05  -  Run Remote Usage
		Usr 0 00:00:00, Sys 0 00:00:00  -  Run Local Usage
		Usr 0 00:03:45, Sys 0 00:00:05  -  Total Remote Usage
		Usr 0 00:00:00, Sys 0 00:00:00  -  Total Local Usage
	33466  -  Run Bytes Sent By Job
	32579  -  Run Bytes Received By Job
	33466  -  Total Bytes Sent By Job
	32579  -  Total Bytes Received By Job
	Partitionable Resources :    Usage  Request          
	   Cpus                 :                 1          
	   Disk (KB)            :       87       87          
	   Memory (MB)          :       32       32          
...
000 (263892.000.000) 04/26 04:01:36 Job submitted from host: <18.12.1.74:45694>
...
001 (263892.000.000) 04/26 04:02:40 Job executing on host: <18.12.8.177:45840>
...
006 (263892.000.000) 04/26 04:02:48 Image size of job updated: 272860
	112  -  MemoryUsage of job (MB)
	114356  -  ResidentSetSize of job (KB)
...
006 (263892.000.000) 04/26 04:06:32 Image size of job updated: 315008
	112  -  MemoryUsage of job (MB)
	114356  -  ResidentSetSize of job (KB)
...
005 (263892.000.000) 04/26 04:06:32 Job terminated.
	(1) Normal termination (return value 0)
		Usr 0 00:02:41, Sys 0 00:00:04  -  Run Remote Usage
		Usr 0 00:00:00, Sys 0 00:00:00  -  Run Local Usage
		Usr 0 00:02:41, Sys 0 00:00:04  -  Total Remote Usage
		Usr 0 00:00:00, Sys 0 00:00:00  -  Total Local Usage
	32786  -  Run Bytes Sent By Job
	32607  -  Run Bytes Received By Job
	32786  -  Total Bytes Sent By Job
	32607  -  Total Bytes Received By Job
	Partitionable Resources :    Usage  Request          
	   Cpus                 :                 1          
	   Disk (KB)            :       86       86          
	   Memory (MB)          :      112      112          
...
000 (265249.000.000) 04/27 23:58:42 Job submitted from host: <18.12.1.74:45694>
...
009 (265249.000.000) 04/27 23:59:18 Job was aborted by the user.
	via condor_rm (by user tawei)
...
000 (265299.000.000) 04/27 23:59:30 Job submitted from host: <18.12.1.74:45694>
...
001 (265299.000.000) 04/27 23:59:38 Job executing on host: <18.12.8.249:49198>
...
006 (265299.000.000) 04/27 23:59:42 Image size of job updated: 1
	0  -  MemoryUsage of job (MB)
	0  -  ResidentSetSize of job (KB)
...
005 (265299.000.000) 04/27 23:59:42 Job terminated.
	(1) Normal termination (return value 1)
		Usr 0 00:00:00, Sys 0 00:00:00  -  Run Remote Usage
		Usr 0 00:00:00, Sys 0 00:00:00  -  Run Local Usage
		Usr 0 00:00:00, Sys 0 00:00:00  -  Total Remote Usage
		Usr 0 00:00:00, Sys 0 00:00:00  -  Total Local Usage
	1146  -  Run Bytes Sent By Job
	32875  -  Run Bytes Received By Job
	1146  -  Total Bytes Sent By Job
	32875  -  Total Bytes Received By Job
	Partitionable Resources :    Usage  Request          
	   Cpus                 :                 1          
	   Disk (KB)            :       56       56          
	   Memory (MB)          :        0        0          
...
000 (265557.000.000) 04/28 02:01:15 Job submitted from host: <18.12.1.74:45694>
...
001 (265557.000.000) 04/28 02:02:08 Job executing on host: <18.12.12.13:47811>
...
006 (265557.000.000) 04/28 02:02:16 Image size of job updated: 1
	2  -  MemoryUsage of job (MB)
	1708  -  ResidentSetSize of job (KB)
...
006 (265557.000.000) 04/28 02:05:46 Image size of job updated: 315432
	2  -  MemoryUsage of job (MB)
	1708  -  ResidentSetSize of job (KB)
...
005 (265557.000.000) 04/28 02:05:46 Job terminated.
	(1) Normal termination (return value 0)
		Usr 0 00:02:42, Sys 0 00:00:04  -  Run Remote Usage
		Usr 0 00:00:00, Sys 0 00:00:00  -  Run Local Usage
		Usr 0 00:02:42, Sys 0 00:00:04  -  Total Remote Usage
		Usr 0 00:00:00, Sys 0 00:00:00  -  Total Local Usage
	32844  -  Run Bytes Sent By Job
	32889  -  Run Bytes Received By Job
	32844  -  Total Bytes Sent By Job
	32889  -  Total Bytes Received By Job
	Partitionable Resources :    Usage  Request          
	   Cpus                 :                 1          
	   Disk (KB)            :       87       87          
	   Memory (MB)          :        2        2          
...
