/export/data1/condor/execute/dir_10018
gcc (GCC) 4.6.2
Copyright (C) 2011 Free Software Foundation, Inc.
This is free software; see the source for copying conditions.  There is NO
warranty; not even for MERCHANTABILITY or FITNESS FOR A PARTICULAR PURPOSE.

5.32/00
Linux version 2.6.32-358.el6.x86_64 (mockbuild@sl6.fnal.gov) (gcc version 4.4.7 20120313 (Red Hat 4.4.7-3) (GCC) ) #1 SMP Fri Feb 22 20:37:17 CST 2013

Processing fitBs.C(15)...
The local date and time is: Mon Apr 28 02:02:43 2014

 FCN=51.09 FROM HESSE     STATUS=RESET          35 CALLS         818 TOTAL
                     EDM=1.74677e-07    STRATEGY= 1  ERROR MATRIX UNCERTAINTY 100.0 per cent
  EXT PARAMETER                APPROXIMATE        STEP         FIRST   
  NO.   NAME      VALUE            ERROR          SIZE      DERIVATIVE 
   1  p0           1.46834e+02   1.71547e+00   1.71547e-02   3.14754e-01
   2  p1           5.36991e+00   1.80509e-04   1.80509e-06   3.52717e+03
   3  p2           1.17656e-02   1.36451e-04   1.36451e-06  -3.26142e-01
   4  p3           1.28682e+01   1.57196e-01   1.57196e-03  -2.68056e+00
   5  p4          -2.04693e-02   2.71701e-02   2.71701e-04   1.45628e+02
   6  p5          -3.51569e-01   4.68012e-03   4.68012e-05  -5.82654e+00
   7  p6           0.00000e+00   2.82843e+00   2.82843e-02  -4.87893e-02
   8  p7           7.40832e-01   1.00098e-02   1.00098e-04  -1.55201e+01
   9  p8           2.93696e-02   6.11333e-04   6.11333e-06   5.60321e-01
  10  p9           0.00000e+00   1.00000e+00   1.00000e-02   2.81800e-02
  11  p10          0.00000e+00   1.00000e+00   1.00000e-02   4.32797e-01
  12  p11          0.00000e+00     fixed    
                               ERR DEF= 0.5
 FCN=19.702 FROM HESSE     STATUS=RESET          30 CALLS         507 TOTAL
                     EDM=3.56714e-09    STRATEGY= 1  ERROR MATRIX UNCERTAINTY 100.0 per cent
  EXT PARAMETER                APPROXIMATE        STEP         FIRST   
  NO.   NAME      VALUE            ERROR          SIZE      DERIVATIVE 
   1  p0           8.80688e-01   1.62070e-01   1.62070e-03   3.33161e+00
   2  p1           5.37091e+00   2.64329e-03   2.64329e-05   2.40869e+02
   3  p2           1.17656e-02     fixed    
   4  p3           1.07018e+02   3.23872e-01   3.23872e-03  -2.03570e+00
   5  p4          -2.82726e+01   5.74207e-02   5.74207e-04  -2.01608e+05
   6  p5           1.80062e+00   1.01328e-02   1.01328e-04   1.90773e+01
   7  p6           0.00000e+00   5.65685e+00   5.65685e-02  -4.82050e-03
   8  p7           7.40832e-01     fixed    
   9  p8           2.93696e-02     fixed    
  10  p9           0.00000e+00   1.00000e+00   1.00000e-02  -1.37997e-01
  11  p10          0.00000e+00   1.00000e+00   1.00000e-02  -8.17572e-01
  12  p11          0.00000e+00     fixed    
                               ERR DEF= 0.5
351
fit result:44.0344 44.0344
The local date and time is: Mon Apr 28 02:04:15 2014

Got Nsig:501/44.0344
Got extracted:44.0344
Pseudo exp:0
The local date and time is: Mon Apr 28 02:04:15 2014

cout:501
_cout:2796
true_yield:37
Start pseudo exp fit:0
The local date and time is: Mon Apr 28 02:04:18 2014

 FCN=36.8973 FROM HESSE     STATUS=RESET          30 CALLS         507 TOTAL
                     EDM=1.62442e-08    STRATEGY= 1  ERROR MATRIX UNCERTAINTY 100.0 per cent
  EXT PARAMETER                APPROXIMATE        STEP         FIRST   
  NO.   NAME      VALUE            ERROR          SIZE      DERIVATIVE 
   1  p0           7.09115e-01   1.57662e-01   1.57662e-03   3.42475e+00
   2  p1           5.37002e+00   5.10176e-03   5.10176e-05   1.24797e+02
   3  p2           1.17656e-02     fixed    
   4  p3           2.46685e+02   3.07651e-01   3.07651e-03  -2.14303e+00
   5  p4          -7.71888e+01   5.42176e-02   5.42176e-04  -5.53596e+05
   6  p5           6.06603e+00   9.51086e-03   9.51086e-05   2.03248e+01
   7  p6           0.00000e+00   8.00000e+00   8.00000e-02  -3.40861e-03
   8  p7           7.40832e-01     fixed    
   9  p8           2.93696e-02     fixed    
  10  p9           0.00000e+00   1.00000e+00   1.00000e-02  -1.37997e-01
  11  p10          0.00000e+00   1.00000e+00   1.00000e-02  -8.17572e-01
  12  p11          0.00000e+00     fixed    
                               ERR DEF= 0.5
343
fit result:35.4558 35.4558
The local date and time is: Mon Apr 28 02:04:18 2014

Pseudo exp:1
The local date and time is: Mon Apr 28 02:04:18 2014

cout:501
_cout:2778
true_yield:50
Start pseudo exp fit:1
The local date and time is: Mon Apr 28 02:04:21 2014

 FCN=22.7654 FROM HESSE     STATUS=RESET          30 CALLS         506 TOTAL
                     EDM=5.08629e-10    STRATEGY= 1  ERROR MATRIX UNCERTAINTY 100.0 per cent
  EXT PARAMETER                APPROXIMATE        STEP         FIRST   
  NO.   NAME      VALUE            ERROR          SIZE      DERIVATIVE 
   1  p0           9.07635e-01   1.68714e-01   1.68714e-03   3.20041e+00
   2  p1           5.36891e+00   3.28714e-03   3.28714e-05   1.93690e+02
   3  p2           1.17656e-02     fixed    
   4  p3           8.49799e+01   3.38461e-01   3.38461e-03  -1.94795e+00
   5  p4          -2.16946e+01   6.02599e-02   6.02599e-04  -1.48410e+05
   6  p5           1.33685e+00   1.06750e-02   1.06750e-04   1.81083e+01
   7  p6           0.00000e+00   5.65685e+00   5.65685e-02  -4.82050e-03
   8  p7           7.40832e-01     fixed    
   9  p8           2.93696e-02     fixed    
  10  p9           0.00000e+00   1.00000e+00   1.00000e-02  -1.37997e-01
  11  p10          0.00000e+00   1.00000e+00   1.00000e-02  -8.17572e-01
  12  p11          0.00000e+00     fixed    
                               ERR DEF= 0.5
356
fit result:45.3817 45.3818
The local date and time is: Mon Apr 28 02:04:22 2014

Pseudo exp:2
The local date and time is: Mon Apr 28 02:04:22 2014

cout:501
_cout:2577
true_yield:50
Start pseudo exp fit:2
The local date and time is: Mon Apr 28 02:04:25 2014

 FCN=24.5796 FROM HESSE     STATUS=RESET          30 CALLS         570 TOTAL
                     EDM=2.50139e-07    STRATEGY= 1  ERROR MATRIX UNCERTAINTY 100.0 per cent
  EXT PARAMETER                APPROXIMATE        STEP         FIRST   
  NO.   NAME      VALUE            ERROR          SIZE      DERIVATIVE 
   1  p0           1.14156e+00   1.81533e-01   1.81533e-03   2.97441e+00
   2  p1           5.37466e+00   2.47320e-03   2.47320e-05   2.57434e+02
   3  p2           1.17656e-02     fixed    
   4  p3           4.16825e+01   3.17914e-01   3.17914e-03  -2.07384e+00
   5  p4          -4.73835e+00   5.62724e-02   5.62724e-04  -3.53130e+04
   6  p5          -3.17853e-01   9.91334e-03   9.91334e-05   1.94997e+01
   7  p6           0.00000e+00   2.00000e+00   2.00000e-02  -1.36344e-02
   8  p7           7.40832e-01     fixed    
   9  p8           2.93696e-02     fixed    
  10  p9           0.00000e+00   1.00000e+00   1.00000e-02  -1.37997e-01
  11  p10          0.00000e+00   1.00000e+00   1.00000e-02  -8.17572e-01
  12  p11          0.00000e+00     fixed    
                               ERR DEF= 0.5
356
fit result:57.0782 57.0782
The local date and time is: Mon Apr 28 02:04:25 2014

Pseudo exp:3
The local date and time is: Mon Apr 28 02:04:25 2014

cout:501
_cout:2897
true_yield:48
Start pseudo exp fit:3
The local date and time is: Mon Apr 28 02:04:28 2014

 FCN=23.4297 FROM HESSE     STATUS=RESET          30 CALLS         507 TOTAL
                     EDM=3.99697e-09    STRATEGY= 1  ERROR MATRIX UNCERTAINTY 100.0 per cent
  EXT PARAMETER                APPROXIMATE        STEP         FIRST   
  NO.   NAME      VALUE            ERROR          SIZE      DERIVATIVE 
   1  p0           8.18646e-01   1.64816e-01   1.64816e-03   3.27608e+00
   2  p1           5.36421e+00   3.56645e-03   3.56645e-05   1.78521e+02
   3  p2           1.17656e-02     fixed    
   4  p3           1.72374e+02   3.26591e-01   3.26591e-03  -2.01875e+00
   5  p4          -5.15823e+01   5.78715e-02   5.78715e-04  -3.56207e+05
   6  p5           3.87664e+00   1.02065e-02   1.02065e-04   1.89395e+01
   7  p6           0.00000e+00   5.65685e+00   5.65685e-02  -4.82050e-03
   8  p7           7.40832e-01     fixed    
   9  p8           2.93696e-02     fixed    
  10  p9           0.00000e+00   1.00000e+00   1.00000e-02  -1.37997e-01
  11  p10          0.00000e+00   1.00000e+00   1.00000e-02  -8.17572e-01
  12  p11          0.00000e+00     fixed    
                               ERR DEF= 0.5
354
fit result:40.9323 40.9323
The local date and time is: Mon Apr 28 02:04:29 2014

Pseudo exp:4
The local date and time is: Mon Apr 28 02:04:29 2014

cout:501
_cout:3019
true_yield:47
Start pseudo exp fit:4
The local date and time is: Mon Apr 28 02:04:32 2014

 FCN=17.5494 FROM HESSE     STATUS=RESET          30 CALLS         506 TOTAL
                     EDM=4.76217e-10    STRATEGY= 1  ERROR MATRIX UNCERTAINTY 100.0 per cent
  EXT PARAMETER                APPROXIMATE        STEP         FIRST   
  NO.   NAME      VALUE            ERROR          SIZE      DERIVATIVE 
   1  p0           1.02965e+00   1.78142e-01   1.78142e-03   3.03101e+00
   2  p1           5.37259e+00   3.78126e-03   3.78126e-05   1.68379e+02
   3  p2           1.17656e-02     fixed    
   4  p3           3.15654e+02   3.20988e-01   3.20988e-03  -2.05399e+00
   5  p4          -1.03677e+02   5.69302e-02   5.69302e-04  -6.87814e+05
   6  p5           8.59120e+00   1.00533e-02   1.00533e-04   1.92281e+01
   7  p6           0.00000e+00   8.00000e+00   8.00000e-02  -3.40861e-03
   8  p7           7.40832e-01     fixed    
   9  p8           2.93696e-02     fixed    
  10  p9           0.00000e+00   1.00000e+00   1.00000e-02  -1.37997e-01
  11  p10          0.00000e+00   1.00000e+00   1.00000e-02  -8.17572e-01
  12  p11          0.00000e+00     fixed    
                               ERR DEF= 0.5
353
fit result:51.4823 51.4824
The local date and time is: Mon Apr 28 02:04:32 2014

Pseudo exp:5
The local date and time is: Mon Apr 28 02:04:32 2014

cout:501
_cout:2890
true_yield:39
Start pseudo exp fit:5
The local date and time is: Mon Apr 28 02:04:36 2014

 FCN=26.8937 FROM HESSE     STATUS=RESET          30 CALLS         518 TOTAL
                     EDM=2.56646e-08    STRATEGY= 1  ERROR MATRIX UNCERTAINTY 100.0 per cent
  EXT PARAMETER                APPROXIMATE        STEP         FIRST   
  NO.   NAME      VALUE            ERROR          SIZE      DERIVATIVE 
   1  p0           5.50867e-01   1.45503e-01   1.45503e-03   3.71094e+00
   2  p1           5.38550e+00   4.78412e-03   4.78412e-05   1.33083e+02
   3  p2           1.17656e-02     fixed    
   4  p3           3.17858e+01   3.14737e-01   3.14737e-03  -2.09478e+00
   5  p4          -7.25428e-04   1.06080e+00   1.06080e-02  -1.05306e+02
   6  p5          -8.38445e-01   9.72363e-03   9.72363e-05   1.98801e+01
   7  p6           0.00000e+00   1.00000e+00   1.00000e-02  -2.72689e-02
   8  p7           7.40832e-01     fixed    
   9  p8           2.93696e-02     fixed    
  10  p9           0.00000e+00   1.00000e+00   1.00000e-02  -1.37997e-01
  11  p10          0.00000e+00   1.00000e+00   1.00000e-02  -8.17572e-01
  12  p11          0.00000e+00     fixed    
                               ERR DEF= 0.5
345
fit result:27.5433 27.5433
The local date and time is: Mon Apr 28 02:04:36 2014

Pseudo exp:6
The local date and time is: Mon Apr 28 02:04:36 2014

cout:501
_cout:2692
true_yield:40
Start pseudo exp fit:6
The local date and time is: Mon Apr 28 02:04:39 2014

 FCN=28.9831 FROM HESSE     STATUS=RESET          30 CALLS         507 TOTAL
                     EDM=3.37175e-09    STRATEGY= 1  ERROR MATRIX UNCERTAINTY 100.0 per cent
  EXT PARAMETER                APPROXIMATE        STEP         FIRST   
  NO.   NAME      VALUE            ERROR          SIZE      DERIVATIVE 
   1  p0           9.11928e-01   1.65954e-01   1.65954e-03   3.25363e+00
   2  p1           5.37247e+00   3.00437e-03   3.00437e-05   2.11920e+02
   3  p2           1.17656e-02     fixed    
   4  p3           1.71918e+02   3.38794e-01   3.38794e-03  -1.94603e+00
   5  p4          -5.43328e+01   6.05129e-02   6.05129e-04  -3.57782e+05
   6  p5           4.38196e+00   1.07551e-02   1.07551e-04   1.79735e+01
   7  p6           0.00000e+00   5.65685e+00   5.65685e-02  -4.82050e-03
   8  p7           7.40832e-01     fixed    
   9  p8           2.93696e-02     fixed    
  10  p9           0.00000e+00   1.00000e+00   1.00000e-02  -1.37997e-01
  11  p10          0.00000e+00   1.00000e+00   1.00000e-02  -8.17572e-01
  12  p11          0.00000e+00     fixed    
                               ERR DEF= 0.5
346
fit result:45.5964 45.5964
The local date and time is: Mon Apr 28 02:04:39 2014

Pseudo exp:7
The local date and time is: Mon Apr 28 02:04:39 2014

cout:501
_cout:2852
true_yield:48
Start pseudo exp fit:7
The local date and time is: Mon Apr 28 02:04:42 2014

 FCN=19.5088 FROM HESSE     STATUS=RESET          30 CALLS         507 TOTAL
                     EDM=2.33885e-07    STRATEGY= 1  ERROR MATRIX UNCERTAINTY 100.0 per cent
  EXT PARAMETER                APPROXIMATE        STEP         FIRST   
  NO.   NAME      VALUE            ERROR          SIZE      DERIVATIVE 
   1  p0           7.21560e-01   1.55759e-01   1.55759e-03   3.46658e+00
   2  p1           5.37435e+00   3.56712e-03   3.56712e-05   1.78487e+02
   3  p2           1.17656e-02     fixed    
   4  p3           1.20500e+02   3.15805e-01   3.15805e-03  -2.08769e+00
   5  p4          -3.15175e+01   5.57365e-02   5.57365e-04  -2.30765e+05
   6  p5           1.95184e+00   9.79288e-03   9.79288e-05   1.97395e+01
   7  p6           0.00000e+00   5.65685e+00   5.65685e-02  -4.82050e-03
   8  p7           7.40832e-01     fixed    
   9  p8           2.93696e-02     fixed    
  10  p9           0.00000e+00   1.00000e+00   1.00000e-02  -1.37997e-01
  11  p10          0.00000e+00   1.00000e+00   1.00000e-02  -8.17572e-01
  12  p11          0.00000e+00     fixed    
                               ERR DEF= 0.5
354
fit result:36.078 36.078
The local date and time is: Mon Apr 28 02:04:43 2014

Pseudo exp:8
The local date and time is: Mon Apr 28 02:04:43 2014

cout:501
_cout:2742
true_yield:37
Start pseudo exp fit:8
The local date and time is: Mon Apr 28 02:04:46 2014

 FCN=35.2241 FROM HESSE     STATUS=RESET          30 CALLS         506 TOTAL
                     EDM=3.90908e-10    STRATEGY= 1  ERROR MATRIX UNCERTAINTY 100.0 per cent
  EXT PARAMETER                APPROXIMATE        STEP         FIRST   
  NO.   NAME      VALUE            ERROR          SIZE      DERIVATIVE 
   1  p0           7.27391e-01   1.54379e-01   1.54379e-03   3.49757e+00
   2  p1           5.36995e+00   3.61508e-03   3.61508e-05   1.76119e+02
   3  p2           1.17656e-02     fixed    
   4  p3           1.89158e+02   3.16085e-01   3.16085e-03  -2.08585e+00
   5  p4          -5.71046e+01   5.59487e-02   5.59487e-04  -4.05518e+05
   6  p5           4.32030e+00   9.86112e-03   9.86112e-05   1.96029e+01
   7  p6           0.00000e+00   5.65685e+00   5.65685e-02  -4.82050e-03
   8  p7           7.40832e-01     fixed    
   9  p8           2.93696e-02     fixed    
  10  p9           0.00000e+00   1.00000e+00   1.00000e-02  -1.37997e-01
  11  p10          0.00000e+00   1.00000e+00   1.00000e-02  -8.17572e-01
  12  p11          0.00000e+00     fixed    
                               ERR DEF= 0.5
343
fit result:36.3695 36.3695
The local date and time is: Mon Apr 28 02:04:46 2014

Pseudo exp:9
The local date and time is: Mon Apr 28 02:04:46 2014

cout:501
_cout:2906
true_yield:44
Start pseudo exp fit:9
The local date and time is: Mon Apr 28 02:04:49 2014

 FCN=19.5806 FROM HESSE     STATUS=RESET          30 CALLS         527 TOTAL
                     EDM=3.08281e-07    STRATEGY= 1  ERROR MATRIX UNCERTAINTY 100.0 per cent
  EXT PARAMETER                APPROXIMATE        STEP         FIRST   
  NO.   NAME      VALUE            ERROR          SIZE      DERIVATIVE 
   1  p0           9.00775e-01   1.66720e-01   1.66720e-03   3.23867e+00
   2  p1           5.37318e+00   2.90065e-03   2.90065e-05   2.19498e+02
   3  p2           1.17656e-02     fixed    
   4  p3           2.71844e+01   3.27183e-01   3.27183e-03  -2.01509e+00
   5  p4          -6.30341e-07   2.07202e+01   2.07202e-01** at limit **
   6  p5          -6.95137e-01   1.02544e-02   1.02544e-04   1.88511e+01
   7  p6           0.00000e+00   5.65685e+00   5.65685e-02  -4.82050e-03
   8  p7           7.40832e-01     fixed    
   9  p8           2.93696e-02     fixed    
  10  p9           0.00000e+00   1.00000e+00   1.00000e-02  -1.37997e-01
  11  p10          0.00000e+00   1.00000e+00   1.00000e-02  -8.17572e-01
  12  p11          0.00000e+00     fixed    
                               ERR DEF= 0.5
350
fit result:45.0387 45.0388
The local date and time is: Mon Apr 28 02:04:50 2014

Pseudo exp:10
The local date and time is: Mon Apr 28 02:04:50 2014

cout:501
_cout:2782
true_yield:42
Start pseudo exp fit:10
The local date and time is: Mon Apr 28 02:04:53 2014

 FCN=22.2444 FROM HESSE     STATUS=RESET          30 CALLS         551 TOTAL
                     EDM=5.13017e-08    STRATEGY= 1  ERROR MATRIX UNCERTAINTY 100.0 per cent
  EXT PARAMETER                APPROXIMATE        STEP         FIRST   
  NO.   NAME      VALUE            ERROR          SIZE      DERIVATIVE 
   1  p0           8.61227e-01   1.69211e-01   1.69211e-03   3.19100e+00
   2  p1           5.36558e+00   4.67278e-03   4.67278e-05   1.36254e+02
   3  p2           1.17656e-02     fixed    
   4  p3           5.02616e+01   3.31167e-01   3.31167e-03  -1.99085e+00
   5  p4          -8.69436e+00   5.88538e-02   5.88538e-04  -6.17074e+04
   6  p5           1.20550e-01   1.04084e-02   1.04084e-04   1.85722e+01
   7  p6           0.00000e+00   2.00000e+00   2.00000e-02  -1.36344e-02
   8  p7           7.40832e-01     fixed    
   9  p8           2.93696e-02     fixed    
  10  p9           0.00000e+00   1.00000e+00   1.00000e-02  -1.37997e-01
  11  p10          0.00000e+00   1.00000e+00   1.00000e-02  -8.17572e-01
  12  p11          0.00000e+00     fixed    
                               ERR DEF= 0.5
348
fit result:43.0613 43.0614
The local date and time is: Mon Apr 28 02:04:53 2014

Pseudo exp:11
The local date and time is: Mon Apr 28 02:04:53 2014

cout:501
_cout:2744
true_yield:41
Start pseudo exp fit:11
The local date and time is: Mon Apr 28 02:04:57 2014

 FCN=18.2509 FROM HESSE     STATUS=RESET          30 CALLS         506 TOTAL
                     EDM=8.4615e-07    STRATEGY= 1  ERROR MATRIX UNCERTAINTY 100.0 per cent
  EXT PARAMETER                APPROXIMATE        STEP         FIRST   
  NO.   NAME      VALUE            ERROR          SIZE      DERIVATIVE 
   1  p0           7.96701e-01   1.63745e-01   1.63745e-03   3.29752e+00
   2  p1           5.37522e+00   4.30734e-03   4.30734e-05   1.47814e+02
   3  p2           1.17656e-02     fixed    
   4  p3           2.02700e+02   3.36475e-01   3.36475e-03  -1.95945e+00
   5  p4          -6.42214e+01   5.99527e-02   5.99527e-04  -4.22387e+05
   6  p5           5.16497e+00   1.06328e-02   1.06328e-04   1.81802e+01
   7  p6           0.00000e+00   8.00000e+00   8.00000e-02  -3.40861e-03
   8  p7           7.40832e-01     fixed    
   9  p8           2.93696e-02     fixed    
  10  p9           0.00000e+00   1.00000e+00   1.00000e-02  -1.37997e-01
  11  p10          0.00000e+00   1.00000e+00   1.00000e-02  -8.17572e-01
  12  p11          0.00000e+00     fixed    
                               ERR DEF= 0.5
347
fit result:39.835 39.8351
The local date and time is: Mon Apr 28 02:04:57 2014

Pseudo exp:12
The local date and time is: Mon Apr 28 02:04:57 2014

cout:501
_cout:2903
true_yield:45
Start pseudo exp fit:12
The local date and time is: Mon Apr 28 02:05:00 2014

 FCN=14.2774 FROM HESSE     STATUS=RESET          30 CALLS         507 TOTAL
                     EDM=4.35196e-11    STRATEGY= 1  ERROR MATRIX UNCERTAINTY 100.0 per cent
  EXT PARAMETER                APPROXIMATE        STEP         FIRST   
  NO.   NAME      VALUE            ERROR          SIZE      DERIVATIVE 
   1  p0           7.76356e-01   1.59660e-01   1.59660e-03   3.38188e+00
   2  p1           5.37701e+00   3.57458e-03   3.57458e-05   1.78115e+02
   3  p2           1.17656e-02     fixed    
   4  p3           1.76514e+02   3.43605e-01   3.43605e-03  -1.91879e+00
   5  p4          -5.54380e+01   6.13419e-02   6.13419e-04  -3.59705e+05
   6  p5           4.43867e+00   1.08980e-02   1.08980e-04   1.77379e+01
   7  p6           0.00000e+00   5.65685e+00   5.65685e-02  -4.82050e-03
   8  p7           7.40832e-01     fixed    
   9  p8           2.93696e-02     fixed    
  10  p9           0.00000e+00   1.00000e+00   1.00000e-02  -1.37997e-01
  11  p10          0.00000e+00   1.00000e+00   1.00000e-02  -8.17572e-01
  12  p11          0.00000e+00     fixed    
                               ERR DEF= 0.5
351
fit result:38.8178 38.8178
The local date and time is: Mon Apr 28 02:05:00 2014

Pseudo exp:13
The local date and time is: Mon Apr 28 02:05:00 2014

cout:501
_cout:2893
true_yield:40
Start pseudo exp fit:13
The local date and time is: Mon Apr 28 02:05:04 2014

 FCN=23.5458 FROM SIMPLEX   STATUS=RESET         320 CALLS        3241 TOTAL
                     EDM=6.34189e-07    STRATEGY= 1  ERROR MATRIX UNCERTAINTY  50.0 per cent
  EXT PARAMETER                APPROXIMATE        STEP         FIRST   
  NO.   NAME      VALUE            ERROR          SIZE      DERIVATIVE 
   1  p0           8.47513e-01   1.67629e-01   1.67629e-03  -1.96332e+03
   2  p1           5.37485e+00   3.03902e-03   3.03902e-05   1.64207e+05
   3  p2           1.17656e-02     fixed    
   4  p3           3.15182e+01   3.22964e+00   3.22964e-02  -7.30469e+03
   5  p4          -5.65516e-04   7.57821e+00   7.57821e-02  -4.21783e+04
   6  p5          -8.38776e-01   9.91710e-02   9.91710e-04  -2.35718e+05
   7  p6           0.00000e+00   1.00000e+00   1.00000e-02  -1.95003e-01
   8  p7           7.40832e-01     fixed    
   9  p8           2.93696e-02     fixed    
  10  p9           0.00000e+00   1.00000e+00   1.00000e-02  -2.12906e+00
  11  p10          0.00000e+00   1.00000e+00   1.00000e-02  -8.24727e-01
  12  p11          0.00000e+00     fixed    
                               ERR DEF= 0.5
346
fit result:42.3757 42.3757
The local date and time is: Mon Apr 28 02:05:04 2014

Pseudo exp:14
The local date and time is: Mon Apr 28 02:05:04 2014

cout:501
_cout:2884
true_yield:29
Start pseudo exp fit:14
The local date and time is: Mon Apr 28 02:05:07 2014

 FCN=26.6148 FROM HESSE     STATUS=RESET          30 CALLS         507 TOTAL
                     EDM=7.38116e-07    STRATEGY= 1  ERROR MATRIX UNCERTAINTY 100.0 per cent
  EXT PARAMETER                APPROXIMATE        STEP         FIRST   
  NO.   NAME      VALUE            ERROR          SIZE      DERIVATIVE 
   1  p0           7.31354e-01   1.52654e-01   1.52654e-03   3.53710e+00
   2  p1           5.37227e+00   3.76242e-03   3.76242e-05   1.69222e+02
   3  p2           1.17656e-02     fixed    
   4  p3           4.46414e+02   3.29252e-01   3.29252e-03  -2.00243e+00
   5  p4          -1.52843e+02   5.87370e-02   5.87370e-04  -9.28890e+05
   6  p5           1.31923e+01   1.04309e-02   1.04309e-04   1.85321e+01
   7  p6           0.00000e+00   8.00000e+00   8.00000e-02  -3.40861e-03
   8  p7           7.40832e-01     fixed    
   9  p8           2.93696e-02     fixed    
  10  p9           0.00000e+00   1.00000e+00   1.00000e-02  -1.37997e-01
  11  p10          0.00000e+00   1.00000e+00   1.00000e-02  -8.17572e-01
  12  p11          0.00000e+00     fixed    
                               ERR DEF= 0.5
335
fit result:36.5677 36.5677
The local date and time is: Mon Apr 28 02:05:08 2014

Pseudo exp:15
The local date and time is: Mon Apr 28 02:05:08 2014

cout:501
_cout:2899
true_yield:40
Start pseudo exp fit:15
The local date and time is: Mon Apr 28 02:05:11 2014

 FCN=26.9418 FROM HESSE     STATUS=RESET          30 CALLS         528 TOTAL
                     EDM=6.56735e-07    STRATEGY= 1  ERROR MATRIX UNCERTAINTY 100.0 per cent
  EXT PARAMETER                APPROXIMATE        STEP         FIRST   
  NO.   NAME      VALUE            ERROR          SIZE      DERIVATIVE 
   1  p0           7.24942e-01   1.56330e-01   1.56330e-03   3.45393e+00
   2  p1           5.36871e+00   3.87468e-03   3.87468e-05   1.64319e+02
   3  p2           1.17656e-02     fixed    
   4  p3           3.02238e+01   3.22905e-01   3.22905e-03  -2.04179e+00
   5  p4          -6.80223e-04   1.15764e+00   1.15764e-02  -1.05302e+02
   6  p5          -7.92070e-01   1.00979e-02   1.00979e-04   1.91432e+01
   7  p6           0.00000e+00   2.00000e+00   2.00000e-02  -1.36344e-02
   8  p7           7.40832e-01     fixed    
   9  p8           2.93696e-02     fixed    
  10  p9           0.00000e+00   1.00000e+00   1.00000e-02  -1.37997e-01
  11  p10          0.00000e+00   1.00000e+00   1.00000e-02  -8.17572e-01
  12  p11          0.00000e+00     fixed    
                               ERR DEF= 0.5
346
fit result:36.2471 36.2471
The local date and time is: Mon Apr 28 02:05:11 2014

Pseudo exp:16
The local date and time is: Mon Apr 28 02:05:11 2014

cout:501
_cout:2852
true_yield:48
Start pseudo exp fit:16
The local date and time is: Mon Apr 28 02:05:14 2014

 FCN=22.0719 FROM HESSE     STATUS=RESET          30 CALLS         506 TOTAL
                     EDM=8.14229e-09    STRATEGY= 1  ERROR MATRIX UNCERTAINTY 100.0 per cent
  EXT PARAMETER                APPROXIMATE        STEP         FIRST   
  NO.   NAME      VALUE            ERROR          SIZE      DERIVATIVE 
   1  p0           1.06821e+00   1.79805e-01   1.79805e-03   3.00298e+00
   2  p1           5.37337e+00   3.41987e-03   3.41987e-05   1.86172e+02
   3  p2           1.17656e-02     fixed    
   4  p3           2.79520e+02   3.11113e-01   3.11113e-03  -2.11918e+00
   5  p4          -8.96818e+01   5.49730e-02   5.49730e-04  -6.25769e+05
   6  p5           7.24421e+00   9.67085e-03   9.67085e-05   1.99886e+01
   7  p6           0.00000e+00   5.24981e+01   5.24981e-01  -5.19426e-04
   8  p7           7.40832e-01     fixed    
   9  p8           2.93696e-02     fixed    
  10  p9           0.00000e+00   1.00000e+00   1.00000e-02  -1.37997e-01
  11  p10          0.00000e+00   1.00000e+00   1.00000e-02  -8.17572e-01
  12  p11          0.00000e+00     fixed    
                               ERR DEF= 0.5
354
fit result:53.4105 53.4105
The local date and time is: Mon Apr 28 02:05:15 2014

Pseudo exp:17
The local date and time is: Mon Apr 28 02:05:15 2014

cout:501
_cout:2712
true_yield:29
Start pseudo exp fit:17
The local date and time is: Mon Apr 28 02:05:18 2014

 FCN=21.985 FROM HESSE     STATUS=RESET          30 CALLS         548 TOTAL
                     EDM=8.69452e-07    STRATEGY= 1  ERROR MATRIX UNCERTAINTY 100.0 per cent
  EXT PARAMETER                APPROXIMATE        STEP         FIRST   
  NO.   NAME      VALUE            ERROR          SIZE      DERIVATIVE 
   1  p0           6.24691e-01   1.45236e-01   1.45236e-03   3.71775e+00
   2  p1           5.37562e+00   3.60343e-03   3.60343e-05   1.76689e+02
   3  p2           1.17656e-02     fixed    
   4  p3           9.80372e+01   3.38138e-01   3.38138e-03  -1.94981e+00
   5  p4          -2.73071e+01   6.03568e-02   6.03568e-04  -1.85435e+05
   6  p5           1.91952e+00   1.07192e-02   1.07192e-04   1.80337e+01
   7  p6           0.00000e+00   2.00000e+00   2.00000e-02  -1.36344e-02
   8  p7           7.40832e-01     fixed    
   9  p8           2.93696e-02     fixed    
  10  p9           0.00000e+00   1.00000e+00   1.00000e-02  -1.37997e-01
  11  p10          0.00000e+00   1.00000e+00   1.00000e-02  -8.17572e-01
  12  p11          0.00000e+00     fixed    
                               ERR DEF= 0.5
335
fit result:31.2346 31.2346
The local date and time is: Mon Apr 28 02:05:18 2014

Pseudo exp:18
The local date and time is: Mon Apr 28 02:05:18 2014

cout:501
_cout:2751
true_yield:45
Start pseudo exp fit:18
The local date and time is: Mon Apr 28 02:05:21 2014

 FCN=11.559 FROM HESSE     STATUS=RESET          30 CALLS         507 TOTAL
                     EDM=2.91162e-07    STRATEGY= 1  ERROR MATRIX UNCERTAINTY 100.0 per cent
  EXT PARAMETER                APPROXIMATE        STEP         FIRST   
  NO.   NAME      VALUE            ERROR          SIZE      DERIVATIVE 
   1  p0           6.93990e-01   1.56154e-01   1.56154e-03   3.45781e+00
   2  p1           5.36749e+00   3.97838e-03   3.97838e-05   1.60037e+02
   3  p2           1.17656e-02     fixed    
   4  p3           4.29091e+01   3.14928e-01   3.14928e-03  -2.09351e+00
   5  p4          -3.82872e+00   5.55339e-02   5.55339e-04  -2.89398e+04
   6  p5          -5.11831e-01   9.74657e-03   9.74657e-05   1.98333e+01
   7  p6           0.00000e+00   2.40000e+00   2.40000e-02  -1.13620e-02
   8  p7           7.40832e-01     fixed    
   9  p8           2.93696e-02     fixed    
  10  p9           0.00000e+00   1.00000e+00   1.00000e-02  -1.37997e-01
  11  p10          0.00000e+00   1.00000e+00   1.00000e-02  -8.17572e-01
  12  p11          0.00000e+00     fixed    
                               ERR DEF= 0.5
351
fit result:34.6995 34.6995
The local date and time is: Mon Apr 28 02:05:22 2014

Pseudo exp:19
The local date and time is: Mon Apr 28 02:05:22 2014

cout:501
_cout:3058
true_yield:42
Start pseudo exp fit:19
The local date and time is: Mon Apr 28 02:05:25 2014

 FCN=21.3688 FROM IMProve     STATUS=RESET         131 CALLS        2670 TOTAL
                     EDM=4.86951e-07    STRATEGY= 1  ERROR MATRIX UNCERTAINTY  50.0 per cent
  EXT PARAMETER                APPROXIMATE        STEP         FIRST   
  NO.   NAME      VALUE            ERROR          SIZE      DERIVATIVE 
   1  p0           6.84691e-01   1.58884e-01   1.58884e-03  -1.12107e+02
   2  p1           5.37525e+00   4.34678e-03   4.34678e-05  -6.91338e+01
   3  p2           1.17656e-02     fixed    
   4  p3           2.83299e+01   3.32951e+00   3.32951e-02  -3.04345e+02
   5  p4          -1.24936e-04   2.23543e+01   2.23543e-01** at limit **
   6  p5          -7.27057e-01   1.05256e-01   1.05256e-03  -9.85924e+03
   7  p6           0.00000e+00   1.00000e+00   1.00000e-02  -2.71661e-02
   8  p7           7.40832e-01     fixed    
   9  p8           2.93696e-02     fixed    
  10  p9           0.00000e+00   1.00000e+00   1.00000e-02  -1.38055e-01
  11  p10          0.00000e+00   1.00000e+00   1.00000e-02  -8.09263e-01
  12  p11          0.00000e+00     fixed    
                               ERR DEF= 0.5
348
fit result:34.2345 34.2346
The local date and time is: Mon Apr 28 02:05:25 2014

