000 (263743.000.000) 04/26 03:18:09 Job submitted from host: <18.12.1.74:45694>
...
009 (263743.000.000) 04/26 03:18:32 Job was aborted by the user.
	via condor_rm (by user tawei)
...
000 (263793.000.000) 04/26 03:19:14 Job submitted from host: <18.12.1.74:45694>
...
001 (263793.000.000) 04/26 03:20:36 Job executing on host: <18.12.8.237:47300>
...
006 (263793.000.000) 04/26 03:20:44 Image size of job updated: 200808
	82  -  MemoryUsage of job (MB)
	83916  -  ResidentSetSize of job (KB)
...
006 (263793.000.000) 04/26 03:25:35 Image size of job updated: 315828
	82  -  MemoryUsage of job (MB)
	83916  -  ResidentSetSize of job (KB)
...
005 (263793.000.000) 04/26 03:25:35 Job terminated.
	(1) Normal termination (return value 0)
		Usr 0 00:03:57, Sys 0 00:00:06  -  Run Remote Usage
		Usr 0 00:00:00, Sys 0 00:00:00  -  Run Local Usage
		Usr 0 00:03:57, Sys 0 00:00:06  -  Total Remote Usage
		Usr 0 00:00:00, Sys 0 00:00:00  -  Total Local Usage
	33459  -  Run Bytes Sent By Job
	32579  -  Run Bytes Received By Job
	33459  -  Total Bytes Sent By Job
	32579  -  Total Bytes Received By Job
	Partitionable Resources :    Usage  Request          
	   Cpus                 :                 1          
	   Disk (KB)            :       87       87          
	   Memory (MB)          :       82       82          
...
000 (263895.000.000) 04/26 04:01:36 Job submitted from host: <18.12.1.74:45694>
...
001 (263895.000.000) 04/26 04:02:40 Job executing on host: <18.12.8.169:46935>
...
006 (263895.000.000) 04/26 04:02:49 Image size of job updated: 68512
	13  -  MemoryUsage of job (MB)
	12656  -  ResidentSetSize of job (KB)
...
006 (263895.000.000) 04/26 04:07:50 Image size of job updated: 316204
	168  -  MemoryUsage of job (MB)
	171244  -  ResidentSetSize of job (KB)
...
005 (263895.000.000) 04/26 04:07:51 Job terminated.
	(1) Normal termination (return value 0)
		Usr 0 00:03:02, Sys 0 00:00:05  -  Run Remote Usage
		Usr 0 00:00:00, Sys 0 00:00:00  -  Run Local Usage
		Usr 0 00:03:02, Sys 0 00:00:05  -  Total Remote Usage
		Usr 0 00:00:00, Sys 0 00:00:00  -  Total Local Usage
	32786  -  Run Bytes Sent By Job
	32607  -  Run Bytes Received By Job
	32786  -  Total Bytes Sent By Job
	32607  -  Total Bytes Received By Job
	Partitionable Resources :    Usage  Request          
	   Cpus                 :                 1          
	   Disk (KB)            :       86       86          
	   Memory (MB)          :      168      168          
...
000 (265252.000.000) 04/27 23:58:43 Job submitted from host: <18.12.1.74:45694>
...
009 (265252.000.000) 04/27 23:59:18 Job was aborted by the user.
	via condor_rm (by user tawei)
...
000 (265302.000.000) 04/27 23:59:30 Job submitted from host: <18.12.1.74:45694>
...
001 (265302.000.000) 04/27 23:59:37 Job executing on host: <18.12.12.12:41971>
...
006 (265302.000.000) 04/27 23:59:41 Image size of job updated: 1
	0  -  MemoryUsage of job (MB)
	0  -  ResidentSetSize of job (KB)
...
005 (265302.000.000) 04/27 23:59:41 Job terminated.
	(1) Normal termination (return value 1)
		Usr 0 00:00:00, Sys 0 00:00:00  -  Run Remote Usage
		Usr 0 00:00:00, Sys 0 00:00:00  -  Run Local Usage
		Usr 0 00:00:00, Sys 0 00:00:00  -  Total Remote Usage
		Usr 0 00:00:00, Sys 0 00:00:00  -  Total Local Usage
	1146  -  Run Bytes Sent By Job
	32875  -  Run Bytes Received By Job
	1146  -  Total Bytes Sent By Job
	32875  -  Total Bytes Received By Job
	Partitionable Resources :    Usage  Request          
	   Cpus                 :                 1          
	   Disk (KB)            :       56       56          
	   Memory (MB)          :        0        0          
...
000 (265560.000.000) 04/28 02:01:15 Job submitted from host: <18.12.1.74:45694>
...
001 (265560.000.000) 04/28 02:02:08 Job executing on host: <18.12.12.16:47738>
...
006 (265560.000.000) 04/28 02:02:16 Image size of job updated: 210896
	104  -  MemoryUsage of job (MB)
	106112  -  ResidentSetSize of job (KB)
...
006 (265560.000.000) 04/28 02:05:44 Image size of job updated: 315052
	104  -  MemoryUsage of job (MB)
	106112  -  ResidentSetSize of job (KB)
...
005 (265560.000.000) 04/28 02:05:44 Job terminated.
	(1) Normal termination (return value 0)
		Usr 0 00:02:42, Sys 0 00:00:03  -  Run Remote Usage
		Usr 0 00:00:00, Sys 0 00:00:00  -  Run Local Usage
		Usr 0 00:02:42, Sys 0 00:00:03  -  Total Remote Usage
		Usr 0 00:00:00, Sys 0 00:00:00  -  Total Local Usage
	32897  -  Run Bytes Sent By Job
	32889  -  Run Bytes Received By Job
	32897  -  Total Bytes Sent By Job
	32889  -  Total Bytes Received By Job
	Partitionable Resources :    Usage  Request          
	   Cpus                 :                 1          
	   Disk (KB)            :       87       87          
	   Memory (MB)          :      104      104          
...
