000 (263756.000.000) 04/26 03:18:10 Job submitted from host: <18.12.1.74:45694>
...
009 (263756.000.000) 04/26 03:18:32 Job was aborted by the user.
	via condor_rm (by user tawei)
...
000 (263806.000.000) 04/26 03:19:15 Job submitted from host: <18.12.1.74:45694>
...
001 (263806.000.000) 04/26 03:20:41 Job executing on host: <18.12.8.1:42263>
...
006 (263806.000.000) 04/26 03:20:49 Image size of job updated: 1192
	1  -  MemoryUsage of job (MB)
	152  -  ResidentSetSize of job (KB)
...
006 (263806.000.000) 04/26 03:25:29 Image size of job updated: 316424
	1  -  MemoryUsage of job (MB)
	152  -  ResidentSetSize of job (KB)
...
005 (263806.000.000) 04/26 03:25:29 Job terminated.
	(1) Normal termination (return value 0)
		Usr 0 00:03:52, Sys 0 00:00:05  -  Run Remote Usage
		Usr 0 00:00:00, Sys 0 00:00:00  -  Run Local Usage
		Usr 0 00:03:52, Sys 0 00:00:05  -  Total Remote Usage
		Usr 0 00:00:00, Sys 0 00:00:00  -  Total Local Usage
	33514  -  Run Bytes Sent By Job
	32579  -  Run Bytes Received By Job
	33514  -  Total Bytes Sent By Job
	32579  -  Total Bytes Received By Job
	Partitionable Resources :    Usage  Request          
	   Cpus                 :                 1          
	   Disk (KB)            :       87       87          
	   Memory (MB)          :        1        1          
...
000 (263908.000.000) 04/26 04:01:38 Job submitted from host: <18.12.1.74:45694>
...
001 (263908.000.000) 04/26 04:02:41 Job executing on host: <18.12.12.14:40292>
...
006 (263908.000.000) 04/26 04:02:50 Image size of job updated: 272860
	121  -  MemoryUsage of job (MB)
	123836  -  ResidentSetSize of job (KB)
...
006 (263908.000.000) 04/26 04:07:08 Image size of job updated: 315304
	121  -  MemoryUsage of job (MB)
	123836  -  ResidentSetSize of job (KB)
...
005 (263908.000.000) 04/26 04:07:08 Job terminated.
	(1) Normal termination (return value 0)
		Usr 0 00:03:21, Sys 0 00:00:04  -  Run Remote Usage
		Usr 0 00:00:00, Sys 0 00:00:00  -  Run Local Usage
		Usr 0 00:03:21, Sys 0 00:00:04  -  Total Remote Usage
		Usr 0 00:00:00, Sys 0 00:00:00  -  Total Local Usage
	32848  -  Run Bytes Sent By Job
	32607  -  Run Bytes Received By Job
	32848  -  Total Bytes Sent By Job
	32607  -  Total Bytes Received By Job
	Partitionable Resources :    Usage  Request          
	   Cpus                 :                 1          
	   Disk (KB)            :       86       86          
	   Memory (MB)          :      121      121          
...
000 (265265.000.000) 04/27 23:58:48 Job submitted from host: <18.12.1.74:45694>
...
009 (265265.000.000) 04/27 23:59:18 Job was aborted by the user.
	via condor_rm (by user tawei)
...
000 (265315.000.000) 04/27 23:59:32 Job submitted from host: <18.12.1.74:45694>
...
001 (265315.000.000) 04/27 23:59:38 Job executing on host: <18.12.9.18:41825>
...
006 (265315.000.000) 04/27 23:59:42 Image size of job updated: 24544
	0  -  MemoryUsage of job (MB)
	0  -  ResidentSetSize of job (KB)
...
005 (265315.000.000) 04/27 23:59:42 Job terminated.
	(1) Normal termination (return value 1)
		Usr 0 00:00:00, Sys 0 00:00:00  -  Run Remote Usage
		Usr 0 00:00:00, Sys 0 00:00:00  -  Run Local Usage
		Usr 0 00:00:00, Sys 0 00:00:00  -  Total Remote Usage
		Usr 0 00:00:00, Sys 0 00:00:00  -  Total Local Usage
	1145  -  Run Bytes Sent By Job
	32875  -  Run Bytes Received By Job
	1145  -  Total Bytes Sent By Job
	32875  -  Total Bytes Received By Job
	Partitionable Resources :    Usage  Request          
	   Cpus                 :                 1          
	   Disk (KB)            :       56       56          
	   Memory (MB)          :        0        0          
...
000 (265573.000.000) 04/28 02:01:16 Job submitted from host: <18.12.1.74:45694>
...
001 (265573.000.000) 04/28 02:02:08 Job executing on host: <18.12.9.2:46132>
...
006 (265573.000.000) 04/28 02:02:17 Image size of job updated: 1
	2  -  MemoryUsage of job (MB)
	1704  -  ResidentSetSize of job (KB)
...
006 (265573.000.000) 04/28 02:07:19 Image size of job updated: 288572
	150  -  MemoryUsage of job (MB)
	153240  -  ResidentSetSize of job (KB)
...
006 (265573.000.000) 04/28 02:10:22 Image size of job updated: 316468
	150  -  MemoryUsage of job (MB)
	153240  -  ResidentSetSize of job (KB)
...
005 (265573.000.000) 04/28 02:10:22 Job terminated.
	(1) Normal termination (return value 0)
		Usr 0 00:02:36, Sys 0 00:00:03  -  Run Remote Usage
		Usr 0 00:00:00, Sys 0 00:00:00  -  Run Local Usage
		Usr 0 00:02:36, Sys 0 00:00:03  -  Total Remote Usage
		Usr 0 00:00:00, Sys 0 00:00:00  -  Total Local Usage
	32786  -  Run Bytes Sent By Job
	32889  -  Run Bytes Received By Job
	32786  -  Total Bytes Sent By Job
	32889  -  Total Bytes Received By Job
	Partitionable Resources :    Usage  Request          
	   Cpus                 :                 1          
	   Disk (KB)            :       87       87          
	   Memory (MB)          :      150      150          
...
