/export/data1/condor/execute/dir_4060
gcc (GCC) 4.6.2
Copyright (C) 2011 Free Software Foundation, Inc.
This is free software; see the source for copying conditions.  There is NO
warranty; not even for MERCHANTABILITY or FITNESS FOR A PARTICULAR PURPOSE.

5.32/00
Linux version 2.6.32-358.el6.x86_64 (mockbuild@sl6.fnal.gov) (gcc version 4.4.7 20120313 (Red Hat 4.4.7-3) (GCC) ) #1 SMP Fri Feb 22 20:37:17 CST 2013

Processing fitBs.C(45)...
The local date and time is: Mon Apr 28 02:02:46 2014

 FCN=51.09 FROM HESSE     STATUS=RESET          35 CALLS         818 TOTAL
                     EDM=1.74677e-07    STRATEGY= 1  ERROR MATRIX UNCERTAINTY 100.0 per cent
  EXT PARAMETER                APPROXIMATE        STEP         FIRST   
  NO.   NAME      VALUE            ERROR          SIZE      DERIVATIVE 
   1  p0           1.46834e+02   1.71547e+00   1.71547e-02   3.14754e-01
   2  p1           5.36991e+00   1.80509e-04   1.80509e-06   3.52717e+03
   3  p2           1.17656e-02   1.36451e-04   1.36451e-06  -3.26142e-01
   4  p3           1.28682e+01   1.57196e-01   1.57196e-03  -2.68056e+00
   5  p4          -2.04693e-02   2.71701e-02   2.71701e-04   1.45628e+02
   6  p5          -3.51569e-01   4.68012e-03   4.68012e-05  -5.82654e+00
   7  p6           0.00000e+00   2.82843e+00   2.82843e-02  -4.87893e-02
   8  p7           7.40832e-01   1.00098e-02   1.00098e-04  -1.55201e+01
   9  p8           2.93696e-02   6.11333e-04   6.11333e-06   5.60321e-01
  10  p9           0.00000e+00   1.00000e+00   1.00000e-02   2.81800e-02
  11  p10          0.00000e+00   1.00000e+00   1.00000e-02   4.32797e-01
  12  p11          0.00000e+00     fixed    
                               ERR DEF= 0.5
 FCN=19.702 FROM HESSE     STATUS=RESET          30 CALLS         507 TOTAL
                     EDM=3.56714e-09    STRATEGY= 1  ERROR MATRIX UNCERTAINTY 100.0 per cent
  EXT PARAMETER                APPROXIMATE        STEP         FIRST   
  NO.   NAME      VALUE            ERROR          SIZE      DERIVATIVE 
   1  p0           8.80688e-01   1.62070e-01   1.62070e-03   3.33161e+00
   2  p1           5.37091e+00   2.64329e-03   2.64329e-05   2.40869e+02
   3  p2           1.17656e-02     fixed    
   4  p3           1.07018e+02   3.23872e-01   3.23872e-03  -2.03570e+00
   5  p4          -2.82726e+01   5.74207e-02   5.74207e-04  -2.01608e+05
   6  p5           1.80062e+00   1.01328e-02   1.01328e-04   1.90773e+01
   7  p6           0.00000e+00   5.65685e+00   5.65685e-02  -4.82050e-03
   8  p7           7.40832e-01     fixed    
   9  p8           2.93696e-02     fixed    
  10  p9           0.00000e+00   1.00000e+00   1.00000e-02  -1.37997e-01
  11  p10          0.00000e+00   1.00000e+00   1.00000e-02  -8.17572e-01
  12  p11          0.00000e+00     fixed    
                               ERR DEF= 0.5
351
fit result:44.0344 44.0344
The local date and time is: Mon Apr 28 02:11:25 2014

Got Nsig:516/44.0344
Got extracted:44.0344
Pseudo exp:0
The local date and time is: Mon Apr 28 02:11:25 2014

cout:516
_cout:2879
true_yield:48
Start pseudo exp fit:0
The local date and time is: Mon Apr 28 02:11:28 2014

 FCN=38.495 FROM HESSE     STATUS=RESET          30 CALLS        1239 TOTAL
                     EDM=8.33915e-08    STRATEGY= 1  ERROR MATRIX UNCERTAINTY 100.0 per cent
  EXT PARAMETER                APPROXIMATE        STEP         FIRST   
  NO.   NAME      VALUE            ERROR          SIZE      DERIVATIVE 
   1  p0           8.48926e-01   1.68747e-01   1.68747e-03   3.19977e+00
   2  p1           5.36560e+00   4.10687e-03   4.10687e-05   1.55030e+02
   3  p2           1.17656e-02     fixed    
   4  p3           2.35668e+02   3.09083e-01   3.09083e-03  -2.13310e+00
   5  p4          -7.30146e+01   5.44349e-02   5.44349e-04  -5.23928e+05
   6  p5           5.67506e+00   9.54272e-03   9.54272e-05   2.02570e+01
   7  p6           0.00000e+00   8.13625e+01   8.13625e-01  -3.35153e-04
   8  p7           7.40832e-01     fixed    
   9  p8           2.93696e-02     fixed    
  10  p9           0.00000e+00   1.00000e+00   1.00000e-02  -1.37997e-01
  11  p10          0.00000e+00   1.00000e+00   1.00000e-02  -8.17572e-01
  12  p11          0.00000e+00     fixed    
                               ERR DEF= 0.5
354
fit result:42.4463 42.4463
The local date and time is: Mon Apr 28 02:11:28 2014

Pseudo exp:1
The local date and time is: Mon Apr 28 02:11:28 2014

cout:516
_cout:2837
true_yield:35
Start pseudo exp fit:1
The local date and time is: Mon Apr 28 02:11:32 2014

 FCN=20.2753 FROM HESSE     STATUS=RESET          30 CALLS         507 TOTAL
                     EDM=2.80178e-07    STRATEGY= 1  ERROR MATRIX UNCERTAINTY 100.0 per cent
  EXT PARAMETER                APPROXIMATE        STEP         FIRST   
  NO.   NAME      VALUE            ERROR          SIZE      DERIVATIVE 
   1  p0           6.29575e-01   1.48366e-01   1.48366e-03   3.63933e+00
   2  p1           5.37068e+00   4.22866e-03   4.22866e-05   1.50564e+02
   3  p2           1.17656e-02     fixed    
   4  p3           1.08147e+02   3.37400e-01   3.37400e-03  -1.95407e+00
   5  p4          -3.01396e+01   6.01167e-02   6.01167e-04  -2.04888e+05
   6  p5           2.10368e+00   1.06587e-02   1.06587e-04   1.81361e+01
   7  p6           0.00000e+00   5.65685e+00   5.65685e-02  -4.82050e-03
   8  p7           7.40832e-01     fixed    
   9  p8           2.93696e-02     fixed    
  10  p9           0.00000e+00   1.00000e+00   1.00000e-02  -1.37997e-01
  11  p10          0.00000e+00   1.00000e+00   1.00000e-02  -8.17572e-01
  12  p11          0.00000e+00     fixed    
                               ERR DEF= 0.5
341
fit result:31.4787 31.4788
The local date and time is: Mon Apr 28 02:11:32 2014

Pseudo exp:2
The local date and time is: Mon Apr 28 02:11:32 2014

cout:516
_cout:2726
true_yield:38
Start pseudo exp fit:2
The local date and time is: Mon Apr 28 02:11:35 2014

 FCN=23.9556 FROM MIGRAD    STATUS=CALL LIMIT   2936 CALLS        2937 TOTAL
                     EDM=6.94528e-05    STRATEGY= 1  ERROR MATRIX UNCERTAINTY   7.1 per cent
  EXT PARAMETER                APPROXIMATE        STEP         FIRST   
  NO.   NAME      VALUE            ERROR          SIZE      DERIVATIVE 
   1  p0           8.75014e-01   1.67586e-01   5.14496e-05  -5.96266e-03
   2  p1           5.37530e+00   3.25945e-03   7.41330e-07  -1.47060e-02
   3  p2           1.17656e-02     fixed    
   4  p3           2.89191e+01   4.34593e+00  -3.04563e-02  -2.17754e-02
   5  p4          -6.15547e-02   4.09398e+00   1.23420e-03  -1.01535e+00
   6  p5          -7.44314e-01   1.38262e-01  -8.34713e-04  -7.07301e-01
   7  p6           0.00000e+00   1.00000e+00  -0.00000e+00   0.00000e+00
   8  p7           7.40832e-01     fixed    
   9  p8           2.93696e-02     fixed    
  10  p9           0.00000e+00   1.00000e+00  -0.00000e+00   0.00000e+00
  11  p10          0.00000e+00   1.00000e+00  -0.00000e+00   0.00000e+00
  12  p11          0.00000e+00     fixed    
                               ERR DEF= 0.5
344
fit result:43.7507 43.7507
The local date and time is: Mon Apr 28 02:11:35 2014

Pseudo exp:3
The local date and time is: Mon Apr 28 02:11:35 2014

cout:516
_cout:2786
true_yield:52
Start pseudo exp fit:3
The local date and time is: Mon Apr 28 02:11:38 2014

 FCN=24.7579 FROM HESSE     STATUS=RESET          30 CALLS         507 TOTAL
                     EDM=2.08876e-07    STRATEGY= 1  ERROR MATRIX UNCERTAINTY 100.0 per cent
  EXT PARAMETER                APPROXIMATE        STEP         FIRST   
  NO.   NAME      VALUE            ERROR          SIZE      DERIVATIVE 
   1  p0           1.06521e+00   1.74775e-01   1.74775e-03   3.08942e+00
   2  p1           5.36825e+00   2.45941e-03   2.45941e-05   2.58877e+02
   3  p2           1.17656e-02     fixed    
   4  p3           1.73562e+02   3.23600e-01   3.23600e-03  -2.03741e+00
   5  p4          -5.24637e+01   5.73654e-02   5.73654e-04  -3.65150e+05
   6  p5           3.99156e+00   1.01212e-02   1.01212e-04   1.90991e+01
   7  p6           0.00000e+00   9.78104e+01   9.78104e-01  -2.78793e-04
   8  p7           7.40832e-01     fixed    
   9  p8           2.93696e-02     fixed    
  10  p9           0.00000e+00   1.00000e+00   1.00000e-02  -1.37997e-01
  11  p10          0.00000e+00   1.00000e+00   1.00000e-02  -8.17572e-01
  12  p11          0.00000e+00     fixed    
                               ERR DEF= 0.5
358
fit result:53.2607 53.2607
The local date and time is: Mon Apr 28 02:11:39 2014

Pseudo exp:4
The local date and time is: Mon Apr 28 02:11:39 2014

cout:516
_cout:2911
true_yield:33
Start pseudo exp fit:4
The local date and time is: Mon Apr 28 02:11:42 2014

 FCN=16.0784 FROM HESSE     STATUS=RESET          30 CALLS        1712 TOTAL
                     EDM=7.79977e-07    STRATEGY= 1  ERROR MATRIX UNCERTAINTY 100.0 per cent
  EXT PARAMETER                APPROXIMATE        STEP         FIRST   
  NO.   NAME      VALUE            ERROR          SIZE      DERIVATIVE 
   1  p0           8.36587e-01   1.63521e-01   1.63521e-03   3.30204e+00
   2  p1           5.36701e+00   3.96329e-03   3.96329e-05   1.60646e+02
   3  p2           1.17656e-02     fixed    
   4  p3           3.27598e+02   3.18661e-01   3.18661e-03  -2.06899e+00
   5  p4          -1.08270e+02   5.65595e-02   5.65595e-04  -7.19286e+05
   6  p5           9.02732e+00   9.99562e-03   9.99562e-05   1.93391e+01
   7  p6           0.00000e+00   8.00000e+00   8.00000e-02  -3.40861e-03
   8  p7           7.40832e-01     fixed    
   9  p8           2.93696e-02     fixed    
  10  p9           0.00000e+00   1.00000e+00   1.00000e-02  -1.37997e-01
  11  p10          0.00000e+00   1.00000e+00   1.00000e-02  -8.17572e-01
  12  p11          0.00000e+00     fixed    
                               ERR DEF= 0.5
339
fit result:41.8293 41.8294
The local date and time is: Mon Apr 28 02:11:42 2014

Pseudo exp:5
The local date and time is: Mon Apr 28 02:11:42 2014

cout:516
_cout:2881
true_yield:45
Start pseudo exp fit:5
The local date and time is: Mon Apr 28 02:11:45 2014

 FCN=25.6008 FROM HESSE     STATUS=RESET          30 CALLS         532 TOTAL
                     EDM=5.58858e-06    STRATEGY= 1  ERROR MATRIX UNCERTAINTY 100.0 per cent
  EXT PARAMETER                APPROXIMATE        STEP         FIRST   
  NO.   NAME      VALUE            ERROR          SIZE      DERIVATIVE 
   1  p0           7.10407e-01   1.57796e-01   1.57796e-03   3.42183e+00
   2  p1           5.37763e+00   3.92012e-03   3.92012e-05   1.62415e+02
   3  p2           1.17656e-02     fixed    
   4  p3           3.15208e+01   3.14613e-01   3.14613e-03  -2.09561e+00
   5  p4          -5.23957e-05   9.75702e+00   9.75702e-02** at limit **
   6  p5          -8.31102e-01   9.71805e-03   9.71805e-05   1.98915e+01
   7  p6           0.00000e+00   1.00000e+00   1.00000e-02  -2.72689e-02
   8  p7           7.40832e-01     fixed    
   9  p8           2.93696e-02     fixed    
  10  p9           0.00000e+00   1.00000e+00   1.00000e-02  -1.37997e-01
  11  p10          0.00000e+00   1.00000e+00   1.00000e-02  -8.17572e-01
  12  p11          0.00000e+00     fixed    
                               ERR DEF= 0.5
351
fit result:35.5203 35.5204
The local date and time is: Mon Apr 28 02:11:45 2014

Pseudo exp:6
The local date and time is: Mon Apr 28 02:11:45 2014

cout:516
_cout:2865
true_yield:51
Start pseudo exp fit:6
The local date and time is: Mon Apr 28 02:11:49 2014

 FCN=31.2978 FROM HESSE     STATUS=RESET          30 CALLS         507 TOTAL
                     EDM=3.19886e-08    STRATEGY= 1  ERROR MATRIX UNCERTAINTY 100.0 per cent
  EXT PARAMETER                APPROXIMATE        STEP         FIRST   
  NO.   NAME      VALUE            ERROR          SIZE      DERIVATIVE 
   1  p0           1.08345e+00   1.75533e-01   1.75533e-03   3.07608e+00
   2  p1           5.37208e+00   2.45441e-03   2.45441e-05   2.59404e+02
   3  p2           1.17656e-02     fixed    
   4  p3           1.71035e+02   3.39821e-01   3.39821e-03  -1.94015e+00
   5  p4          -5.38471e+01   6.06738e-02   6.06738e-04  -3.53825e+05
   6  p5           4.32461e+00   1.07796e-02   1.07796e-04   1.79326e+01
   7  p6           0.00000e+00   8.00000e+00   8.00000e-02  -3.40861e-03
   8  p7           7.40832e-01     fixed    
   9  p8           2.93696e-02     fixed    
  10  p9           0.00000e+00   1.00000e+00   1.00000e-02  -1.37997e-01
  11  p10          0.00000e+00   1.00000e+00   1.00000e-02  -8.17572e-01
  12  p11          0.00000e+00     fixed    
                               ERR DEF= 0.5
357
fit result:54.1726 54.1726
The local date and time is: Mon Apr 28 02:11:49 2014

Pseudo exp:7
The local date and time is: Mon Apr 28 02:11:49 2014

cout:516
_cout:2800
true_yield:43
Start pseudo exp fit:7
The local date and time is: Mon Apr 28 02:11:52 2014

 FCN=20.5889 FROM HESSE     STATUS=RESET          30 CALLS         507 TOTAL
                     EDM=1.71886e-07    STRATEGY= 1  ERROR MATRIX UNCERTAINTY 100.0 per cent
  EXT PARAMETER                APPROXIMATE        STEP         FIRST   
  NO.   NAME      VALUE            ERROR          SIZE      DERIVATIVE 
   1  p0           7.31274e-01   1.53592e-01   1.53592e-03   3.51549e+00
   2  p1           5.37536e+00   3.04430e-03   3.04430e-05   2.09140e+02
   3  p2           1.17656e-02     fixed    
   4  p3           1.43573e+02   3.14960e-01   3.14960e-03  -2.09330e+00
   5  p4          -4.01388e+01   5.56427e-02   5.56427e-04  -2.91763e+05
   6  p5           2.75082e+00   9.78672e-03   9.78672e-05   1.97519e+01
   7  p6           0.00000e+00   5.65685e+00   5.65685e-02  -4.82050e-03
   8  p7           7.40832e-01     fixed    
   9  p8           2.93696e-02     fixed    
  10  p9           0.00000e+00   1.00000e+00   1.00000e-02  -1.37997e-01
  11  p10          0.00000e+00   1.00000e+00   1.00000e-02  -8.17572e-01
  12  p11          0.00000e+00     fixed    
                               ERR DEF= 0.5
349
fit result:36.5637 36.5637
The local date and time is: Mon Apr 28 02:11:52 2014

Pseudo exp:8
The local date and time is: Mon Apr 28 02:11:52 2014

cout:516
_cout:2705
true_yield:47
Start pseudo exp fit:8
The local date and time is: Mon Apr 28 02:11:55 2014

 FCN=35.986 FROM HESSE     STATUS=RESET          30 CALLS         507 TOTAL
                     EDM=9.19953e-09    STRATEGY= 1  ERROR MATRIX UNCERTAINTY 100.0 per cent
  EXT PARAMETER                APPROXIMATE        STEP         FIRST   
  NO.   NAME      VALUE            ERROR          SIZE      DERIVATIVE 
   1  p0           8.62660e-01   1.63777e-01   1.63777e-03   3.29686e+00
   2  p1           5.37341e+00   2.96520e-03   2.96520e-05   2.14719e+02
   3  p2           1.17656e-02     fixed    
   4  p3           1.73921e+02   3.17198e-01   3.17198e-03  -2.07853e+00
   5  p4          -5.13974e+01   5.61162e-02   5.61162e-04  -3.66103e+05
   6  p5           3.78995e+00   9.88520e-03   9.88520e-05   1.95552e+01
   7  p6           0.00000e+00   8.00000e+00   8.00000e-02  -3.40861e-03
   8  p7           7.40832e-01     fixed    
   9  p8           2.93696e-02     fixed    
  10  p9           0.00000e+00   1.00000e+00   1.00000e-02  -1.37997e-01
  11  p10          0.00000e+00   1.00000e+00   1.00000e-02  -8.17572e-01
  12  p11          0.00000e+00     fixed    
                               ERR DEF= 0.5
353
fit result:43.133 43.133
The local date and time is: Mon Apr 28 02:11:56 2014

Pseudo exp:9
The local date and time is: Mon Apr 28 02:11:56 2014

cout:516
_cout:2973
true_yield:46
Start pseudo exp fit:9
The local date and time is: Mon Apr 28 02:11:59 2014

 FCN=19.7626 FROM HESSE     STATUS=RESET          30 CALLS         528 TOTAL
                     EDM=9.90093e-08    STRATEGY= 1  ERROR MATRIX UNCERTAINTY 100.0 per cent
  EXT PARAMETER                APPROXIMATE        STEP         FIRST   
  NO.   NAME      VALUE            ERROR          SIZE      DERIVATIVE 
   1  p0           8.76678e-01   1.67915e-01   1.67915e-03   3.21563e+00
   2  p1           5.37501e+00   3.33890e-03   3.33890e-05   1.90687e+02
   3  p2           1.17656e-02     fixed    
   4  p3           2.76461e+01   3.28563e-01   3.28563e-03  -2.00663e+00
   5  p4          -2.79825e-07   1.65198e+01   1.65198e-01** at limit **
   6  p5          -7.08220e-01   1.02928e-02   1.02928e-04   1.87807e+01
   7  p6           0.00000e+00   5.65685e+00   5.65685e-02  -4.82050e-03
   8  p7           7.40832e-01     fixed    
   9  p8           2.93696e-02     fixed    
  10  p9           0.00000e+00   1.00000e+00   1.00000e-02  -1.37997e-01
  11  p10          0.00000e+00   1.00000e+00   1.00000e-02  -8.17572e-01
  12  p11          0.00000e+00     fixed    
                               ERR DEF= 0.5
352
fit result:43.8339 43.8339
The local date and time is: Mon Apr 28 02:11:59 2014

Pseudo exp:10
The local date and time is: Mon Apr 28 02:11:59 2014

cout:516
_cout:2845
true_yield:41
Start pseudo exp fit:10
The local date and time is: Mon Apr 28 02:12:02 2014

 FCN=18.6298 FROM HESSE     STATUS=RESET          30 CALLS         508 TOTAL
                     EDM=5.18737e-07    STRATEGY= 1  ERROR MATRIX UNCERTAINTY 100.0 per cent
  EXT PARAMETER                APPROXIMATE        STEP         FIRST   
  NO.   NAME      VALUE            ERROR          SIZE      DERIVATIVE 
   1  p0           9.82680e-01   1.71675e-01   1.71675e-03   3.14520e+00
   2  p1           5.37312e+00   2.99383e-03   2.99383e-05   2.12666e+02
   3  p2           1.17656e-02     fixed    
   4  p3           6.84480e+01   3.28834e-01   3.28834e-03  -2.00498e+00
   5  p4          -1.56594e+01   5.84853e-02   5.84853e-04  -1.11056e+05
   6  p5           7.79192e-01   1.03515e-02   1.03515e-04   1.86742e+01
   7  p6           0.00000e+00   2.00000e+00   2.00000e-02  -1.36344e-02
   8  p7           7.40832e-01     fixed    
   9  p8           2.93696e-02     fixed    
  10  p9           0.00000e+00   1.00000e+00   1.00000e-02  -1.37997e-01
  11  p10          0.00000e+00   1.00000e+00   1.00000e-02  -8.17572e-01
  12  p11          0.00000e+00     fixed    
                               ERR DEF= 0.5
347
fit result:49.134 49.134
The local date and time is: Mon Apr 28 02:12:03 2014

Pseudo exp:11
The local date and time is: Mon Apr 28 02:12:03 2014

cout:516
_cout:2925
true_yield:39
Start pseudo exp fit:11
The local date and time is: Mon Apr 28 02:12:06 2014

 FCN=17.3694 FROM HESSE     STATUS=RESET          30 CALLS         506 TOTAL
                     EDM=1.48655e-09    STRATEGY= 1  ERROR MATRIX UNCERTAINTY 100.0 per cent
  EXT PARAMETER                APPROXIMATE        STEP         FIRST   
  NO.   NAME      VALUE            ERROR          SIZE      DERIVATIVE 
   1  p0           7.94337e-01   1.60951e-01   1.60951e-03   3.35476e+00
   2  p1           5.36919e+00   3.65134e-03   3.65134e-05   1.74370e+02
   3  p2           1.17656e-02     fixed    
   4  p3           1.54062e+02   3.34955e-01   3.34955e-03  -1.96834e+00
   5  p4          -4.67278e+01   5.96596e-02   5.96596e-04  -3.14614e+05
   6  p5           3.59491e+00   1.05753e-02   1.05753e-04   1.82790e+01
   7  p6           0.00000e+00   2.40000e+00   2.40000e-02  -1.13620e-02
   8  p7           7.40832e-01     fixed    
   9  p8           2.93696e-02     fixed    
  10  p9           0.00000e+00   1.00000e+00   1.00000e-02  -1.37997e-01
  11  p10          0.00000e+00   1.00000e+00   1.00000e-02  -8.17572e-01
  12  p11          0.00000e+00     fixed    
                               ERR DEF= 0.5
345
fit result:39.7169 39.7169
The local date and time is: Mon Apr 28 02:12:06 2014

Pseudo exp:12
The local date and time is: Mon Apr 28 02:12:06 2014

cout:516
_cout:2904
true_yield:47
Start pseudo exp fit:12
The local date and time is: Mon Apr 28 02:12:09 2014

 FCN=14.6843 FROM HESSE     STATUS=RESET          30 CALLS         507 TOTAL
                     EDM=4.5513e-07    STRATEGY= 1  ERROR MATRIX UNCERTAINTY 100.0 per cent
  EXT PARAMETER                APPROXIMATE        STEP         FIRST   
  NO.   NAME      VALUE            ERROR          SIZE      DERIVATIVE 
   1  p0           8.36984e-01   1.61318e-01   1.61318e-03   3.34713e+00
   2  p1           5.36868e+00   3.18941e-03   3.18941e-05   1.99625e+02
   3  p2           1.17656e-02     fixed    
   4  p3           2.30590e+02   3.43330e-01   3.43330e-03  -1.92032e+00
   5  p4          -7.51175e+01   6.13317e-02   6.13317e-04  -4.77319e+05
   6  p5           6.22380e+00   1.09049e-02   1.09049e-04   1.77265e+01
   7  p6           0.00000e+00   1.00367e+02   1.00367e+00  -2.71690e-04
   8  p7           7.40832e-01     fixed    
   9  p8           2.93696e-02     fixed    
  10  p9           0.00000e+00   1.00000e+00   1.00000e-02  -1.37997e-01
  11  p10          0.00000e+00   1.00000e+00   1.00000e-02  -8.17572e-01
  12  p11          0.00000e+00     fixed    
                               ERR DEF= 0.5
353
fit result:41.8492 41.8492
The local date and time is: Mon Apr 28 02:12:10 2014

Pseudo exp:13
The local date and time is: Mon Apr 28 02:12:10 2014

cout:516
_cout:2958
true_yield:44
Start pseudo exp fit:13
The local date and time is: Mon Apr 28 02:12:13 2014

 FCN=22.8952 FROM MIGRAD    STATUS=CALL LIMIT   2920 CALLS        2921 TOTAL
                     EDM=4.53809e-05    STRATEGY= 1  ERROR MATRIX UNCERTAINTY  24.4 per cent
  EXT PARAMETER                APPROXIMATE        STEP         FIRST   
  NO.   NAME      VALUE            ERROR          SIZE      DERIVATIVE 
   1  p0           1.00707e+00   1.74773e-01  -2.44078e-04  -1.34677e-02
   2  p1           5.37341e+00   2.59673e-03   2.36968e-06   1.36915e-01
   3  p2           1.17656e-02     fixed    
   4  p3           3.09326e+01   4.08536e+00  -2.62596e-02  -1.34484e-02
   5  p4          -3.14855e-02   6.33802e+00   9.28033e-04  -4.42030e-01
   6  p5          -8.16570e-01   1.34793e-01  -1.38769e-04  -3.99594e-01
   7  p6           0.00000e+00   1.00000e+00  -0.00000e+00   0.00000e+00
   8  p7           7.40832e-01     fixed    
   9  p8           2.93696e-02     fixed    
  10  p9           0.00000e+00   1.00000e+00  -0.00000e+00   0.00000e+00
  11  p10          0.00000e+00   1.00000e+00  -0.00000e+00   0.00000e+00
  12  p11          0.00000e+00     fixed    
                               ERR DEF= 0.5
350
fit result:50.3533 50.3533
The local date and time is: Mon Apr 28 02:12:13 2014

Pseudo exp:14
The local date and time is: Mon Apr 28 02:12:13 2014

cout:516
_cout:2781
true_yield:38
Start pseudo exp fit:14
The local date and time is: Mon Apr 28 02:12:16 2014

 FCN=29.1025 FROM HESSE     STATUS=RESET          30 CALLS         507 TOTAL
                     EDM=3.62757e-07    STRATEGY= 1  ERROR MATRIX UNCERTAINTY 100.0 per cent
  EXT PARAMETER                APPROXIMATE        STEP         FIRST   
  NO.   NAME      VALUE            ERROR          SIZE      DERIVATIVE 
   1  p0           9.84809e-01   1.66904e-01   1.66904e-03   3.23510e+00
   2  p1           5.36770e+00   2.59892e-03   2.59892e-05   2.44981e+02
   3  p2           1.17656e-02     fixed    
   4  p3           4.66957e+02   3.27812e-01   3.27812e-03  -2.01123e+00
   5  p4          -1.60512e+02   5.85012e-02   5.85012e-04  -9.70562e+05
   6  p5           1.39033e+01   1.03937e-02   1.03937e-04   1.85985e+01
   7  p6           0.00000e+00   8.00000e+00   8.00000e-02  -3.40861e-03
   8  p7           7.40832e-01     fixed    
   9  p8           2.93696e-02     fixed    
  10  p9           0.00000e+00   1.00000e+00   1.00000e-02  -1.37997e-01
  11  p10          0.00000e+00   1.00000e+00   1.00000e-02  -8.17572e-01
  12  p11          0.00000e+00     fixed    
                               ERR DEF= 0.5
344
fit result:49.2404 49.2405
The local date and time is: Mon Apr 28 02:12:17 2014

Pseudo exp:15
The local date and time is: Mon Apr 28 02:12:17 2014

cout:516
_cout:3002
true_yield:45
Start pseudo exp fit:15
The local date and time is: Mon Apr 28 02:12:20 2014

 FCN=29.9845 FROM SIMPLEX   STATUS=RESET         593 CALLS        1629 TOTAL
                     EDM=9.58463e-07    STRATEGY= 1  ERROR MATRIX UNCERTAINTY  50.0 per cent
  EXT PARAMETER                APPROXIMATE        STEP         FIRST   
  NO.   NAME      VALUE            ERROR          SIZE      DERIVATIVE 
   1  p0           7.11806e-01   1.59872e-01   1.59872e-03   7.02810e+03
   2  p1           5.37672e+00   4.00544e-03   4.00544e-05   7.61435e+03
   3  p2           1.17656e-02     fixed    
   4  p3           3.11831e+01   3.29700e+00   3.29700e-02  -4.94615e+04
   5  p4          -4.20112e-03   2.10697e+00   2.10697e-02  -8.51864e+05
   6  p5          -8.19298e-01   7.34033e-02   7.34033e-04  -1.26410e+06
   7  p6           0.00000e+00   2.81652e+00   2.81652e-02  -5.69938e+00
   8  p7           7.40832e-01     fixed    
   9  p8           2.93696e-02     fixed    
  10  p9           0.00000e+00   2.81652e+00   2.81652e-02   1.43063e+01
  11  p10          0.00000e+00   2.81652e+00   2.81652e-02  -1.25827e-01
  12  p11          0.00000e+00     fixed    
                               ERR DEF= 0.5
351
fit result:35.5903 35.5903
The local date and time is: Mon Apr 28 02:12:20 2014

Pseudo exp:16
The local date and time is: Mon Apr 28 02:12:20 2014

cout:516
_cout:2914
true_yield:57
Start pseudo exp fit:16
The local date and time is: Mon Apr 28 02:12:23 2014

 FCN=24.4149 FROM HESSE     STATUS=RESET          30 CALLS         507 TOTAL
                     EDM=2.38096e-08    STRATEGY= 1  ERROR MATRIX UNCERTAINTY 100.0 per cent
  EXT PARAMETER                APPROXIMATE        STEP         FIRST   
  NO.   NAME      VALUE            ERROR          SIZE      DERIVATIVE 
   1  p0           1.20007e+00   1.89875e-01   1.89875e-03   2.84372e+00
   2  p1           5.36755e+00   3.64697e-03   3.64697e-05   1.74579e+02
   3  p2           1.17656e-02     fixed    
   4  p3           2.74057e+02   3.12091e-01   3.12091e-03  -2.11254e+00
   5  p4          -8.75632e+01   5.51148e-02   5.51148e-04  -6.10833e+05
   6  p5           7.04174e+00   9.69024e-03   9.69024e-05   1.99486e+01
   7  p6           0.00000e+00   8.81909e+01   8.81909e-01  -3.09203e-04
   8  p7           7.40832e-01     fixed    
   9  p8           2.93696e-02     fixed    
  10  p9           0.00000e+00   1.00000e+00   1.00000e-02  -1.37997e-01
  11  p10          0.00000e+00   1.00000e+00   1.00000e-02  -8.17572e-01
  12  p11          0.00000e+00     fixed    
                               ERR DEF= 0.5
363
fit result:60.0035 60.0036
The local date and time is: Mon Apr 28 02:12:24 2014

Pseudo exp:17
The local date and time is: Mon Apr 28 02:12:24 2014

cout:516
_cout:2701
true_yield:55
Start pseudo exp fit:17
The local date and time is: Mon Apr 28 02:12:27 2014

 FCN=22.706 FROM HESSE     STATUS=RESET          30 CALLS         548 TOTAL
                     EDM=1.14682e-07    STRATEGY= 1  ERROR MATRIX UNCERTAINTY 100.0 per cent
  EXT PARAMETER                APPROXIMATE        STEP         FIRST   
  NO.   NAME      VALUE            ERROR          SIZE      DERIVATIVE 
   1  p0           1.11926e+00   1.79358e-01   1.79358e-03   3.01047e+00
   2  p1           5.37093e+00   2.79116e-03   2.79116e-05   2.28108e+02
   3  p2           1.17656e-02     fixed    
   4  p3           9.45014e+01   3.40218e-01   3.40218e-03  -1.93789e+00
   5  p4          -2.59474e+01   6.06894e-02   6.06894e-04  -1.75481e+05
   6  p5           1.79031e+00   1.07712e-02   1.07712e-04   1.79466e+01
   7  p6           0.00000e+00   2.00000e+00   2.00000e-02  -1.36344e-02
   8  p7           7.40832e-01     fixed    
   9  p8           2.93696e-02     fixed    
  10  p9           0.00000e+00   1.00000e+00   1.00000e-02  -1.37997e-01
  11  p10          0.00000e+00   1.00000e+00   1.00000e-02  -8.17572e-01
  12  p11          0.00000e+00     fixed    
                               ERR DEF= 0.5
361
fit result:55.9632 55.9632
The local date and time is: Mon Apr 28 02:12:27 2014

Pseudo exp:18
The local date and time is: Mon Apr 28 02:12:27 2014

cout:516
_cout:2909
true_yield:41
Start pseudo exp fit:18
The local date and time is: Mon Apr 28 02:12:30 2014

 FCN=11.1809 FROM HESSE     STATUS=RESET          30 CALLS         507 TOTAL
                     EDM=8.6782e-08    STRATEGY= 1  ERROR MATRIX UNCERTAINTY 100.0 per cent
  EXT PARAMETER                APPROXIMATE        STEP         FIRST   
  NO.   NAME      VALUE            ERROR          SIZE      DERIVATIVE 
   1  p0           6.03675e-01   1.51990e-01   1.51990e-03   3.55256e+00
   2  p1           5.36551e+00   5.51713e-03   5.51713e-05   1.15402e+02
   3  p2           1.17656e-02     fixed    
   4  p3           3.94555e+01   3.14603e-01   3.14603e-03  -2.09568e+00
   5  p4          -2.55118e+00   5.54691e-02   5.54691e-04  -1.93307e+04
   6  p5          -6.29265e-01   9.73387e-03   9.73387e-05   1.98592e+01
   7  p6           0.00000e+00   2.40000e+00   2.40000e-02  -1.13620e-02
   8  p7           7.40832e-01     fixed    
   9  p8           2.93696e-02     fixed    
  10  p9           0.00000e+00   1.00000e+00   1.00000e-02  -1.37997e-01
  11  p10          0.00000e+00   1.00000e+00   1.00000e-02  -8.17572e-01
  12  p11          0.00000e+00     fixed    
                               ERR DEF= 0.5
347
fit result:30.1837 30.1838
The local date and time is: Mon Apr 28 02:12:31 2014

Pseudo exp:19
The local date and time is: Mon Apr 28 02:12:31 2014

cout:516
_cout:2924
true_yield:38
Start pseudo exp fit:19
The local date and time is: Mon Apr 28 02:12:34 2014

 FCN=19.6756 FROM HESSE     STATUS=RESET          30 CALLS         567 TOTAL
                     EDM=1.82046e-07    STRATEGY= 1  ERROR MATRIX UNCERTAINTY 100.0 per cent
  EXT PARAMETER                APPROXIMATE        STEP         FIRST   
  NO.   NAME      VALUE            ERROR          SIZE      DERIVATIVE 
   1  p0           6.85137e-01   1.54771e-01   1.54771e-03   3.48871e+00
   2  p1           5.36743e+00   4.16716e-03   4.16716e-05   1.52786e+02
   3  p2           1.17656e-02     fixed    
   4  p3           3.94359e+01   3.29534e-01   3.29534e-03  -2.00072e+00
   5  p4          -4.24428e+00   5.85074e-02   5.85074e-04  -3.04378e+04
   6  p5          -3.26274e-01   1.03379e-02   1.03379e-04   1.86988e+01
   7  p6           0.00000e+00   2.00000e+00   2.00000e-02  -1.36344e-02
   8  p7           7.40832e-01     fixed    
   9  p8           2.93696e-02     fixed    
  10  p9           0.00000e+00   1.00000e+00   1.00000e-02  -1.37997e-01
  11  p10          0.00000e+00   1.00000e+00   1.00000e-02  -8.17572e-01
  12  p11          0.00000e+00     fixed    
                               ERR DEF= 0.5
344
fit result:34.2569 34.2569
The local date and time is: Mon Apr 28 02:12:34 2014

