000 (263730.000.000) 04/26 03:18:07 Job submitted from host: <18.12.1.74:45694>
...
009 (263730.000.000) 04/26 03:18:32 Job was aborted by the user.
	via condor_rm (by user tawei)
...
000 (263780.000.000) 04/26 03:19:13 Job submitted from host: <18.12.1.74:45694>
...
001 (263780.000.000) 04/26 03:20:36 Job executing on host: <18.12.8.249:49198>
...
006 (263780.000.000) 04/26 03:20:44 Image size of job updated: 210908
	102  -  MemoryUsage of job (MB)
	103780  -  ResidentSetSize of job (KB)
...
006 (263780.000.000) 04/26 03:23:53 Image size of job updated: 316128
	102  -  MemoryUsage of job (MB)
	103780  -  ResidentSetSize of job (KB)
...
005 (263780.000.000) 04/26 03:23:53 Job terminated.
	(1) Normal termination (return value 0)
		Usr 0 00:02:36, Sys 0 00:00:03  -  Run Remote Usage
		Usr 0 00:00:00, Sys 0 00:00:00  -  Run Local Usage
		Usr 0 00:02:36, Sys 0 00:00:03  -  Total Remote Usage
		Usr 0 00:00:00, Sys 0 00:00:00  -  Total Local Usage
	33462  -  Run Bytes Sent By Job
	32579  -  Run Bytes Received By Job
	33462  -  Total Bytes Sent By Job
	32579  -  Total Bytes Received By Job
	Partitionable Resources :    Usage  Request          
	   Cpus                 :                 1          
	   Disk (KB)            :       87       87          
	   Memory (MB)          :      102      102          
...
000 (263882.000.000) 04/26 04:01:35 Job submitted from host: <18.12.1.74:45694>
...
001 (263882.000.000) 04/26 04:02:39 Job executing on host: <18.12.8.184:49782>
...
006 (263882.000.000) 04/26 04:02:48 Image size of job updated: 269760
	178  -  MemoryUsage of job (MB)
	181980  -  ResidentSetSize of job (KB)
...
006 (263882.000.000) 04/26 04:07:23 Image size of job updated: 315756
	178  -  MemoryUsage of job (MB)
	181980  -  ResidentSetSize of job (KB)
...
005 (263882.000.000) 04/26 04:07:23 Job terminated.
	(1) Normal termination (return value 0)
		Usr 0 00:03:43, Sys 0 00:00:05  -  Run Remote Usage
		Usr 0 00:00:00, Sys 0 00:00:00  -  Run Local Usage
		Usr 0 00:03:43, Sys 0 00:00:05  -  Total Remote Usage
		Usr 0 00:00:00, Sys 0 00:00:00  -  Total Local Usage
	32840  -  Run Bytes Sent By Job
	32607  -  Run Bytes Received By Job
	32840  -  Total Bytes Sent By Job
	32607  -  Total Bytes Received By Job
	Partitionable Resources :    Usage  Request          
	   Cpus                 :                 1          
	   Disk (KB)            :       86       86          
	   Memory (MB)          :      178      178          
...
000 (265239.000.000) 04/27 23:58:38 Job submitted from host: <18.12.1.74:45694>
...
009 (265239.000.000) 04/27 23:59:18 Job was aborted by the user.
	via condor_rm (by user tawei)
...
000 (265289.000.000) 04/27 23:59:29 Job submitted from host: <18.12.1.74:45694>
...
001 (265289.000.000) 04/27 23:59:37 Job executing on host: <18.12.8.236:40000>
...
006 (265289.000.000) 04/27 23:59:44 Image size of job updated: 1
	0  -  MemoryUsage of job (MB)
	0  -  ResidentSetSize of job (KB)
...
005 (265289.000.000) 04/27 23:59:44 Job terminated.
	(1) Normal termination (return value 1)
		Usr 0 00:00:00, Sys 0 00:00:00  -  Run Remote Usage
		Usr 0 00:00:00, Sys 0 00:00:00  -  Run Local Usage
		Usr 0 00:00:00, Sys 0 00:00:00  -  Total Remote Usage
		Usr 0 00:00:00, Sys 0 00:00:00  -  Total Local Usage
	1145  -  Run Bytes Sent By Job
	32875  -  Run Bytes Received By Job
	1145  -  Total Bytes Sent By Job
	32875  -  Total Bytes Received By Job
	Partitionable Resources :    Usage  Request          
	   Cpus                 :                 1          
	   Disk (KB)            :       56       56          
	   Memory (MB)          :        0        0          
...
000 (265547.000.000) 04/28 02:01:13 Job submitted from host: <18.12.1.74:45694>
...
001 (265547.000.000) 04/28 02:02:07 Job executing on host: <18.12.8.196:48468>
...
006 (265547.000.000) 04/28 02:02:15 Image size of job updated: 1
	2  -  MemoryUsage of job (MB)
	1712  -  ResidentSetSize of job (KB)
...
006 (265547.000.000) 04/28 02:07:16 Image size of job updated: 288568
	151  -  MemoryUsage of job (MB)
	154280  -  ResidentSetSize of job (KB)
...
006 (265547.000.000) 04/28 02:10:42 Image size of job updated: 315368
	151  -  MemoryUsage of job (MB)
	154280  -  ResidentSetSize of job (KB)
...
005 (265547.000.000) 04/28 02:10:42 Job terminated.
	(1) Normal termination (return value 0)
		Usr 0 00:02:35, Sys 0 00:00:03  -  Run Remote Usage
		Usr 0 00:00:00, Sys 0 00:00:00  -  Run Local Usage
		Usr 0 00:02:35, Sys 0 00:00:03  -  Total Remote Usage
		Usr 0 00:00:00, Sys 0 00:00:00  -  Total Local Usage
	32839  -  Run Bytes Sent By Job
	32889  -  Run Bytes Received By Job
	32839  -  Total Bytes Sent By Job
	32889  -  Total Bytes Received By Job
	Partitionable Resources :    Usage  Request          
	   Cpus                 :                 1          
	   Disk (KB)            :       87       87          
	   Memory (MB)          :      151      151          
...
