000 (263737.000.000) 04/26 03:18:08 Job submitted from host: <18.12.1.74:45694>
...
009 (263737.000.000) 04/26 03:18:32 Job was aborted by the user.
	via condor_rm (by user tawei)
...
000 (263787.000.000) 04/26 03:19:13 Job submitted from host: <18.12.1.74:45694>
...
001 (263787.000.000) 04/26 03:20:36 Job executing on host: <18.12.9.17:44234>
...
006 (263787.000.000) 04/26 03:20:45 Image size of job updated: 69568
	14  -  MemoryUsage of job (MB)
	13712  -  ResidentSetSize of job (KB)
...
006 (263787.000.000) 04/26 03:25:14 Image size of job updated: 315932
	14  -  MemoryUsage of job (MB)
	13712  -  ResidentSetSize of job (KB)
...
005 (263787.000.000) 04/26 03:25:14 Job terminated.
	(1) Normal termination (return value 0)
		Usr 0 00:03:34, Sys 0 00:00:06  -  Run Remote Usage
		Usr 0 00:00:00, Sys 0 00:00:00  -  Run Local Usage
		Usr 0 00:03:34, Sys 0 00:00:06  -  Total Remote Usage
		Usr 0 00:00:00, Sys 0 00:00:00  -  Total Local Usage
	33514  -  Run Bytes Sent By Job
	32579  -  Run Bytes Received By Job
	33514  -  Total Bytes Sent By Job
	32579  -  Total Bytes Received By Job
	Partitionable Resources :    Usage  Request          
	   Cpus                 :                 1          
	   Disk (KB)            :       87       87          
	   Memory (MB)          :       14       14          
...
000 (263889.000.000) 04/26 04:01:36 Job submitted from host: <18.12.1.74:45694>
...
001 (263889.000.000) 04/26 04:02:40 Job executing on host: <18.12.8.228:44526>
...
006 (263889.000.000) 04/26 04:02:48 Image size of job updated: 210920
	104  -  MemoryUsage of job (MB)
	106104  -  ResidentSetSize of job (KB)
...
006 (263889.000.000) 04/26 04:06:46 Image size of job updated: 316332
	104  -  MemoryUsage of job (MB)
	106104  -  ResidentSetSize of job (KB)
...
005 (263889.000.000) 04/26 04:06:46 Job terminated.
	(1) Normal termination (return value 0)
		Usr 0 00:03:24, Sys 0 00:00:05  -  Run Remote Usage
		Usr 0 00:00:00, Sys 0 00:00:00  -  Run Local Usage
		Usr 0 00:03:24, Sys 0 00:00:05  -  Total Remote Usage
		Usr 0 00:00:00, Sys 0 00:00:00  -  Total Local Usage
	32785  -  Run Bytes Sent By Job
	32607  -  Run Bytes Received By Job
	32785  -  Total Bytes Sent By Job
	32607  -  Total Bytes Received By Job
	Partitionable Resources :    Usage  Request          
	   Cpus                 :                 1          
	   Disk (KB)            :       86       86          
	   Memory (MB)          :      104      104          
...
000 (265246.000.000) 04/27 23:58:40 Job submitted from host: <18.12.1.74:45694>
...
009 (265246.000.000) 04/27 23:59:18 Job was aborted by the user.
	via condor_rm (by user tawei)
...
000 (265296.000.000) 04/27 23:59:30 Job submitted from host: <18.12.1.74:45694>
...
001 (265296.000.000) 04/27 23:59:39 Job executing on host: <18.12.8.255:45767>
...
006 (265296.000.000) 04/27 23:59:43 Image size of job updated: 1
	0  -  MemoryUsage of job (MB)
	0  -  ResidentSetSize of job (KB)
...
005 (265296.000.000) 04/27 23:59:43 Job terminated.
	(1) Normal termination (return value 1)
		Usr 0 00:00:00, Sys 0 00:00:00  -  Run Remote Usage
		Usr 0 00:00:00, Sys 0 00:00:00  -  Run Local Usage
		Usr 0 00:00:00, Sys 0 00:00:00  -  Total Remote Usage
		Usr 0 00:00:00, Sys 0 00:00:00  -  Total Local Usage
	1145  -  Run Bytes Sent By Job
	32875  -  Run Bytes Received By Job
	1145  -  Total Bytes Sent By Job
	32875  -  Total Bytes Received By Job
	Partitionable Resources :    Usage  Request          
	   Cpus                 :                 1          
	   Disk (KB)            :       56       56          
	   Memory (MB)          :        0        0          
...
000 (265554.000.000) 04/28 02:01:14 Job submitted from host: <18.12.1.74:45694>
...
001 (265554.000.000) 04/28 02:02:10 Job executing on host: <18.12.12.10:45256>
...
006 (265554.000.000) 04/28 02:02:18 Image size of job updated: 1
	2  -  MemoryUsage of job (MB)
	1712  -  ResidentSetSize of job (KB)
...
006 (265554.000.000) 04/28 02:07:18 Image size of job updated: 288572
	154  -  MemoryUsage of job (MB)
	156892  -  ResidentSetSize of job (KB)
...
006 (265554.000.000) 04/28 02:12:19 Image size of job updated: 288572
	154  -  MemoryUsage of job (MB)
	156896  -  ResidentSetSize of job (KB)
...
006 (265554.000.000) 04/28 02:14:09 Image size of job updated: 316356
	154  -  MemoryUsage of job (MB)
	156896  -  ResidentSetSize of job (KB)
...
005 (265554.000.000) 04/28 02:14:10 Job terminated.
	(1) Normal termination (return value 0)
		Usr 0 00:02:50, Sys 0 00:00:04  -  Run Remote Usage
		Usr 0 00:00:00, Sys 0 00:00:00  -  Run Local Usage
		Usr 0 00:02:50, Sys 0 00:00:04  -  Total Remote Usage
		Usr 0 00:00:00, Sys 0 00:00:00  -  Total Local Usage
	32891  -  Run Bytes Sent By Job
	32889  -  Run Bytes Received By Job
	32891  -  Total Bytes Sent By Job
	32889  -  Total Bytes Received By Job
	Partitionable Resources :    Usage  Request          
	   Cpus                 :                 1          
	   Disk (KB)            :       87       87          
	   Memory (MB)          :      154      154          
...
