000 (263726.000.000) 04/26 03:18:07 Job submitted from host: <18.12.1.74:45694>
...
009 (263726.000.000) 04/26 03:18:32 Job was aborted by the user.
	via condor_rm (by user tawei)
...
000 (263776.000.000) 04/26 03:19:12 Job submitted from host: <18.12.1.74:45694>
...
001 (263776.000.000) 04/26 03:20:35 Job executing on host: <18.12.8.222:47519>
...
006 (263776.000.000) 04/26 03:20:44 Image size of job updated: 193952
	102  -  MemoryUsage of job (MB)
	104360  -  ResidentSetSize of job (KB)
...
006 (263776.000.000) 04/26 03:25:07 Image size of job updated: 315388
	102  -  MemoryUsage of job (MB)
	104360  -  ResidentSetSize of job (KB)
...
005 (263776.000.000) 04/26 03:25:07 Job terminated.
	(1) Normal termination (return value 0)
		Usr 0 00:03:29, Sys 0 00:00:05  -  Run Remote Usage
		Usr 0 00:00:00, Sys 0 00:00:00  -  Run Local Usage
		Usr 0 00:03:29, Sys 0 00:00:05  -  Total Remote Usage
		Usr 0 00:00:00, Sys 0 00:00:00  -  Total Local Usage
	33460  -  Run Bytes Sent By Job
	32579  -  Run Bytes Received By Job
	33460  -  Total Bytes Sent By Job
	32579  -  Total Bytes Received By Job
	Partitionable Resources :    Usage  Request          
	   Cpus                 :                 1          
	   Disk (KB)            :       87       87          
	   Memory (MB)          :      102      102          
...
000 (263878.000.000) 04/26 04:01:34 Job submitted from host: <18.12.1.74:45694>
...
001 (263878.000.000) 04/26 04:02:39 Job executing on host: <18.12.8.219:40219>
...
006 (263878.000.000) 04/26 04:02:47 Image size of job updated: 200804
	51  -  MemoryUsage of job (MB)
	51524  -  ResidentSetSize of job (KB)
...
006 (263878.000.000) 04/26 04:06:40 Image size of job updated: 315008
	51  -  MemoryUsage of job (MB)
	51524  -  ResidentSetSize of job (KB)
...
005 (263878.000.000) 04/26 04:06:40 Job terminated.
	(1) Normal termination (return value 0)
		Usr 0 00:03:07, Sys 0 00:00:04  -  Run Remote Usage
		Usr 0 00:00:00, Sys 0 00:00:00  -  Run Local Usage
		Usr 0 00:03:07, Sys 0 00:00:04  -  Total Remote Usage
		Usr 0 00:00:00, Sys 0 00:00:00  -  Total Local Usage
	32790  -  Run Bytes Sent By Job
	32607  -  Run Bytes Received By Job
	32790  -  Total Bytes Sent By Job
	32607  -  Total Bytes Received By Job
	Partitionable Resources :    Usage  Request          
	   Cpus                 :                 1          
	   Disk (KB)            :       86       86          
	   Memory (MB)          :       51       51          
...
000 (265235.000.000) 04/27 23:58:36 Job submitted from host: <18.12.1.74:45694>
...
009 (265235.000.000) 04/27 23:59:18 Job was aborted by the user.
	via condor_rm (by user tawei)
...
000 (265285.000.000) 04/27 23:59:29 Job submitted from host: <18.12.1.74:45694>
...
001 (265285.000.000) 04/27 23:59:39 Job executing on host: <18.12.8.208:48906>
...
006 (265285.000.000) 04/27 23:59:50 Image size of job updated: 69568
	14  -  MemoryUsage of job (MB)
	13788  -  ResidentSetSize of job (KB)
...
005 (265285.000.000) 04/27 23:59:55 Job terminated.
	(1) Normal termination (return value 1)
		Usr 0 00:00:00, Sys 0 00:00:00  -  Run Remote Usage
		Usr 0 00:00:00, Sys 0 00:00:00  -  Run Local Usage
		Usr 0 00:00:00, Sys 0 00:00:00  -  Total Remote Usage
		Usr 0 00:00:00, Sys 0 00:00:00  -  Total Local Usage
	1145  -  Run Bytes Sent By Job
	32875  -  Run Bytes Received By Job
	1145  -  Total Bytes Sent By Job
	32875  -  Total Bytes Received By Job
	Partitionable Resources :    Usage  Request          
	   Cpus                 :                 1          
	   Disk (KB)            :       56       56          
	   Memory (MB)          :       14       14          
...
000 (265543.000.000) 04/28 02:01:13 Job submitted from host: <18.12.1.74:45694>
...
001 (265543.000.000) 04/28 02:02:07 Job executing on host: <18.12.8.186:43431>
...
006 (265543.000.000) 04/28 02:02:15 Image size of job updated: 1
	2  -  MemoryUsage of job (MB)
	1708  -  ResidentSetSize of job (KB)
...
006 (265543.000.000) 04/28 02:07:15 Image size of job updated: 288568
	152  -  MemoryUsage of job (MB)
	155176  -  ResidentSetSize of job (KB)
...
006 (265543.000.000) 04/28 02:10:37 Image size of job updated: 316152
	152  -  MemoryUsage of job (MB)
	155176  -  ResidentSetSize of job (KB)
...
005 (265543.000.000) 04/28 02:10:37 Job terminated.
	(1) Normal termination (return value 0)
		Usr 0 00:02:46, Sys 0 00:00:03  -  Run Remote Usage
		Usr 0 00:00:00, Sys 0 00:00:00  -  Run Local Usage
		Usr 0 00:02:46, Sys 0 00:00:03  -  Total Remote Usage
		Usr 0 00:00:00, Sys 0 00:00:00  -  Total Local Usage
	32788  -  Run Bytes Sent By Job
	32889  -  Run Bytes Received By Job
	32788  -  Total Bytes Sent By Job
	32889  -  Total Bytes Received By Job
	Partitionable Resources :    Usage  Request          
	   Cpus                 :                 1          
	   Disk (KB)            :       87       87          
	   Memory (MB)          :      152      152          
...
