000 (263727.000.000) 04/26 03:18:07 Job submitted from host: <18.12.1.74:45694>
...
009 (263727.000.000) 04/26 03:18:32 Job was aborted by the user.
	via condor_rm (by user tawei)
...
000 (263777.000.000) 04/26 03:19:12 Job submitted from host: <18.12.1.74:45694>
...
001 (263777.000.000) 04/26 03:20:35 Job executing on host: <18.12.8.237:47300>
...
006 (263777.000.000) 04/26 03:20:44 Image size of job updated: 200804
	79  -  MemoryUsage of job (MB)
	80720  -  ResidentSetSize of job (KB)
...
006 (263777.000.000) 04/26 03:25:19 Image size of job updated: 315752
	79  -  MemoryUsage of job (MB)
	80720  -  ResidentSetSize of job (KB)
...
005 (263777.000.000) 04/26 03:25:19 Job terminated.
	(1) Normal termination (return value 0)
		Usr 0 00:03:40, Sys 0 00:00:05  -  Run Remote Usage
		Usr 0 00:00:00, Sys 0 00:00:00  -  Run Local Usage
		Usr 0 00:03:40, Sys 0 00:00:05  -  Total Remote Usage
		Usr 0 00:00:00, Sys 0 00:00:00  -  Total Local Usage
	33514  -  Run Bytes Sent By Job
	32579  -  Run Bytes Received By Job
	33514  -  Total Bytes Sent By Job
	32579  -  Total Bytes Received By Job
	Partitionable Resources :    Usage  Request          
	   Cpus                 :                 1          
	   Disk (KB)            :       87       87          
	   Memory (MB)          :       79       79          
...
000 (263879.000.000) 04/26 04:01:35 Job submitted from host: <18.12.1.74:45694>
...
001 (263879.000.000) 04/26 04:02:39 Job executing on host: <18.12.8.253:46570>
...
006 (263879.000.000) 04/26 04:02:47 Image size of job updated: 1
	2  -  MemoryUsage of job (MB)
	1704  -  ResidentSetSize of job (KB)
...
006 (263879.000.000) 04/26 04:06:54 Image size of job updated: 316144
	2  -  MemoryUsage of job (MB)
	1704  -  ResidentSetSize of job (KB)
...
005 (263879.000.000) 04/26 04:06:54 Job terminated.
	(1) Normal termination (return value 0)
		Usr 0 00:03:32, Sys 0 00:00:05  -  Run Remote Usage
		Usr 0 00:00:00, Sys 0 00:00:00  -  Run Local Usage
		Usr 0 00:03:32, Sys 0 00:00:05  -  Total Remote Usage
		Usr 0 00:00:00, Sys 0 00:00:00  -  Total Local Usage
	32843  -  Run Bytes Sent By Job
	32607  -  Run Bytes Received By Job
	32843  -  Total Bytes Sent By Job
	32607  -  Total Bytes Received By Job
	Partitionable Resources :    Usage  Request          
	   Cpus                 :                 1          
	   Disk (KB)            :       86       86          
	   Memory (MB)          :        2        2          
...
000 (265236.000.000) 04/27 23:58:37 Job submitted from host: <18.12.1.74:45694>
...
009 (265236.000.000) 04/27 23:59:18 Job was aborted by the user.
	via condor_rm (by user tawei)
...
000 (265286.000.000) 04/27 23:59:29 Job submitted from host: <18.12.1.74:45694>
...
001 (265286.000.000) 04/27 23:59:36 Job executing on host: <18.12.8.227:44015>
...
006 (265286.000.000) 04/27 23:59:41 Image size of job updated: 1
	0  -  MemoryUsage of job (MB)
	0  -  ResidentSetSize of job (KB)
...
005 (265286.000.000) 04/27 23:59:41 Job terminated.
	(1) Normal termination (return value 1)
		Usr 0 00:00:00, Sys 0 00:00:00  -  Run Remote Usage
		Usr 0 00:00:00, Sys 0 00:00:00  -  Run Local Usage
		Usr 0 00:00:00, Sys 0 00:00:00  -  Total Remote Usage
		Usr 0 00:00:00, Sys 0 00:00:00  -  Total Local Usage
	1145  -  Run Bytes Sent By Job
	32875  -  Run Bytes Received By Job
	1145  -  Total Bytes Sent By Job
	32875  -  Total Bytes Received By Job
	Partitionable Resources :    Usage  Request          
	   Cpus                 :                 1          
	   Disk (KB)            :       56       56          
	   Memory (MB)          :        0        0          
...
000 (265544.000.000) 04/28 02:01:13 Job submitted from host: <18.12.1.74:45694>
...
001 (265544.000.000) 04/28 02:02:07 Job executing on host: <18.12.8.178:42409>
...
006 (265544.000.000) 04/28 02:02:15 Image size of job updated: 1
	2  -  MemoryUsage of job (MB)
	1696  -  ResidentSetSize of job (KB)
...
006 (265544.000.000) 04/28 02:05:26 Image size of job updated: 315796
	2  -  MemoryUsage of job (MB)
	1696  -  ResidentSetSize of job (KB)
...
005 (265544.000.000) 04/28 02:05:26 Job terminated.
	(1) Normal termination (return value 0)
		Usr 0 00:02:34, Sys 0 00:00:03  -  Run Remote Usage
		Usr 0 00:00:00, Sys 0 00:00:00  -  Run Local Usage
		Usr 0 00:02:34, Sys 0 00:00:03  -  Total Remote Usage
		Usr 0 00:00:00, Sys 0 00:00:00  -  Total Local Usage
	32790  -  Run Bytes Sent By Job
	32889  -  Run Bytes Received By Job
	32790  -  Total Bytes Sent By Job
	32889  -  Total Bytes Received By Job
	Partitionable Resources :    Usage  Request          
	   Cpus                 :                 1          
	   Disk (KB)            :       87       87          
	   Memory (MB)          :        2        2          
...
