/export/data1/condor/execute/dir_28898
gcc (GCC) 4.6.2
Copyright (C) 2011 Free Software Foundation, Inc.
This is free software; see the source for copying conditions.  There is NO
warranty; not even for MERCHANTABILITY or FITNESS FOR A PARTICULAR PURPOSE.

5.32/00
Linux version 2.6.32-358.el6.x86_64 (mockbuild@sl6.fnal.gov) (gcc version 4.4.7 20120313 (Red Hat 4.4.7-3) (GCC) ) #1 SMP Fri Feb 22 20:37:17 CST 2013

Processing fitBs.C(8)...
The local date and time is: Mon Apr 28 02:03:31 2014

 FCN=51.09 FROM HESSE     STATUS=RESET          35 CALLS         818 TOTAL
                     EDM=1.74677e-07    STRATEGY= 1  ERROR MATRIX UNCERTAINTY 100.0 per cent
  EXT PARAMETER                APPROXIMATE        STEP         FIRST   
  NO.   NAME      VALUE            ERROR          SIZE      DERIVATIVE 
   1  p0           1.46834e+02   1.71547e+00   1.71547e-02   3.14754e-01
   2  p1           5.36991e+00   1.80509e-04   1.80509e-06   3.52717e+03
   3  p2           1.17656e-02   1.36451e-04   1.36451e-06  -3.26142e-01
   4  p3           1.28682e+01   1.57196e-01   1.57196e-03  -2.68056e+00
   5  p4          -2.04693e-02   2.71701e-02   2.71701e-04   1.45628e+02
   6  p5          -3.51569e-01   4.68012e-03   4.68012e-05  -5.82654e+00
   7  p6           0.00000e+00   2.82843e+00   2.82843e-02  -4.87893e-02
   8  p7           7.40832e-01   1.00098e-02   1.00098e-04  -1.55201e+01
   9  p8           2.93696e-02   6.11333e-04   6.11333e-06   5.60321e-01
  10  p9           0.00000e+00   1.00000e+00   1.00000e-02   2.81800e-02
  11  p10          0.00000e+00   1.00000e+00   1.00000e-02   4.32797e-01
  12  p11          0.00000e+00     fixed    
                               ERR DEF= 0.5
 FCN=19.702 FROM HESSE     STATUS=RESET          30 CALLS         507 TOTAL
                     EDM=3.56714e-09    STRATEGY= 1  ERROR MATRIX UNCERTAINTY 100.0 per cent
  EXT PARAMETER                APPROXIMATE        STEP         FIRST   
  NO.   NAME      VALUE            ERROR          SIZE      DERIVATIVE 
   1  p0           8.80688e-01   1.62070e-01   1.62070e-03   3.33161e+00
   2  p1           5.37091e+00   2.64329e-03   2.64329e-05   2.40869e+02
   3  p2           1.17656e-02     fixed    
   4  p3           1.07018e+02   3.23872e-01   3.23872e-03  -2.03570e+00
   5  p4          -2.82726e+01   5.74207e-02   5.74207e-04  -2.01608e+05
   6  p5           1.80062e+00   1.01328e-02   1.01328e-04   1.90773e+01
   7  p6           0.00000e+00   5.65685e+00   5.65685e-02  -4.82050e-03
   8  p7           7.40832e-01     fixed    
   9  p8           2.93696e-02     fixed    
  10  p9           0.00000e+00   1.00000e+00   1.00000e-02  -1.37997e-01
  11  p10          0.00000e+00   1.00000e+00   1.00000e-02  -8.17572e-01
  12  p11          0.00000e+00     fixed    
                               ERR DEF= 0.5
351
fit result:44.0344 44.0344
The local date and time is: Mon Apr 28 02:09:26 2014

Got Nsig:504/44.0344
Got extracted:44.0344
Pseudo exp:0
The local date and time is: Mon Apr 28 02:09:26 2014

cout:504
_cout:2736
true_yield:51
Start pseudo exp fit:0
The local date and time is: Mon Apr 28 02:09:30 2014

 FCN=36.4022 FROM HESSE     STATUS=RESET          30 CALLS         507 TOTAL
                     EDM=1.91051e-07    STRATEGY= 1  ERROR MATRIX UNCERTAINTY 100.0 per cent
  EXT PARAMETER                APPROXIMATE        STEP         FIRST   
  NO.   NAME      VALUE            ERROR          SIZE      DERIVATIVE 
   1  p0           1.00392e+00   1.75675e-01   1.75675e-03   3.07358e+00
   2  p1           5.36638e+00   3.14764e-03   3.14764e-05   2.02274e+02
   3  p2           1.17656e-02     fixed    
   4  p3           2.60043e+02   3.07988e-01   3.07988e-03  -2.14068e+00
   5  p4          -8.20122e+01   5.42738e-02   5.42738e-04  -5.84509e+05
   6  p5           6.49977e+00   9.52057e-03   9.52057e-05   2.03041e+01
   7  p6           0.00000e+00   5.87722e+01   5.87722e-01  -4.63976e-04
   8  p7           7.40832e-01     fixed    
   9  p8           2.93696e-02     fixed    
  10  p9           0.00000e+00   1.00000e+00   1.00000e-02  -1.37997e-01
  11  p10          0.00000e+00   1.00000e+00   1.00000e-02  -8.17572e-01
  12  p11          0.00000e+00     fixed    
                               ERR DEF= 0.5
357
fit result:50.1962 50.1962
The local date and time is: Mon Apr 28 02:09:30 2014

Pseudo exp:1
The local date and time is: Mon Apr 28 02:09:30 2014

cout:504
_cout:2694
true_yield:45
Start pseudo exp fit:1
The local date and time is: Mon Apr 28 02:09:34 2014

 FCN=21.2984 FROM HESSE     STATUS=RESET          30 CALLS         507 TOTAL
                     EDM=5.59999e-08    STRATEGY= 1  ERROR MATRIX UNCERTAINTY 100.0 per cent
  EXT PARAMETER                APPROXIMATE        STEP         FIRST   
  NO.   NAME      VALUE            ERROR          SIZE      DERIVATIVE 
   1  p0           8.86051e-01   1.66232e-01   1.66232e-03   3.24819e+00
   2  p1           5.36836e+00   3.33364e-03   3.33364e-05   1.90988e+02
   3  p2           1.17656e-02     fixed    
   4  p3           9.99938e+01   3.37039e-01   3.37039e-03  -1.95617e+00
   5  p4          -2.73340e+01   6.00371e-02   6.00371e-04  -1.86601e+05
   6  p5           1.86184e+00   1.06414e-02   1.06414e-04   1.81656e+01
   7  p6           0.00000e+00   5.65685e+00   5.65685e-02  -4.82050e-03
   8  p7           7.40832e-01     fixed    
   9  p8           2.93696e-02     fixed    
  10  p9           0.00000e+00   1.00000e+00   1.00000e-02  -1.37997e-01
  11  p10          0.00000e+00   1.00000e+00   1.00000e-02  -8.17572e-01
  12  p11          0.00000e+00     fixed    
                               ERR DEF= 0.5
351
fit result:44.3025 44.3025
The local date and time is: Mon Apr 28 02:09:34 2014

Pseudo exp:2
The local date and time is: Mon Apr 28 02:09:34 2014

cout:504
_cout:2873
true_yield:39
Start pseudo exp fit:2
The local date and time is: Mon Apr 28 02:09:38 2014

 FCN=23.4642 FROM SIMPLEX   STATUS=RESET         132 CALLS        3146 TOTAL
                     EDM=8.92621e-07    STRATEGY= 1  ERROR MATRIX UNCERTAINTY  50.0 per cent
  EXT PARAMETER                APPROXIMATE        STEP         FIRST   
  NO.   NAME      VALUE            ERROR          SIZE      DERIVATIVE 
   1  p0           8.59638e-01   1.62392e-01   1.62392e-03  -2.76016e+01
   2  p1           5.37679e+00   3.00767e-03   3.00767e-05   1.00977e+05
   3  p2           1.17656e-02     fixed    
   4  p3           2.90013e+01   3.26743e+00   3.26743e-02  -7.36858e+03
   5  p4          -6.43472e-04   2.41079e+01   2.41079e-01  -4.24409e+04
   6  p5          -7.56821e-01   1.04161e-01   1.04161e-03  -2.37610e+05
   7  p6           0.00000e+00   1.00000e+00   1.00000e-02  -1.75412e-01
   8  p7           7.40832e-01     fixed    
   9  p8           2.93696e-02     fixed    
  10  p9           0.00000e+00   1.00000e+00   1.00000e-02  -4.85287e-02
  11  p10          0.00000e+00   1.00000e+00   1.00000e-02  -7.78511e-01
  12  p11          0.00000e+00     fixed    
                               ERR DEF= 0.5
345
fit result:42.9819 42.9819
The local date and time is: Mon Apr 28 02:09:39 2014

Pseudo exp:3
The local date and time is: Mon Apr 28 02:09:39 2014

cout:504
_cout:2848
true_yield:50
Start pseudo exp fit:3
The local date and time is: Mon Apr 28 02:09:42 2014

 FCN=24.6416 FROM HESSE     STATUS=RESET          30 CALLS         507 TOTAL
                     EDM=2.33498e-08    STRATEGY= 1  ERROR MATRIX UNCERTAINTY 100.0 per cent
  EXT PARAMETER                APPROXIMATE        STEP         FIRST   
  NO.   NAME      VALUE            ERROR          SIZE      DERIVATIVE 
   1  p0           9.19766e-01   1.68135e-01   1.68135e-03   3.21142e+00
   2  p1           5.36661e+00   2.90842e-03   2.90842e-05   2.18911e+02
   3  p2           1.17656e-02     fixed    
   4  p3           1.75747e+02   3.25293e-01   3.25293e-03  -2.02680e+00
   5  p4          -5.29524e+01   5.76482e-02   5.76482e-04  -3.66554e+05
   6  p5           4.01174e+00   1.01683e-02   1.01683e-04   1.90107e+01
   7  p6           0.00000e+00   8.91705e+02   8.91705e+00  -3.05806e-05
   8  p7           7.40832e-01     fixed    
   9  p8           2.93696e-02     fixed    
  10  p9           0.00000e+00   1.00000e+00   1.00000e-02  -1.37997e-01
  11  p10          0.00000e+00   1.00000e+00   1.00000e-02  -8.17572e-01
  12  p11          0.00000e+00     fixed    
                               ERR DEF= 0.5
356
fit result:45.9883 45.9883
The local date and time is: Mon Apr 28 02:09:43 2014

Pseudo exp:4
The local date and time is: Mon Apr 28 02:09:43 2014

cout:504
_cout:2894
true_yield:47
Start pseudo exp fit:4
The local date and time is: Mon Apr 28 02:09:46 2014

 FCN=18.2169 FROM HESSE     STATUS=RESET          30 CALLS         548 TOTAL
                     EDM=1.1792e-07    STRATEGY= 1  ERROR MATRIX UNCERTAINTY 100.0 per cent
  EXT PARAMETER                APPROXIMATE        STEP         FIRST   
  NO.   NAME      VALUE            ERROR          SIZE      DERIVATIVE 
   1  p0           1.00508e+00   1.77554e-01   1.77554e-03   3.04105e+00
   2  p1           5.36892e+00   4.19362e-03   4.19362e-05   1.51823e+02
   3  p2           1.17656e-02     fixed    
   4  p3           3.03218e+02   3.21527e-01   3.21527e-03  -2.05054e+00
   5  p4          -9.91241e+01   5.70164e-02   5.70164e-04  -6.59950e+05
   6  p5           8.17640e+00   1.00666e-02   1.00666e-04   1.92027e+01
   7  p6           0.00000e+00   8.00000e+00   8.00000e-02  -3.40861e-03
   8  p7           7.40832e-01     fixed    
   9  p8           2.93696e-02     fixed    
  10  p9           0.00000e+00   1.00000e+00   1.00000e-02  -1.37997e-01
  11  p10          0.00000e+00   1.00000e+00   1.00000e-02  -8.17572e-01
  12  p11          0.00000e+00     fixed    
                               ERR DEF= 0.5
353
fit result:50.2541 50.2541
The local date and time is: Mon Apr 28 02:09:47 2014

Pseudo exp:5
The local date and time is: Mon Apr 28 02:09:47 2014

cout:504
_cout:2863
true_yield:47
Start pseudo exp fit:5
The local date and time is: Mon Apr 28 02:09:51 2014

 FCN=26.8519 FROM HESSE     STATUS=RESET          30 CALLS         518 TOTAL
                     EDM=3.57344e-08    STRATEGY= 1  ERROR MATRIX UNCERTAINTY 100.0 per cent
  EXT PARAMETER                APPROXIMATE        STEP         FIRST   
  NO.   NAME      VALUE            ERROR          SIZE      DERIVATIVE 
   1  p0           7.48447e-01   1.61992e-01   1.61992e-03   3.33321e+00
   2  p1           5.36544e+00   4.72450e-03   4.72450e-05   1.34763e+02
   3  p2           1.17656e-02     fixed    
   4  p3           3.14505e+01   3.15432e-01   3.15432e-03  -2.09017e+00
   5  p4          -7.23743e-04   1.06712e+00   1.06712e-02  -1.05306e+02
   6  p5          -8.28630e-01   9.74705e-03   9.74705e-05   1.98323e+01
   7  p6           0.00000e+00   1.00000e+00   1.00000e-02  -2.72689e-02
   8  p7           7.40832e-01     fixed    
   9  p8           2.93696e-02     fixed    
  10  p9           0.00000e+00   1.00000e+00   1.00000e-02  -1.37997e-01
  11  p10          0.00000e+00   1.00000e+00   1.00000e-02  -8.17572e-01
  12  p11          0.00000e+00     fixed    
                               ERR DEF= 0.5
353
fit result:37.4223 37.4223
The local date and time is: Mon Apr 28 02:09:51 2014

Pseudo exp:6
The local date and time is: Mon Apr 28 02:09:51 2014

cout:504
_cout:2727
true_yield:42
Start pseudo exp fit:6
The local date and time is: Mon Apr 28 02:09:55 2014

 FCN=28.4746 FROM HESSE     STATUS=RESET          30 CALLS         507 TOTAL
                     EDM=1.26974e-07    STRATEGY= 1  ERROR MATRIX UNCERTAINTY 100.0 per cent
  EXT PARAMETER                APPROXIMATE        STEP         FIRST   
  NO.   NAME      VALUE            ERROR          SIZE      DERIVATIVE 
   1  p0           9.53434e-01   1.68187e-01   1.68187e-03   3.21042e+00
   2  p1           5.37505e+00   2.75615e-03   2.75615e-05   2.31005e+02
   3  p2           1.17656e-02     fixed    
   4  p3           1.99347e+02   3.39103e-01   3.39103e-03  -1.94426e+00
   5  p4          -6.42806e+01   6.05883e-02   6.05883e-04  -4.18315e+05
   6  p5           5.28161e+00   1.07731e-02   1.07731e-04   1.79435e+01
   7  p6           0.00000e+00   5.65685e+00   5.65685e-02  -4.82050e-03
   8  p7           7.40832e-01     fixed    
   9  p8           2.93696e-02     fixed    
  10  p9           0.00000e+00   1.00000e+00   1.00000e-02  -1.37997e-01
  11  p10          0.00000e+00   1.00000e+00   1.00000e-02  -8.17572e-01
  12  p11          0.00000e+00     fixed    
                               ERR DEF= 0.5
348
fit result:47.6717 47.6717
The local date and time is: Mon Apr 28 02:09:55 2014

Pseudo exp:7
The local date and time is: Mon Apr 28 02:09:55 2014

cout:504
_cout:2757
true_yield:46
Start pseudo exp fit:7
The local date and time is: Mon Apr 28 02:09:59 2014

 FCN=19.6795 FROM HESSE     STATUS=RESET          30 CALLS         507 TOTAL
                     EDM=3.71088e-07    STRATEGY= 1  ERROR MATRIX UNCERTAINTY 100.0 per cent
  EXT PARAMETER                APPROXIMATE        STEP         FIRST   
  NO.   NAME      VALUE            ERROR          SIZE      DERIVATIVE 
   1  p0           7.20160e-01   1.54498e-01   1.54498e-03   3.49487e+00
   2  p1           5.37344e+00   3.36813e-03   3.36813e-05   1.89032e+02
   3  p2           1.17656e-02     fixed    
   4  p3           1.35746e+02   3.15464e-01   3.15464e-03  -2.08995e+00
   5  p4          -3.71042e+01   5.56992e-02   5.56992e-04  -2.70284e+05
   6  p5           2.46096e+00   9.79074e-03   9.79074e-05   1.97438e+01
   7  p6           0.00000e+00   5.65685e+00   5.65685e-02  -4.82050e-03
   8  p7           7.40832e-01     fixed    
   9  p8           2.93696e-02     fixed    
  10  p9           0.00000e+00   1.00000e+00   1.00000e-02  -1.37997e-01
  11  p10          0.00000e+00   1.00000e+00   1.00000e-02  -8.17572e-01
  12  p11          0.00000e+00     fixed    
                               ERR DEF= 0.5
352
fit result:36.008 36.008
The local date and time is: Mon Apr 28 02:09:59 2014

Pseudo exp:8
The local date and time is: Mon Apr 28 02:09:59 2014

cout:504
_cout:2770
true_yield:44
Start pseudo exp fit:8
The local date and time is: Mon Apr 28 02:10:03 2014

 FCN=34.6591 FROM HESSE     STATUS=RESET          30 CALLS         507 TOTAL
                     EDM=6.67109e-07    STRATEGY= 1  ERROR MATRIX UNCERTAINTY 100.0 per cent
  EXT PARAMETER                APPROXIMATE        STEP         FIRST   
  NO.   NAME      VALUE            ERROR          SIZE      DERIVATIVE 
   1  p0           8.11029e-01   1.61665e-01   1.61665e-03   3.33995e+00
   2  p1           5.37098e+00   3.56838e-03   3.56838e-05   1.78424e+02
   3  p2           1.17656e-02     fixed    
   4  p3           2.11261e+02   3.18017e-01   3.18017e-03  -2.07318e+00
   5  p4          -6.49478e+01   5.62998e-02   5.62998e-04  -4.54527e+05
   6  p5           5.01582e+00   9.92522e-03   9.92522e-05   1.94763e+01
   7  p6           0.00000e+00   8.00000e+00   8.00000e-02  -3.40861e-03
   8  p7           7.40832e-01     fixed    
   9  p8           2.93696e-02     fixed    
  10  p9           0.00000e+00   1.00000e+00   1.00000e-02  -1.37997e-01
  11  p10          0.00000e+00   1.00000e+00   1.00000e-02  -8.17572e-01
  12  p11          0.00000e+00     fixed    
                               ERR DEF= 0.5
350
fit result:40.5514 40.5514
The local date and time is: Mon Apr 28 02:10:03 2014

Pseudo exp:9
The local date and time is: Mon Apr 28 02:10:03 2014

cout:504
_cout:2829
true_yield:34
Start pseudo exp fit:9
The local date and time is: Mon Apr 28 02:10:07 2014

 FCN=19.8286 FROM HESSE     STATUS=RESET          30 CALLS         608 TOTAL
                     EDM=7.55739e-07    STRATEGY= 1  ERROR MATRIX UNCERTAINTY 100.0 per cent
  EXT PARAMETER                APPROXIMATE        STEP         FIRST   
  NO.   NAME      VALUE            ERROR          SIZE      DERIVATIVE 
   1  p0           6.21425e-01   1.52095e-01   1.52095e-03   3.55009e+00
   2  p1           5.36202e+00   4.84323e-03   4.84323e-05   1.31459e+02
   3  p2           1.17656e-02     fixed    
   4  p3           2.76985e+01   3.28254e-01   3.28254e-03  -2.00852e+00
   5  p4          -1.11784e-05   1.06349e+01   1.06349e-01** at limit **
   6  p5          -7.09424e-01   1.02893e-02   1.02893e-04   1.87872e+01
   7  p6           0.00000e+00   1.41421e+00   1.41421e-02  -1.92820e-02
   8  p7           7.40832e-01     fixed    
   9  p8           2.93696e-02     fixed    
  10  p9           0.00000e+00   1.00000e+00   1.00000e-02  -1.37997e-01
  11  p10          0.00000e+00   1.00000e+00   1.00000e-02  -8.17572e-01
  12  p11          0.00000e+00     fixed    
                               ERR DEF= 0.5
340
fit result:31.0713 31.0713
The local date and time is: Mon Apr 28 02:10:07 2014

Pseudo exp:10
The local date and time is: Mon Apr 28 02:10:07 2014

cout:504
_cout:2800
true_yield:36
Start pseudo exp fit:10
The local date and time is: Mon Apr 28 02:10:11 2014

 FCN=18.1368 FROM HESSE     STATUS=RESET          30 CALLS         507 TOTAL
                     EDM=5.85824e-08    STRATEGY= 1  ERROR MATRIX UNCERTAINTY 100.0 per cent
  EXT PARAMETER                APPROXIMATE        STEP         FIRST   
  NO.   NAME      VALUE            ERROR          SIZE      DERIVATIVE 
   1  p0           7.66854e-01   1.59204e-01   1.59204e-03   3.39158e+00
   2  p1           5.37369e+00   3.64677e-03   3.64677e-05   1.74589e+02
   3  p2           1.17656e-02     fixed    
   4  p3           5.19485e+01   3.30280e-01   3.30280e-03  -1.99620e+00
   5  p4          -9.38941e+00   5.87199e-02   5.87199e-04  -6.67455e+04
   6  p5           1.90103e-01   1.03889e-02   1.03889e-04   1.86071e+01
   7  p6           0.00000e+00   2.00000e+00   2.00000e-02  -1.36344e-02
   8  p7           7.40832e-01     fixed    
   9  p8           2.93696e-02     fixed    
  10  p9           0.00000e+00   1.00000e+00   1.00000e-02  -1.37997e-01
  11  p10          0.00000e+00   1.00000e+00   1.00000e-02  -8.17572e-01
  12  p11          0.00000e+00     fixed    
                               ERR DEF= 0.5
342
fit result:38.3427 38.3427
The local date and time is: Mon Apr 28 02:10:11 2014

Pseudo exp:11
The local date and time is: Mon Apr 28 02:10:11 2014

cout:504
_cout:2846
true_yield:43
Start pseudo exp fit:11
The local date and time is: Mon Apr 28 02:10:15 2014

 FCN=16.2974 FROM HESSE     STATUS=RESET          30 CALLS         507 TOTAL
                     EDM=9.63296e-08    STRATEGY= 1  ERROR MATRIX UNCERTAINTY 100.0 per cent
  EXT PARAMETER                APPROXIMATE        STEP         FIRST   
  NO.   NAME      VALUE            ERROR          SIZE      DERIVATIVE 
   1  p0           8.65972e-01   1.67069e-01   1.67069e-03   3.23192e+00
   2  p1           5.37280e+00   3.83670e-03   3.83670e-05   1.65946e+02
   3  p2           1.17656e-02     fixed    
   4  p3           1.66663e+02   3.36026e-01   3.36026e-03  -1.96207e+00
   5  p4          -5.13005e+01   5.98608e-02   5.98608e-04  -3.42590e+05
   6  p5           4.00899e+00   1.06133e-02   1.06133e-04   1.82136e+01
   7  p6           0.00000e+00   1.64384e+02   1.64384e+00  -1.65886e-04
   8  p7           7.40832e-01     fixed    
   9  p8           2.93696e-02     fixed    
  10  p9           0.00000e+00   1.00000e+00   1.00000e-02  -1.37997e-01
  11  p10          0.00000e+00   1.00000e+00   1.00000e-02  -8.17572e-01
  12  p11          0.00000e+00     fixed    
                               ERR DEF= 0.5
349
fit result:43.2986 43.2986
The local date and time is: Mon Apr 28 02:10:15 2014

Pseudo exp:12
The local date and time is: Mon Apr 28 02:10:15 2014

cout:504
_cout:2895
true_yield:40
Start pseudo exp fit:12
The local date and time is: Mon Apr 28 02:10:19 2014

 FCN=14.2272 FROM HESSE     STATUS=RESET          30 CALLS         552 TOTAL
                     EDM=2.97475e-07    STRATEGY= 1  ERROR MATRIX UNCERTAINTY 100.0 per cent
  EXT PARAMETER                APPROXIMATE        STEP         FIRST   
  NO.   NAME      VALUE            ERROR          SIZE      DERIVATIVE 
   1  p0           7.37362e-01   1.53742e-01   1.53742e-03   3.51206e+00
   2  p1           5.37066e+00   3.50120e-03   3.50120e-05   1.81848e+02
   3  p2           1.17656e-02     fixed    
   4  p3           2.40307e+02   3.41989e-01   3.41989e-03  -1.92785e+00
   5  p4          -7.87412e+01   6.11067e-02   6.11067e-04  -5.00220e+05
   6  p5           6.55918e+00   1.08677e-02   1.08677e-04   1.77872e+01
   7  p6           0.00000e+00   8.00000e+00   8.00000e-02  -3.40861e-03
   8  p7           7.40832e-01     fixed    
   9  p8           2.93696e-02     fixed    
  10  p9           0.00000e+00   1.00000e+00   1.00000e-02  -1.37997e-01
  11  p10          0.00000e+00   1.00000e+00   1.00000e-02  -8.17572e-01
  12  p11          0.00000e+00     fixed    
                               ERR DEF= 0.5
346
fit result:36.8681 36.8681
The local date and time is: Mon Apr 28 02:10:19 2014

Pseudo exp:13
The local date and time is: Mon Apr 28 02:10:19 2014

cout:504
_cout:2606
true_yield:46
Start pseudo exp fit:13
The local date and time is: Mon Apr 28 02:10:23 2014

 FCN=22.5253 FROM HESSE     STATUS=RESET          30 CALLS         571 TOTAL
                     EDM=8.3681e-07    STRATEGY= 1  ERROR MATRIX UNCERTAINTY 100.0 per cent
  EXT PARAMETER                APPROXIMATE        STEP         FIRST   
  NO.   NAME      VALUE            ERROR          SIZE      DERIVATIVE 
   1  p0           9.39040e-01   1.72502e-01   1.72502e-03   3.13013e+00
   2  p1           5.37097e+00   3.35825e-03   3.35825e-05   1.89589e+02
   3  p2           1.17656e-02     fixed    
   4  p3           4.16759e+01   3.08989e-01   3.08989e-03  -2.13375e+00
   5  p4          -3.59576e+00   5.44719e-02   5.44719e-04  -2.77154e+04
   6  p5          -5.20765e-01   9.55904e-03   9.55904e-05   2.02224e+01
   7  p6           0.00000e+00   2.00000e+00   2.00000e-02  -1.36344e-02
   8  p7           7.40832e-01     fixed    
   9  p8           2.93696e-02     fixed    
  10  p9           0.00000e+00   1.00000e+00   1.00000e-02  -1.37997e-01
  11  p10          0.00000e+00   1.00000e+00   1.00000e-02  -8.17572e-01
  12  p11          0.00000e+00     fixed    
                               ERR DEF= 0.5
352
fit result:46.952 46.952
The local date and time is: Mon Apr 28 02:10:23 2014

Pseudo exp:14
The local date and time is: Mon Apr 28 02:10:23 2014

cout:504
_cout:2800
true_yield:39
Start pseudo exp fit:14
The local date and time is: Mon Apr 28 02:10:27 2014

 FCN=26.9121 FROM HESSE     STATUS=RESET          30 CALLS         507 TOTAL
                     EDM=6.07531e-07    STRATEGY= 1  ERROR MATRIX UNCERTAINTY 100.0 per cent
  EXT PARAMETER                APPROXIMATE        STEP         FIRST   
  NO.   NAME      VALUE            ERROR          SIZE      DERIVATIVE 
   1  p0           9.56480e-01   1.67788e-01   1.67788e-03   3.21806e+00
   2  p1           5.37006e+00   3.17051e-03   3.17051e-05   2.00815e+02
   3  p2           1.17656e-02     fixed    
   4  p3           4.51514e+02   3.29459e-01   3.29459e-03  -2.00117e+00
   5  p4          -1.54768e+02   5.87691e-02   5.87691e-04  -9.37940e+05
   6  p5           1.33724e+01   1.04360e-02   1.04360e-04   1.85231e+01
   7  p6           0.00000e+00   8.00000e+00   8.00000e-02  -3.40861e-03
   8  p7           7.40832e-01     fixed    
   9  p8           2.93696e-02     fixed    
  10  p9           0.00000e+00   1.00000e+00   1.00000e-02  -1.37997e-01
  11  p10          0.00000e+00   1.00000e+00   1.00000e-02  -8.17572e-01
  12  p11          0.00000e+00     fixed    
                               ERR DEF= 0.5
345
fit result:47.824 47.824
The local date and time is: Mon Apr 28 02:10:28 2014

Pseudo exp:15
The local date and time is: Mon Apr 28 02:10:28 2014

cout:504
_cout:2729
true_yield:52
Start pseudo exp fit:15
The local date and time is: Mon Apr 28 02:10:31 2014

 FCN=26.4938 FROM HESSE     STATUS=RESET          30 CALLS         525 TOTAL
                     EDM=8.2531e-07    STRATEGY= 1  ERROR MATRIX UNCERTAINTY 100.0 per cent
  EXT PARAMETER                APPROXIMATE        STEP         FIRST   
  NO.   NAME      VALUE            ERROR          SIZE      DERIVATIVE 
   1  p0           9.26194e-01   1.70694e-01   1.70694e-03   3.16328e+00
   2  p1           5.37268e+00   3.30873e-03   3.30873e-05   1.92426e+02
   3  p2           1.17656e-02     fixed    
   4  p3           3.04164e+01   3.24755e-01   3.24755e-03  -2.03016e+00
   5  p4          -6.92344e-04   1.14568e+00   1.14568e-02  -1.05303e+02
   6  p5          -7.97141e-01   1.01546e-02   1.01546e-04   1.90364e+01
   7  p6           0.00000e+00   1.41421e+00   1.41421e-02  -1.92820e-02
   8  p7           7.40832e-01     fixed    
   9  p8           2.93696e-02     fixed    
  10  p9           0.00000e+00   1.00000e+00   1.00000e-02  -1.37997e-01
  11  p10          0.00000e+00   1.00000e+00   1.00000e-02  -8.17572e-01
  12  p11          0.00000e+00     fixed    
                               ERR DEF= 0.5
358
fit result:46.3097 46.3097
The local date and time is: Mon Apr 28 02:10:32 2014

Pseudo exp:16
The local date and time is: Mon Apr 28 02:10:32 2014

cout:504
_cout:2535
true_yield:47
Start pseudo exp fit:16
The local date and time is: Mon Apr 28 02:10:35 2014

 FCN=22.593 FROM HESSE     STATUS=RESET          30 CALLS         507 TOTAL
                     EDM=4.01253e-09    STRATEGY= 1  ERROR MATRIX UNCERTAINTY 100.0 per cent
  EXT PARAMETER                APPROXIMATE        STEP         FIRST   
  NO.   NAME      VALUE            ERROR          SIZE      DERIVATIVE 
   1  p0           1.02279e+00   1.78350e-01   1.78350e-03   3.02748e+00
   2  p1           5.36778e+00   3.91306e-03   3.91306e-05   1.62708e+02
   3  p2           1.17656e-02     fixed    
   4  p3           2.81547e+02   3.11091e-01   3.11091e-03  -2.11933e+00
   5  p4          -9.03160e+01   5.49562e-02   5.49562e-04  -6.29948e+05
   6  p5           7.29319e+00   9.66569e-03   9.66569e-05   1.99993e+01
   7  p6           0.00000e+00   8.00000e+00   8.00000e-02  -3.40861e-03
   8  p7           7.40832e-01     fixed    
   9  p8           2.93696e-02     fixed    
  10  p9           0.00000e+00   1.00000e+00   1.00000e-02  -1.37997e-01
  11  p10          0.00000e+00   1.00000e+00   1.00000e-02  -8.17572e-01
  12  p11          0.00000e+00     fixed    
                               ERR DEF= 0.5
353
fit result:51.1396 51.1396
The local date and time is: Mon Apr 28 02:10:36 2014

Pseudo exp:17
The local date and time is: Mon Apr 28 02:10:36 2014

cout:504
_cout:2637
true_yield:45
Start pseudo exp fit:17
The local date and time is: Mon Apr 28 02:10:39 2014

 FCN=23.1492 FROM HESSE     STATUS=RESET          30 CALLS         547 TOTAL
                     EDM=3.44515e-08    STRATEGY= 1  ERROR MATRIX UNCERTAINTY 100.0 per cent
  EXT PARAMETER                APPROXIMATE        STEP         FIRST   
  NO.   NAME      VALUE            ERROR          SIZE      DERIVATIVE 
   1  p0           8.94161e-01   1.67109e-01   1.67109e-03   3.23113e+00
   2  p1           5.37065e+00   3.79251e-03   3.79251e-05   1.67880e+02
   3  p2           1.17656e-02     fixed    
   4  p3           8.98118e+01   3.40450e-01   3.40450e-03  -1.93657e+00
   5  p4          -2.42031e+01   6.07358e-02   6.07358e-04  -1.63852e+05
   6  p5           1.62951e+00   1.07804e-02   1.07804e-04   1.79314e+01
   7  p6           0.00000e+00   2.00000e+00   2.00000e-02  -1.36344e-02
   8  p7           7.40832e-01     fixed    
   9  p8           2.93696e-02     fixed    
  10  p9           0.00000e+00   1.00000e+00   1.00000e-02  -1.37997e-01
  11  p10          0.00000e+00   1.00000e+00   1.00000e-02  -8.17572e-01
  12  p11          0.00000e+00     fixed    
                               ERR DEF= 0.5
351
fit result:44.708 44.7081
The local date and time is: Mon Apr 28 02:10:40 2014

Pseudo exp:18
The local date and time is: Mon Apr 28 02:10:40 2014

cout:504
_cout:2869
true_yield:44
Start pseudo exp fit:18
The local date and time is: Mon Apr 28 02:10:43 2014

 FCN=10.6145 FROM HESSE     STATUS=RESET          30 CALLS         507 TOTAL
                     EDM=6.40701e-09    STRATEGY= 1  ERROR MATRIX UNCERTAINTY 100.0 per cent
  EXT PARAMETER                APPROXIMATE        STEP         FIRST   
  NO.   NAME      VALUE            ERROR          SIZE      DERIVATIVE 
   1  p0           7.44579e-01   1.59736e-01   1.59736e-03   3.38027e+00
   2  p1           5.36431e+00   3.78422e-03   3.78422e-05   1.68247e+02
   3  p2           1.17656e-02     fixed    
   4  p3           3.73644e+01   3.13655e-01   3.13655e-03  -2.10201e+00
   5  p4          -2.00699e+00   5.53076e-02   5.53076e-04  -1.52600e+04
   6  p5          -6.61659e-01   9.70633e-03   9.70633e-05   1.99155e+01
   7  p6           0.00000e+00   2.40000e+00   2.40000e-02  -1.13620e-02
   8  p7           7.40832e-01     fixed    
   9  p8           2.93696e-02     fixed    
  10  p9           0.00000e+00   1.00000e+00   1.00000e-02  -1.37997e-01
  11  p10          0.00000e+00   1.00000e+00   1.00000e-02  -8.17572e-01
  12  p11          0.00000e+00     fixed    
                               ERR DEF= 0.5
350
fit result:37.229 37.229
The local date and time is: Mon Apr 28 02:10:44 2014

Pseudo exp:19
The local date and time is: Mon Apr 28 02:10:44 2014

cout:504
_cout:2883
true_yield:42
Start pseudo exp fit:19
The local date and time is: Mon Apr 28 02:10:47 2014

 FCN=19.9564 FROM SIMPLEX   STATUS=RESET         823 CALLS        3447 TOTAL
                     EDM=5.72848e-07    STRATEGY= 1  ERROR MATRIX UNCERTAINTY  50.0 per cent
  EXT PARAMETER                APPROXIMATE        STEP         FIRST   
  NO.   NAME      VALUE            ERROR          SIZE      DERIVATIVE 
   1  p0           7.07572e-01   1.61527e-01   1.61527e-03  -3.71569e+05
   2  p1           5.37166e+00   4.95500e-03   4.95500e-05  -3.50117e+06
   3  p2           1.17656e-02     fixed    
   4  p3           2.80449e+01   3.35196e+00   3.35196e-02  -1.02598e+06
   5  p4          -2.52599e-04   2.06644e+01   2.06644e-01  -4.09662e+06
   6  p5          -7.18430e-01   1.06958e-01   1.06958e-03  -3.33606e+07
   7  p6           0.00000e+00   1.00000e+00   1.00000e-02   4.52261e+02
   8  p7           7.40832e-01     fixed    
   9  p8           2.93696e-02     fixed    
  10  p9           0.00000e+00   1.00000e+00   1.00000e-02  -1.90039e+02
  11  p10          0.00000e+00   1.00000e+00   1.00000e-02   1.56808e+01
  12  p11          0.00000e+00     fixed    
                               ERR DEF= 0.5
348
fit result:35.3786 35.3786
The local date and time is: Mon Apr 28 02:10:48 2014

