/export/data1/condor/execute/dir_5094
gcc (GCC) 4.6.2
Copyright (C) 2011 Free Software Foundation, Inc.
This is free software; see the source for copying conditions.  There is NO
warranty; not even for MERCHANTABILITY or FITNESS FOR A PARTICULAR PURPOSE.

5.32/00
Linux version 2.6.32-358.el6.x86_64 (mockbuild@sl6.fnal.gov) (gcc version 4.4.7 20120313 (Red Hat 4.4.7-3) (GCC) ) #1 SMP Fri Feb 22 20:37:17 CST 2013

Processing fitBs.C(5)...
The local date and time is: Mon Apr 28 02:03:31 2014

 FCN=51.09 FROM HESSE     STATUS=RESET          35 CALLS         818 TOTAL
                     EDM=1.74677e-07    STRATEGY= 1  ERROR MATRIX UNCERTAINTY 100.0 per cent
  EXT PARAMETER                APPROXIMATE        STEP         FIRST   
  NO.   NAME      VALUE            ERROR          SIZE      DERIVATIVE 
   1  p0           1.46834e+02   1.71547e+00   1.71547e-02   3.14754e-01
   2  p1           5.36991e+00   1.80509e-04   1.80509e-06   3.52717e+03
   3  p2           1.17656e-02   1.36451e-04   1.36451e-06  -3.26142e-01
   4  p3           1.28682e+01   1.57196e-01   1.57196e-03  -2.68056e+00
   5  p4          -2.04693e-02   2.71701e-02   2.71701e-04   1.45628e+02
   6  p5          -3.51569e-01   4.68012e-03   4.68012e-05  -5.82654e+00
   7  p6           0.00000e+00   2.82843e+00   2.82843e-02  -4.87893e-02
   8  p7           7.40832e-01   1.00098e-02   1.00098e-04  -1.55201e+01
   9  p8           2.93696e-02   6.11333e-04   6.11333e-06   5.60321e-01
  10  p9           0.00000e+00   1.00000e+00   1.00000e-02   2.81800e-02
  11  p10          0.00000e+00   1.00000e+00   1.00000e-02   4.32797e-01
  12  p11          0.00000e+00     fixed    
                               ERR DEF= 0.5
 FCN=19.702 FROM HESSE     STATUS=RESET          30 CALLS         507 TOTAL
                     EDM=3.56714e-09    STRATEGY= 1  ERROR MATRIX UNCERTAINTY 100.0 per cent
  EXT PARAMETER                APPROXIMATE        STEP         FIRST   
  NO.   NAME      VALUE            ERROR          SIZE      DERIVATIVE 
   1  p0           8.80688e-01   1.62070e-01   1.62070e-03   3.33161e+00
   2  p1           5.37091e+00   2.64329e-03   2.64329e-05   2.40869e+02
   3  p2           1.17656e-02     fixed    
   4  p3           1.07018e+02   3.23872e-01   3.23872e-03  -2.03570e+00
   5  p4          -2.82726e+01   5.74207e-02   5.74207e-04  -2.01608e+05
   6  p5           1.80062e+00   1.01328e-02   1.01328e-04   1.90773e+01
   7  p6           0.00000e+00   5.65685e+00   5.65685e-02  -4.82050e-03
   8  p7           7.40832e-01     fixed    
   9  p8           2.93696e-02     fixed    
  10  p9           0.00000e+00   1.00000e+00   1.00000e-02  -1.37997e-01
  11  p10          0.00000e+00   1.00000e+00   1.00000e-02  -8.17572e-01
  12  p11          0.00000e+00     fixed    
                               ERR DEF= 0.5
351
fit result:44.0344 44.0344
The local date and time is: Mon Apr 28 02:09:09 2014

Got Nsig:545/44.0344
Got extracted:44.0344
Pseudo exp:0
The local date and time is: Mon Apr 28 02:09:09 2014

cout:545
_cout:2914
true_yield:45
Start pseudo exp fit:0
The local date and time is: Mon Apr 28 02:09:12 2014

 FCN=36.5632 FROM HESSE     STATUS=RESET          30 CALLS         507 TOTAL
                     EDM=1.04456e-07    STRATEGY= 1  ERROR MATRIX UNCERTAINTY 100.0 per cent
  EXT PARAMETER                APPROXIMATE        STEP         FIRST   
  NO.   NAME      VALUE            ERROR          SIZE      DERIVATIVE 
   1  p0           9.08432e-01   1.70100e-01   1.70100e-03   3.17433e+00
   2  p1           5.36668e+00   3.61863e-03   3.61863e-05   1.75947e+02
   3  p2           1.17656e-02     fixed    
   4  p3           2.54285e+02   3.07751e-01   3.07751e-03  -2.14233e+00
   5  p4          -8.00269e+01   5.42431e-02   5.42431e-04  -5.71917e+05
   6  p5           6.32881e+00   9.51697e-03   9.51697e-05   2.03118e+01
   7  p6           0.00000e+00   9.48558e+01   9.48558e-01  -2.87477e-04
   8  p7           7.40832e-01     fixed    
   9  p8           2.93696e-02     fixed    
  10  p9           0.00000e+00   1.00000e+00   1.00000e-02  -1.37997e-01
  11  p10          0.00000e+00   1.00000e+00   1.00000e-02  -8.17572e-01
  12  p11          0.00000e+00     fixed    
                               ERR DEF= 0.5
351
fit result:45.4216 45.4216
The local date and time is: Mon Apr 28 02:09:12 2014

Pseudo exp:1
The local date and time is: Mon Apr 28 02:09:12 2014

cout:545
_cout:3042
true_yield:59
Start pseudo exp fit:1
The local date and time is: Mon Apr 28 02:09:16 2014

 FCN=22.3021 FROM HESSE     STATUS=RESET          30 CALLS         507 TOTAL
                     EDM=5.90268e-09    STRATEGY= 1  ERROR MATRIX UNCERTAINTY 100.0 per cent
  EXT PARAMETER                APPROXIMATE        STEP         FIRST   
  NO.   NAME      VALUE            ERROR          SIZE      DERIVATIVE 
   1  p0           1.05718e+00   1.80355e-01   1.80355e-03   2.99384e+00
   2  p1           5.37125e+00   3.51205e-03   3.51205e-05   1.81286e+02
   3  p2           1.17656e-02     fixed    
   4  p3           7.60279e+01   3.39796e-01   3.39796e-03  -1.94030e+00
   5  p4          -1.83884e+01   6.04755e-02   6.04755e-04  -1.25768e+05
   6  p5           1.03350e+00   1.07090e-02   1.07090e-04   1.80508e+01
   7  p6           0.00000e+00   5.65685e+00   5.65685e-02  -4.82050e-03
   8  p7           7.40832e-01     fixed    
   9  p8           2.93696e-02     fixed    
  10  p9           0.00000e+00   1.00000e+00   1.00000e-02  -1.37997e-01
  11  p10          0.00000e+00   1.00000e+00   1.00000e-02  -8.17572e-01
  12  p11          0.00000e+00     fixed    
                               ERR DEF= 0.5
365
fit result:52.8591 52.8591
The local date and time is: Mon Apr 28 02:09:16 2014

Pseudo exp:2
The local date and time is: Mon Apr 28 02:09:16 2014

cout:545
_cout:2922
true_yield:53
Start pseudo exp fit:2
The local date and time is: Mon Apr 28 02:09:19 2014

 FCN=25.3352 FROM SIMPLEX   STATUS=RESET         111 CALLS        3170 TOTAL
                     EDM=4.61115e-07    STRATEGY= 1  ERROR MATRIX UNCERTAINTY  50.0 per cent
  EXT PARAMETER                APPROXIMATE        STEP         FIRST   
  NO.   NAME      VALUE            ERROR          SIZE      DERIVATIVE 
   1  p0           1.07868e+00   1.77295e-01   1.77295e-03  -4.42776e+02
   2  p1           5.37052e+00   3.50282e-03   3.50282e-05  -6.12337e+02
   3  p2           1.17656e-02     fixed    
   4  p3           2.94551e+01   3.35350e+00   3.35350e-02  -8.96299e+02
   5  p4          -5.99393e-05   2.93921e+01   2.93921e-01** at limit **
   6  p5          -7.69957e-01   1.04186e-01   1.04186e-03  -2.86565e+04
   7  p6           0.00000e+00   1.00000e+00   1.00000e-02  -6.86501e-02
   8  p7           7.40832e-01     fixed    
   9  p8           2.93696e-02     fixed    
  10  p9           0.00000e+00   1.00000e+00   1.00000e-02  -3.38452e-01
  11  p10          0.00000e+00   1.00000e+00   1.00000e-02  -8.05858e-01
  12  p11          0.00000e+00     fixed    
                               ERR DEF= 0.5
359
fit result:53.9338 53.9338
The local date and time is: Mon Apr 28 02:09:20 2014

Pseudo exp:3
The local date and time is: Mon Apr 28 02:09:20 2014

cout:545
_cout:3096
true_yield:53
Start pseudo exp fit:3
The local date and time is: Mon Apr 28 02:09:23 2014

 FCN=25.934 FROM HESSE     STATUS=RESET          30 CALLS         507 TOTAL
                     EDM=7.52862e-09    STRATEGY= 1  ERROR MATRIX UNCERTAINTY 100.0 per cent
  EXT PARAMETER                APPROXIMATE        STEP         FIRST   
  NO.   NAME      VALUE            ERROR          SIZE      DERIVATIVE 
   1  p0           9.91429e-01   1.73360e-01   1.73360e-03   3.11463e+00
   2  p1           5.36475e+00   2.81484e-03   2.81484e-05   2.26189e+02
   3  p2           1.17656e-02     fixed    
   4  p3           1.98600e+02   3.25571e-01   3.25571e-03  -2.02507e+00
   5  p4          -6.12162e+01   5.77128e-02   5.77128e-04  -4.19591e+05
   6  p5           4.75647e+00   1.01830e-02   1.01830e-04   1.89832e+01
   7  p6           0.00000e+00   5.65685e+00   5.65685e-02  -4.82050e-03
   8  p7           7.40832e-01     fixed    
   9  p8           2.93696e-02     fixed    
  10  p9           0.00000e+00   1.00000e+00   1.00000e-02  -1.37997e-01
  11  p10          0.00000e+00   1.00000e+00   1.00000e-02  -8.17572e-01
  12  p11          0.00000e+00     fixed    
                               ERR DEF= 0.5
359
fit result:49.5714 49.5715
The local date and time is: Mon Apr 28 02:09:23 2014

Pseudo exp:4
The local date and time is: Mon Apr 28 02:09:23 2014

cout:545
_cout:2812
true_yield:54
Start pseudo exp fit:4
The local date and time is: Mon Apr 28 02:09:26 2014

 FCN=15.6841 FROM HESSE     STATUS=RESET          30 CALLS         507 TOTAL
                     EDM=1.38062e-08    STRATEGY= 1  ERROR MATRIX UNCERTAINTY 100.0 per cent
  EXT PARAMETER                APPROXIMATE        STEP         FIRST   
  NO.   NAME      VALUE            ERROR          SIZE      DERIVATIVE 
   1  p0           1.25915e+00   1.88811e-01   1.88811e-03   2.85975e+00
   2  p1           5.36638e+00   2.64795e-03   2.64795e-05   2.40444e+02
   3  p2           1.17656e-02     fixed    
   4  p3           3.28803e+02   3.19672e-01   3.19672e-03  -2.06244e+00
   5  p4          -1.08711e+02   5.67219e-02   5.67219e-04  -7.19794e+05
   6  p5           9.06753e+00   1.00214e-02   1.00214e-04   1.92894e+01
   7  p6           0.00000e+00   8.00000e+00   8.00000e-02  -3.40861e-03
   8  p7           7.40832e-01     fixed    
   9  p8           2.93696e-02     fixed    
  10  p9           0.00000e+00   1.00000e+00   1.00000e-02  -1.37997e-01
  11  p10          0.00000e+00   1.00000e+00   1.00000e-02  -8.17572e-01
  12  p11          0.00000e+00     fixed    
                               ERR DEF= 0.5
360
fit result:62.9575 62.9575
The local date and time is: Mon Apr 28 02:09:27 2014

Pseudo exp:5
The local date and time is: Mon Apr 28 02:09:27 2014

cout:545
_cout:2872
true_yield:45
Start pseudo exp fit:5
The local date and time is: Mon Apr 28 02:09:30 2014

 FCN=25.4776 FROM HESSE     STATUS=RESET          30 CALLS         538 TOTAL
                     EDM=5.43711e-06    STRATEGY= 1  ERROR MATRIX UNCERTAINTY 100.0 per cent
  EXT PARAMETER                APPROXIMATE        STEP         FIRST   
  NO.   NAME      VALUE            ERROR          SIZE      DERIVATIVE 
   1  p0           7.92690e-01   1.62242e-01   1.62242e-03   3.32807e+00
   2  p1           5.37422e+00   3.79383e-03   3.79383e-05   1.67821e+02
   3  p2           1.17656e-02     fixed    
   4  p3           3.08861e+01   3.13970e-01   3.13970e-03  -2.09989e+00
   5  p4          -1.78903e-05   1.45186e+01   1.45186e-01** at limit **
   6  p5          -8.12933e-01   9.70546e-03   9.70546e-05   1.99173e+01
   7  p6           0.00000e+00   1.00000e+00   1.00000e-02  -2.72689e-02
   8  p7           7.40832e-01     fixed    
   9  p8           2.93696e-02     fixed    
  10  p9           0.00000e+00   1.00000e+00   1.00000e-02  -1.37997e-01
  11  p10          0.00000e+00   1.00000e+00   1.00000e-02  -8.17572e-01
  12  p11          0.00000e+00     fixed    
                               ERR DEF= 0.5
351
fit result:39.6345 39.6345
The local date and time is: Mon Apr 28 02:09:30 2014

Pseudo exp:6
The local date and time is: Mon Apr 28 02:09:30 2014

cout:545
_cout:3144
true_yield:49
Start pseudo exp fit:6
The local date and time is: Mon Apr 28 02:09:34 2014

 FCN=30.408 FROM HESSE     STATUS=RESET          30 CALLS         507 TOTAL
                     EDM=1.42198e-08    STRATEGY= 1  ERROR MATRIX UNCERTAINTY 100.0 per cent
  EXT PARAMETER                APPROXIMATE        STEP         FIRST   
  NO.   NAME      VALUE            ERROR          SIZE      DERIVATIVE 
   1  p0           1.14452e+00   1.77946e-01   1.77946e-03   3.03437e+00
   2  p1           5.37251e+00   2.29409e-03   2.29409e-05   2.77533e+02
   3  p2           1.17656e-02     fixed    
   4  p3           1.86865e+02   3.38225e-01   3.38225e-03  -1.94931e+00
   5  p4          -5.99192e+01   6.04329e-02   6.04329e-04  -3.92757e+05
   6  p5           4.90043e+00   1.07452e-02   1.07452e-04   1.79901e+01
   7  p6           0.00000e+00   8.00000e+00   8.00000e-02  -3.40861e-03
   8  p7           7.40832e-01     fixed    
   9  p8           2.93696e-02     fixed    
  10  p9           0.00000e+00   1.00000e+00   1.00000e-02  -1.37997e-01
  11  p10          0.00000e+00   1.00000e+00   1.00000e-02  -8.17572e-01
  12  p11          0.00000e+00     fixed    
                               ERR DEF= 0.5
355
fit result:57.2261 57.2261
The local date and time is: Mon Apr 28 02:09:34 2014

Pseudo exp:7
The local date and time is: Mon Apr 28 02:09:34 2014

cout:545
_cout:3074
true_yield:46
Start pseudo exp fit:7
The local date and time is: Mon Apr 28 02:09:37 2014

 FCN=19.3905 FROM HESSE     STATUS=RESET          30 CALLS         507 TOTAL
                     EDM=2.69489e-08    STRATEGY= 1  ERROR MATRIX UNCERTAINTY 100.0 per cent
  EXT PARAMETER                APPROXIMATE        STEP         FIRST   
  NO.   NAME      VALUE            ERROR          SIZE      DERIVATIVE 
   1  p0           6.94463e-01   1.53148e-01   1.53148e-03   3.52570e+00
   2  p1           5.37733e+00   3.27160e-03   3.27160e-05   1.94610e+02
   3  p2           1.17656e-02     fixed    
   4  p3           1.21625e+02   3.15136e-01   3.15136e-03  -2.09213e+00
   5  p4          -3.19330e+01   5.56147e-02   5.56147e-04  -2.34219e+05
   6  p5           1.98970e+00   9.77082e-03   9.77082e-05   1.97841e+01
   7  p6           0.00000e+00   5.65685e+00   5.65685e-02  -4.82050e-03
   8  p7           7.40832e-01     fixed    
   9  p8           2.93696e-02     fixed    
  10  p9           0.00000e+00   1.00000e+00   1.00000e-02  -1.37997e-01
  11  p10          0.00000e+00   1.00000e+00   1.00000e-02  -8.17572e-01
  12  p11          0.00000e+00     fixed    
                               ERR DEF= 0.5
352
fit result:34.7232 34.7232
The local date and time is: Mon Apr 28 02:09:37 2014

Pseudo exp:8
The local date and time is: Mon Apr 28 02:09:37 2014

cout:545
_cout:3035
true_yield:47
Start pseudo exp fit:8
The local date and time is: Mon Apr 28 02:09:41 2014

 FCN=35.7622 FROM HESSE     STATUS=RESET          30 CALLS         506 TOTAL
                     EDM=2.44905e-10    STRATEGY= 1  ERROR MATRIX UNCERTAINTY 100.0 per cent
  EXT PARAMETER                APPROXIMATE        STEP         FIRST   
  NO.   NAME      VALUE            ERROR          SIZE      DERIVATIVE 
   1  p0           9.34829e-01   1.67573e-01   1.67573e-03   3.22218e+00
   2  p1           5.37322e+00   2.81291e-03   2.81291e-05   2.26344e+02
   3  p2           1.17656e-02     fixed    
   4  p3           1.92740e+02   3.16467e-01   3.16467e-03  -2.08333e+00
   5  p4          -5.84180e+01   5.60114e-02   5.60114e-04  -4.13804e+05
   6  p5           4.44010e+00   9.87132e-03   9.87132e-05   1.95827e+01
   7  p6           0.00000e+00   8.00000e+00   8.00000e-02  -3.40861e-03
   8  p7           7.40832e-01     fixed    
   9  p8           2.93696e-02     fixed    
  10  p9           0.00000e+00   1.00000e+00   1.00000e-02  -1.37997e-01
  11  p10          0.00000e+00   1.00000e+00   1.00000e-02  -8.17572e-01
  12  p11          0.00000e+00     fixed    
                               ERR DEF= 0.5
353
fit result:46.7415 46.7415
The local date and time is: Mon Apr 28 02:09:41 2014

Pseudo exp:9
The local date and time is: Mon Apr 28 02:09:41 2014

cout:545
_cout:2936
true_yield:51
Start pseudo exp fit:9
The local date and time is: Mon Apr 28 02:09:44 2014

 FCN=18.5616 FROM HESSE     STATUS=RESET          30 CALLS         529 TOTAL
                     EDM=4.16307e-08    STRATEGY= 1  ERROR MATRIX UNCERTAINTY 100.0 per cent
  EXT PARAMETER                APPROXIMATE        STEP         FIRST   
  NO.   NAME      VALUE            ERROR          SIZE      DERIVATIVE 
   1  p0           1.00863e+00   1.75263e-01   1.75263e-03   3.08081e+00
   2  p1           5.37027e+00   3.02159e-03   3.02159e-05   2.10712e+02
   3  p2           1.17656e-02     fixed    
   4  p3           2.73951e+01   3.28265e-01   3.28265e-03  -2.00846e+00
   5  p4          -1.75371e-07   1.66191e+01   1.66191e-01** at limit **
   6  p5          -7.01053e-01   1.02841e-02   1.02841e-04   1.87967e+01
   7  p6           0.00000e+00   2.40000e+00   2.40000e-02  -1.13620e-02
   8  p7           7.40832e-01     fixed    
   9  p8           2.93696e-02     fixed    
  10  p9           0.00000e+00   1.00000e+00   1.00000e-02  -1.37997e-01
  11  p10          0.00000e+00   1.00000e+00   1.00000e-02  -8.17572e-01
  12  p11          0.00000e+00     fixed    
                               ERR DEF= 0.5
357
fit result:50.4314 50.4314
The local date and time is: Mon Apr 28 02:09:45 2014

Pseudo exp:10
The local date and time is: Mon Apr 28 02:09:45 2014

cout:545
_cout:3033
true_yield:47
Start pseudo exp fit:10
The local date and time is: Mon Apr 28 02:09:48 2014

 FCN=20.379 FROM HESSE     STATUS=RESET          30 CALLS         550 TOTAL
                     EDM=1.19133e-07    STRATEGY= 1  ERROR MATRIX UNCERTAINTY 100.0 per cent
  EXT PARAMETER                APPROXIMATE        STEP         FIRST   
  NO.   NAME      VALUE            ERROR          SIZE      DERIVATIVE 
   1  p0           9.35411e-01   1.74802e-01   1.74802e-03   3.08894e+00
   2  p1           5.36846e+00   4.99192e-03   4.99192e-05   1.27543e+02
   3  p2           1.17656e-02     fixed    
   4  p3           5.25838e+01   3.32325e-01   3.32325e-03  -1.98392e+00
   5  p4          -9.48805e+00   5.90590e-02   5.90590e-04  -6.70528e+04
   6  p5           1.88744e-01   1.04448e-02   1.04448e-04   1.85075e+01
   7  p6           0.00000e+00   2.00000e+00   2.00000e-02  -1.36344e-02
   8  p7           7.40832e-01     fixed    
   9  p8           2.93696e-02     fixed    
  10  p9           0.00000e+00   1.00000e+00   1.00000e-02  -1.37997e-01
  11  p10          0.00000e+00   1.00000e+00   1.00000e-02  -8.17572e-01
  12  p11          0.00000e+00     fixed    
                               ERR DEF= 0.5
353
fit result:46.7706 46.7706
The local date and time is: Mon Apr 28 02:09:48 2014

Pseudo exp:11
The local date and time is: Mon Apr 28 02:09:48 2014

cout:545
_cout:2936
true_yield:52
Start pseudo exp fit:11
The local date and time is: Mon Apr 28 02:09:52 2014

 FCN=17.0733 FROM HESSE     STATUS=RESET          30 CALLS         507 TOTAL
                     EDM=1.90007e-07    STRATEGY= 1  ERROR MATRIX UNCERTAINTY 100.0 per cent
  EXT PARAMETER                APPROXIMATE        STEP         FIRST   
  NO.   NAME      VALUE            ERROR          SIZE      DERIVATIVE 
   1  p0           1.07154e+00   1.78792e-01   1.78792e-03   3.02001e+00
   2  p1           5.36937e+00   2.99075e-03   2.99075e-05   2.12885e+02
   3  p2           1.17656e-02     fixed    
   4  p3           1.84044e+02   3.35896e-01   3.35896e-03  -1.96282e+00
   5  p4          -5.76362e+01   5.98370e-02   5.98370e-04  -3.82482e+05
   6  p5           4.58394e+00   1.06094e-02   1.06094e-04   1.82203e+01
   7  p6           0.00000e+00   5.65685e+00   5.65685e-02  -4.82050e-03
   8  p7           7.40832e-01     fixed    
   9  p8           2.93696e-02     fixed    
  10  p9           0.00000e+00   1.00000e+00   1.00000e-02  -1.37997e-01
  11  p10          0.00000e+00   1.00000e+00   1.00000e-02  -8.17572e-01
  12  p11          0.00000e+00     fixed    
                               ERR DEF= 0.5
358
fit result:53.577 53.577
The local date and time is: Mon Apr 28 02:09:52 2014

Pseudo exp:12
The local date and time is: Mon Apr 28 02:09:52 2014

cout:545
_cout:3061
true_yield:56
Start pseudo exp fit:12
The local date and time is: Mon Apr 28 02:09:55 2014

 FCN=14.7293 FROM HESSE     STATUS=RESET          30 CALLS         507 TOTAL
                     EDM=3.68064e-07    STRATEGY= 1  ERROR MATRIX UNCERTAINTY 100.0 per cent
  EXT PARAMETER                APPROXIMATE        STEP         FIRST   
  NO.   NAME      VALUE            ERROR          SIZE      DERIVATIVE 
   1  p0           9.91446e-01   1.73114e-01   1.73114e-03   3.11905e+00
   2  p1           5.37465e+00   2.95280e-03   2.95280e-05   2.15621e+02
   3  p2           1.17656e-02     fixed    
   4  p3           2.25355e+02   3.44758e-01   3.44758e-03  -1.91237e+00
   5  p4          -7.31394e+01   6.15688e-02   6.15688e-04  -4.63951e+05
   6  p5           6.03859e+00   1.09436e-02   1.09436e-04   1.76639e+01
   7  p6           0.00000e+00   5.65685e+00   5.65685e-02  -4.82050e-03
   8  p7           7.40832e-01     fixed    
   9  p8           2.93696e-02     fixed    
  10  p9           0.00000e+00   1.00000e+00   1.00000e-02  -1.37997e-01
  11  p10          0.00000e+00   1.00000e+00   1.00000e-02  -8.17572e-01
  12  p11          0.00000e+00     fixed    
                               ERR DEF= 0.5
362
fit result:49.5723 49.5723
The local date and time is: Mon Apr 28 02:09:56 2014

Pseudo exp:13
The local date and time is: Mon Apr 28 02:09:56 2014

cout:545
_cout:3012
true_yield:48
Start pseudo exp fit:13
The local date and time is: Mon Apr 28 02:09:59 2014

 FCN=22.4879 FROM MIGRAD    STATUS=CALL LIMIT   2920 CALLS        2921 TOTAL
                     EDM=1.485e-05    STRATEGY= 1  ERROR MATRIX UNCERTAINTY  10.1 per cent
  EXT PARAMETER                APPROXIMATE        STEP         FIRST   
  NO.   NAME      VALUE            ERROR          SIZE      DERIVATIVE 
   1  p0           1.06066e+00   1.81535e-01   1.73615e-04  -5.55526e-03
   2  p1           5.37191e+00   2.79130e-03   7.71209e-06  -6.11850e-01
   3  p2           1.17656e-02     fixed    
   4  p3           3.11169e+01   3.74267e+00  -1.19688e-02  -1.55106e-02
   5  p4          -2.43008e-02   4.08003e+00   5.34724e-04  -4.68127e-01
   6  p5          -8.23077e-01   1.18205e-01  -1.40618e-04  -5.07500e-01
   7  p6           0.00000e+00   1.00000e+00  -0.00000e+00   0.00000e+00
   8  p7           7.40832e-01     fixed    
   9  p8           2.93696e-02     fixed    
  10  p9           0.00000e+00   1.00000e+00  -0.00000e+00   0.00000e+00
  11  p10          0.00000e+00   1.00000e+00  -0.00000e+00   0.00000e+00
  12  p11          0.00000e+00     fixed    
                               ERR DEF= 0.5
354
fit result:53.0332 53.0332
The local date and time is: Mon Apr 28 02:09:59 2014

Pseudo exp:14
The local date and time is: Mon Apr 28 02:09:59 2014

cout:545
_cout:3003
true_yield:50
Start pseudo exp fit:14
The local date and time is: Mon Apr 28 02:10:03 2014

 FCN=27.4223 FROM HESSE     STATUS=RESET          30 CALLS         507 TOTAL
                     EDM=4.46227e-07    STRATEGY= 1  ERROR MATRIX UNCERTAINTY 100.0 per cent
  EXT PARAMETER                APPROXIMATE        STEP         FIRST   
  NO.   NAME      VALUE            ERROR          SIZE      DERIVATIVE 
   1  p0           1.20276e+00   1.82049e-01   1.82049e-03   2.96597e+00
   2  p1           5.36979e+00   2.58372e-03   2.58372e-05   2.46422e+02
   3  p2           1.17656e-02     fixed    
   4  p3           4.57727e+02   3.29445e-01   3.29445e-03  -2.00126e+00
   5  p4          -1.57101e+02   5.87668e-02   5.87668e-04  -9.49485e+05
   6  p5           1.35897e+01   1.04358e-02   1.04358e-04   1.85233e+01
   7  p6           0.00000e+00   8.00000e+00   8.00000e-02  -3.40861e-03
   8  p7           7.40832e-01     fixed    
   9  p8           2.93696e-02     fixed    
  10  p9           0.00000e+00   1.00000e+00   1.00000e-02  -1.37997e-01
  11  p10          0.00000e+00   1.00000e+00   1.00000e-02  -8.17572e-01
  12  p11          0.00000e+00     fixed    
                               ERR DEF= 0.5
356
fit result:60.1381 60.1381
The local date and time is: Mon Apr 28 02:10:03 2014

Pseudo exp:15
The local date and time is: Mon Apr 28 02:10:03 2014

cout:545
_cout:2874
true_yield:45
Start pseudo exp fit:15
The local date and time is: Mon Apr 28 02:10:06 2014

 FCN=26.4475 FROM SIMPLEX   STATUS=RESET         159 CALLS         886 TOTAL
                     EDM=5.46592e-08    STRATEGY= 1  ERROR MATRIX UNCERTAINTY  50.0 per cent
  EXT PARAMETER                APPROXIMATE        STEP         FIRST   
  NO.   NAME      VALUE            ERROR          SIZE      DERIVATIVE 
   1  p0           7.72145e-01   1.54347e-01   1.54347e-03  -5.48333e+02
   2  p1           5.37529e+00   3.48252e-03   3.48252e-05   8.92433e+02
   3  p2           1.17656e-02     fixed    
   4  p3           3.05592e+01   2.82744e-01   2.82744e-03  -5.74302e+02
   5  p4          -1.04809e-06   1.33454e+01   1.33454e-01** at limit **
   6  p5          -8.01474e-01   1.05081e-02   1.05081e-04  -5.06751e+04
   7  p6           0.00000e+00   1.00000e+00   1.00000e-02   9.50246e-01
   8  p7           7.40832e-01     fixed    
   9  p8           2.93696e-02     fixed    
  10  p9           0.00000e+00   1.00000e+00   1.00000e-02   2.20609e-01
  11  p10          0.00000e+00   1.00000e+00   1.00000e-02  -8.33927e-01
  12  p11          0.00000e+00     fixed    
                               ERR DEF= 0.5
351
fit result:38.6073 38.6073
The local date and time is: Mon Apr 28 02:10:06 2014

Pseudo exp:16
The local date and time is: Mon Apr 28 02:10:06 2014

cout:545
_cout:2805
true_yield:49
Start pseudo exp fit:16
The local date and time is: Mon Apr 28 02:10:10 2014

 FCN=25.1143 FROM HESSE     STATUS=RESET          30 CALLS         507 TOTAL
                     EDM=1.79646e-09    STRATEGY= 1  ERROR MATRIX UNCERTAINTY 100.0 per cent
  EXT PARAMETER                APPROXIMATE        STEP         FIRST   
  NO.   NAME      VALUE            ERROR          SIZE      DERIVATIVE 
   1  p0           9.38513e-01   1.75293e-01   1.75293e-03   3.08028e+00
   2  p1           5.37373e+00   4.67902e-03   4.67902e-05   1.36072e+02
   3  p2           1.17656e-02     fixed    
   4  p3           2.65347e+02   3.12748e-01   3.12748e-03  -2.10811e+00
   5  p4          -8.41335e+01   5.52084e-02   5.52084e-04  -5.88116e+05
   6  p5           6.71039e+00   9.70238e-03   9.70238e-05   1.99236e+01
   7  p6           0.00000e+00   8.00000e+00   8.00000e-02  -3.40861e-03
   8  p7           7.40832e-01     fixed    
   9  p8           2.93696e-02     fixed    
  10  p9           0.00000e+00   1.00000e+00   1.00000e-02  -1.37997e-01
  11  p10          0.00000e+00   1.00000e+00   1.00000e-02  -8.17572e-01
  12  p11          0.00000e+00     fixed    
                               ERR DEF= 0.5
355
fit result:46.9257 46.9257
The local date and time is: Mon Apr 28 02:10:10 2014

Pseudo exp:17
The local date and time is: Mon Apr 28 02:10:10 2014

cout:545
_cout:2951
true_yield:60
Start pseudo exp fit:17
The local date and time is: Mon Apr 28 02:10:13 2014

 FCN=22.3552 FROM HESSE     STATUS=RESET          30 CALLS         549 TOTAL
                     EDM=1.5426e-08    STRATEGY= 1  ERROR MATRIX UNCERTAINTY 100.0 per cent
  EXT PARAMETER                APPROXIMATE        STEP         FIRST   
  NO.   NAME      VALUE            ERROR          SIZE      DERIVATIVE 
   1  p0           1.11764e+00   1.81119e-01   1.81119e-03   2.98120e+00
   2  p1           5.37605e+00   2.68968e-03   2.68968e-05   2.36714e+02
   3  p2           1.17656e-02     fixed    
   4  p3           8.31054e+01   3.42420e-01   3.42420e-03  -1.92543e+00
   5  p4          -2.15424e+01   6.10538e-02   6.10538e-04  -1.45475e+05
   6  p5           1.37077e+00   1.08308e-02   1.08308e-04   1.78479e+01
   7  p6           0.00000e+00   2.00000e+00   2.00000e-02  -1.36344e-02
   8  p7           7.40832e-01     fixed    
   9  p8           2.93696e-02     fixed    
  10  p9           0.00000e+00   1.00000e+00   1.00000e-02  -1.37997e-01
  11  p10          0.00000e+00   1.00000e+00   1.00000e-02  -8.17572e-01
  12  p11          0.00000e+00     fixed    
                               ERR DEF= 0.5
366
fit result:55.8819 55.8819
The local date and time is: Mon Apr 28 02:10:13 2014

Pseudo exp:18
The local date and time is: Mon Apr 28 02:10:13 2014

cout:545
_cout:3156
true_yield:42
Start pseudo exp fit:18
The local date and time is: Mon Apr 28 02:10:17 2014

 FCN=11.1231 FROM HESSE     STATUS=RESET          30 CALLS         507 TOTAL
                     EDM=3.71819e-08    STRATEGY= 1  ERROR MATRIX UNCERTAINTY 100.0 per cent
  EXT PARAMETER                APPROXIMATE        STEP         FIRST   
  NO.   NAME      VALUE            ERROR          SIZE      DERIVATIVE 
   1  p0           7.69529e-01   1.58305e-01   1.58305e-03   3.41082e+00
   2  p1           5.36589e+00   3.14178e-03   3.14178e-05   2.02652e+02
   3  p2           1.17656e-02     fixed    
   4  p3           4.06937e+01   3.12654e-01   3.12654e-03  -2.10873e+00
   5  p4          -3.37328e+00   5.51491e-02   5.51491e-04  -2.56870e+04
   6  p5          -5.25841e-01   9.68159e-03   9.68159e-05   1.99664e+01
   7  p6           0.00000e+00   2.40000e+00   2.40000e-02  -1.13620e-02
   8  p7           7.40832e-01     fixed    
   9  p8           2.93696e-02     fixed    
  10  p9           0.00000e+00   1.00000e+00   1.00000e-02  -1.37997e-01
  11  p10          0.00000e+00   1.00000e+00   1.00000e-02  -8.17572e-01
  12  p11          0.00000e+00     fixed    
                               ERR DEF= 0.5
348
fit result:38.4765 38.4765
The local date and time is: Mon Apr 28 02:10:17 2014

Pseudo exp:19
The local date and time is: Mon Apr 28 02:10:17 2014

cout:545
_cout:3117
true_yield:52
Start pseudo exp fit:19
The local date and time is: Mon Apr 28 02:10:20 2014

 FCN=21.0129 FROM HESSE     STATUS=RESET          30 CALLS         569 TOTAL
                     EDM=3.09352e-07    STRATEGY= 1  ERROR MATRIX UNCERTAINTY 100.0 per cent
  EXT PARAMETER                APPROXIMATE        STEP         FIRST   
  NO.   NAME      VALUE            ERROR          SIZE      DERIVATIVE 
   1  p0           8.89085e-01   1.72000e-01   1.72000e-03   3.13925e+00
   2  p1           5.37308e+00   4.46573e-03   4.46573e-05   1.42571e+02
   3  p2           1.17656e-02     fixed    
   4  p3           3.50526e+01   3.31893e-01   3.31893e-03  -1.98650e+00
   5  p4          -2.46875e+00   5.88963e-02   5.88963e-04  -1.76190e+04
   6  p5          -5.01252e-01   1.04014e-02   1.04014e-04   1.85848e+01
   7  p6           0.00000e+00   2.00000e+00   2.00000e-02  -1.36344e-02
   8  p7           7.40832e-01     fixed    
   9  p8           2.93696e-02     fixed    
  10  p9           0.00000e+00   1.00000e+00   1.00000e-02  -1.37997e-01
  11  p10          0.00000e+00   1.00000e+00   1.00000e-02  -8.17572e-01
  12  p11          0.00000e+00     fixed    
                               ERR DEF= 0.5
358
fit result:44.4543 44.4543
The local date and time is: Mon Apr 28 02:10:21 2014

