000 (263760.000.000) 04/26 03:18:11 Job submitted from host: <18.12.1.74:45694>
...
009 (263760.000.000) 04/26 03:18:32 Job was aborted by the user.
	via condor_rm (by user tawei)
...
000 (263810.000.000) 04/26 03:19:16 Job submitted from host: <18.12.1.74:45694>
...
001 (263810.000.000) 04/26 03:20:37 Job executing on host: <18.12.8.213:46132>
...
006 (263810.000.000) 04/26 03:20:45 Image size of job updated: 210912
	104  -  MemoryUsage of job (MB)
	106084  -  ResidentSetSize of job (KB)
...
006 (263810.000.000) 04/26 03:25:34 Image size of job updated: 315868
	104  -  MemoryUsage of job (MB)
	106084  -  ResidentSetSize of job (KB)
...
005 (263810.000.000) 04/26 03:25:34 Job terminated.
	(1) Normal termination (return value 0)
		Usr 0 00:03:55, Sys 0 00:00:07  -  Run Remote Usage
		Usr 0 00:00:00, Sys 0 00:00:00  -  Run Local Usage
		Usr 0 00:03:55, Sys 0 00:00:07  -  Total Remote Usage
		Usr 0 00:00:00, Sys 0 00:00:00  -  Total Local Usage
	33450  -  Run Bytes Sent By Job
	32579  -  Run Bytes Received By Job
	33450  -  Total Bytes Sent By Job
	32579  -  Total Bytes Received By Job
	Partitionable Resources :    Usage  Request          
	   Cpus                 :                 1          
	   Disk (KB)            :       87       87          
	   Memory (MB)          :      104      104          
...
000 (263912.000.000) 04/26 04:01:39 Job submitted from host: <18.12.1.74:45694>
...
001 (263912.000.000) 04/26 04:02:42 Job executing on host: <18.12.12.7:48103>
...
006 (263912.000.000) 04/26 04:02:50 Image size of job updated: 1
	2  -  MemoryUsage of job (MB)
	1708  -  ResidentSetSize of job (KB)
...
006 (263912.000.000) 04/26 04:07:50 Image size of job updated: 315136
	161  -  MemoryUsage of job (MB)
	164036  -  ResidentSetSize of job (KB)
...
005 (263912.000.000) 04/26 04:07:54 Job terminated.
	(1) Normal termination (return value 0)
		Usr 0 00:03:47, Sys 0 00:00:06  -  Run Remote Usage
		Usr 0 00:00:00, Sys 0 00:00:00  -  Run Local Usage
		Usr 0 00:03:47, Sys 0 00:00:06  -  Total Remote Usage
		Usr 0 00:00:00, Sys 0 00:00:00  -  Total Local Usage
	32788  -  Run Bytes Sent By Job
	32607  -  Run Bytes Received By Job
	32788  -  Total Bytes Sent By Job
	32607  -  Total Bytes Received By Job
	Partitionable Resources :    Usage  Request          
	   Cpus                 :                 1          
	   Disk (KB)            :      680      680          
	   Memory (MB)          :      161      161          
...
000 (265269.000.000) 04/27 23:58:49 Job submitted from host: <18.12.1.74:45694>
...
009 (265269.000.000) 04/27 23:59:18 Job was aborted by the user.
	via condor_rm (by user tawei)
...
000 (265319.000.000) 04/27 23:59:33 Job submitted from host: <18.12.1.74:45694>
...
001 (265319.000.000) 04/27 23:59:38 Job executing on host: <18.12.8.252:48760>
...
006 (265319.000.000) 04/27 23:59:41 Image size of job updated: 1
	0  -  MemoryUsage of job (MB)
	0  -  ResidentSetSize of job (KB)
...
005 (265319.000.000) 04/27 23:59:41 Job terminated.
	(1) Normal termination (return value 1)
		Usr 0 00:00:00, Sys 0 00:00:00  -  Run Remote Usage
		Usr 0 00:00:00, Sys 0 00:00:00  -  Run Local Usage
		Usr 0 00:00:00, Sys 0 00:00:00  -  Total Remote Usage
		Usr 0 00:00:00, Sys 0 00:00:00  -  Total Local Usage
	1146  -  Run Bytes Sent By Job
	32875  -  Run Bytes Received By Job
	1146  -  Total Bytes Sent By Job
	32875  -  Total Bytes Received By Job
	Partitionable Resources :    Usage  Request          
	   Cpus                 :                 1          
	   Disk (KB)            :       56       56          
	   Memory (MB)          :        0        0          
...
000 (265577.000.000) 04/28 02:01:17 Job submitted from host: <18.12.1.74:45694>
...
001 (265577.000.000) 04/28 02:02:09 Job executing on host: <18.12.9.9:49928>
...
006 (265577.000.000) 04/28 02:02:18 Image size of job updated: 1
	2  -  MemoryUsage of job (MB)
	1704  -  ResidentSetSize of job (KB)
...
006 (265577.000.000) 04/28 02:07:20 Image size of job updated: 288568
	151  -  MemoryUsage of job (MB)
	153664  -  ResidentSetSize of job (KB)
...
006 (265577.000.000) 04/28 02:17:22 Image size of job updated: 311656
	163  -  MemoryUsage of job (MB)
	166676  -  ResidentSetSize of job (KB)
...
006 (265577.000.000) 04/28 02:18:02 Image size of job updated: 315152
	163  -  MemoryUsage of job (MB)
	166676  -  ResidentSetSize of job (KB)
...
005 (265577.000.000) 04/28 02:18:02 Job terminated.
	(1) Normal termination (return value 0)
		Usr 0 00:02:27, Sys 0 00:00:03  -  Run Remote Usage
		Usr 0 00:00:00, Sys 0 00:00:00  -  Run Local Usage
		Usr 0 00:02:27, Sys 0 00:00:03  -  Total Remote Usage
		Usr 0 00:00:00, Sys 0 00:00:00  -  Total Local Usage
	32784  -  Run Bytes Sent By Job
	32889  -  Run Bytes Received By Job
	32784  -  Total Bytes Sent By Job
	32889  -  Total Bytes Received By Job
	Partitionable Resources :    Usage  Request          
	   Cpus                 :                 1          
	   Disk (KB)            :      342      342          
	   Memory (MB)          :      163      163          
...
