000 (263728.000.000) 04/26 03:18:07 Job submitted from host: <18.12.1.74:45694>
...
009 (263728.000.000) 04/26 03:18:32 Job was aborted by the user.
	via condor_rm (by user tawei)
...
000 (263778.000.000) 04/26 03:19:12 Job submitted from host: <18.12.1.74:45694>
...
001 (263778.000.000) 04/26 03:20:36 Job executing on host: <18.12.8.229:41752>
...
006 (263778.000.000) 04/26 03:20:44 Image size of job updated: 1
	2  -  MemoryUsage of job (MB)
	1716  -  ResidentSetSize of job (KB)
...
006 (263778.000.000) 04/26 03:24:30 Image size of job updated: 315384
	2  -  MemoryUsage of job (MB)
	1716  -  ResidentSetSize of job (KB)
...
005 (263778.000.000) 04/26 03:24:30 Job terminated.
	(1) Normal termination (return value 0)
		Usr 0 00:02:47, Sys 0 00:00:04  -  Run Remote Usage
		Usr 0 00:00:00, Sys 0 00:00:00  -  Run Local Usage
		Usr 0 00:02:47, Sys 0 00:00:04  -  Total Remote Usage
		Usr 0 00:00:00, Sys 0 00:00:00  -  Total Local Usage
	33465  -  Run Bytes Sent By Job
	32579  -  Run Bytes Received By Job
	33465  -  Total Bytes Sent By Job
	32579  -  Total Bytes Received By Job
	Partitionable Resources :    Usage  Request          
	   Cpus                 :                 1          
	   Disk (KB)            :       87       87          
	   Memory (MB)          :        2        2          
...
000 (263880.000.000) 04/26 04:01:35 Job submitted from host: <18.12.1.74:45694>
...
001 (263880.000.000) 04/26 04:02:39 Job executing on host: <18.12.8.166:49344>
...
006 (263880.000.000) 04/26 04:02:47 Image size of job updated: 200808
	53  -  MemoryUsage of job (MB)
	54036  -  ResidentSetSize of job (KB)
...
006 (263880.000.000) 04/26 04:07:14 Image size of job updated: 316172
	53  -  MemoryUsage of job (MB)
	54036  -  ResidentSetSize of job (KB)
...
005 (263880.000.000) 04/26 04:07:14 Job terminated.
	(1) Normal termination (return value 0)
		Usr 0 00:03:20, Sys 0 00:00:07  -  Run Remote Usage
		Usr 0 00:00:00, Sys 0 00:00:00  -  Run Local Usage
		Usr 0 00:03:20, Sys 0 00:00:07  -  Total Remote Usage
		Usr 0 00:00:00, Sys 0 00:00:00  -  Total Local Usage
	32785  -  Run Bytes Sent By Job
	32607  -  Run Bytes Received By Job
	32785  -  Total Bytes Sent By Job
	32607  -  Total Bytes Received By Job
	Partitionable Resources :    Usage  Request          
	   Cpus                 :                 1          
	   Disk (KB)            :       86       86          
	   Memory (MB)          :       53       53          
...
000 (265237.000.000) 04/27 23:58:37 Job submitted from host: <18.12.1.74:45694>
...
009 (265237.000.000) 04/27 23:59:18 Job was aborted by the user.
	via condor_rm (by user tawei)
...
000 (265287.000.000) 04/27 23:59:29 Job submitted from host: <18.12.1.74:45694>
...
001 (265287.000.000) 04/27 23:59:37 Job executing on host: <18.12.8.209:47154>
...
006 (265287.000.000) 04/27 23:59:46 Image size of job updated: 69048
	17  -  MemoryUsage of job (MB)
	17028  -  ResidentSetSize of job (KB)
...
005 (265287.000.000) 04/27 23:59:50 Job terminated.
	(1) Normal termination (return value 1)
		Usr 0 00:00:00, Sys 0 00:00:00  -  Run Remote Usage
		Usr 0 00:00:00, Sys 0 00:00:00  -  Run Local Usage
		Usr 0 00:00:00, Sys 0 00:00:00  -  Total Remote Usage
		Usr 0 00:00:00, Sys 0 00:00:00  -  Total Local Usage
	1146  -  Run Bytes Sent By Job
	32875  -  Run Bytes Received By Job
	1146  -  Total Bytes Sent By Job
	32875  -  Total Bytes Received By Job
	Partitionable Resources :    Usage  Request          
	   Cpus                 :                 1          
	   Disk (KB)            :       56       56          
	   Memory (MB)          :       17       17          
...
000 (265545.000.000) 04/28 02:01:13 Job submitted from host: <18.12.1.74:45694>
...
001 (265545.000.000) 04/28 02:02:07 Job executing on host: <18.12.8.169:46935>
...
006 (265545.000.000) 04/28 02:02:15 Image size of job updated: 210896
	104  -  MemoryUsage of job (MB)
	106088  -  ResidentSetSize of job (KB)
...
006 (265545.000.000) 04/28 02:05:27 Image size of job updated: 315048
	104  -  MemoryUsage of job (MB)
	106088  -  ResidentSetSize of job (KB)
...
005 (265545.000.000) 04/28 02:05:27 Job terminated.
	(1) Normal termination (return value 0)
		Usr 0 00:02:30, Sys 0 00:00:03  -  Run Remote Usage
		Usr 0 00:00:00, Sys 0 00:00:00  -  Run Local Usage
		Usr 0 00:02:30, Sys 0 00:00:03  -  Total Remote Usage
		Usr 0 00:00:00, Sys 0 00:00:00  -  Total Local Usage
	32894  -  Run Bytes Sent By Job
	32889  -  Run Bytes Received By Job
	32894  -  Total Bytes Sent By Job
	32889  -  Total Bytes Received By Job
	Partitionable Resources :    Usage  Request          
	   Cpus                 :                 1          
	   Disk (KB)            :       87       87          
	   Memory (MB)          :      104      104          
...
