/export/data1/condor/execute/dir_8683
gcc (GCC) 4.6.2
Copyright (C) 2011 Free Software Foundation, Inc.
This is free software; see the source for copying conditions.  There is NO
warranty; not even for MERCHANTABILITY or FITNESS FOR A PARTICULAR PURPOSE.

5.32/00
Linux version 2.6.32-358.el6.x86_64 (mockbuild@sl6.fnal.gov) (gcc version 4.4.7 20120313 (Red Hat 4.4.7-3) (GCC) ) #1 SMP Fri Feb 22 20:37:17 CST 2013

Processing fitBs.C(49)...
The local date and time is: Mon Apr 28 02:03:47 2014

 FCN=51.09 FROM HESSE     STATUS=RESET          35 CALLS         818 TOTAL
                     EDM=1.74677e-07    STRATEGY= 1  ERROR MATRIX UNCERTAINTY 100.0 per cent
  EXT PARAMETER                APPROXIMATE        STEP         FIRST   
  NO.   NAME      VALUE            ERROR          SIZE      DERIVATIVE 
   1  p0           1.46834e+02   1.71547e+00   1.71547e-02   3.14754e-01
   2  p1           5.36991e+00   1.80509e-04   1.80509e-06   3.52717e+03
   3  p2           1.17656e-02   1.36451e-04   1.36451e-06  -3.26142e-01
   4  p3           1.28682e+01   1.57196e-01   1.57196e-03  -2.68056e+00
   5  p4          -2.04693e-02   2.71701e-02   2.71701e-04   1.45628e+02
   6  p5          -3.51569e-01   4.68012e-03   4.68012e-05  -5.82654e+00
   7  p6           0.00000e+00   2.82843e+00   2.82843e-02  -4.87893e-02
   8  p7           7.40832e-01   1.00098e-02   1.00098e-04  -1.55201e+01
   9  p8           2.93696e-02   6.11333e-04   6.11333e-06   5.60321e-01
  10  p9           0.00000e+00   1.00000e+00   1.00000e-02   2.81800e-02
  11  p10          0.00000e+00   1.00000e+00   1.00000e-02   4.32797e-01
  12  p11          0.00000e+00     fixed    
                               ERR DEF= 0.5
 FCN=19.702 FROM HESSE     STATUS=RESET          30 CALLS         507 TOTAL
                     EDM=3.56714e-09    STRATEGY= 1  ERROR MATRIX UNCERTAINTY 100.0 per cent
  EXT PARAMETER                APPROXIMATE        STEP         FIRST   
  NO.   NAME      VALUE            ERROR          SIZE      DERIVATIVE 
   1  p0           8.80688e-01   1.62070e-01   1.62070e-03   3.33161e+00
   2  p1           5.37091e+00   2.64329e-03   2.64329e-05   2.40869e+02
   3  p2           1.17656e-02     fixed    
   4  p3           1.07018e+02   3.23872e-01   3.23872e-03  -2.03570e+00
   5  p4          -2.82726e+01   5.74207e-02   5.74207e-04  -2.01608e+05
   6  p5           1.80062e+00   1.01328e-02   1.01328e-04   1.90773e+01
   7  p6           0.00000e+00   5.65685e+00   5.65685e-02  -4.82050e-03
   8  p7           7.40832e-01     fixed    
   9  p8           2.93696e-02     fixed    
  10  p9           0.00000e+00   1.00000e+00   1.00000e-02  -1.37997e-01
  11  p10          0.00000e+00   1.00000e+00   1.00000e-02  -8.17572e-01
  12  p11          0.00000e+00     fixed    
                               ERR DEF= 0.5
351
fit result:44.0344 44.0344
The local date and time is: Mon Apr 28 02:09:37 2014

Got Nsig:510/44.0344
Got extracted:44.0344
Pseudo exp:0
The local date and time is: Mon Apr 28 02:09:37 2014

cout:510
_cout:2832
true_yield:44
Start pseudo exp fit:0
The local date and time is: Mon Apr 28 02:09:41 2014

 FCN=37.0284 FROM HESSE     STATUS=RESET          30 CALLS         507 TOTAL
                     EDM=1.11143e-07    STRATEGY= 1  ERROR MATRIX UNCERTAINTY 100.0 per cent
  EXT PARAMETER                APPROXIMATE        STEP         FIRST   
  NO.   NAME      VALUE            ERROR          SIZE      DERIVATIVE 
   1  p0           8.09187e-01   1.63762e-01   1.63762e-03   3.29717e+00
   2  p1           5.36465e+00   3.60840e-03   3.60840e-05   1.76445e+02
   3  p2           1.17656e-02     fixed    
   4  p3           2.40766e+02   3.07773e-01   3.07773e-03  -2.14218e+00
   5  p4          -7.49357e+01   5.42110e-02   5.42110e-04  -5.38815e+05
   6  p5           5.85390e+00   9.50470e-03   9.50470e-05   2.03380e+01
   7  p6           0.00000e+00   8.00000e+00   8.00000e-02  -3.40861e-03
   8  p7           7.40832e-01     fixed    
   9  p8           2.93696e-02     fixed    
  10  p9           0.00000e+00   1.00000e+00   1.00000e-02  -1.37997e-01
  11  p10          0.00000e+00   1.00000e+00   1.00000e-02  -8.17572e-01
  12  p11          0.00000e+00     fixed    
                               ERR DEF= 0.5
350
fit result:40.4593 40.4593
The local date and time is: Mon Apr 28 02:09:41 2014

Pseudo exp:1
The local date and time is: Mon Apr 28 02:09:41 2014

cout:510
_cout:2832
true_yield:47
Start pseudo exp fit:1
The local date and time is: Mon Apr 28 02:09:45 2014

 FCN=19.0052 FROM HESSE     STATUS=RESET          30 CALLS         507 TOTAL
                     EDM=1.4631e-07    STRATEGY= 1  ERROR MATRIX UNCERTAINTY 100.0 per cent
  EXT PARAMETER                APPROXIMATE        STEP         FIRST   
  NO.   NAME      VALUE            ERROR          SIZE      DERIVATIVE 
   1  p0           8.50816e-01   1.65989e-01   1.65989e-03   3.25293e+00
   2  p1           5.36639e+00   3.82464e-03   3.82464e-05   1.66470e+02
   3  p2           1.17656e-02     fixed    
   4  p3           1.01076e+02   3.38756e-01   3.38756e-03  -1.94625e+00
   5  p4          -2.75375e+01   6.03334e-02   6.03334e-04  -1.87028e+05
   6  p5           1.86563e+00   1.06925e-02   1.06925e-04   1.80788e+01
   7  p6           0.00000e+00   5.65685e+00   5.65685e-02  -4.82050e-03
   8  p7           7.40832e-01     fixed    
   9  p8           2.93696e-02     fixed    
  10  p9           0.00000e+00   1.00000e+00   1.00000e-02  -1.37997e-01
  11  p10          0.00000e+00   1.00000e+00   1.00000e-02  -8.17572e-01
  12  p11          0.00000e+00     fixed    
                               ERR DEF= 0.5
353
fit result:42.5408 42.5408
The local date and time is: Mon Apr 28 02:09:45 2014

Pseudo exp:2
The local date and time is: Mon Apr 28 02:09:45 2014

cout:510
_cout:2809
true_yield:48
Start pseudo exp fit:2
The local date and time is: Mon Apr 28 02:09:49 2014

 FCN=24.0332 FROM HESSE     STATUS=RESET          30 CALLS         569 TOTAL
                     EDM=8.22031e-07    STRATEGY= 1  ERROR MATRIX UNCERTAINTY 100.0 per cent
  EXT PARAMETER                APPROXIMATE        STEP         FIRST   
  NO.   NAME      VALUE            ERROR          SIZE      DERIVATIVE 
   1  p0           1.05713e+00   1.78531e-01   1.78531e-03   3.02441e+00
   2  p1           5.37535e+00   2.89133e-03   2.89133e-05   2.20205e+02
   3  p2           1.17656e-02     fixed    
   4  p3           4.40888e+01   3.18806e-01   3.18806e-03  -2.06805e+00
   5  p4          -5.49762e+00   5.64270e-02   5.64270e-04  -4.08282e+04
   6  p5          -2.58118e-01   9.94012e-03   9.94012e-05   1.94471e+01
   7  p6           0.00000e+00   2.00000e+00   2.00000e-02  -1.36344e-02
   8  p7           7.40832e-01     fixed    
   9  p8           2.93696e-02     fixed    
  10  p9           0.00000e+00   1.00000e+00   1.00000e-02  -1.37997e-01
  11  p10          0.00000e+00   1.00000e+00   1.00000e-02  -8.17572e-01
  12  p11          0.00000e+00     fixed    
                               ERR DEF= 0.5
354
fit result:52.8566 52.8566
The local date and time is: Mon Apr 28 02:09:50 2014

Pseudo exp:3
The local date and time is: Mon Apr 28 02:09:50 2014

cout:510
_cout:2791
true_yield:52
Start pseudo exp fit:3
The local date and time is: Mon Apr 28 02:09:53 2014

 FCN=23.2768 FROM HESSE     STATUS=RESET          30 CALLS         507 TOTAL
                     EDM=3.41695e-08    STRATEGY= 1  ERROR MATRIX UNCERTAINTY 100.0 per cent
  EXT PARAMETER                APPROXIMATE        STEP         FIRST   
  NO.   NAME      VALUE            ERROR          SIZE      DERIVATIVE 
   1  p0           9.14333e-01   1.68670e-01   1.68670e-03   3.20124e+00
   2  p1           5.36867e+00   3.13885e-03   3.13885e-05   2.02841e+02
   3  p2           1.17656e-02     fixed    
   4  p3           1.89471e+02   3.26616e-01   3.26616e-03  -2.01859e+00
   5  p4          -5.77895e+01   5.78917e-02   5.78917e-04  -3.96321e+05
   6  p5           4.43797e+00   1.02133e-02   1.02133e-04   1.89270e+01
   7  p6           0.00000e+00   8.00000e+00   8.00000e-02  -3.40861e-03
   8  p7           7.40832e-01     fixed    
   9  p8           2.93696e-02     fixed    
  10  p9           0.00000e+00   1.00000e+00   1.00000e-02  -1.37997e-01
  11  p10          0.00000e+00   1.00000e+00   1.00000e-02  -8.17572e-01
  12  p11          0.00000e+00     fixed    
                               ERR DEF= 0.5
358
fit result:45.7167 45.7167
The local date and time is: Mon Apr 28 02:09:54 2014

Pseudo exp:4
The local date and time is: Mon Apr 28 02:09:54 2014

cout:510
_cout:2943
true_yield:43
Start pseudo exp fit:4
The local date and time is: Mon Apr 28 02:09:57 2014

 FCN=16.0345 FROM HESSE     STATUS=RESET          30 CALLS         507 TOTAL
                     EDM=9.27104e-09    STRATEGY= 1  ERROR MATRIX UNCERTAINTY 100.0 per cent
  EXT PARAMETER                APPROXIMATE        STEP         FIRST   
  NO.   NAME      VALUE            ERROR          SIZE      DERIVATIVE 
   1  p0           9.86991e-01   1.73377e-01   1.73377e-03   3.11432e+00
   2  p1           5.37116e+00   3.33924e-03   3.33924e-05   1.90668e+02
   3  p2           1.17656e-02     fixed    
   4  p3           3.21612e+02   3.19970e-01   3.19970e-03  -2.06052e+00
   5  p4          -1.05948e+02   5.67682e-02   5.67682e-04  -7.03100e+05
   6  p5           8.80528e+00   1.00281e-02   1.00281e-04   1.92764e+01
   7  p6           0.00000e+00   8.00000e+00   8.00000e-02  -3.40861e-03
   8  p7           7.40832e-01     fixed    
   9  p8           2.93696e-02     fixed    
  10  p9           0.00000e+00   1.00000e+00   1.00000e-02  -1.37997e-01
  11  p10          0.00000e+00   1.00000e+00   1.00000e-02  -8.17572e-01
  12  p11          0.00000e+00     fixed    
                               ERR DEF= 0.5
349
fit result:49.3495 49.3496
The local date and time is: Mon Apr 28 02:09:58 2014

Pseudo exp:5
The local date and time is: Mon Apr 28 02:09:58 2014

cout:510
_cout:2762
true_yield:33
Start pseudo exp fit:5
The local date and time is: Mon Apr 28 02:10:02 2014

 FCN=25.8623 FROM HESSE     STATUS=RESET          30 CALLS         534 TOTAL
                     EDM=5.67786e-06    STRATEGY= 1  ERROR MATRIX UNCERTAINTY 100.0 per cent
  EXT PARAMETER                APPROXIMATE        STEP         FIRST   
  NO.   NAME      VALUE            ERROR          SIZE      DERIVATIVE 
   1  p0           4.92620e-01   1.41999e-01   1.41999e-03   3.80252e+00
   2  p1           5.36976e+00   8.02697e-03   8.02697e-05   7.93183e+01
   3  p2           1.17656e-02     fixed    
   4  p3           3.13098e+01   3.13857e-01   3.13857e-03  -2.10065e+00
   5  p4          -1.98239e-05   1.29919e+01   1.29919e-01** at limit **
   6  p5          -8.24943e-01   9.70341e-03   9.70341e-05   1.99215e+01
   7  p6           0.00000e+00   1.00000e+00   1.00000e-02  -2.72689e-02
   8  p7           7.40832e-01     fixed    
   9  p8           2.93696e-02     fixed    
  10  p9           0.00000e+00   1.00000e+00   1.00000e-02  -1.37997e-01
  11  p10          0.00000e+00   1.00000e+00   1.00000e-02  -8.17572e-01
  12  p11          0.00000e+00     fixed    
                               ERR DEF= 0.5
339
fit result:24.631 24.631
The local date and time is: Mon Apr 28 02:10:02 2014

Pseudo exp:6
The local date and time is: Mon Apr 28 02:10:02 2014

cout:510
_cout:2801
true_yield:46
Start pseudo exp fit:6
The local date and time is: Mon Apr 28 02:10:06 2014

 FCN=32.2869 FROM HESSE     STATUS=RESET          30 CALLS         507 TOTAL
                     EDM=4.26357e-08    STRATEGY= 1  ERROR MATRIX UNCERTAINTY 100.0 per cent
  EXT PARAMETER                APPROXIMATE        STEP         FIRST   
  NO.   NAME      VALUE            ERROR          SIZE      DERIVATIVE 
   1  p0           8.59499e-01   1.67050e-01   1.67050e-03   3.23227e+00
   2  p1           5.37049e+00   3.81151e-03   3.81151e-05   1.67043e+02
   3  p2           1.17656e-02     fixed    
   4  p3           1.28530e+02   3.42499e-01   3.42499e-03  -1.92498e+00
   5  p4          -3.81743e+01   6.11155e-02   6.11155e-04  -2.53153e+05
   6  p5           2.88816e+00   1.08506e-02   1.08506e-04   1.78152e+01
   7  p6           0.00000e+00   8.00000e+00   8.00000e-02  -3.40861e-03
   8  p7           7.40832e-01     fixed    
   9  p8           2.93696e-02     fixed    
  10  p9           0.00000e+00   1.00000e+00   1.00000e-02  -1.37997e-01
  11  p10          0.00000e+00   1.00000e+00   1.00000e-02  -8.17572e-01
  12  p11          0.00000e+00     fixed    
                               ERR DEF= 0.5
352
fit result:42.9749 42.975
The local date and time is: Mon Apr 28 02:10:06 2014

Pseudo exp:7
The local date and time is: Mon Apr 28 02:10:06 2014

cout:510
_cout:2890
true_yield:48
Start pseudo exp fit:7
The local date and time is: Mon Apr 28 02:10:10 2014

 FCN=19.7371 FROM HESSE     STATUS=RESET          30 CALLS         507 TOTAL
                     EDM=8.71795e-08    STRATEGY= 1  ERROR MATRIX UNCERTAINTY 100.0 per cent
  EXT PARAMETER                APPROXIMATE        STEP         FIRST   
  NO.   NAME      VALUE            ERROR          SIZE      DERIVATIVE 
   1  p0           7.86645e-01   1.58663e-01   1.58663e-03   3.40313e+00
   2  p1           5.37602e+00   2.99065e-03   2.99065e-05   2.12892e+02
   3  p2           1.17656e-02     fixed    
   4  p3           1.32958e+02   3.15198e-01   3.15198e-03  -2.09171e+00
   5  p4          -3.61724e+01   5.56522e-02   5.56522e-04  -2.63974e+05
   6  p5           2.38304e+00   9.78236e-03   9.78236e-05   1.97607e+01
   7  p6           0.00000e+00   5.65685e+00   5.65685e-02  -4.82050e-03
   8  p7           7.40832e-01     fixed    
   9  p8           2.93696e-02     fixed    
  10  p9           0.00000e+00   1.00000e+00   1.00000e-02  -1.37997e-01
  11  p10          0.00000e+00   1.00000e+00   1.00000e-02  -8.17572e-01
  12  p11          0.00000e+00     fixed    
                               ERR DEF= 0.5
354
fit result:39.3322 39.3323
The local date and time is: Mon Apr 28 02:10:10 2014

Pseudo exp:8
The local date and time is: Mon Apr 28 02:10:10 2014

cout:510
_cout:2986
true_yield:34
Start pseudo exp fit:8
The local date and time is: Mon Apr 28 02:10:14 2014

 FCN=35.3339 FROM HESSE     STATUS=RESET          30 CALLS         507 TOTAL
                     EDM=8.55692e-07    STRATEGY= 1  ERROR MATRIX UNCERTAINTY 100.0 per cent
  EXT PARAMETER                APPROXIMATE        STEP         FIRST   
  NO.   NAME      VALUE            ERROR          SIZE      DERIVATIVE 
   1  p0           6.63518e-01   1.48402e-01   1.48402e-03   3.63844e+00
   2  p1           5.37070e+00   3.47840e-03   3.47840e-05   1.83040e+02
   3  p2           1.17656e-02     fixed    
   4  p3           2.20468e+02   3.16571e-01   3.16571e-03  -2.08264e+00
   5  p4          -6.84350e+01   5.60698e-02   5.60698e-04  -4.79103e+05
   6  p5           5.34283e+00   9.88931e-03   9.88931e-05   1.95470e+01
   7  p6           0.00000e+00   2.21252e+02   2.21252e+00  -1.23248e-04
   8  p7           7.40832e-01     fixed    
   9  p8           2.93696e-02     fixed    
  10  p9           0.00000e+00   1.00000e+00   1.00000e-02  -1.37997e-01
  11  p10          0.00000e+00   1.00000e+00   1.00000e-02  -8.17572e-01
  12  p11          0.00000e+00     fixed    
                               ERR DEF= 0.5
340
fit result:33.1759 33.1759
The local date and time is: Mon Apr 28 02:10:14 2014

Pseudo exp:9
The local date and time is: Mon Apr 28 02:10:14 2014

cout:510
_cout:2826
true_yield:41
Start pseudo exp fit:9
The local date and time is: Mon Apr 28 02:10:18 2014

 FCN=20.11 FROM HESSE     STATUS=RESET          30 CALLS         529 TOTAL
                     EDM=1.01429e-07    STRATEGY= 1  ERROR MATRIX UNCERTAINTY 100.0 per cent
  EXT PARAMETER                APPROXIMATE        STEP         FIRST   
  NO.   NAME      VALUE            ERROR          SIZE      DERIVATIVE 
   1  p0           7.60311e-01   1.59976e-01   1.59976e-03   3.37521e+00
   2  p1           5.37089e+00   3.89312e-03   3.89312e-05   1.63541e+02
   3  p2           1.17656e-02     fixed    
   4  p3           2.77882e+01   3.28235e-01   3.28235e-03  -2.00863e+00
   5  p4          -4.17628e-07   1.65638e+01   1.65638e-01** at limit **
   6  p5          -7.12405e-01   1.02820e-02   1.02820e-04   1.88005e+01
   7  p6           0.00000e+00   5.65685e+00   5.65685e-02  -4.82050e-03
   8  p7           7.40832e-01     fixed    
   9  p8           2.93696e-02     fixed    
  10  p9           0.00000e+00   1.00000e+00   1.00000e-02  -1.37997e-01
  11  p10          0.00000e+00   1.00000e+00   1.00000e-02  -8.17572e-01
  12  p11          0.00000e+00     fixed    
                               ERR DEF= 0.5
347
fit result:38.0156 38.0156
The local date and time is: Mon Apr 28 02:10:18 2014

Pseudo exp:10
The local date and time is: Mon Apr 28 02:10:18 2014

cout:510
_cout:2821
true_yield:43
Start pseudo exp fit:10
The local date and time is: Mon Apr 28 02:10:22 2014

 FCN=17.5972 FROM HESSE     STATUS=RESET          30 CALLS         508 TOTAL
                     EDM=2.92454e-07    STRATEGY= 1  ERROR MATRIX UNCERTAINTY 100.0 per cent
  EXT PARAMETER                APPROXIMATE        STEP         FIRST   
  NO.   NAME      VALUE            ERROR          SIZE      DERIVATIVE 
   1  p0           9.72474e-01   1.71507e-01   1.71507e-03   3.14829e+00
   2  p1           5.37428e+00   2.89745e-03   2.89745e-05   2.19740e+02
   3  p2           1.17656e-02     fixed    
   4  p3           5.60953e+01   3.29644e-01   3.29644e-03  -2.00005e+00
   5  p4          -1.10611e+01   5.86126e-02   5.86126e-04  -7.86397e+04
   6  p5           3.54322e-01   1.03708e-02   1.03708e-04   1.86395e+01
   7  p6           0.00000e+00   2.00000e+00   2.00000e-02  -1.36344e-02
   8  p7           7.40832e-01     fixed    
   9  p8           2.93696e-02     fixed    
  10  p9           0.00000e+00   1.00000e+00   1.00000e-02  -1.37997e-01
  11  p10          0.00000e+00   1.00000e+00   1.00000e-02  -8.17572e-01
  12  p11          0.00000e+00     fixed    
                               ERR DEF= 0.5
349
fit result:48.6237 48.6237
The local date and time is: Mon Apr 28 02:10:22 2014

Pseudo exp:11
The local date and time is: Mon Apr 28 02:10:22 2014

cout:510
_cout:2699
true_yield:56
Start pseudo exp fit:11
The local date and time is: Mon Apr 28 02:10:26 2014

 FCN=17.831 FROM HESSE     STATUS=RESET          30 CALLS         507 TOTAL
                     EDM=8.59765e-08    STRATEGY= 1  ERROR MATRIX UNCERTAINTY 100.0 per cent
  EXT PARAMETER                APPROXIMATE        STEP         FIRST   
  NO.   NAME      VALUE            ERROR          SIZE      DERIVATIVE 
   1  p0           1.16231e+00   1.85828e-01   1.85828e-03   2.90566e+00
   2  p1           5.37254e+00   3.20920e-03   3.20920e-05   1.98394e+02
   3  p2           1.17656e-02     fixed    
   4  p3           1.83667e+02   3.36348e-01   3.36348e-03  -1.96018e+00
   5  p4          -5.75316e+01   5.99120e-02   5.99120e-04  -3.81352e+05
   6  p5           4.57704e+00   1.06216e-02   1.06216e-04   1.81993e+01
   7  p6           0.00000e+00   8.00000e+00   8.00000e-02  -3.40861e-03
   8  p7           7.40832e-01     fixed    
   9  p8           2.93696e-02     fixed    
  10  p9           0.00000e+00   1.00000e+00   1.00000e-02  -1.37997e-01
  11  p10          0.00000e+00   1.00000e+00   1.00000e-02  -8.17572e-01
  12  p11          0.00000e+00     fixed    
                               ERR DEF= 0.5
362
fit result:58.1153 58.1154
The local date and time is: Mon Apr 28 02:10:26 2014

Pseudo exp:12
The local date and time is: Mon Apr 28 02:10:26 2014

cout:510
_cout:2851
true_yield:43
Start pseudo exp fit:12
The local date and time is: Mon Apr 28 02:10:30 2014

 FCN=14.5248 FROM HESSE     STATUS=RESET          30 CALLS         507 TOTAL
                     EDM=1.38473e-08    STRATEGY= 1  ERROR MATRIX UNCERTAINTY 100.0 per cent
  EXT PARAMETER                APPROXIMATE        STEP         FIRST   
  NO.   NAME      VALUE            ERROR          SIZE      DERIVATIVE 
   1  p0           7.75032e-01   1.56704e-01   1.56704e-03   3.44569e+00
   2  p1           5.37088e+00   3.27987e-03   3.27987e-05   1.94119e+02
   3  p2           1.17656e-02     fixed    
   4  p3           1.84796e+02   3.42468e-01   3.42468e-03  -1.92516e+00
   5  p4          -5.85611e+01   6.11560e-02   6.11560e-04  -3.79864e+05
   6  p5           4.73059e+00   1.08682e-02   1.08682e-04   1.77864e+01
   7  p6           0.00000e+00   8.00000e+00   8.00000e-02  -3.40861e-03
   8  p7           7.40832e-01     fixed    
   9  p8           2.93696e-02     fixed    
  10  p9           0.00000e+00   1.00000e+00   1.00000e-02  -1.37997e-01
  11  p10          0.00000e+00   1.00000e+00   1.00000e-02  -8.17572e-01
  12  p11          0.00000e+00     fixed    
                               ERR DEF= 0.5
349
fit result:38.7516 38.7516
The local date and time is: Mon Apr 28 02:10:30 2014

Pseudo exp:13
The local date and time is: Mon Apr 28 02:10:30 2014

cout:510
_cout:2824
true_yield:51
Start pseudo exp fit:13
The local date and time is: Mon Apr 28 02:10:34 2014

 FCN=22.8123 FROM SIMPLEX   STATUS=RESET         241 CALLS        3325 TOTAL
                     EDM=6.99796e-07    STRATEGY= 1  ERROR MATRIX UNCERTAINTY  50.0 per cent
  EXT PARAMETER                APPROXIMATE        STEP         FIRST   
  NO.   NAME      VALUE            ERROR          SIZE      DERIVATIVE 
   1  p0           1.06804e+00   1.82488e-01   1.82488e-03  -3.41337e+04
   2  p1           5.37392e+00   2.73847e-03   2.73847e-05   2.31312e+06
   3  p2           1.17656e-02     fixed    
   4  p3           3.14245e+01   3.43175e+00   3.43175e-02  -1.12239e+05
   5  p4          -6.12953e-04   2.42421e+01   2.42421e-01  -6.38750e+05
   6  p5          -8.35715e-01   1.06322e-01   1.06322e-03  -3.62615e+06
   7  p6           0.00000e+00   1.00000e+00   1.00000e-02  -1.16542e+01
   8  p7           7.40832e-01     fixed    
   9  p8           2.93696e-02     fixed    
  10  p9           0.00000e+00   1.00000e+00   1.00000e-02   2.28490e+00
  11  p10          0.00000e+00   1.00000e+00   1.00000e-02  -2.94900e-01
  12  p11          0.00000e+00     fixed    
                               ERR DEF= 0.5
357
fit result:53.4018 53.4018
The local date and time is: Mon Apr 28 02:10:35 2014

Pseudo exp:14
The local date and time is: Mon Apr 28 02:10:35 2014

cout:510
_cout:2941
true_yield:42
Start pseudo exp fit:14
The local date and time is: Mon Apr 28 02:10:39 2014

 FCN=26.5315 FROM HESSE     STATUS=RESET          30 CALLS         507 TOTAL
                     EDM=9.13639e-11    STRATEGY= 1  ERROR MATRIX UNCERTAINTY 100.0 per cent
  EXT PARAMETER                APPROXIMATE        STEP         FIRST   
  NO.   NAME      VALUE            ERROR          SIZE      DERIVATIVE 
   1  p0           1.02316e+00   1.71302e-01   1.71302e-03   3.15205e+00
   2  p1           5.36945e+00   2.88230e-03   2.88230e-05   2.20895e+02
   3  p2           1.17656e-02     fixed    
   4  p3           5.08810e+02   3.28468e-01   3.28468e-03  -2.00721e+00
   5  p4          -1.75490e+02   5.86208e-02   5.86208e-04  -1.04007e+06
   6  p5           1.52413e+01   1.04167e-02   1.04167e-04   1.85573e+01
   7  p6           0.00000e+00   8.00000e+00   8.00000e-02  -3.40861e-03
   8  p7           7.40832e-01     fixed    
   9  p8           2.93696e-02     fixed    
  10  p9           0.00000e+00   1.00000e+00   1.00000e-02  -1.37997e-01
  11  p10          0.00000e+00   1.00000e+00   1.00000e-02  -8.17572e-01
  12  p11          0.00000e+00     fixed    
                               ERR DEF= 0.5
348
fit result:51.1579 51.1579
The local date and time is: Mon Apr 28 02:10:39 2014

Pseudo exp:15
The local date and time is: Mon Apr 28 02:10:39 2014

cout:510
_cout:2916
true_yield:53
Start pseudo exp fit:15
The local date and time is: Mon Apr 28 02:10:43 2014

 FCN=27.6802 FROM SIMPLEX   STATUS=RESET         100 CALLS        1784 TOTAL
                     EDM=2.92089e-07    STRATEGY= 1  ERROR MATRIX UNCERTAINTY  50.0 per cent
  EXT PARAMETER                APPROXIMATE        STEP         FIRST   
  NO.   NAME      VALUE            ERROR          SIZE      DERIVATIVE 
   1  p0           1.01094e+00   1.78588e-01   1.78588e-03  -1.77055e+01
   2  p1           5.37242e+00   2.73440e-03   2.73440e-05   1.62684e+03
   3  p2           1.17656e-02     fixed    
   4  p3           3.00356e+01   3.36825e+00   3.36825e-02  -9.65233e+01
   5  p4          -5.21037e-06   9.00401e+00   9.00401e-02** at limit **
   6  p5          -7.86847e-01   1.05118e-01   1.05118e-03  -3.08536e+03
   7  p6           0.00000e+00   1.00000e+00   1.00000e-02   1.06897e-01
   8  p7           7.40832e-01     fixed    
   9  p8           2.93696e-02     fixed    
  10  p9           0.00000e+00   1.00000e+00   1.00000e-02  -1.63680e-01
  11  p10          0.00000e+00   1.00000e+00   1.00000e-02  -7.99581e-01
  12  p11          0.00000e+00     fixed    
                               ERR DEF= 0.5
359
fit result:50.5469 50.547
The local date and time is: Mon Apr 28 02:10:43 2014

Pseudo exp:16
The local date and time is: Mon Apr 28 02:10:43 2014

cout:510
_cout:2864
true_yield:52
Start pseudo exp fit:16
The local date and time is: Mon Apr 28 02:10:47 2014

 FCN=23.401 FROM HESSE     STATUS=RESET          30 CALLS         507 TOTAL
                     EDM=7.40354e-08    STRATEGY= 1  ERROR MATRIX UNCERTAINTY 100.0 per cent
  EXT PARAMETER                APPROXIMATE        STEP         FIRST   
  NO.   NAME      VALUE            ERROR          SIZE      DERIVATIVE 
   1  p0           1.11493e+00   1.83751e-01   1.83751e-03   2.93850e+00
   2  p1           5.36923e+00   3.72488e-03   3.72488e-05   1.70928e+02
   3  p2           1.17656e-02     fixed    
   4  p3           2.80288e+02   3.11461e-01   3.11461e-03  -2.11681e+00
   5  p4          -8.98427e+01   5.50154e-02   5.50154e-04  -6.26298e+05
   6  p5           7.24915e+00   9.67498e-03   9.67498e-05   1.99801e+01
   7  p6           0.00000e+00   5.65685e+00   5.65685e-02  -4.82050e-03
   8  p7           7.40832e-01     fixed    
   9  p8           2.93696e-02     fixed    
  10  p9           0.00000e+00   1.00000e+00   1.00000e-02  -1.37997e-01
  11  p10          0.00000e+00   1.00000e+00   1.00000e-02  -8.17572e-01
  12  p11          0.00000e+00     fixed    
                               ERR DEF= 0.5
358
fit result:55.7463 55.7464
The local date and time is: Mon Apr 28 02:10:47 2014

Pseudo exp:17
The local date and time is: Mon Apr 28 02:10:47 2014

cout:510
_cout:2690
true_yield:49
Start pseudo exp fit:17
The local date and time is: Mon Apr 28 02:10:51 2014

 FCN=21.4508 FROM HESSE     STATUS=RESET          30 CALLS         531 TOTAL
                     EDM=4.73747e-07    STRATEGY= 1  ERROR MATRIX UNCERTAINTY 100.0 per cent
  EXT PARAMETER                APPROXIMATE        STEP         FIRST   
  NO.   NAME      VALUE            ERROR          SIZE      DERIVATIVE 
   1  p0           9.33253e-01   1.69348e-01   1.69348e-03   3.18842e+00
   2  p1           5.36837e+00   3.30961e-03   3.30961e-05   1.92375e+02
   3  p2           1.17656e-02     fixed    
   4  p3           7.40015e+01   3.41131e-01   3.41131e-03  -1.93271e+00
   5  p4          -1.83762e+01   6.08403e-02   6.08403e-04  -1.24933e+05
   6  p5           1.09553e+00   1.07955e-02   1.07955e-04   1.79062e+01
   7  p6           0.00000e+00   1.41421e+00   1.41421e-02  -1.92820e-02
   8  p7           7.40832e-01     fixed    
   9  p8           2.93696e-02     fixed    
  10  p9           0.00000e+00   1.00000e+00   1.00000e-02  -1.37997e-01
  11  p10          0.00000e+00   1.00000e+00   1.00000e-02  -8.17572e-01
  12  p11          0.00000e+00     fixed    
                               ERR DEF= 0.5
355
fit result:46.6626 46.6627
The local date and time is: Mon Apr 28 02:10:51 2014

Pseudo exp:18
The local date and time is: Mon Apr 28 02:10:51 2014

cout:510
_cout:2993
true_yield:50
Start pseudo exp fit:18
The local date and time is: Mon Apr 28 02:10:55 2014

 FCN=12.1367 FROM HESSE     STATUS=RESET          30 CALLS         507 TOTAL
                     EDM=1.35256e-07    STRATEGY= 1  ERROR MATRIX UNCERTAINTY 100.0 per cent
  EXT PARAMETER                APPROXIMATE        STEP         FIRST   
  NO.   NAME      VALUE            ERROR          SIZE      DERIVATIVE 
   1  p0           7.45927e-01   1.62642e-01   1.62642e-03   3.31989e+00
   2  p1           5.36731e+00   4.79250e-03   4.79250e-05   1.32850e+02
   3  p2           1.17656e-02     fixed    
   4  p3           4.15787e+01   3.15553e-01   3.15553e-03  -2.08936e+00
   5  p4          -3.21017e+00   5.56199e-02   5.56199e-04  -2.42420e+04
   6  p5          -5.78540e-01   9.75747e-03   9.75747e-05   1.98111e+01
   7  p6           0.00000e+00   2.40000e+00   2.40000e-02  -1.13620e-02
   8  p7           7.40832e-01     fixed    
   9  p8           2.93696e-02     fixed    
  10  p9           0.00000e+00   1.00000e+00   1.00000e-02  -1.37997e-01
  11  p10          0.00000e+00   1.00000e+00   1.00000e-02  -8.17572e-01
  12  p11          0.00000e+00     fixed    
                               ERR DEF= 0.5
356
fit result:37.2964 37.2964
The local date and time is: Mon Apr 28 02:10:56 2014

Pseudo exp:19
The local date and time is: Mon Apr 28 02:10:56 2014

cout:510
_cout:2917
true_yield:36
Start pseudo exp fit:19
The local date and time is: Mon Apr 28 02:10:59 2014

 FCN=19.3239 FROM HESSE     STATUS=RESET          30 CALLS        2645 TOTAL
                     EDM=9.50501e-07    STRATEGY= 1  ERROR MATRIX UNCERTAINTY 100.0 per cent
  EXT PARAMETER                APPROXIMATE        STEP         FIRST   
  NO.   NAME      VALUE            ERROR          SIZE      DERIVATIVE 
   1  p0           6.02376e-01   1.50007e-01   1.50007e-03   3.59951e+00
   2  p1           5.37226e+00   5.32586e-03   5.32586e-05   1.19546e+02
   3  p2           1.17656e-02     fixed    
   4  p3           2.79711e+01   3.29890e-01   3.29890e-03  -1.99856e+00
   5  p4          -1.28747e-04   4.51163e+00   4.51163e-02** at limit **
   6  p5          -7.16499e-01   1.03451e-02   1.03451e-04   1.86859e+01
   7  p6           0.00000e+00   2.00000e+00   2.00000e-02  -1.36344e-02
   8  p7           7.40832e-01     fixed    
   9  p8           2.93696e-02     fixed    
  10  p9           0.00000e+00   1.00000e+00   1.00000e-02  -1.37997e-01
  11  p10          0.00000e+00   1.00000e+00   1.00000e-02  -8.17572e-01
  12  p11          0.00000e+00     fixed    
                               ERR DEF= 0.5
342
fit result:30.1188 30.1188
The local date and time is: Mon Apr 28 02:11:00 2014

