000 (263713.000.000) 04/26 03:09:35 Job submitted from host: <18.12.1.74:45694>
...
001 (263713.000.000) 04/26 03:10:08 Job executing on host: <18.12.9.16:48395>
...
006 (263713.000.000) 04/26 03:10:17 Image size of job updated: 69568
	14  -  MemoryUsage of job (MB)
	13716  -  ResidentSetSize of job (KB)
...
006 (263713.000.000) 04/26 03:13:42 Image size of job updated: 316140
	14  -  MemoryUsage of job (MB)
	13716  -  ResidentSetSize of job (KB)
...
005 (263713.000.000) 04/26 03:13:42 Job terminated.
	(1) Normal termination (return value 0)
		Usr 0 00:03:03, Sys 0 00:00:04  -  Run Remote Usage
		Usr 0 00:00:00, Sys 0 00:00:00  -  Run Local Usage
		Usr 0 00:03:03, Sys 0 00:00:04  -  Total Remote Usage
		Usr 0 00:00:00, Sys 0 00:00:00  -  Total Local Usage
	33464  -  Run Bytes Sent By Job
	32579  -  Run Bytes Received By Job
	33464  -  Total Bytes Sent By Job
	32579  -  Total Bytes Received By Job
	Partitionable Resources :    Usage  Request          
	   Cpus                 :                 1          
	   Disk (KB)            :       87       87          
	   Memory (MB)          :       14       14          
...
000 (263763.000.000) 04/26 03:19:11 Job submitted from host: <18.12.1.74:45694>
...
001 (263763.000.000) 04/26 03:20:34 Job executing on host: <18.12.9.13:42190>
...
006 (263763.000.000) 04/26 03:20:43 Image size of job updated: 211048
	104  -  MemoryUsage of job (MB)
	106272  -  ResidentSetSize of job (KB)
...
006 (263763.000.000) 04/26 03:25:01 Image size of job updated: 316132
	104  -  MemoryUsage of job (MB)
	106272  -  ResidentSetSize of job (KB)
...
005 (263763.000.000) 04/26 03:25:01 Job terminated.
	(1) Normal termination (return value 0)
		Usr 0 00:03:23, Sys 0 00:00:04  -  Run Remote Usage
		Usr 0 00:00:00, Sys 0 00:00:00  -  Run Local Usage
		Usr 0 00:03:23, Sys 0 00:00:04  -  Total Remote Usage
		Usr 0 00:00:00, Sys 0 00:00:00  -  Total Local Usage
	33465  -  Run Bytes Sent By Job
	32579  -  Run Bytes Received By Job
	33465  -  Total Bytes Sent By Job
	32579  -  Total Bytes Received By Job
	Partitionable Resources :    Usage  Request          
	   Cpus                 :                 1          
	   Disk (KB)            :       87       87          
	   Memory (MB)          :      104      104          
...
000 (263865.000.000) 04/26 04:01:33 Job submitted from host: <18.12.1.74:45694>
...
001 (263865.000.000) 04/26 04:02:36 Job executing on host: <18.12.8.196:48468>
...
006 (263865.000.000) 04/26 04:02:45 Image size of job updated: 210920
	104  -  MemoryUsage of job (MB)
	106132  -  ResidentSetSize of job (KB)
...
006 (263865.000.000) 04/26 04:07:17 Image size of job updated: 315768
	104  -  MemoryUsage of job (MB)
	106132  -  ResidentSetSize of job (KB)
...
005 (263865.000.000) 04/26 04:07:17 Job terminated.
	(1) Normal termination (return value 0)
		Usr 0 00:03:46, Sys 0 00:00:05  -  Run Remote Usage
		Usr 0 00:00:00, Sys 0 00:00:00  -  Run Local Usage
		Usr 0 00:03:46, Sys 0 00:00:05  -  Total Remote Usage
		Usr 0 00:00:00, Sys 0 00:00:00  -  Total Local Usage
	32782  -  Run Bytes Sent By Job
	32607  -  Run Bytes Received By Job
	32782  -  Total Bytes Sent By Job
	32607  -  Total Bytes Received By Job
	Partitionable Resources :    Usage  Request          
	   Cpus                 :                 1          
	   Disk (KB)            :       86       86          
	   Memory (MB)          :      104      104          
...
000 (265222.000.000) 04/27 23:58:31 Job submitted from host: <18.12.1.74:45694>
...
009 (265222.000.000) 04/27 23:59:18 Job was aborted by the user.
	via condor_rm (by user tawei)
...
000 (265272.000.000) 04/27 23:59:27 Job submitted from host: <18.12.1.74:45694>
...
001 (265272.000.000) 04/27 23:59:35 Job executing on host: <18.12.9.34:40657>
...
006 (265272.000.000) 04/27 23:59:44 Image size of job updated: 9240
	2  -  MemoryUsage of job (MB)
	1268  -  ResidentSetSize of job (KB)
...
005 (265272.000.000) 04/27 23:59:46 Job terminated.
	(1) Normal termination (return value 1)
		Usr 0 00:00:00, Sys 0 00:00:00  -  Run Remote Usage
		Usr 0 00:00:00, Sys 0 00:00:00  -  Run Local Usage
		Usr 0 00:00:00, Sys 0 00:00:00  -  Total Remote Usage
		Usr 0 00:00:00, Sys 0 00:00:00  -  Total Local Usage
	1143  -  Run Bytes Sent By Job
	32875  -  Run Bytes Received By Job
	1143  -  Total Bytes Sent By Job
	32875  -  Total Bytes Received By Job
	Partitionable Resources :    Usage  Request          
	   Cpus                 :                 1          
	   Disk (KB)            :       56       56          
	   Memory (MB)          :        2        2          
...
000 (265530.000.000) 04/28 02:01:10 Job submitted from host: <18.12.1.74:45694>
...
001 (265530.000.000) 04/28 02:02:06 Job executing on host: <18.12.8.226:42044>
...
006 (265530.000.000) 04/28 02:02:14 Image size of job updated: 210892
	104  -  MemoryUsage of job (MB)
	106064  -  ResidentSetSize of job (KB)
...
006 (265530.000.000) 04/28 02:05:42 Image size of job updated: 316168
	104  -  MemoryUsage of job (MB)
	106064  -  ResidentSetSize of job (KB)
...
005 (265530.000.000) 04/28 02:05:42 Job terminated.
	(1) Normal termination (return value 0)
		Usr 0 00:02:36, Sys 0 00:00:04  -  Run Remote Usage
		Usr 0 00:00:00, Sys 0 00:00:00  -  Run Local Usage
		Usr 0 00:02:36, Sys 0 00:00:04  -  Total Remote Usage
		Usr 0 00:00:00, Sys 0 00:00:00  -  Total Local Usage
	32784  -  Run Bytes Sent By Job
	32889  -  Run Bytes Received By Job
	32784  -  Total Bytes Sent By Job
	32889  -  Total Bytes Received By Job
	Partitionable Resources :    Usage  Request          
	   Cpus                 :                 1          
	   Disk (KB)            :       87       87          
	   Memory (MB)          :      104      104          
...
