000 (263718.000.000) 04/26 03:18:06 Job submitted from host: <18.12.1.74:45694>
...
009 (263718.000.000) 04/26 03:18:32 Job was aborted by the user.
	via condor_rm (by user tawei)
...
000 (263768.000.000) 04/26 03:19:11 Job submitted from host: <18.12.1.74:45694>
...
001 (263768.000.000) 04/26 03:20:35 Job executing on host: <18.12.8.238:45475>
...
006 (263768.000.000) 04/26 03:20:43 Image size of job updated: 9684
	2  -  MemoryUsage of job (MB)
	1296  -  ResidentSetSize of job (KB)
...
006 (263768.000.000) 04/26 03:24:23 Image size of job updated: 315820
	2  -  MemoryUsage of job (MB)
	1296  -  ResidentSetSize of job (KB)
...
005 (263768.000.000) 04/26 03:24:24 Job terminated.
	(1) Normal termination (return value 0)
		Usr 0 00:02:58, Sys 0 00:00:04  -  Run Remote Usage
		Usr 0 00:00:00, Sys 0 00:00:00  -  Run Local Usage
		Usr 0 00:02:58, Sys 0 00:00:04  -  Total Remote Usage
		Usr 0 00:00:00, Sys 0 00:00:00  -  Total Local Usage
	33454  -  Run Bytes Sent By Job
	32579  -  Run Bytes Received By Job
	33454  -  Total Bytes Sent By Job
	32579  -  Total Bytes Received By Job
	Partitionable Resources :    Usage  Request          
	   Cpus                 :                 1          
	   Disk (KB)            :       87       87          
	   Memory (MB)          :        2        2          
...
000 (263870.000.000) 04/26 04:01:34 Job submitted from host: <18.12.1.74:45694>
...
001 (263870.000.000) 04/26 04:02:37 Job executing on host: <18.12.8.185:48468>
...
006 (263870.000.000) 04/26 04:02:45 Image size of job updated: 210916
	104  -  MemoryUsage of job (MB)
	106120  -  ResidentSetSize of job (KB)
...
006 (263870.000.000) 04/26 04:06:31 Image size of job updated: 315388
	104  -  MemoryUsage of job (MB)
	106120  -  ResidentSetSize of job (KB)
...
005 (263870.000.000) 04/26 04:06:31 Job terminated.
	(1) Normal termination (return value 0)
		Usr 0 00:03:03, Sys 0 00:00:05  -  Run Remote Usage
		Usr 0 00:00:00, Sys 0 00:00:00  -  Run Local Usage
		Usr 0 00:03:03, Sys 0 00:00:05  -  Total Remote Usage
		Usr 0 00:00:00, Sys 0 00:00:00  -  Total Local Usage
	32844  -  Run Bytes Sent By Job
	32607  -  Run Bytes Received By Job
	32844  -  Total Bytes Sent By Job
	32607  -  Total Bytes Received By Job
	Partitionable Resources :    Usage  Request          
	   Cpus                 :                 1          
	   Disk (KB)            :       86       86          
	   Memory (MB)          :      104      104          
...
000 (265227.000.000) 04/27 23:58:33 Job submitted from host: <18.12.1.74:45694>
...
009 (265227.000.000) 04/27 23:59:18 Job was aborted by the user.
	via condor_rm (by user tawei)
...
000 (265277.000.000) 04/27 23:59:28 Job submitted from host: <18.12.1.74:45694>
...
001 (265277.000.000) 04/27 23:59:35 Job executing on host: <18.12.8.240:48249>
...
006 (265277.000.000) 04/27 23:59:39 Image size of job updated: 1
	0  -  MemoryUsage of job (MB)
	0  -  ResidentSetSize of job (KB)
...
005 (265277.000.000) 04/27 23:59:39 Job terminated.
	(1) Normal termination (return value 1)
		Usr 0 00:00:00, Sys 0 00:00:00  -  Run Remote Usage
		Usr 0 00:00:00, Sys 0 00:00:00  -  Run Local Usage
		Usr 0 00:00:00, Sys 0 00:00:00  -  Total Remote Usage
		Usr 0 00:00:00, Sys 0 00:00:00  -  Total Local Usage
	1143  -  Run Bytes Sent By Job
	32875  -  Run Bytes Received By Job
	1143  -  Total Bytes Sent By Job
	32875  -  Total Bytes Received By Job
	Partitionable Resources :    Usage  Request          
	   Cpus                 :                 1          
	   Disk (KB)            :       56       56          
	   Memory (MB)          :        0        0          
...
000 (265535.000.000) 04/28 02:01:11 Job submitted from host: <18.12.1.74:45694>
...
001 (265535.000.000) 04/28 02:02:06 Job executing on host: <18.12.8.174:47519>
...
006 (265535.000.000) 04/28 02:02:14 Image size of job updated: 1
	2  -  MemoryUsage of job (MB)
	1700  -  ResidentSetSize of job (KB)
...
006 (265535.000.000) 04/28 02:05:23 Image size of job updated: 315412
	2  -  MemoryUsage of job (MB)
	1700  -  ResidentSetSize of job (KB)
...
005 (265535.000.000) 04/28 02:05:23 Job terminated.
	(1) Normal termination (return value 0)
		Usr 0 00:02:34, Sys 0 00:00:03  -  Run Remote Usage
		Usr 0 00:00:00, Sys 0 00:00:00  -  Run Local Usage
		Usr 0 00:02:34, Sys 0 00:00:03  -  Total Remote Usage
		Usr 0 00:00:00, Sys 0 00:00:00  -  Total Local Usage
	32844  -  Run Bytes Sent By Job
	32889  -  Run Bytes Received By Job
	32844  -  Total Bytes Sent By Job
	32889  -  Total Bytes Received By Job
	Partitionable Resources :    Usage  Request          
	   Cpus                 :                 1          
	   Disk (KB)            :       87       87          
	   Memory (MB)          :        2        2          
...
