000 (263762.000.000) 04/26 03:18:11 Job submitted from host: <18.12.1.74:45694>
...
009 (263762.000.000) 04/26 03:18:32 Job was aborted by the user.
	via condor_rm (by user tawei)
...
000 (263812.000.000) 04/26 03:19:16 Job submitted from host: <18.12.1.74:45694>
...
001 (263812.000.000) 04/26 03:20:37 Job executing on host: <18.12.8.250:42847>
...
006 (263812.000.000) 04/26 03:20:45 Image size of job updated: 1
	2  -  MemoryUsage of job (MB)
	1704  -  ResidentSetSize of job (KB)
...
006 (263812.000.000) 04/26 03:25:22 Image size of job updated: 316188
	2  -  MemoryUsage of job (MB)
	1704  -  ResidentSetSize of job (KB)
...
005 (263812.000.000) 04/26 03:25:23 Job terminated.
	(1) Normal termination (return value 0)
		Usr 0 00:03:48, Sys 0 00:00:05  -  Run Remote Usage
		Usr 0 00:00:00, Sys 0 00:00:00  -  Run Local Usage
		Usr 0 00:03:48, Sys 0 00:00:05  -  Total Remote Usage
		Usr 0 00:00:00, Sys 0 00:00:00  -  Total Local Usage
	33460  -  Run Bytes Sent By Job
	32579  -  Run Bytes Received By Job
	33460  -  Total Bytes Sent By Job
	32579  -  Total Bytes Received By Job
	Partitionable Resources :    Usage  Request          
	   Cpus                 :                 1          
	   Disk (KB)            :       87       87          
	   Memory (MB)          :        2        2          
...
000 (263914.000.000) 04/26 04:01:39 Job submitted from host: <18.12.1.74:45694>
...
001 (263914.000.000) 04/26 04:02:42 Job executing on host: <18.12.8.214:41533>
...
006 (263914.000.000) 04/26 04:02:50 Image size of job updated: 69568
	14  -  MemoryUsage of job (MB)
	13708  -  ResidentSetSize of job (KB)
...
006 (263914.000.000) 04/26 04:07:50 Image size of job updated: 315456
	167  -  MemoryUsage of job (MB)
	170460  -  ResidentSetSize of job (KB)
...
005 (263914.000.000) 04/26 04:08:02 Job terminated.
	(1) Normal termination (return value 0)
		Usr 0 00:03:57, Sys 0 00:00:09  -  Run Remote Usage
		Usr 0 00:00:00, Sys 0 00:00:00  -  Run Local Usage
		Usr 0 00:03:57, Sys 0 00:00:09  -  Total Remote Usage
		Usr 0 00:00:00, Sys 0 00:00:00  -  Total Local Usage
	32789  -  Run Bytes Sent By Job
	32607  -  Run Bytes Received By Job
	32789  -  Total Bytes Sent By Job
	32607  -  Total Bytes Received By Job
	Partitionable Resources :    Usage  Request          
	   Cpus                 :                 1          
	   Disk (KB)            :      618      618          
	   Memory (MB)          :      167      167          
...
000 (265271.000.000) 04/27 23:58:50 Job submitted from host: <18.12.1.74:45694>
...
009 (265271.000.000) 04/27 23:59:18 Job was aborted by the user.
	via condor_rm (by user tawei)
...
000 (265321.000.000) 04/27 23:59:33 Job submitted from host: <18.12.1.74:45694>
...
001 (265321.000.000) 04/27 23:59:39 Job executing on host: <18.12.8.223:41387>
...
006 (265321.000.000) 04/27 23:59:40 Image size of job updated: 1
	0  -  MemoryUsage of job (MB)
	0  -  ResidentSetSize of job (KB)
...
005 (265321.000.000) 04/27 23:59:40 Job terminated.
	(1) Normal termination (return value 1)
		Usr 0 00:00:00, Sys 0 00:00:00  -  Run Remote Usage
		Usr 0 00:00:00, Sys 0 00:00:00  -  Run Local Usage
		Usr 0 00:00:00, Sys 0 00:00:00  -  Total Remote Usage
		Usr 0 00:00:00, Sys 0 00:00:00  -  Total Local Usage
	1145  -  Run Bytes Sent By Job
	32875  -  Run Bytes Received By Job
	1145  -  Total Bytes Sent By Job
	32875  -  Total Bytes Received By Job
	Partitionable Resources :    Usage  Request          
	   Cpus                 :                 1          
	   Disk (KB)            :       56       56          
	   Memory (MB)          :        0        0          
...
000 (265579.000.000) 04/28 02:01:17 Job submitted from host: <18.12.1.74:45694>
...
001 (265579.000.000) 04/28 02:02:09 Job executing on host: <18.12.8.11:46570>
...
006 (265579.000.000) 04/28 02:02:18 Image size of job updated: 69572
	14  -  MemoryUsage of job (MB)
	14304  -  ResidentSetSize of job (KB)
...
006 (265579.000.000) 04/28 02:07:19 Image size of job updated: 288576
	151  -  MemoryUsage of job (MB)
	154240  -  ResidentSetSize of job (KB)
...
006 (265579.000.000) 04/28 02:10:46 Image size of job updated: 316232
	151  -  MemoryUsage of job (MB)
	154240  -  ResidentSetSize of job (KB)
...
005 (265579.000.000) 04/28 02:10:46 Job terminated.
	(1) Normal termination (return value 0)
		Usr 0 00:02:47, Sys 0 00:00:03  -  Run Remote Usage
		Usr 0 00:00:00, Sys 0 00:00:00  -  Run Local Usage
		Usr 0 00:02:47, Sys 0 00:00:03  -  Total Remote Usage
		Usr 0 00:00:00, Sys 0 00:00:00  -  Total Local Usage
	32894  -  Run Bytes Sent By Job
	32889  -  Run Bytes Received By Job
	32894  -  Total Bytes Sent By Job
	32889  -  Total Bytes Received By Job
	Partitionable Resources :    Usage  Request          
	   Cpus                 :                 1          
	   Disk (KB)            :       87       87          
	   Memory (MB)          :      151      151          
...
