000 (263755.000.000) 04/26 03:18:10 Job submitted from host: <18.12.1.74:45694>
...
009 (263755.000.000) 04/26 03:18:32 Job was aborted by the user.
	via condor_rm (by user tawei)
...
000 (263805.000.000) 04/26 03:19:15 Job submitted from host: <18.12.1.74:45694>
...
001 (263805.000.000) 04/26 03:20:37 Job executing on host: <18.12.12.66:46935>
...
006 (263805.000.000) 04/26 03:20:45 Image size of job updated: 1
	2  -  MemoryUsage of job (MB)
	1712  -  ResidentSetSize of job (KB)
...
006 (263805.000.000) 04/26 03:25:46 Image size of job updated: 314184
	166  -  MemoryUsage of job (MB)
	168976  -  ResidentSetSize of job (KB)
...
006 (263805.000.000) 04/26 03:26:13 Image size of job updated: 316056
	166  -  MemoryUsage of job (MB)
	168976  -  ResidentSetSize of job (KB)
...
005 (263805.000.000) 04/26 03:26:14 Job terminated.
	(1) Normal termination (return value 0)
		Usr 0 00:04:40, Sys 0 00:00:06  -  Run Remote Usage
		Usr 0 00:00:00, Sys 0 00:00:00  -  Run Local Usage
		Usr 0 00:04:40, Sys 0 00:00:06  -  Total Remote Usage
		Usr 0 00:00:00, Sys 0 00:00:00  -  Total Local Usage
	33457  -  Run Bytes Sent By Job
	32579  -  Run Bytes Received By Job
	33457  -  Total Bytes Sent By Job
	32579  -  Total Bytes Received By Job
	Partitionable Resources :    Usage  Request          
	   Cpus                 :                 1          
	   Disk (KB)            :      552      552          
	   Memory (MB)          :      166      166          
...
000 (263907.000.000) 04/26 04:01:38 Job submitted from host: <18.12.1.74:45694>
...
001 (263907.000.000) 04/26 04:02:41 Job executing on host: <18.12.8.230:48687>
...
006 (263907.000.000) 04/26 04:02:50 Image size of job updated: 1
	2  -  MemoryUsage of job (MB)
	1720  -  ResidentSetSize of job (KB)
...
006 (263907.000.000) 04/26 04:07:52 Image size of job updated: 314568
	166  -  MemoryUsage of job (MB)
	169272  -  ResidentSetSize of job (KB)
...
006 (263907.000.000) 04/26 04:08:04 Image size of job updated: 316072
	166  -  MemoryUsage of job (MB)
	169272  -  ResidentSetSize of job (KB)
...
005 (263907.000.000) 04/26 04:08:04 Job terminated.
	(1) Normal termination (return value 0)
		Usr 0 00:03:31, Sys 0 00:00:07  -  Run Remote Usage
		Usr 0 00:00:00, Sys 0 00:00:00  -  Run Local Usage
		Usr 0 00:03:31, Sys 0 00:00:07  -  Total Remote Usage
		Usr 0 00:00:00, Sys 0 00:00:00  -  Total Local Usage
	32837  -  Run Bytes Sent By Job
	32607  -  Run Bytes Received By Job
	32837  -  Total Bytes Sent By Job
	32607  -  Total Bytes Received By Job
	Partitionable Resources :    Usage  Request          
	   Cpus                 :                 1          
	   Disk (KB)            :      613      613          
	   Memory (MB)          :      166      166          
...
000 (265264.000.000) 04/27 23:58:47 Job submitted from host: <18.12.1.74:45694>
...
009 (265264.000.000) 04/27 23:59:18 Job was aborted by the user.
	via condor_rm (by user tawei)
...
000 (265314.000.000) 04/27 23:59:32 Job submitted from host: <18.12.1.74:45694>
...
001 (265314.000.000) 04/27 23:59:38 Job executing on host: <18.12.9.20:43650>
...
006 (265314.000.000) 04/27 23:59:41 Image size of job updated: 1
	0  -  MemoryUsage of job (MB)
	0  -  ResidentSetSize of job (KB)
...
005 (265314.000.000) 04/27 23:59:41 Job terminated.
	(1) Normal termination (return value 1)
		Usr 0 00:00:00, Sys 0 00:00:00  -  Run Remote Usage
		Usr 0 00:00:00, Sys 0 00:00:00  -  Run Local Usage
		Usr 0 00:00:00, Sys 0 00:00:00  -  Total Remote Usage
		Usr 0 00:00:00, Sys 0 00:00:00  -  Total Local Usage
	1145  -  Run Bytes Sent By Job
	32875  -  Run Bytes Received By Job
	1145  -  Total Bytes Sent By Job
	32875  -  Total Bytes Received By Job
	Partitionable Resources :    Usage  Request          
	   Cpus                 :                 1          
	   Disk (KB)            :       56       56          
	   Memory (MB)          :        0        0          
...
000 (265572.000.000) 04/28 02:01:16 Job submitted from host: <18.12.1.74:45694>
...
001 (265572.000.000) 04/28 02:02:09 Job executing on host: <18.12.9.6:49782>
...
006 (265572.000.000) 04/28 02:02:17 Image size of job updated: 1
	2  -  MemoryUsage of job (MB)
	1708  -  ResidentSetSize of job (KB)
...
006 (265572.000.000) 04/28 02:07:18 Image size of job updated: 288572
	152  -  MemoryUsage of job (MB)
	154652  -  ResidentSetSize of job (KB)
...
006 (265572.000.000) 04/28 02:12:18 Image size of job updated: 288572
	152  -  MemoryUsage of job (MB)
	154656  -  ResidentSetSize of job (KB)
...
006 (265572.000.000) 04/28 02:16:57 Image size of job updated: 316100
	152  -  MemoryUsage of job (MB)
	154656  -  ResidentSetSize of job (KB)
...
005 (265572.000.000) 04/28 02:16:57 Job terminated.
	(1) Normal termination (return value 0)
		Usr 0 00:02:34, Sys 0 00:00:03  -  Run Remote Usage
		Usr 0 00:00:00, Sys 0 00:00:00  -  Run Local Usage
		Usr 0 00:02:34, Sys 0 00:00:03  -  Total Remote Usage
		Usr 0 00:00:00, Sys 0 00:00:00  -  Total Local Usage
	32899  -  Run Bytes Sent By Job
	32889  -  Run Bytes Received By Job
	32899  -  Total Bytes Sent By Job
	32889  -  Total Bytes Received By Job
	Partitionable Resources :    Usage  Request          
	   Cpus                 :                 1          
	   Disk (KB)            :       87       87          
	   Memory (MB)          :      152      152          
...
