000 (263729.000.000) 04/26 03:18:07 Job submitted from host: <18.12.1.74:45694>
...
009 (263729.000.000) 04/26 03:18:32 Job was aborted by the user.
	via condor_rm (by user tawei)
...
000 (263779.000.000) 04/26 03:19:13 Job submitted from host: <18.12.1.74:45694>
...
001 (263779.000.000) 04/26 03:20:38 Job executing on host: <18.12.8.185:48468>
...
006 (263779.000.000) 04/26 03:20:47 Image size of job updated: 193956
	102  -  MemoryUsage of job (MB)
	103956  -  ResidentSetSize of job (KB)
...
006 (263779.000.000) 04/26 03:24:29 Image size of job updated: 316260
	102  -  MemoryUsage of job (MB)
	103956  -  ResidentSetSize of job (KB)
...
005 (263779.000.000) 04/26 03:24:29 Job terminated.
	(1) Normal termination (return value 0)
		Usr 0 00:03:05, Sys 0 00:00:05  -  Run Remote Usage
		Usr 0 00:00:00, Sys 0 00:00:00  -  Run Local Usage
		Usr 0 00:03:05, Sys 0 00:00:05  -  Total Remote Usage
		Usr 0 00:00:00, Sys 0 00:00:00  -  Total Local Usage
	33453  -  Run Bytes Sent By Job
	32579  -  Run Bytes Received By Job
	33453  -  Total Bytes Sent By Job
	32579  -  Total Bytes Received By Job
	Partitionable Resources :    Usage  Request          
	   Cpus                 :                 1          
	   Disk (KB)            :       87       87          
	   Memory (MB)          :      102      102          
...
000 (263881.000.000) 04/26 04:01:35 Job submitted from host: <18.12.1.74:45694>
...
001 (263881.000.000) 04/26 04:02:39 Job executing on host: <18.12.8.175:42628>
...
006 (263881.000.000) 04/26 04:02:48 Image size of job updated: 211060
	104  -  MemoryUsage of job (MB)
	106288  -  ResidentSetSize of job (KB)
...
006 (263881.000.000) 04/26 04:07:45 Image size of job updated: 316268
	104  -  MemoryUsage of job (MB)
	106288  -  ResidentSetSize of job (KB)
...
005 (263881.000.000) 04/26 04:07:45 Job terminated.
	(1) Normal termination (return value 0)
		Usr 0 00:03:07, Sys 0 00:00:06  -  Run Remote Usage
		Usr 0 00:00:00, Sys 0 00:00:00  -  Run Local Usage
		Usr 0 00:03:07, Sys 0 00:00:06  -  Total Remote Usage
		Usr 0 00:00:00, Sys 0 00:00:00  -  Total Local Usage
	32783  -  Run Bytes Sent By Job
	32607  -  Run Bytes Received By Job
	32783  -  Total Bytes Sent By Job
	32607  -  Total Bytes Received By Job
	Partitionable Resources :    Usage  Request          
	   Cpus                 :                 1          
	   Disk (KB)            :       86       86          
	   Memory (MB)          :      104      104          
...
000 (265238.000.000) 04/27 23:58:37 Job submitted from host: <18.12.1.74:45694>
...
009 (265238.000.000) 04/27 23:59:18 Job was aborted by the user.
	via condor_rm (by user tawei)
...
000 (265288.000.000) 04/27 23:59:29 Job submitted from host: <18.12.1.74:45694>
...
001 (265288.000.000) 04/27 23:59:36 Job executing on host: <18.12.8.218:42263>
...
006 (265288.000.000) 04/27 23:59:41 Image size of job updated: 69572
	0  -  MemoryUsage of job (MB)
	0  -  ResidentSetSize of job (KB)
...
005 (265288.000.000) 04/27 23:59:41 Job terminated.
	(1) Normal termination (return value 1)
		Usr 0 00:00:00, Sys 0 00:00:00  -  Run Remote Usage
		Usr 0 00:00:00, Sys 0 00:00:00  -  Run Local Usage
		Usr 0 00:00:00, Sys 0 00:00:00  -  Total Remote Usage
		Usr 0 00:00:00, Sys 0 00:00:00  -  Total Local Usage
	1146  -  Run Bytes Sent By Job
	32875  -  Run Bytes Received By Job
	1146  -  Total Bytes Sent By Job
	32875  -  Total Bytes Received By Job
	Partitionable Resources :    Usage  Request          
	   Cpus                 :                 1          
	   Disk (KB)            :       56       56          
	   Memory (MB)          :        0        0          
...
000 (265546.000.000) 04/28 02:01:13 Job submitted from host: <18.12.1.74:45694>
...
001 (265546.000.000) 04/28 02:02:07 Job executing on host: <18.12.8.187:44161>
...
006 (265546.000.000) 04/28 02:02:15 Image size of job updated: 28780
	2  -  MemoryUsage of job (MB)
	1640  -  ResidentSetSize of job (KB)
...
006 (265546.000.000) 04/28 02:07:16 Image size of job updated: 288572
	151  -  MemoryUsage of job (MB)
	153692  -  ResidentSetSize of job (KB)
...
006 (265546.000.000) 04/28 02:17:10 Image size of job updated: 315164
	151  -  MemoryUsage of job (MB)
	153692  -  ResidentSetSize of job (KB)
...
005 (265546.000.000) 04/28 02:17:10 Job terminated.
	(1) Normal termination (return value 0)
		Usr 0 00:02:42, Sys 0 00:00:03  -  Run Remote Usage
		Usr 0 00:00:00, Sys 0 00:00:00  -  Run Local Usage
		Usr 0 00:02:42, Sys 0 00:00:03  -  Total Remote Usage
		Usr 0 00:00:00, Sys 0 00:00:00  -  Total Local Usage
	32898  -  Run Bytes Sent By Job
	32889  -  Run Bytes Received By Job
	32898  -  Total Bytes Sent By Job
	32889  -  Total Bytes Received By Job
	Partitionable Resources :    Usage  Request          
	   Cpus                 :                 1          
	   Disk (KB)            :       87       87          
	   Memory (MB)          :      151      151          
...
