000 (263748.000.000) 04/26 03:18:09 Job submitted from host: <18.12.1.74:45694>
...
009 (263748.000.000) 04/26 03:18:32 Job was aborted by the user.
	via condor_rm (by user tawei)
...
000 (263798.000.000) 04/26 03:19:15 Job submitted from host: <18.12.1.74:45694>
...
001 (263798.000.000) 04/26 03:20:36 Job executing on host: <18.12.8.248:45183>
...
006 (263798.000.000) 04/26 03:20:44 Image size of job updated: 68516
	13  -  MemoryUsage of job (MB)
	12652  -  ResidentSetSize of job (KB)
...
006 (263798.000.000) 04/26 03:25:13 Image size of job updated: 316252
	13  -  MemoryUsage of job (MB)
	12652  -  ResidentSetSize of job (KB)
...
005 (263798.000.000) 04/26 03:25:13 Job terminated.
	(1) Normal termination (return value 0)
		Usr 0 00:03:40, Sys 0 00:00:06  -  Run Remote Usage
		Usr 0 00:00:00, Sys 0 00:00:00  -  Run Local Usage
		Usr 0 00:03:40, Sys 0 00:00:06  -  Total Remote Usage
		Usr 0 00:00:00, Sys 0 00:00:00  -  Total Local Usage
	33463  -  Run Bytes Sent By Job
	32579  -  Run Bytes Received By Job
	33463  -  Total Bytes Sent By Job
	32579  -  Total Bytes Received By Job
	Partitionable Resources :    Usage  Request          
	   Cpus                 :                 1          
	   Disk (KB)            :       87       87          
	   Memory (MB)          :       13       13          
...
000 (263900.000.000) 04/26 04:01:37 Job submitted from host: <18.12.1.74:45694>
...
001 (263900.000.000) 04/26 04:02:40 Job executing on host: <18.12.8.179:48614>
...
006 (263900.000.000) 04/26 04:02:49 Image size of job updated: 1
	2  -  MemoryUsage of job (MB)
	1704  -  ResidentSetSize of job (KB)
...
006 (263900.000.000) 04/26 04:06:26 Image size of job updated: 316272
	2  -  MemoryUsage of job (MB)
	1704  -  ResidentSetSize of job (KB)
...
005 (263900.000.000) 04/26 04:06:26 Job terminated.
	(1) Normal termination (return value 0)
		Usr 0 00:02:48, Sys 0 00:00:04  -  Run Remote Usage
		Usr 0 00:00:00, Sys 0 00:00:00  -  Run Local Usage
		Usr 0 00:02:48, Sys 0 00:00:04  -  Total Remote Usage
		Usr 0 00:00:00, Sys 0 00:00:00  -  Total Local Usage
	32784  -  Run Bytes Sent By Job
	32607  -  Run Bytes Received By Job
	32784  -  Total Bytes Sent By Job
	32607  -  Total Bytes Received By Job
	Partitionable Resources :    Usage  Request          
	   Cpus                 :                 1          
	   Disk (KB)            :       86       86          
	   Memory (MB)          :        2        2          
...
000 (265257.000.000) 04/27 23:58:45 Job submitted from host: <18.12.1.74:45694>
...
009 (265257.000.000) 04/27 23:59:18 Job was aborted by the user.
	via condor_rm (by user tawei)
...
000 (265307.000.000) 04/27 23:59:31 Job submitted from host: <18.12.1.74:45694>
...
001 (265307.000.000) 04/27 23:59:38 Job executing on host: <18.12.8.4:48906>
...
006 (265307.000.000) 04/27 23:59:46 Image size of job updated: 69568
	0  -  MemoryUsage of job (MB)
	0  -  ResidentSetSize of job (KB)
...
005 (265307.000.000) 04/27 23:59:46 Job terminated.
	(1) Normal termination (return value 1)
		Usr 0 00:00:00, Sys 0 00:00:00  -  Run Remote Usage
		Usr 0 00:00:00, Sys 0 00:00:00  -  Run Local Usage
		Usr 0 00:00:00, Sys 0 00:00:00  -  Total Remote Usage
		Usr 0 00:00:00, Sys 0 00:00:00  -  Total Local Usage
	1146  -  Run Bytes Sent By Job
	32875  -  Run Bytes Received By Job
	1146  -  Total Bytes Sent By Job
	32875  -  Total Bytes Received By Job
	Partitionable Resources :    Usage  Request          
	   Cpus                 :                 1          
	   Disk (KB)            :       56       56          
	   Memory (MB)          :        0        0          
...
000 (265565.000.000) 04/28 02:01:15 Job submitted from host: <18.12.1.74:45694>
...
001 (265565.000.000) 04/28 02:02:10 Job executing on host: <18.12.8.1:42263>
...
006 (265565.000.000) 04/28 02:02:19 Image size of job updated: 1
	2  -  MemoryUsage of job (MB)
	1704  -  ResidentSetSize of job (KB)
...
006 (265565.000.000) 04/28 02:05:36 Image size of job updated: 315156
	2  -  MemoryUsage of job (MB)
	1704  -  ResidentSetSize of job (KB)
...
005 (265565.000.000) 04/28 02:05:36 Job terminated.
	(1) Normal termination (return value 0)
		Usr 0 00:02:28, Sys 0 00:00:03  -  Run Remote Usage
		Usr 0 00:00:00, Sys 0 00:00:00  -  Run Local Usage
		Usr 0 00:02:28, Sys 0 00:00:03  -  Total Remote Usage
		Usr 0 00:00:00, Sys 0 00:00:00  -  Total Local Usage
	32835  -  Run Bytes Sent By Job
	32889  -  Run Bytes Received By Job
	32835  -  Total Bytes Sent By Job
	32889  -  Total Bytes Received By Job
	Partitionable Resources :    Usage  Request          
	   Cpus                 :                 1          
	   Disk (KB)            :       87       87          
	   Memory (MB)          :        2        2          
...
