000 (263744.000.000) 04/26 03:18:09 Job submitted from host: <18.12.1.74:45694>
...
009 (263744.000.000) 04/26 03:18:32 Job was aborted by the user.
	via condor_rm (by user tawei)
...
000 (263794.000.000) 04/26 03:19:14 Job submitted from host: <18.12.1.74:45694>
...
001 (263794.000.000) 04/26 03:20:36 Job executing on host: <18.12.8.246:43504>
...
006 (263794.000.000) 04/26 03:20:44 Image size of job updated: 272852
	122  -  MemoryUsage of job (MB)
	124588  -  ResidentSetSize of job (KB)
...
006 (263794.000.000) 04/26 03:24:07 Image size of job updated: 315816
	122  -  MemoryUsage of job (MB)
	124588  -  ResidentSetSize of job (KB)
...
005 (263794.000.000) 04/26 03:24:07 Job terminated.
	(1) Normal termination (return value 0)
		Usr 0 00:02:48, Sys 0 00:00:04  -  Run Remote Usage
		Usr 0 00:00:00, Sys 0 00:00:00  -  Run Local Usage
		Usr 0 00:02:48, Sys 0 00:00:04  -  Total Remote Usage
		Usr 0 00:00:00, Sys 0 00:00:00  -  Total Local Usage
	33513  -  Run Bytes Sent By Job
	32579  -  Run Bytes Received By Job
	33513  -  Total Bytes Sent By Job
	32579  -  Total Bytes Received By Job
	Partitionable Resources :    Usage  Request          
	   Cpus                 :                 1          
	   Disk (KB)            :       87       87          
	   Memory (MB)          :      122      122          
...
000 (263896.000.000) 04/26 04:01:36 Job submitted from host: <18.12.1.74:45694>
...
001 (263896.000.000) 04/26 04:02:40 Job executing on host: <18.12.8.185:48468>
...
006 (263896.000.000) 04/26 04:02:48 Image size of job updated: 1
	2  -  MemoryUsage of job (MB)
	1704  -  ResidentSetSize of job (KB)
...
006 (263896.000.000) 04/26 04:06:33 Image size of job updated: 316196
	2  -  MemoryUsage of job (MB)
	1704  -  ResidentSetSize of job (KB)
...
005 (263896.000.000) 04/26 04:06:33 Job terminated.
	(1) Normal termination (return value 0)
		Usr 0 00:03:11, Sys 0 00:00:05  -  Run Remote Usage
		Usr 0 00:00:00, Sys 0 00:00:00  -  Run Local Usage
		Usr 0 00:03:11, Sys 0 00:00:05  -  Total Remote Usage
		Usr 0 00:00:00, Sys 0 00:00:00  -  Total Local Usage
	32895  -  Run Bytes Sent By Job
	32607  -  Run Bytes Received By Job
	32895  -  Total Bytes Sent By Job
	32607  -  Total Bytes Received By Job
	Partitionable Resources :    Usage  Request          
	   Cpus                 :                 1          
	   Disk (KB)            :       87       87          
	   Memory (MB)          :        2        2          
...
000 (265253.000.000) 04/27 23:58:43 Job submitted from host: <18.12.1.74:45694>
...
009 (265253.000.000) 04/27 23:59:18 Job was aborted by the user.
	via condor_rm (by user tawei)
...
000 (265303.000.000) 04/27 23:59:30 Job submitted from host: <18.12.1.74:45694>
...
001 (265303.000.000) 04/27 23:59:38 Job executing on host: <18.12.12.15:46789>
...
006 (265303.000.000) 04/27 23:59:43 Image size of job updated: 1
	0  -  MemoryUsage of job (MB)
	0  -  ResidentSetSize of job (KB)
...
005 (265303.000.000) 04/27 23:59:43 Job terminated.
	(1) Normal termination (return value 1)
		Usr 0 00:00:00, Sys 0 00:00:00  -  Run Remote Usage
		Usr 0 00:00:00, Sys 0 00:00:00  -  Run Local Usage
		Usr 0 00:00:00, Sys 0 00:00:00  -  Total Remote Usage
		Usr 0 00:00:00, Sys 0 00:00:00  -  Total Local Usage
	1145  -  Run Bytes Sent By Job
	32875  -  Run Bytes Received By Job
	1145  -  Total Bytes Sent By Job
	32875  -  Total Bytes Received By Job
	Partitionable Resources :    Usage  Request          
	   Cpus                 :                 1          
	   Disk (KB)            :       56       56          
	   Memory (MB)          :        0        0          
...
000 (265561.000.000) 04/28 02:01:15 Job submitted from host: <18.12.1.74:45694>
...
001 (265561.000.000) 04/28 02:02:08 Job executing on host: <18.12.12.17:43504>
...
006 (265561.000.000) 04/28 02:02:17 Image size of job updated: 1
	2  -  MemoryUsage of job (MB)
	1704  -  ResidentSetSize of job (KB)
...
006 (265561.000.000) 04/28 02:07:19 Image size of job updated: 288572
	151  -  MemoryUsage of job (MB)
	153696  -  ResidentSetSize of job (KB)
...
006 (265561.000.000) 04/28 02:17:21 Image size of job updated: 309656
	161  -  MemoryUsage of job (MB)
	164816  -  ResidentSetSize of job (KB)
...
006 (265561.000.000) 04/28 02:18:11 Image size of job updated: 316240
	161  -  MemoryUsage of job (MB)
	164816  -  ResidentSetSize of job (KB)
...
005 (265561.000.000) 04/28 02:18:11 Job terminated.
	(1) Normal termination (return value 0)
		Usr 0 00:02:46, Sys 0 00:00:03  -  Run Remote Usage
		Usr 0 00:00:00, Sys 0 00:00:00  -  Run Local Usage
		Usr 0 00:02:46, Sys 0 00:00:03  -  Total Remote Usage
		Usr 0 00:00:00, Sys 0 00:00:00  -  Total Local Usage
	32782  -  Run Bytes Sent By Job
	32889  -  Run Bytes Received By Job
	32782  -  Total Bytes Sent By Job
	32889  -  Total Bytes Received By Job
	Partitionable Resources :    Usage  Request          
	   Cpus                 :                 1          
	   Disk (KB)            :      279      279          
	   Memory (MB)          :      161      161          
...
