000 (263747.000.000) 04/26 03:18:09 Job submitted from host: <18.12.1.74:45694>
...
009 (263747.000.000) 04/26 03:18:32 Job was aborted by the user.
	via condor_rm (by user tawei)
...
000 (263797.000.000) 04/26 03:19:14 Job submitted from host: <18.12.1.74:45694>
...
001 (263797.000.000) 04/26 03:20:37 Job executing on host: <18.12.8.239:44672>
...
006 (263797.000.000) 04/26 03:20:45 Image size of job updated: 113020
	26  -  MemoryUsage of job (MB)
	26344  -  ResidentSetSize of job (KB)
...
006 (263797.000.000) 04/26 03:24:47 Image size of job updated: 315752
	26  -  MemoryUsage of job (MB)
	26344  -  ResidentSetSize of job (KB)
...
005 (263797.000.000) 04/26 03:24:47 Job terminated.
	(1) Normal termination (return value 0)
		Usr 0 00:03:25, Sys 0 00:00:06  -  Run Remote Usage
		Usr 0 00:00:00, Sys 0 00:00:00  -  Run Local Usage
		Usr 0 00:03:25, Sys 0 00:00:06  -  Total Remote Usage
		Usr 0 00:00:00, Sys 0 00:00:00  -  Total Local Usage
	33458  -  Run Bytes Sent By Job
	32579  -  Run Bytes Received By Job
	33458  -  Total Bytes Sent By Job
	32579  -  Total Bytes Received By Job
	Partitionable Resources :    Usage  Request          
	   Cpus                 :                 1          
	   Disk (KB)            :       87       87          
	   Memory (MB)          :       26       26          
...
000 (263899.000.000) 04/26 04:01:37 Job submitted from host: <18.12.1.74:45694>
...
001 (263899.000.000) 04/26 04:02:40 Job executing on host: <18.12.8.197:40000>
...
006 (263899.000.000) 04/26 04:02:49 Image size of job updated: 272860
	145  -  MemoryUsage of job (MB)
	148320  -  ResidentSetSize of job (KB)
...
006 (263899.000.000) 04/26 04:07:27 Image size of job updated: 315752
	145  -  MemoryUsage of job (MB)
	148320  -  ResidentSetSize of job (KB)
...
005 (263899.000.000) 04/26 04:07:27 Job terminated.
	(1) Normal termination (return value 0)
		Usr 0 00:03:51, Sys 0 00:00:07  -  Run Remote Usage
		Usr 0 00:00:00, Sys 0 00:00:00  -  Run Local Usage
		Usr 0 00:03:51, Sys 0 00:00:07  -  Total Remote Usage
		Usr 0 00:00:00, Sys 0 00:00:00  -  Total Local Usage
	32791  -  Run Bytes Sent By Job
	32607  -  Run Bytes Received By Job
	32791  -  Total Bytes Sent By Job
	32607  -  Total Bytes Received By Job
	Partitionable Resources :    Usage  Request          
	   Cpus                 :                 1          
	   Disk (KB)            :       86       86          
	   Memory (MB)          :      145      145          
...
000 (265256.000.000) 04/27 23:58:44 Job submitted from host: <18.12.1.74:45694>
...
009 (265256.000.000) 04/27 23:59:18 Job was aborted by the user.
	via condor_rm (by user tawei)
...
000 (265306.000.000) 04/27 23:59:31 Job submitted from host: <18.12.1.74:45694>
...
001 (265306.000.000) 04/27 23:59:40 Job executing on host: <18.12.8.3:47592>
...
006 (265306.000.000) 04/27 23:59:49 Image size of job updated: 13348
	2  -  MemoryUsage of job (MB)
	1796  -  ResidentSetSize of job (KB)
...
005 (265306.000.000) 04/27 23:59:50 Job terminated.
	(1) Normal termination (return value 1)
		Usr 0 00:00:00, Sys 0 00:00:00  -  Run Remote Usage
		Usr 0 00:00:00, Sys 0 00:00:00  -  Run Local Usage
		Usr 0 00:00:00, Sys 0 00:00:00  -  Total Remote Usage
		Usr 0 00:00:00, Sys 0 00:00:00  -  Total Local Usage
	1146  -  Run Bytes Sent By Job
	32875  -  Run Bytes Received By Job
	1146  -  Total Bytes Sent By Job
	32875  -  Total Bytes Received By Job
	Partitionable Resources :    Usage  Request          
	   Cpus                 :                 1          
	   Disk (KB)            :       56       56          
	   Memory (MB)          :        2        2          
...
000 (265564.000.000) 04/28 02:01:15 Job submitted from host: <18.12.1.74:45694>
...
001 (265564.000.000) 04/28 02:02:08 Job executing on host: <18.12.12.68:40730>
...
006 (265564.000.000) 04/28 02:02:17 Image size of job updated: 200752
	72  -  MemoryUsage of job (MB)
	73380  -  ResidentSetSize of job (KB)
...
006 (265564.000.000) 04/28 02:07:17 Image size of job updated: 288572
	151  -  MemoryUsage of job (MB)
	153676  -  ResidentSetSize of job (KB)
...
006 (265564.000.000) 04/28 02:12:17 Image size of job updated: 310428
	162  -  MemoryUsage of job (MB)
	165576  -  ResidentSetSize of job (KB)
...
006 (265564.000.000) 04/28 02:13:11 Image size of job updated: 315792
	162  -  MemoryUsage of job (MB)
	165576  -  ResidentSetSize of job (KB)
...
005 (265564.000.000) 04/28 02:13:11 Job terminated.
	(1) Normal termination (return value 0)
		Usr 0 00:03:16, Sys 0 00:00:04  -  Run Remote Usage
		Usr 0 00:00:00, Sys 0 00:00:00  -  Run Local Usage
		Usr 0 00:03:16, Sys 0 00:00:04  -  Total Remote Usage
		Usr 0 00:00:00, Sys 0 00:00:00  -  Total Local Usage
	32848  -  Run Bytes Sent By Job
	32889  -  Run Bytes Received By Job
	32848  -  Total Bytes Sent By Job
	32889  -  Total Bytes Received By Job
	Partitionable Resources :    Usage  Request          
	   Cpus                 :                 1          
	   Disk (KB)            :      337      337          
	   Memory (MB)          :      162      162          
...
