/export/data1/condor/execute/dir_10797
gcc (GCC) 4.6.2
Copyright (C) 2011 Free Software Foundation, Inc.
This is free software; see the source for copying conditions.  There is NO
warranty; not even for MERCHANTABILITY or FITNESS FOR A PARTICULAR PURPOSE.

5.32/00
Linux version 2.6.32-358.el6.x86_64 (mockbuild@sl6.fnal.gov) (gcc version 4.4.7 20120313 (Red Hat 4.4.7-3) (GCC) ) #1 SMP Fri Feb 22 20:37:17 CST 2013

Processing fitBs.C(35)...
The local date and time is: Mon Apr 28 02:02:55 2014

 FCN=51.09 FROM HESSE     STATUS=RESET          35 CALLS         818 TOTAL
                     EDM=1.74677e-07    STRATEGY= 1  ERROR MATRIX UNCERTAINTY 100.0 per cent
  EXT PARAMETER                APPROXIMATE        STEP         FIRST   
  NO.   NAME      VALUE            ERROR          SIZE      DERIVATIVE 
   1  p0           1.46834e+02   1.71547e+00   1.71547e-02   3.14754e-01
   2  p1           5.36991e+00   1.80509e-04   1.80509e-06   3.52717e+03
   3  p2           1.17656e-02   1.36451e-04   1.36451e-06  -3.26142e-01
   4  p3           1.28682e+01   1.57196e-01   1.57196e-03  -2.68056e+00
   5  p4          -2.04693e-02   2.71701e-02   2.71701e-04   1.45628e+02
   6  p5          -3.51569e-01   4.68012e-03   4.68012e-05  -5.82654e+00
   7  p6           0.00000e+00   2.82843e+00   2.82843e-02  -4.87893e-02
   8  p7           7.40832e-01   1.00098e-02   1.00098e-04  -1.55201e+01
   9  p8           2.93696e-02   6.11333e-04   6.11333e-06   5.60321e-01
  10  p9           0.00000e+00   1.00000e+00   1.00000e-02   2.81800e-02
  11  p10          0.00000e+00   1.00000e+00   1.00000e-02   4.32797e-01
  12  p11          0.00000e+00     fixed    
                               ERR DEF= 0.5
 FCN=19.702 FROM HESSE     STATUS=RESET          30 CALLS         507 TOTAL
                     EDM=3.56714e-09    STRATEGY= 1  ERROR MATRIX UNCERTAINTY 100.0 per cent
  EXT PARAMETER                APPROXIMATE        STEP         FIRST   
  NO.   NAME      VALUE            ERROR          SIZE      DERIVATIVE 
   1  p0           8.80688e-01   1.62070e-01   1.62070e-03   3.33161e+00
   2  p1           5.37091e+00   2.64329e-03   2.64329e-05   2.40869e+02
   3  p2           1.17656e-02     fixed    
   4  p3           1.07018e+02   3.23872e-01   3.23872e-03  -2.03570e+00
   5  p4          -2.82726e+01   5.74207e-02   5.74207e-04  -2.01608e+05
   6  p5           1.80062e+00   1.01328e-02   1.01328e-04   1.90773e+01
   7  p6           0.00000e+00   5.65685e+00   5.65685e-02  -4.82050e-03
   8  p7           7.40832e-01     fixed    
   9  p8           2.93696e-02     fixed    
  10  p9           0.00000e+00   1.00000e+00   1.00000e-02  -1.37997e-01
  11  p10          0.00000e+00   1.00000e+00   1.00000e-02  -8.17572e-01
  12  p11          0.00000e+00     fixed    
                               ERR DEF= 0.5
351
fit result:44.0344 44.0344
The local date and time is: Mon Apr 28 02:11:41 2014

Got Nsig:546/44.0344
Got extracted:44.0344
Pseudo exp:0
The local date and time is: Mon Apr 28 02:11:41 2014

cout:546
_cout:2944
true_yield:41
Start pseudo exp fit:0
The local date and time is: Mon Apr 28 02:11:46 2014

 FCN=36.2456 FROM HESSE     STATUS=RESET          30 CALLS         507 TOTAL
                     EDM=1.63023e-08    STRATEGY= 1  ERROR MATRIX UNCERTAINTY 100.0 per cent
  EXT PARAMETER                APPROXIMATE        STEP         FIRST   
  NO.   NAME      VALUE            ERROR          SIZE      DERIVATIVE 
   1  p0           8.11223e-01   1.61999e-01   1.61999e-03   3.33306e+00
   2  p1           5.36916e+00   3.57778e-03   3.57778e-05   1.77955e+02
   3  p2           1.17656e-02     fixed    
   4  p3           2.52193e+02   3.07173e-01   3.07173e-03  -2.14636e+00
   5  p4          -7.92166e+01   5.41343e-02   5.41343e-04  -5.67763e+05
   6  p5           6.25134e+00   9.49652e-03   9.49652e-05   2.03555e+01
   7  p6           0.00000e+00   8.00000e+00   8.00000e-02  -3.40861e-03
   8  p7           7.40832e-01     fixed    
   9  p8           2.93696e-02     fixed    
  10  p9           0.00000e+00   1.00000e+00   1.00000e-02  -1.37997e-01
  11  p10          0.00000e+00   1.00000e+00   1.00000e-02  -8.17572e-01
  12  p11          0.00000e+00     fixed    
                               ERR DEF= 0.5
347
fit result:40.5611 40.5612
The local date and time is: Mon Apr 28 02:11:46 2014

Pseudo exp:1
The local date and time is: Mon Apr 28 02:11:46 2014

cout:546
_cout:2979
true_yield:56
Start pseudo exp fit:1
The local date and time is: Mon Apr 28 02:11:50 2014

 FCN=21.2532 FROM MIGRAD    STATUS=CALL LIMIT   2929 CALLS        2930 TOTAL
                     EDM=0.000435617    STRATEGY= 1  ERROR MATRIX UNCERTAINTY  20.4 per cent
  EXT PARAMETER                APPROXIMATE        STEP         FIRST   
  NO.   NAME      VALUE            ERROR          SIZE      DERIVATIVE 
   1  p0           1.16394e+00   1.77708e-01  -1.50274e-04   4.49872e-02
   2  p1           5.37098e+00   2.20084e-03  -4.07992e-06   6.17547e+00
   3  p2           1.17656e-02     fixed    
   4  p3           9.06877e+01   3.50391e+01   6.74017e-01  -4.58220e-02
   5  p4          -2.41462e+01   1.26824e+01  -1.59867e-03  -3.90879e+01
   6  p5           1.58855e+00   1.14475e+00   2.19017e-02  -1.44499e+00
   7  p6           0.00000e+00   1.00000e+00  -0.00000e+00   0.00000e+00
   8  p7           7.40832e-01     fixed    
   9  p8           2.93696e-02     fixed    
  10  p9           0.00000e+00   1.00000e+00  -0.00000e+00   0.00000e+00
  11  p10          0.00000e+00   1.00000e+00  -0.00000e+00   0.00000e+00
  12  p11          0.00000e+00     fixed    
                               ERR DEF= 0.5
362
fit result:58.1972 58.1972
The local date and time is: Mon Apr 28 02:11:50 2014

Pseudo exp:2
The local date and time is: Mon Apr 28 02:11:50 2014

cout:546
_cout:2916
true_yield:43
Start pseudo exp fit:2
The local date and time is: Mon Apr 28 02:11:54 2014

 FCN=23.6961 FROM HESSE     STATUS=RESET          30 CALLS        2731 TOTAL
                     EDM=6.24016e-07    STRATEGY= 1  ERROR MATRIX UNCERTAINTY 100.0 per cent
  EXT PARAMETER                APPROXIMATE        STEP         FIRST   
  NO.   NAME      VALUE            ERROR          SIZE      DERIVATIVE 
   1  p0           9.07835e-01   1.69577e-01   1.69577e-03   3.18411e+00
   2  p1           5.37476e+00   3.25202e-03   3.25202e-05   1.95782e+02
   3  p2           1.17656e-02     fixed    
   4  p3           2.91765e+01   3.18900e-01   3.18900e-03  -2.06743e+00
   5  p4          -9.23875e-05   5.83721e+00   5.83721e-02** at limit **
   6  p5          -7.61682e-01   9.93687e-03   9.93687e-05   1.94535e+01
   7  p6           0.00000e+00   2.00000e+00   2.00000e-02  -1.36344e-02
   8  p7           7.40832e-01     fixed    
   9  p8           2.93696e-02     fixed    
  10  p9           0.00000e+00   1.00000e+00   1.00000e-02  -1.37997e-01
  11  p10          0.00000e+00   1.00000e+00   1.00000e-02  -8.17572e-01
  12  p11          0.00000e+00     fixed    
                               ERR DEF= 0.5
349
fit result:45.3918 45.3918
The local date and time is: Mon Apr 28 02:11:55 2014

Pseudo exp:3
The local date and time is: Mon Apr 28 02:11:55 2014

cout:546
_cout:2777
true_yield:55
Start pseudo exp fit:3
The local date and time is: Mon Apr 28 02:11:59 2014

 FCN=27.5528 FROM HESSE     STATUS=RESET          30 CALLS         507 TOTAL
                     EDM=5.85069e-08    STRATEGY= 1  ERROR MATRIX UNCERTAINTY 100.0 per cent
  EXT PARAMETER                APPROXIMATE        STEP         FIRST   
  NO.   NAME      VALUE            ERROR          SIZE      DERIVATIVE 
   1  p0           9.90355e-01   1.72896e-01   1.72896e-03   3.12298e+00
   2  p1           5.36714e+00   2.70696e-03   2.70696e-05   2.35204e+02
   3  p2           1.17656e-02     fixed    
   4  p3           1.73023e+02   3.25755e-01   3.25755e-03  -2.02393e+00
   5  p4          -5.18772e+01   5.77142e-02   5.77142e-04  -3.59108e+05
   6  p5           3.90753e+00   1.01770e-02   1.01770e-04   1.89944e+01
   7  p6           0.00000e+00   1.05978e+02   1.05978e+00  -2.57307e-04
   8  p7           7.40832e-01     fixed    
   9  p8           2.93696e-02     fixed    
  10  p9           0.00000e+00   1.00000e+00   1.00000e-02  -1.37997e-01
  11  p10          0.00000e+00   1.00000e+00   1.00000e-02  -8.17572e-01
  12  p11          0.00000e+00     fixed    
                               ERR DEF= 0.5
361
fit result:49.5177 49.5178
The local date and time is: Mon Apr 28 02:11:59 2014

Pseudo exp:4
The local date and time is: Mon Apr 28 02:11:59 2014

cout:546
_cout:3156
true_yield:40
Start pseudo exp fit:4
The local date and time is: Mon Apr 28 02:12:03 2014

 FCN=16.1885 FROM HESSE     STATUS=RESET          30 CALLS         549 TOTAL
                     EDM=1.79932e-07    STRATEGY= 1  ERROR MATRIX UNCERTAINTY 100.0 per cent
  EXT PARAMETER                APPROXIMATE        STEP         FIRST   
  NO.   NAME      VALUE            ERROR          SIZE      DERIVATIVE 
   1  p0           9.58104e-01   1.71786e-01   1.71786e-03   3.14316e+00
   2  p1           5.36992e+00   3.80246e-03   3.80246e-05   1.67441e+02
   3  p2           1.17656e-02     fixed    
   4  p3           3.26437e+02   3.19309e-01   3.19309e-03  -2.06478e+00
   5  p4          -1.07784e+02   5.66589e-02   5.66589e-04  -7.15191e+05
   6  p5           8.97804e+00   1.00103e-02   1.00103e-04   1.93107e+01
   7  p6           0.00000e+00   8.00000e+00   8.00000e-02  -3.40861e-03
   8  p7           7.40832e-01     fixed    
   9  p8           2.93696e-02     fixed    
  10  p9           0.00000e+00   1.00000e+00   1.00000e-02  -1.37997e-01
  11  p10          0.00000e+00   1.00000e+00   1.00000e-02  -8.17572e-01
  12  p11          0.00000e+00     fixed    
                               ERR DEF= 0.5
346
fit result:47.9052 47.9052
The local date and time is: Mon Apr 28 02:12:04 2014

Pseudo exp:5
The local date and time is: Mon Apr 28 02:12:04 2014

cout:546
_cout:2918
true_yield:50
Start pseudo exp fit:5
The local date and time is: Mon Apr 28 02:12:08 2014

 FCN=24.761 FROM HESSE     STATUS=RESET          30 CALLS         516 TOTAL
                     EDM=5.43777e-09    STRATEGY= 1  ERROR MATRIX UNCERTAINTY 100.0 per cent
  EXT PARAMETER                APPROXIMATE        STEP         FIRST   
  NO.   NAME      VALUE            ERROR          SIZE      DERIVATIVE 
   1  p0           8.47053e-01   1.65622e-01   1.65622e-03   3.26016e+00
   2  p1           5.36836e+00   3.52323e-03   3.52323e-05   1.80711e+02
   3  p2           1.17656e-02     fixed    
   4  p3           3.11979e+01   3.14720e-01   3.14720e-03  -2.09489e+00
   5  p4          -7.21246e-04   1.06928e+00   1.06928e-02  -1.05305e+02
   6  p5          -8.21610e-01   9.72537e-03   9.72537e-05   1.98765e+01
   7  p6           0.00000e+00   1.00000e+00   1.00000e-02  -2.72689e-02
   8  p7           7.40832e-01     fixed    
   9  p8           2.93696e-02     fixed    
  10  p9           0.00000e+00   1.00000e+00   1.00000e-02  -1.37997e-01
  11  p10          0.00000e+00   1.00000e+00   1.00000e-02  -8.17572e-01
  12  p11          0.00000e+00     fixed    
                               ERR DEF= 0.5
356
fit result:42.3527 42.3527
The local date and time is: Mon Apr 28 02:12:08 2014

Pseudo exp:6
The local date and time is: Mon Apr 28 02:12:08 2014

cout:546
_cout:2891
true_yield:44
Start pseudo exp fit:6
The local date and time is: Mon Apr 28 02:12:12 2014

 FCN=29.2183 FROM HESSE     STATUS=RESET          30 CALLS         507 TOTAL
                     EDM=8.27197e-08    STRATEGY= 1  ERROR MATRIX UNCERTAINTY 100.0 per cent
  EXT PARAMETER                APPROXIMATE        STEP         FIRST   
  NO.   NAME      VALUE            ERROR          SIZE      DERIVATIVE 
   1  p0           9.63622e-01   1.69942e-01   1.69942e-03   3.17727e+00
   2  p1           5.37312e+00   2.91393e-03   2.91393e-05   2.18497e+02
   3  p2           1.17656e-02     fixed    
   4  p3           1.61717e+02   3.39707e-01   3.39707e-03  -1.94080e+00
   5  p4          -5.05734e+01   6.06650e-02   6.06650e-04  -3.33512e+05
   6  p5           4.03754e+00   1.07799e-02   1.07799e-04   1.79322e+01
   7  p6           0.00000e+00   8.00000e+00   8.00000e-02  -3.40861e-03
   8  p7           7.40832e-01     fixed    
   9  p8           2.93696e-02     fixed    
  10  p9           0.00000e+00   1.00000e+00   1.00000e-02  -1.37997e-01
  11  p10          0.00000e+00   1.00000e+00   1.00000e-02  -8.17572e-01
  12  p11          0.00000e+00     fixed    
                               ERR DEF= 0.5
350
fit result:48.1811 48.1811
The local date and time is: Mon Apr 28 02:12:13 2014

Pseudo exp:7
The local date and time is: Mon Apr 28 02:12:13 2014

cout:546
_cout:2807
true_yield:59
Start pseudo exp fit:7
The local date and time is: Mon Apr 28 02:12:16 2014

 FCN=18.3729 FROM HESSE     STATUS=RESET          30 CALLS         507 TOTAL
                     EDM=5.70819e-07    STRATEGY= 1  ERROR MATRIX UNCERTAINTY 100.0 per cent
  EXT PARAMETER                APPROXIMATE        STEP         FIRST   
  NO.   NAME      VALUE            ERROR          SIZE      DERIVATIVE 
   1  p0           8.70626e-01   1.67983e-01   1.67983e-03   3.21433e+00
   2  p1           5.36875e+00   3.50482e-03   3.50482e-05   1.81660e+02
   3  p2           1.17656e-02     fixed    
   4  p3           4.14902e+01   3.12822e-01   3.12822e-03  -2.10760e+00
   5  p4          -2.84045e+00   5.50573e-02   5.50573e-04  -2.16772e+04
   6  p5          -6.40880e-01   9.64475e-03   9.64475e-05   2.00427e+01
   7  p6           0.00000e+00   2.40000e+00   2.40000e-02  -1.13620e-02
   8  p7           7.40832e-01     fixed    
   9  p8           2.93696e-02     fixed    
  10  p9           0.00000e+00   1.00000e+00   1.00000e-02  -1.37997e-01
  11  p10          0.00000e+00   1.00000e+00   1.00000e-02  -8.17572e-01
  12  p11          0.00000e+00     fixed    
                               ERR DEF= 0.5
365
fit result:43.5313 43.5313
The local date and time is: Mon Apr 28 02:12:17 2014

Pseudo exp:8
The local date and time is: Mon Apr 28 02:12:17 2014

cout:546
_cout:3001
true_yield:54
Start pseudo exp fit:8
The local date and time is: Mon Apr 28 02:12:21 2014

 FCN=35.3688 FROM HESSE     STATUS=RESET          30 CALLS         507 TOTAL
                     EDM=1.90699e-10    STRATEGY= 1  ERROR MATRIX UNCERTAINTY 100.0 per cent
  EXT PARAMETER                APPROXIMATE        STEP         FIRST   
  NO.   NAME      VALUE            ERROR          SIZE      DERIVATIVE 
   1  p0           9.58935e-01   1.72118e-01   1.72118e-03   3.13711e+00
   2  p1           5.36877e+00   3.10263e-03   3.10263e-05   2.05208e+02
   3  p2           1.17656e-02     fixed    
   4  p3           1.63166e+02   3.18022e-01   3.18022e-03  -2.07314e+00
   5  p4          -4.73807e+01   5.62378e-02   5.62378e-04  -3.38189e+05
   6  p5           3.41760e+00   9.90224e-03   9.90224e-05   1.95215e+01
   7  p6           0.00000e+00   6.91261e+01   6.91261e-01  -3.94481e-04
   8  p7           7.40832e-01     fixed    
   9  p8           2.93696e-02     fixed    
  10  p9           0.00000e+00   1.00000e+00   1.00000e-02  -1.37997e-01
  11  p10          0.00000e+00   1.00000e+00   1.00000e-02  -8.17572e-01
  12  p11          0.00000e+00     fixed    
                               ERR DEF= 0.5
360
fit result:47.9467 47.9468
The local date and time is: Mon Apr 28 02:12:21 2014

Pseudo exp:9
The local date and time is: Mon Apr 28 02:12:21 2014

cout:546
_cout:3031
true_yield:38
Start pseudo exp fit:9
The local date and time is: Mon Apr 28 02:12:25 2014

 FCN=20.7224 FROM SIMPLEX   STATUS=RESET         877 CALLS        1638 TOTAL
                     EDM=9.95001e-07    STRATEGY= 1  ERROR MATRIX UNCERTAINTY  50.0 per cent
  EXT PARAMETER                APPROXIMATE        STEP         FIRST   
  NO.   NAME      VALUE            ERROR          SIZE      DERIVATIVE 
   1  p0           6.12777e-01   1.33574e-01   1.33574e-03  -3.29688e+02
   2  p1           5.37233e+00   4.42648e-03   4.42648e-05   6.97485e+03
   3  p2           1.17656e-02     fixed    
   4  p3           2.84087e+01   2.96638e-01   2.96638e-03  -1.87023e+04
   5  p4          -1.60629e-05   8.54903e+00   8.54903e-02** at limit **
   6  p5          -7.29966e-01   9.15959e-03   9.15959e-05  -5.85414e+05
   7  p6           0.00000e+00   1.00000e+00   1.00000e-02  -3.87213e+01
   8  p7           7.40832e-01     fixed    
   9  p8           2.93696e-02     fixed    
  10  p9           0.00000e+00   1.00000e+00   1.00000e-02   9.71460e-01
  11  p10          0.00000e+00   1.00000e+00   1.00000e-02   2.53478e-01
  12  p11          0.00000e+00     fixed    
                               ERR DEF= 0.5
344
fit result:30.6389 30.6389
The local date and time is: Mon Apr 28 02:12:26 2014

Pseudo exp:10
The local date and time is: Mon Apr 28 02:12:26 2014

cout:546
_cout:3093
true_yield:62
Start pseudo exp fit:10
The local date and time is: Mon Apr 28 02:12:30 2014

 FCN=18.5337 FROM HESSE     STATUS=RESET          30 CALLS         546 TOTAL
                     EDM=6.85753e-08    STRATEGY= 1  ERROR MATRIX UNCERTAINTY 100.0 per cent
  EXT PARAMETER                APPROXIMATE        STEP         FIRST   
  NO.   NAME      VALUE            ERROR          SIZE      DERIVATIVE 
   1  p0           1.31877e+00   1.93357e-01   1.93357e-03   2.79252e+00
   2  p1           5.37080e+00   2.68888e-03   2.68888e-05   2.36785e+02
   3  p2           1.17656e-02     fixed    
   4  p3           5.74215e+01   3.31753e-01   3.31753e-03  -1.98733e+00
   5  p4          -1.14933e+01   5.89767e-02   5.89767e-04  -8.11725e+04
   6  p5           3.90046e-01   1.04336e-02   1.04336e-04   1.85274e+01
   7  p6           0.00000e+00   2.00000e+00   2.00000e-02  -1.36344e-02
   8  p7           7.40832e-01     fixed    
   9  p8           2.93696e-02     fixed    
  10  p9           0.00000e+00   1.00000e+00   1.00000e-02  -1.37997e-01
  11  p10          0.00000e+00   1.00000e+00   1.00000e-02  -8.17572e-01
  12  p11          0.00000e+00     fixed    
                               ERR DEF= 0.5
368
fit result:65.9385 65.9385
The local date and time is: Mon Apr 28 02:12:30 2014

Pseudo exp:11
The local date and time is: Mon Apr 28 02:12:30 2014

cout:546
_cout:2789
true_yield:55
Start pseudo exp fit:11
The local date and time is: Mon Apr 28 02:12:34 2014

 FCN=17.2043 FROM HESSE     STATUS=RESET          30 CALLS         507 TOTAL
                     EDM=7.99485e-08    STRATEGY= 1  ERROR MATRIX UNCERTAINTY 100.0 per cent
  EXT PARAMETER                APPROXIMATE        STEP         FIRST   
  NO.   NAME      VALUE            ERROR          SIZE      DERIVATIVE 
   1  p0           1.12462e+00   1.83521e-01   1.83521e-03   2.94217e+00
   2  p1           5.36923e+00   3.25087e-03   3.25087e-05   1.95851e+02
   3  p2           1.17656e-02     fixed    
   4  p3           1.83363e+02   3.36378e-01   3.36378e-03  -1.96001e+00
   5  p4          -5.73625e+01   5.99127e-02   5.99127e-04  -3.80295e+05
   6  p5           4.55699e+00   1.06210e-02   1.06210e-04   1.82004e+01
   7  p6           0.00000e+00   5.77467e+01   5.77467e-01  -4.72216e-04
   8  p7           7.40832e-01     fixed    
   9  p8           2.93696e-02     fixed    
  10  p9           0.00000e+00   1.00000e+00   1.00000e-02  -1.37997e-01
  11  p10          0.00000e+00   1.00000e+00   1.00000e-02  -8.17572e-01
  12  p11          0.00000e+00     fixed    
                               ERR DEF= 0.5
361
fit result:56.2308 56.2309
The local date and time is: Mon Apr 28 02:12:34 2014

Pseudo exp:12
The local date and time is: Mon Apr 28 02:12:34 2014

cout:546
_cout:2998
true_yield:54
Start pseudo exp fit:12
The local date and time is: Mon Apr 28 02:12:39 2014

 FCN=15.9321 FROM HESSE     STATUS=RESET          30 CALLS         506 TOTAL
                     EDM=2.85344e-09    STRATEGY= 1  ERROR MATRIX UNCERTAINTY 100.0 per cent
  EXT PARAMETER                APPROXIMATE        STEP         FIRST   
  NO.   NAME      VALUE            ERROR          SIZE      DERIVATIVE 
   1  p0           8.94436e-01   1.69952e-01   1.69952e-03   3.17709e+00
   2  p1           5.37660e+00   3.74513e-03   3.74513e-05   1.70004e+02
   3  p2           1.17656e-02     fixed    
   4  p3           1.59657e+02   3.45558e-01   3.45558e-03  -1.90794e+00
   5  p4          -4.91652e+01   6.16610e-02   6.16610e-04  -3.19461e+05
   6  p5           3.85904e+00   1.09490e-02   1.09490e-04   1.76552e+01
   7  p6           0.00000e+00   8.00000e+00   8.00000e-02  -3.40861e-03
   8  p7           7.40832e-01     fixed    
   9  p8           2.93696e-02     fixed    
  10  p9           0.00000e+00   1.00000e+00   1.00000e-02  -1.37997e-01
  11  p10          0.00000e+00   1.00000e+00   1.00000e-02  -8.17572e-01
  12  p11          0.00000e+00     fixed    
                               ERR DEF= 0.5
360
fit result:44.7218 44.7218
The local date and time is: Mon Apr 28 02:12:39 2014

Pseudo exp:13
The local date and time is: Mon Apr 28 02:12:39 2014

cout:546
_cout:2891
true_yield:35
Start pseudo exp fit:13
The local date and time is: Mon Apr 28 02:12:43 2014

 FCN=23.8047 FROM HESSE     STATUS=RESET          30 CALLS         507 TOTAL
                     EDM=3.59596e-07    STRATEGY= 1  ERROR MATRIX UNCERTAINTY 100.0 per cent
  EXT PARAMETER                APPROXIMATE        STEP         FIRST   
  NO.   NAME      VALUE            ERROR          SIZE      DERIVATIVE 
   1  p0           8.28575e-01   1.61214e-01   1.61214e-03   3.34929e+00
   2  p1           5.37328e+00   2.93821e-03   2.93821e-05   2.16692e+02
   3  p2           1.17656e-02     fixed    
   4  p3           4.08049e+01   3.07391e-01   3.07391e-03  -2.14484e+00
   5  p4          -3.60010e+00   5.42346e-02   5.42346e-04  -2.78701e+04
   6  p5          -4.94937e-01   9.52496e-03   9.52496e-05   2.02947e+01
   7  p6           0.00000e+00   2.40000e+00   2.40000e-02  -1.13620e-02
   8  p7           7.40832e-01     fixed    
   9  p8           2.93696e-02     fixed    
  10  p9           0.00000e+00   1.00000e+00   1.00000e-02  -1.37997e-01
  11  p10          0.00000e+00   1.00000e+00   1.00000e-02  -8.17572e-01
  12  p11          0.00000e+00     fixed    
                               ERR DEF= 0.5
341
fit result:41.4287 41.4288
The local date and time is: Mon Apr 28 02:12:43 2014

Pseudo exp:14
The local date and time is: Mon Apr 28 02:12:43 2014

cout:546
_cout:3003
true_yield:58
Start pseudo exp fit:14
The local date and time is: Mon Apr 28 02:12:47 2014

 FCN=26.9878 FROM HESSE     STATUS=RESET          30 CALLS         507 TOTAL
                     EDM=3.10543e-07    STRATEGY= 1  ERROR MATRIX UNCERTAINTY 100.0 per cent
  EXT PARAMETER                APPROXIMATE        STEP         FIRST   
  NO.   NAME      VALUE            ERROR          SIZE      DERIVATIVE 
   1  p0           1.30563e+00   1.89107e-01   1.89107e-03   2.85527e+00
   2  p1           5.36795e+00   2.45493e-03   2.45493e-05   2.59350e+02
   3  p2           1.17656e-02     fixed    
   4  p3           4.49427e+02   3.31298e-01   3.31298e-03  -1.99007e+00
   5  p4          -1.53925e+02   5.90770e-02   5.90770e-04  -9.28892e+05
   6  p5           1.32894e+01   1.04870e-02   1.04870e-04   1.84330e+01
   7  p6           0.00000e+00   8.00000e+00   8.00000e-02  -3.40861e-03
   8  p7           7.40832e-01     fixed    
   9  p8           2.93696e-02     fixed    
  10  p9           0.00000e+00   1.00000e+00   1.00000e-02  -1.37997e-01
  11  p10          0.00000e+00   1.00000e+00   1.00000e-02  -8.17572e-01
  12  p11          0.00000e+00     fixed    
                               ERR DEF= 0.5
364
fit result:65.2813 65.2814
The local date and time is: Mon Apr 28 02:12:48 2014

Pseudo exp:15
The local date and time is: Mon Apr 28 02:12:48 2014

cout:546
_cout:3086
true_yield:37
Start pseudo exp fit:15
The local date and time is: Mon Apr 28 02:12:52 2014

 FCN=27.4184 FROM HESSE     STATUS=RESET          30 CALLS         538 TOTAL
                     EDM=1.13939e-07    STRATEGY= 1  ERROR MATRIX UNCERTAINTY 100.0 per cent
  EXT PARAMETER                APPROXIMATE        STEP         FIRST   
  NO.   NAME      VALUE            ERROR          SIZE      DERIVATIVE 
   1  p0           6.21067e-01   1.49883e-01   1.49883e-03   3.60248e+00
   2  p1           5.37903e+00   3.91574e-03   3.91574e-05   1.62596e+02
   3  p2           1.17656e-02     fixed    
   4  p3           3.05821e+01   3.23393e-01   3.23393e-03  -2.03871e+00
   5  p4          -1.44883e-07   9.86399e+00   9.86399e-02** at limit **
   6  p5          -8.02491e-01   1.01124e-02   1.01124e-04   1.91159e+01
   7  p6           0.00000e+00   1.41421e+00   1.41421e-02  -1.92820e-02
   8  p7           7.40832e-01     fixed    
   9  p8           2.93696e-02     fixed    
  10  p9           0.00000e+00   1.00000e+00   1.00000e-02  -1.37997e-01
  11  p10          0.00000e+00   1.00000e+00   1.00000e-02  -8.17572e-01
  12  p11          0.00000e+00     fixed    
                               ERR DEF= 0.5
343
fit result:31.0533 31.0534
The local date and time is: Mon Apr 28 02:12:52 2014

Pseudo exp:16
The local date and time is: Mon Apr 28 02:12:52 2014

cout:546
_cout:2893
true_yield:57
Start pseudo exp fit:16
The local date and time is: Mon Apr 28 02:12:56 2014

 FCN=22.2612 FROM HESSE     STATUS=RESET          30 CALLS         506 TOTAL
                     EDM=4.46793e-09    STRATEGY= 1  ERROR MATRIX UNCERTAINTY 100.0 per cent
  EXT PARAMETER                APPROXIMATE        STEP         FIRST   
  NO.   NAME      VALUE            ERROR          SIZE      DERIVATIVE 
   1  p0           1.24903e+00   1.90361e-01   1.90361e-03   2.83647e+00
   2  p1           5.37222e+00   3.04325e-03   3.04325e-05   2.09212e+02
   3  p2           1.17656e-02     fixed    
   4  p3           2.77929e+02   3.11575e-01   3.11575e-03  -2.11604e+00
   5  p4          -8.91177e+01   5.50479e-02   5.50479e-04  -6.21373e+05
   6  p5           7.19434e+00   9.68283e-03   9.68283e-05   1.99639e+01
   7  p6           0.00000e+00   5.65685e+00   5.65685e-02  -4.82050e-03
   8  p7           7.40832e-01     fixed    
   9  p8           2.93696e-02     fixed    
  10  p9           0.00000e+00   1.00000e+00   1.00000e-02  -1.37997e-01
  11  p10          0.00000e+00   1.00000e+00   1.00000e-02  -8.17572e-01
  12  p11          0.00000e+00     fixed    
                               ERR DEF= 0.5
363
fit result:62.4513 62.4513
The local date and time is: Mon Apr 28 02:12:57 2014

Pseudo exp:17
The local date and time is: Mon Apr 28 02:12:57 2014

cout:546
_cout:2921
true_yield:48
Start pseudo exp fit:17
The local date and time is: Mon Apr 28 02:13:01 2014

 FCN=21.2619 FROM HESSE     STATUS=RESET          30 CALLS         549 TOTAL
                     EDM=2.23785e-07    STRATEGY= 1  ERROR MATRIX UNCERTAINTY 100.0 per cent
  EXT PARAMETER                APPROXIMATE        STEP         FIRST   
  NO.   NAME      VALUE            ERROR          SIZE      DERIVATIVE 
   1  p0           8.98137e-01   1.66391e-01   1.66391e-03   3.24508e+00
   2  p1           5.37200e+00   3.23373e-03   3.23373e-05   1.96889e+02
   3  p2           1.17656e-02     fixed    
   4  p3           8.30405e+01   3.41210e-01   3.41210e-03  -1.93226e+00
   5  p4          -2.15859e+01   6.08550e-02   6.08550e-04  -1.46239e+05
   6  p5           1.38007e+00   1.07986e-02   1.07986e-04   1.79012e+01
   7  p6           0.00000e+00   2.00000e+00   2.00000e-02  -1.36344e-02
   8  p7           7.40832e-01     fixed    
   9  p8           2.93696e-02     fixed    
  10  p9           0.00000e+00   1.00000e+00   1.00000e-02  -1.37997e-01
  11  p10          0.00000e+00   1.00000e+00   1.00000e-02  -8.17572e-01
  12  p11          0.00000e+00     fixed    
                               ERR DEF= 0.5
354
fit result:44.9068 44.9069
The local date and time is: Mon Apr 28 02:13:01 2014

Pseudo exp:18
The local date and time is: Mon Apr 28 02:13:01 2014

cout:546
_cout:3109
true_yield:48
Start pseudo exp fit:18
The local date and time is: Mon Apr 28 02:13:05 2014

 FCN=11.9448 FROM HESSE     STATUS=RESET          30 CALLS         507 TOTAL
                     EDM=4.1404e-09    STRATEGY= 1  ERROR MATRIX UNCERTAINTY 100.0 per cent
  EXT PARAMETER                APPROXIMATE        STEP         FIRST   
  NO.   NAME      VALUE            ERROR          SIZE      DERIVATIVE 
   1  p0           8.90545e-01   1.65689e-01   1.65689e-03   3.25883e+00
   2  p1           5.36803e+00   2.81672e-03   2.81672e-05   2.26038e+02
   3  p2           1.17656e-02     fixed    
   4  p3           3.96776e+01   3.12896e-01   3.12896e-03  -2.10711e+00
   5  p4          -3.01514e+00   5.51878e-02   5.51878e-04  -2.29519e+04
   6  p5          -5.57343e-01   9.68772e-03   9.68772e-05   1.99538e+01
   7  p6           0.00000e+00   2.40000e+00   2.40000e-02  -1.13620e-02
   8  p7           7.40832e-01     fixed    
   9  p8           2.93696e-02     fixed    
  10  p9           0.00000e+00   1.00000e+00   1.00000e-02  -1.37997e-01
  11  p10          0.00000e+00   1.00000e+00   1.00000e-02  -8.17572e-01
  12  p11          0.00000e+00     fixed    
                               ERR DEF= 0.5
354
fit result:44.5273 44.5273
The local date and time is: Mon Apr 28 02:13:06 2014

Pseudo exp:19
The local date and time is: Mon Apr 28 02:13:06 2014

cout:546
_cout:3067
true_yield:45
Start pseudo exp fit:19
The local date and time is: Mon Apr 28 02:13:10 2014

 FCN=19.4046 FROM HESSE     STATUS=RESET          30 CALLS         564 TOTAL
                     EDM=2.12246e-07    STRATEGY= 1  ERROR MATRIX UNCERTAINTY 100.0 per cent
  EXT PARAMETER                APPROXIMATE        STEP         FIRST   
  NO.   NAME      VALUE            ERROR          SIZE      DERIVATIVE 
   1  p0           8.31668e-01   1.65293e-01   1.65293e-03   3.26664e+00
   2  p1           5.37004e+00   3.87603e-03   3.87603e-05   1.64262e+02
   3  p2           1.17656e-02     fixed    
   4  p3           4.01191e+01   3.30124e-01   3.30124e-03  -1.99714e+00
   5  p4          -4.52243e+00   5.86094e-02   5.86094e-04  -3.23670e+04
   6  p5          -2.98642e-01   1.03554e-02   1.03554e-04   1.86672e+01
   7  p6           0.00000e+00   2.00000e+00   2.00000e-02  -1.36344e-02
   8  p7           7.40832e-01     fixed    
   9  p8           2.93696e-02     fixed    
  10  p9           0.00000e+00   1.00000e+00   1.00000e-02  -1.37997e-01
  11  p10          0.00000e+00   1.00000e+00   1.00000e-02  -8.17572e-01
  12  p11          0.00000e+00     fixed    
                               ERR DEF= 0.5
351
fit result:41.5834 41.5834
The local date and time is: Mon Apr 28 02:13:10 2014

