000 (263753.000.000) 04/26 03:18:10 Job submitted from host: <18.12.1.74:45694>
...
009 (263753.000.000) 04/26 03:18:32 Job was aborted by the user.
	via condor_rm (by user tawei)
...
000 (263803.000.000) 04/26 03:19:15 Job submitted from host: <18.12.1.74:45694>
...
001 (263803.000.000) 04/26 03:20:36 Job executing on host: <18.12.12.10:45256>
...
006 (263803.000.000) 04/26 03:20:45 Image size of job updated: 272856
	120  -  MemoryUsage of job (MB)
	122192  -  ResidentSetSize of job (KB)
...
006 (263803.000.000) 04/26 03:24:45 Image size of job updated: 316264
	120  -  MemoryUsage of job (MB)
	122192  -  ResidentSetSize of job (KB)
...
005 (263803.000.000) 04/26 03:24:46 Job terminated.
	(1) Normal termination (return value 0)
		Usr 0 00:03:27, Sys 0 00:00:05  -  Run Remote Usage
		Usr 0 00:00:00, Sys 0 00:00:00  -  Run Local Usage
		Usr 0 00:03:27, Sys 0 00:00:05  -  Total Remote Usage
		Usr 0 00:00:00, Sys 0 00:00:00  -  Total Local Usage
	33570  -  Run Bytes Sent By Job
	32579  -  Run Bytes Received By Job
	33570  -  Total Bytes Sent By Job
	32579  -  Total Bytes Received By Job
	Partitionable Resources :    Usage  Request          
	   Cpus                 :                 1          
	   Disk (KB)            :       87       87          
	   Memory (MB)          :      120      120          
...
000 (263905.000.000) 04/26 04:01:38 Job submitted from host: <18.12.1.74:45694>
...
001 (263905.000.000) 04/26 04:02:41 Job executing on host: <18.12.8.198:47373>
...
006 (263905.000.000) 04/26 04:02:49 Image size of job updated: 1
	2  -  MemoryUsage of job (MB)
	1708  -  ResidentSetSize of job (KB)
...
006 (263905.000.000) 04/26 04:07:19 Image size of job updated: 315752
	2  -  MemoryUsage of job (MB)
	1708  -  ResidentSetSize of job (KB)
...
005 (263905.000.000) 04/26 04:07:19 Job terminated.
	(1) Normal termination (return value 0)
		Usr 0 00:03:48, Sys 0 00:00:06  -  Run Remote Usage
		Usr 0 00:00:00, Sys 0 00:00:00  -  Run Local Usage
		Usr 0 00:03:48, Sys 0 00:00:06  -  Total Remote Usage
		Usr 0 00:00:00, Sys 0 00:00:00  -  Total Local Usage
	32788  -  Run Bytes Sent By Job
	32607  -  Run Bytes Received By Job
	32788  -  Total Bytes Sent By Job
	32607  -  Total Bytes Received By Job
	Partitionable Resources :    Usage  Request          
	   Cpus                 :                 1          
	   Disk (KB)            :       86       86          
	   Memory (MB)          :        2        2          
...
000 (265262.000.000) 04/27 23:58:46 Job submitted from host: <18.12.1.74:45694>
...
009 (265262.000.000) 04/27 23:59:18 Job was aborted by the user.
	via condor_rm (by user tawei)
...
000 (265312.000.000) 04/27 23:59:32 Job submitted from host: <18.12.1.74:45694>
...
001 (265312.000.000) 04/27 23:59:38 Job executing on host: <18.12.9.9:49928>
...
006 (265312.000.000) 04/27 23:59:42 Image size of job updated: 1
	0  -  MemoryUsage of job (MB)
	0  -  ResidentSetSize of job (KB)
...
005 (265312.000.000) 04/27 23:59:42 Job terminated.
	(1) Normal termination (return value 1)
		Usr 0 00:00:00, Sys 0 00:00:00  -  Run Remote Usage
		Usr 0 00:00:00, Sys 0 00:00:00  -  Run Local Usage
		Usr 0 00:00:00, Sys 0 00:00:00  -  Total Remote Usage
		Usr 0 00:00:00, Sys 0 00:00:00  -  Total Local Usage
	1146  -  Run Bytes Sent By Job
	32875  -  Run Bytes Received By Job
	1146  -  Total Bytes Sent By Job
	32875  -  Total Bytes Received By Job
	Partitionable Resources :    Usage  Request          
	   Cpus                 :                 1          
	   Disk (KB)            :       56       56          
	   Memory (MB)          :        0        0          
...
000 (265570.000.000) 04/28 02:01:16 Job submitted from host: <18.12.1.74:45694>
...
001 (265570.000.000) 04/28 02:02:09 Job executing on host: <18.12.9.5:48906>
...
006 (265570.000.000) 04/28 02:02:17 Image size of job updated: 1
	2  -  MemoryUsage of job (MB)
	1708  -  ResidentSetSize of job (KB)
...
006 (265570.000.000) 04/28 02:07:17 Image size of job updated: 288572
	151  -  MemoryUsage of job (MB)
	154604  -  ResidentSetSize of job (KB)
...
006 (265570.000.000) 04/28 02:12:18 Image size of job updated: 288572
	151  -  MemoryUsage of job (MB)
	154608  -  ResidentSetSize of job (KB)
...
006 (265570.000.000) 04/28 02:13:41 Image size of job updated: 316316
	151  -  MemoryUsage of job (MB)
	154608  -  ResidentSetSize of job (KB)
...
005 (265570.000.000) 04/28 02:13:41 Job terminated.
	(1) Normal termination (return value 0)
		Usr 0 00:02:33, Sys 0 00:00:03  -  Run Remote Usage
		Usr 0 00:00:00, Sys 0 00:00:00  -  Run Local Usage
		Usr 0 00:02:33, Sys 0 00:00:03  -  Total Remote Usage
		Usr 0 00:00:00, Sys 0 00:00:00  -  Total Local Usage
	32775  -  Run Bytes Sent By Job
	32889  -  Run Bytes Received By Job
	32775  -  Total Bytes Sent By Job
	32889  -  Total Bytes Received By Job
	Partitionable Resources :    Usage  Request          
	   Cpus                 :                 1          
	   Disk (KB)            :       87       87          
	   Memory (MB)          :      151      151          
...
