000 (263721.000.000) 04/26 03:18:06 Job submitted from host: <18.12.1.74:45694>
...
009 (263721.000.000) 04/26 03:18:32 Job was aborted by the user.
	via condor_rm (by user tawei)
...
000 (263771.000.000) 04/26 03:19:12 Job submitted from host: <18.12.1.74:45694>
...
001 (263771.000.000) 04/26 03:20:35 Job executing on host: <18.12.8.199:44380>
...
006 (263771.000.000) 04/26 03:20:44 Image size of job updated: 13632
	2  -  MemoryUsage of job (MB)
	1884  -  ResidentSetSize of job (KB)
...
006 (263771.000.000) 04/26 03:24:54 Image size of job updated: 316136
	2  -  MemoryUsage of job (MB)
	1884  -  ResidentSetSize of job (KB)
...
005 (263771.000.000) 04/26 03:24:54 Job terminated.
	(1) Normal termination (return value 0)
		Usr 0 00:03:24, Sys 0 00:00:05  -  Run Remote Usage
		Usr 0 00:00:00, Sys 0 00:00:00  -  Run Local Usage
		Usr 0 00:03:24, Sys 0 00:00:05  -  Total Remote Usage
		Usr 0 00:00:00, Sys 0 00:00:00  -  Total Local Usage
	33514  -  Run Bytes Sent By Job
	32579  -  Run Bytes Received By Job
	33514  -  Total Bytes Sent By Job
	32579  -  Total Bytes Received By Job
	Partitionable Resources :    Usage  Request          
	   Cpus                 :                 1          
	   Disk (KB)            :       87       87          
	   Memory (MB)          :        2        2          
...
000 (263873.000.000) 04/26 04:01:34 Job submitted from host: <18.12.1.74:45694>
...
001 (263873.000.000) 04/26 04:02:38 Job executing on host: <18.12.8.40:40657>
...
006 (263873.000.000) 04/26 04:02:48 Image size of job updated: 200812
	102  -  MemoryUsage of job (MB)
	104028  -  ResidentSetSize of job (KB)
...
006 (263873.000.000) 04/26 04:07:48 Image size of job updated: 313136
	165  -  MemoryUsage of job (MB)
	168148  -  ResidentSetSize of job (KB)
...
006 (263873.000.000) 04/26 04:08:53 Image size of job updated: 316148
	165  -  MemoryUsage of job (MB)
	168148  -  ResidentSetSize of job (KB)
...
005 (263873.000.000) 04/26 04:08:53 Job terminated.
	(1) Normal termination (return value 0)
		Usr 0 00:05:18, Sys 0 00:00:13  -  Run Remote Usage
		Usr 0 00:00:00, Sys 0 00:00:00  -  Run Local Usage
		Usr 0 00:05:18, Sys 0 00:00:13  -  Total Remote Usage
		Usr 0 00:00:00, Sys 0 00:00:00  -  Total Local Usage
	32783  -  Run Bytes Sent By Job
	32607  -  Run Bytes Received By Job
	32783  -  Total Bytes Sent By Job
	32607  -  Total Bytes Received By Job
	Partitionable Resources :    Usage  Request          
	   Cpus                 :                 1          
	   Disk (KB)            :      428      428          
	   Memory (MB)          :      165      165          
...
000 (265230.000.000) 04/27 23:58:34 Job submitted from host: <18.12.1.74:45694>
...
009 (265230.000.000) 04/27 23:59:18 Job was aborted by the user.
	via condor_rm (by user tawei)
...
000 (265280.000.000) 04/27 23:59:28 Job submitted from host: <18.12.1.74:45694>
...
001 (265280.000.000) 04/27 23:59:36 Job executing on host: <18.12.8.251:43504>
...
006 (265280.000.000) 04/27 23:59:39 Image size of job updated: 1
	0  -  MemoryUsage of job (MB)
	0  -  ResidentSetSize of job (KB)
...
005 (265280.000.000) 04/27 23:59:39 Job terminated.
	(1) Normal termination (return value 1)
		Usr 0 00:00:00, Sys 0 00:00:00  -  Run Remote Usage
		Usr 0 00:00:00, Sys 0 00:00:00  -  Run Local Usage
		Usr 0 00:00:00, Sys 0 00:00:00  -  Total Remote Usage
		Usr 0 00:00:00, Sys 0 00:00:00  -  Total Local Usage
	1142  -  Run Bytes Sent By Job
	32875  -  Run Bytes Received By Job
	1142  -  Total Bytes Sent By Job
	32875  -  Total Bytes Received By Job
	Partitionable Resources :    Usage  Request          
	   Cpus                 :                 1          
	   Disk (KB)            :       56       56          
	   Memory (MB)          :        0        0          
...
000 (265538.000.000) 04/28 02:01:12 Job submitted from host: <18.12.1.74:45694>
...
001 (265538.000.000) 04/28 02:02:06 Job executing on host: <18.12.8.197:40000>
...
006 (265538.000.000) 04/28 02:02:15 Image size of job updated: 67644
	15  -  MemoryUsage of job (MB)
	15308  -  ResidentSetSize of job (KB)
...
006 (265538.000.000) 04/28 02:07:16 Image size of job updated: 288568
	151  -  MemoryUsage of job (MB)
	153688  -  ResidentSetSize of job (KB)
...
006 (265538.000.000) 04/28 02:14:21 Image size of job updated: 316164
	151  -  MemoryUsage of job (MB)
	153688  -  ResidentSetSize of job (KB)
...
005 (265538.000.000) 04/28 02:14:21 Job terminated.
	(1) Normal termination (return value 0)
		Usr 0 00:02:50, Sys 0 00:00:03  -  Run Remote Usage
		Usr 0 00:00:00, Sys 0 00:00:00  -  Run Local Usage
		Usr 0 00:02:50, Sys 0 00:00:03  -  Total Remote Usage
		Usr 0 00:00:00, Sys 0 00:00:00  -  Total Local Usage
	32894  -  Run Bytes Sent By Job
	32889  -  Run Bytes Received By Job
	32894  -  Total Bytes Sent By Job
	32889  -  Total Bytes Received By Job
	Partitionable Resources :    Usage  Request          
	   Cpus                 :                 1          
	   Disk (KB)            :       87       87          
	   Memory (MB)          :      151      151          
...
