000 (263715.000.000) 04/26 03:18:06 Job submitted from host: <18.12.1.74:45694>
...
009 (263715.000.000) 04/26 03:18:32 Job was aborted by the user.
	via condor_rm (by user tawei)
...
000 (263765.000.000) 04/26 03:19:11 Job submitted from host: <18.12.1.74:45694>
...
001 (263765.000.000) 04/26 03:20:34 Job executing on host: <18.12.8.246:43504>
...
006 (263765.000.000) 04/26 03:20:43 Image size of job updated: 118440
	30  -  MemoryUsage of job (MB)
	29884  -  ResidentSetSize of job (KB)
...
006 (263765.000.000) 04/26 03:24:12 Image size of job updated: 315748
	30  -  MemoryUsage of job (MB)
	29884  -  ResidentSetSize of job (KB)
...
005 (263765.000.000) 04/26 03:24:12 Job terminated.
	(1) Normal termination (return value 0)
		Usr 0 00:02:53, Sys 0 00:00:04  -  Run Remote Usage
		Usr 0 00:00:00, Sys 0 00:00:00  -  Run Local Usage
		Usr 0 00:02:53, Sys 0 00:00:04  -  Total Remote Usage
		Usr 0 00:00:00, Sys 0 00:00:00  -  Total Local Usage
	33453  -  Run Bytes Sent By Job
	32579  -  Run Bytes Received By Job
	33453  -  Total Bytes Sent By Job
	32579  -  Total Bytes Received By Job
	Partitionable Resources :    Usage  Request          
	   Cpus                 :                 1          
	   Disk (KB)            :       87       87          
	   Memory (MB)          :       30       30          
...
000 (263867.000.000) 04/26 04:01:33 Job submitted from host: <18.12.1.74:45694>
...
001 (263867.000.000) 04/26 04:02:37 Job executing on host: <18.12.12.11:41679>
...
006 (263867.000.000) 04/26 04:02:45 Image size of job updated: 210924
	104  -  MemoryUsage of job (MB)
	106132  -  ResidentSetSize of job (KB)
...
006 (263867.000.000) 04/26 04:07:45 Image size of job updated: 315424
	166  -  MemoryUsage of job (MB)
	169492  -  ResidentSetSize of job (KB)
...
006 (263867.000.000) 04/26 04:08:02 Image size of job updated: 316140
	166  -  MemoryUsage of job (MB)
	169492  -  ResidentSetSize of job (KB)
...
005 (263867.000.000) 04/26 04:08:02 Job terminated.
	(1) Normal termination (return value 0)
		Usr 0 00:04:36, Sys 0 00:00:07  -  Run Remote Usage
		Usr 0 00:00:00, Sys 0 00:00:00  -  Run Local Usage
		Usr 0 00:04:36, Sys 0 00:00:07  -  Total Remote Usage
		Usr 0 00:00:00, Sys 0 00:00:00  -  Total Local Usage
	32831  -  Run Bytes Sent By Job
	32607  -  Run Bytes Received By Job
	32831  -  Total Bytes Sent By Job
	32607  -  Total Bytes Received By Job
	Partitionable Resources :    Usage  Request          
	   Cpus                 :                 1          
	   Disk (KB)            :      614      614          
	   Memory (MB)          :      166      166          
...
000 (265224.000.000) 04/27 23:58:32 Job submitted from host: <18.12.1.74:45694>
...
009 (265224.000.000) 04/27 23:59:18 Job was aborted by the user.
	via condor_rm (by user tawei)
...
000 (265274.000.000) 04/27 23:59:27 Job submitted from host: <18.12.1.74:45694>
...
001 (265274.000.000) 04/27 23:59:35 Job executing on host: <18.12.8.233:46935>
...
006 (265274.000.000) 04/27 23:59:40 Image size of job updated: 1
	0  -  MemoryUsage of job (MB)
	0  -  ResidentSetSize of job (KB)
...
005 (265274.000.000) 04/27 23:59:40 Job terminated.
	(1) Normal termination (return value 1)
		Usr 0 00:00:00, Sys 0 00:00:00  -  Run Remote Usage
		Usr 0 00:00:00, Sys 0 00:00:00  -  Run Local Usage
		Usr 0 00:00:00, Sys 0 00:00:00  -  Total Remote Usage
		Usr 0 00:00:00, Sys 0 00:00:00  -  Total Local Usage
	1143  -  Run Bytes Sent By Job
	32875  -  Run Bytes Received By Job
	1143  -  Total Bytes Sent By Job
	32875  -  Total Bytes Received By Job
	Partitionable Resources :    Usage  Request          
	   Cpus                 :                 1          
	   Disk (KB)            :       56       56          
	   Memory (MB)          :        0        0          
...
000 (265532.000.000) 04/28 02:01:10 Job submitted from host: <18.12.1.74:45694>
...
001 (265532.000.000) 04/28 02:02:06 Job executing on host: <18.12.8.227:44015>
...
006 (265532.000.000) 04/28 02:02:14 Image size of job updated: 1
	2  -  MemoryUsage of job (MB)
	1716  -  ResidentSetSize of job (KB)
...
006 (265532.000.000) 04/28 02:07:14 Image size of job updated: 288564
	151  -  MemoryUsage of job (MB)
	153688  -  ResidentSetSize of job (KB)
...
006 (265532.000.000) 04/28 02:10:22 Image size of job updated: 315792
	151  -  MemoryUsage of job (MB)
	153688  -  ResidentSetSize of job (KB)
...
005 (265532.000.000) 04/28 02:10:22 Job terminated.
	(1) Normal termination (return value 0)
		Usr 0 00:02:34, Sys 0 00:00:04  -  Run Remote Usage
		Usr 0 00:00:00, Sys 0 00:00:00  -  Run Local Usage
		Usr 0 00:02:34, Sys 0 00:00:04  -  Total Remote Usage
		Usr 0 00:00:00, Sys 0 00:00:00  -  Total Local Usage
	32894  -  Run Bytes Sent By Job
	32889  -  Run Bytes Received By Job
	32894  -  Total Bytes Sent By Job
	32889  -  Total Bytes Received By Job
	Partitionable Resources :    Usage  Request          
	   Cpus                 :                 1          
	   Disk (KB)            :       87       87          
	   Memory (MB)          :      151      151          
...
