/export/data1/condor/execute/dir_7673
gcc (GCC) 4.6.2
Copyright (C) 2011 Free Software Foundation, Inc.
This is free software; see the source for copying conditions.  There is NO
warranty; not even for MERCHANTABILITY or FITNESS FOR A PARTICULAR PURPOSE.

5.32/00
Linux version 2.6.32-358.el6.x86_64 (mockbuild@sl6.fnal.gov) (gcc version 4.4.7 20120313 (Red Hat 4.4.7-3) (GCC) ) #1 SMP Fri Feb 22 20:37:17 CST 2013

Processing fitBs.C(37)...
The local date and time is: Mon Apr 28 02:03:35 2014

 FCN=51.09 FROM HESSE     STATUS=RESET          35 CALLS         818 TOTAL
                     EDM=1.74677e-07    STRATEGY= 1  ERROR MATRIX UNCERTAINTY 100.0 per cent
  EXT PARAMETER                APPROXIMATE        STEP         FIRST   
  NO.   NAME      VALUE            ERROR          SIZE      DERIVATIVE 
   1  p0           1.46834e+02   1.71547e+00   1.71547e-02   3.14754e-01
   2  p1           5.36991e+00   1.80509e-04   1.80509e-06   3.52717e+03
   3  p2           1.17656e-02   1.36451e-04   1.36451e-06  -3.26142e-01
   4  p3           1.28682e+01   1.57196e-01   1.57196e-03  -2.68056e+00
   5  p4          -2.04693e-02   2.71701e-02   2.71701e-04   1.45628e+02
   6  p5          -3.51569e-01   4.68012e-03   4.68012e-05  -5.82654e+00
   7  p6           0.00000e+00   2.82843e+00   2.82843e-02  -4.87893e-02
   8  p7           7.40832e-01   1.00098e-02   1.00098e-04  -1.55201e+01
   9  p8           2.93696e-02   6.11333e-04   6.11333e-06   5.60321e-01
  10  p9           0.00000e+00   1.00000e+00   1.00000e-02   2.81800e-02
  11  p10          0.00000e+00   1.00000e+00   1.00000e-02   4.32797e-01
  12  p11          0.00000e+00     fixed    
                               ERR DEF= 0.5
 FCN=19.702 FROM HESSE     STATUS=RESET          30 CALLS         507 TOTAL
                     EDM=3.56714e-09    STRATEGY= 1  ERROR MATRIX UNCERTAINTY 100.0 per cent
  EXT PARAMETER                APPROXIMATE        STEP         FIRST   
  NO.   NAME      VALUE            ERROR          SIZE      DERIVATIVE 
   1  p0           8.80688e-01   1.62070e-01   1.62070e-03   3.33161e+00
   2  p1           5.37091e+00   2.64329e-03   2.64329e-05   2.40869e+02
   3  p2           1.17656e-02     fixed    
   4  p3           1.07018e+02   3.23872e-01   3.23872e-03  -2.03570e+00
   5  p4          -2.82726e+01   5.74207e-02   5.74207e-04  -2.01608e+05
   6  p5           1.80062e+00   1.01328e-02   1.01328e-04   1.90773e+01
   7  p6           0.00000e+00   5.65685e+00   5.65685e-02  -4.82050e-03
   8  p7           7.40832e-01     fixed    
   9  p8           2.93696e-02     fixed    
  10  p9           0.00000e+00   1.00000e+00   1.00000e-02  -1.37997e-01
  11  p10          0.00000e+00   1.00000e+00   1.00000e-02  -8.17572e-01
  12  p11          0.00000e+00     fixed    
                               ERR DEF= 0.5
351
fit result:44.0344 44.0344
The local date and time is: Mon Apr 28 02:16:54 2014

Got Nsig:512/44.0344
Got extracted:44.0344
Pseudo exp:0
The local date and time is: Mon Apr 28 02:16:54 2014

cout:512
_cout:3025
true_yield:34
Start pseudo exp fit:0
The local date and time is: Mon Apr 28 02:16:58 2014

 FCN=36.6843 FROM HESSE     STATUS=RESET          30 CALLS         507 TOTAL
                     EDM=5.72632e-08    STRATEGY= 1  ERROR MATRIX UNCERTAINTY 100.0 per cent
  EXT PARAMETER                APPROXIMATE        STEP         FIRST   
  NO.   NAME      VALUE            ERROR          SIZE      DERIVATIVE 
   1  p0           6.50255e-01   1.52056e-01   1.52056e-03   3.55102e+00
   2  p1           5.36466e+00   4.18032e-03   4.18032e-05   1.52305e+02
   3  p2           1.17656e-02     fixed    
   4  p3           2.33741e+02   3.07048e-01   3.07048e-03  -2.14724e+00
   5  p4          -7.25447e+01   5.41046e-02   5.41046e-04  -5.23999e+05
   6  p5           5.65061e+00   9.48961e-03   9.48961e-05   2.03703e+01
   7  p6           0.00000e+00   8.00000e+00   8.00000e-02  -3.40861e-03
   8  p7           7.40832e-01     fixed    
   9  p8           2.93696e-02     fixed    
  10  p9           0.00000e+00   1.00000e+00   1.00000e-02  -1.37997e-01
  11  p10          0.00000e+00   1.00000e+00   1.00000e-02  -8.17572e-01
  12  p11          0.00000e+00     fixed    
                               ERR DEF= 0.5
340
fit result:32.5127 32.5128
The local date and time is: Mon Apr 28 02:16:58 2014

Pseudo exp:1
The local date and time is: Mon Apr 28 02:16:58 2014

cout:512
_cout:2930
true_yield:48
Start pseudo exp fit:1
The local date and time is: Mon Apr 28 02:17:01 2014

 FCN=22.5966 FROM HESSE     STATUS=RESET          30 CALLS         507 TOTAL
                     EDM=3.2032e-07    STRATEGY= 1  ERROR MATRIX UNCERTAINTY 100.0 per cent
  EXT PARAMETER                APPROXIMATE        STEP         FIRST   
  NO.   NAME      VALUE            ERROR          SIZE      DERIVATIVE 
   1  p0           8.38371e-01   1.64537e-01   1.64537e-03   3.28165e+00
   2  p1           5.37483e+00   3.40106e-03   3.40106e-05   1.87202e+02
   3  p2           1.17656e-02     fixed    
   4  p3           4.33291e+01   3.37982e-01   3.37982e-03  -1.95071e+00
   5  p4          -6.55322e+00   6.01328e-02   6.01328e-04  -4.56199e+04
   6  p5          -3.44714e-02   1.06435e-02   1.06435e-04   1.81619e+01
   7  p6           0.00000e+00   2.40000e+00   2.40000e-02  -1.13620e-02
   8  p7           7.40832e-01     fixed    
   9  p8           2.93696e-02     fixed    
  10  p9           0.00000e+00   1.00000e+00   1.00000e-02  -1.37997e-01
  11  p10          0.00000e+00   1.00000e+00   1.00000e-02  -8.17572e-01
  12  p11          0.00000e+00     fixed    
                               ERR DEF= 0.5
354
fit result:41.9186 41.9186
The local date and time is: Mon Apr 28 02:17:01 2014

Pseudo exp:2
The local date and time is: Mon Apr 28 02:17:01 2014

cout:512
_cout:3018
true_yield:45
Start pseudo exp fit:2
The local date and time is: Mon Apr 28 02:17:05 2014

 FCN=24.66 FROM HESSE     STATUS=RESET          30 CALLS         551 TOTAL
                     EDM=2.80692e-07    STRATEGY= 1  ERROR MATRIX UNCERTAINTY 100.0 per cent
  EXT PARAMETER                APPROXIMATE        STEP         FIRST   
  NO.   NAME      VALUE            ERROR          SIZE      DERIVATIVE 
   1  p0           9.65304e-01   1.72589e-01   1.72589e-03   3.12855e+00
   2  p1           5.37333e+00   3.01678e-03   3.01678e-05   2.11048e+02
   3  p2           1.17656e-02     fixed    
   4  p3           4.17958e+01   3.19233e-01   3.19233e-03  -2.06527e+00
   5  p4          -4.58084e+00   5.65012e-02   5.65012e-04  -3.40063e+04
   6  p5          -3.47571e-01   9.95213e-03   9.95213e-05   1.94236e+01
   7  p6           0.00000e+00   2.00000e+00   2.00000e-02  -1.36344e-02
   8  p7           7.40832e-01     fixed    
   9  p8           2.93696e-02     fixed    
  10  p9           0.00000e+00   1.00000e+00   1.00000e-02  -1.37997e-01
  11  p10          0.00000e+00   1.00000e+00   1.00000e-02  -8.17572e-01
  12  p11          0.00000e+00     fixed    
                               ERR DEF= 0.5
351
fit result:48.2652 48.2652
The local date and time is: Mon Apr 28 02:17:05 2014

Pseudo exp:3
The local date and time is: Mon Apr 28 02:17:05 2014

cout:512
_cout:2796
true_yield:52
Start pseudo exp fit:3
The local date and time is: Mon Apr 28 02:17:08 2014

 FCN=26.4759 FROM HESSE     STATUS=RESET          30 CALLS         507 TOTAL
                     EDM=2.31151e-08    STRATEGY= 1  ERROR MATRIX UNCERTAINTY 100.0 per cent
  EXT PARAMETER                APPROXIMATE        STEP         FIRST   
  NO.   NAME      VALUE            ERROR          SIZE      DERIVATIVE 
   1  p0           9.92953e-01   1.71381e-01   1.71381e-03   3.15060e+00
   2  p1           5.36537e+00   2.51891e-03   2.51891e-05   2.52763e+02
   3  p2           1.17656e-02     fixed    
   4  p3           1.77918e+02   3.24780e-01   3.24780e-03  -2.03001e+00
   5  p4          -5.38287e+01   5.75655e-02   5.75655e-04  -3.72810e+05
   6  p5           4.09794e+00   1.01552e-02   1.01552e-04   1.90352e+01
   7  p6           0.00000e+00   8.00000e+00   8.00000e-02  -3.40861e-03
   8  p7           7.40832e-01     fixed    
   9  p8           2.93696e-02     fixed    
  10  p9           0.00000e+00   1.00000e+00   1.00000e-02  -1.37997e-01
  11  p10          0.00000e+00   1.00000e+00   1.00000e-02  -8.17572e-01
  12  p11          0.00000e+00     fixed    
                               ERR DEF= 0.5
358
fit result:49.6476 49.6477
The local date and time is: Mon Apr 28 02:17:08 2014

Pseudo exp:4
The local date and time is: Mon Apr 28 02:17:08 2014

cout:512
_cout:2737
true_yield:45
Start pseudo exp fit:4
The local date and time is: Mon Apr 28 02:17:11 2014

 FCN=19.6433 FROM HESSE     STATUS=RESET          30 CALLS         506 TOTAL
                     EDM=1.25698e-09    STRATEGY= 1  ERROR MATRIX UNCERTAINTY 100.0 per cent
  EXT PARAMETER                APPROXIMATE        STEP         FIRST   
  NO.   NAME      VALUE            ERROR          SIZE      DERIVATIVE 
   1  p0           8.76042e-01   1.70635e-01   1.70635e-03   3.16436e+00
   2  p1           5.36447e+00   4.44968e-03   4.44968e-05   1.43086e+02
   3  p2           1.17656e-02     fixed    
   4  p3           2.83323e+02   3.22816e-01   3.22816e-03  -2.04235e+00
   5  p4          -9.16926e+01   5.72276e-02   5.72276e-04  -6.13236e+05
   6  p5           7.48783e+00   1.01005e-02   1.01005e-04   1.91383e+01
   7  p6           0.00000e+00   5.65685e+00   5.65685e-02  -4.82050e-03
   8  p7           7.40832e-01     fixed    
   9  p8           2.93696e-02     fixed    
  10  p9           0.00000e+00   1.00000e+00   1.00000e-02  -1.37997e-01
  11  p10          0.00000e+00   1.00000e+00   1.00000e-02  -8.17572e-01
  12  p11          0.00000e+00     fixed    
                               ERR DEF= 0.5
351
fit result:43.8021 43.8021
The local date and time is: Mon Apr 28 02:17:12 2014

Pseudo exp:5
The local date and time is: Mon Apr 28 02:17:12 2014

cout:512
_cout:2920
true_yield:59
Start pseudo exp fit:5
The local date and time is: Mon Apr 28 02:17:15 2014

 FCN=24.9776 FROM HESSE     STATUS=RESET          30 CALLS         516 TOTAL
                     EDM=1.03209e-08    STRATEGY= 1  ERROR MATRIX UNCERTAINTY 100.0 per cent
  EXT PARAMETER                APPROXIMATE        STEP         FIRST   
  NO.   NAME      VALUE            ERROR          SIZE      DERIVATIVE 
   1  p0           9.84207e-01   1.74615e-01   1.74615e-03   3.09224e+00
   2  p1           5.37083e+00   3.07367e-03   3.07367e-05   2.07142e+02
   3  p2           1.17656e-02     fixed    
   4  p3           3.15056e+01   3.15617e-01   3.15617e-03  -2.08894e+00
   5  p4          -7.18489e-04   1.07828e+00   1.07828e-02  -1.05305e+02
   6  p5          -8.30353e-01   9.74775e-03   9.74775e-05   1.98309e+01
   7  p6           0.00000e+00   1.00000e+00   1.00000e-02  -2.72689e-02
   8  p7           7.40832e-01     fixed    
   9  p8           2.93696e-02     fixed    
  10  p9           0.00000e+00   1.00000e+00   1.00000e-02  -1.37997e-01
  11  p10          0.00000e+00   1.00000e+00   1.00000e-02  -8.17572e-01
  12  p11          0.00000e+00     fixed    
                               ERR DEF= 0.5
365
fit result:49.2104 49.2104
The local date and time is: Mon Apr 28 02:17:15 2014

Pseudo exp:6
The local date and time is: Mon Apr 28 02:17:15 2014

cout:512
_cout:2859
true_yield:33
Start pseudo exp fit:6
The local date and time is: Mon Apr 28 02:17:18 2014

 FCN=29.3448 FROM HESSE     STATUS=RESET          30 CALLS         507 TOTAL
                     EDM=7.92616e-08    STRATEGY= 1  ERROR MATRIX UNCERTAINTY 100.0 per cent
  EXT PARAMETER                APPROXIMATE        STEP         FIRST   
  NO.   NAME      VALUE            ERROR          SIZE      DERIVATIVE 
   1  p0           6.93115e-01   1.53417e-01   1.53417e-03   3.51951e+00
   2  p1           5.37179e+00   4.21374e-03   4.21374e-05   1.51097e+02
   3  p2           1.17656e-02     fixed    
   4  p3           1.49549e+02   3.39846e-01   3.39846e-03  -1.94001e+00
   5  p4          -4.60335e+01   6.06858e-02   6.06858e-04  -3.04920e+05
   6  p5           3.61719e+00   1.07827e-02   1.07827e-04   1.79276e+01
   7  p6           0.00000e+00   5.65685e+00   5.65685e-02  -4.82050e-03
   8  p7           7.40832e-01     fixed    
   9  p8           2.93696e-02     fixed    
  10  p9           0.00000e+00   1.00000e+00   1.00000e-02  -1.37997e-01
  11  p10          0.00000e+00   1.00000e+00   1.00000e-02  -8.17572e-01
  12  p11          0.00000e+00     fixed    
                               ERR DEF= 0.5
339
fit result:34.6558 34.6558
The local date and time is: Mon Apr 28 02:17:19 2014

Pseudo exp:7
The local date and time is: Mon Apr 28 02:17:19 2014

cout:512
_cout:2704
true_yield:39
Start pseudo exp fit:7
The local date and time is: Mon Apr 28 02:17:22 2014

 FCN=19.9007 FROM HESSE     STATUS=RESET          30 CALLS         530 TOTAL
                     EDM=4.67518e-08    STRATEGY= 1  ERROR MATRIX UNCERTAINTY 100.0 per cent
  EXT PARAMETER                APPROXIMATE        STEP         FIRST   
  NO.   NAME      VALUE            ERROR          SIZE      DERIVATIVE 
   1  p0           6.09813e-01   1.45367e-01   1.45367e-03   3.71440e+00
   2  p1           5.37351e+00   3.54062e-03   3.54062e-05   1.79823e+02
   3  p2           1.17656e-02     fixed    
   4  p3           1.08385e+02   3.13592e-01   3.13592e-03  -2.10243e+00
   5  p4          -2.73229e+01   5.53437e-02   5.53437e-04  -2.02346e+05
   6  p5           1.58834e+00   9.72302e-03   9.72302e-05   1.98813e+01
   7  p6           0.00000e+00   1.41421e+00   1.41421e-02  -1.92820e-02
   8  p7           7.40832e-01     fixed    
   9  p8           2.93696e-02     fixed    
  10  p9           0.00000e+00   1.00000e+00   1.00000e-02  -1.37997e-01
  11  p10          0.00000e+00   1.00000e+00   1.00000e-02  -8.17572e-01
  12  p11          0.00000e+00     fixed    
                               ERR DEF= 0.5
345
fit result:30.4906 30.4907
The local date and time is: Mon Apr 28 02:17:22 2014

Pseudo exp:8
The local date and time is: Mon Apr 28 02:17:22 2014

cout:512
_cout:2716
true_yield:56
Start pseudo exp fit:8
The local date and time is: Mon Apr 28 02:17:25 2014

 FCN=34.207 FROM HESSE     STATUS=RESET          30 CALLS         507 TOTAL
                     EDM=7.88922e-09    STRATEGY= 1  ERROR MATRIX UNCERTAINTY 100.0 per cent
  EXT PARAMETER                APPROXIMATE        STEP         FIRST   
  NO.   NAME      VALUE            ERROR          SIZE      DERIVATIVE 
   1  p0           1.05877e+00   1.76262e-01   1.76262e-03   3.06334e+00
   2  p1           5.37342e+00   2.63945e-03   2.63945e-05   2.41219e+02
   3  p2           1.17656e-02     fixed    
   4  p3           1.64488e+02   3.17500e-01   3.17500e-03  -2.07655e+00
   5  p4          -4.80535e+01   5.61626e-02   5.61626e-04  -3.43207e+05
   6  p5           3.49404e+00   9.89196e-03   9.89196e-05   1.95418e+01
   7  p6           0.00000e+00   3.01641e+02   3.01641e+00  -9.04017e-05
   8  p7           7.40832e-01     fixed    
   9  p8           2.93696e-02     fixed    
  10  p9           0.00000e+00   1.00000e+00   1.00000e-02  -1.37997e-01
  11  p10          0.00000e+00   1.00000e+00   1.00000e-02  -8.17572e-01
  12  p11          0.00000e+00     fixed    
                               ERR DEF= 0.5
362
fit result:52.9384 52.9384
The local date and time is: Mon Apr 28 02:17:25 2014

Pseudo exp:9
The local date and time is: Mon Apr 28 02:17:25 2014

cout:512
_cout:2998
true_yield:36
Start pseudo exp fit:9
The local date and time is: Mon Apr 28 02:17:29 2014

 FCN=20.1411 FROM HESSE     STATUS=RESET          30 CALLS         527 TOTAL
                     EDM=9.17294e-07    STRATEGY= 1  ERROR MATRIX UNCERTAINTY 100.0 per cent
  EXT PARAMETER                APPROXIMATE        STEP         FIRST   
  NO.   NAME      VALUE            ERROR          SIZE      DERIVATIVE 
   1  p0           6.49332e-01   1.53427e-01   1.53427e-03   3.51928e+00
   2  p1           5.36992e+00   5.37834e-03   5.37834e-05   1.18380e+02
   3  p2           1.17656e-02     fixed    
   4  p3           2.77814e+01   3.28563e-01   3.28563e-03  -2.00663e+00
   5  p4          -6.69198e-04   1.20935e+00   1.20935e-02  -1.05301e+02
   6  p5          -7.11695e-01   1.02977e-02   1.02977e-04   1.87718e+01
   7  p6           0.00000e+00   1.41421e+00   1.41421e-02  -1.92820e-02
   8  p7           7.40832e-01     fixed    
   9  p8           2.93696e-02     fixed    
  10  p9           0.00000e+00   1.00000e+00   1.00000e-02  -1.37997e-01
  11  p10          0.00000e+00   1.00000e+00   1.00000e-02  -8.17572e-01
  12  p11          0.00000e+00     fixed    
                               ERR DEF= 0.5
342
fit result:32.4666 32.4666
The local date and time is: Mon Apr 28 02:17:29 2014

Pseudo exp:10
The local date and time is: Mon Apr 28 02:17:29 2014

cout:512
_cout:2792
true_yield:44
Start pseudo exp fit:10
The local date and time is: Mon Apr 28 02:17:32 2014

 FCN=18.3171 FROM HESSE     STATUS=RESET          30 CALLS         507 TOTAL
                     EDM=2.13902e-07    STRATEGY= 1  ERROR MATRIX UNCERTAINTY 100.0 per cent
  EXT PARAMETER                APPROXIMATE        STEP         FIRST   
  NO.   NAME      VALUE            ERROR          SIZE      DERIVATIVE 
   1  p0           9.48069e-01   1.71534e-01   1.71534e-03   3.14778e+00
   2  p1           5.37038e+00   3.41005e-03   3.41005e-05   1.86709e+02
   3  p2           1.17656e-02     fixed    
   4  p3           5.75226e+01   3.30600e-01   3.30600e-03  -1.99427e+00
   5  p4          -1.14628e+01   5.87739e-02   5.87739e-04  -8.12389e+04
   6  p5           3.81563e-01   1.03981e-02   1.03981e-04   1.85906e+01
   7  p6           0.00000e+00   2.00000e+00   2.00000e-02  -1.36344e-02
   8  p7           7.40832e-01     fixed    
   9  p8           2.93696e-02     fixed    
  10  p9           0.00000e+00   1.00000e+00   1.00000e-02  -1.37997e-01
  11  p10          0.00000e+00   1.00000e+00   1.00000e-02  -8.17572e-01
  12  p11          0.00000e+00     fixed    
                               ERR DEF= 0.5
350
fit result:47.4034 47.4035
The local date and time is: Mon Apr 28 02:17:33 2014

Pseudo exp:11
The local date and time is: Mon Apr 28 02:17:33 2014

cout:512
_cout:2811
true_yield:34
Start pseudo exp fit:11
The local date and time is: Mon Apr 28 02:17:36 2014

 FCN=17.4647 FROM HESSE     STATUS=RESET          30 CALLS         507 TOTAL
                     EDM=3.33659e-08    STRATEGY= 1  ERROR MATRIX UNCERTAINTY 100.0 per cent
  EXT PARAMETER                APPROXIMATE        STEP         FIRST   
  NO.   NAME      VALUE            ERROR          SIZE      DERIVATIVE 
   1  p0           6.68718e-01   1.53151e-01   1.53151e-03   3.52561e+00
   2  p1           5.37290e+00   4.43646e-03   4.43646e-05   1.43512e+02
   3  p2           1.17656e-02     fixed    
   4  p3           1.49366e+02   3.34997e-01   3.34997e-03  -1.96809e+00
   5  p4          -4.49506e+01   5.96651e-02   5.96651e-04  -3.03185e+05
   6  p5           3.42833e+00   1.05758e-02   1.05758e-04   1.82782e+01
   7  p6           0.00000e+00   4.72290e+03   4.72290e+01  -5.77376e-06
   8  p7           7.40832e-01     fixed    
   9  p8           2.93696e-02     fixed    
  10  p9           0.00000e+00   1.00000e+00   1.00000e-02  -1.37997e-01
  11  p10          0.00000e+00   1.00000e+00   1.00000e-02  -8.17572e-01
  12  p11          0.00000e+00     fixed    
                               ERR DEF= 0.5
340
fit result:33.4359 33.4359
The local date and time is: Mon Apr 28 02:17:36 2014

Pseudo exp:12
The local date and time is: Mon Apr 28 02:17:36 2014

cout:512
_cout:2709
true_yield:37
Start pseudo exp fit:12
The local date and time is: Mon Apr 28 02:17:39 2014

 FCN=15.2102 FROM HESSE     STATUS=RESET          30 CALLS         507 TOTAL
                     EDM=2.82025e-08    STRATEGY= 1  ERROR MATRIX UNCERTAINTY 100.0 per cent
  EXT PARAMETER                APPROXIMATE        STEP         FIRST   
  NO.   NAME      VALUE            ERROR          SIZE      DERIVATIVE 
   1  p0           5.54504e-01   1.44579e-01   1.44579e-03   3.73464e+00
   2  p1           5.37750e+00   4.80151e-03   4.80151e-05   1.32601e+02
   3  p2           1.17656e-02     fixed    
   4  p3           1.64896e+02   3.43717e-01   3.43717e-03  -1.91816e+00
   5  p4          -5.10454e+01   6.13553e-02   6.13553e-04  -3.32672e+05
   6  p5           4.02725e+00   1.08990e-02   1.08990e-04   1.77362e+01
   7  p6           0.00000e+00   5.65685e+00   5.65685e-02  -4.82050e-03
   8  p7           7.40832e-01     fixed    
   9  p8           2.93696e-02     fixed    
  10  p9           0.00000e+00   1.00000e+00   1.00000e-02  -1.37997e-01
  11  p10          0.00000e+00   1.00000e+00   1.00000e-02  -8.17572e-01
  12  p11          0.00000e+00     fixed    
                               ERR DEF= 0.5
343
fit result:27.7252 27.7252
The local date and time is: Mon Apr 28 02:17:40 2014

Pseudo exp:13
The local date and time is: Mon Apr 28 02:17:40 2014

cout:512
_cout:2674
true_yield:36
Start pseudo exp fit:13
The local date and time is: Mon Apr 28 02:17:43 2014

 FCN=21.7577 FROM HESSE     STATUS=RESET          30 CALLS         572 TOTAL
                     EDM=4.53561e-07    STRATEGY= 1  ERROR MATRIX UNCERTAINTY 100.0 per cent
  EXT PARAMETER                APPROXIMATE        STEP         FIRST   
  NO.   NAME      VALUE            ERROR          SIZE      DERIVATIVE 
   1  p0           8.21886e-01   1.63294e-01   1.63294e-03   3.30662e+00
   2  p1           5.37232e+00   3.51862e-03   3.51862e-05   1.80947e+02
   3  p2           1.17656e-02     fixed    
   4  p3           4.33997e+01   3.07518e-01   3.07518e-03  -2.14396e+00
   5  p4          -4.43459e+00   5.42383e-02   5.42383e-04  -3.42992e+04
   6  p5          -4.28232e-01   9.52245e-03   9.52245e-05   2.03001e+01
   7  p6           0.00000e+00   2.00000e+00   2.00000e-02  -1.36344e-02
   8  p7           7.40832e-01     fixed    
   9  p8           2.93696e-02     fixed    
  10  p9           0.00000e+00   1.00000e+00   1.00000e-02  -1.37997e-01
  11  p10          0.00000e+00   1.00000e+00   1.00000e-02  -8.17572e-01
  12  p11          0.00000e+00     fixed    
                               ERR DEF= 0.5
342
fit result:41.0943 41.0943
The local date and time is: Mon Apr 28 02:17:43 2014

Pseudo exp:14
The local date and time is: Mon Apr 28 02:17:43 2014

cout:512
_cout:2696
true_yield:45
Start pseudo exp fit:14
The local date and time is: Mon Apr 28 02:17:46 2014

 FCN=27.4326 FROM HESSE     STATUS=RESET          30 CALLS         507 TOTAL
                     EDM=2.7037e-07    STRATEGY= 1  ERROR MATRIX UNCERTAINTY 100.0 per cent
  EXT PARAMETER                APPROXIMATE        STEP         FIRST   
  NO.   NAME      VALUE            ERROR          SIZE      DERIVATIVE 
   1  p0           1.05007e+00   1.72319e-01   1.72319e-03   3.13344e+00
   2  p1           5.36874e+00   2.65031e-03   2.65031e-05   2.40230e+02
   3  p2           1.17656e-02     fixed    
   4  p3           4.45681e+02   3.30499e-01   3.30499e-03  -1.99488e+00
   5  p4          -1.52635e+02   5.89613e-02   5.89613e-04  -9.24323e+05
   6  p5           1.31790e+01   1.04713e-02   1.04713e-04   1.84606e+01
   7  p6           0.00000e+00   8.00000e+00   8.00000e-02  -3.40861e-03
   8  p7           7.40832e-01     fixed    
   9  p8           2.93696e-02     fixed    
  10  p9           0.00000e+00   1.00000e+00   1.00000e-02  -1.37997e-01
  11  p10          0.00000e+00   1.00000e+00   1.00000e-02  -8.17572e-01
  12  p11          0.00000e+00     fixed    
                               ERR DEF= 0.5
351
fit result:52.5034 52.5034
The local date and time is: Mon Apr 28 02:17:47 2014

Pseudo exp:15
The local date and time is: Mon Apr 28 02:17:47 2014

cout:512
_cout:2727
true_yield:37
Start pseudo exp fit:15
The local date and time is: Mon Apr 28 02:17:50 2014

 FCN=27.6334 FROM SIMPLEX   STATUS=RESET         260 CALLS        1771 TOTAL
                     EDM=6.39022e-07    STRATEGY= 1  ERROR MATRIX UNCERTAINTY  50.0 per cent
  EXT PARAMETER                APPROXIMATE        STEP         FIRST   
  NO.   NAME      VALUE            ERROR          SIZE      DERIVATIVE 
   1  p0           7.07065e-01   1.54025e-01   1.54025e-03  -9.87098e+03
   2  p1           5.37174e+00   3.35891e-03   3.35891e-05   2.20541e+05
   3  p2           1.17656e-02     fixed    
   4  p3           2.98852e+01   3.37067e+00   3.37067e-02  -2.59999e+04
   5  p4          -3.62598e-04   8.53863e+00   8.53863e-02  -1.21932e+05
   6  p5          -7.82367e-01   1.05649e-01   1.05649e-03  -8.34873e+05
   7  p6           0.00000e+00   6.81171e+00   6.81171e-02   3.65246e-01
   8  p7           7.40832e-01     fixed    
   9  p8           2.93696e-02     fixed    
  10  p9           0.00000e+00   6.81171e+00   6.81171e-02  -1.84929e-01
  11  p10          0.00000e+00   6.81171e+00   6.81171e-02  -1.04159e-01
  12  p11          0.00000e+00     fixed    
                               ERR DEF= 0.5
343
fit result:35.3533 35.3533
The local date and time is: Mon Apr 28 02:17:50 2014

Pseudo exp:16
The local date and time is: Mon Apr 28 02:17:50 2014

cout:512
_cout:2804
true_yield:43
Start pseudo exp fit:16
The local date and time is: Mon Apr 28 02:17:54 2014

 FCN=20.69 FROM HESSE     STATUS=RESET          30 CALLS         507 TOTAL
                     EDM=7.35634e-08    STRATEGY= 1  ERROR MATRIX UNCERTAINTY 100.0 per cent
  EXT PARAMETER                APPROXIMATE        STEP         FIRST   
  NO.   NAME      VALUE            ERROR          SIZE      DERIVATIVE 
   1  p0           1.00544e+00   1.74362e-01   1.74362e-03   3.09672e+00
   2  p1           5.37196e+00   3.21817e-03   3.21817e-05   1.97841e+02
   3  p2           1.17656e-02     fixed    
   4  p3           2.90552e+02   3.09952e-01   3.09952e-03  -2.12712e+00
   5  p4          -9.37404e+01   5.47836e-02   5.47836e-04  -6.53425e+05
   6  p5           7.61520e+00   9.64056e-03   9.64056e-05   2.00514e+01
   7  p6           0.00000e+00   8.00000e+00   8.00000e-02  -3.40861e-03
   8  p7           7.40832e-01     fixed    
   9  p8           2.93696e-02     fixed    
  10  p9           0.00000e+00   1.00000e+00   1.00000e-02  -1.37997e-01
  11  p10          0.00000e+00   1.00000e+00   1.00000e-02  -8.17572e-01
  12  p11          0.00000e+00     fixed    
                               ERR DEF= 0.5
349
fit result:50.2719 50.2719
The local date and time is: Mon Apr 28 02:17:54 2014

Pseudo exp:17
The local date and time is: Mon Apr 28 02:17:54 2014

cout:512
_cout:2780
true_yield:45
Start pseudo exp fit:17
The local date and time is: Mon Apr 28 02:17:57 2014

 FCN=21.9434 FROM HESSE     STATUS=RESET          30 CALLS         530 TOTAL
                     EDM=1.83224e-07    STRATEGY= 1  ERROR MATRIX UNCERTAINTY 100.0 per cent
  EXT PARAMETER                APPROXIMATE        STEP         FIRST   
  NO.   NAME      VALUE            ERROR          SIZE      DERIVATIVE 
   1  p0           8.86163e-01   1.65652e-01   1.65652e-03   3.25955e+00
   2  p1           5.36875e+00   3.41420e-03   3.41420e-05   1.86481e+02
   3  p2           1.17656e-02     fixed    
   4  p3           8.80241e+01   3.40230e-01   3.40230e-03  -1.93782e+00
   5  p4          -2.35127e+01   6.06895e-02   6.06895e-04  -1.59412e+05
   6  p5           1.56354e+00   1.07709e-02   1.07709e-04   1.79471e+01
   7  p6           0.00000e+00   1.41421e+00   1.41421e-02  -1.92820e-02
   8  p7           7.40832e-01     fixed    
   9  p8           2.93696e-02     fixed    
  10  p9           0.00000e+00   1.00000e+00   1.00000e-02  -1.37997e-01
  11  p10          0.00000e+00   1.00000e+00   1.00000e-02  -8.17572e-01
  12  p11          0.00000e+00     fixed    
                               ERR DEF= 0.5
351
fit result:44.3081 44.3082
The local date and time is: Mon Apr 28 02:17:57 2014

Pseudo exp:18
The local date and time is: Mon Apr 28 02:17:57 2014

cout:512
_cout:2721
true_yield:34
Start pseudo exp fit:18
The local date and time is: Mon Apr 28 02:18:01 2014

 FCN=12.2508 FROM HESSE     STATUS=RESET          30 CALLS         507 TOTAL
                     EDM=3.55916e-07    STRATEGY= 1  ERROR MATRIX UNCERTAINTY 100.0 per cent
  EXT PARAMETER                APPROXIMATE        STEP         FIRST   
  NO.   NAME      VALUE            ERROR          SIZE      DERIVATIVE 
   1  p0           6.21025e-01   1.46736e-01   1.46736e-03   3.67975e+00
   2  p1           5.36406e+00   3.35899e-03   3.35899e-05   1.89547e+02
   3  p2           1.17656e-02     fixed    
   4  p3           9.05661e+01   3.14512e-01   3.14512e-03  -2.09628e+00
   5  p4          -2.13886e+01   5.55654e-02   5.55654e-04  -1.58729e+05
   6  p5           1.09628e+00   9.77166e-03   9.77166e-05   1.97824e+01
   7  p6           0.00000e+00   2.40000e+00   2.40000e-02  -1.13620e-02
   8  p7           7.40832e-01     fixed    
   9  p8           2.93696e-02     fixed    
  10  p9           0.00000e+00   1.00000e+00   1.00000e-02  -1.37997e-01
  11  p10          0.00000e+00   1.00000e+00   1.00000e-02  -8.17572e-01
  12  p11          0.00000e+00     fixed    
                               ERR DEF= 0.5
340
fit result:31.0513 31.0513
The local date and time is: Mon Apr 28 02:18:01 2014

Pseudo exp:19
The local date and time is: Mon Apr 28 02:18:01 2014

cout:512
_cout:2822
true_yield:42
Start pseudo exp fit:19
The local date and time is: Mon Apr 28 02:18:04 2014

 FCN=19.3606 FROM HESSE     STATUS=RESET          30 CALLS         667 TOTAL
                     EDM=8.00417e-08    STRATEGY= 1  ERROR MATRIX UNCERTAINTY 100.0 per cent
  EXT PARAMETER                APPROXIMATE        STEP         FIRST   
  NO.   NAME      VALUE            ERROR          SIZE      DERIVATIVE 
   1  p0           8.07039e-01   1.64570e-01   1.64570e-03   3.28099e+00
   2  p1           5.36531e+00   4.12602e-03   4.12602e-05   1.54310e+02
   3  p2           1.17656e-02     fixed    
   4  p3           3.56292e+01   3.29294e-01   3.29294e-03  -2.00218e+00
   5  p4          -3.00918e+00   5.84625e-02   5.84625e-04  -2.16236e+04
   6  p5          -4.26249e-01   1.03309e-02   1.03309e-04   1.87115e+01
   7  p6           0.00000e+00   2.00000e+00   2.00000e-02  -1.36344e-02
   8  p7           7.40832e-01     fixed    
   9  p8           2.93696e-02     fixed    
  10  p9           0.00000e+00   1.00000e+00   1.00000e-02  -1.37997e-01
  11  p10          0.00000e+00   1.00000e+00   1.00000e-02  -8.17572e-01
  12  p11          0.00000e+00     fixed    
                               ERR DEF= 0.5
348
fit result:40.352 40.352
The local date and time is: Mon Apr 28 02:18:04 2014

