/export/data1/condor/execute/dir_13489
gcc (GCC) 4.6.2
Copyright (C) 2011 Free Software Foundation, Inc.
This is free software; see the source for copying conditions.  There is NO
warranty; not even for MERCHANTABILITY or FITNESS FOR A PARTICULAR PURPOSE.

5.32/00
Linux version 2.6.32-358.el6.x86_64 (mockbuild@sl6.fnal.gov) (gcc version 4.4.7 20120313 (Red Hat 4.4.7-3) (GCC) ) #1 SMP Fri Feb 22 20:37:17 CST 2013

Processing fitBs.C(18)...
The local date and time is: Mon Apr 28 02:03:48 2014

 FCN=51.09 FROM HESSE     STATUS=RESET          35 CALLS         818 TOTAL
                     EDM=1.74677e-07    STRATEGY= 1  ERROR MATRIX UNCERTAINTY 100.0 per cent
  EXT PARAMETER                APPROXIMATE        STEP         FIRST   
  NO.   NAME      VALUE            ERROR          SIZE      DERIVATIVE 
   1  p0           1.46834e+02   1.71547e+00   1.71547e-02   3.14754e-01
   2  p1           5.36991e+00   1.80509e-04   1.80509e-06   3.52717e+03
   3  p2           1.17656e-02   1.36451e-04   1.36451e-06  -3.26142e-01
   4  p3           1.28682e+01   1.57196e-01   1.57196e-03  -2.68056e+00
   5  p4          -2.04693e-02   2.71701e-02   2.71701e-04   1.45628e+02
   6  p5          -3.51569e-01   4.68012e-03   4.68012e-05  -5.82654e+00
   7  p6           0.00000e+00   2.82843e+00   2.82843e-02  -4.87893e-02
   8  p7           7.40832e-01   1.00098e-02   1.00098e-04  -1.55201e+01
   9  p8           2.93696e-02   6.11333e-04   6.11333e-06   5.60321e-01
  10  p9           0.00000e+00   1.00000e+00   1.00000e-02   2.81800e-02
  11  p10          0.00000e+00   1.00000e+00   1.00000e-02   4.32797e-01
  12  p11          0.00000e+00     fixed    
                               ERR DEF= 0.5
 FCN=19.702 FROM HESSE     STATUS=RESET          30 CALLS         507 TOTAL
                     EDM=3.56714e-09    STRATEGY= 1  ERROR MATRIX UNCERTAINTY 100.0 per cent
  EXT PARAMETER                APPROXIMATE        STEP         FIRST   
  NO.   NAME      VALUE            ERROR          SIZE      DERIVATIVE 
   1  p0           8.80688e-01   1.62070e-01   1.62070e-03   3.33161e+00
   2  p1           5.37091e+00   2.64329e-03   2.64329e-05   2.40869e+02
   3  p2           1.17656e-02     fixed    
   4  p3           1.07018e+02   3.23872e-01   3.23872e-03  -2.03570e+00
   5  p4          -2.82726e+01   5.74207e-02   5.74207e-04  -2.01608e+05
   6  p5           1.80062e+00   1.01328e-02   1.01328e-04   1.90773e+01
   7  p6           0.00000e+00   5.65685e+00   5.65685e-02  -4.82050e-03
   8  p7           7.40832e-01     fixed    
   9  p8           2.93696e-02     fixed    
  10  p9           0.00000e+00   1.00000e+00   1.00000e-02  -1.37997e-01
  11  p10          0.00000e+00   1.00000e+00   1.00000e-02  -8.17572e-01
  12  p11          0.00000e+00     fixed    
                               ERR DEF= 0.5
351
fit result:44.0344 44.0344
The local date and time is: Mon Apr 28 02:09:34 2014

Got Nsig:455/44.0344
Got extracted:44.0344
Pseudo exp:0
The local date and time is: Mon Apr 28 02:09:34 2014

cout:455
_cout:2579
true_yield:33
Start pseudo exp fit:0
The local date and time is: Mon Apr 28 02:09:37 2014

 FCN=36.8061 FROM HESSE     STATUS=RESET          30 CALLS         507 TOTAL
                     EDM=2.1026e-07    STRATEGY= 1  ERROR MATRIX UNCERTAINTY 100.0 per cent
  EXT PARAMETER                APPROXIMATE        STEP         FIRST   
  NO.   NAME      VALUE            ERROR          SIZE      DERIVATIVE 
   1  p0           6.54057e-01   1.52734e-01   1.52734e-03   3.53525e+00
   2  p1           5.36485e+00   4.48420e-03   4.48420e-05   1.41984e+02
   3  p2           1.17656e-02     fixed    
   4  p3           2.11091e+02   3.06197e-01   3.06197e-03  -2.15320e+00
   5  p4          -6.44775e+01   5.39335e-02   5.39335e-04  -4.71271e+05
   6  p5           4.93363e+00   9.45534e-03   9.45534e-05   2.04442e+01
   7  p6           0.00000e+00   1.40226e+02   1.40226e+00  -1.94465e-04
   8  p7           7.40832e-01     fixed    
   9  p8           2.93696e-02     fixed    
  10  p9           0.00000e+00   1.00000e+00   1.00000e-02  -1.37997e-01
  11  p10          0.00000e+00   1.00000e+00   1.00000e-02  -8.17572e-01
  12  p11          0.00000e+00     fixed    
                               ERR DEF= 0.5
339
fit result:32.7028 32.7028
The local date and time is: Mon Apr 28 02:09:37 2014

Pseudo exp:1
The local date and time is: Mon Apr 28 02:09:38 2014

cout:455
_cout:2640
true_yield:44
Start pseudo exp fit:1
The local date and time is: Mon Apr 28 02:09:41 2014

 FCN=21.2048 FROM HESSE     STATUS=RESET          30 CALLS         507 TOTAL
                     EDM=4.19707e-07    STRATEGY= 1  ERROR MATRIX UNCERTAINTY 100.0 per cent
  EXT PARAMETER                APPROXIMATE        STEP         FIRST   
  NO.   NAME      VALUE            ERROR          SIZE      DERIVATIVE 
   1  p0           7.65411e-01   1.59974e-01   1.59974e-03   3.37524e+00
   2  p1           5.36890e+00   3.96008e-03   3.96008e-05   1.60776e+02
   3  p2           1.17656e-02     fixed    
   4  p3           3.78138e+01   3.37498e-01   3.37498e-03  -1.95351e+00
   5  p4          -4.58315e+00   6.00460e-02   6.00460e-04  -3.20148e+04
   6  p5          -2.10119e-01   1.06278e-02   1.06278e-04   1.81887e+01
   7  p6           0.00000e+00   2.40000e+00   2.40000e-02  -1.13620e-02
   8  p7           7.40832e-01     fixed    
   9  p8           2.93696e-02     fixed    
  10  p9           0.00000e+00   1.00000e+00   1.00000e-02  -1.37997e-01
  11  p10          0.00000e+00   1.00000e+00   1.00000e-02  -8.17572e-01
  12  p11          0.00000e+00     fixed    
                               ERR DEF= 0.5
350
fit result:38.2706 38.2706
The local date and time is: Mon Apr 28 02:09:41 2014

Pseudo exp:2
The local date and time is: Mon Apr 28 02:09:41 2014

cout:455
_cout:2478
true_yield:49
Start pseudo exp fit:2
The local date and time is: Mon Apr 28 02:09:44 2014

 FCN=23.1891 FROM HESSE     STATUS=RESET          30 CALLS         550 TOTAL
                     EDM=4.59737e-07    STRATEGY= 1  ERROR MATRIX UNCERTAINTY 100.0 per cent
  EXT PARAMETER                APPROXIMATE        STEP         FIRST   
  NO.   NAME      VALUE            ERROR          SIZE      DERIVATIVE 
   1  p0           9.74318e-01   1.74240e-01   1.74240e-03   3.09890e+00
   2  p1           5.37584e+00   3.08281e-03   3.08281e-05   2.06527e+02
   3  p2           1.17656e-02     fixed    
   4  p3           4.33824e+01   3.19408e-01   3.19408e-03  -2.06415e+00
   5  p4          -4.91165e+00   5.64936e-02   5.64936e-04  -3.64549e+04
   6  p5          -3.37596e-01   9.94488e-03   9.94488e-05   1.94378e+01
   7  p6           0.00000e+00   2.00000e+00   2.00000e-02  -1.36344e-02
   8  p7           7.40832e-01     fixed    
   9  p8           2.93696e-02     fixed    
  10  p9           0.00000e+00   1.00000e+00   1.00000e-02  -1.37997e-01
  11  p10          0.00000e+00   1.00000e+00   1.00000e-02  -8.17572e-01
  12  p11          0.00000e+00     fixed    
                               ERR DEF= 0.5
355
fit result:48.7159 48.7159
The local date and time is: Mon Apr 28 02:09:44 2014

Pseudo exp:3
The local date and time is: Mon Apr 28 02:09:44 2014

cout:455
_cout:2574
true_yield:40
Start pseudo exp fit:3
The local date and time is: Mon Apr 28 02:09:47 2014

 FCN=23.1374 FROM HESSE     STATUS=RESET          30 CALLS         507 TOTAL
                     EDM=3.12381e-09    STRATEGY= 1  ERROR MATRIX UNCERTAINTY 100.0 per cent
  EXT PARAMETER                APPROXIMATE        STEP         FIRST   
  NO.   NAME      VALUE            ERROR          SIZE      DERIVATIVE 
   1  p0           7.26990e-01   1.56269e-01   1.56269e-03   3.45528e+00
   2  p1           5.36537e+00   3.59972e-03   3.59972e-05   1.76871e+02
   3  p2           1.17656e-02     fixed    
   4  p3           1.87420e+02   3.25059e-01   3.25059e-03  -2.02826e+00
   5  p4          -5.71909e+01   5.76311e-02   5.76311e-04  -3.94239e+05
   6  p5           4.39529e+00   1.01699e-02   1.01699e-04   1.90077e+01
   7  p6           0.00000e+00   8.20223e+01   8.20223e-01  -3.32457e-04
   8  p7           7.40832e-01     fixed    
   9  p8           2.93696e-02     fixed    
  10  p9           0.00000e+00   1.00000e+00   1.00000e-02  -1.37997e-01
  11  p10          0.00000e+00   1.00000e+00   1.00000e-02  -8.17572e-01
  12  p11          0.00000e+00     fixed    
                               ERR DEF= 0.5
346
fit result:36.3495 36.3495
The local date and time is: Mon Apr 28 02:09:47 2014

Pseudo exp:4
The local date and time is: Mon Apr 28 02:09:47 2014

cout:455
_cout:2422
true_yield:38
Start pseudo exp fit:4
The local date and time is: Mon Apr 28 02:09:50 2014

 FCN=17.4192 FROM HESSE     STATUS=RESET          30 CALLS         507 TOTAL
                     EDM=1.05162e-08    STRATEGY= 1  ERROR MATRIX UNCERTAINTY 100.0 per cent
  EXT PARAMETER                APPROXIMATE        STEP         FIRST   
  NO.   NAME      VALUE            ERROR          SIZE      DERIVATIVE 
   1  p0           8.04879e-01   1.63995e-01   1.63995e-03   3.29248e+00
   2  p1           5.36959e+00   4.76931e-03   4.76931e-05   1.33496e+02
   3  p2           1.17656e-02     fixed    
   4  p3           3.02272e+02   3.21086e-01   3.21086e-03  -2.05336e+00
   5  p4          -9.87191e+01   5.69460e-02   5.69460e-04  -6.58362e+05
   6  p5           8.13485e+00   1.00555e-02   1.00555e-04   1.92239e+01
   7  p6           0.00000e+00   8.00000e+00   8.00000e-02  -3.40861e-03
   8  p7           7.40832e-01     fixed    
   9  p8           2.93696e-02     fixed    
  10  p9           0.00000e+00   1.00000e+00   1.00000e-02  -1.37997e-01
  11  p10          0.00000e+00   1.00000e+00   1.00000e-02  -8.17572e-01
  12  p11          0.00000e+00     fixed    
                               ERR DEF= 0.5
344
fit result:40.244 40.244
The local date and time is: Mon Apr 28 02:09:51 2014

Pseudo exp:5
The local date and time is: Mon Apr 28 02:09:51 2014

cout:455
_cout:2579
true_yield:39
Start pseudo exp fit:5
The local date and time is: Mon Apr 28 02:09:54 2014

 FCN=26.6361 FROM HESSE     STATUS=RESET          30 CALLS         520 TOTAL
                     EDM=3.3565e-08    STRATEGY= 1  ERROR MATRIX UNCERTAINTY 100.0 per cent
  EXT PARAMETER                APPROXIMATE        STEP         FIRST   
  NO.   NAME      VALUE            ERROR          SIZE      DERIVATIVE 
   1  p0           6.03714e-01   1.50824e-01   1.50824e-03   3.58002e+00
   2  p1           5.36460e+00   5.12317e-03   5.12317e-05   1.24276e+02
   3  p2           1.17656e-02     fixed    
   4  p3           3.13326e+01   3.14778e-01   3.14778e-03  -2.09450e+00
   5  p4          -7.26760e-04   1.05924e+00   1.05924e-02  -1.05306e+02
   6  p5          -8.25242e-01   9.73193e-03   9.73193e-05   1.98631e+01
   7  p6           0.00000e+00   1.00000e+00   1.00000e-02  -2.72689e-02
   8  p7           7.40832e-01     fixed    
   9  p8           2.93696e-02     fixed    
  10  p9           0.00000e+00   1.00000e+00   1.00000e-02  -1.37997e-01
  11  p10          0.00000e+00   1.00000e+00   1.00000e-02  -8.17572e-01
  12  p11          0.00000e+00     fixed    
                               ERR DEF= 0.5
345
fit result:30.1857 30.1857
The local date and time is: Mon Apr 28 02:09:54 2014

Pseudo exp:6
The local date and time is: Mon Apr 28 02:09:54 2014

cout:455
_cout:2777
true_yield:48
Start pseudo exp fit:6
The local date and time is: Mon Apr 28 02:09:57 2014

 FCN=27.8779 FROM HESSE     STATUS=RESET          30 CALLS         507 TOTAL
                     EDM=1.80329e-07    STRATEGY= 1  ERROR MATRIX UNCERTAINTY 100.0 per cent
  EXT PARAMETER                APPROXIMATE        STEP         FIRST   
  NO.   NAME      VALUE            ERROR          SIZE      DERIVATIVE 
   1  p0           1.10591e+00   1.78882e-01   1.78882e-03   3.01847e+00
   2  p1           5.36459e+00   2.72809e-03   2.72809e-05   2.33381e+02
   3  p2           1.17656e-02     fixed    
   4  p3           2.05967e+02   3.39049e-01   3.39049e-03  -1.94457e+00
   5  p4          -6.67755e+01   6.05771e-02   6.05771e-04  -4.33472e+05
   6  p5           5.51467e+00   1.07711e-02   1.07711e-04   1.79468e+01
   7  p6           0.00000e+00   8.00000e+00   8.00000e-02  -3.40861e-03
   8  p7           7.40832e-01     fixed    
   9  p8           2.93696e-02     fixed    
  10  p9           0.00000e+00   1.00000e+00   1.00000e-02  -1.37997e-01
  11  p10          0.00000e+00   1.00000e+00   1.00000e-02  -8.17572e-01
  12  p11          0.00000e+00     fixed    
                               ERR DEF= 0.5
354
fit result:55.2956 55.2956
The local date and time is: Mon Apr 28 02:09:57 2014

Pseudo exp:7
The local date and time is: Mon Apr 28 02:09:57 2014

cout:455
_cout:2534
true_yield:47
Start pseudo exp fit:7
The local date and time is: Mon Apr 28 02:10:00 2014

 FCN=19.3842 FROM HESSE     STATUS=RESET          30 CALLS         507 TOTAL
                     EDM=9.09734e-08    STRATEGY= 1  ERROR MATRIX UNCERTAINTY 100.0 per cent
  EXT PARAMETER                APPROXIMATE        STEP         FIRST   
  NO.   NAME      VALUE            ERROR          SIZE      DERIVATIVE 
   1  p0           6.61919e-01   1.53238e-01   1.53238e-03   3.52361e+00
   2  p1           5.37598e+00   3.96200e-03   3.96200e-05   1.60698e+02
   3  p2           1.17656e-02     fixed    
   4  p3           1.22517e+02   3.15957e-01   3.15957e-03  -2.08669e+00
   5  p4          -3.21112e+01   5.57501e-02   5.57501e-04  -2.34911e+05
   6  p5           1.99435e+00   9.79300e-03   9.79300e-05   1.97393e+01
   7  p6           0.00000e+00   5.65685e+00   5.65685e-02  -4.82050e-03
   8  p7           7.40832e-01     fixed    
   9  p8           2.93696e-02     fixed    
  10  p9           0.00000e+00   1.00000e+00   1.00000e-02  -1.37997e-01
  11  p10          0.00000e+00   1.00000e+00   1.00000e-02  -8.17572e-01
  12  p11          0.00000e+00     fixed    
                               ERR DEF= 0.5
353
fit result:33.096 33.096
The local date and time is: Mon Apr 28 02:10:00 2014

Pseudo exp:8
The local date and time is: Mon Apr 28 02:10:00 2014

cout:455
_cout:2555
true_yield:32
Start pseudo exp fit:8
The local date and time is: Mon Apr 28 02:10:03 2014

 FCN=34.1645 FROM HESSE     STATUS=RESET          30 CALLS         507 TOTAL
                     EDM=5.29051e-08    STRATEGY= 1  ERROR MATRIX UNCERTAINTY 100.0 per cent
  EXT PARAMETER                APPROXIMATE        STEP         FIRST   
  NO.   NAME      VALUE            ERROR          SIZE      DERIVATIVE 
   1  p0           5.86351e-01   1.43359e-01   1.43359e-03   3.76643e+00
   2  p1           5.37403e+00   3.71793e-03   3.71793e-05   1.71248e+02
   3  p2           1.17656e-02     fixed    
   4  p3           1.83636e+02   3.16588e-01   3.16588e-03  -2.08253e+00
   5  p4          -5.50102e+01   5.60447e-02   5.60447e-04  -3.90843e+05
   6  p5           4.12399e+00   9.87913e-03   9.87913e-05   1.95672e+01
   7  p6           0.00000e+00   7.65454e+01   7.65454e-01  -3.56245e-04
   8  p7           7.40832e-01     fixed    
   9  p8           2.93696e-02     fixed    
  10  p9           0.00000e+00   1.00000e+00   1.00000e-02  -1.37997e-01
  11  p10          0.00000e+00   1.00000e+00   1.00000e-02  -8.17572e-01
  12  p11          0.00000e+00     fixed    
                               ERR DEF= 0.5
338
fit result:29.3176 29.3176
The local date and time is: Mon Apr 28 02:10:04 2014

Pseudo exp:9
The local date and time is: Mon Apr 28 02:10:04 2014

cout:455
_cout:2526
true_yield:37
Start pseudo exp fit:9
The local date and time is: Mon Apr 28 02:10:07 2014

 FCN=19.206 FROM HESSE     STATUS=RESET          30 CALLS         587 TOTAL
                     EDM=5.87121e-07    STRATEGY= 1  ERROR MATRIX UNCERTAINTY 100.0 per cent
  EXT PARAMETER                APPROXIMATE        STEP         FIRST   
  NO.   NAME      VALUE            ERROR          SIZE      DERIVATIVE 
   1  p0           6.78329e-01   1.53749e-01   1.53749e-03   3.51191e+00
   2  p1           5.37890e+00   3.54117e-03   3.54117e-05   1.79795e+02
   3  p2           1.17656e-02     fixed    
   4  p3           2.78178e+01   3.27988e-01   3.27988e-03  -2.01015e+00
   5  p4          -3.97475e-05   6.98731e+00   6.98731e-02** at limit **
   6  p5          -7.13254e-01   1.02762e-02   1.02762e-04   1.88110e+01
   7  p6           0.00000e+00   5.65685e+00   5.65685e-02  -4.82050e-03
   8  p7           7.40832e-01     fixed    
   9  p8           2.93696e-02     fixed    
  10  p9           0.00000e+00   1.00000e+00   1.00000e-02  -1.37997e-01
  11  p10          0.00000e+00   1.00000e+00   1.00000e-02  -8.17572e-01
  12  p11          0.00000e+00     fixed    
                               ERR DEF= 0.5
343
fit result:33.9164 33.9165
The local date and time is: Mon Apr 28 02:10:07 2014

Pseudo exp:10
The local date and time is: Mon Apr 28 02:10:07 2014

cout:455
_cout:2441
true_yield:34
Start pseudo exp fit:10
The local date and time is: Mon Apr 28 02:10:10 2014

 FCN=19.1069 FROM HESSE     STATUS=RESET          30 CALLS         546 TOTAL
                     EDM=2.8444e-07    STRATEGY= 1  ERROR MATRIX UNCERTAINTY 100.0 per cent
  EXT PARAMETER                APPROXIMATE        STEP         FIRST   
  NO.   NAME      VALUE            ERROR          SIZE      DERIVATIVE 
   1  p0           7.56890e-01   1.60415e-01   1.60415e-03   3.36597e+00
   2  p1           5.36688e+00   4.79221e-03   4.79221e-05   1.32859e+02
   3  p2           1.17656e-02     fixed    
   4  p3           5.71877e+01   3.29941e-01   3.29941e-03  -1.99825e+00
   5  p4          -1.13653e+01   5.86659e-02   5.86659e-04  -8.07043e+04
   6  p5           3.74652e-01   1.03806e-02   1.03806e-04   1.86220e+01
   7  p6           0.00000e+00   2.00000e+00   2.00000e-02  -1.36344e-02
   8  p7           7.40832e-01     fixed    
   9  p8           2.93696e-02     fixed    
  10  p9           0.00000e+00   1.00000e+00   1.00000e-02  -1.37997e-01
  11  p10          0.00000e+00   1.00000e+00   1.00000e-02  -8.17572e-01
  12  p11          0.00000e+00     fixed    
                               ERR DEF= 0.5
340
fit result:37.8445 37.8445
The local date and time is: Mon Apr 28 02:10:10 2014

Pseudo exp:11
The local date and time is: Mon Apr 28 02:10:10 2014

cout:455
_cout:2608
true_yield:55
Start pseudo exp fit:11
The local date and time is: Mon Apr 28 02:10:13 2014

 FCN=18.9896 FROM HESSE     STATUS=RESET          30 CALLS         507 TOTAL
                     EDM=5.54399e-07    STRATEGY= 1  ERROR MATRIX UNCERTAINTY 100.0 per cent
  EXT PARAMETER                APPROXIMATE        STEP         FIRST   
  NO.   NAME      VALUE            ERROR          SIZE      DERIVATIVE 
   1  p0           1.05228e+00   1.80358e-01   1.80358e-03   2.99379e+00
   2  p1           5.36431e+00   3.28845e-03   3.28845e-05   1.93613e+02
   3  p2           1.17656e-02     fixed    
   4  p3           1.93360e+02   3.37971e-01   3.37971e-03  -1.95078e+00
   5  p4          -6.07984e+01   6.02013e-02   6.02013e-04  -3.99679e+05
   6  p5           4.85306e+00   1.06737e-02   1.06737e-04   1.81106e+01
   7  p6           0.00000e+00   6.33759e+01   6.33759e-01  -4.30273e-04
   8  p7           7.40832e-01     fixed    
   9  p8           2.93696e-02     fixed    
  10  p9           0.00000e+00   1.00000e+00   1.00000e-02  -1.37997e-01
  11  p10          0.00000e+00   1.00000e+00   1.00000e-02  -8.17572e-01
  12  p11          0.00000e+00     fixed    
                               ERR DEF= 0.5
361
fit result:52.614 52.614
The local date and time is: Mon Apr 28 02:10:14 2014

Pseudo exp:12
The local date and time is: Mon Apr 28 02:10:14 2014

cout:455
_cout:2332
true_yield:41
Start pseudo exp fit:12
The local date and time is: Mon Apr 28 02:10:17 2014

 FCN=13.9087 FROM HESSE     STATUS=RESET          30 CALLS         507 TOTAL
                     EDM=3.08713e-07    STRATEGY= 1  ERROR MATRIX UNCERTAINTY 100.0 per cent
  EXT PARAMETER                APPROXIMATE        STEP         FIRST   
  NO.   NAME      VALUE            ERROR          SIZE      DERIVATIVE 
   1  p0           7.53495e-01   1.56371e-01   1.56371e-03   3.45302e+00
   2  p1           5.37218e+00   3.79182e-03   3.79182e-05   1.67910e+02
   3  p2           1.17656e-02     fixed    
   4  p3           2.37882e+02   3.42360e-01   3.42360e-03  -1.92577e+00
   5  p4          -7.78534e+01   6.11685e-02   6.11685e-04  -4.94557e+05
   6  p5           6.47826e+00   1.08778e-02   1.08778e-04   1.77707e+01
   7  p6           0.00000e+00   5.65685e+00   5.65685e-02  -4.82050e-03
   8  p7           7.40832e-01     fixed    
   9  p8           2.93696e-02     fixed    
  10  p9           0.00000e+00   1.00000e+00   1.00000e-02  -1.37997e-01
  11  p10          0.00000e+00   1.00000e+00   1.00000e-02  -8.17572e-01
  12  p11          0.00000e+00     fixed    
                               ERR DEF= 0.5
347
fit result:37.6747 37.6748
The local date and time is: Mon Apr 28 02:10:17 2014

Pseudo exp:13
The local date and time is: Mon Apr 28 02:10:17 2014

cout:455
_cout:2509
true_yield:42
Start pseudo exp fit:13
The local date and time is: Mon Apr 28 02:10:20 2014

 FCN=22.3511 FROM MIGRAD    STATUS=CALL LIMIT   2929 CALLS        2930 TOTAL
                     EDM=4.87474e-06    STRATEGY= 1  ERROR MATRIX UNCERTAINTY  12.5 per cent
  EXT PARAMETER                APPROXIMATE        STEP         FIRST   
  NO.   NAME      VALUE            ERROR          SIZE      DERIVATIVE 
   1  p0           9.12883e-01   1.65316e-01   2.25029e-05   8.38761e-03
   2  p1           5.37320e+00   3.03819e-03  -3.78852e-07  -3.32648e-01
   3  p2           1.17656e-02     fixed    
   4  p3           3.13070e+01   3.88355e+00  -3.63682e-03  -2.20910e-03
   5  p4          -1.11734e-02   1.82263e+01   3.91546e-04  -6.90266e-02
   6  p5          -8.30739e-01   1.38896e-01  -1.38082e-04  -8.31743e-02
   7  p6           0.00000e+00   1.00000e+00  -0.00000e+00   0.00000e+00
   8  p7           7.40832e-01     fixed    
   9  p8           2.93696e-02     fixed    
  10  p9           0.00000e+00   1.00000e+00  -0.00000e+00   0.00000e+00
  11  p10          0.00000e+00   1.00000e+00  -0.00000e+00   0.00000e+00
  12  p11          0.00000e+00     fixed    
                               ERR DEF= 0.5
348
fit result:45.6442 45.6442
The local date and time is: Mon Apr 28 02:10:21 2014

Pseudo exp:14
The local date and time is: Mon Apr 28 02:10:21 2014

cout:455
_cout:2617
true_yield:57
Start pseudo exp fit:14
The local date and time is: Mon Apr 28 02:10:24 2014

 FCN=28.1844 FROM HESSE     STATUS=RESET          30 CALLS         552 TOTAL
                     EDM=2.23801e-07    STRATEGY= 1  ERROR MATRIX UNCERTAINTY 100.0 per cent
  EXT PARAMETER                APPROXIMATE        STEP         FIRST   
  NO.   NAME      VALUE            ERROR          SIZE      DERIVATIVE 
   1  p0           1.33249e+00   1.89541e-01   1.89541e-03   2.84874e+00
   2  p1           5.36552e+00   2.27518e-03   2.27518e-05   2.79840e+02
   3  p2           1.17656e-02     fixed    
   4  p3           4.58139e+02   3.30009e-01   3.30009e-03  -1.99784e+00
   5  p4          -1.57223e+02   5.88647e-02   5.88647e-04  -9.48509e+05
   6  p5           1.35988e+01   1.04528e-02   1.04528e-04   1.84932e+01
   7  p6           0.00000e+00   8.00000e+00   8.00000e-02  -3.40861e-03
   8  p7           7.40832e-01     fixed    
   9  p8           2.93696e-02     fixed    
  10  p9           0.00000e+00   1.00000e+00   1.00000e-02  -1.37997e-01
  11  p10          0.00000e+00   1.00000e+00   1.00000e-02  -8.17572e-01
  12  p11          0.00000e+00     fixed    
                               ERR DEF= 0.5
363
fit result:66.6245 66.6246
The local date and time is: Mon Apr 28 02:10:24 2014

Pseudo exp:15
The local date and time is: Mon Apr 28 02:10:24 2014

cout:455
_cout:2622
true_yield:45
Start pseudo exp fit:15
The local date and time is: Mon Apr 28 02:10:27 2014

 FCN=27.5607 FROM SIMPLEX   STATUS=RESET         105 CALLS        1381 TOTAL
                     EDM=7.75133e-07    STRATEGY= 1  ERROR MATRIX UNCERTAINTY  50.0 per cent
  EXT PARAMETER                APPROXIMATE        STEP         FIRST   
  NO.   NAME      VALUE            ERROR          SIZE      DERIVATIVE 
   1  p0           7.93664e-01   1.60729e-01   1.60729e-03   7.86840e+01
   2  p1           5.37165e+00   3.84070e-03   3.84070e-05  -3.15011e+04
   3  p2           1.17656e-02     fixed    
   4  p3           3.04674e+01   3.26202e+00   3.26202e-02  -2.48248e+03
   5  p4          -2.76025e-04   8.93571e+00   8.93571e-02  -1.03289e+04
   6  p5          -7.99161e-01   1.02200e-01   1.02200e-03  -8.06583e+04
   7  p6           0.00000e+00   1.00000e+00   1.00000e-02  -1.32335e-01
   8  p7           7.40832e-01     fixed    
   9  p8           2.93696e-02     fixed    
  10  p9           0.00000e+00   1.00000e+00   1.00000e-02  -2.66331e-01
  11  p10          0.00000e+00   1.00000e+00   1.00000e-02  -7.96206e-01
  12  p11          0.00000e+00     fixed    
                               ERR DEF= 0.5
351
fit result:39.6832 39.6832
The local date and time is: Mon Apr 28 02:10:28 2014

Pseudo exp:16
The local date and time is: Mon Apr 28 02:10:28 2014

cout:455
_cout:2331
true_yield:37
Start pseudo exp fit:16
The local date and time is: Mon Apr 28 02:10:31 2014

 FCN=21.3104 FROM HESSE     STATUS=RESET          30 CALLS         512 TOTAL
                     EDM=2.39996e-08    STRATEGY= 1  ERROR MATRIX UNCERTAINTY 100.0 per cent
  EXT PARAMETER                APPROXIMATE        STEP         FIRST   
  NO.   NAME      VALUE            ERROR          SIZE      DERIVATIVE 
   1  p0           8.90153e-01   1.67060e-01   1.67060e-03   3.23208e+00
   2  p1           5.36970e+00   3.60593e-03   3.60593e-05   1.76566e+02
   3  p2           1.17656e-02     fixed    
   4  p3           2.86182e+02   3.09723e-01   3.09723e-03  -2.12869e+00
   5  p4          -9.21922e+01   5.47499e-02   5.47499e-04  -6.44126e+05
   6  p5           7.47835e+00   9.63573e-03   9.63573e-05   2.00614e+01
   7  p6           0.00000e+00   1.00000e+00   1.00000e-02  -2.72689e-02
   8  p7           7.40832e-01     fixed    
   9  p8           2.93696e-02     fixed    
  10  p9           0.00000e+00   1.00000e+00   1.00000e-02  -1.37997e-01
  11  p10          0.00000e+00   1.00000e+00   1.00000e-02  -8.17572e-01
  12  p11          0.00000e+00     fixed    
                               ERR DEF= 0.5
343
fit result:44.5077 44.5077
The local date and time is: Mon Apr 28 02:10:31 2014

Pseudo exp:17
The local date and time is: Mon Apr 28 02:10:31 2014

cout:455
_cout:2536
true_yield:44
Start pseudo exp fit:17
The local date and time is: Mon Apr 28 02:10:34 2014

 FCN=22.2722 FROM HESSE     STATUS=RESET          30 CALLS         507 TOTAL
                     EDM=4.57989e-07    STRATEGY= 1  ERROR MATRIX UNCERTAINTY 100.0 per cent
  EXT PARAMETER                APPROXIMATE        STEP         FIRST   
  NO.   NAME      VALUE            ERROR          SIZE      DERIVATIVE 
   1  p0           7.85072e-01   1.58954e-01   1.58954e-03   3.39690e+00
   2  p1           5.37742e+00   3.12587e-03   3.12587e-05   2.03683e+02
   3  p2           1.17656e-02     fixed    
   4  p3           3.37571e+01   3.41339e-01   3.41339e-03  -1.93152e+00
   5  p4          -3.71921e+00   6.08636e-02   6.08636e-04  -2.56532e+04
   6  p5          -2.33612e-01   1.07961e-02   1.07961e-04   1.79053e+01
   7  p6           0.00000e+00   2.40000e+00   2.40000e-02  -1.13620e-02
   8  p7           7.40832e-01     fixed    
   9  p8           2.93696e-02     fixed    
  10  p9           0.00000e+00   1.00000e+00   1.00000e-02  -1.37997e-01
  11  p10          0.00000e+00   1.00000e+00   1.00000e-02  -8.17572e-01
  12  p11          0.00000e+00     fixed    
                               ERR DEF= 0.5
350
fit result:39.2536 39.2536
The local date and time is: Mon Apr 28 02:10:34 2014

Pseudo exp:18
The local date and time is: Mon Apr 28 02:10:34 2014

cout:455
_cout:2423
true_yield:35
Start pseudo exp fit:18
The local date and time is: Mon Apr 28 02:10:37 2014

 FCN=11.0202 FROM HESSE     STATUS=RESET          30 CALLS         507 TOTAL
                     EDM=6.21245e-09    STRATEGY= 1  ERROR MATRIX UNCERTAINTY 100.0 per cent
  EXT PARAMETER                APPROXIMATE        STEP         FIRST   
  NO.   NAME      VALUE            ERROR          SIZE      DERIVATIVE 
   1  p0           6.13915e-01   1.47144e-01   1.47144e-03   3.66955e+00
   2  p1           5.36518e+00   3.59798e-03   3.59798e-05   1.76956e+02
   3  p2           1.17656e-02     fixed    
   4  p3           3.89149e+01   3.12217e-01   3.12217e-03  -2.11169e+00
   5  p4          -2.68508e+00   5.50712e-02   5.50712e-04  -2.04895e+04
   6  p5          -5.91463e-01   9.66772e-03   9.66772e-05   1.99951e+01
   7  p6           0.00000e+00   2.40000e+00   2.40000e-02  -1.13620e-02
   8  p7           7.40832e-01     fixed    
   9  p8           2.93696e-02     fixed    
  10  p9           0.00000e+00   1.00000e+00   1.00000e-02  -1.37997e-01
  11  p10          0.00000e+00   1.00000e+00   1.00000e-02  -8.17572e-01
  12  p11          0.00000e+00     fixed    
                               ERR DEF= 0.5
341
fit result:30.6958 30.6958
The local date and time is: Mon Apr 28 02:10:37 2014

Pseudo exp:19
The local date and time is: Mon Apr 28 02:10:37 2014

cout:455
_cout:2636
true_yield:42
Start pseudo exp fit:19
The local date and time is: Mon Apr 28 02:10:41 2014

 FCN=19.5757 FROM SIMPLEX   STATUS=RESET        2456 CALLS        5068 TOTAL
                     EDM=8.9093e-07    STRATEGY= 1  ERROR MATRIX UNCERTAINTY  50.0 per cent
  EXT PARAMETER                APPROXIMATE        STEP         FIRST   
  NO.   NAME      VALUE            ERROR          SIZE      DERIVATIVE 
   1  p0           7.26723e-01   1.66926e-01   1.66926e-03  -2.34402e+05
   2  p1           5.36825e+00   4.72409e-03   4.72409e-05   2.32693e+06
   3  p2           1.17656e-02     fixed    
   4  p3           2.78462e+01   3.80983e+00   3.80983e-02  -4.82339e+05
   5  p4          -6.02919e-04   1.12300e+01   1.12300e-01  -2.82369e+06
   6  p5          -7.12457e-01   1.17807e-01   1.17807e-03  -1.57445e+07
   7  p6           0.00000e+00   1.00000e+00   1.00000e-02  -2.86484e+01
   8  p7           7.40832e-01     fixed    
   9  p8           2.93696e-02     fixed    
  10  p9           0.00000e+00   1.00000e+00   1.00000e-02   2.60835e+01
  11  p10          0.00000e+00   1.00000e+00   1.00000e-02   4.70206e-01
  12  p11          0.00000e+00     fixed    
                               ERR DEF= 0.5
348
fit result:36.3362 36.3362
The local date and time is: Mon Apr 28 02:10:41 2014

