000 (263750.000.000) 04/26 03:18:10 Job submitted from host: <18.12.1.74:45694>
...
009 (263750.000.000) 04/26 03:18:32 Job was aborted by the user.
	via condor_rm (by user tawei)
...
000 (263800.000.000) 04/26 03:19:15 Job submitted from host: <18.12.1.74:45694>
...
001 (263800.000.000) 04/26 03:20:37 Job executing on host: <18.12.8.197:40000>
...
006 (263800.000.000) 04/26 03:20:45 Image size of job updated: 210920
	106  -  MemoryUsage of job (MB)
	108500  -  ResidentSetSize of job (KB)
...
006 (263800.000.000) 04/26 03:25:00 Image size of job updated: 315128
	106  -  MemoryUsage of job (MB)
	108500  -  ResidentSetSize of job (KB)
...
005 (263800.000.000) 04/26 03:25:00 Job terminated.
	(1) Normal termination (return value 0)
		Usr 0 00:03:12, Sys 0 00:00:04  -  Run Remote Usage
		Usr 0 00:00:00, Sys 0 00:00:00  -  Run Local Usage
		Usr 0 00:03:12, Sys 0 00:00:04  -  Total Remote Usage
		Usr 0 00:00:00, Sys 0 00:00:00  -  Total Local Usage
	33464  -  Run Bytes Sent By Job
	32579  -  Run Bytes Received By Job
	33464  -  Total Bytes Sent By Job
	32579  -  Total Bytes Received By Job
	Partitionable Resources :    Usage  Request          
	   Cpus                 :                 1          
	   Disk (KB)            :       87       87          
	   Memory (MB)          :      106      106          
...
000 (263902.000.000) 04/26 04:01:38 Job submitted from host: <18.12.1.74:45694>
...
001 (263902.000.000) 04/26 04:02:41 Job executing on host: <18.12.8.198:47373>
...
006 (263902.000.000) 04/26 04:02:49 Image size of job updated: 9240
	1  -  MemoryUsage of job (MB)
	912  -  ResidentSetSize of job (KB)
...
006 (263902.000.000) 04/26 04:07:23 Image size of job updated: 316268
	1  -  MemoryUsage of job (MB)
	912  -  ResidentSetSize of job (KB)
...
005 (263902.000.000) 04/26 04:07:23 Job terminated.
	(1) Normal termination (return value 0)
		Usr 0 00:03:59, Sys 0 00:00:06  -  Run Remote Usage
		Usr 0 00:00:00, Sys 0 00:00:00  -  Run Local Usage
		Usr 0 00:03:59, Sys 0 00:00:06  -  Total Remote Usage
		Usr 0 00:00:00, Sys 0 00:00:00  -  Total Local Usage
	32841  -  Run Bytes Sent By Job
	32607  -  Run Bytes Received By Job
	32841  -  Total Bytes Sent By Job
	32607  -  Total Bytes Received By Job
	Partitionable Resources :    Usage  Request          
	   Cpus                 :                 1          
	   Disk (KB)            :       86       86          
	   Memory (MB)          :        1        1          
...
000 (265259.000.000) 04/27 23:58:45 Job submitted from host: <18.12.1.74:45694>
...
009 (265259.000.000) 04/27 23:59:18 Job was aborted by the user.
	via condor_rm (by user tawei)
...
000 (265309.000.000) 04/27 23:59:31 Job submitted from host: <18.12.1.74:45694>
...
001 (265309.000.000) 04/27 23:59:41 Job executing on host: <18.12.9.0:45402>
...
006 (265309.000.000) 04/27 23:59:43 Image size of job updated: 1
	0  -  MemoryUsage of job (MB)
	0  -  ResidentSetSize of job (KB)
...
005 (265309.000.000) 04/27 23:59:44 Job terminated.
	(1) Normal termination (return value 1)
		Usr 0 00:00:00, Sys 0 00:00:00  -  Run Remote Usage
		Usr 0 00:00:00, Sys 0 00:00:00  -  Run Local Usage
		Usr 0 00:00:00, Sys 0 00:00:00  -  Total Remote Usage
		Usr 0 00:00:00, Sys 0 00:00:00  -  Total Local Usage
	1146  -  Run Bytes Sent By Job
	32875  -  Run Bytes Received By Job
	1146  -  Total Bytes Sent By Job
	32875  -  Total Bytes Received By Job
	Partitionable Resources :    Usage  Request          
	   Cpus                 :                 1          
	   Disk (KB)            :       56       56          
	   Memory (MB)          :        0        0          
...
000 (265567.000.000) 04/28 02:01:16 Job submitted from host: <18.12.1.74:45694>
...
001 (265567.000.000) 04/28 02:02:09 Job executing on host: <18.12.8.4:48906>
...
006 (265567.000.000) 04/28 02:02:17 Image size of job updated: 1
	2  -  MemoryUsage of job (MB)
	1712  -  ResidentSetSize of job (KB)
...
006 (265567.000.000) 04/28 02:07:17 Image size of job updated: 288564
	151  -  MemoryUsage of job (MB)
	153680  -  ResidentSetSize of job (KB)
...
006 (265567.000.000) 04/28 02:13:35 Image size of job updated: 315536
	151  -  MemoryUsage of job (MB)
	153680  -  ResidentSetSize of job (KB)
...
005 (265567.000.000) 04/28 02:13:35 Job terminated.
	(1) Normal termination (return value 0)
		Usr 0 00:02:33, Sys 0 00:00:03  -  Run Remote Usage
		Usr 0 00:00:00, Sys 0 00:00:00  -  Run Local Usage
		Usr 0 00:02:33, Sys 0 00:00:03  -  Total Remote Usage
		Usr 0 00:00:00, Sys 0 00:00:00  -  Total Local Usage
	32952  -  Run Bytes Sent By Job
	32889  -  Run Bytes Received By Job
	32952  -  Total Bytes Sent By Job
	32889  -  Total Bytes Received By Job
	Partitionable Resources :    Usage  Request          
	   Cpus                 :                 1          
	   Disk (KB)            :       87       87          
	   Memory (MB)          :      151      151          
...
