000 (263761.000.000) 04/26 03:18:11 Job submitted from host: <18.12.1.74:45694>
...
009 (263761.000.000) 04/26 03:18:32 Job was aborted by the user.
	via condor_rm (by user tawei)
...
000 (263811.000.000) 04/26 03:19:16 Job submitted from host: <18.12.1.74:45694>
...
001 (263811.000.000) 04/26 03:20:37 Job executing on host: <18.12.8.232:49928>
...
006 (263811.000.000) 04/26 03:20:46 Image size of job updated: 1
	2  -  MemoryUsage of job (MB)
	1708  -  ResidentSetSize of job (KB)
...
006 (263811.000.000) 04/26 03:25:16 Image size of job updated: 315060
	2  -  MemoryUsage of job (MB)
	1708  -  ResidentSetSize of job (KB)
...
005 (263811.000.000) 04/26 03:25:16 Job terminated.
	(1) Normal termination (return value 0)
		Usr 0 00:03:31, Sys 0 00:00:05  -  Run Remote Usage
		Usr 0 00:00:00, Sys 0 00:00:00  -  Run Local Usage
		Usr 0 00:03:31, Sys 0 00:00:05  -  Total Remote Usage
		Usr 0 00:00:00, Sys 0 00:00:00  -  Total Local Usage
	33457  -  Run Bytes Sent By Job
	32579  -  Run Bytes Received By Job
	33457  -  Total Bytes Sent By Job
	32579  -  Total Bytes Received By Job
	Partitionable Resources :    Usage  Request          
	   Cpus                 :                 1          
	   Disk (KB)            :       87       87          
	   Memory (MB)          :        2        2          
...
000 (263913.000.000) 04/26 04:01:39 Job submitted from host: <18.12.1.74:45694>
...
001 (263913.000.000) 04/26 04:02:43 Job executing on host: <18.12.8.150:46935>
...
006 (263913.000.000) 04/26 04:02:52 Image size of job updated: 75276
	16  -  MemoryUsage of job (MB)
	15516  -  ResidentSetSize of job (KB)
...
006 (263913.000.000) 04/26 04:07:56 Image size of job updated: 310936
	162  -  MemoryUsage of job (MB)
	165816  -  ResidentSetSize of job (KB)
...
006 (263913.000.000) 04/26 04:09:48 Image size of job updated: 316208
	162  -  MemoryUsage of job (MB)
	165816  -  ResidentSetSize of job (KB)
...
005 (263913.000.000) 04/26 04:09:48 Job terminated.
	(1) Normal termination (return value 0)
		Usr 0 00:05:27, Sys 0 00:00:08  -  Run Remote Usage
		Usr 0 00:00:00, Sys 0 00:00:00  -  Run Local Usage
		Usr 0 00:05:27, Sys 0 00:00:08  -  Total Remote Usage
		Usr 0 00:00:00, Sys 0 00:00:00  -  Total Local Usage
	32787  -  Run Bytes Sent By Job
	32607  -  Run Bytes Received By Job
	32787  -  Total Bytes Sent By Job
	32607  -  Total Bytes Received By Job
	Partitionable Resources :    Usage  Request          
	   Cpus                 :                 1          
	   Disk (KB)            :      242      242          
	   Memory (MB)          :      162      162          
...
000 (265270.000.000) 04/27 23:58:50 Job submitted from host: <18.12.1.74:45694>
...
009 (265270.000.000) 04/27 23:59:18 Job was aborted by the user.
	via condor_rm (by user tawei)
...
000 (265320.000.000) 04/27 23:59:33 Job submitted from host: <18.12.1.74:45694>
...
001 (265320.000.000) 04/27 23:59:39 Job executing on host: <18.12.8.222:47519>
...
006 (265320.000.000) 04/27 23:59:40 Image size of job updated: 1
	0  -  MemoryUsage of job (MB)
	0  -  ResidentSetSize of job (KB)
...
005 (265320.000.000) 04/27 23:59:40 Job terminated.
	(1) Normal termination (return value 1)
		Usr 0 00:00:00, Sys 0 00:00:00  -  Run Remote Usage
		Usr 0 00:00:00, Sys 0 00:00:00  -  Run Local Usage
		Usr 0 00:00:00, Sys 0 00:00:00  -  Total Remote Usage
		Usr 0 00:00:00, Sys 0 00:00:00  -  Total Local Usage
	1146  -  Run Bytes Sent By Job
	32875  -  Run Bytes Received By Job
	1146  -  Total Bytes Sent By Job
	32875  -  Total Bytes Received By Job
	Partitionable Resources :    Usage  Request          
	   Cpus                 :                 1          
	   Disk (KB)            :       56       56          
	   Memory (MB)          :        0        0          
...
000 (265578.000.000) 04/28 02:01:17 Job submitted from host: <18.12.1.74:45694>
...
001 (265578.000.000) 04/28 02:02:09 Job executing on host: <18.12.8.20:47373>
...
006 (265578.000.000) 04/28 02:02:18 Image size of job updated: 200628
	32  -  MemoryUsage of job (MB)
	32328  -  ResidentSetSize of job (KB)
...
006 (265578.000.000) 04/28 02:07:19 Image size of job updated: 288572
	152  -  MemoryUsage of job (MB)
	155584  -  ResidentSetSize of job (KB)
...
006 (265578.000.000) 04/28 02:11:00 Image size of job updated: 315488
	152  -  MemoryUsage of job (MB)
	155584  -  ResidentSetSize of job (KB)
...
005 (265578.000.000) 04/28 02:11:00 Job terminated.
	(1) Normal termination (return value 0)
		Usr 0 00:02:59, Sys 0 00:00:04  -  Run Remote Usage
		Usr 0 00:00:00, Sys 0 00:00:00  -  Run Local Usage
		Usr 0 00:02:59, Sys 0 00:00:04  -  Total Remote Usage
		Usr 0 00:00:00, Sys 0 00:00:00  -  Total Local Usage
	32784  -  Run Bytes Sent By Job
	32889  -  Run Bytes Received By Job
	32784  -  Total Bytes Sent By Job
	32889  -  Total Bytes Received By Job
	Partitionable Resources :    Usage  Request          
	   Cpus                 :                 1          
	   Disk (KB)            :       87       87          
	   Memory (MB)          :      152      152          
...
