000 (263951.000.000) 04/26 04:23:07 Job submitted from host: <18.12.1.74:45694>
...
001 (263951.000.000) 04/26 04:24:19 Job executing on host: <18.12.8.182:41460>
...
006 (263951.000.000) 04/26 04:24:28 Image size of job updated: 37092
	5  -  MemoryUsage of job (MB)
	4464  -  ResidentSetSize of job (KB)
...
006 (263951.000.000) 04/26 04:29:30 Image size of job updated: 247064
	112  -  MemoryUsage of job (MB)
	114624  -  ResidentSetSize of job (KB)
...
006 (263951.000.000) 04/26 04:34:30 Image size of job updated: 248364
	113  -  MemoryUsage of job (MB)
	115012  -  ResidentSetSize of job (KB)
...
006 (263951.000.000) 04/26 04:39:32 Image size of job updated: 316760
	169  -  MemoryUsage of job (MB)
	172740  -  ResidentSetSize of job (KB)
...
006 (263951.000.000) 04/26 04:44:32 Image size of job updated: 319424
	172  -  MemoryUsage of job (MB)
	175404  -  ResidentSetSize of job (KB)
...
006 (263951.000.000) 04/26 04:49:34 Image size of job updated: 322576
	175  -  MemoryUsage of job (MB)
	178800  -  ResidentSetSize of job (KB)
...
006 (263951.000.000) 04/26 04:54:34 Image size of job updated: 327256
	175  -  MemoryUsage of job (MB)
	178800  -  ResidentSetSize of job (KB)
...
006 (263951.000.000) 04/26 04:59:36 Image size of job updated: 331880
	179  -  MemoryUsage of job (MB)
	182596  -  ResidentSetSize of job (KB)
...
006 (263951.000.000) 04/26 05:04:36 Image size of job updated: 337672
	184  -  MemoryUsage of job (MB)
	188388  -  ResidentSetSize of job (KB)
...
006 (263951.000.000) 04/26 05:09:37 Image size of job updated: 342676
	189  -  MemoryUsage of job (MB)
	193360  -  ResidentSetSize of job (KB)
...
006 (263951.000.000) 04/26 05:14:37 Image size of job updated: 346908
	189  -  MemoryUsage of job (MB)
	193360  -  ResidentSetSize of job (KB)
...
006 (263951.000.000) 04/26 05:19:37 Image size of job updated: 350776
	191  -  MemoryUsage of job (MB)
	195228  -  ResidentSetSize of job (KB)
...
006 (263951.000.000) 04/26 05:21:51 Image size of job updated: 352260
	191  -  MemoryUsage of job (MB)
	195228  -  ResidentSetSize of job (KB)
...
005 (263951.000.000) 04/26 05:21:51 Job terminated.
	(1) Normal termination (return value 0)
		Usr 0 00:42:06, Sys 0 00:01:22  -  Run Remote Usage
		Usr 0 00:00:00, Sys 0 00:00:00  -  Run Local Usage
		Usr 0 00:42:06, Sys 0 00:01:22  -  Total Remote Usage
		Usr 0 00:00:00, Sys 0 00:00:00  -  Total Local Usage
	141968  -  Run Bytes Sent By Job
	32753  -  Run Bytes Received By Job
	141968  -  Total Bytes Sent By Job
	32753  -  Total Bytes Received By Job
	Partitionable Resources :    Usage  Request          
	   Cpus                 :                 1          
	   Disk (KB)            :     3329     3329          
	   Memory (MB)          :      191      191          
...
000 (265360.000.000) 04/28 00:01:25 Job submitted from host: <18.12.1.74:45694>
...
001 (265360.000.000) 04/28 00:02:19 Job executing on host: <18.12.8.209:47154>
...
006 (265360.000.000) 04/28 00:02:20 Image size of job updated: 1
	0  -  MemoryUsage of job (MB)
	0  -  ResidentSetSize of job (KB)
...
005 (265360.000.000) 04/28 00:02:20 Job terminated.
	(1) Normal termination (return value 1)
		Usr 0 00:00:00, Sys 0 00:00:00  -  Run Remote Usage
		Usr 0 00:00:00, Sys 0 00:00:00  -  Run Local Usage
		Usr 0 00:00:00, Sys 0 00:00:00  -  Total Remote Usage
		Usr 0 00:00:00, Sys 0 00:00:00  -  Total Local Usage
	1202  -  Run Bytes Sent By Job
	33265  -  Run Bytes Received By Job
	1202  -  Total Bytes Sent By Job
	33265  -  Total Bytes Received By Job
	Partitionable Resources :    Usage  Request          
	   Cpus                 :                 1          
	   Disk (KB)            :       56       56          
	   Memory (MB)          :        0        0          
...
000 (265467.000.000) 04/28 01:59:56 Job submitted from host: <18.12.1.74:45694>
...
001 (265467.000.000) 04/28 02:01:08 Job executing on host: <18.12.8.242:44380>
...
006 (265467.000.000) 04/28 02:01:17 Image size of job updated: 1
	2  -  MemoryUsage of job (MB)
	1712  -  ResidentSetSize of job (KB)
...
006 (265467.000.000) 04/28 02:06:19 Image size of job updated: 247104
	112  -  MemoryUsage of job (MB)
	114660  -  ResidentSetSize of job (KB)
...
006 (265467.000.000) 04/28 02:11:19 Image size of job updated: 314524
	167  -  MemoryUsage of job (MB)
	169996  -  ResidentSetSize of job (KB)
...
006 (265467.000.000) 04/28 02:16:21 Image size of job updated: 319460
	172  -  MemoryUsage of job (MB)
	175776  -  ResidentSetSize of job (KB)
...
006 (265467.000.000) 04/28 02:21:21 Image size of job updated: 324256
	177  -  MemoryUsage of job (MB)
	180920  -  ResidentSetSize of job (KB)
...
006 (265467.000.000) 04/28 02:26:21 Image size of job updated: 330376
	183  -  MemoryUsage of job (MB)
	187040  -  ResidentSetSize of job (KB)
...
006 (265467.000.000) 04/28 02:31:22 Image size of job updated: 338152
	191  -  MemoryUsage of job (MB)
	194816  -  ResidentSetSize of job (KB)
...
006 (265467.000.000) 04/28 02:36:22 Image size of job updated: 345100
	197  -  MemoryUsage of job (MB)
	200984  -  ResidentSetSize of job (KB)
...
006 (265467.000.000) 04/28 02:41:24 Image size of job updated: 350112
	202  -  MemoryUsage of job (MB)
	205996  -  ResidentSetSize of job (KB)
...
006 (265467.000.000) 04/28 02:43:39 Image size of job updated: 352444
	202  -  MemoryUsage of job (MB)
	205996  -  ResidentSetSize of job (KB)
...
005 (265467.000.000) 04/28 02:43:39 Job terminated.
	(1) Normal termination (return value 0)
		Usr 0 00:37:49, Sys 0 00:01:10  -  Run Remote Usage
		Usr 0 00:00:00, Sys 0 00:00:00  -  Run Local Usage
		Usr 0 00:37:49, Sys 0 00:01:10  -  Total Remote Usage
		Usr 0 00:00:00, Sys 0 00:00:00  -  Total Local Usage
	140916  -  Run Bytes Sent By Job
	33279  -  Run Bytes Received By Job
	140916  -  Total Bytes Sent By Job
	33279  -  Total Bytes Received By Job
	Partitionable Resources :    Usage  Request          
	   Cpus                 :                 1          
	   Disk (KB)            :     3337     3337          
	   Memory (MB)          :      202      202          
...
