000 (263942.000.000) 04/26 04:23:06 Job submitted from host: <18.12.1.74:45694>
...
001 (263942.000.000) 04/26 04:24:19 Job executing on host: <18.12.8.216:47884>
...
006 (263942.000.000) 04/26 04:24:27 Image size of job updated: 232540
	142  -  MemoryUsage of job (MB)
	144728  -  ResidentSetSize of job (KB)
...
006 (263942.000.000) 04/26 04:29:27 Image size of job updated: 247532
	142  -  MemoryUsage of job (MB)
	144728  -  ResidentSetSize of job (KB)
...
006 (263942.000.000) 04/26 04:34:28 Image size of job updated: 314516
	159  -  MemoryUsage of job (MB)
	162412  -  ResidentSetSize of job (KB)
...
006 (263942.000.000) 04/26 04:39:28 Image size of job updated: 317916
	165  -  MemoryUsage of job (MB)
	168756  -  ResidentSetSize of job (KB)
...
006 (263942.000.000) 04/26 04:44:28 Image size of job updated: 320864
	167  -  MemoryUsage of job (MB)
	170900  -  ResidentSetSize of job (KB)
...
006 (263942.000.000) 04/26 04:49:29 Image size of job updated: 325620
	169  -  MemoryUsage of job (MB)
	172152  -  ResidentSetSize of job (KB)
...
006 (263942.000.000) 04/26 04:54:29 Image size of job updated: 331024
	173  -  MemoryUsage of job (MB)
	176484  -  ResidentSetSize of job (KB)
...
006 (263942.000.000) 04/26 04:59:31 Image size of job updated: 338476
	180  -  MemoryUsage of job (MB)
	183832  -  ResidentSetSize of job (KB)
...
006 (263942.000.000) 04/26 05:04:31 Image size of job updated: 343420
	185  -  MemoryUsage of job (MB)
	188780  -  ResidentSetSize of job (KB)
...
006 (263942.000.000) 04/26 05:09:33 Image size of job updated: 348496
	190  -  MemoryUsage of job (MB)
	193868  -  ResidentSetSize of job (KB)
...
006 (263942.000.000) 04/26 05:13:58 Image size of job updated: 352336
	190  -  MemoryUsage of job (MB)
	193868  -  ResidentSetSize of job (KB)
...
005 (263942.000.000) 04/26 05:13:58 Job terminated.
	(1) Normal termination (return value 0)
		Usr 0 00:46:45, Sys 0 00:01:37  -  Run Remote Usage
		Usr 0 00:00:00, Sys 0 00:00:00  -  Run Local Usage
		Usr 0 00:46:45, Sys 0 00:01:37  -  Total Remote Usage
		Usr 0 00:00:00, Sys 0 00:00:00  -  Total Local Usage
	142519  -  Run Bytes Sent By Job
	32753  -  Run Bytes Received By Job
	142519  -  Total Bytes Sent By Job
	32753  -  Total Bytes Received By Job
	Partitionable Resources :    Usage  Request          
	   Cpus                 :                 1          
	   Disk (KB)            :     3137     3137          
	   Memory (MB)          :      190      190          
...
000 (265351.000.000) 04/28 00:01:24 Job submitted from host: <18.12.1.74:45694>
...
001 (265351.000.000) 04/28 00:02:19 Job executing on host: <18.12.9.23:49636>
...
006 (265351.000.000) 04/28 00:02:20 Image size of job updated: 1
	0  -  MemoryUsage of job (MB)
	0  -  ResidentSetSize of job (KB)
...
005 (265351.000.000) 04/28 00:02:20 Job terminated.
	(1) Normal termination (return value 1)
		Usr 0 00:00:00, Sys 0 00:00:00  -  Run Remote Usage
		Usr 0 00:00:00, Sys 0 00:00:00  -  Run Local Usage
		Usr 0 00:00:00, Sys 0 00:00:00  -  Total Remote Usage
		Usr 0 00:00:00, Sys 0 00:00:00  -  Total Local Usage
	1201  -  Run Bytes Sent By Job
	33265  -  Run Bytes Received By Job
	1201  -  Total Bytes Sent By Job
	33265  -  Total Bytes Received By Job
	Partitionable Resources :    Usage  Request          
	   Cpus                 :                 1          
	   Disk (KB)            :       56       56          
	   Memory (MB)          :        0        0          
...
000 (265458.000.000) 04/28 01:59:54 Job submitted from host: <18.12.1.74:45694>
...
001 (265458.000.000) 04/28 02:01:08 Job executing on host: <18.12.8.250:42847>
...
006 (265458.000.000) 04/28 02:01:16 Image size of job updated: 1
	2  -  MemoryUsage of job (MB)
	1704  -  ResidentSetSize of job (KB)
...
006 (265458.000.000) 04/28 02:06:17 Image size of job updated: 247572
	104  -  MemoryUsage of job (MB)
	106228  -  ResidentSetSize of job (KB)
...
006 (265458.000.000) 04/28 02:11:17 Image size of job updated: 316476
	161  -  MemoryUsage of job (MB)
	164692  -  ResidentSetSize of job (KB)
...
006 (265458.000.000) 04/28 02:16:17 Image size of job updated: 319240
	164  -  MemoryUsage of job (MB)
	167840  -  ResidentSetSize of job (KB)
...
006 (265458.000.000) 04/28 02:21:18 Image size of job updated: 324420
	170  -  MemoryUsage of job (MB)
	173336  -  ResidentSetSize of job (KB)
...
006 (265458.000.000) 04/28 02:26:18 Image size of job updated: 331116
	176  -  MemoryUsage of job (MB)
	179948  -  ResidentSetSize of job (KB)
...
006 (265458.000.000) 04/28 02:31:20 Image size of job updated: 339736
	185  -  MemoryUsage of job (MB)
	188468  -  ResidentSetSize of job (KB)
...
006 (265458.000.000) 04/28 02:36:20 Image size of job updated: 345968
	190  -  MemoryUsage of job (MB)
	194184  -  ResidentSetSize of job (KB)
...
006 (265458.000.000) 04/28 02:41:22 Image size of job updated: 351388
	195  -  MemoryUsage of job (MB)
	199600  -  ResidentSetSize of job (KB)
...
006 (265458.000.000) 04/28 02:42:24 Image size of job updated: 352496
	195  -  MemoryUsage of job (MB)
	199600  -  ResidentSetSize of job (KB)
...
005 (265458.000.000) 04/28 02:42:24 Job terminated.
	(1) Normal termination (return value 0)
		Usr 0 00:37:13, Sys 0 00:01:10  -  Run Remote Usage
		Usr 0 00:00:00, Sys 0 00:00:00  -  Run Local Usage
		Usr 0 00:37:13, Sys 0 00:01:10  -  Total Remote Usage
		Usr 0 00:00:00, Sys 0 00:00:00  -  Total Local Usage
	141647  -  Run Bytes Sent By Job
	33279  -  Run Bytes Received By Job
	141647  -  Total Bytes Sent By Job
	33279  -  Total Bytes Received By Job
	Partitionable Resources :    Usage  Request          
	   Cpus                 :                 1          
	   Disk (KB)            :     3413     3413          
	   Memory (MB)          :      195      195          
...
