000 (263954.000.000) 04/26 04:23:07 Job submitted from host: <18.12.1.74:45694>
...
001 (263954.000.000) 04/26 04:24:19 Job executing on host: <18.12.8.191:41679>
...
006 (263954.000.000) 04/26 04:24:28 Image size of job updated: 68912
	13  -  MemoryUsage of job (MB)
	12988  -  ResidentSetSize of job (KB)
...
006 (263954.000.000) 04/26 04:29:30 Image size of job updated: 247060
	112  -  MemoryUsage of job (MB)
	114640  -  ResidentSetSize of job (KB)
...
006 (263954.000.000) 04/26 04:34:30 Image size of job updated: 248360
	114  -  MemoryUsage of job (MB)
	115928  -  ResidentSetSize of job (KB)
...
006 (263954.000.000) 04/26 04:39:32 Image size of job updated: 316352
	169  -  MemoryUsage of job (MB)
	172540  -  ResidentSetSize of job (KB)
...
006 (263954.000.000) 04/26 04:44:32 Image size of job updated: 317684
	169  -  MemoryUsage of job (MB)
	172540  -  ResidentSetSize of job (KB)
...
006 (263954.000.000) 04/26 04:49:34 Image size of job updated: 319748
	169  -  MemoryUsage of job (MB)
	172540  -  ResidentSetSize of job (KB)
...
006 (263954.000.000) 04/26 04:54:34 Image size of job updated: 323372
	172  -  MemoryUsage of job (MB)
	175752  -  ResidentSetSize of job (KB)
...
006 (263954.000.000) 04/26 04:59:36 Image size of job updated: 326848
	172  -  MemoryUsage of job (MB)
	175808  -  ResidentSetSize of job (KB)
...
006 (263954.000.000) 04/26 05:04:36 Image size of job updated: 331096
	176  -  MemoryUsage of job (MB)
	179612  -  ResidentSetSize of job (KB)
...
006 (263954.000.000) 04/26 05:09:37 Image size of job updated: 335712
	180  -  MemoryUsage of job (MB)
	184220  -  ResidentSetSize of job (KB)
...
006 (263954.000.000) 04/26 05:14:37 Image size of job updated: 340276
	185  -  MemoryUsage of job (MB)
	188780  -  ResidentSetSize of job (KB)
...
006 (263954.000.000) 04/26 05:19:37 Image size of job updated: 344576
	189  -  MemoryUsage of job (MB)
	192564  -  ResidentSetSize of job (KB)
...
006 (263954.000.000) 04/26 05:24:38 Image size of job updated: 348840
	193  -  MemoryUsage of job (MB)
	196832  -  ResidentSetSize of job (KB)
...
006 (263954.000.000) 04/26 05:29:38 Image size of job updated: 352296
	196  -  MemoryUsage of job (MB)
	200280  -  ResidentSetSize of job (KB)
...
005 (263954.000.000) 04/26 05:29:44 Job terminated.
	(1) Normal termination (return value 0)
		Usr 0 01:01:08, Sys 0 00:01:45  -  Run Remote Usage
		Usr 0 00:00:00, Sys 0 00:00:00  -  Run Local Usage
		Usr 0 01:01:08, Sys 0 00:01:45  -  Total Remote Usage
		Usr 0 00:00:00, Sys 0 00:00:00  -  Total Local Usage
	141650  -  Run Bytes Sent By Job
	32753  -  Run Bytes Received By Job
	141650  -  Total Bytes Sent By Job
	32753  -  Total Bytes Received By Job
	Partitionable Resources :    Usage  Request          
	   Cpus                 :                 1          
	   Disk (KB)            :     3467     3467          
	   Memory (MB)          :      196      196          
...
000 (265363.000.000) 04/28 00:01:25 Job submitted from host: <18.12.1.74:45694>
...
001 (265363.000.000) 04/28 00:02:20 Job executing on host: <18.12.8.236:40000>
...
006 (265363.000.000) 04/28 00:02:20 Image size of job updated: 1
	0  -  MemoryUsage of job (MB)
	0  -  ResidentSetSize of job (KB)
...
005 (265363.000.000) 04/28 00:02:21 Job terminated.
	(1) Normal termination (return value 1)
		Usr 0 00:00:00, Sys 0 00:00:00  -  Run Remote Usage
		Usr 0 00:00:00, Sys 0 00:00:00  -  Run Local Usage
		Usr 0 00:00:00, Sys 0 00:00:00  -  Total Remote Usage
		Usr 0 00:00:00, Sys 0 00:00:00  -  Total Local Usage
	1203  -  Run Bytes Sent By Job
	33265  -  Run Bytes Received By Job
	1203  -  Total Bytes Sent By Job
	33265  -  Total Bytes Received By Job
	Partitionable Resources :    Usage  Request          
	   Cpus                 :                 1          
	   Disk (KB)            :       56       56          
	   Memory (MB)          :        0        0          
...
000 (265470.000.000) 04/28 01:59:56 Job submitted from host: <18.12.1.74:45694>
...
001 (265470.000.000) 04/28 02:01:09 Job executing on host: <18.12.8.180:45256>
...
006 (265470.000.000) 04/28 02:01:17 Image size of job updated: 1
	2  -  MemoryUsage of job (MB)
	1700  -  ResidentSetSize of job (KB)
...
006 (265470.000.000) 04/28 02:06:17 Image size of job updated: 247976
	113  -  MemoryUsage of job (MB)
	115576  -  ResidentSetSize of job (KB)
...
006 (265470.000.000) 04/28 02:11:17 Image size of job updated: 316360
	169  -  MemoryUsage of job (MB)
	172992  -  ResidentSetSize of job (KB)
...
006 (265470.000.000) 04/28 02:16:17 Image size of job updated: 319844
	173  -  MemoryUsage of job (MB)
	176276  -  ResidentSetSize of job (KB)
...
006 (265470.000.000) 04/28 02:21:17 Image size of job updated: 325368
	178  -  MemoryUsage of job (MB)
	181968  -  ResidentSetSize of job (KB)
...
006 (265470.000.000) 04/28 02:26:18 Image size of job updated: 331552
	184  -  MemoryUsage of job (MB)
	188172  -  ResidentSetSize of job (KB)
...
006 (265470.000.000) 04/28 02:31:18 Image size of job updated: 338508
	191  -  MemoryUsage of job (MB)
	195132  -  ResidentSetSize of job (KB)
...
006 (265470.000.000) 04/28 02:36:23 Image size of job updated: 345464
	198  -  MemoryUsage of job (MB)
	202104  -  ResidentSetSize of job (KB)
...
006 (265470.000.000) 04/28 02:41:20 Image size of job updated: 350484
	202  -  MemoryUsage of job (MB)
	206340  -  ResidentSetSize of job (KB)
...
006 (265470.000.000) 04/28 02:43:12 Image size of job updated: 352456
	202  -  MemoryUsage of job (MB)
	206340  -  ResidentSetSize of job (KB)
...
005 (265470.000.000) 04/28 02:43:12 Job terminated.
	(1) Normal termination (return value 0)
		Usr 0 00:39:14, Sys 0 00:01:14  -  Run Remote Usage
		Usr 0 00:00:00, Sys 0 00:00:00  -  Run Local Usage
		Usr 0 00:39:14, Sys 0 00:01:14  -  Total Remote Usage
		Usr 0 00:00:00, Sys 0 00:00:00  -  Total Local Usage
	141027  -  Run Bytes Sent By Job
	33279  -  Run Bytes Received By Job
	141027  -  Total Bytes Sent By Job
	33279  -  Total Bytes Received By Job
	Partitionable Resources :    Usage  Request          
	   Cpus                 :                 1          
	   Disk (KB)            :     3342     3342          
	   Memory (MB)          :      202      202          
...
