000 (263948.000.000) 04/26 04:23:07 Job submitted from host: <18.12.1.74:45694>
...
001 (263948.000.000) 04/26 04:24:19 Job executing on host: <18.12.8.107:45183>
...
006 (263948.000.000) 04/26 04:24:28 Image size of job updated: 117496
	28  -  MemoryUsage of job (MB)
	28584  -  ResidentSetSize of job (KB)
...
006 (263948.000.000) 04/26 04:29:30 Image size of job updated: 247528
	113  -  MemoryUsage of job (MB)
	115100  -  ResidentSetSize of job (KB)
...
006 (263948.000.000) 04/26 04:34:30 Image size of job updated: 314516
	167  -  MemoryUsage of job (MB)
	170360  -  ResidentSetSize of job (KB)
...
006 (263948.000.000) 04/26 04:39:32 Image size of job updated: 317856
	171  -  MemoryUsage of job (MB)
	174324  -  ResidentSetSize of job (KB)
...
006 (263948.000.000) 04/26 04:44:32 Image size of job updated: 320108
	173  -  MemoryUsage of job (MB)
	176560  -  ResidentSetSize of job (KB)
...
006 (263948.000.000) 04/26 04:49:34 Image size of job updated: 323688
	176  -  MemoryUsage of job (MB)
	179324  -  ResidentSetSize of job (KB)
...
006 (263948.000.000) 04/26 04:54:34 Image size of job updated: 327740
	178  -  MemoryUsage of job (MB)
	181664  -  ResidentSetSize of job (KB)
...
006 (263948.000.000) 04/26 04:59:35 Image size of job updated: 332352
	178  -  MemoryUsage of job (MB)
	181664  -  ResidentSetSize of job (KB)
...
006 (263948.000.000) 04/26 05:04:35 Image size of job updated: 337748
	178  -  MemoryUsage of job (MB)
	181664  -  ResidentSetSize of job (KB)
...
006 (263948.000.000) 04/26 05:09:36 Image size of job updated: 343096
	183  -  MemoryUsage of job (MB)
	186612  -  ResidentSetSize of job (KB)
...
006 (263948.000.000) 04/26 05:14:36 Image size of job updated: 347388
	187  -  MemoryUsage of job (MB)
	190904  -  ResidentSetSize of job (KB)
...
006 (263948.000.000) 04/26 05:19:36 Image size of job updated: 350480
	190  -  MemoryUsage of job (MB)
	193996  -  ResidentSetSize of job (KB)
...
006 (263948.000.000) 04/26 05:22:35 Image size of job updated: 352400
	190  -  MemoryUsage of job (MB)
	193996  -  ResidentSetSize of job (KB)
...
005 (263948.000.000) 04/26 05:22:35 Job terminated.
	(1) Normal termination (return value 0)
		Usr 0 00:52:44, Sys 0 00:04:04  -  Run Remote Usage
		Usr 0 00:00:00, Sys 0 00:00:00  -  Run Local Usage
		Usr 0 00:52:44, Sys 0 00:04:04  -  Total Remote Usage
		Usr 0 00:00:00, Sys 0 00:00:00  -  Total Local Usage
	140989  -  Run Bytes Sent By Job
	32753  -  Run Bytes Received By Job
	140989  -  Total Bytes Sent By Job
	32753  -  Total Bytes Received By Job
	Partitionable Resources :    Usage  Request          
	   Cpus                 :                 1          
	   Disk (KB)            :     3298     3298          
	   Memory (MB)          :      190      190          
...
000 (265357.000.000) 04/28 00:01:24 Job submitted from host: <18.12.1.74:45694>
...
001 (265357.000.000) 04/28 00:02:19 Job executing on host: <18.12.8.190:43942>
...
006 (265357.000.000) 04/28 00:02:24 Image size of job updated: 1
	0  -  MemoryUsage of job (MB)
	0  -  ResidentSetSize of job (KB)
...
005 (265357.000.000) 04/28 00:02:24 Job terminated.
	(1) Normal termination (return value 1)
		Usr 0 00:00:00, Sys 0 00:00:00  -  Run Remote Usage
		Usr 0 00:00:00, Sys 0 00:00:00  -  Run Local Usage
		Usr 0 00:00:00, Sys 0 00:00:00  -  Total Remote Usage
		Usr 0 00:00:00, Sys 0 00:00:00  -  Total Local Usage
	1203  -  Run Bytes Sent By Job
	33265  -  Run Bytes Received By Job
	1203  -  Total Bytes Sent By Job
	33265  -  Total Bytes Received By Job
	Partitionable Resources :    Usage  Request          
	   Cpus                 :                 1          
	   Disk (KB)            :       56       56          
	   Memory (MB)          :        0        0          
...
000 (265464.000.000) 04/28 01:59:55 Job submitted from host: <18.12.1.74:45694>
...
001 (265464.000.000) 04/28 02:01:08 Job executing on host: <18.12.8.161:44380>
...
006 (265464.000.000) 04/28 02:01:17 Image size of job updated: 1
	2  -  MemoryUsage of job (MB)
	1704  -  ResidentSetSize of job (KB)
...
006 (265464.000.000) 04/28 02:06:19 Image size of job updated: 247100
	104  -  MemoryUsage of job (MB)
	105908  -  ResidentSetSize of job (KB)
...
006 (265464.000.000) 04/28 02:11:19 Image size of job updated: 248828
	106  -  MemoryUsage of job (MB)
	107964  -  ResidentSetSize of job (KB)
...
006 (265464.000.000) 04/28 02:16:21 Image size of job updated: 317872
	163  -  MemoryUsage of job (MB)
	166628  -  ResidentSetSize of job (KB)
...
006 (265464.000.000) 04/28 02:21:21 Image size of job updated: 320956
	166  -  MemoryUsage of job (MB)
	169692  -  ResidentSetSize of job (KB)
...
006 (265464.000.000) 04/28 02:26:23 Image size of job updated: 325704
	171  -  MemoryUsage of job (MB)
	174632  -  ResidentSetSize of job (KB)
...
006 (265464.000.000) 04/28 02:31:23 Image size of job updated: 331280
	176  -  MemoryUsage of job (MB)
	180056  -  ResidentSetSize of job (KB)
...
006 (265464.000.000) 04/28 02:36:25 Image size of job updated: 338244
	183  -  MemoryUsage of job (MB)
	187024  -  ResidentSetSize of job (KB)
...
006 (265464.000.000) 04/28 02:41:25 Image size of job updated: 344028
	189  -  MemoryUsage of job (MB)
	192804  -  ResidentSetSize of job (KB)
...
006 (265464.000.000) 04/28 02:46:26 Image size of job updated: 348288
	193  -  MemoryUsage of job (MB)
	197064  -  ResidentSetSize of job (KB)
...
006 (265464.000.000) 04/28 02:51:26 Image size of job updated: 352156
	197  -  MemoryUsage of job (MB)
	200928  -  ResidentSetSize of job (KB)
...
006 (265464.000.000) 04/28 02:52:13 Image size of job updated: 352932
	197  -  MemoryUsage of job (MB)
	200928  -  ResidentSetSize of job (KB)
...
005 (265464.000.000) 04/28 02:52:13 Job terminated.
	(1) Normal termination (return value 0)
		Usr 0 00:47:01, Sys 0 00:01:11  -  Run Remote Usage
		Usr 0 00:00:00, Sys 0 00:00:00  -  Run Local Usage
		Usr 0 00:47:01, Sys 0 00:01:11  -  Total Remote Usage
		Usr 0 00:00:00, Sys 0 00:00:00  -  Total Local Usage
	140993  -  Run Bytes Sent By Job
	33279  -  Run Bytes Received By Job
	140993  -  Total Bytes Sent By Job
	33279  -  Total Bytes Received By Job
	Partitionable Resources :    Usage  Request          
	   Cpus                 :                 1          
	   Disk (KB)            :     3476     3476          
	   Memory (MB)          :      197      197          
...
