000 (263957.000.000) 04/26 04:23:08 Job submitted from host: <18.12.1.74:45694>
...
001 (263957.000.000) 04/26 04:24:20 Job executing on host: <18.12.8.228:44526>
...
006 (263957.000.000) 04/26 04:24:29 Image size of job updated: 211548
	105  -  MemoryUsage of job (MB)
	107040  -  ResidentSetSize of job (KB)
...
006 (263957.000.000) 04/26 04:29:31 Image size of job updated: 247528
	113  -  MemoryUsage of job (MB)
	115112  -  ResidentSetSize of job (KB)
...
006 (263957.000.000) 04/26 04:34:31 Image size of job updated: 314480
	167  -  MemoryUsage of job (MB)
	170436  -  ResidentSetSize of job (KB)
...
006 (263957.000.000) 04/26 04:39:33 Image size of job updated: 317944
	171  -  MemoryUsage of job (MB)
	174320  -  ResidentSetSize of job (KB)
...
006 (263957.000.000) 04/26 04:44:33 Image size of job updated: 321272
	174  -  MemoryUsage of job (MB)
	177684  -  ResidentSetSize of job (KB)
...
006 (263957.000.000) 04/26 04:49:34 Image size of job updated: 326336
	179  -  MemoryUsage of job (MB)
	183032  -  ResidentSetSize of job (KB)
...
006 (263957.000.000) 04/26 04:54:34 Image size of job updated: 332116
	185  -  MemoryUsage of job (MB)
	188824  -  ResidentSetSize of job (KB)
...
006 (263957.000.000) 04/26 04:59:34 Image size of job updated: 339184
	192  -  MemoryUsage of job (MB)
	195784  -  ResidentSetSize of job (KB)
...
006 (263957.000.000) 04/26 05:04:35 Image size of job updated: 344960
	197  -  MemoryUsage of job (MB)
	201564  -  ResidentSetSize of job (KB)
...
006 (263957.000.000) 04/26 05:09:35 Image size of job updated: 349192
	201  -  MemoryUsage of job (MB)
	205796  -  ResidentSetSize of job (KB)
...
006 (263957.000.000) 04/26 05:13:12 Image size of job updated: 352280
	201  -  MemoryUsage of job (MB)
	205796  -  ResidentSetSize of job (KB)
...
005 (263957.000.000) 04/26 05:13:12 Job terminated.
	(1) Normal termination (return value 0)
		Usr 0 00:46:00, Sys 0 00:01:37  -  Run Remote Usage
		Usr 0 00:00:00, Sys 0 00:00:00  -  Run Local Usage
		Usr 0 00:46:00, Sys 0 00:01:37  -  Total Remote Usage
		Usr 0 00:00:00, Sys 0 00:00:00  -  Total Local Usage
	142460  -  Run Bytes Sent By Job
	32753  -  Run Bytes Received By Job
	142460  -  Total Bytes Sent By Job
	32753  -  Total Bytes Received By Job
	Partitionable Resources :    Usage  Request          
	   Cpus                 :                 1          
	   Disk (KB)            :     3209     3209          
	   Memory (MB)          :      201      201          
...
000 (265366.000.000) 04/28 00:01:25 Job submitted from host: <18.12.1.74:45694>
...
001 (265366.000.000) 04/28 00:02:19 Job executing on host: <18.12.8.191:41679>
...
006 (265366.000.000) 04/28 00:02:20 Image size of job updated: 111216
	0  -  MemoryUsage of job (MB)
	0  -  ResidentSetSize of job (KB)
...
005 (265366.000.000) 04/28 00:02:20 Job terminated.
	(1) Normal termination (return value 1)
		Usr 0 00:00:00, Sys 0 00:00:00  -  Run Remote Usage
		Usr 0 00:00:00, Sys 0 00:00:00  -  Run Local Usage
		Usr 0 00:00:00, Sys 0 00:00:00  -  Total Remote Usage
		Usr 0 00:00:00, Sys 0 00:00:00  -  Total Local Usage
	1203  -  Run Bytes Sent By Job
	33265  -  Run Bytes Received By Job
	1203  -  Total Bytes Sent By Job
	33265  -  Total Bytes Received By Job
	Partitionable Resources :    Usage  Request          
	   Cpus                 :                 1          
	   Disk (KB)            :       56       56          
	   Memory (MB)          :        0        0          
...
000 (265473.000.000) 04/28 01:59:56 Job submitted from host: <18.12.1.74:45694>
...
001 (265473.000.000) 04/28 02:01:09 Job executing on host: <18.12.8.225:41606>
...
006 (265473.000.000) 04/28 02:01:17 Image size of job updated: 1
	2  -  MemoryUsage of job (MB)
	1716  -  ResidentSetSize of job (KB)
...
006 (265473.000.000) 04/28 02:06:18 Image size of job updated: 247992
	116  -  MemoryUsage of job (MB)
	117988  -  ResidentSetSize of job (KB)
...
006 (265473.000.000) 04/28 02:11:18 Image size of job updated: 316648
	172  -  MemoryUsage of job (MB)
	175448  -  ResidentSetSize of job (KB)
...
006 (265473.000.000) 04/28 02:16:18 Image size of job updated: 320232
	175  -  MemoryUsage of job (MB)
	179068  -  ResidentSetSize of job (KB)
...
006 (265473.000.000) 04/28 02:21:19 Image size of job updated: 326020
	181  -  MemoryUsage of job (MB)
	185140  -  ResidentSetSize of job (KB)
...
006 (265473.000.000) 04/28 02:26:19 Image size of job updated: 333360
	188  -  MemoryUsage of job (MB)
	192504  -  ResidentSetSize of job (KB)
...
006 (265473.000.000) 04/28 02:31:20 Image size of job updated: 341220
	196  -  MemoryUsage of job (MB)
	200264  -  ResidentSetSize of job (KB)
...
006 (265473.000.000) 04/28 02:36:20 Image size of job updated: 347008
	201  -  MemoryUsage of job (MB)
	205272  -  ResidentSetSize of job (KB)
...
006 (265473.000.000) 04/28 02:41:22 Image size of job updated: 352412
	206  -  MemoryUsage of job (MB)
	210676  -  ResidentSetSize of job (KB)
...
005 (265473.000.000) 04/28 02:41:27 Job terminated.
	(1) Normal termination (return value 0)
		Usr 0 00:37:28, Sys 0 00:01:08  -  Run Remote Usage
		Usr 0 00:00:00, Sys 0 00:00:00  -  Run Local Usage
		Usr 0 00:37:28, Sys 0 00:01:08  -  Total Remote Usage
		Usr 0 00:00:00, Sys 0 00:00:00  -  Total Local Usage
	141021  -  Run Bytes Sent By Job
	33279  -  Run Bytes Received By Job
	141021  -  Total Bytes Sent By Job
	33279  -  Total Bytes Received By Job
	Partitionable Resources :    Usage  Request          
	   Cpus                 :                 1          
	   Disk (KB)            :     3514     3514          
	   Memory (MB)          :      206      206          
...
