000 (263949.000.000) 04/26 04:23:07 Job submitted from host: <18.12.1.74:45694>
...
001 (263949.000.000) 04/26 04:24:19 Job executing on host: <18.12.8.173:41387>
...
006 (263949.000.000) 04/26 04:24:28 Image size of job updated: 1
	2  -  MemoryUsage of job (MB)
	1704  -  ResidentSetSize of job (KB)
...
006 (263949.000.000) 04/26 04:29:30 Image size of job updated: 247528
	113  -  MemoryUsage of job (MB)
	115092  -  ResidentSetSize of job (KB)
...
006 (263949.000.000) 04/26 04:34:30 Image size of job updated: 248772
	114  -  MemoryUsage of job (MB)
	116496  -  ResidentSetSize of job (KB)
...
006 (263949.000.000) 04/26 04:39:32 Image size of job updated: 316740
	169  -  MemoryUsage of job (MB)
	172996  -  ResidentSetSize of job (KB)
...
006 (263949.000.000) 04/26 04:44:32 Image size of job updated: 320288
	173  -  MemoryUsage of job (MB)
	176260  -  ResidentSetSize of job (KB)
...
006 (263949.000.000) 04/26 04:49:34 Image size of job updated: 324608
	177  -  MemoryUsage of job (MB)
	180860  -  ResidentSetSize of job (KB)
...
006 (263949.000.000) 04/26 04:54:34 Image size of job updated: 329152
	182  -  MemoryUsage of job (MB)
	185404  -  ResidentSetSize of job (KB)
...
006 (263949.000.000) 04/26 04:59:36 Image size of job updated: 335328
	183  -  MemoryUsage of job (MB)
	186400  -  ResidentSetSize of job (KB)
...
006 (263949.000.000) 04/26 05:04:36 Image size of job updated: 341100
	188  -  MemoryUsage of job (MB)
	192004  -  ResidentSetSize of job (KB)
...
006 (263949.000.000) 04/26 05:09:37 Image size of job updated: 346068
	193  -  MemoryUsage of job (MB)
	196616  -  ResidentSetSize of job (KB)
...
006 (263949.000.000) 04/26 05:14:37 Image size of job updated: 350740
	195  -  MemoryUsage of job (MB)
	199568  -  ResidentSetSize of job (KB)
...
006 (263949.000.000) 04/26 05:16:16 Image size of job updated: 352620
	195  -  MemoryUsage of job (MB)
	199568  -  ResidentSetSize of job (KB)
...
005 (263949.000.000) 04/26 05:16:16 Job terminated.
	(1) Normal termination (return value 0)
		Usr 0 00:40:55, Sys 0 00:01:22  -  Run Remote Usage
		Usr 0 00:00:00, Sys 0 00:00:00  -  Run Local Usage
		Usr 0 00:40:55, Sys 0 00:01:22  -  Total Remote Usage
		Usr 0 00:00:00, Sys 0 00:00:00  -  Total Local Usage
	141647  -  Run Bytes Sent By Job
	32753  -  Run Bytes Received By Job
	141647  -  Total Bytes Sent By Job
	32753  -  Total Bytes Received By Job
	Partitionable Resources :    Usage  Request          
	   Cpus                 :                 1          
	   Disk (KB)            :     3353     3353          
	   Memory (MB)          :      195      195          
...
000 (265358.000.000) 04/28 00:01:24 Job submitted from host: <18.12.1.74:45694>
...
001 (265358.000.000) 04/28 00:02:19 Job executing on host: <18.12.8.217:48030>
...
006 (265358.000.000) 04/28 00:02:22 Image size of job updated: 1
	0  -  MemoryUsage of job (MB)
	0  -  ResidentSetSize of job (KB)
...
005 (265358.000.000) 04/28 00:02:22 Job terminated.
	(1) Normal termination (return value 1)
		Usr 0 00:00:00, Sys 0 00:00:00  -  Run Remote Usage
		Usr 0 00:00:00, Sys 0 00:00:00  -  Run Local Usage
		Usr 0 00:00:00, Sys 0 00:00:00  -  Total Remote Usage
		Usr 0 00:00:00, Sys 0 00:00:00  -  Total Local Usage
	1202  -  Run Bytes Sent By Job
	33265  -  Run Bytes Received By Job
	1202  -  Total Bytes Sent By Job
	33265  -  Total Bytes Received By Job
	Partitionable Resources :    Usage  Request          
	   Cpus                 :                 1          
	   Disk (KB)            :       56       56          
	   Memory (MB)          :        0        0          
...
000 (265465.000.000) 04/28 01:59:55 Job submitted from host: <18.12.1.74:45694>
...
001 (265465.000.000) 04/28 02:01:08 Job executing on host: <18.12.8.224:43066>
...
006 (265465.000.000) 04/28 02:01:17 Image size of job updated: 211368
	105  -  MemoryUsage of job (MB)
	106908  -  ResidentSetSize of job (KB)
...
006 (265465.000.000) 04/28 02:06:18 Image size of job updated: 247992
	113  -  MemoryUsage of job (MB)
	115592  -  ResidentSetSize of job (KB)
...
006 (265465.000.000) 04/28 02:11:18 Image size of job updated: 316764
	170  -  MemoryUsage of job (MB)
	173060  -  ResidentSetSize of job (KB)
...
006 (265465.000.000) 04/28 02:16:19 Image size of job updated: 320740
	173  -  MemoryUsage of job (MB)
	177072  -  ResidentSetSize of job (KB)
...
006 (265465.000.000) 04/28 02:21:19 Image size of job updated: 326536
	179  -  MemoryUsage of job (MB)
	183156  -  ResidentSetSize of job (KB)
...
006 (265465.000.000) 04/28 02:26:20 Image size of job updated: 333140
	186  -  MemoryUsage of job (MB)
	189772  -  ResidentSetSize of job (KB)
...
006 (265465.000.000) 04/28 02:31:20 Image size of job updated: 340440
	193  -  MemoryUsage of job (MB)
	197072  -  ResidentSetSize of job (KB)
...
006 (265465.000.000) 04/28 02:36:20 Image size of job updated: 347016
	199  -  MemoryUsage of job (MB)
	203648  -  ResidentSetSize of job (KB)
...
006 (265465.000.000) 04/28 02:41:18 Image size of job updated: 352416
	199  -  MemoryUsage of job (MB)
	203648  -  ResidentSetSize of job (KB)
...
005 (265465.000.000) 04/28 02:41:18 Job terminated.
	(1) Normal termination (return value 0)
		Usr 0 00:37:29, Sys 0 00:01:07  -  Run Remote Usage
		Usr 0 00:00:00, Sys 0 00:00:00  -  Run Local Usage
		Usr 0 00:37:29, Sys 0 00:01:07  -  Total Remote Usage
		Usr 0 00:00:00, Sys 0 00:00:00  -  Total Local Usage
	140863  -  Run Bytes Sent By Job
	33279  -  Run Bytes Received By Job
	140863  -  Total Bytes Sent By Job
	33279  -  Total Bytes Received By Job
	Partitionable Resources :    Usage  Request          
	   Cpus                 :                 1          
	   Disk (KB)            :     3038     3038          
	   Memory (MB)          :      199      199          
...
