000 (263933.000.000) 04/26 04:23:05 Job submitted from host: <18.12.1.74:45694>
...
001 (263933.000.000) 04/26 04:24:18 Job executing on host: <18.12.8.232:49928>
...
006 (263933.000.000) 04/26 04:24:27 Image size of job updated: 110820
	26  -  MemoryUsage of job (MB)
	26340  -  ResidentSetSize of job (KB)
...
006 (263933.000.000) 04/26 04:29:28 Image size of job updated: 247532
	114  -  MemoryUsage of job (MB)
	116612  -  ResidentSetSize of job (KB)
...
006 (263933.000.000) 04/26 04:34:28 Image size of job updated: 314508
	166  -  MemoryUsage of job (MB)
	169796  -  ResidentSetSize of job (KB)
...
006 (263933.000.000) 04/26 04:39:28 Image size of job updated: 318032
	172  -  MemoryUsage of job (MB)
	175836  -  ResidentSetSize of job (KB)
...
006 (263933.000.000) 04/26 04:44:30 Image size of job updated: 320228
	173  -  MemoryUsage of job (MB)
	176704  -  ResidentSetSize of job (KB)
...
006 (263933.000.000) 04/26 04:49:30 Image size of job updated: 324464
	177  -  MemoryUsage of job (MB)
	181240  -  ResidentSetSize of job (KB)
...
006 (263933.000.000) 04/26 04:54:32 Image size of job updated: 329476
	182  -  MemoryUsage of job (MB)
	186240  -  ResidentSetSize of job (KB)
...
006 (263933.000.000) 04/26 04:59:32 Image size of job updated: 335652
	188  -  MemoryUsage of job (MB)
	192236  -  ResidentSetSize of job (KB)
...
006 (263933.000.000) 04/26 05:04:33 Image size of job updated: 341444
	188  -  MemoryUsage of job (MB)
	192236  -  ResidentSetSize of job (KB)
...
006 (263933.000.000) 04/26 05:09:33 Image size of job updated: 346456
	188  -  MemoryUsage of job (MB)
	192236  -  ResidentSetSize of job (KB)
...
006 (263933.000.000) 04/26 05:14:33 Image size of job updated: 350328
	192  -  MemoryUsage of job (MB)
	195976  -  ResidentSetSize of job (KB)
...
006 (263933.000.000) 04/26 05:17:03 Image size of job updated: 352228
	192  -  MemoryUsage of job (MB)
	195976  -  ResidentSetSize of job (KB)
...
005 (263933.000.000) 04/26 05:17:03 Job terminated.
	(1) Normal termination (return value 0)
		Usr 0 00:50:00, Sys 0 00:01:40  -  Run Remote Usage
		Usr 0 00:00:00, Sys 0 00:00:00  -  Run Local Usage
		Usr 0 00:50:00, Sys 0 00:01:40  -  Total Remote Usage
		Usr 0 00:00:00, Sys 0 00:00:00  -  Total Local Usage
	141963  -  Run Bytes Sent By Job
	32753  -  Run Bytes Received By Job
	141963  -  Total Bytes Sent By Job
	32753  -  Total Bytes Received By Job
	Partitionable Resources :    Usage  Request          
	   Cpus                 :                 1          
	   Disk (KB)            :     3304     3304          
	   Memory (MB)          :      192      192          
...
000 (265342.000.000) 04/28 00:01:23 Job submitted from host: <18.12.1.74:45694>
...
001 (265342.000.000) 04/28 00:02:19 Job executing on host: <18.12.8.4:48906>
...
006 (265342.000.000) 04/28 00:02:19 Image size of job updated: 1
	0  -  MemoryUsage of job (MB)
	0  -  ResidentSetSize of job (KB)
...
005 (265342.000.000) 04/28 00:02:19 Job terminated.
	(1) Normal termination (return value 1)
		Usr 0 00:00:00, Sys 0 00:00:00  -  Run Remote Usage
		Usr 0 00:00:00, Sys 0 00:00:00  -  Run Local Usage
		Usr 0 00:00:00, Sys 0 00:00:00  -  Total Remote Usage
		Usr 0 00:00:00, Sys 0 00:00:00  -  Total Local Usage
	1203  -  Run Bytes Sent By Job
	33265  -  Run Bytes Received By Job
	1203  -  Total Bytes Sent By Job
	33265  -  Total Bytes Received By Job
	Partitionable Resources :    Usage  Request          
	   Cpus                 :                 1          
	   Disk (KB)            :       56       56          
	   Memory (MB)          :        0        0          
...
000 (265449.000.000) 04/28 01:59:53 Job submitted from host: <18.12.1.74:45694>
...
001 (265449.000.000) 04/28 02:01:08 Job executing on host: <18.12.8.204:43504>
...
006 (265449.000.000) 04/28 02:01:19 Image size of job updated: 57128
	10  -  MemoryUsage of job (MB)
	9568  -  ResidentSetSize of job (KB)
...
006 (265449.000.000) 04/28 02:06:19 Image size of job updated: 211516
	91  -  MemoryUsage of job (MB)
	92676  -  ResidentSetSize of job (KB)
...
006 (265449.000.000) 04/28 02:11:19 Image size of job updated: 248404
	105  -  MemoryUsage of job (MB)
	107280  -  ResidentSetSize of job (KB)
...
006 (265449.000.000) 04/28 02:16:20 Image size of job updated: 314504
	161  -  MemoryUsage of job (MB)
	163848  -  ResidentSetSize of job (KB)
...
006 (265449.000.000) 04/28 02:21:20 Image size of job updated: 319360
	164  -  MemoryUsage of job (MB)
	167032  -  ResidentSetSize of job (KB)
...
006 (265449.000.000) 04/28 02:26:21 Image size of job updated: 324168
	169  -  MemoryUsage of job (MB)
	172176  -  ResidentSetSize of job (KB)
...
006 (265449.000.000) 04/28 02:31:21 Image size of job updated: 329956
	174  -  MemoryUsage of job (MB)
	177984  -  ResidentSetSize of job (KB)
...
006 (265449.000.000) 04/28 02:36:22 Image size of job updated: 337296
	181  -  MemoryUsage of job (MB)
	185332  -  ResidentSetSize of job (KB)
...
006 (265449.000.000) 04/28 02:41:22 Image size of job updated: 343864
	188  -  MemoryUsage of job (MB)
	191904  -  ResidentSetSize of job (KB)
...
006 (265449.000.000) 04/28 02:46:23 Image size of job updated: 348928
	193  -  MemoryUsage of job (MB)
	196972  -  ResidentSetSize of job (KB)
...
006 (265449.000.000) 04/28 02:50:14 Image size of job updated: 352364
	193  -  MemoryUsage of job (MB)
	196972  -  ResidentSetSize of job (KB)
...
005 (265449.000.000) 04/28 02:50:14 Job terminated.
	(1) Normal termination (return value 0)
		Usr 0 00:39:18, Sys 0 00:01:28  -  Run Remote Usage
		Usr 0 00:00:00, Sys 0 00:00:00  -  Run Local Usage
		Usr 0 00:39:18, Sys 0 00:01:28  -  Total Remote Usage
		Usr 0 00:00:00, Sys 0 00:00:00  -  Total Local Usage
	140928  -  Run Bytes Sent By Job
	33279  -  Run Bytes Received By Job
	140928  -  Total Bytes Sent By Job
	33279  -  Total Bytes Received By Job
	Partitionable Resources :    Usage  Request          
	   Cpus                 :                 1          
	   Disk (KB)            :     3209     3209          
	   Memory (MB)          :      193      193          
...
