000 (263963.000.000) 04/26 04:23:09 Job submitted from host: <18.12.1.74:45694>
...
001 (263963.000.000) 04/26 04:24:20 Job executing on host: <18.12.8.190:43942>
...
006 (263963.000.000) 04/26 04:24:29 Image size of job updated: 1
	2  -  MemoryUsage of job (MB)
	1712  -  ResidentSetSize of job (KB)
...
006 (263963.000.000) 04/26 04:29:30 Image size of job updated: 247940
	113  -  MemoryUsage of job (MB)
	115548  -  ResidentSetSize of job (KB)
...
006 (263963.000.000) 04/26 04:34:30 Image size of job updated: 316456
	169  -  MemoryUsage of job (MB)
	172352  -  ResidentSetSize of job (KB)
...
006 (263963.000.000) 04/26 04:39:31 Image size of job updated: 319284
	170  -  MemoryUsage of job (MB)
	173564  -  ResidentSetSize of job (KB)
...
006 (263963.000.000) 04/26 04:44:31 Image size of job updated: 322472
	172  -  MemoryUsage of job (MB)
	175656  -  ResidentSetSize of job (KB)
...
006 (263963.000.000) 04/26 04:49:32 Image size of job updated: 327504
	172  -  MemoryUsage of job (MB)
	175656  -  ResidentSetSize of job (KB)
...
006 (263963.000.000) 04/26 04:54:32 Image size of job updated: 333320
	178  -  MemoryUsage of job (MB)
	181272  -  ResidentSetSize of job (KB)
...
006 (263963.000.000) 04/26 04:59:34 Image size of job updated: 339060
	183  -  MemoryUsage of job (MB)
	186984  -  ResidentSetSize of job (KB)
...
006 (263963.000.000) 04/26 05:04:34 Image size of job updated: 344396
	188  -  MemoryUsage of job (MB)
	192320  -  ResidentSetSize of job (KB)
...
006 (263963.000.000) 04/26 05:09:36 Image size of job updated: 349084
	193  -  MemoryUsage of job (MB)
	197016  -  ResidentSetSize of job (KB)
...
006 (263963.000.000) 04/26 05:12:38 Image size of job updated: 352176
	193  -  MemoryUsage of job (MB)
	197016  -  ResidentSetSize of job (KB)
...
005 (263963.000.000) 04/26 05:12:38 Job terminated.
	(1) Normal termination (return value 0)
		Usr 0 00:45:33, Sys 0 00:01:39  -  Run Remote Usage
		Usr 0 00:00:00, Sys 0 00:00:00  -  Run Local Usage
		Usr 0 00:45:33, Sys 0 00:01:39  -  Total Remote Usage
		Usr 0 00:00:00, Sys 0 00:00:00  -  Total Local Usage
	140925  -  Run Bytes Sent By Job
	32753  -  Run Bytes Received By Job
	140925  -  Total Bytes Sent By Job
	32753  -  Total Bytes Received By Job
	Partitionable Resources :    Usage  Request          
	   Cpus                 :                 1          
	   Disk (KB)            :     3227     3227          
	   Memory (MB)          :      193      193          
...
000 (265372.000.000) 04/28 00:01:26 Job submitted from host: <18.12.1.74:45694>
...
001 (265372.000.000) 04/28 00:02:20 Job executing on host: <18.12.8.246:43504>
...
006 (265372.000.000) 04/28 00:02:22 Image size of job updated: 1
	0  -  MemoryUsage of job (MB)
	0  -  ResidentSetSize of job (KB)
...
005 (265372.000.000) 04/28 00:02:22 Job terminated.
	(1) Normal termination (return value 1)
		Usr 0 00:00:00, Sys 0 00:00:00  -  Run Remote Usage
		Usr 0 00:00:00, Sys 0 00:00:00  -  Run Local Usage
		Usr 0 00:00:00, Sys 0 00:00:00  -  Total Remote Usage
		Usr 0 00:00:00, Sys 0 00:00:00  -  Total Local Usage
	1203  -  Run Bytes Sent By Job
	33265  -  Run Bytes Received By Job
	1203  -  Total Bytes Sent By Job
	33265  -  Total Bytes Received By Job
	Partitionable Resources :    Usage  Request          
	   Cpus                 :                 1          
	   Disk (KB)            :       56       56          
	   Memory (MB)          :        0        0          
...
000 (265479.000.000) 04/28 01:59:57 Job submitted from host: <18.12.1.74:45694>
...
001 (265479.000.000) 04/28 02:01:09 Job executing on host: <18.12.8.234:48395>
...
006 (265479.000.000) 04/28 02:01:18 Image size of job updated: 49288
	3  -  MemoryUsage of job (MB)
	2772  -  ResidentSetSize of job (KB)
...
006 (265479.000.000) 04/28 02:06:20 Image size of job updated: 247984
	113  -  MemoryUsage of job (MB)
	115584  -  ResidentSetSize of job (KB)
...
006 (265479.000.000) 04/28 02:11:20 Image size of job updated: 316492
	169  -  MemoryUsage of job (MB)
	173036  -  ResidentSetSize of job (KB)
...
006 (265479.000.000) 04/28 02:16:22 Image size of job updated: 320240
	173  -  MemoryUsage of job (MB)
	176696  -  ResidentSetSize of job (KB)
...
006 (265479.000.000) 04/28 02:21:22 Image size of job updated: 325636
	179  -  MemoryUsage of job (MB)
	182396  -  ResidentSetSize of job (KB)
...
006 (265479.000.000) 04/28 02:26:23 Image size of job updated: 332212
	185  -  MemoryUsage of job (MB)
	188972  -  ResidentSetSize of job (KB)
...
006 (265479.000.000) 04/28 02:31:23 Image size of job updated: 339176
	192  -  MemoryUsage of job (MB)
	195936  -  ResidentSetSize of job (KB)
...
006 (265479.000.000) 04/28 02:36:23 Image size of job updated: 345736
	198  -  MemoryUsage of job (MB)
	202496  -  ResidentSetSize of job (KB)
...
006 (265479.000.000) 04/28 02:41:24 Image size of job updated: 351528
	204  -  MemoryUsage of job (MB)
	208288  -  ResidentSetSize of job (KB)
...
006 (265479.000.000) 04/28 02:42:03 Image size of job updated: 352320
	204  -  MemoryUsage of job (MB)
	208288  -  ResidentSetSize of job (KB)
...
005 (265479.000.000) 04/28 02:42:03 Job terminated.
	(1) Normal termination (return value 0)
		Usr 0 00:38:09, Sys 0 00:01:08  -  Run Remote Usage
		Usr 0 00:00:00, Sys 0 00:00:00  -  Run Local Usage
		Usr 0 00:38:09, Sys 0 00:01:08  -  Total Remote Usage
		Usr 0 00:00:00, Sys 0 00:00:00  -  Total Local Usage
	140971  -  Run Bytes Sent By Job
	33279  -  Run Bytes Received By Job
	140971  -  Total Bytes Sent By Job
	33279  -  Total Bytes Received By Job
	Partitionable Resources :    Usage  Request          
	   Cpus                 :                 1          
	   Disk (KB)            :     3470     3470          
	   Memory (MB)          :      204      204          
...
