000 (263925.000.000) 04/26 04:23:04 Job submitted from host: <18.12.1.74:45694>
...
001 (263925.000.000) 04/26 04:24:17 Job executing on host: <18.12.8.201:41533>
...
006 (263925.000.000) 04/26 04:24:26 Image size of job updated: 214916
	125  -  MemoryUsage of job (MB)
	127036  -  ResidentSetSize of job (KB)
...
006 (263925.000.000) 04/26 04:29:28 Image size of job updated: 247524
	125  -  MemoryUsage of job (MB)
	127036  -  ResidentSetSize of job (KB)
...
006 (263925.000.000) 04/26 04:34:28 Image size of job updated: 248776
	125  -  MemoryUsage of job (MB)
	127036  -  ResidentSetSize of job (KB)
...
006 (263925.000.000) 04/26 04:39:30 Image size of job updated: 317944
	172  -  MemoryUsage of job (MB)
	176028  -  ResidentSetSize of job (KB)
...
006 (263925.000.000) 04/26 04:44:30 Image size of job updated: 320616
	175  -  MemoryUsage of job (MB)
	178684  -  ResidentSetSize of job (KB)
...
006 (263925.000.000) 04/26 04:49:32 Image size of job updated: 325240
	180  -  MemoryUsage of job (MB)
	183588  -  ResidentSetSize of job (KB)
...
006 (263925.000.000) 04/26 04:54:32 Image size of job updated: 330760
	185  -  MemoryUsage of job (MB)
	189032  -  ResidentSetSize of job (KB)
...
006 (263925.000.000) 04/26 04:59:34 Image size of job updated: 336916
	191  -  MemoryUsage of job (MB)
	195192  -  ResidentSetSize of job (KB)
...
006 (263925.000.000) 04/26 05:04:34 Image size of job updated: 341940
	191  -  MemoryUsage of job (MB)
	195192  -  ResidentSetSize of job (KB)
...
006 (263925.000.000) 04/26 05:09:35 Image size of job updated: 346516
	193  -  MemoryUsage of job (MB)
	197264  -  ResidentSetSize of job (KB)
...
006 (263925.000.000) 04/26 05:14:35 Image size of job updated: 350040
	197  -  MemoryUsage of job (MB)
	200784  -  ResidentSetSize of job (KB)
...
006 (263925.000.000) 04/26 05:17:32 Image size of job updated: 352284
	197  -  MemoryUsage of job (MB)
	200784  -  ResidentSetSize of job (KB)
...
005 (263925.000.000) 04/26 05:17:32 Job terminated.
	(1) Normal termination (return value 0)
		Usr 0 00:49:59, Sys 0 00:01:43  -  Run Remote Usage
		Usr 0 00:00:00, Sys 0 00:00:00  -  Run Local Usage
		Usr 0 00:49:59, Sys 0 00:01:43  -  Total Remote Usage
		Usr 0 00:00:00, Sys 0 00:00:00  -  Total Local Usage
	141032  -  Run Bytes Sent By Job
	32753  -  Run Bytes Received By Job
	141032  -  Total Bytes Sent By Job
	32753  -  Total Bytes Received By Job
	Partitionable Resources :    Usage  Request          
	   Cpus                 :                 1          
	   Disk (KB)            :     3267     3267          
	   Memory (MB)          :      197      197          
...
000 (265334.000.000) 04/28 00:01:22 Job submitted from host: <18.12.1.74:45694>
...
001 (265334.000.000) 04/28 00:02:18 Job executing on host: <18.12.8.249:49198>
...
006 (265334.000.000) 04/28 00:02:19 Image size of job updated: 1
	0  -  MemoryUsage of job (MB)
	0  -  ResidentSetSize of job (KB)
...
005 (265334.000.000) 04/28 00:02:19 Job terminated.
	(1) Normal termination (return value 1)
		Usr 0 00:00:00, Sys 0 00:00:00  -  Run Remote Usage
		Usr 0 00:00:00, Sys 0 00:00:00  -  Run Local Usage
		Usr 0 00:00:00, Sys 0 00:00:00  -  Total Remote Usage
		Usr 0 00:00:00, Sys 0 00:00:00  -  Total Local Usage
	1203  -  Run Bytes Sent By Job
	33265  -  Run Bytes Received By Job
	1203  -  Total Bytes Sent By Job
	33265  -  Total Bytes Received By Job
	Partitionable Resources :    Usage  Request          
	   Cpus                 :                 1          
	   Disk (KB)            :       56       56          
	   Memory (MB)          :        0        0          
...
000 (265441.000.000) 04/28 01:59:52 Job submitted from host: <18.12.1.74:45694>
...
001 (265441.000.000) 04/28 02:01:06 Job executing on host: <18.12.8.172:47154>
...
006 (265441.000.000) 04/28 02:01:15 Image size of job updated: 88560
	23  -  MemoryUsage of job (MB)
	22884  -  ResidentSetSize of job (KB)
...
006 (265441.000.000) 04/28 02:06:17 Image size of job updated: 247988
	109  -  MemoryUsage of job (MB)
	110808  -  ResidentSetSize of job (KB)
...
006 (265441.000.000) 04/28 02:11:17 Image size of job updated: 316660
	165  -  MemoryUsage of job (MB)
	168504  -  ResidentSetSize of job (KB)
...
006 (265441.000.000) 04/28 02:16:17 Image size of job updated: 319904
	168  -  MemoryUsage of job (MB)
	171732  -  ResidentSetSize of job (KB)
...
006 (265441.000.000) 04/28 02:21:18 Image size of job updated: 325344
	173  -  MemoryUsage of job (MB)
	176676  -  ResidentSetSize of job (KB)
...
006 (265441.000.000) 04/28 02:26:18 Image size of job updated: 332000
	179  -  MemoryUsage of job (MB)
	183264  -  ResidentSetSize of job (KB)
...
006 (265441.000.000) 04/28 02:31:20 Image size of job updated: 339344
	187  -  MemoryUsage of job (MB)
	190604  -  ResidentSetSize of job (KB)
...
006 (265441.000.000) 04/28 02:36:20 Image size of job updated: 345912
	193  -  MemoryUsage of job (MB)
	197176  -  ResidentSetSize of job (KB)
...
006 (265441.000.000) 04/28 02:41:20 Image size of job updated: 350540
	198  -  MemoryUsage of job (MB)
	201804  -  ResidentSetSize of job (KB)
...
006 (265441.000.000) 04/28 02:43:16 Image size of job updated: 352476
	198  -  MemoryUsage of job (MB)
	201804  -  ResidentSetSize of job (KB)
...
005 (265441.000.000) 04/28 02:43:16 Job terminated.
	(1) Normal termination (return value 0)
		Usr 0 00:39:21, Sys 0 00:01:11  -  Run Remote Usage
		Usr 0 00:00:00, Sys 0 00:00:00  -  Run Local Usage
		Usr 0 00:39:21, Sys 0 00:01:11  -  Total Remote Usage
		Usr 0 00:00:00, Sys 0 00:00:00  -  Total Local Usage
	141586  -  Run Bytes Sent By Job
	33279  -  Run Bytes Received By Job
	141586  -  Total Bytes Sent By Job
	33279  -  Total Bytes Received By Job
	Partitionable Resources :    Usage  Request          
	   Cpus                 :                 1          
	   Disk (KB)            :     3378     3378          
	   Memory (MB)          :      198      198          
...
