000 (263918.000.000) 04/26 04:23:04 Job submitted from host: <18.12.1.74:45694>
...
001 (263918.000.000) 04/26 04:24:15 Job executing on host: <18.12.8.245:40219>
...
006 (263918.000.000) 04/26 04:24:24 Image size of job updated: 200692
	96  -  MemoryUsage of job (MB)
	97424  -  ResidentSetSize of job (KB)
...
006 (263918.000.000) 04/26 04:29:25 Image size of job updated: 247532
	104  -  MemoryUsage of job (MB)
	106440  -  ResidentSetSize of job (KB)
...
006 (263918.000.000) 04/26 04:34:26 Image size of job updated: 248776
	105  -  MemoryUsage of job (MB)
	106856  -  ResidentSetSize of job (KB)
...
006 (263918.000.000) 04/26 04:39:26 Image size of job updated: 316512
	161  -  MemoryUsage of job (MB)
	164016  -  ResidentSetSize of job (KB)
...
006 (263918.000.000) 04/26 04:44:28 Image size of job updated: 319672
	164  -  MemoryUsage of job (MB)
	167132  -  ResidentSetSize of job (KB)
...
006 (263918.000.000) 04/26 04:49:28 Image size of job updated: 323524
	167  -  MemoryUsage of job (MB)
	170752  -  ResidentSetSize of job (KB)
...
006 (263918.000.000) 04/26 04:54:30 Image size of job updated: 328148
	172  -  MemoryUsage of job (MB)
	175380  -  ResidentSetSize of job (KB)
...
006 (263918.000.000) 04/26 04:59:30 Image size of job updated: 333968
	177  -  MemoryUsage of job (MB)
	181204  -  ResidentSetSize of job (KB)
...
006 (263918.000.000) 04/26 05:04:31 Image size of job updated: 339320
	183  -  MemoryUsage of job (MB)
	186560  -  ResidentSetSize of job (KB)
...
006 (263918.000.000) 04/26 05:09:31 Image size of job updated: 343568
	187  -  MemoryUsage of job (MB)
	190812  -  ResidentSetSize of job (KB)
...
006 (263918.000.000) 04/26 05:14:33 Image size of job updated: 347476
	191  -  MemoryUsage of job (MB)
	194720  -  ResidentSetSize of job (KB)
...
006 (263918.000.000) 04/26 05:19:33 Image size of job updated: 351328
	194  -  MemoryUsage of job (MB)
	198576  -  ResidentSetSize of job (KB)
...
006 (263918.000.000) 04/26 05:20:19 Image size of job updated: 352112
	194  -  MemoryUsage of job (MB)
	198576  -  ResidentSetSize of job (KB)
...
005 (263918.000.000) 04/26 05:20:19 Job terminated.
	(1) Normal termination (return value 0)
		Usr 0 00:53:00, Sys 0 00:01:48  -  Run Remote Usage
		Usr 0 00:00:00, Sys 0 00:00:00  -  Run Local Usage
		Usr 0 00:53:00, Sys 0 00:01:48  -  Total Remote Usage
		Usr 0 00:00:00, Sys 0 00:00:00  -  Total Local Usage
	142102  -  Run Bytes Sent By Job
	32753  -  Run Bytes Received By Job
	142102  -  Total Bytes Sent By Job
	32753  -  Total Bytes Received By Job
	Partitionable Resources :    Usage  Request          
	   Cpus                 :                 1          
	   Disk (KB)            :     3428     3428          
	   Memory (MB)          :      194      194          
...
000 (265327.000.000) 04/28 00:01:21 Job submitted from host: <18.12.1.74:45694>
...
001 (265327.000.000) 04/28 00:02:17 Job executing on host: <18.12.8.254:42117>
...
006 (265327.000.000) 04/28 00:02:18 Image size of job updated: 1
	0  -  MemoryUsage of job (MB)
	0  -  ResidentSetSize of job (KB)
...
005 (265327.000.000) 04/28 00:02:18 Job terminated.
	(1) Normal termination (return value 1)
		Usr 0 00:00:00, Sys 0 00:00:00  -  Run Remote Usage
		Usr 0 00:00:00, Sys 0 00:00:00  -  Run Local Usage
		Usr 0 00:00:00, Sys 0 00:00:00  -  Total Remote Usage
		Usr 0 00:00:00, Sys 0 00:00:00  -  Total Local Usage
	1200  -  Run Bytes Sent By Job
	33265  -  Run Bytes Received By Job
	1200  -  Total Bytes Sent By Job
	33265  -  Total Bytes Received By Job
	Partitionable Resources :    Usage  Request          
	   Cpus                 :                 1          
	   Disk (KB)            :       56       56          
	   Memory (MB)          :        0        0          
...
000 (265434.000.000) 04/28 01:59:51 Job submitted from host: <18.12.1.74:45694>
...
001 (265434.000.000) 04/28 02:01:06 Job executing on host: <18.12.9.40:46059>
...
006 (265434.000.000) 04/28 02:01:14 Image size of job updated: 65068
	14  -  MemoryUsage of job (MB)
	13408  -  ResidentSetSize of job (KB)
...
006 (265434.000.000) 04/28 02:06:14 Image size of job updated: 211388
	104  -  MemoryUsage of job (MB)
	106080  -  ResidentSetSize of job (KB)
...
006 (265434.000.000) 04/28 02:11:15 Image size of job updated: 247572
	113  -  MemoryUsage of job (MB)
	114772  -  ResidentSetSize of job (KB)
...
006 (265434.000.000) 04/28 02:16:15 Image size of job updated: 248824
	114  -  MemoryUsage of job (MB)
	116180  -  ResidentSetSize of job (KB)
...
006 (265434.000.000) 04/28 02:21:16 Image size of job updated: 316516
	170  -  MemoryUsage of job (MB)
	173644  -  ResidentSetSize of job (KB)
...
006 (265434.000.000) 04/28 02:26:16 Image size of job updated: 319396
	173  -  MemoryUsage of job (MB)
	176508  -  ResidentSetSize of job (KB)
...
006 (265434.000.000) 04/28 02:31:17 Image size of job updated: 322496
	176  -  MemoryUsage of job (MB)
	179872  -  ResidentSetSize of job (KB)
...
006 (265434.000.000) 04/28 02:36:17 Image size of job updated: 325904
	179  -  MemoryUsage of job (MB)
	183288  -  ResidentSetSize of job (KB)
...
006 (265434.000.000) 04/28 02:41:18 Image size of job updated: 329436
	182  -  MemoryUsage of job (MB)
	186324  -  ResidentSetSize of job (KB)
...
006 (265434.000.000) 04/28 02:46:19 Image size of job updated: 333308
	186  -  MemoryUsage of job (MB)
	190196  -  ResidentSetSize of job (KB)
...
006 (265434.000.000) 04/28 02:51:19 Image size of job updated: 337552
	190  -  MemoryUsage of job (MB)
	194440  -  ResidentSetSize of job (KB)
...
006 (265434.000.000) 04/28 02:56:20 Image size of job updated: 340600
	193  -  MemoryUsage of job (MB)
	197384  -  ResidentSetSize of job (KB)
...
006 (265434.000.000) 04/28 03:01:20 Image size of job updated: 343736
	196  -  MemoryUsage of job (MB)
	200516  -  ResidentSetSize of job (KB)
...
006 (265434.000.000) 04/28 03:06:21 Image size of job updated: 346444
	199  -  MemoryUsage of job (MB)
	203232  -  ResidentSetSize of job (KB)
...
006 (265434.000.000) 04/28 03:11:21 Image size of job updated: 349148
	202  -  MemoryUsage of job (MB)
	205936  -  ResidentSetSize of job (KB)
...
006 (265434.000.000) 04/28 03:16:23 Image size of job updated: 351856
	204  -  MemoryUsage of job (MB)
	208644  -  ResidentSetSize of job (KB)
...
006 (265434.000.000) 04/28 03:17:21 Image size of job updated: 352240
	204  -  MemoryUsage of job (MB)
	208644  -  ResidentSetSize of job (KB)
...
005 (265434.000.000) 04/28 03:17:21 Job terminated.
	(1) Normal termination (return value 0)
		Usr 0 00:43:04, Sys 0 00:01:20  -  Run Remote Usage
		Usr 0 00:00:00, Sys 0 00:00:00  -  Run Local Usage
		Usr 0 00:43:04, Sys 0 00:01:20  -  Total Remote Usage
		Usr 0 00:00:00, Sys 0 00:00:00  -  Total Local Usage
	140930  -  Run Bytes Sent By Job
	33279  -  Run Bytes Received By Job
	140930  -  Total Bytes Sent By Job
	33279  -  Total Bytes Received By Job
	Partitionable Resources :    Usage  Request          
	   Cpus                 :                 1          
	   Disk (KB)            :     3471     3471          
	   Memory (MB)          :      204      204          
...
