000 (263952.000.000) 04/26 04:23:07 Job submitted from host: <18.12.1.74:45694>
...
001 (263952.000.000) 04/26 04:24:19 Job executing on host: <18.12.8.245:40219>
...
006 (263952.000.000) 04/26 04:24:28 Image size of job updated: 1
	2  -  MemoryUsage of job (MB)
	1704  -  ResidentSetSize of job (KB)
...
006 (263952.000.000) 04/26 04:29:29 Image size of job updated: 247528
	109  -  MemoryUsage of job (MB)
	111268  -  ResidentSetSize of job (KB)
...
006 (263952.000.000) 04/26 04:34:30 Image size of job updated: 248772
	109  -  MemoryUsage of job (MB)
	111268  -  ResidentSetSize of job (KB)
...
006 (263952.000.000) 04/26 04:39:30 Image size of job updated: 317800
	163  -  MemoryUsage of job (MB)
	166124  -  ResidentSetSize of job (KB)
...
006 (263952.000.000) 04/26 04:44:31 Image size of job updated: 320232
	165  -  MemoryUsage of job (MB)
	168392  -  ResidentSetSize of job (KB)
...
006 (263952.000.000) 04/26 04:49:32 Image size of job updated: 324468
	169  -  MemoryUsage of job (MB)
	172396  -  ResidentSetSize of job (KB)
...
006 (263952.000.000) 04/26 04:54:32 Image size of job updated: 329092
	173  -  MemoryUsage of job (MB)
	177020  -  ResidentSetSize of job (KB)
...
006 (263952.000.000) 04/26 04:59:34 Image size of job updated: 334496
	179  -  MemoryUsage of job (MB)
	182436  -  ResidentSetSize of job (KB)
...
006 (263952.000.000) 04/26 05:04:34 Image size of job updated: 340528
	184  -  MemoryUsage of job (MB)
	188272  -  ResidentSetSize of job (KB)
...
006 (263952.000.000) 04/26 05:09:36 Image size of job updated: 345532
	189  -  MemoryUsage of job (MB)
	193276  -  ResidentSetSize of job (KB)
...
006 (263952.000.000) 04/26 05:14:36 Image size of job updated: 349776
	193  -  MemoryUsage of job (MB)
	197520  -  ResidentSetSize of job (KB)
...
006 (263952.000.000) 04/26 05:18:06 Image size of job updated: 352792
	193  -  MemoryUsage of job (MB)
	197520  -  ResidentSetSize of job (KB)
...
005 (263952.000.000) 04/26 05:18:06 Job terminated.
	(1) Normal termination (return value 0)
		Usr 0 00:50:44, Sys 0 00:01:46  -  Run Remote Usage
		Usr 0 00:00:00, Sys 0 00:00:00  -  Run Local Usage
		Usr 0 00:50:44, Sys 0 00:01:46  -  Total Remote Usage
		Usr 0 00:00:00, Sys 0 00:00:00  -  Total Local Usage
	140804  -  Run Bytes Sent By Job
	32753  -  Run Bytes Received By Job
	140804  -  Total Bytes Sent By Job
	32753  -  Total Bytes Received By Job
	Partitionable Resources :    Usage  Request          
	   Cpus                 :                 1          
	   Disk (KB)            :     3227     3227          
	   Memory (MB)          :      193      193          
...
000 (265361.000.000) 04/28 00:01:25 Job submitted from host: <18.12.1.74:45694>
...
001 (265361.000.000) 04/28 00:02:19 Job executing on host: <18.12.8.155:44891>
...
006 (265361.000.000) 04/28 00:02:27 Image size of job updated: 1
	0  -  MemoryUsage of job (MB)
	0  -  ResidentSetSize of job (KB)
...
005 (265361.000.000) 04/28 00:02:27 Job terminated.
	(1) Normal termination (return value 1)
		Usr 0 00:00:00, Sys 0 00:00:00  -  Run Remote Usage
		Usr 0 00:00:00, Sys 0 00:00:00  -  Run Local Usage
		Usr 0 00:00:00, Sys 0 00:00:00  -  Total Remote Usage
		Usr 0 00:00:00, Sys 0 00:00:00  -  Total Local Usage
	1203  -  Run Bytes Sent By Job
	33265  -  Run Bytes Received By Job
	1203  -  Total Bytes Sent By Job
	33265  -  Total Bytes Received By Job
	Partitionable Resources :    Usage  Request          
	   Cpus                 :                 1          
	   Disk (KB)            :       56       56          
	   Memory (MB)          :        0        0          
...
000 (265468.000.000) 04/28 01:59:56 Job submitted from host: <18.12.1.74:45694>
...
001 (265468.000.000) 04/28 02:01:08 Job executing on host: <18.12.8.251:43504>
...
006 (265468.000.000) 04/28 02:01:17 Image size of job updated: 200524
	49  -  MemoryUsage of job (MB)
	49184  -  ResidentSetSize of job (KB)
...
006 (265468.000.000) 04/28 02:06:18 Image size of job updated: 247564
	114  -  MemoryUsage of job (MB)
	116652  -  ResidentSetSize of job (KB)
...
006 (265468.000.000) 04/28 02:11:18 Image size of job updated: 316488
	171  -  MemoryUsage of job (MB)
	174116  -  ResidentSetSize of job (KB)
...
006 (265468.000.000) 04/28 02:16:20 Image size of job updated: 319376
	174  -  MemoryUsage of job (MB)
	177248  -  ResidentSetSize of job (KB)
...
006 (265468.000.000) 04/28 02:21:20 Image size of job updated: 324484
	179  -  MemoryUsage of job (MB)
	182668  -  ResidentSetSize of job (KB)
...
006 (265468.000.000) 04/28 02:26:21 Image size of job updated: 331108
	185  -  MemoryUsage of job (MB)
	189308  -  ResidentSetSize of job (KB)
...
006 (265468.000.000) 04/28 02:31:21 Image size of job updated: 339024
	193  -  MemoryUsage of job (MB)
	197032  -  ResidentSetSize of job (KB)
...
006 (265468.000.000) 04/28 02:36:21 Image size of job updated: 346032
	200  -  MemoryUsage of job (MB)
	204040  -  ResidentSetSize of job (KB)
...
006 (265468.000.000) 04/28 02:41:22 Image size of job updated: 351056
	205  -  MemoryUsage of job (MB)
	209064  -  ResidentSetSize of job (KB)
...
006 (265468.000.000) 04/28 02:42:47 Image size of job updated: 352556
	205  -  MemoryUsage of job (MB)
	209064  -  ResidentSetSize of job (KB)
...
005 (265468.000.000) 04/28 02:42:48 Job terminated.
	(1) Normal termination (return value 0)
		Usr 0 00:37:27, Sys 0 00:01:11  -  Run Remote Usage
		Usr 0 00:00:00, Sys 0 00:00:00  -  Run Local Usage
		Usr 0 00:37:27, Sys 0 00:01:11  -  Total Remote Usage
		Usr 0 00:00:00, Sys 0 00:00:00  -  Total Local Usage
	141038  -  Run Bytes Sent By Job
	33279  -  Run Bytes Received By Job
	141038  -  Total Bytes Sent By Job
	33279  -  Total Bytes Received By Job
	Partitionable Resources :    Usage  Request          
	   Cpus                 :                 1          
	   Disk (KB)            :     3403     3403          
	   Memory (MB)          :      205      205          
...
