000 (263961.000.000) 04/26 04:23:08 Job submitted from host: <18.12.1.74:45694>
...
001 (263961.000.000) 04/26 04:24:21 Job executing on host: <18.12.8.164:48760>
...
006 (263961.000.000) 04/26 04:24:30 Image size of job updated: 200692
	109  -  MemoryUsage of job (MB)
	111080  -  ResidentSetSize of job (KB)
...
006 (263961.000.000) 04/26 04:29:32 Image size of job updated: 247532
	114  -  MemoryUsage of job (MB)
	116436  -  ResidentSetSize of job (KB)
...
006 (263961.000.000) 04/26 04:34:32 Image size of job updated: 248360
	115  -  MemoryUsage of job (MB)
	117272  -  ResidentSetSize of job (KB)
...
006 (263961.000.000) 04/26 04:39:34 Image size of job updated: 316352
	171  -  MemoryUsage of job (MB)
	174228  -  ResidentSetSize of job (KB)
...
006 (263961.000.000) 04/26 04:44:34 Image size of job updated: 317868
	171  -  MemoryUsage of job (MB)
	174896  -  ResidentSetSize of job (KB)
...
006 (263961.000.000) 04/26 04:49:35 Image size of job updated: 320872
	173  -  MemoryUsage of job (MB)
	176148  -  ResidentSetSize of job (KB)
...
006 (263961.000.000) 04/26 04:54:35 Image size of job updated: 324668
	176  -  MemoryUsage of job (MB)
	180088  -  ResidentSetSize of job (KB)
...
006 (263961.000.000) 04/26 04:59:36 Image size of job updated: 328964
	181  -  MemoryUsage of job (MB)
	184356  -  ResidentSetSize of job (KB)
...
006 (263961.000.000) 04/26 05:04:36 Image size of job updated: 334052
	181  -  MemoryUsage of job (MB)
	184356  -  ResidentSetSize of job (KB)
...
006 (263961.000.000) 04/26 05:09:38 Image size of job updated: 338348
	183  -  MemoryUsage of job (MB)
	187356  -  ResidentSetSize of job (KB)
...
006 (263961.000.000) 04/26 05:14:38 Image size of job updated: 342144
	187  -  MemoryUsage of job (MB)
	191156  -  ResidentSetSize of job (KB)
...
006 (263961.000.000) 04/26 05:19:39 Image size of job updated: 345288
	190  -  MemoryUsage of job (MB)
	194276  -  ResidentSetSize of job (KB)
...
006 (263961.000.000) 04/26 05:24:39 Image size of job updated: 347992
	193  -  MemoryUsage of job (MB)
	196980  -  ResidentSetSize of job (KB)
...
006 (263961.000.000) 04/26 05:29:40 Image size of job updated: 351252
	196  -  MemoryUsage of job (MB)
	200080  -  ResidentSetSize of job (KB)
...
006 (263961.000.000) 04/26 05:32:30 Image size of job updated: 352420
	196  -  MemoryUsage of job (MB)
	200080  -  ResidentSetSize of job (KB)
...
005 (263961.000.000) 04/26 05:32:30 Job terminated.
	(1) Normal termination (return value 0)
		Usr 0 01:04:48, Sys 0 00:01:49  -  Run Remote Usage
		Usr 0 00:00:00, Sys 0 00:00:00  -  Run Local Usage
		Usr 0 01:04:48, Sys 0 00:01:49  -  Total Remote Usage
		Usr 0 00:00:00, Sys 0 00:00:00  -  Total Local Usage
	141607  -  Run Bytes Sent By Job
	32753  -  Run Bytes Received By Job
	141607  -  Total Bytes Sent By Job
	32753  -  Total Bytes Received By Job
	Partitionable Resources :    Usage  Request          
	   Cpus                 :                 1          
	   Disk (KB)            :     3354     3354          
	   Memory (MB)          :      196      196          
...
000 (265370.000.000) 04/28 00:01:26 Job submitted from host: <18.12.1.74:45694>
...
001 (265370.000.000) 04/28 00:02:20 Job executing on host: <18.12.8.164:48760>
...
006 (265370.000.000) 04/28 00:02:20 Image size of job updated: 1
	0  -  MemoryUsage of job (MB)
	0  -  ResidentSetSize of job (KB)
...
005 (265370.000.000) 04/28 00:02:21 Job terminated.
	(1) Normal termination (return value 1)
		Usr 0 00:00:00, Sys 0 00:00:00  -  Run Remote Usage
		Usr 0 00:00:00, Sys 0 00:00:00  -  Run Local Usage
		Usr 0 00:00:00, Sys 0 00:00:00  -  Total Remote Usage
		Usr 0 00:00:00, Sys 0 00:00:00  -  Total Local Usage
	1202  -  Run Bytes Sent By Job
	33265  -  Run Bytes Received By Job
	1202  -  Total Bytes Sent By Job
	33265  -  Total Bytes Received By Job
	Partitionable Resources :    Usage  Request          
	   Cpus                 :                 1          
	   Disk (KB)            :       56       56          
	   Memory (MB)          :        0        0          
...
000 (265477.000.000) 04/28 01:59:57 Job submitted from host: <18.12.1.74:45694>
...
001 (265477.000.000) 04/28 02:01:09 Job executing on host: <18.12.8.252:48760>
...
006 (265477.000.000) 04/28 02:01:18 Image size of job updated: 200532
	38  -  MemoryUsage of job (MB)
	37948  -  ResidentSetSize of job (KB)
...
006 (265477.000.000) 04/28 02:06:20 Image size of job updated: 247100
	112  -  MemoryUsage of job (MB)
	114688  -  ResidentSetSize of job (KB)
...
006 (265477.000.000) 04/28 02:11:20 Image size of job updated: 314504
	167  -  MemoryUsage of job (MB)
	170936  -  ResidentSetSize of job (KB)
...
006 (265477.000.000) 04/28 02:16:20 Image size of job updated: 319236
	172  -  MemoryUsage of job (MB)
	175680  -  ResidentSetSize of job (KB)
...
006 (265477.000.000) 04/28 02:21:21 Image size of job updated: 324728
	178  -  MemoryUsage of job (MB)
	181252  -  ResidentSetSize of job (KB)
...
006 (265477.000.000) 04/28 02:26:21 Image size of job updated: 331292
	184  -  MemoryUsage of job (MB)
	187816  -  ResidentSetSize of job (KB)
...
006 (265477.000.000) 04/28 02:31:22 Image size of job updated: 338632
	191  -  MemoryUsage of job (MB)
	195160  -  ResidentSetSize of job (KB)
...
006 (265477.000.000) 04/28 02:36:22 Image size of job updated: 344424
	197  -  MemoryUsage of job (MB)
	200952  -  ResidentSetSize of job (KB)
...
006 (265477.000.000) 04/28 02:41:24 Image size of job updated: 349068
	201  -  MemoryUsage of job (MB)
	204816  -  ResidentSetSize of job (KB)
...
006 (265477.000.000) 04/28 02:45:46 Image size of job updated: 352548
	201  -  MemoryUsage of job (MB)
	204816  -  ResidentSetSize of job (KB)
...
005 (265477.000.000) 04/28 02:45:46 Job terminated.
	(1) Normal termination (return value 0)
		Usr 0 00:40:11, Sys 0 00:01:10  -  Run Remote Usage
		Usr 0 00:00:00, Sys 0 00:00:00  -  Run Local Usage
		Usr 0 00:40:11, Sys 0 00:01:10  -  Total Remote Usage
		Usr 0 00:00:00, Sys 0 00:00:00  -  Total Local Usage
	141052  -  Run Bytes Sent By Job
	33279  -  Run Bytes Received By Job
	141052  -  Total Bytes Sent By Job
	33279  -  Total Bytes Received By Job
	Partitionable Resources :    Usage  Request          
	   Cpus                 :                 1          
	   Disk (KB)            :     3201     3201          
	   Memory (MB)          :      201      201          
...
