000 (263916.000.000) 04/26 04:23:03 Job submitted from host: <18.12.1.74:45694>
...
001 (263916.000.000) 04/26 04:24:15 Job executing on host: <18.12.8.253:46570>
...
006 (263916.000.000) 04/26 04:24:24 Image size of job updated: 1
	2  -  MemoryUsage of job (MB)
	1708  -  ResidentSetSize of job (KB)
...
006 (263916.000.000) 04/26 04:29:25 Image size of job updated: 247524
	113  -  MemoryUsage of job (MB)
	115124  -  ResidentSetSize of job (KB)
...
006 (263916.000.000) 04/26 04:34:25 Image size of job updated: 314456
	165  -  MemoryUsage of job (MB)
	168040  -  ResidentSetSize of job (KB)
...
006 (263916.000.000) 04/26 04:39:26 Image size of job updated: 317732
	170  -  MemoryUsage of job (MB)
	173952  -  ResidentSetSize of job (KB)
...
006 (263916.000.000) 04/26 04:44:26 Image size of job updated: 320104
	173  -  MemoryUsage of job (MB)
	176164  -  ResidentSetSize of job (KB)
...
006 (263916.000.000) 04/26 04:49:28 Image size of job updated: 324792
	177  -  MemoryUsage of job (MB)
	181040  -  ResidentSetSize of job (KB)
...
006 (263916.000.000) 04/26 04:54:28 Image size of job updated: 329488
	177  -  MemoryUsage of job (MB)
	181040  -  ResidentSetSize of job (KB)
...
006 (263916.000.000) 04/26 04:59:30 Image size of job updated: 336036
	179  -  MemoryUsage of job (MB)
	182320  -  ResidentSetSize of job (KB)
...
006 (263916.000.000) 04/26 05:04:30 Image size of job updated: 342224
	185  -  MemoryUsage of job (MB)
	188520  -  ResidentSetSize of job (KB)
...
006 (263916.000.000) 04/26 05:09:31 Image size of job updated: 346832
	189  -  MemoryUsage of job (MB)
	193128  -  ResidentSetSize of job (KB)
...
006 (263916.000.000) 04/26 05:14:31 Image size of job updated: 350296
	191  -  MemoryUsage of job (MB)
	195528  -  ResidentSetSize of job (KB)
...
006 (263916.000.000) 04/26 05:17:06 Image size of job updated: 352600
	191  -  MemoryUsage of job (MB)
	195528  -  ResidentSetSize of job (KB)
...
005 (263916.000.000) 04/26 05:17:06 Job terminated.
	(1) Normal termination (return value 0)
		Usr 0 00:50:04, Sys 0 00:01:35  -  Run Remote Usage
		Usr 0 00:00:00, Sys 0 00:00:00  -  Run Local Usage
		Usr 0 00:50:04, Sys 0 00:01:35  -  Total Remote Usage
		Usr 0 00:00:00, Sys 0 00:00:00  -  Total Local Usage
	141955  -  Run Bytes Sent By Job
	32753  -  Run Bytes Received By Job
	141955  -  Total Bytes Sent By Job
	32753  -  Total Bytes Received By Job
	Partitionable Resources :    Usage  Request          
	   Cpus                 :                 1          
	   Disk (KB)            :     3340     3340          
	   Memory (MB)          :      191      191          
...
000 (265325.000.000) 04/28 00:01:21 Job submitted from host: <18.12.1.74:45694>
...
001 (265325.000.000) 04/28 00:02:17 Job executing on host: <18.12.8.245:40219>
...
006 (265325.000.000) 04/28 00:02:17 Image size of job updated: 1
	0  -  MemoryUsage of job (MB)
	0  -  ResidentSetSize of job (KB)
...
005 (265325.000.000) 04/28 00:02:18 Job terminated.
	(1) Normal termination (return value 1)
		Usr 0 00:00:00, Sys 0 00:00:00  -  Run Remote Usage
		Usr 0 00:00:00, Sys 0 00:00:00  -  Run Local Usage
		Usr 0 00:00:00, Sys 0 00:00:00  -  Total Remote Usage
		Usr 0 00:00:00, Sys 0 00:00:00  -  Total Local Usage
	1200  -  Run Bytes Sent By Job
	33265  -  Run Bytes Received By Job
	1200  -  Total Bytes Sent By Job
	33265  -  Total Bytes Received By Job
	Partitionable Resources :    Usage  Request          
	   Cpus                 :                 1          
	   Disk (KB)            :       56       56          
	   Memory (MB)          :        0        0          
...
000 (265432.000.000) 04/28 01:59:51 Job submitted from host: <18.12.1.74:45694>
...
001 (265432.000.000) 04/28 02:01:05 Job executing on host: <18.12.8.199:44380>
...
006 (265432.000.000) 04/28 02:01:14 Image size of job updated: 24544
	2  -  MemoryUsage of job (MB)
	1592  -  ResidentSetSize of job (KB)
...
006 (265432.000.000) 04/28 02:06:15 Image size of job updated: 247568
	104  -  MemoryUsage of job (MB)
	106392  -  ResidentSetSize of job (KB)
...
006 (265432.000.000) 04/28 02:11:15 Image size of job updated: 316412
	162  -  MemoryUsage of job (MB)
	165284  -  ResidentSetSize of job (KB)
...
006 (265432.000.000) 04/28 02:16:17 Image size of job updated: 319260
	165  -  MemoryUsage of job (MB)
	167984  -  ResidentSetSize of job (KB)
...
006 (265432.000.000) 04/28 02:21:17 Image size of job updated: 324528
	169  -  MemoryUsage of job (MB)
	172708  -  ResidentSetSize of job (KB)
...
006 (265432.000.000) 04/28 02:26:18 Image size of job updated: 330716
	175  -  MemoryUsage of job (MB)
	178896  -  ResidentSetSize of job (KB)
...
006 (265432.000.000) 04/28 02:31:18 Image size of job updated: 338072
	182  -  MemoryUsage of job (MB)
	186248  -  ResidentSetSize of job (KB)
...
006 (265432.000.000) 04/28 02:36:18 Image size of job updated: 345436
	190  -  MemoryUsage of job (MB)
	193620  -  ResidentSetSize of job (KB)
...
006 (265432.000.000) 04/28 02:41:19 Image size of job updated: 350044
	194  -  MemoryUsage of job (MB)
	198228  -  ResidentSetSize of job (KB)
...
006 (265432.000.000) 04/28 02:43:56 Image size of job updated: 352352
	194  -  MemoryUsage of job (MB)
	198228  -  ResidentSetSize of job (KB)
...
005 (265432.000.000) 04/28 02:43:56 Job terminated.
	(1) Normal termination (return value 0)
		Usr 0 00:39:57, Sys 0 00:01:14  -  Run Remote Usage
		Usr 0 00:00:00, Sys 0 00:00:00  -  Run Local Usage
		Usr 0 00:39:57, Sys 0 00:01:14  -  Total Remote Usage
		Usr 0 00:00:00, Sys 0 00:00:00  -  Total Local Usage
	140920  -  Run Bytes Sent By Job
	33279  -  Run Bytes Received By Job
	140920  -  Total Bytes Sent By Job
	33279  -  Total Bytes Received By Job
	Partitionable Resources :    Usage  Request          
	   Cpus                 :                 1          
	   Disk (KB)            :     3347     3347          
	   Memory (MB)          :      194      194          
...
