000 (263915.000.000) 04/26 04:23:03 Job submitted from host: <18.12.1.74:45694>
...
001 (263915.000.000) 04/26 04:24:15 Job executing on host: <18.12.12.11:41679>
...
006 (263915.000.000) 04/26 04:24:24 Image size of job updated: 211548
	105  -  MemoryUsage of job (MB)
	107048  -  ResidentSetSize of job (KB)
...
006 (263915.000.000) 04/26 04:29:26 Image size of job updated: 247056
	112  -  MemoryUsage of job (MB)
	114652  -  ResidentSetSize of job (KB)
...
006 (263915.000.000) 04/26 04:34:26 Image size of job updated: 248356
	114  -  MemoryUsage of job (MB)
	115968  -  ResidentSetSize of job (KB)
...
006 (263915.000.000) 04/26 04:39:28 Image size of job updated: 316436
	169  -  MemoryUsage of job (MB)
	172848  -  ResidentSetSize of job (KB)
...
006 (263915.000.000) 04/26 04:44:28 Image size of job updated: 319100
	169  -  MemoryUsage of job (MB)
	172848  -  ResidentSetSize of job (KB)
...
006 (263915.000.000) 04/26 04:49:30 Image size of job updated: 321512
	169  -  MemoryUsage of job (MB)
	172848  -  ResidentSetSize of job (KB)
...
006 (263915.000.000) 04/26 04:54:30 Image size of job updated: 325748
	169  -  MemoryUsage of job (MB)
	172848  -  ResidentSetSize of job (KB)
...
006 (263915.000.000) 04/26 04:59:31 Image size of job updated: 329616
	172  -  MemoryUsage of job (MB)
	175648  -  ResidentSetSize of job (KB)
...
006 (263915.000.000) 04/26 05:04:31 Image size of job updated: 335328
	177  -  MemoryUsage of job (MB)
	180920  -  ResidentSetSize of job (KB)
...
006 (263915.000.000) 04/26 05:09:32 Image size of job updated: 340400
	182  -  MemoryUsage of job (MB)
	185992  -  ResidentSetSize of job (KB)
...
006 (263915.000.000) 04/26 05:14:32 Image size of job updated: 345028
	187  -  MemoryUsage of job (MB)
	190612  -  ResidentSetSize of job (KB)
...
006 (263915.000.000) 04/26 05:19:32 Image size of job updated: 348108
	190  -  MemoryUsage of job (MB)
	193632  -  ResidentSetSize of job (KB)
...
006 (263915.000.000) 04/26 05:24:33 Image size of job updated: 351968
	193  -  MemoryUsage of job (MB)
	197564  -  ResidentSetSize of job (KB)
...
006 (263915.000.000) 04/26 05:25:16 Image size of job updated: 352384
	193  -  MemoryUsage of job (MB)
	197564  -  ResidentSetSize of job (KB)
...
005 (263915.000.000) 04/26 05:25:16 Job terminated.
	(1) Normal termination (return value 0)
		Usr 0 00:57:19, Sys 0 00:01:44  -  Run Remote Usage
		Usr 0 00:00:00, Sys 0 00:00:00  -  Run Local Usage
		Usr 0 00:57:19, Sys 0 00:01:44  -  Total Remote Usage
		Usr 0 00:00:00, Sys 0 00:00:00  -  Total Local Usage
	140867  -  Run Bytes Sent By Job
	32753  -  Run Bytes Received By Job
	140867  -  Total Bytes Sent By Job
	32753  -  Total Bytes Received By Job
	Partitionable Resources :    Usage  Request          
	   Cpus                 :                 1          
	   Disk (KB)            :     3422     3422          
	   Memory (MB)          :      193      193          
...
000 (265324.000.000) 04/28 00:01:20 Job submitted from host: <18.12.1.74:45694>
...
001 (265324.000.000) 04/28 00:02:17 Job executing on host: <18.12.12.8:49709>
...
006 (265324.000.000) 04/28 00:02:23 Image size of job updated: 69572
	0  -  MemoryUsage of job (MB)
	0  -  ResidentSetSize of job (KB)
...
005 (265324.000.000) 04/28 00:02:23 Job terminated.
	(1) Normal termination (return value 1)
		Usr 0 00:00:00, Sys 0 00:00:00  -  Run Remote Usage
		Usr 0 00:00:00, Sys 0 00:00:00  -  Run Local Usage
		Usr 0 00:00:00, Sys 0 00:00:00  -  Total Remote Usage
		Usr 0 00:00:00, Sys 0 00:00:00  -  Total Local Usage
	1199  -  Run Bytes Sent By Job
	33265  -  Run Bytes Received By Job
	1199  -  Total Bytes Sent By Job
	33265  -  Total Bytes Received By Job
	Partitionable Resources :    Usage  Request          
	   Cpus                 :                 1          
	   Disk (KB)            :       56       56          
	   Memory (MB)          :        0        0          
...
000 (265431.000.000) 04/28 01:59:51 Job submitted from host: <18.12.1.74:45694>
...
001 (265431.000.000) 04/28 02:01:05 Job executing on host: <18.12.9.2:46132>
...
006 (265431.000.000) 04/28 02:01:14 Image size of job updated: 1
	2  -  MemoryUsage of job (MB)
	1708  -  ResidentSetSize of job (KB)
...
006 (265431.000.000) 04/28 02:06:16 Image size of job updated: 247980
	105  -  MemoryUsage of job (MB)
	106596  -  ResidentSetSize of job (KB)
...
006 (265431.000.000) 04/28 02:11:16 Image size of job updated: 316440
	161  -  MemoryUsage of job (MB)
	164484  -  ResidentSetSize of job (KB)
...
006 (265431.000.000) 04/28 02:16:18 Image size of job updated: 320416
	165  -  MemoryUsage of job (MB)
	168188  -  ResidentSetSize of job (KB)
...
006 (265431.000.000) 04/28 02:21:18 Image size of job updated: 326212
	171  -  MemoryUsage of job (MB)
	174296  -  ResidentSetSize of job (KB)
...
006 (265431.000.000) 04/28 02:26:18 Image size of job updated: 333220
	178  -  MemoryUsage of job (MB)
	181304  -  ResidentSetSize of job (KB)
...
006 (265431.000.000) 04/28 02:31:19 Image size of job updated: 341288
	185  -  MemoryUsage of job (MB)
	189368  -  ResidentSetSize of job (KB)
...
006 (265431.000.000) 04/28 02:36:19 Image size of job updated: 347084
	191  -  MemoryUsage of job (MB)
	195168  -  ResidentSetSize of job (KB)
...
006 (265431.000.000) 04/28 02:41:21 Image size of job updated: 351712
	195  -  MemoryUsage of job (MB)
	199288  -  ResidentSetSize of job (KB)
...
006 (265431.000.000) 04/28 02:42:14 Image size of job updated: 352428
	195  -  MemoryUsage of job (MB)
	199288  -  ResidentSetSize of job (KB)
...
005 (265431.000.000) 04/28 02:42:14 Job terminated.
	(1) Normal termination (return value 0)
		Usr 0 00:38:00, Sys 0 00:01:12  -  Run Remote Usage
		Usr 0 00:00:00, Sys 0 00:00:00  -  Run Local Usage
		Usr 0 00:38:00, Sys 0 00:01:12  -  Total Remote Usage
		Usr 0 00:00:00, Sys 0 00:00:00  -  Total Local Usage
	140920  -  Run Bytes Sent By Job
	33279  -  Run Bytes Received By Job
	140920  -  Total Bytes Sent By Job
	33279  -  Total Bytes Received By Job
	Partitionable Resources :    Usage  Request          
	   Cpus                 :                 1          
	   Disk (KB)            :     3472     3472          
	   Memory (MB)          :      195      195          
...
