000 (263935.000.000) 04/26 04:23:05 Job submitted from host: <18.12.1.74:45694>
...
001 (263935.000.000) 04/26 04:24:18 Job executing on host: <18.12.8.222:47519>
...
006 (263935.000.000) 04/26 04:24:27 Image size of job updated: 200684
	49  -  MemoryUsage of job (MB)
	49324  -  ResidentSetSize of job (KB)
...
006 (263935.000.000) 04/26 04:29:29 Image size of job updated: 247524
	113  -  MemoryUsage of job (MB)
	115116  -  ResidentSetSize of job (KB)
...
006 (263935.000.000) 04/26 04:34:29 Image size of job updated: 248760
	114  -  MemoryUsage of job (MB)
	116508  -  ResidentSetSize of job (KB)
...
006 (263935.000.000) 04/26 04:39:30 Image size of job updated: 316548
	169  -  MemoryUsage of job (MB)
	173000  -  ResidentSetSize of job (KB)
...
006 (263935.000.000) 04/26 04:44:30 Image size of job updated: 320100
	172  -  MemoryUsage of job (MB)
	175804  -  ResidentSetSize of job (KB)
...
006 (263935.000.000) 04/26 04:49:31 Image size of job updated: 324328
	177  -  MemoryUsage of job (MB)
	180356  -  ResidentSetSize of job (KB)
...
006 (263935.000.000) 04/26 04:54:31 Image size of job updated: 328624
	181  -  MemoryUsage of job (MB)
	184604  -  ResidentSetSize of job (KB)
...
006 (263935.000.000) 04/26 04:59:32 Image size of job updated: 334808
	187  -  MemoryUsage of job (MB)
	190692  -  ResidentSetSize of job (KB)
...
006 (263935.000.000) 04/26 05:04:33 Image size of job updated: 341120
	193  -  MemoryUsage of job (MB)
	196888  -  ResidentSetSize of job (KB)
...
006 (263935.000.000) 04/26 05:09:33 Image size of job updated: 346820
	198  -  MemoryUsage of job (MB)
	202580  -  ResidentSetSize of job (KB)
...
006 (263935.000.000) 04/26 05:14:35 Image size of job updated: 350684
	202  -  MemoryUsage of job (MB)
	206280  -  ResidentSetSize of job (KB)
...
006 (263935.000.000) 04/26 05:16:44 Image size of job updated: 352280
	202  -  MemoryUsage of job (MB)
	206280  -  ResidentSetSize of job (KB)
...
005 (263935.000.000) 04/26 05:16:44 Job terminated.
	(1) Normal termination (return value 0)
		Usr 0 00:49:26, Sys 0 00:01:32  -  Run Remote Usage
		Usr 0 00:00:00, Sys 0 00:00:00  -  Run Local Usage
		Usr 0 00:49:26, Sys 0 00:01:32  -  Total Remote Usage
		Usr 0 00:00:00, Sys 0 00:00:00  -  Total Local Usage
	141807  -  Run Bytes Sent By Job
	32753  -  Run Bytes Received By Job
	141807  -  Total Bytes Sent By Job
	32753  -  Total Bytes Received By Job
	Partitionable Resources :    Usage  Request          
	   Cpus                 :                 1          
	   Disk (KB)            :     3337     3337          
	   Memory (MB)          :      202      202          
...
000 (265344.000.000) 04/28 00:01:23 Job submitted from host: <18.12.1.74:45694>
...
001 (265344.000.000) 04/28 00:02:19 Job executing on host: <18.12.9.0:45402>
...
006 (265344.000.000) 04/28 00:02:19 Image size of job updated: 1
	0  -  MemoryUsage of job (MB)
	0  -  ResidentSetSize of job (KB)
...
005 (265344.000.000) 04/28 00:02:19 Job terminated.
	(1) Normal termination (return value 1)
		Usr 0 00:00:00, Sys 0 00:00:00  -  Run Remote Usage
		Usr 0 00:00:00, Sys 0 00:00:00  -  Run Local Usage
		Usr 0 00:00:00, Sys 0 00:00:00  -  Total Remote Usage
		Usr 0 00:00:00, Sys 0 00:00:00  -  Total Local Usage
	1203  -  Run Bytes Sent By Job
	33265  -  Run Bytes Received By Job
	1203  -  Total Bytes Sent By Job
	33265  -  Total Bytes Received By Job
	Partitionable Resources :    Usage  Request          
	   Cpus                 :                 1          
	   Disk (KB)            :       56       56          
	   Memory (MB)          :        0        0          
...
000 (265451.000.000) 04/28 01:59:53 Job submitted from host: <18.12.1.74:45694>
...
001 (265451.000.000) 04/28 02:01:07 Job executing on host: <18.12.12.7:48103>
...
006 (265451.000.000) 04/28 02:01:16 Image size of job updated: 49288
	3  -  MemoryUsage of job (MB)
	2768  -  ResidentSetSize of job (KB)
...
006 (265451.000.000) 04/28 02:06:18 Image size of job updated: 247568
	107  -  MemoryUsage of job (MB)
	108760  -  ResidentSetSize of job (KB)
...
006 (265451.000.000) 04/28 02:11:18 Image size of job updated: 316416
	164  -  MemoryUsage of job (MB)
	167208  -  ResidentSetSize of job (KB)
...
006 (265451.000.000) 04/28 02:16:19 Image size of job updated: 319240
	167  -  MemoryUsage of job (MB)
	170340  -  ResidentSetSize of job (KB)
...
006 (265451.000.000) 04/28 02:21:19 Image size of job updated: 323652
	171  -  MemoryUsage of job (MB)
	175080  -  ResidentSetSize of job (KB)
...
006 (265451.000.000) 04/28 02:26:19 Image size of job updated: 329108
	177  -  MemoryUsage of job (MB)
	180488  -  ResidentSetSize of job (KB)
...
006 (265451.000.000) 04/28 02:31:20 Image size of job updated: 336188
	184  -  MemoryUsage of job (MB)
	187468  -  ResidentSetSize of job (KB)
...
006 (265451.000.000) 04/28 02:36:20 Image size of job updated: 344244
	191  -  MemoryUsage of job (MB)
	195524  -  ResidentSetSize of job (KB)
...
006 (265451.000.000) 04/28 02:41:22 Image size of job updated: 348936
	196  -  MemoryUsage of job (MB)
	200044  -  ResidentSetSize of job (KB)
...
006 (265451.000.000) 04/28 02:45:18 Image size of job updated: 352432
	196  -  MemoryUsage of job (MB)
	200044  -  ResidentSetSize of job (KB)
...
005 (265451.000.000) 04/28 02:45:18 Job terminated.
	(1) Normal termination (return value 0)
		Usr 0 00:40:59, Sys 0 00:01:13  -  Run Remote Usage
		Usr 0 00:00:00, Sys 0 00:00:00  -  Run Local Usage
		Usr 0 00:40:59, Sys 0 00:01:13  -  Total Remote Usage
		Usr 0 00:00:00, Sys 0 00:00:00  -  Total Local Usage
	140975  -  Run Bytes Sent By Job
	33279  -  Run Bytes Received By Job
	140975  -  Total Bytes Sent By Job
	33279  -  Total Bytes Received By Job
	Partitionable Resources :    Usage  Request          
	   Cpus                 :                 1          
	   Disk (KB)            :     3253     3253          
	   Memory (MB)          :      196      196          
...
