000 (263934.000.000) 04/26 04:23:05 Job submitted from host: <18.12.1.74:45694>
...
001 (263934.000.000) 04/26 04:24:18 Job executing on host: <18.12.8.141:49782>
...
006 (263934.000.000) 04/26 04:24:26 Image size of job updated: 200692
	47  -  MemoryUsage of job (MB)
	47916  -  ResidentSetSize of job (KB)
...
006 (263934.000.000) 04/26 04:29:26 Image size of job updated: 247524
	113  -  MemoryUsage of job (MB)
	115096  -  ResidentSetSize of job (KB)
...
006 (263934.000.000) 04/26 04:34:27 Image size of job updated: 248772
	114  -  MemoryUsage of job (MB)
	116500  -  ResidentSetSize of job (KB)
...
006 (263934.000.000) 04/26 04:39:27 Image size of job updated: 317736
	170  -  MemoryUsage of job (MB)
	173640  -  ResidentSetSize of job (KB)
...
006 (263934.000.000) 04/26 04:44:28 Image size of job updated: 319788
	170  -  MemoryUsage of job (MB)
	173640  -  ResidentSetSize of job (KB)
...
006 (263934.000.000) 04/26 04:49:28 Image size of job updated: 324024
	170  -  MemoryUsage of job (MB)
	173640  -  ResidentSetSize of job (KB)
...
006 (263934.000.000) 04/26 04:54:29 Image size of job updated: 328264
	171  -  MemoryUsage of job (MB)
	174344  -  ResidentSetSize of job (KB)
...
006 (263934.000.000) 04/26 04:59:29 Image size of job updated: 334544
	177  -  MemoryUsage of job (MB)
	180528  -  ResidentSetSize of job (KB)
...
006 (263934.000.000) 04/26 05:04:31 Image size of job updated: 340720
	183  -  MemoryUsage of job (MB)
	186704  -  ResidentSetSize of job (KB)
...
006 (263934.000.000) 04/26 05:09:31 Image size of job updated: 345736
	188  -  MemoryUsage of job (MB)
	191720  -  ResidentSetSize of job (KB)
...
006 (263934.000.000) 04/26 05:14:33 Image size of job updated: 349576
	191  -  MemoryUsage of job (MB)
	195564  -  ResidentSetSize of job (KB)
...
006 (263934.000.000) 04/26 05:18:44 Image size of job updated: 352280
	191  -  MemoryUsage of job (MB)
	195564  -  ResidentSetSize of job (KB)
...
005 (263934.000.000) 04/26 05:18:44 Job terminated.
	(1) Normal termination (return value 0)
		Usr 0 00:49:50, Sys 0 00:02:59  -  Run Remote Usage
		Usr 0 00:00:00, Sys 0 00:00:00  -  Run Local Usage
		Usr 0 00:49:50, Sys 0 00:02:59  -  Total Remote Usage
		Usr 0 00:00:00, Sys 0 00:00:00  -  Total Local Usage
	140997  -  Run Bytes Sent By Job
	32753  -  Run Bytes Received By Job
	140997  -  Total Bytes Sent By Job
	32753  -  Total Bytes Received By Job
	Partitionable Resources :    Usage  Request          
	   Cpus                 :                 1          
	   Disk (KB)            :     3236     3236          
	   Memory (MB)          :      191      191          
...
000 (265343.000.000) 04/28 00:01:23 Job submitted from host: <18.12.1.74:45694>
...
001 (265343.000.000) 04/28 00:02:19 Job executing on host: <18.12.9.4:47811>
...
006 (265343.000.000) 04/28 00:02:19 Image size of job updated: 1
	0  -  MemoryUsage of job (MB)
	0  -  ResidentSetSize of job (KB)
...
005 (265343.000.000) 04/28 00:02:19 Job terminated.
	(1) Normal termination (return value 1)
		Usr 0 00:00:00, Sys 0 00:00:00  -  Run Remote Usage
		Usr 0 00:00:00, Sys 0 00:00:00  -  Run Local Usage
		Usr 0 00:00:00, Sys 0 00:00:00  -  Total Remote Usage
		Usr 0 00:00:00, Sys 0 00:00:00  -  Total Local Usage
	1202  -  Run Bytes Sent By Job
	33265  -  Run Bytes Received By Job
	1202  -  Total Bytes Sent By Job
	33265  -  Total Bytes Received By Job
	Partitionable Resources :    Usage  Request          
	   Cpus                 :                 1          
	   Disk (KB)            :       56       56          
	   Memory (MB)          :        0        0          
...
000 (265450.000.000) 04/28 01:59:53 Job submitted from host: <18.12.1.74:45694>
...
001 (265450.000.000) 04/28 02:01:07 Job executing on host: <18.12.8.240:48249>
...
006 (265450.000.000) 04/28 02:01:15 Image size of job updated: 1
	2  -  MemoryUsage of job (MB)
	1708  -  ResidentSetSize of job (KB)
...
006 (265450.000.000) 04/28 02:06:16 Image size of job updated: 247568
	104  -  MemoryUsage of job (MB)
	105608  -  ResidentSetSize of job (KB)
...
006 (265450.000.000) 04/28 02:11:16 Image size of job updated: 316312
	161  -  MemoryUsage of job (MB)
	164440  -  ResidentSetSize of job (KB)
...
006 (265450.000.000) 04/28 02:16:16 Image size of job updated: 319848
	164  -  MemoryUsage of job (MB)
	167760  -  ResidentSetSize of job (KB)
...
006 (265450.000.000) 04/28 02:21:16 Image size of job updated: 325584
	170  -  MemoryUsage of job (MB)
	173796  -  ResidentSetSize of job (KB)
...
006 (265450.000.000) 04/28 02:26:17 Image size of job updated: 332588
	177  -  MemoryUsage of job (MB)
	180804  -  ResidentSetSize of job (KB)
...
006 (265450.000.000) 04/28 02:31:17 Image size of job updated: 341208
	185  -  MemoryUsage of job (MB)
	189320  -  ResidentSetSize of job (KB)
...
006 (265450.000.000) 04/28 02:36:19 Image size of job updated: 347008
	191  -  MemoryUsage of job (MB)
	195120  -  ResidentSetSize of job (KB)
...
006 (265450.000.000) 04/28 02:41:19 Image size of job updated: 351256
	195  -  MemoryUsage of job (MB)
	198852  -  ResidentSetSize of job (KB)
...
006 (265450.000.000) 04/28 02:42:34 Image size of job updated: 352420
	195  -  MemoryUsage of job (MB)
	198852  -  ResidentSetSize of job (KB)
...
005 (265450.000.000) 04/28 02:42:34 Job terminated.
	(1) Normal termination (return value 0)
		Usr 0 00:38:20, Sys 0 00:01:11  -  Run Remote Usage
		Usr 0 00:00:00, Sys 0 00:00:00  -  Run Local Usage
		Usr 0 00:38:20, Sys 0 00:01:11  -  Total Remote Usage
		Usr 0 00:00:00, Sys 0 00:00:00  -  Total Local Usage
	140937  -  Run Bytes Sent By Job
	33279  -  Run Bytes Received By Job
	140937  -  Total Bytes Sent By Job
	33279  -  Total Bytes Received By Job
	Partitionable Resources :    Usage  Request          
	   Cpus                 :                 1          
	   Disk (KB)            :     3446     3446          
	   Memory (MB)          :      195      195          
...
