000 (263927.000.000) 04/26 04:23:05 Job submitted from host: <18.12.1.74:45694>
...
001 (263927.000.000) 04/26 04:24:21 Job executing on host: <18.12.12.8:49709>
...
006 (263927.000.000) 04/26 04:24:30 Image size of job updated: 1
	2  -  MemoryUsage of job (MB)
	1708  -  ResidentSetSize of job (KB)
...
006 (263927.000.000) 04/26 04:29:31 Image size of job updated: 247528
	113  -  MemoryUsage of job (MB)
	115128  -  ResidentSetSize of job (KB)
...
006 (263927.000.000) 04/26 04:34:31 Image size of job updated: 248772
	114  -  MemoryUsage of job (MB)
	116524  -  ResidentSetSize of job (KB)
...
006 (263927.000.000) 04/26 04:39:33 Image size of job updated: 316380
	169  -  MemoryUsage of job (MB)
	172860  -  ResidentSetSize of job (KB)
...
006 (263927.000.000) 04/26 04:44:33 Image size of job updated: 319144
	169  -  MemoryUsage of job (MB)
	172860  -  ResidentSetSize of job (KB)
...
006 (263927.000.000) 04/26 04:49:35 Image size of job updated: 322588
	169  -  MemoryUsage of job (MB)
	172860  -  ResidentSetSize of job (KB)
...
006 (263927.000.000) 04/26 04:54:35 Image size of job updated: 326444
	169  -  MemoryUsage of job (MB)
	172860  -  ResidentSetSize of job (KB)
...
006 (263927.000.000) 04/26 04:59:36 Image size of job updated: 331088
	174  -  MemoryUsage of job (MB)
	177248  -  ResidentSetSize of job (KB)
...
006 (263927.000.000) 04/26 05:04:36 Image size of job updated: 336544
	178  -  MemoryUsage of job (MB)
	182188  -  ResidentSetSize of job (KB)
...
006 (263927.000.000) 04/26 05:09:37 Image size of job updated: 340396
	182  -  MemoryUsage of job (MB)
	186048  -  ResidentSetSize of job (KB)
...
006 (263927.000.000) 04/26 05:14:37 Image size of job updated: 343856
	186  -  MemoryUsage of job (MB)
	189516  -  ResidentSetSize of job (KB)
...
006 (263927.000.000) 04/26 05:19:37 Image size of job updated: 347336
	189  -  MemoryUsage of job (MB)
	192988  -  ResidentSetSize of job (KB)
...
006 (263927.000.000) 04/26 05:24:38 Image size of job updated: 350812
	192  -  MemoryUsage of job (MB)
	196464  -  ResidentSetSize of job (KB)
...
006 (263927.000.000) 04/26 05:26:55 Image size of job updated: 352560
	192  -  MemoryUsage of job (MB)
	196464  -  ResidentSetSize of job (KB)
...
005 (263927.000.000) 04/26 05:26:55 Job terminated.
	(1) Normal termination (return value 0)
		Usr 0 00:59:17, Sys 0 00:01:41  -  Run Remote Usage
		Usr 0 00:00:00, Sys 0 00:00:00  -  Run Local Usage
		Usr 0 00:59:17, Sys 0 00:01:41  -  Total Remote Usage
		Usr 0 00:00:00, Sys 0 00:00:00  -  Total Local Usage
	142542  -  Run Bytes Sent By Job
	32753  -  Run Bytes Received By Job
	142542  -  Total Bytes Sent By Job
	32753  -  Total Bytes Received By Job
	Partitionable Resources :    Usage  Request          
	   Cpus                 :                 1          
	   Disk (KB)            :     3312     3312          
	   Memory (MB)          :      192      192          
...
000 (265336.000.000) 04/28 00:01:22 Job submitted from host: <18.12.1.74:45694>
...
001 (265336.000.000) 04/28 00:02:18 Job executing on host: <18.12.8.189:40146>
...
006 (265336.000.000) 04/28 00:02:19 Image size of job updated: 1
	0  -  MemoryUsage of job (MB)
	0  -  ResidentSetSize of job (KB)
...
005 (265336.000.000) 04/28 00:02:19 Job terminated.
	(1) Normal termination (return value 1)
		Usr 0 00:00:00, Sys 0 00:00:00  -  Run Remote Usage
		Usr 0 00:00:00, Sys 0 00:00:00  -  Run Local Usage
		Usr 0 00:00:00, Sys 0 00:00:00  -  Total Remote Usage
		Usr 0 00:00:00, Sys 0 00:00:00  -  Total Local Usage
	1203  -  Run Bytes Sent By Job
	33265  -  Run Bytes Received By Job
	1203  -  Total Bytes Sent By Job
	33265  -  Total Bytes Received By Job
	Partitionable Resources :    Usage  Request          
	   Cpus                 :                 1          
	   Disk (KB)            :       56       56          
	   Memory (MB)          :        0        0          
...
000 (265443.000.000) 04/28 01:59:52 Job submitted from host: <18.12.1.74:45694>
...
001 (265443.000.000) 04/28 02:01:06 Job executing on host: <18.12.8.181:49198>
...
006 (265443.000.000) 04/28 02:01:15 Image size of job updated: 200528
	71  -  MemoryUsage of job (MB)
	72148  -  ResidentSetSize of job (KB)
...
006 (265443.000.000) 04/28 02:06:17 Image size of job updated: 247988
	106  -  MemoryUsage of job (MB)
	108248  -  ResidentSetSize of job (KB)
...
006 (265443.000.000) 04/28 02:11:17 Image size of job updated: 316424
	163  -  MemoryUsage of job (MB)
	166192  -  ResidentSetSize of job (KB)
...
006 (265443.000.000) 04/28 02:16:18 Image size of job updated: 319724
	165  -  MemoryUsage of job (MB)
	168672  -  ResidentSetSize of job (KB)
...
006 (265443.000.000) 04/28 02:21:18 Image size of job updated: 325364
	171  -  MemoryUsage of job (MB)
	174404  -  ResidentSetSize of job (KB)
...
006 (265443.000.000) 04/28 02:26:18 Image size of job updated: 331232
	176  -  MemoryUsage of job (MB)
	180220  -  ResidentSetSize of job (KB)
...
006 (265443.000.000) 04/28 02:31:19 Image size of job updated: 338128
	183  -  MemoryUsage of job (MB)
	187116  -  ResidentSetSize of job (KB)
...
006 (265443.000.000) 04/28 02:36:19 Image size of job updated: 343212
	188  -  MemoryUsage of job (MB)
	192200  -  ResidentSetSize of job (KB)
...
006 (265443.000.000) 04/28 02:41:21 Image size of job updated: 348620
	193  -  MemoryUsage of job (MB)
	197604  -  ResidentSetSize of job (KB)
...
006 (265443.000.000) 04/28 02:45:43 Image size of job updated: 352596
	193  -  MemoryUsage of job (MB)
	197604  -  ResidentSetSize of job (KB)
...
005 (265443.000.000) 04/28 02:45:43 Job terminated.
	(1) Normal termination (return value 0)
		Usr 0 00:41:44, Sys 0 00:01:12  -  Run Remote Usage
		Usr 0 00:00:00, Sys 0 00:00:00  -  Run Local Usage
		Usr 0 00:41:44, Sys 0 00:01:12  -  Total Remote Usage
		Usr 0 00:00:00, Sys 0 00:00:00  -  Total Local Usage
	140991  -  Run Bytes Sent By Job
	33279  -  Run Bytes Received By Job
	140991  -  Total Bytes Sent By Job
	33279  -  Total Bytes Received By Job
	Partitionable Resources :    Usage  Request          
	   Cpus                 :                 1          
	   Disk (KB)            :     3165     3165          
	   Memory (MB)          :      193      193          
...
