000 (263955.000.000) 04/26 04:23:08 Job submitted from host: <18.12.1.74:45694>
...
001 (263955.000.000) 04/26 04:24:19 Job executing on host: <18.12.8.207:42117>
...
006 (263955.000.000) 04/26 04:24:28 Image size of job updated: 69572
	14  -  MemoryUsage of job (MB)
	13784  -  ResidentSetSize of job (KB)
...
006 (263955.000.000) 04/26 04:29:29 Image size of job updated: 247532
	113  -  MemoryUsage of job (MB)
	115200  -  ResidentSetSize of job (KB)
...
006 (263955.000.000) 04/26 04:34:29 Image size of job updated: 248776
	114  -  MemoryUsage of job (MB)
	116604  -  ResidentSetSize of job (KB)
...
006 (263955.000.000) 04/26 04:39:30 Image size of job updated: 316584
	170  -  MemoryUsage of job (MB)
	173140  -  ResidentSetSize of job (KB)
...
006 (263955.000.000) 04/26 04:44:30 Image size of job updated: 319380
	172  -  MemoryUsage of job (MB)
	175968  -  ResidentSetSize of job (KB)
...
006 (263955.000.000) 04/26 04:49:31 Image size of job updated: 322852
	176  -  MemoryUsage of job (MB)
	179676  -  ResidentSetSize of job (KB)
...
006 (263955.000.000) 04/26 04:54:31 Image size of job updated: 327500
	181  -  MemoryUsage of job (MB)
	184348  -  ResidentSetSize of job (KB)
...
006 (263955.000.000) 04/26 04:59:32 Image size of job updated: 332944
	185  -  MemoryUsage of job (MB)
	188820  -  ResidentSetSize of job (KB)
...
006 (263955.000.000) 04/26 05:04:33 Image size of job updated: 338344
	190  -  MemoryUsage of job (MB)
	194288  -  ResidentSetSize of job (KB)
...
006 (263955.000.000) 04/26 05:09:33 Image size of job updated: 344120
	196  -  MemoryUsage of job (MB)
	200064  -  ResidentSetSize of job (KB)
...
006 (263955.000.000) 04/26 05:14:35 Image size of job updated: 347932
	196  -  MemoryUsage of job (MB)
	200376  -  ResidentSetSize of job (KB)
...
006 (263955.000.000) 04/26 05:19:35 Image size of job updated: 351836
	198  -  MemoryUsage of job (MB)
	202480  -  ResidentSetSize of job (KB)
...
006 (263955.000.000) 04/26 05:20:12 Image size of job updated: 352224
	198  -  MemoryUsage of job (MB)
	202480  -  ResidentSetSize of job (KB)
...
005 (263955.000.000) 04/26 05:20:12 Job terminated.
	(1) Normal termination (return value 0)
		Usr 0 00:52:13, Sys 0 00:01:38  -  Run Remote Usage
		Usr 0 00:00:00, Sys 0 00:00:00  -  Run Local Usage
		Usr 0 00:52:13, Sys 0 00:01:38  -  Total Remote Usage
		Usr 0 00:00:00, Sys 0 00:00:00  -  Total Local Usage
	142016  -  Run Bytes Sent By Job
	32753  -  Run Bytes Received By Job
	142016  -  Total Bytes Sent By Job
	32753  -  Total Bytes Received By Job
	Partitionable Resources :    Usage  Request          
	   Cpus                 :                 1          
	   Disk (KB)            :     3440     3440          
	   Memory (MB)          :      198      198          
...
000 (265364.000.000) 04/28 00:01:25 Job submitted from host: <18.12.1.74:45694>
...
001 (265364.000.000) 04/28 00:02:19 Job executing on host: <18.12.8.245:40219>
...
006 (265364.000.000) 04/28 00:02:20 Image size of job updated: 66460
	0  -  MemoryUsage of job (MB)
	0  -  ResidentSetSize of job (KB)
...
005 (265364.000.000) 04/28 00:02:20 Job terminated.
	(1) Normal termination (return value 1)
		Usr 0 00:00:00, Sys 0 00:00:00  -  Run Remote Usage
		Usr 0 00:00:00, Sys 0 00:00:00  -  Run Local Usage
		Usr 0 00:00:00, Sys 0 00:00:00  -  Total Remote Usage
		Usr 0 00:00:00, Sys 0 00:00:00  -  Total Local Usage
	1203  -  Run Bytes Sent By Job
	33265  -  Run Bytes Received By Job
	1203  -  Total Bytes Sent By Job
	33265  -  Total Bytes Received By Job
	Partitionable Resources :    Usage  Request          
	   Cpus                 :                 1          
	   Disk (KB)            :       56       56          
	   Memory (MB)          :        0        0          
...
000 (265471.000.000) 04/28 01:59:56 Job submitted from host: <18.12.1.74:45694>
...
001 (265471.000.000) 04/28 02:01:09 Job executing on host: <18.12.8.171:40657>
...
006 (265471.000.000) 04/28 02:01:17 Image size of job updated: 211388
	105  -  MemoryUsage of job (MB)
	106928  -  ResidentSetSize of job (KB)
...
006 (265471.000.000) 04/28 02:06:17 Image size of job updated: 247576
	113  -  MemoryUsage of job (MB)
	115164  -  ResidentSetSize of job (KB)
...
006 (265471.000.000) 04/28 02:11:17 Image size of job updated: 316256
	169  -  MemoryUsage of job (MB)
	172572  -  ResidentSetSize of job (KB)
...
006 (265471.000.000) 04/28 02:16:17 Image size of job updated: 319332
	172  -  MemoryUsage of job (MB)
	175692  -  ResidentSetSize of job (KB)
...
006 (265471.000.000) 04/28 02:21:17 Image size of job updated: 324472
	177  -  MemoryUsage of job (MB)
	181164  -  ResidentSetSize of job (KB)
...
006 (265471.000.000) 04/28 02:26:18 Image size of job updated: 330668
	183  -  MemoryUsage of job (MB)
	187364  -  ResidentSetSize of job (KB)
...
006 (265471.000.000) 04/28 02:31:18 Image size of job updated: 338064
	191  -  MemoryUsage of job (MB)
	194716  -  ResidentSetSize of job (KB)
...
006 (265471.000.000) 04/28 02:36:19 Image size of job updated: 345804
	198  -  MemoryUsage of job (MB)
	202456  -  ResidentSetSize of job (KB)
...
006 (265471.000.000) 04/28 02:41:19 Image size of job updated: 350816
	202  -  MemoryUsage of job (MB)
	206684  -  ResidentSetSize of job (KB)
...
006 (265471.000.000) 04/28 02:42:57 Image size of job updated: 352364
	202  -  MemoryUsage of job (MB)
	206684  -  ResidentSetSize of job (KB)
...
005 (265471.000.000) 04/28 02:42:57 Job terminated.
	(1) Normal termination (return value 0)
		Usr 0 00:38:14, Sys 0 00:01:05  -  Run Remote Usage
		Usr 0 00:00:00, Sys 0 00:00:00  -  Run Local Usage
		Usr 0 00:38:14, Sys 0 00:01:05  -  Total Remote Usage
		Usr 0 00:00:00, Sys 0 00:00:00  -  Total Local Usage
	141021  -  Run Bytes Sent By Job
	33279  -  Run Bytes Received By Job
	141021  -  Total Bytes Sent By Job
	33279  -  Total Bytes Received By Job
	Partitionable Resources :    Usage  Request          
	   Cpus                 :                 1          
	   Disk (KB)            :     3419     3419          
	   Memory (MB)          :      202      202          
...
