000 (263941.000.000) 04/26 04:23:06 Job submitted from host: <18.12.1.74:45694>
...
001 (263941.000.000) 04/26 04:24:19 Job executing on host: <18.12.8.232:49928>
...
006 (263941.000.000) 04/26 04:24:27 Image size of job updated: 110816
	25  -  MemoryUsage of job (MB)
	24844  -  ResidentSetSize of job (KB)
...
006 (263941.000.000) 04/26 04:29:27 Image size of job updated: 247528
	113  -  MemoryUsage of job (MB)
	115124  -  ResidentSetSize of job (KB)
...
006 (263941.000.000) 04/26 04:34:27 Image size of job updated: 248780
	114  -  MemoryUsage of job (MB)
	116532  -  ResidentSetSize of job (KB)
...
006 (263941.000.000) 04/26 04:39:27 Image size of job updated: 317944
	171  -  MemoryUsage of job (MB)
	174340  -  ResidentSetSize of job (KB)
...
006 (263941.000.000) 04/26 04:44:27 Image size of job updated: 320160
	172  -  MemoryUsage of job (MB)
	175232  -  ResidentSetSize of job (KB)
...
006 (263941.000.000) 04/26 04:49:28 Image size of job updated: 324400
	176  -  MemoryUsage of job (MB)
	179796  -  ResidentSetSize of job (KB)
...
006 (263941.000.000) 04/26 04:54:28 Image size of job updated: 329028
	181  -  MemoryUsage of job (MB)
	184392  -  ResidentSetSize of job (KB)
...
006 (263941.000.000) 04/26 04:59:30 Image size of job updated: 336132
	187  -  MemoryUsage of job (MB)
	191208  -  ResidentSetSize of job (KB)
...
006 (263941.000.000) 04/26 05:04:30 Image size of job updated: 341192
	187  -  MemoryUsage of job (MB)
	191208  -  ResidentSetSize of job (KB)
...
006 (263941.000.000) 04/26 05:09:32 Image size of job updated: 346188
	187  -  MemoryUsage of job (MB)
	191208  -  ResidentSetSize of job (KB)
...
006 (263941.000.000) 04/26 05:14:32 Image size of job updated: 350752
	191  -  MemoryUsage of job (MB)
	194828  -  ResidentSetSize of job (KB)
...
006 (263941.000.000) 04/26 05:16:07 Image size of job updated: 352336
	191  -  MemoryUsage of job (MB)
	194828  -  ResidentSetSize of job (KB)
...
005 (263941.000.000) 04/26 05:16:07 Job terminated.
	(1) Normal termination (return value 0)
		Usr 0 00:49:12, Sys 0 00:01:39  -  Run Remote Usage
		Usr 0 00:00:00, Sys 0 00:00:00  -  Run Local Usage
		Usr 0 00:49:12, Sys 0 00:01:39  -  Total Remote Usage
		Usr 0 00:00:00, Sys 0 00:00:00  -  Total Local Usage
	141926  -  Run Bytes Sent By Job
	32753  -  Run Bytes Received By Job
	141926  -  Total Bytes Sent By Job
	32753  -  Total Bytes Received By Job
	Partitionable Resources :    Usage  Request          
	   Cpus                 :                 1          
	   Disk (KB)            :     3334     3334          
	   Memory (MB)          :      191      191          
...
000 (265350.000.000) 04/28 00:01:23 Job submitted from host: <18.12.1.74:45694>
...
001 (265350.000.000) 04/28 00:02:19 Job executing on host: <18.12.9.18:41825>
...
006 (265350.000.000) 04/28 00:02:20 Image size of job updated: 1
	0  -  MemoryUsage of job (MB)
	0  -  ResidentSetSize of job (KB)
...
005 (265350.000.000) 04/28 00:02:20 Job terminated.
	(1) Normal termination (return value 1)
		Usr 0 00:00:00, Sys 0 00:00:00  -  Run Remote Usage
		Usr 0 00:00:00, Sys 0 00:00:00  -  Run Local Usage
		Usr 0 00:00:00, Sys 0 00:00:00  -  Total Remote Usage
		Usr 0 00:00:00, Sys 0 00:00:00  -  Total Local Usage
	1202  -  Run Bytes Sent By Job
	33265  -  Run Bytes Received By Job
	1202  -  Total Bytes Sent By Job
	33265  -  Total Bytes Received By Job
	Partitionable Resources :    Usage  Request          
	   Cpus                 :                 1          
	   Disk (KB)            :       56       56          
	   Memory (MB)          :        0        0          
...
000 (265457.000.000) 04/28 01:59:54 Job submitted from host: <18.12.1.74:45694>
...
001 (265457.000.000) 04/28 02:01:09 Job executing on host: <18.12.8.205:48614>
...
006 (265457.000.000) 04/28 02:01:18 Image size of job updated: 69568
	14  -  MemoryUsage of job (MB)
	13812  -  ResidentSetSize of job (KB)
...
006 (265457.000.000) 04/28 02:06:20 Image size of job updated: 211512
	91  -  MemoryUsage of job (MB)
	92696  -  ResidentSetSize of job (KB)
...
006 (265457.000.000) 04/28 02:11:20 Image size of job updated: 247564
	104  -  MemoryUsage of job (MB)
	106484  -  ResidentSetSize of job (KB)
...
006 (265457.000.000) 04/28 02:16:22 Image size of job updated: 248828
	105  -  MemoryUsage of job (MB)
	106912  -  ResidentSetSize of job (KB)
...
006 (265457.000.000) 04/28 02:21:22 Image size of job updated: 319300
	163  -  MemoryUsage of job (MB)
	166584  -  ResidentSetSize of job (KB)
...
006 (265457.000.000) 04/28 02:26:24 Image size of job updated: 323708
	167  -  MemoryUsage of job (MB)
	170792  -  ResidentSetSize of job (KB)
...
006 (265457.000.000) 04/28 02:31:24 Image size of job updated: 329496
	173  -  MemoryUsage of job (MB)
	176596  -  ResidentSetSize of job (KB)
...
006 (265457.000.000) 04/28 02:36:26 Image size of job updated: 337344
	181  -  MemoryUsage of job (MB)
	184344  -  ResidentSetSize of job (KB)
...
006 (265457.000.000) 04/28 02:41:26 Image size of job updated: 343600
	187  -  MemoryUsage of job (MB)
	190548  -  ResidentSetSize of job (KB)
...
006 (265457.000.000) 04/28 02:46:27 Image size of job updated: 349000
	192  -  MemoryUsage of job (MB)
	195948  -  ResidentSetSize of job (KB)
...
006 (265457.000.000) 04/28 02:50:01 Image size of job updated: 352476
	192  -  MemoryUsage of job (MB)
	195948  -  ResidentSetSize of job (KB)
...
005 (265457.000.000) 04/28 02:50:01 Job terminated.
	(1) Normal termination (return value 0)
		Usr 0 00:38:39, Sys 0 00:01:24  -  Run Remote Usage
		Usr 0 00:00:00, Sys 0 00:00:00  -  Run Local Usage
		Usr 0 00:38:39, Sys 0 00:01:24  -  Total Remote Usage
		Usr 0 00:00:00, Sys 0 00:00:00  -  Total Local Usage
	140990  -  Run Bytes Sent By Job
	33279  -  Run Bytes Received By Job
	140990  -  Total Bytes Sent By Job
	33279  -  Total Bytes Received By Job
	Partitionable Resources :    Usage  Request          
	   Cpus                 :                 1          
	   Disk (KB)            :     3244     3244          
	   Memory (MB)          :      192      192          
...
