000 (263953.000.000) 04/26 04:23:07 Job submitted from host: <18.12.1.74:45694>
...
001 (263953.000.000) 04/26 04:24:20 Job executing on host: <18.12.8.218:42263>
...
006 (263953.000.000) 04/26 04:24:28 Image size of job updated: 69568
	14  -  MemoryUsage of job (MB)
	13712  -  ResidentSetSize of job (KB)
...
006 (263953.000.000) 04/26 04:29:29 Image size of job updated: 247520
	113  -  MemoryUsage of job (MB)
	115104  -  ResidentSetSize of job (KB)
...
006 (263953.000.000) 04/26 04:34:28 Image size of job updated: 248764
	114  -  MemoryUsage of job (MB)
	116476  -  ResidentSetSize of job (KB)
...
006 (263953.000.000) 04/26 04:39:29 Image size of job updated: 316488
	169  -  MemoryUsage of job (MB)
	172324  -  ResidentSetSize of job (KB)
...
006 (263953.000.000) 04/26 04:44:29 Image size of job updated: 319284
	169  -  MemoryUsage of job (MB)
	172324  -  ResidentSetSize of job (KB)
...
006 (263953.000.000) 04/26 04:49:29 Image size of job updated: 323512
	169  -  MemoryUsage of job (MB)
	172324  -  ResidentSetSize of job (KB)
...
006 (263953.000.000) 04/26 04:54:30 Image size of job updated: 328068
	169  -  MemoryUsage of job (MB)
	172324  -  ResidentSetSize of job (KB)
...
006 (263953.000.000) 04/26 04:59:30 Image size of job updated: 334036
	174  -  MemoryUsage of job (MB)
	177720  -  ResidentSetSize of job (KB)
...
006 (263953.000.000) 04/26 05:04:31 Image size of job updated: 339764
	180  -  MemoryUsage of job (MB)
	183492  -  ResidentSetSize of job (KB)
...
006 (263953.000.000) 04/26 05:09:31 Image size of job updated: 344904
	185  -  MemoryUsage of job (MB)
	188540  -  ResidentSetSize of job (KB)
...
006 (263953.000.000) 04/26 05:14:32 Image size of job updated: 348764
	188  -  MemoryUsage of job (MB)
	192228  -  ResidentSetSize of job (KB)
...
006 (263953.000.000) 04/26 05:19:20 Image size of job updated: 352276
	188  -  MemoryUsage of job (MB)
	192228  -  ResidentSetSize of job (KB)
...
005 (263953.000.000) 04/26 05:19:20 Job terminated.
	(1) Normal termination (return value 0)
		Usr 0 00:51:09, Sys 0 00:02:12  -  Run Remote Usage
		Usr 0 00:00:00, Sys 0 00:00:00  -  Run Local Usage
		Usr 0 00:51:09, Sys 0 00:02:12  -  Total Remote Usage
		Usr 0 00:00:00, Sys 0 00:00:00  -  Total Local Usage
	140926  -  Run Bytes Sent By Job
	32753  -  Run Bytes Received By Job
	140926  -  Total Bytes Sent By Job
	32753  -  Total Bytes Received By Job
	Partitionable Resources :    Usage  Request          
	   Cpus                 :                 1          
	   Disk (KB)            :     3159     3159          
	   Memory (MB)          :      188      188          
...
000 (265362.000.000) 04/28 00:01:25 Job submitted from host: <18.12.1.74:45694>
...
001 (265362.000.000) 04/28 00:02:19 Job executing on host: <18.12.8.218:42263>
...
006 (265362.000.000) 04/28 00:02:20 Image size of job updated: 1
	0  -  MemoryUsage of job (MB)
	0  -  ResidentSetSize of job (KB)
...
005 (265362.000.000) 04/28 00:02:20 Job terminated.
	(1) Normal termination (return value 1)
		Usr 0 00:00:00, Sys 0 00:00:00  -  Run Remote Usage
		Usr 0 00:00:00, Sys 0 00:00:00  -  Run Local Usage
		Usr 0 00:00:00, Sys 0 00:00:00  -  Total Remote Usage
		Usr 0 00:00:00, Sys 0 00:00:00  -  Total Local Usage
	1203  -  Run Bytes Sent By Job
	33265  -  Run Bytes Received By Job
	1203  -  Total Bytes Sent By Job
	33265  -  Total Bytes Received By Job
	Partitionable Resources :    Usage  Request          
	   Cpus                 :                 1          
	   Disk (KB)            :       56       56          
	   Memory (MB)          :        0        0          
...
000 (265469.000.000) 04/28 01:59:56 Job submitted from host: <18.12.1.74:45694>
...
001 (265469.000.000) 04/28 02:01:08 Job executing on host: <18.12.12.9:46570>
...
006 (265469.000.000) 04/28 02:01:17 Image size of job updated: 1
	2  -  MemoryUsage of job (MB)
	1712  -  ResidentSetSize of job (KB)
...
006 (265469.000.000) 04/28 02:06:18 Image size of job updated: 247100
	113  -  MemoryUsage of job (MB)
	114692  -  ResidentSetSize of job (KB)
...
006 (265469.000.000) 04/28 02:11:18 Image size of job updated: 248820
	114  -  MemoryUsage of job (MB)
	116588  -  ResidentSetSize of job (KB)
...
006 (265469.000.000) 04/28 02:16:20 Image size of job updated: 317904
	171  -  MemoryUsage of job (MB)
	174388  -  ResidentSetSize of job (KB)
...
006 (265469.000.000) 04/28 02:21:20 Image size of job updated: 322036
	175  -  MemoryUsage of job (MB)
	178832  -  ResidentSetSize of job (KB)
...
006 (265469.000.000) 04/28 02:26:22 Image size of job updated: 327828
	181  -  MemoryUsage of job (MB)
	184632  -  ResidentSetSize of job (KB)
...
006 (265469.000.000) 04/28 02:31:22 Image size of job updated: 334460
	186  -  MemoryUsage of job (MB)
	190384  -  ResidentSetSize of job (KB)
...
006 (265469.000.000) 04/28 02:36:22 Image size of job updated: 341932
	194  -  MemoryUsage of job (MB)
	197800  -  ResidentSetSize of job (KB)
...
006 (265469.000.000) 04/28 02:41:23 Image size of job updated: 347016
	198  -  MemoryUsage of job (MB)
	202744  -  ResidentSetSize of job (KB)
...
006 (265469.000.000) 04/28 02:46:23 Image size of job updated: 351256
	203  -  MemoryUsage of job (MB)
	206896  -  ResidentSetSize of job (KB)
...
006 (265469.000.000) 04/28 02:47:49 Image size of job updated: 352384
	203  -  MemoryUsage of job (MB)
	206896  -  ResidentSetSize of job (KB)
...
005 (265469.000.000) 04/28 02:47:49 Job terminated.
	(1) Normal termination (return value 0)
		Usr 0 00:41:55, Sys 0 00:01:14  -  Run Remote Usage
		Usr 0 00:00:00, Sys 0 00:00:00  -  Run Local Usage
		Usr 0 00:41:55, Sys 0 00:01:14  -  Total Remote Usage
		Usr 0 00:00:00, Sys 0 00:00:00  -  Total Local Usage
	141025  -  Run Bytes Sent By Job
	33279  -  Run Bytes Received By Job
	141025  -  Total Bytes Sent By Job
	33279  -  Total Bytes Received By Job
	Partitionable Resources :    Usage  Request          
	   Cpus                 :                 1          
	   Disk (KB)            :     3438     3438          
	   Memory (MB)          :      203      203          
...
