000 (263931.000.000) 04/26 04:23:05 Job submitted from host: <18.12.1.74:45694>
...
001 (263931.000.000) 04/26 04:24:18 Job executing on host: <18.12.8.170:48030>
...
006 (263931.000.000) 04/26 04:24:26 Image size of job updated: 1
	2  -  MemoryUsage of job (MB)
	1700  -  ResidentSetSize of job (KB)
...
006 (263931.000.000) 04/26 04:29:26 Image size of job updated: 247528
	113  -  MemoryUsage of job (MB)
	115108  -  ResidentSetSize of job (KB)
...
006 (263931.000.000) 04/26 04:34:26 Image size of job updated: 248772
	114  -  MemoryUsage of job (MB)
	116504  -  ResidentSetSize of job (KB)
...
006 (263931.000.000) 04/26 04:39:26 Image size of job updated: 318148
	170  -  MemoryUsage of job (MB)
	173568  -  ResidentSetSize of job (KB)
...
006 (263931.000.000) 04/26 04:44:26 Image size of job updated: 320412
	172  -  MemoryUsage of job (MB)
	175820  -  ResidentSetSize of job (KB)
...
006 (263931.000.000) 04/26 04:49:26 Image size of job updated: 324600
	177  -  MemoryUsage of job (MB)
	180340  -  ResidentSetSize of job (KB)
...
006 (263931.000.000) 04/26 04:54:26 Image size of job updated: 329212
	181  -  MemoryUsage of job (MB)
	184852  -  ResidentSetSize of job (KB)
...
006 (263931.000.000) 04/26 04:59:27 Image size of job updated: 335336
	182  -  MemoryUsage of job (MB)
	185712  -  ResidentSetSize of job (KB)
...
006 (263931.000.000) 04/26 05:04:27 Image size of job updated: 341108
	182  -  MemoryUsage of job (MB)
	185712  -  ResidentSetSize of job (KB)
...
006 (263931.000.000) 04/26 05:09:28 Image size of job updated: 346184
	186  -  MemoryUsage of job (MB)
	190324  -  ResidentSetSize of job (KB)
...
006 (263931.000.000) 04/26 05:14:28 Image size of job updated: 349688
	190  -  MemoryUsage of job (MB)
	193760  -  ResidentSetSize of job (KB)
...
006 (263931.000.000) 04/26 05:17:45 Image size of job updated: 352684
	190  -  MemoryUsage of job (MB)
	193760  -  ResidentSetSize of job (KB)
...
005 (263931.000.000) 04/26 05:17:45 Job terminated.
	(1) Normal termination (return value 0)
		Usr 0 00:42:00, Sys 0 00:01:27  -  Run Remote Usage
		Usr 0 00:00:00, Sys 0 00:00:00  -  Run Local Usage
		Usr 0 00:42:00, Sys 0 00:01:27  -  Total Remote Usage
		Usr 0 00:00:00, Sys 0 00:00:00  -  Total Local Usage
	140969  -  Run Bytes Sent By Job
	32753  -  Run Bytes Received By Job
	140969  -  Total Bytes Sent By Job
	32753  -  Total Bytes Received By Job
	Partitionable Resources :    Usage  Request          
	   Cpus                 :                 1          
	   Disk (KB)            :     3268     3268          
	   Memory (MB)          :      190      190          
...
000 (265340.000.000) 04/28 00:01:22 Job submitted from host: <18.12.1.74:45694>
...
001 (265340.000.000) 04/28 00:02:18 Job executing on host: <18.12.8.1:42263>
...
006 (265340.000.000) 04/28 00:02:19 Image size of job updated: 1
	0  -  MemoryUsage of job (MB)
	0  -  ResidentSetSize of job (KB)
...
005 (265340.000.000) 04/28 00:02:19 Job terminated.
	(1) Normal termination (return value 1)
		Usr 0 00:00:00, Sys 0 00:00:00  -  Run Remote Usage
		Usr 0 00:00:00, Sys 0 00:00:00  -  Run Local Usage
		Usr 0 00:00:00, Sys 0 00:00:00  -  Total Remote Usage
		Usr 0 00:00:00, Sys 0 00:00:00  -  Total Local Usage
	1203  -  Run Bytes Sent By Job
	33265  -  Run Bytes Received By Job
	1203  -  Total Bytes Sent By Job
	33265  -  Total Bytes Received By Job
	Partitionable Resources :    Usage  Request          
	   Cpus                 :                 1          
	   Disk (KB)            :       56       56          
	   Memory (MB)          :        0        0          
...
000 (265447.000.000) 04/28 01:59:53 Job submitted from host: <18.12.1.74:45694>
...
001 (265447.000.000) 04/28 02:01:07 Job executing on host: <18.12.8.175:42628>
...
006 (265447.000.000) 04/28 02:01:15 Image size of job updated: 211512
	105  -  MemoryUsage of job (MB)
	106916  -  ResidentSetSize of job (KB)
...
006 (265447.000.000) 04/28 02:06:15 Image size of job updated: 247576
	105  -  MemoryUsage of job (MB)
	106916  -  ResidentSetSize of job (KB)
...
006 (265447.000.000) 04/28 02:11:15 Image size of job updated: 316852
	162  -  MemoryUsage of job (MB)
	165336  -  ResidentSetSize of job (KB)
...
006 (265447.000.000) 04/28 02:16:15 Image size of job updated: 319972
	165  -  MemoryUsage of job (MB)
	168496  -  ResidentSetSize of job (KB)
...
006 (265447.000.000) 04/28 02:21:15 Image size of job updated: 325432
	171  -  MemoryUsage of job (MB)
	174264  -  ResidentSetSize of job (KB)
...
006 (265447.000.000) 04/28 02:26:16 Image size of job updated: 332004
	177  -  MemoryUsage of job (MB)
	180836  -  ResidentSetSize of job (KB)
...
006 (265447.000.000) 04/28 02:31:16 Image size of job updated: 339288
	184  -  MemoryUsage of job (MB)
	188124  -  ResidentSetSize of job (KB)
...
006 (265447.000.000) 04/28 02:36:17 Image size of job updated: 345544
	190  -  MemoryUsage of job (MB)
	194380  -  ResidentSetSize of job (KB)
...
006 (265447.000.000) 04/28 02:41:17 Image size of job updated: 350156
	195  -  MemoryUsage of job (MB)
	198992  -  ResidentSetSize of job (KB)
...
006 (265447.000.000) 04/28 02:43:34 Image size of job updated: 352520
	195  -  MemoryUsage of job (MB)
	198992  -  ResidentSetSize of job (KB)
...
005 (265447.000.000) 04/28 02:43:34 Job terminated.
	(1) Normal termination (return value 0)
		Usr 0 00:39:12, Sys 0 00:01:06  -  Run Remote Usage
		Usr 0 00:00:00, Sys 0 00:00:00  -  Run Local Usage
		Usr 0 00:39:12, Sys 0 00:01:06  -  Total Remote Usage
		Usr 0 00:00:00, Sys 0 00:00:00  -  Total Local Usage
	140968  -  Run Bytes Sent By Job
	33279  -  Run Bytes Received By Job
	140968  -  Total Bytes Sent By Job
	33279  -  Total Bytes Received By Job
	Partitionable Resources :    Usage  Request          
	   Cpus                 :                 1          
	   Disk (KB)            :     3346     3346          
	   Memory (MB)          :      195      195          
...
