000 (263919.000.000) 04/26 04:23:04 Job submitted from host: <18.12.1.74:45694>
...
001 (263919.000.000) 04/26 04:24:17 Job executing on host: <18.12.9.1:46497>
...
006 (263919.000.000) 04/26 04:24:25 Image size of job updated: 1
	2  -  MemoryUsage of job (MB)
	1712  -  ResidentSetSize of job (KB)
...
006 (263919.000.000) 04/26 04:29:27 Image size of job updated: 247528
	113  -  MemoryUsage of job (MB)
	115124  -  ResidentSetSize of job (KB)
...
006 (263919.000.000) 04/26 04:34:25 Image size of job updated: 248776
	114  -  MemoryUsage of job (MB)
	116528  -  ResidentSetSize of job (KB)
...
006 (263919.000.000) 04/26 04:39:27 Image size of job updated: 316500
	169  -  MemoryUsage of job (MB)
	173000  -  ResidentSetSize of job (KB)
...
006 (263919.000.000) 04/26 04:44:27 Image size of job updated: 319284
	172  -  MemoryUsage of job (MB)
	175680  -  ResidentSetSize of job (KB)
...
006 (263919.000.000) 04/26 04:49:28 Image size of job updated: 322844
	176  -  MemoryUsage of job (MB)
	179536  -  ResidentSetSize of job (KB)
...
006 (263919.000.000) 04/26 04:54:28 Image size of job updated: 327544
	180  -  MemoryUsage of job (MB)
	183348  -  ResidentSetSize of job (KB)
...
006 (263919.000.000) 04/26 04:59:29 Image size of job updated: 332960
	185  -  MemoryUsage of job (MB)
	188744  -  ResidentSetSize of job (KB)
...
006 (263919.000.000) 04/26 05:04:29 Image size of job updated: 338796
	191  -  MemoryUsage of job (MB)
	194588  -  ResidentSetSize of job (KB)
...
006 (263919.000.000) 04/26 05:09:29 Image size of job updated: 343044
	195  -  MemoryUsage of job (MB)
	198836  -  ResidentSetSize of job (KB)
...
006 (263919.000.000) 04/26 05:14:31 Image size of job updated: 347272
	195  -  MemoryUsage of job (MB)
	198836  -  ResidentSetSize of job (KB)
...
006 (263919.000.000) 04/26 05:19:30 Image size of job updated: 350804
	195  -  MemoryUsage of job (MB)
	198836  -  ResidentSetSize of job (KB)
...
006 (263919.000.000) 04/26 05:21:42 Image size of job updated: 352352
	195  -  MemoryUsage of job (MB)
	198836  -  ResidentSetSize of job (KB)
...
005 (263919.000.000) 04/26 05:21:43 Job terminated.
	(1) Normal termination (return value 0)
		Usr 0 00:54:14, Sys 0 00:01:44  -  Run Remote Usage
		Usr 0 00:00:00, Sys 0 00:00:00  -  Run Local Usage
		Usr 0 00:54:14, Sys 0 00:01:44  -  Total Remote Usage
		Usr 0 00:00:00, Sys 0 00:00:00  -  Total Local Usage
	141153  -  Run Bytes Sent By Job
	32753  -  Run Bytes Received By Job
	141153  -  Total Bytes Sent By Job
	32753  -  Total Bytes Received By Job
	Partitionable Resources :    Usage  Request          
	   Cpus                 :                 1          
	   Disk (KB)            :     3353     3353          
	   Memory (MB)          :      195      195          
...
000 (265328.000.000) 04/28 00:01:21 Job submitted from host: <18.12.1.74:45694>
...
001 (265328.000.000) 04/28 00:02:17 Job executing on host: <18.12.8.164:48760>
...
006 (265328.000.000) 04/28 00:02:18 Image size of job updated: 1
	0  -  MemoryUsage of job (MB)
	0  -  ResidentSetSize of job (KB)
...
005 (265328.000.000) 04/28 00:02:18 Job terminated.
	(1) Normal termination (return value 1)
		Usr 0 00:00:00, Sys 0 00:00:00  -  Run Remote Usage
		Usr 0 00:00:00, Sys 0 00:00:00  -  Run Local Usage
		Usr 0 00:00:00, Sys 0 00:00:00  -  Total Remote Usage
		Usr 0 00:00:00, Sys 0 00:00:00  -  Total Local Usage
	1199  -  Run Bytes Sent By Job
	33265  -  Run Bytes Received By Job
	1199  -  Total Bytes Sent By Job
	33265  -  Total Bytes Received By Job
	Partitionable Resources :    Usage  Request          
	   Cpus                 :                 1          
	   Disk (KB)            :       56       56          
	   Memory (MB)          :        0        0          
...
000 (265435.000.000) 04/28 01:59:51 Job submitted from host: <18.12.1.74:45694>
...
001 (265435.000.000) 04/28 02:01:06 Job executing on host: <18.12.9.13:42190>
...
006 (265435.000.000) 04/28 02:01:14 Image size of job updated: 92712
	23  -  MemoryUsage of job (MB)
	22984  -  ResidentSetSize of job (KB)
...
006 (265435.000.000) 04/28 02:06:14 Image size of job updated: 247560
	104  -  MemoryUsage of job (MB)
	106372  -  ResidentSetSize of job (KB)
...
006 (265435.000.000) 04/28 02:11:14 Image size of job updated: 316408
	162  -  MemoryUsage of job (MB)
	165252  -  ResidentSetSize of job (KB)
...
006 (265435.000.000) 04/28 02:16:15 Image size of job updated: 319836
	165  -  MemoryUsage of job (MB)
	168544  -  ResidentSetSize of job (KB)
...
006 (265435.000.000) 04/28 02:21:15 Image size of job updated: 325748
	171  -  MemoryUsage of job (MB)
	174652  -  ResidentSetSize of job (KB)
...
006 (265435.000.000) 04/28 02:26:17 Image size of job updated: 332700
	178  -  MemoryUsage of job (MB)
	181604  -  ResidentSetSize of job (KB)
...
006 (265435.000.000) 04/28 02:31:17 Image size of job updated: 339620
	185  -  MemoryUsage of job (MB)
	188528  -  ResidentSetSize of job (KB)
...
006 (265435.000.000) 04/28 02:36:19 Image size of job updated: 345500
	190  -  MemoryUsage of job (MB)
	194412  -  ResidentSetSize of job (KB)
...
006 (265435.000.000) 04/28 02:41:19 Image size of job updated: 350496
	195  -  MemoryUsage of job (MB)
	199404  -  ResidentSetSize of job (KB)
...
006 (265435.000.000) 04/28 02:43:38 Image size of job updated: 352464
	195  -  MemoryUsage of job (MB)
	199404  -  ResidentSetSize of job (KB)
...
005 (265435.000.000) 04/28 02:43:38 Job terminated.
	(1) Normal termination (return value 0)
		Usr 0 00:38:59, Sys 0 00:01:12  -  Run Remote Usage
		Usr 0 00:00:00, Sys 0 00:00:00  -  Run Local Usage
		Usr 0 00:38:59, Sys 0 00:01:12  -  Total Remote Usage
		Usr 0 00:00:00, Sys 0 00:00:00  -  Total Local Usage
	141139  -  Run Bytes Sent By Job
	33279  -  Run Bytes Received By Job
	141139  -  Total Bytes Sent By Job
	33279  -  Total Bytes Received By Job
	Partitionable Resources :    Usage  Request          
	   Cpus                 :                 1          
	   Disk (KB)            :     3332     3332          
	   Memory (MB)          :      195      195          
...
