000 (263921.000.000) 04/26 04:23:04 Job submitted from host: <18.12.1.74:45694>
...
001 (263921.000.000) 04/26 04:24:18 Job executing on host: <18.12.8.57:47154>
...
006 (263921.000.000) 04/26 04:24:27 Image size of job updated: 1
	2  -  MemoryUsage of job (MB)
	1708  -  ResidentSetSize of job (KB)
...
006 (263921.000.000) 04/26 04:29:28 Image size of job updated: 211548
	105  -  MemoryUsage of job (MB)
	107076  -  ResidentSetSize of job (KB)
...
006 (263921.000.000) 04/26 04:34:28 Image size of job updated: 247944
	113  -  MemoryUsage of job (MB)
	115488  -  ResidentSetSize of job (KB)
...
006 (263921.000.000) 04/26 04:39:29 Image size of job updated: 248764
	114  -  MemoryUsage of job (MB)
	116464  -  ResidentSetSize of job (KB)
...
006 (263921.000.000) 04/26 04:44:29 Image size of job updated: 316684
	169  -  MemoryUsage of job (MB)
	172976  -  ResidentSetSize of job (KB)
...
006 (263921.000.000) 04/26 04:49:30 Image size of job updated: 318016
	171  -  MemoryUsage of job (MB)
	174308  -  ResidentSetSize of job (KB)
...
006 (263921.000.000) 04/26 04:54:30 Image size of job updated: 320616
	173  -  MemoryUsage of job (MB)
	176936  -  ResidentSetSize of job (KB)
...
006 (263921.000.000) 04/26 04:59:32 Image size of job updated: 324268
	173  -  MemoryUsage of job (MB)
	176936  -  ResidentSetSize of job (KB)
...
006 (263921.000.000) 04/26 05:04:32 Image size of job updated: 327720
	173  -  MemoryUsage of job (MB)
	176936  -  ResidentSetSize of job (KB)
...
006 (263921.000.000) 04/26 05:09:33 Image size of job updated: 331980
	174  -  MemoryUsage of job (MB)
	177968  -  ResidentSetSize of job (KB)
...
006 (263921.000.000) 04/26 05:14:33 Image size of job updated: 336216
	178  -  MemoryUsage of job (MB)
	182152  -  ResidentSetSize of job (KB)
...
006 (263921.000.000) 04/26 05:19:33 Image size of job updated: 340080
	182  -  MemoryUsage of job (MB)
	186024  -  ResidentSetSize of job (KB)
...
006 (263921.000.000) 04/26 05:24:34 Image size of job updated: 343924
	186  -  MemoryUsage of job (MB)
	189856  -  ResidentSetSize of job (KB)
...
006 (263921.000.000) 04/26 05:29:34 Image size of job updated: 347008
	189  -  MemoryUsage of job (MB)
	192936  -  ResidentSetSize of job (KB)
...
006 (263921.000.000) 04/26 05:34:35 Image size of job updated: 349720
	192  -  MemoryUsage of job (MB)
	195644  -  ResidentSetSize of job (KB)
...
006 (263921.000.000) 04/26 05:39:35 Image size of job updated: 352416
	194  -  MemoryUsage of job (MB)
	198340  -  ResidentSetSize of job (KB)
...
005 (263921.000.000) 04/26 05:40:06 Job terminated.
	(1) Normal termination (return value 0)
		Usr 0 01:04:37, Sys 0 00:04:38  -  Run Remote Usage
		Usr 0 00:00:00, Sys 0 00:00:00  -  Run Local Usage
		Usr 0 01:04:37, Sys 0 00:04:38  -  Total Remote Usage
		Usr 0 00:00:00, Sys 0 00:00:00  -  Total Local Usage
	141683  -  Run Bytes Sent By Job
	32753  -  Run Bytes Received By Job
	141683  -  Total Bytes Sent By Job
	32753  -  Total Bytes Received By Job
	Partitionable Resources :    Usage  Request          
	   Cpus                 :                 1          
	   Disk (KB)            :     3448     3448          
	   Memory (MB)          :      194      194          
...
000 (265330.000.000) 04/28 00:01:21 Job submitted from host: <18.12.1.74:45694>
...
001 (265330.000.000) 04/28 00:02:17 Job executing on host: <18.12.8.237:47300>
...
006 (265330.000.000) 04/28 00:02:18 Image size of job updated: 1
	0  -  MemoryUsage of job (MB)
	0  -  ResidentSetSize of job (KB)
...
005 (265330.000.000) 04/28 00:02:18 Job terminated.
	(1) Normal termination (return value 1)
		Usr 0 00:00:00, Sys 0 00:00:00  -  Run Remote Usage
		Usr 0 00:00:00, Sys 0 00:00:00  -  Run Local Usage
		Usr 0 00:00:00, Sys 0 00:00:00  -  Total Remote Usage
		Usr 0 00:00:00, Sys 0 00:00:00  -  Total Local Usage
	1200  -  Run Bytes Sent By Job
	33265  -  Run Bytes Received By Job
	1200  -  Total Bytes Sent By Job
	33265  -  Total Bytes Received By Job
	Partitionable Resources :    Usage  Request          
	   Cpus                 :                 1          
	   Disk (KB)            :       56       56          
	   Memory (MB)          :        0        0          
...
000 (265437.000.000) 04/28 01:59:52 Job submitted from host: <18.12.1.74:45694>
...
001 (265437.000.000) 04/28 02:01:06 Job executing on host: <18.12.12.4:49636>
...
006 (265437.000.000) 04/28 02:01:14 Image size of job updated: 1
	2  -  MemoryUsage of job (MB)
	1704  -  ResidentSetSize of job (KB)
...
006 (265437.000.000) 04/28 02:06:14 Image size of job updated: 247096
	104  -  MemoryUsage of job (MB)
	105908  -  ResidentSetSize of job (KB)
...
006 (265437.000.000) 04/28 02:11:15 Image size of job updated: 248404
	105  -  MemoryUsage of job (MB)
	107228  -  ResidentSetSize of job (KB)
...
006 (265437.000.000) 04/28 02:16:15 Image size of job updated: 316716
	163  -  MemoryUsage of job (MB)
	166080  -  ResidentSetSize of job (KB)
...
006 (265437.000.000) 04/28 02:21:17 Image size of job updated: 320704
	167  -  MemoryUsage of job (MB)
	170116  -  ResidentSetSize of job (KB)
...
006 (265437.000.000) 04/28 02:26:17 Image size of job updated: 325492
	171  -  MemoryUsage of job (MB)
	175092  -  ResidentSetSize of job (KB)
...
006 (265437.000.000) 04/28 02:31:17 Image size of job updated: 330128
	176  -  MemoryUsage of job (MB)
	179736  -  ResidentSetSize of job (KB)
...
006 (265437.000.000) 04/28 02:36:18 Image size of job updated: 335940
	182  -  MemoryUsage of job (MB)
	185552  -  ResidentSetSize of job (KB)
...
006 (265437.000.000) 04/28 02:41:18 Image size of job updated: 340980
	187  -  MemoryUsage of job (MB)
	190588  -  ResidentSetSize of job (KB)
...
006 (265437.000.000) 04/28 02:46:20 Image size of job updated: 345608
	191  -  MemoryUsage of job (MB)
	195216  -  ResidentSetSize of job (KB)
...
006 (265437.000.000) 04/28 02:51:20 Image size of job updated: 349064
	194  -  MemoryUsage of job (MB)
	198156  -  ResidentSetSize of job (KB)
...
006 (265437.000.000) 04/28 02:56:22 Image size of job updated: 352536
	197  -  MemoryUsage of job (MB)
	201624  -  ResidentSetSize of job (KB)
...
005 (265437.000.000) 04/28 02:57:01 Job terminated.
	(1) Normal termination (return value 0)
		Usr 0 00:51:27, Sys 0 00:01:19  -  Run Remote Usage
		Usr 0 00:00:00, Sys 0 00:00:00  -  Run Local Usage
		Usr 0 00:51:27, Sys 0 00:01:19  -  Total Remote Usage
		Usr 0 00:00:00, Sys 0 00:00:00  -  Total Local Usage
	140999  -  Run Bytes Sent By Job
	33279  -  Run Bytes Received By Job
	140999  -  Total Bytes Sent By Job
	33279  -  Total Bytes Received By Job
	Partitionable Resources :    Usage  Request          
	   Cpus                 :                 1          
	   Disk (KB)            :     3492     3492          
	   Memory (MB)          :      197      197          
...
