000 (263960.000.000) 04/26 04:23:08 Job submitted from host: <18.12.1.74:45694>
...
001 (263960.000.000) 04/26 04:24:20 Job executing on host: <18.12.8.155:44891>
...
006 (263960.000.000) 04/26 04:24:28 Image size of job updated: 1
	2  -  MemoryUsage of job (MB)
	1708  -  ResidentSetSize of job (KB)
...
006 (263960.000.000) 04/26 04:29:29 Image size of job updated: 247056
	112  -  MemoryUsage of job (MB)
	114536  -  ResidentSetSize of job (KB)
...
006 (263960.000.000) 04/26 04:34:29 Image size of job updated: 248356
	112  -  MemoryUsage of job (MB)
	114536  -  ResidentSetSize of job (KB)
...
006 (263960.000.000) 04/26 04:39:31 Image size of job updated: 316180
	161  -  MemoryUsage of job (MB)
	164760  -  ResidentSetSize of job (KB)
...
006 (263960.000.000) 04/26 04:44:31 Image size of job updated: 317800
	163  -  MemoryUsage of job (MB)
	166488  -  ResidentSetSize of job (KB)
...
006 (263960.000.000) 04/26 04:49:32 Image size of job updated: 320232
	165  -  MemoryUsage of job (MB)
	168408  -  ResidentSetSize of job (KB)
...
006 (263960.000.000) 04/26 04:54:32 Image size of job updated: 323740
	169  -  MemoryUsage of job (MB)
	172052  -  ResidentSetSize of job (KB)
...
006 (263960.000.000) 04/26 04:59:33 Image size of job updated: 327544
	172  -  MemoryUsage of job (MB)
	175860  -  ResidentSetSize of job (KB)
...
006 (263960.000.000) 04/26 05:04:33 Image size of job updated: 331736
	175  -  MemoryUsage of job (MB)
	179176  -  ResidentSetSize of job (KB)
...
006 (263960.000.000) 04/26 05:09:34 Image size of job updated: 336800
	180  -  MemoryUsage of job (MB)
	183508  -  ResidentSetSize of job (KB)
...
006 (263960.000.000) 04/26 05:14:34 Image size of job updated: 341436
	184  -  MemoryUsage of job (MB)
	188148  -  ResidentSetSize of job (KB)
...
006 (263960.000.000) 04/26 05:19:35 Image size of job updated: 345680
	188  -  MemoryUsage of job (MB)
	192392  -  ResidentSetSize of job (KB)
...
006 (263960.000.000) 04/26 05:24:35 Image size of job updated: 349524
	192  -  MemoryUsage of job (MB)
	196236  -  ResidentSetSize of job (KB)
...
006 (263960.000.000) 04/26 05:28:04 Image size of job updated: 352224
	192  -  MemoryUsage of job (MB)
	196236  -  ResidentSetSize of job (KB)
...
005 (263960.000.000) 04/26 05:28:04 Job terminated.
	(1) Normal termination (return value 0)
		Usr 0 01:00:38, Sys 0 00:01:58  -  Run Remote Usage
		Usr 0 00:00:00, Sys 0 00:00:00  -  Run Local Usage
		Usr 0 01:00:38, Sys 0 00:01:58  -  Total Remote Usage
		Usr 0 00:00:00, Sys 0 00:00:00  -  Total Local Usage
	142083  -  Run Bytes Sent By Job
	32753  -  Run Bytes Received By Job
	142083  -  Total Bytes Sent By Job
	32753  -  Total Bytes Received By Job
	Partitionable Resources :    Usage  Request          
	   Cpus                 :                 1          
	   Disk (KB)            :     3233     3233          
	   Memory (MB)          :      192      192          
...
000 (265369.000.000) 04/28 00:01:26 Job submitted from host: <18.12.1.74:45694>
...
001 (265369.000.000) 04/28 00:02:20 Job executing on host: <18.12.8.254:42117>
...
006 (265369.000.000) 04/28 00:02:20 Image size of job updated: 117832
	0  -  MemoryUsage of job (MB)
	0  -  ResidentSetSize of job (KB)
...
005 (265369.000.000) 04/28 00:02:20 Job terminated.
	(1) Normal termination (return value 1)
		Usr 0 00:00:00, Sys 0 00:00:00  -  Run Remote Usage
		Usr 0 00:00:00, Sys 0 00:00:00  -  Run Local Usage
		Usr 0 00:00:00, Sys 0 00:00:00  -  Total Remote Usage
		Usr 0 00:00:00, Sys 0 00:00:00  -  Total Local Usage
	1203  -  Run Bytes Sent By Job
	33265  -  Run Bytes Received By Job
	1203  -  Total Bytes Sent By Job
	33265  -  Total Bytes Received By Job
	Partitionable Resources :    Usage  Request          
	   Cpus                 :                 1          
	   Disk (KB)            :       56       56          
	   Memory (MB)          :        0        0          
...
000 (265476.000.000) 04/28 01:59:57 Job submitted from host: <18.12.1.74:45694>
...
001 (265476.000.000) 04/28 02:01:09 Job executing on host: <18.12.8.216:47884>
...
006 (265476.000.000) 04/28 02:01:18 Image size of job updated: 1
	2  -  MemoryUsage of job (MB)
	1720  -  ResidentSetSize of job (KB)
...
006 (265476.000.000) 04/28 02:06:20 Image size of job updated: 247992
	113  -  MemoryUsage of job (MB)
	115592  -  ResidentSetSize of job (KB)
...
006 (265476.000.000) 04/28 02:11:20 Image size of job updated: 316548
	169  -  MemoryUsage of job (MB)
	173036  -  ResidentSetSize of job (KB)
...
006 (265476.000.000) 04/28 02:16:21 Image size of job updated: 320296
	173  -  MemoryUsage of job (MB)
	176664  -  ResidentSetSize of job (KB)
...
006 (265476.000.000) 04/28 02:21:21 Image size of job updated: 326080
	179  -  MemoryUsage of job (MB)
	182756  -  ResidentSetSize of job (KB)
...
006 (265476.000.000) 04/28 02:26:21 Image size of job updated: 332992
	186  -  MemoryUsage of job (MB)
	189668  -  ResidentSetSize of job (KB)
...
006 (265476.000.000) 04/28 02:31:21 Image size of job updated: 340384
	193  -  MemoryUsage of job (MB)
	197060  -  ResidentSetSize of job (KB)
...
006 (265476.000.000) 04/28 02:36:21 Image size of job updated: 346576
	199  -  MemoryUsage of job (MB)
	203252  -  ResidentSetSize of job (KB)
...
006 (265476.000.000) 04/28 02:41:21 Image size of job updated: 351980
	204  -  MemoryUsage of job (MB)
	208656  -  ResidentSetSize of job (KB)
...
006 (265476.000.000) 04/28 02:41:35 Image size of job updated: 352352
	204  -  MemoryUsage of job (MB)
	208656  -  ResidentSetSize of job (KB)
...
005 (265476.000.000) 04/28 02:41:35 Job terminated.
	(1) Normal termination (return value 0)
		Usr 0 00:37:40, Sys 0 00:01:08  -  Run Remote Usage
		Usr 0 00:00:00, Sys 0 00:00:00  -  Run Local Usage
		Usr 0 00:37:40, Sys 0 00:01:08  -  Total Remote Usage
		Usr 0 00:00:00, Sys 0 00:00:00  -  Total Local Usage
	140983  -  Run Bytes Sent By Job
	33279  -  Run Bytes Received By Job
	140983  -  Total Bytes Sent By Job
	33279  -  Total Bytes Received By Job
	Partitionable Resources :    Usage  Request          
	   Cpus                 :                 1          
	   Disk (KB)            :     3505     3505          
	   Memory (MB)          :      204      204          
...
