000 (263939.000.000) 04/26 04:23:06 Job submitted from host: <18.12.1.74:45694>
...
001 (263939.000.000) 04/26 04:24:19 Job executing on host: <18.12.8.162:41241>
...
006 (263939.000.000) 04/26 04:24:27 Image size of job updated: 211544
	105  -  MemoryUsage of job (MB)
	107032  -  ResidentSetSize of job (KB)
...
006 (263939.000.000) 04/26 04:29:27 Image size of job updated: 247524
	113  -  MemoryUsage of job (MB)
	115128  -  ResidentSetSize of job (KB)
...
006 (263939.000.000) 04/26 04:34:28 Image size of job updated: 316320
	169  -  MemoryUsage of job (MB)
	172556  -  ResidentSetSize of job (KB)
...
006 (263939.000.000) 04/26 04:39:28 Image size of job updated: 317876
	171  -  MemoryUsage of job (MB)
	174336  -  ResidentSetSize of job (KB)
...
006 (263939.000.000) 04/26 04:44:30 Image size of job updated: 322020
	175  -  MemoryUsage of job (MB)
	178764  -  ResidentSetSize of job (KB)
...
006 (263939.000.000) 04/26 04:49:30 Image size of job updated: 327588
	180  -  MemoryUsage of job (MB)
	184220  -  ResidentSetSize of job (KB)
...
006 (263939.000.000) 04/26 04:54:31 Image size of job updated: 333704
	186  -  MemoryUsage of job (MB)
	190336  -  ResidentSetSize of job (KB)
...
006 (263939.000.000) 04/26 04:59:31 Image size of job updated: 341096
	194  -  MemoryUsage of job (MB)
	197728  -  ResidentSetSize of job (KB)
...
006 (263939.000.000) 04/26 05:04:31 Image size of job updated: 346884
	199  -  MemoryUsage of job (MB)
	203516  -  ResidentSetSize of job (KB)
...
006 (263939.000.000) 04/26 05:09:31 Image size of job updated: 351500
	204  -  MemoryUsage of job (MB)
	208132  -  ResidentSetSize of job (KB)
...
006 (263939.000.000) 04/26 05:10:29 Image size of job updated: 352280
	204  -  MemoryUsage of job (MB)
	208132  -  ResidentSetSize of job (KB)
...
005 (263939.000.000) 04/26 05:10:29 Job terminated.
	(1) Normal termination (return value 0)
		Usr 0 00:43:40, Sys 0 00:01:16  -  Run Remote Usage
		Usr 0 00:00:00, Sys 0 00:00:00  -  Run Local Usage
		Usr 0 00:43:40, Sys 0 00:01:16  -  Total Remote Usage
		Usr 0 00:00:00, Sys 0 00:00:00  -  Total Local Usage
	142028  -  Run Bytes Sent By Job
	32753  -  Run Bytes Received By Job
	142028  -  Total Bytes Sent By Job
	32753  -  Total Bytes Received By Job
	Partitionable Resources :    Usage  Request          
	   Cpus                 :                 1          
	   Disk (KB)            :     3400     3400          
	   Memory (MB)          :      204      204          
...
000 (265348.000.000) 04/28 00:01:23 Job submitted from host: <18.12.1.74:45694>
...
001 (265348.000.000) 04/28 00:02:19 Job executing on host: <18.12.9.10:40146>
...
006 (265348.000.000) 04/28 00:02:20 Image size of job updated: 1
	0  -  MemoryUsage of job (MB)
	0  -  ResidentSetSize of job (KB)
...
005 (265348.000.000) 04/28 00:02:20 Job terminated.
	(1) Normal termination (return value 1)
		Usr 0 00:00:00, Sys 0 00:00:00  -  Run Remote Usage
		Usr 0 00:00:00, Sys 0 00:00:00  -  Run Local Usage
		Usr 0 00:00:00, Sys 0 00:00:00  -  Total Remote Usage
		Usr 0 00:00:00, Sys 0 00:00:00  -  Total Local Usage
	1203  -  Run Bytes Sent By Job
	33265  -  Run Bytes Received By Job
	1203  -  Total Bytes Sent By Job
	33265  -  Total Bytes Received By Job
	Partitionable Resources :    Usage  Request          
	   Cpus                 :                 1          
	   Disk (KB)            :       56       56          
	   Memory (MB)          :        0        0          
...
000 (265455.000.000) 04/28 01:59:54 Job submitted from host: <18.12.1.74:45694>
...
001 (265455.000.000) 04/28 02:01:08 Job executing on host: <18.12.8.232:49928>
...
006 (265455.000.000) 04/28 02:01:16 Image size of job updated: 69572
	14  -  MemoryUsage of job (MB)
	13704  -  ResidentSetSize of job (KB)
...
006 (265455.000.000) 04/28 02:06:16 Image size of job updated: 247564
	104  -  MemoryUsage of job (MB)
	106372  -  ResidentSetSize of job (KB)
...
006 (265455.000.000) 04/28 02:11:17 Image size of job updated: 316596
	162  -  MemoryUsage of job (MB)
	165304  -  ResidentSetSize of job (KB)
...
006 (265455.000.000) 04/28 02:16:17 Image size of job updated: 319452
	165  -  MemoryUsage of job (MB)
	168212  -  ResidentSetSize of job (KB)
...
006 (265455.000.000) 04/28 02:21:19 Image size of job updated: 325364
	171  -  MemoryUsage of job (MB)
	174256  -  ResidentSetSize of job (KB)
...
006 (265455.000.000) 04/28 02:26:19 Image size of job updated: 332324
	177  -  MemoryUsage of job (MB)
	181220  -  ResidentSetSize of job (KB)
...
006 (265455.000.000) 04/28 02:31:20 Image size of job updated: 340444
	185  -  MemoryUsage of job (MB)
	189336  -  ResidentSetSize of job (KB)
...
006 (265455.000.000) 04/28 02:36:20 Image size of job updated: 347400
	192  -  MemoryUsage of job (MB)
	196292  -  ResidentSetSize of job (KB)
...
006 (265455.000.000) 04/28 02:41:20 Image size of job updated: 352428
	197  -  MemoryUsage of job (MB)
	200800  -  ResidentSetSize of job (KB)
...
005 (265455.000.000) 04/28 02:41:28 Job terminated.
	(1) Normal termination (return value 0)
		Usr 0 00:36:46, Sys 0 00:01:07  -  Run Remote Usage
		Usr 0 00:00:00, Sys 0 00:00:00  -  Run Local Usage
		Usr 0 00:36:46, Sys 0 00:01:07  -  Total Remote Usage
		Usr 0 00:00:00, Sys 0 00:00:00  -  Total Local Usage
	140916  -  Run Bytes Sent By Job
	33279  -  Run Bytes Received By Job
	140916  -  Total Bytes Sent By Job
	33279  -  Total Bytes Received By Job
	Partitionable Resources :    Usage  Request          
	   Cpus                 :                 1          
	   Disk (KB)            :     3511     3511          
	   Memory (MB)          :      197      197          
...
