000 (263962.000.000) 04/26 04:23:08 Job submitted from host: <18.12.1.74:45694>
...
001 (263962.000.000) 04/26 04:24:43 Job executing on host: <18.12.8.138:41314>
...
006 (263962.000.000) 04/26 04:24:51 Image size of job updated: 1
	2  -  MemoryUsage of job (MB)
	1724  -  ResidentSetSize of job (KB)
...
006 (263962.000.000) 04/26 04:29:52 Image size of job updated: 247536
	115  -  MemoryUsage of job (MB)
	117120  -  ResidentSetSize of job (KB)
...
006 (263962.000.000) 04/26 04:34:52 Image size of job updated: 314464
	167  -  MemoryUsage of job (MB)
	170888  -  ResidentSetSize of job (KB)
...
006 (263962.000.000) 04/26 04:39:53 Image size of job updated: 317924
	173  -  MemoryUsage of job (MB)
	176312  -  ResidentSetSize of job (KB)
...
006 (263962.000.000) 04/26 04:44:53 Image size of job updated: 320520
	175  -  MemoryUsage of job (MB)
	178944  -  ResidentSetSize of job (KB)
...
006 (263962.000.000) 04/26 04:49:53 Image size of job updated: 324412
	179  -  MemoryUsage of job (MB)
	183112  -  ResidentSetSize of job (KB)
...
006 (263962.000.000) 04/26 04:54:53 Image size of job updated: 329032
	184  -  MemoryUsage of job (MB)
	187728  -  ResidentSetSize of job (KB)
...
006 (263962.000.000) 04/26 04:59:58 Image size of job updated: 334816
	189  -  MemoryUsage of job (MB)
	193480  -  ResidentSetSize of job (KB)
...
006 (263962.000.000) 04/26 05:04:54 Image size of job updated: 339772
	194  -  MemoryUsage of job (MB)
	198436  -  ResidentSetSize of job (KB)
...
006 (263962.000.000) 04/26 05:09:58 Image size of job updated: 344572
	194  -  MemoryUsage of job (MB)
	198436  -  ResidentSetSize of job (KB)
...
006 (263962.000.000) 04/26 05:14:56 Image size of job updated: 348432
	194  -  MemoryUsage of job (MB)
	198436  -  ResidentSetSize of job (KB)
...
006 (263962.000.000) 04/26 05:19:54 Image size of job updated: 352304
	194  -  MemoryUsage of job (MB)
	198436  -  ResidentSetSize of job (KB)
...
005 (263962.000.000) 04/26 05:19:54 Job terminated.
	(1) Normal termination (return value 0)
		Usr 0 00:50:52, Sys 0 00:03:00  -  Run Remote Usage
		Usr 0 00:00:00, Sys 0 00:00:00  -  Run Local Usage
		Usr 0 00:50:52, Sys 0 00:03:00  -  Total Remote Usage
		Usr 0 00:00:00, Sys 0 00:00:00  -  Total Local Usage
	141049  -  Run Bytes Sent By Job
	32753  -  Run Bytes Received By Job
	141049  -  Total Bytes Sent By Job
	32753  -  Total Bytes Received By Job
	Partitionable Resources :    Usage  Request          
	   Cpus                 :                 1          
	   Disk (KB)            :     3119     3119          
	   Memory (MB)          :      194      194          
...
000 (265371.000.000) 04/28 00:01:26 Job submitted from host: <18.12.1.74:45694>
...
001 (265371.000.000) 04/28 00:02:20 Job executing on host: <18.12.8.228:44526>
...
006 (265371.000.000) 04/28 00:02:20 Image size of job updated: 1
	0  -  MemoryUsage of job (MB)
	0  -  ResidentSetSize of job (KB)
...
005 (265371.000.000) 04/28 00:02:21 Job terminated.
	(1) Normal termination (return value 1)
		Usr 0 00:00:00, Sys 0 00:00:00  -  Run Remote Usage
		Usr 0 00:00:00, Sys 0 00:00:00  -  Run Local Usage
		Usr 0 00:00:00, Sys 0 00:00:00  -  Total Remote Usage
		Usr 0 00:00:00, Sys 0 00:00:00  -  Total Local Usage
	1203  -  Run Bytes Sent By Job
	33265  -  Run Bytes Received By Job
	1203  -  Total Bytes Sent By Job
	33265  -  Total Bytes Received By Job
	Partitionable Resources :    Usage  Request          
	   Cpus                 :                 1          
	   Disk (KB)            :       56       56          
	   Memory (MB)          :        0        0          
...
000 (265478.000.000) 04/28 01:59:57 Job submitted from host: <18.12.1.74:45694>
...
001 (265478.000.000) 04/28 02:01:09 Job executing on host: <18.12.8.243:44234>
...
006 (265478.000.000) 04/28 02:01:17 Image size of job updated: 211512
	105  -  MemoryUsage of job (MB)
	106924  -  ResidentSetSize of job (KB)
...
006 (265478.000.000) 04/28 02:06:17 Image size of job updated: 247992
	113  -  MemoryUsage of job (MB)
	115568  -  ResidentSetSize of job (KB)
...
006 (265478.000.000) 04/28 02:11:18 Image size of job updated: 316652
	169  -  MemoryUsage of job (MB)
	173024  -  ResidentSetSize of job (KB)
...
006 (265478.000.000) 04/28 02:16:19 Image size of job updated: 320632
	173  -  MemoryUsage of job (MB)
	177036  -  ResidentSetSize of job (KB)
...
006 (265478.000.000) 04/28 02:21:19 Image size of job updated: 326404
	179  -  MemoryUsage of job (MB)
	183092  -  ResidentSetSize of job (KB)
...
006 (265478.000.000) 04/28 02:26:21 Image size of job updated: 332996
	186  -  MemoryUsage of job (MB)
	189704  -  ResidentSetSize of job (KB)
...
006 (265478.000.000) 04/28 02:31:21 Image size of job updated: 339884
	192  -  MemoryUsage of job (MB)
	196588  -  ResidentSetSize of job (KB)
...
006 (265478.000.000) 04/28 02:36:22 Image size of job updated: 345468
	198  -  MemoryUsage of job (MB)
	202076  -  ResidentSetSize of job (KB)
...
006 (265478.000.000) 04/28 02:41:22 Image size of job updated: 350488
	203  -  MemoryUsage of job (MB)
	207096  -  ResidentSetSize of job (KB)
...
006 (265478.000.000) 04/28 02:43:39 Image size of job updated: 352420
	203  -  MemoryUsage of job (MB)
	207096  -  ResidentSetSize of job (KB)
...
005 (265478.000.000) 04/28 02:43:40 Job terminated.
	(1) Normal termination (return value 0)
		Usr 0 00:39:48, Sys 0 00:01:10  -  Run Remote Usage
		Usr 0 00:00:00, Sys 0 00:00:00  -  Run Local Usage
		Usr 0 00:39:48, Sys 0 00:01:10  -  Total Remote Usage
		Usr 0 00:00:00, Sys 0 00:00:00  -  Total Local Usage
	140958  -  Run Bytes Sent By Job
	33279  -  Run Bytes Received By Job
	140958  -  Total Bytes Sent By Job
	33279  -  Total Bytes Received By Job
	Partitionable Resources :    Usage  Request          
	   Cpus                 :                 1          
	   Disk (KB)            :     3327     3327          
	   Memory (MB)          :      203      203          
...
