000 (263923.000.000) 04/26 04:23:04 Job submitted from host: <18.12.1.74:45694>
...
001 (263923.000.000) 04/26 04:24:17 Job executing on host: <18.12.12.4:49636>
...
006 (263923.000.000) 04/26 04:24:26 Image size of job updated: 1
	2  -  MemoryUsage of job (MB)
	1708  -  ResidentSetSize of job (KB)
...
006 (263923.000.000) 04/26 04:29:26 Image size of job updated: 247532
	113  -  MemoryUsage of job (MB)
	115124  -  ResidentSetSize of job (KB)
...
006 (263923.000.000) 04/26 04:34:26 Image size of job updated: 248364
	114  -  MemoryUsage of job (MB)
	115944  -  ResidentSetSize of job (KB)
...
006 (263923.000.000) 04/26 04:39:27 Image size of job updated: 316580
	167  -  MemoryUsage of job (MB)
	170780  -  ResidentSetSize of job (KB)
...
006 (263923.000.000) 04/26 04:44:27 Image size of job updated: 317912
	169  -  MemoryUsage of job (MB)
	172100  -  ResidentSetSize of job (KB)
...
006 (263923.000.000) 04/26 04:49:28 Image size of job updated: 320792
	171  -  MemoryUsage of job (MB)
	174164  -  ResidentSetSize of job (KB)
...
006 (263923.000.000) 04/26 04:54:28 Image size of job updated: 324280
	171  -  MemoryUsage of job (MB)
	174164  -  ResidentSetSize of job (KB)
...
006 (263923.000.000) 04/26 04:59:30 Image size of job updated: 328124
	171  -  MemoryUsage of job (MB)
	174504  -  ResidentSetSize of job (KB)
...
006 (263923.000.000) 04/26 05:04:30 Image size of job updated: 332372
	175  -  MemoryUsage of job (MB)
	178748  -  ResidentSetSize of job (KB)
...
006 (263923.000.000) 04/26 05:09:32 Image size of job updated: 336980
	179  -  MemoryUsage of job (MB)
	183040  -  ResidentSetSize of job (KB)
...
006 (263923.000.000) 04/26 05:14:32 Image size of job updated: 340844
	183  -  MemoryUsage of job (MB)
	186900  -  ResidentSetSize of job (KB)
...
006 (263923.000.000) 04/26 05:19:32 Image size of job updated: 344644
	187  -  MemoryUsage of job (MB)
	190716  -  ResidentSetSize of job (KB)
...
006 (263923.000.000) 04/26 05:24:33 Image size of job updated: 348132
	190  -  MemoryUsage of job (MB)
	194196  -  ResidentSetSize of job (KB)
...
006 (263923.000.000) 04/26 05:29:33 Image size of job updated: 351584
	194  -  MemoryUsage of job (MB)
	197640  -  ResidentSetSize of job (KB)
...
006 (263923.000.000) 04/26 05:30:45 Image size of job updated: 352416
	194  -  MemoryUsage of job (MB)
	197640  -  ResidentSetSize of job (KB)
...
005 (263923.000.000) 04/26 05:30:45 Job terminated.
	(1) Normal termination (return value 0)
		Usr 0 01:03:09, Sys 0 00:02:00  -  Run Remote Usage
		Usr 0 00:00:00, Sys 0 00:00:00  -  Run Local Usage
		Usr 0 01:03:09, Sys 0 00:02:00  -  Total Remote Usage
		Usr 0 00:00:00, Sys 0 00:00:00  -  Total Local Usage
	140978  -  Run Bytes Sent By Job
	32753  -  Run Bytes Received By Job
	140978  -  Total Bytes Sent By Job
	32753  -  Total Bytes Received By Job
	Partitionable Resources :    Usage  Request          
	   Cpus                 :                 1          
	   Disk (KB)            :     3426     3426          
	   Memory (MB)          :      194      194          
...
000 (265332.000.000) 04/28 00:01:21 Job submitted from host: <18.12.1.74:45694>
...
001 (265332.000.000) 04/28 00:02:18 Job executing on host: <18.12.8.192:43504>
...
006 (265332.000.000) 04/28 00:02:18 Image size of job updated: 1
	0  -  MemoryUsage of job (MB)
	0  -  ResidentSetSize of job (KB)
...
005 (265332.000.000) 04/28 00:02:19 Job terminated.
	(1) Normal termination (return value 1)
		Usr 0 00:00:00, Sys 0 00:00:00  -  Run Remote Usage
		Usr 0 00:00:00, Sys 0 00:00:00  -  Run Local Usage
		Usr 0 00:00:00, Sys 0 00:00:00  -  Total Remote Usage
		Usr 0 00:00:00, Sys 0 00:00:00  -  Total Local Usage
	1203  -  Run Bytes Sent By Job
	33265  -  Run Bytes Received By Job
	1203  -  Total Bytes Sent By Job
	33265  -  Total Bytes Received By Job
	Partitionable Resources :    Usage  Request          
	   Cpus                 :                 1          
	   Disk (KB)            :       56       56          
	   Memory (MB)          :        0        0          
...
000 (265439.000.000) 04/28 01:59:52 Job submitted from host: <18.12.1.74:45694>
...
001 (265439.000.000) 04/28 02:01:06 Job executing on host: <18.12.9.40:46059>
...
006 (265439.000.000) 04/28 02:01:14 Image size of job updated: 64936
	14  -  MemoryUsage of job (MB)
	13344  -  ResidentSetSize of job (KB)
...
006 (265439.000.000) 04/28 02:06:15 Image size of job updated: 211384
	105  -  MemoryUsage of job (MB)
	106932  -  ResidentSetSize of job (KB)
...
006 (265439.000.000) 04/28 02:11:15 Image size of job updated: 247988
	114  -  MemoryUsage of job (MB)
	116392  -  ResidentSetSize of job (KB)
...
006 (265439.000.000) 04/28 02:16:15 Image size of job updated: 248820
	115  -  MemoryUsage of job (MB)
	117380  -  ResidentSetSize of job (KB)
...
006 (265439.000.000) 04/28 02:21:16 Image size of job updated: 316584
	170  -  MemoryUsage of job (MB)
	173836  -  ResidentSetSize of job (KB)
...
006 (265439.000.000) 04/28 02:26:16 Image size of job updated: 319248
	173  -  MemoryUsage of job (MB)
	176500  -  ResidentSetSize of job (KB)
...
006 (265439.000.000) 04/28 02:31:17 Image size of job updated: 322360
	176  -  MemoryUsage of job (MB)
	179696  -  ResidentSetSize of job (KB)
...
006 (265439.000.000) 04/28 02:36:17 Image size of job updated: 326264
	180  -  MemoryUsage of job (MB)
	183600  -  ResidentSetSize of job (KB)
...
006 (265439.000.000) 04/28 02:41:18 Image size of job updated: 329748
	183  -  MemoryUsage of job (MB)
	186568  -  ResidentSetSize of job (KB)
...
006 (265439.000.000) 04/28 02:46:18 Image size of job updated: 333960
	187  -  MemoryUsage of job (MB)
	190780  -  ResidentSetSize of job (KB)
...
006 (265439.000.000) 04/28 02:51:19 Image size of job updated: 338236
	191  -  MemoryUsage of job (MB)
	195056  -  ResidentSetSize of job (KB)
...
006 (265439.000.000) 04/28 02:56:19 Image size of job updated: 341664
	194  -  MemoryUsage of job (MB)
	198380  -  ResidentSetSize of job (KB)
...
006 (265439.000.000) 04/28 03:01:20 Image size of job updated: 345144
	198  -  MemoryUsage of job (MB)
	201880  -  ResidentSetSize of job (KB)
...
006 (265439.000.000) 04/28 03:06:20 Image size of job updated: 347904
	200  -  MemoryUsage of job (MB)
	204640  -  ResidentSetSize of job (KB)
...
006 (265439.000.000) 04/28 03:11:22 Image size of job updated: 350620
	203  -  MemoryUsage of job (MB)
	207356  -  ResidentSetSize of job (KB)
...
006 (265439.000.000) 04/28 03:15:34 Image size of job updated: 352544
	203  -  MemoryUsage of job (MB)
	207356  -  ResidentSetSize of job (KB)
...
005 (265439.000.000) 04/28 03:15:34 Job terminated.
	(1) Normal termination (return value 0)
		Usr 0 00:41:36, Sys 0 00:01:16  -  Run Remote Usage
		Usr 0 00:00:00, Sys 0 00:00:00  -  Run Local Usage
		Usr 0 00:41:36, Sys 0 00:01:16  -  Total Remote Usage
		Usr 0 00:00:00, Sys 0 00:00:00  -  Total Local Usage
	141022  -  Run Bytes Sent By Job
	33279  -  Run Bytes Received By Job
	141022  -  Total Bytes Sent By Job
	33279  -  Total Bytes Received By Job
	Partitionable Resources :    Usage  Request          
	   Cpus                 :                 1          
	   Disk (KB)            :     3341     3341          
	   Memory (MB)          :      203      203          
...
