000 (263929.000.000) 04/26 04:23:05 Job submitted from host: <18.12.1.74:45694>
...
001 (263929.000.000) 04/26 04:24:18 Job executing on host: <18.12.8.116:40365>
...
006 (263929.000.000) 04/26 04:24:26 Image size of job updated: 1
	2  -  MemoryUsage of job (MB)
	1704  -  ResidentSetSize of job (KB)
...
006 (263929.000.000) 04/26 04:29:26 Image size of job updated: 247532
	113  -  MemoryUsage of job (MB)
	115096  -  ResidentSetSize of job (KB)
...
006 (263929.000.000) 04/26 04:34:27 Image size of job updated: 248776
	114  -  MemoryUsage of job (MB)
	116492  -  ResidentSetSize of job (KB)
...
006 (263929.000.000) 04/26 04:39:27 Image size of job updated: 317920
	171  -  MemoryUsage of job (MB)
	174344  -  ResidentSetSize of job (KB)
...
006 (263929.000.000) 04/26 04:44:28 Image size of job updated: 319788
	172  -  MemoryUsage of job (MB)
	175440  -  ResidentSetSize of job (KB)
...
006 (263929.000.000) 04/26 04:49:28 Image size of job updated: 323652
	175  -  MemoryUsage of job (MB)
	178880  -  ResidentSetSize of job (KB)
...
006 (263929.000.000) 04/26 04:54:30 Image size of job updated: 328400
	175  -  MemoryUsage of job (MB)
	178880  -  ResidentSetSize of job (KB)
...
006 (263929.000.000) 04/26 04:59:30 Image size of job updated: 333756
	177  -  MemoryUsage of job (MB)
	180412  -  ResidentSetSize of job (KB)
...
006 (263929.000.000) 04/26 05:04:31 Image size of job updated: 339176
	180  -  MemoryUsage of job (MB)
	183372  -  ResidentSetSize of job (KB)
...
006 (263929.000.000) 04/26 05:09:31 Image size of job updated: 343828
	184  -  MemoryUsage of job (MB)
	188012  -  ResidentSetSize of job (KB)
...
006 (263929.000.000) 04/26 05:14:31 Image size of job updated: 348044
	188  -  MemoryUsage of job (MB)
	192224  -  ResidentSetSize of job (KB)
...
006 (263929.000.000) 04/26 05:19:32 Image size of job updated: 351848
	192  -  MemoryUsage of job (MB)
	196032  -  ResidentSetSize of job (KB)
...
006 (263929.000.000) 04/26 05:20:13 Image size of job updated: 352284
	192  -  MemoryUsage of job (MB)
	196032  -  ResidentSetSize of job (KB)
...
005 (263929.000.000) 04/26 05:20:13 Job terminated.
	(1) Normal termination (return value 0)
		Usr 0 00:51:06, Sys 0 00:03:22  -  Run Remote Usage
		Usr 0 00:00:00, Sys 0 00:00:00  -  Run Local Usage
		Usr 0 00:51:06, Sys 0 00:03:22  -  Total Remote Usage
		Usr 0 00:00:00, Sys 0 00:00:00  -  Total Local Usage
	141715  -  Run Bytes Sent By Job
	32753  -  Run Bytes Received By Job
	141715  -  Total Bytes Sent By Job
	32753  -  Total Bytes Received By Job
	Partitionable Resources :    Usage  Request          
	   Cpus                 :                 1          
	   Disk (KB)            :     3431     3431          
	   Memory (MB)          :      192      192          
...
000 (265338.000.000) 04/28 00:01:22 Job submitted from host: <18.12.1.74:45694>
...
001 (265338.000.000) 04/28 00:02:20 Job executing on host: <18.12.12.15:46789>
...
006 (265338.000.000) 04/28 00:02:21 Image size of job updated: 1
	0  -  MemoryUsage of job (MB)
	0  -  ResidentSetSize of job (KB)
...
005 (265338.000.000) 04/28 00:02:21 Job terminated.
	(1) Normal termination (return value 1)
		Usr 0 00:00:00, Sys 0 00:00:00  -  Run Remote Usage
		Usr 0 00:00:00, Sys 0 00:00:00  -  Run Local Usage
		Usr 0 00:00:00, Sys 0 00:00:00  -  Total Remote Usage
		Usr 0 00:00:00, Sys 0 00:00:00  -  Total Local Usage
	1202  -  Run Bytes Sent By Job
	33265  -  Run Bytes Received By Job
	1202  -  Total Bytes Sent By Job
	33265  -  Total Bytes Received By Job
	Partitionable Resources :    Usage  Request          
	   Cpus                 :                 1          
	   Disk (KB)            :       56       56          
	   Memory (MB)          :        0        0          
...
000 (265445.000.000) 04/28 01:59:53 Job submitted from host: <18.12.1.74:45694>
...
001 (265445.000.000) 04/28 02:01:08 Job executing on host: <18.12.8.208:48906>
...
006 (265445.000.000) 04/28 02:01:17 Image size of job updated: 44320
	5  -  MemoryUsage of job (MB)
	4684  -  ResidentSetSize of job (KB)
...
006 (265445.000.000) 04/28 02:06:19 Image size of job updated: 211512
	105  -  MemoryUsage of job (MB)
	107036  -  ResidentSetSize of job (KB)
...
006 (265445.000.000) 04/28 02:11:19 Image size of job updated: 248400
	105  -  MemoryUsage of job (MB)
	107156  -  ResidentSetSize of job (KB)
...
006 (265445.000.000) 04/28 02:16:21 Image size of job updated: 316476
	161  -  MemoryUsage of job (MB)
	164148  -  ResidentSetSize of job (KB)
...
006 (265445.000.000) 04/28 02:21:21 Image size of job updated: 319304
	164  -  MemoryUsage of job (MB)
	167068  -  ResidentSetSize of job (KB)
...
006 (265445.000.000) 04/28 02:26:22 Image size of job updated: 323708
	168  -  MemoryUsage of job (MB)
	171020  -  ResidentSetSize of job (KB)
...
006 (265445.000.000) 04/28 02:31:22 Image size of job updated: 329624
	173  -  MemoryUsage of job (MB)
	176844  -  ResidentSetSize of job (KB)
...
006 (265445.000.000) 04/28 02:36:24 Image size of job updated: 336960
	180  -  MemoryUsage of job (MB)
	184184  -  ResidentSetSize of job (KB)
...
006 (265445.000.000) 04/28 02:41:24 Image size of job updated: 343148
	186  -  MemoryUsage of job (MB)
	190376  -  ResidentSetSize of job (KB)
...
006 (265445.000.000) 04/28 02:46:25 Image size of job updated: 348120
	191  -  MemoryUsage of job (MB)
	195348  -  ResidentSetSize of job (KB)
...
006 (265445.000.000) 04/28 02:51:25 Image size of job updated: 352368
	195  -  MemoryUsage of job (MB)
	199596  -  ResidentSetSize of job (KB)
...
005 (265445.000.000) 04/28 02:51:56 Job terminated.
	(1) Normal termination (return value 0)
		Usr 0 00:39:17, Sys 0 00:01:21  -  Run Remote Usage
		Usr 0 00:00:00, Sys 0 00:00:00  -  Run Local Usage
		Usr 0 00:39:17, Sys 0 00:01:21  -  Total Remote Usage
		Usr 0 00:00:00, Sys 0 00:00:00  -  Total Local Usage
	140898  -  Run Bytes Sent By Job
	33279  -  Run Bytes Received By Job
	140898  -  Total Bytes Sent By Job
	33279  -  Total Bytes Received By Job
	Partitionable Resources :    Usage  Request          
	   Cpus                 :                 1          
	   Disk (KB)            :     3558     3558          
	   Memory (MB)          :      195      195          
...
