000 (263959.000.000) 04/26 04:23:08 Job submitted from host: <18.12.1.74:45694>
...
001 (263959.000.000) 04/26 04:24:20 Job executing on host: <18.12.8.183:47519>
...
006 (263959.000.000) 04/26 04:24:28 Image size of job updated: 200688
	55  -  MemoryUsage of job (MB)
	56176  -  ResidentSetSize of job (KB)
...
006 (263959.000.000) 04/26 04:29:29 Image size of job updated: 247936
	113  -  MemoryUsage of job (MB)
	115532  -  ResidentSetSize of job (KB)
...
006 (263959.000.000) 04/26 04:34:29 Image size of job updated: 316880
	169  -  MemoryUsage of job (MB)
	173056  -  ResidentSetSize of job (KB)
...
006 (263959.000.000) 04/26 04:39:31 Image size of job updated: 319676
	172  -  MemoryUsage of job (MB)
	175912  -  ResidentSetSize of job (KB)
...
006 (263959.000.000) 04/26 04:44:31 Image size of job updated: 324288
	177  -  MemoryUsage of job (MB)
	180456  -  ResidentSetSize of job (KB)
...
006 (263959.000.000) 04/26 04:49:32 Image size of job updated: 330076
	182  -  MemoryUsage of job (MB)
	186248  -  ResidentSetSize of job (KB)
...
006 (263959.000.000) 04/26 04:54:32 Image size of job updated: 337004
	182  -  MemoryUsage of job (MB)
	186248  -  ResidentSetSize of job (KB)
...
006 (263959.000.000) 04/26 04:59:33 Image size of job updated: 343968
	185  -  MemoryUsage of job (MB)
	189240  -  ResidentSetSize of job (KB)
...
006 (263959.000.000) 04/26 05:04:33 Image size of job updated: 348968
	190  -  MemoryUsage of job (MB)
	194236  -  ResidentSetSize of job (KB)
...
006 (263959.000.000) 04/26 05:09:11 Image size of job updated: 352424
	190  -  MemoryUsage of job (MB)
	194236  -  ResidentSetSize of job (KB)
...
005 (263959.000.000) 04/26 05:09:11 Job terminated.
	(1) Normal termination (return value 0)
		Usr 0 00:41:47, Sys 0 00:01:22  -  Run Remote Usage
		Usr 0 00:00:00, Sys 0 00:00:00  -  Run Local Usage
		Usr 0 00:41:47, Sys 0 00:01:22  -  Total Remote Usage
		Usr 0 00:00:00, Sys 0 00:00:00  -  Total Local Usage
	140923  -  Run Bytes Sent By Job
	32753  -  Run Bytes Received By Job
	140923  -  Total Bytes Sent By Job
	32753  -  Total Bytes Received By Job
	Partitionable Resources :    Usage  Request          
	   Cpus                 :                 1          
	   Disk (KB)            :     3168     3168          
	   Memory (MB)          :      190      190          
...
000 (265368.000.000) 04/28 00:01:26 Job submitted from host: <18.12.1.74:45694>
...
001 (265368.000.000) 04/28 00:02:19 Job executing on host: <18.12.8.254:42117>
...
006 (265368.000.000) 04/28 00:02:20 Image size of job updated: 68220
	0  -  MemoryUsage of job (MB)
	0  -  ResidentSetSize of job (KB)
...
005 (265368.000.000) 04/28 00:02:20 Job terminated.
	(1) Normal termination (return value 1)
		Usr 0 00:00:00, Sys 0 00:00:00  -  Run Remote Usage
		Usr 0 00:00:00, Sys 0 00:00:00  -  Run Local Usage
		Usr 0 00:00:00, Sys 0 00:00:00  -  Total Remote Usage
		Usr 0 00:00:00, Sys 0 00:00:00  -  Total Local Usage
	1203  -  Run Bytes Sent By Job
	33265  -  Run Bytes Received By Job
	1203  -  Total Bytes Sent By Job
	33265  -  Total Bytes Received By Job
	Partitionable Resources :    Usage  Request          
	   Cpus                 :                 1          
	   Disk (KB)            :       56       56          
	   Memory (MB)          :        0        0          
...
000 (265475.000.000) 04/28 01:59:57 Job submitted from host: <18.12.1.74:45694>
...
001 (265475.000.000) 04/28 02:01:11 Job executing on host: <18.12.8.207:42117>
...
006 (265475.000.000) 04/28 02:01:20 Image size of job updated: 1192
	1  -  MemoryUsage of job (MB)
	148  -  ResidentSetSize of job (KB)
...
006 (265475.000.000) 04/28 02:06:20 Image size of job updated: 211512
	103  -  MemoryUsage of job (MB)
	105080  -  ResidentSetSize of job (KB)
...
006 (265475.000.000) 04/28 02:11:20 Image size of job updated: 248404
	107  -  MemoryUsage of job (MB)
	108772  -  ResidentSetSize of job (KB)
...
006 (265475.000.000) 04/28 02:16:20 Image size of job updated: 316928
	161  -  MemoryUsage of job (MB)
	164244  -  ResidentSetSize of job (KB)
...
006 (265475.000.000) 04/28 02:21:20 Image size of job updated: 319724
	163  -  MemoryUsage of job (MB)
	166124  -  ResidentSetSize of job (KB)
...
006 (265475.000.000) 04/28 02:26:21 Image size of job updated: 325140
	168  -  MemoryUsage of job (MB)
	171220  -  ResidentSetSize of job (KB)
...
006 (265475.000.000) 04/28 02:31:21 Image size of job updated: 331320
	174  -  MemoryUsage of job (MB)
	177404  -  ResidentSetSize of job (KB)
...
006 (265475.000.000) 04/28 02:36:22 Image size of job updated: 339036
	181  -  MemoryUsage of job (MB)
	185128  -  ResidentSetSize of job (KB)
...
006 (265475.000.000) 04/28 02:41:22 Image size of job updated: 345616
	188  -  MemoryUsage of job (MB)
	191712  -  ResidentSetSize of job (KB)
...
006 (265475.000.000) 04/28 02:46:23 Image size of job updated: 349856
	192  -  MemoryUsage of job (MB)
	195948  -  ResidentSetSize of job (KB)
...
006 (265475.000.000) 04/28 02:49:47 Image size of job updated: 352564
	192  -  MemoryUsage of job (MB)
	195948  -  ResidentSetSize of job (KB)
...
005 (265475.000.000) 04/28 02:49:47 Job terminated.
	(1) Normal termination (return value 0)
		Usr 0 00:38:42, Sys 0 00:01:18  -  Run Remote Usage
		Usr 0 00:00:00, Sys 0 00:00:00  -  Run Local Usage
		Usr 0 00:38:42, Sys 0 00:01:18  -  Total Remote Usage
		Usr 0 00:00:00, Sys 0 00:00:00  -  Total Local Usage
	140963  -  Run Bytes Sent By Job
	33279  -  Run Bytes Received By Job
	140963  -  Total Bytes Sent By Job
	33279  -  Total Bytes Received By Job
	Partitionable Resources :    Usage  Request          
	   Cpus                 :                 1          
	   Disk (KB)            :     3308     3308          
	   Memory (MB)          :      192      192          
...
