000 (263926.000.000) 04/26 04:23:04 Job submitted from host: <18.12.1.74:45694>
...
001 (263926.000.000) 04/26 04:24:17 Job executing on host: <18.12.8.241:42117>
...
006 (263926.000.000) 04/26 04:24:26 Image size of job updated: 200692
	35  -  MemoryUsage of job (MB)
	35136  -  ResidentSetSize of job (KB)
...
006 (263926.000.000) 04/26 04:29:27 Image size of job updated: 247528
	113  -  MemoryUsage of job (MB)
	115112  -  ResidentSetSize of job (KB)
...
006 (263926.000.000) 04/26 04:34:27 Image size of job updated: 248780
	114  -  MemoryUsage of job (MB)
	116520  -  ResidentSetSize of job (KB)
...
006 (263926.000.000) 04/26 04:39:29 Image size of job updated: 316512
	170  -  MemoryUsage of job (MB)
	173960  -  ResidentSetSize of job (KB)
...
006 (263926.000.000) 04/26 04:44:29 Image size of job updated: 319176
	173  -  MemoryUsage of job (MB)
	176624  -  ResidentSetSize of job (KB)
...
006 (263926.000.000) 04/26 04:49:31 Image size of job updated: 322792
	177  -  MemoryUsage of job (MB)
	180524  -  ResidentSetSize of job (KB)
...
006 (263926.000.000) 04/26 04:54:31 Image size of job updated: 326328
	177  -  MemoryUsage of job (MB)
	180704  -  ResidentSetSize of job (KB)
...
006 (263926.000.000) 04/26 04:59:32 Image size of job updated: 330968
	181  -  MemoryUsage of job (MB)
	184972  -  ResidentSetSize of job (KB)
...
006 (263926.000.000) 04/26 05:04:32 Image size of job updated: 336360
	186  -  MemoryUsage of job (MB)
	190356  -  ResidentSetSize of job (KB)
...
006 (263926.000.000) 04/26 05:09:33 Image size of job updated: 340588
	191  -  MemoryUsage of job (MB)
	194572  -  ResidentSetSize of job (KB)
...
006 (263926.000.000) 04/26 05:14:33 Image size of job updated: 344824
	191  -  MemoryUsage of job (MB)
	194572  -  ResidentSetSize of job (KB)
...
006 (263926.000.000) 04/26 05:19:35 Image size of job updated: 348308
	191  -  MemoryUsage of job (MB)
	194572  -  ResidentSetSize of job (KB)
...
006 (263926.000.000) 04/26 05:24:35 Image size of job updated: 351396
	193  -  MemoryUsage of job (MB)
	197576  -  ResidentSetSize of job (KB)
...
006 (263926.000.000) 04/26 05:25:54 Image size of job updated: 352124
	193  -  MemoryUsage of job (MB)
	197576  -  ResidentSetSize of job (KB)
...
005 (263926.000.000) 04/26 05:25:54 Job terminated.
	(1) Normal termination (return value 0)
		Usr 0 00:57:43, Sys 0 00:01:49  -  Run Remote Usage
		Usr 0 00:00:00, Sys 0 00:00:00  -  Run Local Usage
		Usr 0 00:57:43, Sys 0 00:01:49  -  Total Remote Usage
		Usr 0 00:00:00, Sys 0 00:00:00  -  Total Local Usage
	143195  -  Run Bytes Sent By Job
	32753  -  Run Bytes Received By Job
	143195  -  Total Bytes Sent By Job
	32753  -  Total Bytes Received By Job
	Partitionable Resources :    Usage  Request          
	   Cpus                 :                 1          
	   Disk (KB)            :     3388     3388          
	   Memory (MB)          :      193      193          
...
000 (265335.000.000) 04/28 00:01:22 Job submitted from host: <18.12.1.74:45694>
...
001 (265335.000.000) 04/28 00:02:18 Job executing on host: <18.12.8.198:47373>
...
006 (265335.000.000) 04/28 00:02:19 Image size of job updated: 1
	0  -  MemoryUsage of job (MB)
	0  -  ResidentSetSize of job (KB)
...
005 (265335.000.000) 04/28 00:02:19 Job terminated.
	(1) Normal termination (return value 1)
		Usr 0 00:00:00, Sys 0 00:00:00  -  Run Remote Usage
		Usr 0 00:00:00, Sys 0 00:00:00  -  Run Local Usage
		Usr 0 00:00:00, Sys 0 00:00:00  -  Total Remote Usage
		Usr 0 00:00:00, Sys 0 00:00:00  -  Total Local Usage
	1203  -  Run Bytes Sent By Job
	33265  -  Run Bytes Received By Job
	1203  -  Total Bytes Sent By Job
	33265  -  Total Bytes Received By Job
	Partitionable Resources :    Usage  Request          
	   Cpus                 :                 1          
	   Disk (KB)            :       56       56          
	   Memory (MB)          :        0        0          
...
000 (265442.000.000) 04/28 01:59:52 Job submitted from host: <18.12.1.74:45694>
...
001 (265442.000.000) 04/28 02:01:06 Job executing on host: <18.12.8.163:45037>
...
006 (265442.000.000) 04/28 02:01:15 Image size of job updated: 200532
	91  -  MemoryUsage of job (MB)
	92244  -  ResidentSetSize of job (KB)
...
006 (265442.000.000) 04/28 02:06:17 Image size of job updated: 247100
	106  -  MemoryUsage of job (MB)
	107904  -  ResidentSetSize of job (KB)
...
006 (265442.000.000) 04/28 02:11:17 Image size of job updated: 248816
	108  -  MemoryUsage of job (MB)
	109864  -  ResidentSetSize of job (KB)
...
006 (265442.000.000) 04/28 02:16:18 Image size of job updated: 317852
	165  -  MemoryUsage of job (MB)
	168120  -  ResidentSetSize of job (KB)
...
006 (265442.000.000) 04/28 02:21:18 Image size of job updated: 321288
	168  -  MemoryUsage of job (MB)
	171592  -  ResidentSetSize of job (KB)
...
006 (265442.000.000) 04/28 02:26:18 Image size of job updated: 326016
	173  -  MemoryUsage of job (MB)
	176524  -  ResidentSetSize of job (KB)
...
006 (265442.000.000) 04/28 02:31:19 Image size of job updated: 330988
	178  -  MemoryUsage of job (MB)
	181496  -  ResidentSetSize of job (KB)
...
006 (265442.000.000) 04/28 02:36:19 Image size of job updated: 338004
	185  -  MemoryUsage of job (MB)
	188512  -  ResidentSetSize of job (KB)
...
006 (265442.000.000) 04/28 02:41:21 Image size of job updated: 344176
	191  -  MemoryUsage of job (MB)
	194688  -  ResidentSetSize of job (KB)
...
006 (265442.000.000) 04/28 02:46:21 Image size of job updated: 348816
	195  -  MemoryUsage of job (MB)
	199328  -  ResidentSetSize of job (KB)
...
006 (265442.000.000) 04/28 02:50:36 Image size of job updated: 352308
	195  -  MemoryUsage of job (MB)
	199328  -  ResidentSetSize of job (KB)
...
005 (265442.000.000) 04/28 02:50:36 Job terminated.
	(1) Normal termination (return value 0)
		Usr 0 00:45:01, Sys 0 00:01:11  -  Run Remote Usage
		Usr 0 00:00:00, Sys 0 00:00:00  -  Run Local Usage
		Usr 0 00:45:01, Sys 0 00:01:11  -  Total Remote Usage
		Usr 0 00:00:00, Sys 0 00:00:00  -  Total Local Usage
	140976  -  Run Bytes Sent By Job
	33279  -  Run Bytes Received By Job
	140976  -  Total Bytes Sent By Job
	33279  -  Total Bytes Received By Job
	Partitionable Resources :    Usage  Request          
	   Cpus                 :                 1          
	   Disk (KB)            :     3202     3202          
	   Memory (MB)          :      195      195          
...
