000 (263940.000.000) 04/26 04:23:06 Job submitted from host: <18.12.1.74:45694>
...
001 (263940.000.000) 04/26 04:24:18 Job executing on host: <18.12.8.142:42409>
...
006 (263940.000.000) 04/26 04:24:27 Image size of job updated: 211544
	105  -  MemoryUsage of job (MB)
	107064  -  ResidentSetSize of job (KB)
...
006 (263940.000.000) 04/26 04:29:29 Image size of job updated: 247940
	113  -  MemoryUsage of job (MB)
	115536  -  ResidentSetSize of job (KB)
...
006 (263940.000.000) 04/26 04:34:29 Image size of job updated: 316292
	169  -  MemoryUsage of job (MB)
	172564  -  ResidentSetSize of job (KB)
...
006 (263940.000.000) 04/26 04:39:30 Image size of job updated: 317912
	171  -  MemoryUsage of job (MB)
	174336  -  ResidentSetSize of job (KB)
...
006 (263940.000.000) 04/26 04:44:30 Image size of job updated: 321060
	174  -  MemoryUsage of job (MB)
	177364  -  ResidentSetSize of job (KB)
...
006 (263940.000.000) 04/26 04:49:31 Image size of job updated: 325676
	178  -  MemoryUsage of job (MB)
	182256  -  ResidentSetSize of job (KB)
...
006 (263940.000.000) 04/26 04:54:31 Image size of job updated: 331028
	184  -  MemoryUsage of job (MB)
	187620  -  ResidentSetSize of job (KB)
...
006 (263940.000.000) 04/26 04:59:32 Image size of job updated: 337356
	190  -  MemoryUsage of job (MB)
	193876  -  ResidentSetSize of job (KB)
...
006 (263940.000.000) 04/26 05:04:32 Image size of job updated: 342372
	194  -  MemoryUsage of job (MB)
	198060  -  ResidentSetSize of job (KB)
...
006 (263940.000.000) 04/26 05:09:33 Image size of job updated: 346632
	198  -  MemoryUsage of job (MB)
	202172  -  ResidentSetSize of job (KB)
...
006 (263940.000.000) 04/26 05:14:33 Image size of job updated: 350856
	198  -  MemoryUsage of job (MB)
	202172  -  ResidentSetSize of job (KB)
...
006 (263940.000.000) 04/26 05:16:33 Image size of job updated: 352396
	198  -  MemoryUsage of job (MB)
	202172  -  ResidentSetSize of job (KB)
...
005 (263940.000.000) 04/26 05:16:33 Job terminated.
	(1) Normal termination (return value 0)
		Usr 0 00:48:28, Sys 0 00:02:58  -  Run Remote Usage
		Usr 0 00:00:00, Sys 0 00:00:00  -  Run Local Usage
		Usr 0 00:48:28, Sys 0 00:02:58  -  Total Remote Usage
		Usr 0 00:00:00, Sys 0 00:00:00  -  Total Local Usage
	142513  -  Run Bytes Sent By Job
	32753  -  Run Bytes Received By Job
	142513  -  Total Bytes Sent By Job
	32753  -  Total Bytes Received By Job
	Partitionable Resources :    Usage  Request          
	   Cpus                 :                 1          
	   Disk (KB)            :     3333     3333          
	   Memory (MB)          :      198      198          
...
000 (265349.000.000) 04/28 00:01:23 Job submitted from host: <18.12.1.74:45694>
...
001 (265349.000.000) 04/28 00:02:19 Job executing on host: <18.12.9.20:43650>
...
006 (265349.000.000) 04/28 00:02:20 Image size of job updated: 1
	0  -  MemoryUsage of job (MB)
	0  -  ResidentSetSize of job (KB)
...
005 (265349.000.000) 04/28 00:02:20 Job terminated.
	(1) Normal termination (return value 1)
		Usr 0 00:00:00, Sys 0 00:00:00  -  Run Remote Usage
		Usr 0 00:00:00, Sys 0 00:00:00  -  Run Local Usage
		Usr 0 00:00:00, Sys 0 00:00:00  -  Total Remote Usage
		Usr 0 00:00:00, Sys 0 00:00:00  -  Total Local Usage
	1203  -  Run Bytes Sent By Job
	33265  -  Run Bytes Received By Job
	1203  -  Total Bytes Sent By Job
	33265  -  Total Bytes Received By Job
	Partitionable Resources :    Usage  Request          
	   Cpus                 :                 1          
	   Disk (KB)            :       56       56          
	   Memory (MB)          :        0        0          
...
000 (265456.000.000) 04/28 01:59:54 Job submitted from host: <18.12.1.74:45694>
...
001 (265456.000.000) 04/28 02:01:08 Job executing on host: <18.12.8.223:41387>
...
006 (265456.000.000) 04/28 02:01:16 Image size of job updated: 200524
	40  -  MemoryUsage of job (MB)
	40884  -  ResidentSetSize of job (KB)
...
006 (265456.000.000) 04/28 02:06:16 Image size of job updated: 247984
	104  -  MemoryUsage of job (MB)
	106024  -  ResidentSetSize of job (KB)
...
006 (265456.000.000) 04/28 02:11:17 Image size of job updated: 316576
	161  -  MemoryUsage of job (MB)
	164496  -  ResidentSetSize of job (KB)
...
006 (265456.000.000) 04/28 02:16:17 Image size of job updated: 321084
	165  -  MemoryUsage of job (MB)
	168884  -  ResidentSetSize of job (KB)
...
006 (265456.000.000) 04/28 02:21:19 Image size of job updated: 327304
	172  -  MemoryUsage of job (MB)
	175400  -  ResidentSetSize of job (KB)
...
006 (265456.000.000) 04/28 02:26:19 Image size of job updated: 334584
	179  -  MemoryUsage of job (MB)
	182680  -  ResidentSetSize of job (KB)
...
006 (265456.000.000) 04/28 02:31:21 Image size of job updated: 342116
	186  -  MemoryUsage of job (MB)
	190136  -  ResidentSetSize of job (KB)
...
006 (265456.000.000) 04/28 02:36:21 Image size of job updated: 347520
	191  -  MemoryUsage of job (MB)
	195544  -  ResidentSetSize of job (KB)
...
006 (265456.000.000) 04/28 02:41:22 Image size of job updated: 352532
	196  -  MemoryUsage of job (MB)
	200560  -  ResidentSetSize of job (KB)
...
005 (265456.000.000) 04/28 02:41:25 Job terminated.
	(1) Normal termination (return value 0)
		Usr 0 00:37:43, Sys 0 00:01:11  -  Run Remote Usage
		Usr 0 00:00:00, Sys 0 00:00:00  -  Run Local Usage
		Usr 0 00:37:43, Sys 0 00:01:11  -  Total Remote Usage
		Usr 0 00:00:00, Sys 0 00:00:00  -  Total Local Usage
	140924  -  Run Bytes Sent By Job
	33279  -  Run Bytes Received By Job
	140924  -  Total Bytes Sent By Job
	33279  -  Total Bytes Received By Job
	Partitionable Resources :    Usage  Request          
	   Cpus                 :                 1          
	   Disk (KB)            :     3506     3506          
	   Memory (MB)          :      196      196          
...
