000 (263950.000.000) 04/26 04:23:07 Job submitted from host: <18.12.1.74:45694>
...
001 (263950.000.000) 04/26 04:24:19 Job executing on host: <18.12.8.236:40000>
...
006 (263950.000.000) 04/26 04:24:27 Image size of job updated: 1
	2  -  MemoryUsage of job (MB)
	1704  -  ResidentSetSize of job (KB)
...
006 (263950.000.000) 04/26 04:29:27 Image size of job updated: 247532
	112  -  MemoryUsage of job (MB)
	114476  -  ResidentSetSize of job (KB)
...
006 (263950.000.000) 04/26 04:34:28 Image size of job updated: 316296
	163  -  MemoryUsage of job (MB)
	166680  -  ResidentSetSize of job (KB)
...
006 (263950.000.000) 04/26 04:39:28 Image size of job updated: 318404
	164  -  MemoryUsage of job (MB)
	167572  -  ResidentSetSize of job (KB)
...
006 (263950.000.000) 04/26 04:44:30 Image size of job updated: 322140
	168  -  MemoryUsage of job (MB)
	171600  -  ResidentSetSize of job (KB)
...
006 (263950.000.000) 04/26 04:49:30 Image size of job updated: 327148
	172  -  MemoryUsage of job (MB)
	175708  -  ResidentSetSize of job (KB)
...
006 (263950.000.000) 04/26 04:54:31 Image size of job updated: 332940
	178  -  MemoryUsage of job (MB)
	181500  -  ResidentSetSize of job (KB)
...
006 (263950.000.000) 04/26 04:59:32 Image size of job updated: 339488
	183  -  MemoryUsage of job (MB)
	187128  -  ResidentSetSize of job (KB)
...
006 (263950.000.000) 04/26 05:04:32 Image size of job updated: 346368
	190  -  MemoryUsage of job (MB)
	194008  -  ResidentSetSize of job (KB)
...
006 (263950.000.000) 04/26 05:09:33 Image size of job updated: 351480
	195  -  MemoryUsage of job (MB)
	199124  -  ResidentSetSize of job (KB)
...
006 (263950.000.000) 04/26 05:10:58 Image size of job updated: 352596
	195  -  MemoryUsage of job (MB)
	199124  -  ResidentSetSize of job (KB)
...
005 (263950.000.000) 04/26 05:10:58 Job terminated.
	(1) Normal termination (return value 0)
		Usr 0 00:44:03, Sys 0 00:01:32  -  Run Remote Usage
		Usr 0 00:00:00, Sys 0 00:00:00  -  Run Local Usage
		Usr 0 00:44:03, Sys 0 00:01:32  -  Total Remote Usage
		Usr 0 00:00:00, Sys 0 00:00:00  -  Total Local Usage
	142635  -  Run Bytes Sent By Job
	32753  -  Run Bytes Received By Job
	142635  -  Total Bytes Sent By Job
	32753  -  Total Bytes Received By Job
	Partitionable Resources :    Usage  Request          
	   Cpus                 :                 1          
	   Disk (KB)            :     3370     3370          
	   Memory (MB)          :      195      195          
...
000 (265359.000.000) 04/28 00:01:25 Job submitted from host: <18.12.1.74:45694>
...
001 (265359.000.000) 04/28 00:02:19 Job executing on host: <18.12.8.227:44015>
...
006 (265359.000.000) 04/28 00:02:20 Image size of job updated: 1
	0  -  MemoryUsage of job (MB)
	0  -  ResidentSetSize of job (KB)
...
005 (265359.000.000) 04/28 00:02:21 Job terminated.
	(1) Normal termination (return value 1)
		Usr 0 00:00:00, Sys 0 00:00:00  -  Run Remote Usage
		Usr 0 00:00:00, Sys 0 00:00:00  -  Run Local Usage
		Usr 0 00:00:00, Sys 0 00:00:00  -  Total Remote Usage
		Usr 0 00:00:00, Sys 0 00:00:00  -  Total Local Usage
	1203  -  Run Bytes Sent By Job
	33265  -  Run Bytes Received By Job
	1203  -  Total Bytes Sent By Job
	33265  -  Total Bytes Received By Job
	Partitionable Resources :    Usage  Request          
	   Cpus                 :                 1          
	   Disk (KB)            :       56       56          
	   Memory (MB)          :        0        0          
...
000 (265466.000.000) 04/28 01:59:55 Job submitted from host: <18.12.1.74:45694>
...
001 (265466.000.000) 04/28 02:01:09 Job executing on host: <18.12.8.206:40584>
...
006 (265466.000.000) 04/28 02:01:18 Image size of job updated: 1
	2  -  MemoryUsage of job (MB)
	1720  -  ResidentSetSize of job (KB)
...
006 (265466.000.000) 04/28 02:06:19 Image size of job updated: 211512
	104  -  MemoryUsage of job (MB)
	106368  -  ResidentSetSize of job (KB)
...
006 (265466.000.000) 04/28 02:11:19 Image size of job updated: 248412
	110  -  MemoryUsage of job (MB)
	111684  -  ResidentSetSize of job (KB)
...
006 (265466.000.000) 04/28 02:16:20 Image size of job updated: 316500
	162  -  MemoryUsage of job (MB)
	164916  -  ResidentSetSize of job (KB)
...
006 (265466.000.000) 04/28 02:21:20 Image size of job updated: 320284
	164  -  MemoryUsage of job (MB)
	167092  -  ResidentSetSize of job (KB)
...
006 (265466.000.000) 04/28 02:26:22 Image size of job updated: 325680
	168  -  MemoryUsage of job (MB)
	172020  -  ResidentSetSize of job (KB)
...
006 (265466.000.000) 04/28 02:31:22 Image size of job updated: 331868
	175  -  MemoryUsage of job (MB)
	178228  -  ResidentSetSize of job (KB)
...
006 (265466.000.000) 04/28 02:36:23 Image size of job updated: 339208
	181  -  MemoryUsage of job (MB)
	185092  -  ResidentSetSize of job (KB)
...
006 (265466.000.000) 04/28 02:41:23 Image size of job updated: 346556
	188  -  MemoryUsage of job (MB)
	192440  -  ResidentSetSize of job (KB)
...
006 (265466.000.000) 04/28 02:46:24 Image size of job updated: 351584
	193  -  MemoryUsage of job (MB)
	197468  -  ResidentSetSize of job (KB)
...
006 (265466.000.000) 04/28 02:47:55 Image size of job updated: 352728
	193  -  MemoryUsage of job (MB)
	197468  -  ResidentSetSize of job (KB)
...
005 (265466.000.000) 04/28 02:47:55 Job terminated.
	(1) Normal termination (return value 0)
		Usr 0 00:37:27, Sys 0 00:01:18  -  Run Remote Usage
		Usr 0 00:00:00, Sys 0 00:00:00  -  Run Local Usage
		Usr 0 00:37:27, Sys 0 00:01:18  -  Total Remote Usage
		Usr 0 00:00:00, Sys 0 00:00:00  -  Total Local Usage
	140934  -  Run Bytes Sent By Job
	33279  -  Run Bytes Received By Job
	140934  -  Total Bytes Sent By Job
	33279  -  Total Bytes Received By Job
	Partitionable Resources :    Usage  Request          
	   Cpus                 :                 1          
	   Disk (KB)            :     3410     3410          
	   Memory (MB)          :      193      193          
...
