000 (263947.000.000) 04/26 04:23:07 Job submitted from host: <18.12.1.74:45694>
...
001 (263947.000.000) 04/26 04:24:19 Job executing on host: <18.12.8.206:40584>
...
006 (263947.000.000) 04/26 04:24:28 Image size of job updated: 84852
	22  -  MemoryUsage of job (MB)
	22176  -  ResidentSetSize of job (KB)
...
006 (263947.000.000) 04/26 04:29:29 Image size of job updated: 247528
	113  -  MemoryUsage of job (MB)
	115184  -  ResidentSetSize of job (KB)
...
006 (263947.000.000) 04/26 04:34:29 Image size of job updated: 248772
	114  -  MemoryUsage of job (MB)
	116584  -  ResidentSetSize of job (KB)
...
006 (263947.000.000) 04/26 04:39:29 Image size of job updated: 317872
	171  -  MemoryUsage of job (MB)
	174356  -  ResidentSetSize of job (KB)
...
006 (263947.000.000) 04/26 04:44:29 Image size of job updated: 320480
	172  -  MemoryUsage of job (MB)
	176112  -  ResidentSetSize of job (KB)
...
006 (263947.000.000) 04/26 04:49:30 Image size of job updated: 325184
	176  -  MemoryUsage of job (MB)
	180048  -  ResidentSetSize of job (KB)
...
006 (263947.000.000) 04/26 04:54:30 Image size of job updated: 329880
	180  -  MemoryUsage of job (MB)
	183920  -  ResidentSetSize of job (KB)
...
006 (263947.000.000) 04/26 04:59:31 Image size of job updated: 335584
	180  -  MemoryUsage of job (MB)
	183920  -  ResidentSetSize of job (KB)
...
006 (263947.000.000) 04/26 05:04:31 Image size of job updated: 341284
	182  -  MemoryUsage of job (MB)
	186212  -  ResidentSetSize of job (KB)
...
006 (263947.000.000) 04/26 05:09:33 Image size of job updated: 345936
	187  -  MemoryUsage of job (MB)
	190732  -  ResidentSetSize of job (KB)
...
006 (263947.000.000) 04/26 05:14:33 Image size of job updated: 349720
	190  -  MemoryUsage of job (MB)
	194516  -  ResidentSetSize of job (KB)
...
006 (263947.000.000) 04/26 05:17:52 Image size of job updated: 352460
	190  -  MemoryUsage of job (MB)
	194516  -  ResidentSetSize of job (KB)
...
005 (263947.000.000) 04/26 05:17:52 Job terminated.
	(1) Normal termination (return value 0)
		Usr 0 00:50:38, Sys 0 00:01:43  -  Run Remote Usage
		Usr 0 00:00:00, Sys 0 00:00:00  -  Run Local Usage
		Usr 0 00:50:38, Sys 0 00:01:43  -  Total Remote Usage
		Usr 0 00:00:00, Sys 0 00:00:00  -  Total Local Usage
	142515  -  Run Bytes Sent By Job
	32753  -  Run Bytes Received By Job
	142515  -  Total Bytes Sent By Job
	32753  -  Total Bytes Received By Job
	Partitionable Resources :    Usage  Request          
	   Cpus                 :                 1          
	   Disk (KB)            :     3222     3222          
	   Memory (MB)          :      190      190          
...
000 (265356.000.000) 04/28 00:01:24 Job submitted from host: <18.12.1.74:45694>
...
001 (265356.000.000) 04/28 00:02:19 Job executing on host: <18.12.8.235:48030>
...
006 (265356.000.000) 04/28 00:02:24 Image size of job updated: 89560
	0  -  MemoryUsage of job (MB)
	0  -  ResidentSetSize of job (KB)
...
005 (265356.000.000) 04/28 00:02:24 Job terminated.
	(1) Normal termination (return value 1)
		Usr 0 00:00:00, Sys 0 00:00:00  -  Run Remote Usage
		Usr 0 00:00:00, Sys 0 00:00:00  -  Run Local Usage
		Usr 0 00:00:00, Sys 0 00:00:00  -  Total Remote Usage
		Usr 0 00:00:00, Sys 0 00:00:00  -  Total Local Usage
	1203  -  Run Bytes Sent By Job
	33265  -  Run Bytes Received By Job
	1203  -  Total Bytes Sent By Job
	33265  -  Total Bytes Received By Job
	Partitionable Resources :    Usage  Request          
	   Cpus                 :                 1          
	   Disk (KB)            :       56       56          
	   Memory (MB)          :        0        0          
...
000 (265463.000.000) 04/28 01:59:55 Job submitted from host: <18.12.1.74:45694>
...
001 (265463.000.000) 04/28 02:01:08 Job executing on host: <18.12.8.170:48030>
...
006 (265463.000.000) 04/28 02:01:16 Image size of job updated: 1
	2  -  MemoryUsage of job (MB)
	1704  -  ResidentSetSize of job (KB)
...
006 (265463.000.000) 04/28 02:06:16 Image size of job updated: 247100
	104  -  MemoryUsage of job (MB)
	105876  -  ResidentSetSize of job (KB)
...
006 (265463.000.000) 04/28 02:11:16 Image size of job updated: 314536
	158  -  MemoryUsage of job (MB)
	161116  -  ResidentSetSize of job (KB)
...
006 (265463.000.000) 04/28 02:16:17 Image size of job updated: 319268
	165  -  MemoryUsage of job (MB)
	167984  -  ResidentSetSize of job (KB)
...
006 (265463.000.000) 04/28 02:21:18 Image size of job updated: 323704
	169  -  MemoryUsage of job (MB)
	172700  -  ResidentSetSize of job (KB)
...
006 (265463.000.000) 04/28 02:26:18 Image size of job updated: 329556
	175  -  MemoryUsage of job (MB)
	178516  -  ResidentSetSize of job (KB)
...
006 (265463.000.000) 04/28 02:31:18 Image size of job updated: 336512
	182  -  MemoryUsage of job (MB)
	185468  -  ResidentSetSize of job (KB)
...
006 (265463.000.000) 04/28 02:36:19 Image size of job updated: 342968
	188  -  MemoryUsage of job (MB)
	191720  -  ResidentSetSize of job (KB)
...
006 (265463.000.000) 04/28 02:41:19 Image size of job updated: 347960
	193  -  MemoryUsage of job (MB)
	196712  -  ResidentSetSize of job (KB)
...
006 (265463.000.000) 04/28 02:46:21 Image size of job updated: 352600
	197  -  MemoryUsage of job (MB)
	201712  -  ResidentSetSize of job (KB)
...
005 (265463.000.000) 04/28 02:46:22 Job terminated.
	(1) Normal termination (return value 0)
		Usr 0 00:40:51, Sys 0 00:01:14  -  Run Remote Usage
		Usr 0 00:00:00, Sys 0 00:00:00  -  Run Local Usage
		Usr 0 00:40:51, Sys 0 00:01:14  -  Total Remote Usage
		Usr 0 00:00:00, Sys 0 00:00:00  -  Total Local Usage
	140970  -  Run Bytes Sent By Job
	33279  -  Run Bytes Received By Job
	140970  -  Total Bytes Sent By Job
	33279  -  Total Bytes Received By Job
	Partitionable Resources :    Usage  Request          
	   Cpus                 :                 1          
	   Disk (KB)            :     3552     3552          
	   Memory (MB)          :      197      197          
...
