000 (263814.000.000) 04/26 03:21:48 Job submitted from host: <18.12.1.74:45694>
...
001 (263814.000.000) 04/26 03:22:26 Job executing on host: <18.12.8.197:40000>
...
006 (263814.000.000) 04/26 03:22:35 Image size of job updated: 211540
	105  -  MemoryUsage of job (MB)
	107040  -  ResidentSetSize of job (KB)
...
006 (263814.000.000) 04/26 03:27:37 Image size of job updated: 247936
	113  -  MemoryUsage of job (MB)
	115536  -  ResidentSetSize of job (KB)
...
006 (263814.000.000) 04/26 03:32:37 Image size of job updated: 316296
	169  -  MemoryUsage of job (MB)
	172932  -  ResidentSetSize of job (KB)
...
006 (263814.000.000) 04/26 03:37:39 Image size of job updated: 319364
	172  -  MemoryUsage of job (MB)
	175668  -  ResidentSetSize of job (KB)
...
006 (263814.000.000) 04/26 03:42:39 Image size of job updated: 323376
	176  -  MemoryUsage of job (MB)
	179988  -  ResidentSetSize of job (KB)
...
006 (263814.000.000) 04/26 03:47:39 Image size of job updated: 329156
	182  -  MemoryUsage of job (MB)
	185776  -  ResidentSetSize of job (KB)
...
006 (263814.000.000) 04/26 03:52:40 Image size of job updated: 335316
	188  -  MemoryUsage of job (MB)
	191940  -  ResidentSetSize of job (KB)
...
006 (263814.000.000) 04/26 03:57:40 Image size of job updated: 342648
	195  -  MemoryUsage of job (MB)
	199280  -  ResidentSetSize of job (KB)
...
006 (263814.000.000) 04/26 04:02:41 Image size of job updated: 348036
	195  -  MemoryUsage of job (MB)
	199280  -  ResidentSetSize of job (KB)
...
006 (263814.000.000) 04/26 04:07:42 Image size of job updated: 352260
	195  -  MemoryUsage of job (MB)
	199280  -  ResidentSetSize of job (KB)
...
005 (263814.000.000) 04/26 04:08:05 Job terminated.
	(1) Normal termination (return value 0)
		Usr 0 00:43:21, Sys 0 00:01:27  -  Run Remote Usage
		Usr 0 00:00:00, Sys 0 00:00:00  -  Run Local Usage
		Usr 0 00:43:21, Sys 0 00:01:27  -  Total Remote Usage
		Usr 0 00:00:00, Sys 0 00:00:00  -  Total Local Usage
	142816  -  Run Bytes Sent By Job
	32753  -  Run Bytes Received By Job
	142816  -  Total Bytes Sent By Job
	32753  -  Total Bytes Received By Job
	Partitionable Resources :    Usage  Request          
	   Cpus                 :                 1          
	   Disk (KB)            :     3473     3473          
	   Memory (MB)          :      195      195          
...
000 (265323.000.000) 04/28 00:01:20 Job submitted from host: <18.12.1.74:45694>
...
001 (265323.000.000) 04/28 00:02:17 Job executing on host: <18.12.8.11:46570>
...
006 (265323.000.000) 04/28 00:02:25 Image size of job updated: 61204
	3  -  MemoryUsage of job (MB)
	2504  -  ResidentSetSize of job (KB)
...
005 (265323.000.000) 04/28 00:02:25 Job terminated.
	(1) Normal termination (return value 1)
		Usr 0 00:00:00, Sys 0 00:00:00  -  Run Remote Usage
		Usr 0 00:00:00, Sys 0 00:00:00  -  Run Local Usage
		Usr 0 00:00:00, Sys 0 00:00:00  -  Total Remote Usage
		Usr 0 00:00:00, Sys 0 00:00:00  -  Total Local Usage
	1200  -  Run Bytes Sent By Job
	33265  -  Run Bytes Received By Job
	1200  -  Total Bytes Sent By Job
	33265  -  Total Bytes Received By Job
	Partitionable Resources :    Usage  Request          
	   Cpus                 :                 1          
	   Disk (KB)            :       56       56          
	   Memory (MB)          :        3        3          
...
000 (265430.000.000) 04/28 01:59:51 Job submitted from host: <18.12.1.74:45694>
...
001 (265430.000.000) 04/28 02:01:09 Job executing on host: <18.12.8.3:47592>
...
006 (265430.000.000) 04/28 02:01:19 Image size of job updated: 211376
	105  -  MemoryUsage of job (MB)
	106904  -  ResidentSetSize of job (KB)
...
006 (265430.000.000) 04/28 02:06:20 Image size of job updated: 247984
	105  -  MemoryUsage of job (MB)
	106904  -  ResidentSetSize of job (KB)
...
006 (265430.000.000) 04/28 02:11:19 Image size of job updated: 316336
	162  -  MemoryUsage of job (MB)
	165224  -  ResidentSetSize of job (KB)
...
006 (265430.000.000) 04/28 02:16:21 Image size of job updated: 319972
	165  -  MemoryUsage of job (MB)
	168360  -  ResidentSetSize of job (KB)
...
006 (265430.000.000) 04/28 02:21:21 Image size of job updated: 325780
	170  -  MemoryUsage of job (MB)
	173668  -  ResidentSetSize of job (KB)
...
006 (265430.000.000) 04/28 02:26:22 Image size of job updated: 331944
	176  -  MemoryUsage of job (MB)
	179852  -  ResidentSetSize of job (KB)
...
006 (265430.000.000) 04/28 02:31:21 Image size of job updated: 339292
	183  -  MemoryUsage of job (MB)
	187204  -  ResidentSetSize of job (KB)
...
006 (265430.000.000) 04/28 02:36:25 Image size of job updated: 346640
	190  -  MemoryUsage of job (MB)
	194548  -  ResidentSetSize of job (KB)
...
006 (265430.000.000) 04/28 02:41:21 Image size of job updated: 351260
	195  -  MemoryUsage of job (MB)
	199172  -  ResidentSetSize of job (KB)
...
006 (265430.000.000) 04/28 02:42:51 Image size of job updated: 352448
	195  -  MemoryUsage of job (MB)
	199172  -  ResidentSetSize of job (KB)
...
005 (265430.000.000) 04/28 02:42:51 Job terminated.
	(1) Normal termination (return value 0)
		Usr 0 00:38:47, Sys 0 00:01:08  -  Run Remote Usage
		Usr 0 00:00:00, Sys 0 00:00:00  -  Run Local Usage
		Usr 0 00:38:47, Sys 0 00:01:08  -  Total Remote Usage
		Usr 0 00:00:00, Sys 0 00:00:00  -  Total Local Usage
	141080  -  Run Bytes Sent By Job
	33279  -  Run Bytes Received By Job
	141080  -  Total Bytes Sent By Job
	33279  -  Total Bytes Received By Job
	Partitionable Resources :    Usage  Request          
	   Cpus                 :                 1          
	   Disk (KB)            :     3415     3415          
	   Memory (MB)          :      195      195          
...
