000 (263936.000.000) 04/26 04:23:06 Job submitted from host: <18.12.1.74:45694>
...
001 (263936.000.000) 04/26 04:24:18 Job executing on host: <18.12.8.207:42117>
...
006 (263936.000.000) 04/26 04:24:27 Image size of job updated: 89564
	11  -  MemoryUsage of job (MB)
	11044  -  ResidentSetSize of job (KB)
...
006 (263936.000.000) 04/26 04:29:29 Image size of job updated: 247528
	115  -  MemoryUsage of job (MB)
	117000  -  ResidentSetSize of job (KB)
...
006 (263936.000.000) 04/26 04:34:29 Image size of job updated: 248772
	116  -  MemoryUsage of job (MB)
	118400  -  ResidentSetSize of job (KB)
...
006 (263936.000.000) 04/26 04:39:30 Image size of job updated: 316584
	171  -  MemoryUsage of job (MB)
	174820  -  ResidentSetSize of job (KB)
...
006 (263936.000.000) 04/26 04:44:30 Image size of job updated: 319372
	174  -  MemoryUsage of job (MB)
	177504  -  ResidentSetSize of job (KB)
...
006 (263936.000.000) 04/26 04:49:31 Image size of job updated: 322600
	177  -  MemoryUsage of job (MB)
	180996  -  ResidentSetSize of job (KB)
...
006 (263936.000.000) 04/26 04:54:31 Image size of job updated: 327612
	182  -  MemoryUsage of job (MB)
	186036  -  ResidentSetSize of job (KB)
...
006 (263936.000.000) 04/26 04:59:32 Image size of job updated: 333012
	187  -  MemoryUsage of job (MB)
	190656  -  ResidentSetSize of job (KB)
...
006 (263936.000.000) 04/26 05:04:33 Image size of job updated: 338428
	192  -  MemoryUsage of job (MB)
	196012  -  ResidentSetSize of job (KB)
...
006 (263936.000.000) 04/26 05:09:33 Image size of job updated: 343372
	197  -  MemoryUsage of job (MB)
	200960  -  ResidentSetSize of job (KB)
...
006 (263936.000.000) 04/26 05:14:35 Image size of job updated: 347280
	197  -  MemoryUsage of job (MB)
	201372  -  ResidentSetSize of job (KB)
...
006 (263936.000.000) 04/26 05:19:35 Image size of job updated: 351516
	200  -  MemoryUsage of job (MB)
	203800  -  ResidentSetSize of job (KB)
...
006 (263936.000.000) 04/26 05:20:54 Image size of job updated: 352288
	200  -  MemoryUsage of job (MB)
	203800  -  ResidentSetSize of job (KB)
...
005 (263936.000.000) 04/26 05:20:54 Job terminated.
	(1) Normal termination (return value 0)
		Usr 0 00:52:51, Sys 0 00:01:44  -  Run Remote Usage
		Usr 0 00:00:00, Sys 0 00:00:00  -  Run Local Usage
		Usr 0 00:52:51, Sys 0 00:01:44  -  Total Remote Usage
		Usr 0 00:00:00, Sys 0 00:00:00  -  Total Local Usage
	141150  -  Run Bytes Sent By Job
	32753  -  Run Bytes Received By Job
	141150  -  Total Bytes Sent By Job
	32753  -  Total Bytes Received By Job
	Partitionable Resources :    Usage  Request          
	   Cpus                 :                 1          
	   Disk (KB)            :     3401     3401          
	   Memory (MB)          :      200      200          
...
000 (265345.000.000) 04/28 00:01:23 Job submitted from host: <18.12.1.74:45694>
...
001 (265345.000.000) 04/28 00:02:19 Job executing on host: <18.12.9.6:49782>
...
006 (265345.000.000) 04/28 00:02:19 Image size of job updated: 1
	0  -  MemoryUsage of job (MB)
	0  -  ResidentSetSize of job (KB)
...
005 (265345.000.000) 04/28 00:02:19 Job terminated.
	(1) Normal termination (return value 1)
		Usr 0 00:00:00, Sys 0 00:00:00  -  Run Remote Usage
		Usr 0 00:00:00, Sys 0 00:00:00  -  Run Local Usage
		Usr 0 00:00:00, Sys 0 00:00:00  -  Total Remote Usage
		Usr 0 00:00:00, Sys 0 00:00:00  -  Total Local Usage
	1203  -  Run Bytes Sent By Job
	33265  -  Run Bytes Received By Job
	1203  -  Total Bytes Sent By Job
	33265  -  Total Bytes Received By Job
	Partitionable Resources :    Usage  Request          
	   Cpus                 :                 1          
	   Disk (KB)            :       56       56          
	   Memory (MB)          :        0        0          
...
000 (265452.000.000) 04/28 01:59:53 Job submitted from host: <18.12.1.74:45694>
...
001 (265452.000.000) 04/28 02:01:07 Job executing on host: <18.12.8.241:42117>
...
006 (265452.000.000) 04/28 02:01:16 Image size of job updated: 1
	2  -  MemoryUsage of job (MB)
	1704  -  ResidentSetSize of job (KB)
...
006 (265452.000.000) 04/28 02:06:18 Image size of job updated: 247992
	104  -  MemoryUsage of job (MB)
	106032  -  ResidentSetSize of job (KB)
...
006 (265452.000.000) 04/28 02:11:18 Image size of job updated: 316668
	161  -  MemoryUsage of job (MB)
	164552  -  ResidentSetSize of job (KB)
...
006 (265452.000.000) 04/28 02:16:20 Image size of job updated: 320296
	164  -  MemoryUsage of job (MB)
	167596  -  ResidentSetSize of job (KB)
...
006 (265452.000.000) 04/28 02:21:20 Image size of job updated: 326532
	171  -  MemoryUsage of job (MB)
	174160  -  ResidentSetSize of job (KB)
...
006 (265452.000.000) 04/28 02:26:21 Image size of job updated: 333872
	178  -  MemoryUsage of job (MB)
	181504  -  ResidentSetSize of job (KB)
...
006 (265452.000.000) 04/28 02:31:21 Image size of job updated: 341632
	185  -  MemoryUsage of job (MB)
	189276  -  ResidentSetSize of job (KB)
...
006 (265452.000.000) 04/28 02:36:21 Image size of job updated: 347404
	191  -  MemoryUsage of job (MB)
	195052  -  ResidentSetSize of job (KB)
...
006 (265452.000.000) 04/28 02:40:32 Image size of job updated: 352416
	191  -  MemoryUsage of job (MB)
	195052  -  ResidentSetSize of job (KB)
...
005 (265452.000.000) 04/28 02:40:32 Job terminated.
	(1) Normal termination (return value 0)
		Usr 0 00:36:43, Sys 0 00:01:07  -  Run Remote Usage
		Usr 0 00:00:00, Sys 0 00:00:00  -  Run Local Usage
		Usr 0 00:36:43, Sys 0 00:01:07  -  Total Remote Usage
		Usr 0 00:00:00, Sys 0 00:00:00  -  Total Local Usage
	141189  -  Run Bytes Sent By Job
	33279  -  Run Bytes Received By Job
	141189  -  Total Bytes Sent By Job
	33279  -  Total Bytes Received By Job
	Partitionable Resources :    Usage  Request          
	   Cpus                 :                 1          
	   Disk (KB)            :     3111     3111          
	   Memory (MB)          :      191      191          
...
