000 (263932.000.000) 04/26 04:23:05 Job submitted from host: <18.12.1.74:45694>
...
001 (263932.000.000) 04/26 04:24:18 Job executing on host: <18.12.8.134:43285>
...
006 (263932.000.000) 04/26 04:24:26 Image size of job updated: 1
	2  -  MemoryUsage of job (MB)
	1696  -  ResidentSetSize of job (KB)
...
006 (263932.000.000) 04/26 04:29:26 Image size of job updated: 247524
	113  -  MemoryUsage of job (MB)
	115088  -  ResidentSetSize of job (KB)
...
006 (263932.000.000) 04/26 04:34:27 Image size of job updated: 248768
	114  -  MemoryUsage of job (MB)
	116488  -  ResidentSetSize of job (KB)
...
006 (263932.000.000) 04/26 04:39:27 Image size of job updated: 316360
	169  -  MemoryUsage of job (MB)
	172672  -  ResidentSetSize of job (KB)
...
006 (263932.000.000) 04/26 04:44:28 Image size of job updated: 319280
	172  -  MemoryUsage of job (MB)
	175520  -  ResidentSetSize of job (KB)
...
006 (263932.000.000) 04/26 04:49:28 Image size of job updated: 322732
	172  -  MemoryUsage of job (MB)
	175520  -  ResidentSetSize of job (KB)
...
006 (263932.000.000) 04/26 04:54:29 Image size of job updated: 327280
	172  -  MemoryUsage of job (MB)
	175520  -  ResidentSetSize of job (KB)
...
006 (263932.000.000) 04/26 04:59:29 Image size of job updated: 331528
	174  -  MemoryUsage of job (MB)
	177408  -  ResidentSetSize of job (KB)
...
006 (263932.000.000) 04/26 05:04:31 Image size of job updated: 336980
	179  -  MemoryUsage of job (MB)
	182808  -  ResidentSetSize of job (KB)
...
006 (263932.000.000) 04/26 05:09:31 Image size of job updated: 341160
	183  -  MemoryUsage of job (MB)
	186996  -  ResidentSetSize of job (KB)
...
006 (263932.000.000) 04/26 05:14:33 Image size of job updated: 345028
	187  -  MemoryUsage of job (MB)
	190860  -  ResidentSetSize of job (KB)
...
006 (263932.000.000) 04/26 05:19:33 Image size of job updated: 348488
	190  -  MemoryUsage of job (MB)
	193892  -  ResidentSetSize of job (KB)
...
006 (263932.000.000) 04/26 05:24:35 Image size of job updated: 352400
	194  -  MemoryUsage of job (MB)
	197796  -  ResidentSetSize of job (KB)
...
005 (263932.000.000) 04/26 05:24:54 Job terminated.
	(1) Normal termination (return value 0)
		Usr 0 00:54:41, Sys 0 00:04:23  -  Run Remote Usage
		Usr 0 00:00:00, Sys 0 00:00:00  -  Run Local Usage
		Usr 0 00:54:41, Sys 0 00:04:23  -  Total Remote Usage
		Usr 0 00:00:00, Sys 0 00:00:00  -  Total Local Usage
	141712  -  Run Bytes Sent By Job
	32753  -  Run Bytes Received By Job
	141712  -  Total Bytes Sent By Job
	32753  -  Total Bytes Received By Job
	Partitionable Resources :    Usage  Request          
	   Cpus                 :                 1          
	   Disk (KB)            :     3457     3457          
	   Memory (MB)          :      194      194          
...
000 (265341.000.000) 04/28 00:01:22 Job submitted from host: <18.12.1.74:45694>
...
001 (265341.000.000) 04/28 00:02:18 Job executing on host: <18.12.8.3:47592>
...
006 (265341.000.000) 04/28 00:02:19 Image size of job updated: 1
	0  -  MemoryUsage of job (MB)
	0  -  ResidentSetSize of job (KB)
...
005 (265341.000.000) 04/28 00:02:19 Job terminated.
	(1) Normal termination (return value 1)
		Usr 0 00:00:00, Sys 0 00:00:00  -  Run Remote Usage
		Usr 0 00:00:00, Sys 0 00:00:00  -  Run Local Usage
		Usr 0 00:00:00, Sys 0 00:00:00  -  Total Remote Usage
		Usr 0 00:00:00, Sys 0 00:00:00  -  Total Local Usage
	1203  -  Run Bytes Sent By Job
	33265  -  Run Bytes Received By Job
	1203  -  Total Bytes Sent By Job
	33265  -  Total Bytes Received By Job
	Partitionable Resources :    Usage  Request          
	   Cpus                 :                 1          
	   Disk (KB)            :       56       56          
	   Memory (MB)          :        0        0          
...
000 (265448.000.000) 04/28 01:59:53 Job submitted from host: <18.12.1.74:45694>
...
001 (265448.000.000) 04/28 02:01:07 Job executing on host: <18.12.8.194:42336>
...
006 (265448.000.000) 04/28 02:01:15 Image size of job updated: 211368
	105  -  MemoryUsage of job (MB)
	106916  -  ResidentSetSize of job (KB)
...
006 (265448.000.000) 04/28 02:06:15 Image size of job updated: 247568
	105  -  MemoryUsage of job (MB)
	106916  -  ResidentSetSize of job (KB)
...
006 (265448.000.000) 04/28 02:11:16 Image size of job updated: 316420
	162  -  MemoryUsage of job (MB)
	165280  -  ResidentSetSize of job (KB)
...
006 (265448.000.000) 04/28 02:16:16 Image size of job updated: 319204
	165  -  MemoryUsage of job (MB)
	167976  -  ResidentSetSize of job (KB)
...
006 (265448.000.000) 04/28 02:21:18 Image size of job updated: 324276
	169  -  MemoryUsage of job (MB)
	172336  -  ResidentSetSize of job (KB)
...
006 (265448.000.000) 04/28 02:26:18 Image size of job updated: 329288
	174  -  MemoryUsage of job (MB)
	177356  -  ResidentSetSize of job (KB)
...
006 (265448.000.000) 04/28 02:31:19 Image size of job updated: 335936
	180  -  MemoryUsage of job (MB)
	183956  -  ResidentSetSize of job (KB)
...
006 (265448.000.000) 04/28 02:36:19 Image size of job updated: 341732
	186  -  MemoryUsage of job (MB)
	189752  -  ResidentSetSize of job (KB)
...
006 (265448.000.000) 04/28 02:41:19 Image size of job updated: 346368
	190  -  MemoryUsage of job (MB)
	194384  -  ResidentSetSize of job (KB)
...
006 (265448.000.000) 04/28 02:46:20 Image size of job updated: 350648
	195  -  MemoryUsage of job (MB)
	198664  -  ResidentSetSize of job (KB)
...
006 (265448.000.000) 04/28 02:48:37 Image size of job updated: 352540
	195  -  MemoryUsage of job (MB)
	198664  -  ResidentSetSize of job (KB)
...
005 (265448.000.000) 04/28 02:48:37 Job terminated.
	(1) Normal termination (return value 0)
		Usr 0 00:44:26, Sys 0 00:01:15  -  Run Remote Usage
		Usr 0 00:00:00, Sys 0 00:00:00  -  Run Local Usage
		Usr 0 00:44:26, Sys 0 00:01:15  -  Total Remote Usage
		Usr 0 00:00:00, Sys 0 00:00:00  -  Total Local Usage
	140932  -  Run Bytes Sent By Job
	33279  -  Run Bytes Received By Job
	140932  -  Total Bytes Sent By Job
	33279  -  Total Bytes Received By Job
	Partitionable Resources :    Usage  Request          
	   Cpus                 :                 1          
	   Disk (KB)            :     3336     3336          
	   Memory (MB)          :      195      195          
...
