000 (263924.000.000) 04/26 04:23:04 Job submitted from host: <18.12.1.74:45694>
...
001 (263924.000.000) 04/26 04:24:18 Job executing on host: <18.12.8.211:44088>
...
006 (263924.000.000) 04/26 04:24:26 Image size of job updated: 66936
	10  -  MemoryUsage of job (MB)
	9612  -  ResidentSetSize of job (KB)
...
006 (263924.000.000) 04/26 04:29:26 Image size of job updated: 247528
	113  -  MemoryUsage of job (MB)
	115100  -  ResidentSetSize of job (KB)
...
006 (263924.000.000) 04/26 04:34:27 Image size of job updated: 248772
	114  -  MemoryUsage of job (MB)
	116492  -  ResidentSetSize of job (KB)
...
006 (263924.000.000) 04/26 04:39:27 Image size of job updated: 316508
	164  -  MemoryUsage of job (MB)
	166924  -  ResidentSetSize of job (KB)
...
006 (263924.000.000) 04/26 04:44:28 Image size of job updated: 319172
	164  -  MemoryUsage of job (MB)
	166924  -  ResidentSetSize of job (KB)
...
006 (263924.000.000) 04/26 04:49:28 Image size of job updated: 321968
	165  -  MemoryUsage of job (MB)
	168192  -  ResidentSetSize of job (KB)
...
006 (263924.000.000) 04/26 04:54:29 Image size of job updated: 326328
	169  -  MemoryUsage of job (MB)
	172352  -  ResidentSetSize of job (KB)
...
006 (263924.000.000) 04/26 04:59:29 Image size of job updated: 331004
	173  -  MemoryUsage of job (MB)
	176492  -  ResidentSetSize of job (KB)
...
006 (263924.000.000) 04/26 05:04:31 Image size of job updated: 336416
	178  -  MemoryUsage of job (MB)
	181916  -  ResidentSetSize of job (KB)
...
006 (263924.000.000) 04/26 05:09:31 Image size of job updated: 341428
	183  -  MemoryUsage of job (MB)
	186944  -  ResidentSetSize of job (KB)
...
006 (263924.000.000) 04/26 05:14:33 Image size of job updated: 345668
	187  -  MemoryUsage of job (MB)
	191188  -  ResidentSetSize of job (KB)
...
006 (263924.000.000) 04/26 05:19:33 Image size of job updated: 350236
	192  -  MemoryUsage of job (MB)
	195760  -  ResidentSetSize of job (KB)
...
006 (263924.000.000) 04/26 05:22:08 Image size of job updated: 352228
	192  -  MemoryUsage of job (MB)
	195760  -  ResidentSetSize of job (KB)
...
005 (263924.000.000) 04/26 05:22:09 Job terminated.
	(1) Normal termination (return value 0)
		Usr 0 00:53:42, Sys 0 00:01:57  -  Run Remote Usage
		Usr 0 00:00:00, Sys 0 00:00:00  -  Run Local Usage
		Usr 0 00:53:42, Sys 0 00:01:57  -  Total Remote Usage
		Usr 0 00:00:00, Sys 0 00:00:00  -  Total Local Usage
	142576  -  Run Bytes Sent By Job
	32753  -  Run Bytes Received By Job
	142576  -  Total Bytes Sent By Job
	32753  -  Total Bytes Received By Job
	Partitionable Resources :    Usage  Request          
	   Cpus                 :                 1          
	   Disk (KB)            :     3297     3297          
	   Memory (MB)          :      192      192          
...
000 (265333.000.000) 04/28 00:01:22 Job submitted from host: <18.12.1.74:45694>
...
001 (265333.000.000) 04/28 00:02:18 Job executing on host: <18.12.8.165:46351>
...
006 (265333.000.000) 04/28 00:02:18 Image size of job updated: 1
	0  -  MemoryUsage of job (MB)
	0  -  ResidentSetSize of job (KB)
...
005 (265333.000.000) 04/28 00:02:19 Job terminated.
	(1) Normal termination (return value 1)
		Usr 0 00:00:00, Sys 0 00:00:00  -  Run Remote Usage
		Usr 0 00:00:00, Sys 0 00:00:00  -  Run Local Usage
		Usr 0 00:00:00, Sys 0 00:00:00  -  Total Remote Usage
		Usr 0 00:00:00, Sys 0 00:00:00  -  Total Local Usage
	1203  -  Run Bytes Sent By Job
	33265  -  Run Bytes Received By Job
	1203  -  Total Bytes Sent By Job
	33265  -  Total Bytes Received By Job
	Partitionable Resources :    Usage  Request          
	   Cpus                 :                 1          
	   Disk (KB)            :       56       56          
	   Memory (MB)          :        0        0          
...
000 (265440.000.000) 04/28 01:59:52 Job submitted from host: <18.12.1.74:45694>
...
001 (265440.000.000) 04/28 02:01:06 Job executing on host: <18.12.8.170:48030>
...
006 (265440.000.000) 04/28 02:01:14 Image size of job updated: 86960
	22  -  MemoryUsage of job (MB)
	22096  -  ResidentSetSize of job (KB)
...
006 (265440.000.000) 04/28 02:06:15 Image size of job updated: 247096
	104  -  MemoryUsage of job (MB)
	105892  -  ResidentSetSize of job (KB)
...
006 (265440.000.000) 04/28 02:11:15 Image size of job updated: 314532
	158  -  MemoryUsage of job (MB)
	160796  -  ResidentSetSize of job (KB)
...
006 (265440.000.000) 04/28 02:16:15 Image size of job updated: 319204
	165  -  MemoryUsage of job (MB)
	168000  -  ResidentSetSize of job (KB)
...
006 (265440.000.000) 04/28 02:21:16 Image size of job updated: 323188
	169  -  MemoryUsage of job (MB)
	172280  -  ResidentSetSize of job (KB)
...
006 (265440.000.000) 04/28 02:26:16 Image size of job updated: 329100
	174  -  MemoryUsage of job (MB)
	178116  -  ResidentSetSize of job (KB)
...
006 (265440.000.000) 04/28 02:31:18 Image size of job updated: 336916
	182  -  MemoryUsage of job (MB)
	185876  -  ResidentSetSize of job (KB)
...
006 (265440.000.000) 04/28 02:36:18 Image size of job updated: 343464
	188  -  MemoryUsage of job (MB)
	192428  -  ResidentSetSize of job (KB)
...
006 (265440.000.000) 04/28 02:41:20 Image size of job updated: 349264
	198  -  MemoryUsage of job (MB)
	201780  -  ResidentSetSize of job (KB)
...
006 (265440.000.000) 04/28 02:44:10 Image size of job updated: 352360
	198  -  MemoryUsage of job (MB)
	201780  -  ResidentSetSize of job (KB)
...
005 (265440.000.000) 04/28 02:44:10 Job terminated.
	(1) Normal termination (return value 0)
		Usr 0 00:38:57, Sys 0 00:01:08  -  Run Remote Usage
		Usr 0 00:00:00, Sys 0 00:00:00  -  Run Local Usage
		Usr 0 00:38:57, Sys 0 00:01:08  -  Total Remote Usage
		Usr 0 00:00:00, Sys 0 00:00:00  -  Total Local Usage
	140912  -  Run Bytes Sent By Job
	33279  -  Run Bytes Received By Job
	140912  -  Total Bytes Sent By Job
	33279  -  Total Bytes Received By Job
	Partitionable Resources :    Usage  Request          
	   Cpus                 :                 1          
	   Disk (KB)            :     3274     3274          
	   Memory (MB)          :      198      198          
...
