000 (263943.000.000) 04/26 04:23:06 Job submitted from host: <18.12.1.74:45694>
...
001 (263943.000.000) 04/26 04:24:19 Job executing on host: <18.12.8.226:42044>
...
006 (263943.000.000) 04/26 04:24:27 Image size of job updated: 1
	2  -  MemoryUsage of job (MB)
	1720  -  ResidentSetSize of job (KB)
...
006 (263943.000.000) 04/26 04:29:27 Image size of job updated: 247524
	113  -  MemoryUsage of job (MB)
	115124  -  ResidentSetSize of job (KB)
...
006 (263943.000.000) 04/26 04:34:27 Image size of job updated: 316328
	169  -  MemoryUsage of job (MB)
	172568  -  ResidentSetSize of job (KB)
...
006 (263943.000.000) 04/26 04:39:27 Image size of job updated: 317880
	171  -  MemoryUsage of job (MB)
	174344  -  ResidentSetSize of job (KB)
...
006 (263943.000.000) 04/26 04:44:27 Image size of job updated: 321316
	174  -  MemoryUsage of job (MB)
	177764  -  ResidentSetSize of job (KB)
...
006 (263943.000.000) 04/26 04:49:28 Image size of job updated: 326712
	179  -  MemoryUsage of job (MB)
	182988  -  ResidentSetSize of job (KB)
...
006 (263943.000.000) 04/26 04:54:28 Image size of job updated: 332528
	185  -  MemoryUsage of job (MB)
	188432  -  ResidentSetSize of job (KB)
...
006 (263943.000.000) 04/26 04:59:29 Image size of job updated: 339540
	191  -  MemoryUsage of job (MB)
	195400  -  ResidentSetSize of job (KB)
...
006 (263943.000.000) 04/26 05:04:29 Image size of job updated: 345416
	197  -  MemoryUsage of job (MB)
	201172  -  ResidentSetSize of job (KB)
...
006 (263943.000.000) 04/26 05:09:31 Image size of job updated: 349652
	201  -  MemoryUsage of job (MB)
	205412  -  ResidentSetSize of job (KB)
...
006 (263943.000.000) 04/26 05:12:46 Image size of job updated: 352348
	201  -  MemoryUsage of job (MB)
	205412  -  ResidentSetSize of job (KB)
...
005 (263943.000.000) 04/26 05:12:46 Job terminated.
	(1) Normal termination (return value 0)
		Usr 0 00:45:53, Sys 0 00:01:31  -  Run Remote Usage
		Usr 0 00:00:00, Sys 0 00:00:00  -  Run Local Usage
		Usr 0 00:45:53, Sys 0 00:01:31  -  Total Remote Usage
		Usr 0 00:00:00, Sys 0 00:00:00  -  Total Local Usage
	141074  -  Run Bytes Sent By Job
	32753  -  Run Bytes Received By Job
	141074  -  Total Bytes Sent By Job
	32753  -  Total Bytes Received By Job
	Partitionable Resources :    Usage  Request          
	   Cpus                 :                 1          
	   Disk (KB)            :     3275     3275          
	   Memory (MB)          :      201      201          
...
000 (265352.000.000) 04/28 00:01:24 Job submitted from host: <18.12.1.74:45694>
...
001 (265352.000.000) 04/28 00:02:19 Job executing on host: <18.12.8.223:41387>
...
006 (265352.000.000) 04/28 00:02:20 Image size of job updated: 1
	0  -  MemoryUsage of job (MB)
	0  -  ResidentSetSize of job (KB)
...
005 (265352.000.000) 04/28 00:02:20 Job terminated.
	(1) Normal termination (return value 1)
		Usr 0 00:00:00, Sys 0 00:00:00  -  Run Remote Usage
		Usr 0 00:00:00, Sys 0 00:00:00  -  Run Local Usage
		Usr 0 00:00:00, Sys 0 00:00:00  -  Total Remote Usage
		Usr 0 00:00:00, Sys 0 00:00:00  -  Total Local Usage
	1202  -  Run Bytes Sent By Job
	33265  -  Run Bytes Received By Job
	1202  -  Total Bytes Sent By Job
	33265  -  Total Bytes Received By Job
	Partitionable Resources :    Usage  Request          
	   Cpus                 :                 1          
	   Disk (KB)            :       56       56          
	   Memory (MB)          :        0        0          
...
000 (265459.000.000) 04/28 01:59:54 Job submitted from host: <18.12.1.74:45694>
...
001 (265459.000.000) 04/28 02:01:08 Job executing on host: <18.12.12.8:49709>
...
006 (265459.000.000) 04/28 02:01:16 Image size of job updated: 1
	2  -  MemoryUsage of job (MB)
	1704  -  ResidentSetSize of job (KB)
...
006 (265459.000.000) 04/28 02:06:16 Image size of job updated: 247568
	104  -  MemoryUsage of job (MB)
	105640  -  ResidentSetSize of job (KB)
...
006 (265459.000.000) 04/28 02:11:17 Image size of job updated: 316524
	161  -  MemoryUsage of job (MB)
	164568  -  ResidentSetSize of job (KB)
...
006 (265459.000.000) 04/28 02:16:17 Image size of job updated: 319248
	164  -  MemoryUsage of job (MB)
	167244  -  ResidentSetSize of job (KB)
...
006 (265459.000.000) 04/28 02:21:19 Image size of job updated: 324096
	169  -  MemoryUsage of job (MB)
	172344  -  ResidentSetSize of job (KB)
...
006 (265459.000.000) 04/28 02:26:19 Image size of job updated: 329896
	174  -  MemoryUsage of job (MB)
	178160  -  ResidentSetSize of job (KB)
...
006 (265459.000.000) 04/28 02:31:20 Image size of job updated: 337236
	182  -  MemoryUsage of job (MB)
	185500  -  ResidentSetSize of job (KB)
...
006 (265459.000.000) 04/28 02:36:20 Image size of job updated: 345132
	189  -  MemoryUsage of job (MB)
	193260  -  ResidentSetSize of job (KB)
...
006 (265459.000.000) 04/28 02:41:21 Image size of job updated: 349780
	193  -  MemoryUsage of job (MB)
	197384  -  ResidentSetSize of job (KB)
...
006 (265459.000.000) 04/28 02:44:28 Image size of job updated: 352468
	193  -  MemoryUsage of job (MB)
	197384  -  ResidentSetSize of job (KB)
...
005 (265459.000.000) 04/28 02:44:28 Job terminated.
	(1) Normal termination (return value 0)
		Usr 0 00:40:40, Sys 0 00:01:11  -  Run Remote Usage
		Usr 0 00:00:00, Sys 0 00:00:00  -  Run Local Usage
		Usr 0 00:40:40, Sys 0 00:01:11  -  Total Remote Usage
		Usr 0 00:00:00, Sys 0 00:00:00  -  Total Local Usage
	141029  -  Run Bytes Sent By Job
	33279  -  Run Bytes Received By Job
	141029  -  Total Bytes Sent By Job
	33279  -  Total Bytes Received By Job
	Partitionable Resources :    Usage  Request          
	   Cpus                 :                 1          
	   Disk (KB)            :     3289     3289          
	   Memory (MB)          :      193      193          
...
