000 (263917.000.000) 04/26 04:23:04 Job submitted from host: <18.12.1.74:45694>
...
001 (263917.000.000) 04/26 04:24:15 Job executing on host: <18.12.8.236:40000>
...
006 (263917.000.000) 04/26 04:24:23 Image size of job updated: 234740
	144  -  MemoryUsage of job (MB)
	146844  -  ResidentSetSize of job (KB)
...
006 (263917.000.000) 04/26 04:29:24 Image size of job updated: 247528
	144  -  MemoryUsage of job (MB)
	146844  -  ResidentSetSize of job (KB)
...
006 (263917.000.000) 04/26 04:34:24 Image size of job updated: 316320
	161  -  MemoryUsage of job (MB)
	164008  -  ResidentSetSize of job (KB)
...
006 (263917.000.000) 04/26 04:39:25 Image size of job updated: 317940
	162  -  MemoryUsage of job (MB)
	165452  -  ResidentSetSize of job (KB)
...
006 (263917.000.000) 04/26 04:44:25 Image size of job updated: 321892
	166  -  MemoryUsage of job (MB)
	169520  -  ResidentSetSize of job (KB)
...
006 (263917.000.000) 04/26 04:49:25 Image size of job updated: 327308
	171  -  MemoryUsage of job (MB)
	174808  -  ResidentSetSize of job (KB)
...
006 (263917.000.000) 04/26 04:54:26 Image size of job updated: 332692
	176  -  MemoryUsage of job (MB)
	180192  -  ResidentSetSize of job (KB)
...
006 (263917.000.000) 04/26 04:59:26 Image size of job updated: 338084
	181  -  MemoryUsage of job (MB)
	184684  -  ResidentSetSize of job (KB)
...
006 (263917.000.000) 04/26 05:04:27 Image size of job updated: 344196
	187  -  MemoryUsage of job (MB)
	190816  -  ResidentSetSize of job (KB)
...
006 (263917.000.000) 04/26 05:09:27 Image size of job updated: 348432
	191  -  MemoryUsage of job (MB)
	195052  -  ResidentSetSize of job (KB)
...
006 (263917.000.000) 04/26 05:14:18 Image size of job updated: 352348
	191  -  MemoryUsage of job (MB)
	195052  -  ResidentSetSize of job (KB)
...
005 (263917.000.000) 04/26 05:14:18 Job terminated.
	(1) Normal termination (return value 0)
		Usr 0 00:47:07, Sys 0 00:01:36  -  Run Remote Usage
		Usr 0 00:00:00, Sys 0 00:00:00  -  Run Local Usage
		Usr 0 00:47:07, Sys 0 00:01:36  -  Total Remote Usage
		Usr 0 00:00:00, Sys 0 00:00:00  -  Total Local Usage
	141039  -  Run Bytes Sent By Job
	32753  -  Run Bytes Received By Job
	141039  -  Total Bytes Sent By Job
	32753  -  Total Bytes Received By Job
	Partitionable Resources :    Usage  Request          
	   Cpus                 :                 1          
	   Disk (KB)            :     3130     3130          
	   Memory (MB)          :      191      191          
...
000 (265326.000.000) 04/28 00:01:21 Job submitted from host: <18.12.1.74:45694>
...
001 (265326.000.000) 04/28 00:02:17 Job executing on host: <18.12.8.191:41679>
...
006 (265326.000.000) 04/28 00:02:18 Image size of job updated: 1
	0  -  MemoryUsage of job (MB)
	0  -  ResidentSetSize of job (KB)
...
005 (265326.000.000) 04/28 00:02:18 Job terminated.
	(1) Normal termination (return value 1)
		Usr 0 00:00:00, Sys 0 00:00:00  -  Run Remote Usage
		Usr 0 00:00:00, Sys 0 00:00:00  -  Run Local Usage
		Usr 0 00:00:00, Sys 0 00:00:00  -  Total Remote Usage
		Usr 0 00:00:00, Sys 0 00:00:00  -  Total Local Usage
	1200  -  Run Bytes Sent By Job
	33265  -  Run Bytes Received By Job
	1200  -  Total Bytes Sent By Job
	33265  -  Total Bytes Received By Job
	Partitionable Resources :    Usage  Request          
	   Cpus                 :                 1          
	   Disk (KB)            :       56       56          
	   Memory (MB)          :        0        0          
...
000 (265433.000.000) 04/28 01:59:51 Job submitted from host: <18.12.1.74:45694>
...
001 (265433.000.000) 04/28 02:01:05 Job executing on host: <18.12.9.10:40146>
...
006 (265433.000.000) 04/28 02:01:14 Image size of job updated: 110816
	25  -  MemoryUsage of job (MB)
	25452  -  ResidentSetSize of job (KB)
...
006 (265433.000.000) 04/28 02:06:15 Image size of job updated: 247568
	104  -  MemoryUsage of job (MB)
	105600  -  ResidentSetSize of job (KB)
...
006 (265433.000.000) 04/28 02:11:15 Image size of job updated: 316680
	161  -  MemoryUsage of job (MB)
	164564  -  ResidentSetSize of job (KB)
...
006 (265433.000.000) 04/28 02:16:17 Image size of job updated: 320420
	165  -  MemoryUsage of job (MB)
	168192  -  ResidentSetSize of job (KB)
...
006 (265433.000.000) 04/28 02:21:17 Image size of job updated: 326152
	171  -  MemoryUsage of job (MB)
	174216  -  ResidentSetSize of job (KB)
...
006 (265433.000.000) 04/28 02:26:17 Image size of job updated: 332400
	177  -  MemoryUsage of job (MB)
	180468  -  ResidentSetSize of job (KB)
...
006 (265433.000.000) 04/28 02:31:18 Image size of job updated: 338904
	183  -  MemoryUsage of job (MB)
	186984  -  ResidentSetSize of job (KB)
...
006 (265433.000.000) 04/28 02:36:18 Image size of job updated: 345520
	190  -  MemoryUsage of job (MB)
	193600  -  ResidentSetSize of job (KB)
...
006 (265433.000.000) 04/28 02:41:20 Image size of job updated: 350164
	194  -  MemoryUsage of job (MB)
	198244  -  ResidentSetSize of job (KB)
...
006 (265433.000.000) 04/28 02:43:59 Image size of job updated: 352884
	194  -  MemoryUsage of job (MB)
	198244  -  ResidentSetSize of job (KB)
...
005 (265433.000.000) 04/28 02:43:59 Job terminated.
	(1) Normal termination (return value 0)
		Usr 0 00:39:57, Sys 0 00:01:10  -  Run Remote Usage
		Usr 0 00:00:00, Sys 0 00:00:00  -  Run Local Usage
		Usr 0 00:39:57, Sys 0 00:01:10  -  Total Remote Usage
		Usr 0 00:00:00, Sys 0 00:00:00  -  Total Local Usage
	140983  -  Run Bytes Sent By Job
	33279  -  Run Bytes Received By Job
	140983  -  Total Bytes Sent By Job
	33279  -  Total Bytes Received By Job
	Partitionable Resources :    Usage  Request          
	   Cpus                 :                 1          
	   Disk (KB)            :     3299     3299          
	   Memory (MB)          :      194      194          
...
