000 (263920.000.000) 04/26 04:23:04 Job submitted from host: <18.12.1.74:45694>
...
001 (263920.000.000) 04/26 04:24:17 Job executing on host: <18.12.8.82:42409>
...
006 (263920.000.000) 04/26 04:24:25 Image size of job updated: 1
	2  -  MemoryUsage of job (MB)
	1704  -  ResidentSetSize of job (KB)
...
006 (263920.000.000) 04/26 04:29:25 Image size of job updated: 247524
	113  -  MemoryUsage of job (MB)
	115092  -  ResidentSetSize of job (KB)
...
006 (263920.000.000) 04/26 04:34:25 Image size of job updated: 248352
	114  -  MemoryUsage of job (MB)
	115928  -  ResidentSetSize of job (KB)
...
006 (263920.000.000) 04/26 04:39:25 Image size of job updated: 316364
	169  -  MemoryUsage of job (MB)
	172928  -  ResidentSetSize of job (KB)
...
006 (263920.000.000) 04/26 04:44:26 Image size of job updated: 317880
	171  -  MemoryUsage of job (MB)
	174292  -  ResidentSetSize of job (KB)
...
006 (263920.000.000) 04/26 04:49:26 Image size of job updated: 319724
	173  -  MemoryUsage of job (MB)
	176168  -  ResidentSetSize of job (KB)
...
006 (263920.000.000) 04/26 04:54:28 Image size of job updated: 322420
	175  -  MemoryUsage of job (MB)
	179136  -  ResidentSetSize of job (KB)
...
006 (263920.000.000) 04/26 04:59:28 Image size of job updated: 325556
	178  -  MemoryUsage of job (MB)
	182252  -  ResidentSetSize of job (KB)
...
006 (263920.000.000) 04/26 05:04:30 Image size of job updated: 329012
	182  -  MemoryUsage of job (MB)
	185708  -  ResidentSetSize of job (KB)
...
006 (263920.000.000) 04/26 05:09:30 Image size of job updated: 333644
	186  -  MemoryUsage of job (MB)
	190336  -  ResidentSetSize of job (KB)
...
006 (263920.000.000) 04/26 05:14:32 Image size of job updated: 338288
	191  -  MemoryUsage of job (MB)
	194980  -  ResidentSetSize of job (KB)
...
006 (263920.000.000) 04/26 05:19:32 Image size of job updated: 342512
	194  -  MemoryUsage of job (MB)
	198280  -  ResidentSetSize of job (KB)
...
006 (263920.000.000) 04/26 05:24:34 Image size of job updated: 346372
	198  -  MemoryUsage of job (MB)
	202284  -  ResidentSetSize of job (KB)
...
006 (263920.000.000) 04/26 05:29:34 Image size of job updated: 349460
	201  -  MemoryUsage of job (MB)
	205320  -  ResidentSetSize of job (KB)
...
006 (263920.000.000) 04/26 05:34:17 Image size of job updated: 352212
	201  -  MemoryUsage of job (MB)
	205320  -  ResidentSetSize of job (KB)
...
005 (263920.000.000) 04/26 05:34:17 Job terminated.
	(1) Normal termination (return value 0)
		Usr 0 01:02:16, Sys 0 00:05:45  -  Run Remote Usage
		Usr 0 00:00:00, Sys 0 00:00:00  -  Run Local Usage
		Usr 0 01:02:16, Sys 0 00:05:45  -  Total Remote Usage
		Usr 0 00:00:00, Sys 0 00:00:00  -  Total Local Usage
	141051  -  Run Bytes Sent By Job
	32753  -  Run Bytes Received By Job
	141051  -  Total Bytes Sent By Job
	32753  -  Total Bytes Received By Job
	Partitionable Resources :    Usage  Request          
	   Cpus                 :                 1          
	   Disk (KB)            :     3233     3233          
	   Memory (MB)          :      201      201          
...
000 (265329.000.000) 04/28 00:01:21 Job submitted from host: <18.12.1.74:45694>
...
001 (265329.000.000) 04/28 00:02:17 Job executing on host: <18.12.8.228:44526>
...
006 (265329.000.000) 04/28 00:02:18 Image size of job updated: 1
	0  -  MemoryUsage of job (MB)
	0  -  ResidentSetSize of job (KB)
...
005 (265329.000.000) 04/28 00:02:18 Job terminated.
	(1) Normal termination (return value 1)
		Usr 0 00:00:00, Sys 0 00:00:00  -  Run Remote Usage
		Usr 0 00:00:00, Sys 0 00:00:00  -  Run Local Usage
		Usr 0 00:00:00, Sys 0 00:00:00  -  Total Remote Usage
		Usr 0 00:00:00, Sys 0 00:00:00  -  Total Local Usage
	1200  -  Run Bytes Sent By Job
	33265  -  Run Bytes Received By Job
	1200  -  Total Bytes Sent By Job
	33265  -  Total Bytes Received By Job
	Partitionable Resources :    Usage  Request          
	   Cpus                 :                 1          
	   Disk (KB)            :       56       56          
	   Memory (MB)          :        0        0          
...
000 (265436.000.000) 04/28 01:59:51 Job submitted from host: <18.12.1.74:45694>
...
001 (265436.000.000) 04/28 02:01:06 Job executing on host: <18.12.9.27:43796>
...
006 (265436.000.000) 04/28 02:01:14 Image size of job updated: 9244
	2  -  MemoryUsage of job (MB)
	1280  -  ResidentSetSize of job (KB)
...
006 (265436.000.000) 04/28 02:06:14 Image size of job updated: 211512
	108  -  MemoryUsage of job (MB)
	109720  -  ResidentSetSize of job (KB)
...
006 (265436.000.000) 04/28 02:11:14 Image size of job updated: 247572
	118  -  MemoryUsage of job (MB)
	119896  -  ResidentSetSize of job (KB)
...
006 (265436.000.000) 04/28 02:16:14 Image size of job updated: 248820
	121  -  MemoryUsage of job (MB)
	123304  -  ResidentSetSize of job (KB)
...
006 (265436.000.000) 04/28 02:21:14 Image size of job updated: 316560
	180  -  MemoryUsage of job (MB)
	183464  -  ResidentSetSize of job (KB)
...
006 (265436.000.000) 04/28 02:26:14 Image size of job updated: 319220
	182  -  MemoryUsage of job (MB)
	186080  -  ResidentSetSize of job (KB)
...
006 (265436.000.000) 04/28 02:31:14 Image size of job updated: 320940
	184  -  MemoryUsage of job (MB)
	187840  -  ResidentSetSize of job (KB)
...
006 (265436.000.000) 04/28 02:36:14 Image size of job updated: 324476
	187  -  MemoryUsage of job (MB)
	190836  -  ResidentSetSize of job (KB)
...
006 (265436.000.000) 04/28 02:41:14 Image size of job updated: 328268
	191  -  MemoryUsage of job (MB)
	194624  -  ResidentSetSize of job (KB)
...
006 (265436.000.000) 04/28 02:46:15 Image size of job updated: 332588
	195  -  MemoryUsage of job (MB)
	198948  -  ResidentSetSize of job (KB)
...
006 (265436.000.000) 04/28 02:51:15 Image size of job updated: 337208
	199  -  MemoryUsage of job (MB)
	203572  -  ResidentSetSize of job (KB)
...
006 (265436.000.000) 04/28 02:56:16 Image size of job updated: 341856
	204  -  MemoryUsage of job (MB)
	208216  -  ResidentSetSize of job (KB)
...
006 (265436.000.000) 04/28 03:01:16 Image size of job updated: 345736
	208  -  MemoryUsage of job (MB)
	212092  -  ResidentSetSize of job (KB)
...
006 (265436.000.000) 04/28 03:06:17 Image size of job updated: 348908
	211  -  MemoryUsage of job (MB)
	215216  -  ResidentSetSize of job (KB)
...
006 (265436.000.000) 04/28 03:11:17 Image size of job updated: 351580
	213  -  MemoryUsage of job (MB)
	217888  -  ResidentSetSize of job (KB)
...
006 (265436.000.000) 04/28 03:13:15 Image size of job updated: 352356
	213  -  MemoryUsage of job (MB)
	217888  -  ResidentSetSize of job (KB)
...
005 (265436.000.000) 04/28 03:13:16 Job terminated.
	(1) Normal termination (return value 0)
		Usr 0 00:41:44, Sys 0 00:01:25  -  Run Remote Usage
		Usr 0 00:00:00, Sys 0 00:00:00  -  Run Local Usage
		Usr 0 00:41:44, Sys 0 00:01:25  -  Total Remote Usage
		Usr 0 00:00:00, Sys 0 00:00:00  -  Total Local Usage
	141640  -  Run Bytes Sent By Job
	33279  -  Run Bytes Received By Job
	141640  -  Total Bytes Sent By Job
	33279  -  Total Bytes Received By Job
	Partitionable Resources :    Usage  Request          
	   Cpus                 :                 1          
	   Disk (KB)            :     3442     3442          
	   Memory (MB)          :      213      213          
...
