000 (263922.000.000) 04/26 04:23:04 Job submitted from host: <18.12.1.74:45694>
...
001 (263922.000.000) 04/26 04:24:17 Job executing on host: <18.12.8.111:46132>
...
006 (263922.000.000) 04/26 04:24:25 Image size of job updated: 200688
	67  -  MemoryUsage of job (MB)
	68292  -  ResidentSetSize of job (KB)
...
006 (263922.000.000) 04/26 04:29:25 Image size of job updated: 247528
	113  -  MemoryUsage of job (MB)
	115112  -  ResidentSetSize of job (KB)
...
006 (263922.000.000) 04/26 04:34:26 Image size of job updated: 248760
	114  -  MemoryUsage of job (MB)
	116508  -  ResidentSetSize of job (KB)
...
006 (263922.000.000) 04/26 04:39:26 Image size of job updated: 316436
	169  -  MemoryUsage of job (MB)
	172964  -  ResidentSetSize of job (KB)
...
006 (263922.000.000) 04/26 04:44:27 Image size of job updated: 319848
	173  -  MemoryUsage of job (MB)
	176208  -  ResidentSetSize of job (KB)
...
006 (263922.000.000) 04/26 04:49:27 Image size of job updated: 323640
	177  -  MemoryUsage of job (MB)
	180276  -  ResidentSetSize of job (KB)
...
006 (263922.000.000) 04/26 04:54:29 Image size of job updated: 327924
	180  -  MemoryUsage of job (MB)
	183792  -  ResidentSetSize of job (KB)
...
006 (263922.000.000) 04/26 04:59:29 Image size of job updated: 333332
	180  -  MemoryUsage of job (MB)
	183792  -  ResidentSetSize of job (KB)
...
006 (263922.000.000) 04/26 05:04:31 Image size of job updated: 339064
	180  -  MemoryUsage of job (MB)
	183792  -  ResidentSetSize of job (KB)
...
006 (263922.000.000) 04/26 05:09:31 Image size of job updated: 344120
	184  -  MemoryUsage of job (MB)
	187820  -  ResidentSetSize of job (KB)
...
006 (263922.000.000) 04/26 05:14:32 Image size of job updated: 347552
	187  -  MemoryUsage of job (MB)
	191252  -  ResidentSetSize of job (KB)
...
006 (263922.000.000) 04/26 05:19:32 Image size of job updated: 351468
	191  -  MemoryUsage of job (MB)
	195176  -  ResidentSetSize of job (KB)
...
006 (263922.000.000) 04/26 05:20:40 Image size of job updated: 352240
	191  -  MemoryUsage of job (MB)
	195176  -  ResidentSetSize of job (KB)
...
005 (263922.000.000) 04/26 05:20:40 Job terminated.
	(1) Normal termination (return value 0)
		Usr 0 00:50:59, Sys 0 00:03:35  -  Run Remote Usage
		Usr 0 00:00:00, Sys 0 00:00:00  -  Run Local Usage
		Usr 0 00:50:59, Sys 0 00:03:35  -  Total Remote Usage
		Usr 0 00:00:00, Sys 0 00:00:00  -  Total Local Usage
	141023  -  Run Bytes Sent By Job
	32753  -  Run Bytes Received By Job
	141023  -  Total Bytes Sent By Job
	32753  -  Total Bytes Received By Job
	Partitionable Resources :    Usage  Request          
	   Cpus                 :                 1          
	   Disk (KB)            :     3427     3427          
	   Memory (MB)          :      191      191          
...
000 (265331.000.000) 04/28 00:01:21 Job submitted from host: <18.12.1.74:45694>
...
001 (265331.000.000) 04/28 00:02:20 Job executing on host: <18.12.8.255:45767>
...
006 (265331.000.000) 04/28 00:02:21 Image size of job updated: 1
	0  -  MemoryUsage of job (MB)
	0  -  ResidentSetSize of job (KB)
...
005 (265331.000.000) 04/28 00:02:21 Job terminated.
	(1) Normal termination (return value 1)
		Usr 0 00:00:00, Sys 0 00:00:00  -  Run Remote Usage
		Usr 0 00:00:00, Sys 0 00:00:00  -  Run Local Usage
		Usr 0 00:00:00, Sys 0 00:00:00  -  Total Remote Usage
		Usr 0 00:00:00, Sys 0 00:00:00  -  Total Local Usage
	1199  -  Run Bytes Sent By Job
	33265  -  Run Bytes Received By Job
	1199  -  Total Bytes Sent By Job
	33265  -  Total Bytes Received By Job
	Partitionable Resources :    Usage  Request          
	   Cpus                 :                 1          
	   Disk (KB)            :       56       56          
	   Memory (MB)          :        0        0          
...
000 (265438.000.000) 04/28 01:59:52 Job submitted from host: <18.12.1.74:45694>
...
001 (265438.000.000) 04/28 02:01:06 Job executing on host: <18.12.8.243:44234>
...
006 (265438.000.000) 04/28 02:01:14 Image size of job updated: 211512
	99  -  MemoryUsage of job (MB)
	101132  -  ResidentSetSize of job (KB)
...
006 (265438.000.000) 04/28 02:06:14 Image size of job updated: 247992
	109  -  MemoryUsage of job (MB)
	110756  -  ResidentSetSize of job (KB)
...
006 (265438.000.000) 04/28 02:11:15 Image size of job updated: 316436
	165  -  MemoryUsage of job (MB)
	168360  -  ResidentSetSize of job (KB)
...
006 (265438.000.000) 04/28 02:16:15 Image size of job updated: 320308
	169  -  MemoryUsage of job (MB)
	172060  -  ResidentSetSize of job (KB)
...
006 (265438.000.000) 04/28 02:21:16 Image size of job updated: 326492
	175  -  MemoryUsage of job (MB)
	178536  -  ResidentSetSize of job (KB)
...
006 (265438.000.000) 04/28 02:26:16 Image size of job updated: 333040
	181  -  MemoryUsage of job (MB)
	185112  -  ResidentSetSize of job (KB)
...
006 (265438.000.000) 04/28 02:31:17 Image size of job updated: 340328
	188  -  MemoryUsage of job (MB)
	192396  -  ResidentSetSize of job (KB)
...
006 (265438.000.000) 04/28 02:36:17 Image size of job updated: 346612
	195  -  MemoryUsage of job (MB)
	198680  -  ResidentSetSize of job (KB)
...
006 (265438.000.000) 04/28 02:41:19 Image size of job updated: 351192
	199  -  MemoryUsage of job (MB)
	203272  -  ResidentSetSize of job (KB)
...
006 (265438.000.000) 04/28 02:42:49 Image size of job updated: 352360
	199  -  MemoryUsage of job (MB)
	203272  -  ResidentSetSize of job (KB)
...
005 (265438.000.000) 04/28 02:42:49 Job terminated.
	(1) Normal termination (return value 0)
		Usr 0 00:38:43, Sys 0 00:01:16  -  Run Remote Usage
		Usr 0 00:00:00, Sys 0 00:00:00  -  Run Local Usage
		Usr 0 00:38:43, Sys 0 00:01:16  -  Total Remote Usage
		Usr 0 00:00:00, Sys 0 00:00:00  -  Total Local Usage
	141056  -  Run Bytes Sent By Job
	33279  -  Run Bytes Received By Job
	141056  -  Total Bytes Sent By Job
	33279  -  Total Bytes Received By Job
	Partitionable Resources :    Usage  Request          
	   Cpus                 :                 1          
	   Disk (KB)            :     3406     3406          
	   Memory (MB)          :      199      199          
...
