000 (263944.000.000) 04/26 04:23:06 Job submitted from host: <18.12.1.74:45694>
...
001 (263944.000.000) 04/26 04:24:19 Job executing on host: <18.12.8.145:44599>
...
006 (263944.000.000) 04/26 04:24:28 Image size of job updated: 200684
	52  -  MemoryUsage of job (MB)
	53036  -  ResidentSetSize of job (KB)
...
006 (263944.000.000) 04/26 04:29:31 Image size of job updated: 247524
	113  -  MemoryUsage of job (MB)
	115084  -  ResidentSetSize of job (KB)
...
006 (263944.000.000) 04/26 04:34:30 Image size of job updated: 314512
	167  -  MemoryUsage of job (MB)
	170000  -  ResidentSetSize of job (KB)
...
006 (263944.000.000) 04/26 04:39:35 Image size of job updated: 317912
	171  -  MemoryUsage of job (MB)
	174344  -  ResidentSetSize of job (KB)
...
006 (263944.000.000) 04/26 04:44:31 Image size of job updated: 320108
	173  -  MemoryUsage of job (MB)
	176576  -  ResidentSetSize of job (KB)
...
006 (263944.000.000) 04/26 04:49:31 Image size of job updated: 324332
	175  -  MemoryUsage of job (MB)
	179092  -  ResidentSetSize of job (KB)
...
006 (263944.000.000) 04/26 04:54:31 Image size of job updated: 329288
	179  -  MemoryUsage of job (MB)
	182788  -  ResidentSetSize of job (KB)
...
006 (263944.000.000) 04/26 04:59:31 Image size of job updated: 334280
	183  -  MemoryUsage of job (MB)
	186600  -  ResidentSetSize of job (KB)
...
006 (263944.000.000) 04/26 05:04:31 Image size of job updated: 339304
	183  -  MemoryUsage of job (MB)
	186600  -  ResidentSetSize of job (KB)
...
006 (263944.000.000) 04/26 05:09:31 Image size of job updated: 344632
	188  -  MemoryUsage of job (MB)
	191536  -  ResidentSetSize of job (KB)
...
006 (263944.000.000) 04/26 05:14:31 Image size of job updated: 348948
	192  -  MemoryUsage of job (MB)
	195836  -  ResidentSetSize of job (KB)
...
006 (263944.000.000) 04/26 05:18:36 Image size of job updated: 352400
	192  -  MemoryUsage of job (MB)
	195836  -  ResidentSetSize of job (KB)
...
005 (263944.000.000) 04/26 05:18:36 Job terminated.
	(1) Normal termination (return value 0)
		Usr 0 00:50:33, Sys 0 00:02:45  -  Run Remote Usage
		Usr 0 00:00:00, Sys 0 00:00:00  -  Run Local Usage
		Usr 0 00:50:33, Sys 0 00:02:45  -  Total Remote Usage
		Usr 0 00:00:00, Sys 0 00:00:00  -  Total Local Usage
	141129  -  Run Bytes Sent By Job
	32753  -  Run Bytes Received By Job
	141129  -  Total Bytes Sent By Job
	32753  -  Total Bytes Received By Job
	Partitionable Resources :    Usage  Request          
	   Cpus                 :                 1          
	   Disk (KB)            :     3194     3194          
	   Memory (MB)          :      192      192          
...
000 (265353.000.000) 04/28 00:01:24 Job submitted from host: <18.12.1.74:45694>
...
001 (265353.000.000) 04/28 00:02:19 Job executing on host: <18.12.8.216:47884>
...
006 (265353.000.000) 04/28 00:02:20 Image size of job updated: 1
	0  -  MemoryUsage of job (MB)
	0  -  ResidentSetSize of job (KB)
...
005 (265353.000.000) 04/28 00:02:20 Job terminated.
	(1) Normal termination (return value 1)
		Usr 0 00:00:00, Sys 0 00:00:00  -  Run Remote Usage
		Usr 0 00:00:00, Sys 0 00:00:00  -  Run Local Usage
		Usr 0 00:00:00, Sys 0 00:00:00  -  Total Remote Usage
		Usr 0 00:00:00, Sys 0 00:00:00  -  Total Local Usage
	1203  -  Run Bytes Sent By Job
	33265  -  Run Bytes Received By Job
	1203  -  Total Bytes Sent By Job
	33265  -  Total Bytes Received By Job
	Partitionable Resources :    Usage  Request          
	   Cpus                 :                 1          
	   Disk (KB)            :       56       56          
	   Memory (MB)          :        0        0          
...
000 (265460.000.000) 04/28 01:59:55 Job submitted from host: <18.12.1.74:45694>
...
001 (265460.000.000) 04/28 02:01:08 Job executing on host: <18.12.8.233:46935>
...
006 (265460.000.000) 04/28 02:01:17 Image size of job updated: 1
	2  -  MemoryUsage of job (MB)
	1712  -  ResidentSetSize of job (KB)
...
006 (265460.000.000) 04/28 02:06:19 Image size of job updated: 247992
	104  -  MemoryUsage of job (MB)
	106032  -  ResidentSetSize of job (KB)
...
006 (265460.000.000) 04/28 02:11:19 Image size of job updated: 316592
	161  -  MemoryUsage of job (MB)
	164552  -  ResidentSetSize of job (KB)
...
006 (265460.000.000) 04/28 02:16:21 Image size of job updated: 320160
	165  -  MemoryUsage of job (MB)
	168156  -  ResidentSetSize of job (KB)
...
006 (265460.000.000) 04/28 02:21:21 Image size of job updated: 325580
	170  -  MemoryUsage of job (MB)
	173864  -  ResidentSetSize of job (KB)
...
006 (265460.000.000) 04/28 02:26:22 Image size of job updated: 332012
	176  -  MemoryUsage of job (MB)
	180040  -  ResidentSetSize of job (KB)
...
006 (265460.000.000) 04/28 02:31:22 Image size of job updated: 339016
	183  -  MemoryUsage of job (MB)
	187048  -  ResidentSetSize of job (KB)
...
006 (265460.000.000) 04/28 02:36:22 Image size of job updated: 345592
	190  -  MemoryUsage of job (MB)
	193624  -  ResidentSetSize of job (KB)
...
006 (265460.000.000) 04/28 02:41:23 Image size of job updated: 350624
	194  -  MemoryUsage of job (MB)
	198136  -  ResidentSetSize of job (KB)
...
006 (265460.000.000) 04/28 02:43:30 Image size of job updated: 352488
	194  -  MemoryUsage of job (MB)
	198136  -  ResidentSetSize of job (KB)
...
005 (265460.000.000) 04/28 02:43:30 Job terminated.
	(1) Normal termination (return value 0)
		Usr 0 00:39:34, Sys 0 00:01:14  -  Run Remote Usage
		Usr 0 00:00:00, Sys 0 00:00:00  -  Run Local Usage
		Usr 0 00:39:34, Sys 0 00:01:14  -  Total Remote Usage
		Usr 0 00:00:00, Sys 0 00:00:00  -  Total Local Usage
	141090  -  Run Bytes Sent By Job
	33279  -  Run Bytes Received By Job
	141090  -  Total Bytes Sent By Job
	33279  -  Total Bytes Received By Job
	Partitionable Resources :    Usage  Request          
	   Cpus                 :                 1          
	   Disk (KB)            :     3338     3338          
	   Memory (MB)          :      194      194          
...
