000 (263938.000.000) 04/26 04:23:06 Job submitted from host: <18.12.1.74:45694>
...
001 (263938.000.000) 04/26 04:24:18 Job executing on host: <18.12.8.135:41971>
...
006 (263938.000.000) 04/26 04:24:27 Image size of job updated: 1
	2  -  MemoryUsage of job (MB)
	1700  -  ResidentSetSize of job (KB)
...
006 (263938.000.000) 04/26 04:29:28 Image size of job updated: 247532
	115  -  MemoryUsage of job (MB)
	116788  -  ResidentSetSize of job (KB)
...
006 (263938.000.000) 04/26 04:34:28 Image size of job updated: 248776
	116  -  MemoryUsage of job (MB)
	118184  -  ResidentSetSize of job (KB)
...
006 (263938.000.000) 04/26 04:39:29 Image size of job updated: 316492
	171  -  MemoryUsage of job (MB)
	174616  -  ResidentSetSize of job (KB)
...
006 (263938.000.000) 04/26 04:44:29 Image size of job updated: 319732
	171  -  MemoryUsage of job (MB)
	174616  -  ResidentSetSize of job (KB)
...
006 (263938.000.000) 04/26 04:49:31 Image size of job updated: 323576
	171  -  MemoryUsage of job (MB)
	174616  -  ResidentSetSize of job (KB)
...
006 (263938.000.000) 04/26 04:54:31 Image size of job updated: 327820
	172  -  MemoryUsage of job (MB)
	175432  -  ResidentSetSize of job (KB)
...
006 (263938.000.000) 04/26 04:59:32 Image size of job updated: 333348
	177  -  MemoryUsage of job (MB)
	180864  -  ResidentSetSize of job (KB)
...
006 (263938.000.000) 04/26 05:04:33 Image size of job updated: 338812
	182  -  MemoryUsage of job (MB)
	186284  -  ResidentSetSize of job (KB)
...
006 (263938.000.000) 04/26 05:09:33 Image size of job updated: 344580
	188  -  MemoryUsage of job (MB)
	192052  -  ResidentSetSize of job (KB)
...
006 (263938.000.000) 04/26 05:14:35 Image size of job updated: 348948
	192  -  MemoryUsage of job (MB)
	196320  -  ResidentSetSize of job (KB)
...
006 (263938.000.000) 04/26 05:18:50 Image size of job updated: 352784
	192  -  MemoryUsage of job (MB)
	196320  -  ResidentSetSize of job (KB)
...
005 (263938.000.000) 04/26 05:18:50 Job terminated.
	(1) Normal termination (return value 0)
		Usr 0 00:49:44, Sys 0 00:03:10  -  Run Remote Usage
		Usr 0 00:00:00, Sys 0 00:00:00  -  Run Local Usage
		Usr 0 00:49:44, Sys 0 00:03:10  -  Total Remote Usage
		Usr 0 00:00:00, Sys 0 00:00:00  -  Total Local Usage
	141706  -  Run Bytes Sent By Job
	32753  -  Run Bytes Received By Job
	141706  -  Total Bytes Sent By Job
	32753  -  Total Bytes Received By Job
	Partitionable Resources :    Usage  Request          
	   Cpus                 :                 1          
	   Disk (KB)            :     3165     3165          
	   Memory (MB)          :      192      192          
...
000 (265347.000.000) 04/28 00:01:23 Job submitted from host: <18.12.1.74:45694>
...
001 (265347.000.000) 04/28 00:02:19 Job executing on host: <18.12.9.9:49928>
...
006 (265347.000.000) 04/28 00:02:19 Image size of job updated: 1
	0  -  MemoryUsage of job (MB)
	0  -  ResidentSetSize of job (KB)
...
005 (265347.000.000) 04/28 00:02:19 Job terminated.
	(1) Normal termination (return value 1)
		Usr 0 00:00:00, Sys 0 00:00:00  -  Run Remote Usage
		Usr 0 00:00:00, Sys 0 00:00:00  -  Run Local Usage
		Usr 0 00:00:00, Sys 0 00:00:00  -  Total Remote Usage
		Usr 0 00:00:00, Sys 0 00:00:00  -  Total Local Usage
	1203  -  Run Bytes Sent By Job
	33265  -  Run Bytes Received By Job
	1203  -  Total Bytes Sent By Job
	33265  -  Total Bytes Received By Job
	Partitionable Resources :    Usage  Request          
	   Cpus                 :                 1          
	   Disk (KB)            :       56       56          
	   Memory (MB)          :        0        0          
...
000 (265454.000.000) 04/28 01:59:54 Job submitted from host: <18.12.1.74:45694>
...
001 (265454.000.000) 04/28 02:01:07 Job executing on host: <18.12.8.214:41533>
...
006 (265454.000.000) 04/28 02:01:16 Image size of job updated: 1
	2  -  MemoryUsage of job (MB)
	1720  -  ResidentSetSize of job (KB)
...
006 (265454.000.000) 04/28 02:06:17 Image size of job updated: 247568
	104  -  MemoryUsage of job (MB)
	106280  -  ResidentSetSize of job (KB)
...
006 (265454.000.000) 04/28 02:11:17 Image size of job updated: 316272
	161  -  MemoryUsage of job (MB)
	164688  -  ResidentSetSize of job (KB)
...
006 (265454.000.000) 04/28 02:16:19 Image size of job updated: 319396
	165  -  MemoryUsage of job (MB)
	168040  -  ResidentSetSize of job (KB)
...
006 (265454.000.000) 04/28 02:21:19 Image size of job updated: 324740
	170  -  MemoryUsage of job (MB)
	173676  -  ResidentSetSize of job (KB)
...
006 (265454.000.000) 04/28 02:26:21 Image size of job updated: 330984
	176  -  MemoryUsage of job (MB)
	179924  -  ResidentSetSize of job (KB)
...
006 (265454.000.000) 04/28 02:31:21 Image size of job updated: 338928
	184  -  MemoryUsage of job (MB)
	187720  -  ResidentSetSize of job (KB)
...
006 (265454.000.000) 04/28 02:36:23 Image size of job updated: 345968
	191  -  MemoryUsage of job (MB)
	194664  -  ResidentSetSize of job (KB)
...
006 (265454.000.000) 04/28 02:41:23 Image size of job updated: 350992
	195  -  MemoryUsage of job (MB)
	199168  -  ResidentSetSize of job (KB)
...
006 (265454.000.000) 04/28 02:42:49 Image size of job updated: 352544
	195  -  MemoryUsage of job (MB)
	199168  -  ResidentSetSize of job (KB)
...
005 (265454.000.000) 04/28 02:42:49 Job terminated.
	(1) Normal termination (return value 0)
		Usr 0 00:37:47, Sys 0 00:01:09  -  Run Remote Usage
		Usr 0 00:00:00, Sys 0 00:00:00  -  Run Local Usage
		Usr 0 00:37:47, Sys 0 00:01:09  -  Total Remote Usage
		Usr 0 00:00:00, Sys 0 00:00:00  -  Total Local Usage
	141037  -  Run Bytes Sent By Job
	33279  -  Run Bytes Received By Job
	141037  -  Total Bytes Sent By Job
	33279  -  Total Bytes Received By Job
	Partitionable Resources :    Usage  Request          
	   Cpus                 :                 1          
	   Disk (KB)            :     3405     3405          
	   Memory (MB)          :      195      195          
...
