000 (263928.000.000) 04/26 04:23:05 Job submitted from host: <18.12.1.74:45694>
...
001 (263928.000.000) 04/26 04:24:17 Job executing on host: <18.12.9.14:46278>
...
006 (263928.000.000) 04/26 04:24:27 Image size of job updated: 211548
	105  -  MemoryUsage of job (MB)
	107044  -  ResidentSetSize of job (KB)
...
006 (263928.000.000) 04/26 04:29:27 Image size of job updated: 247524
	113  -  MemoryUsage of job (MB)
	115124  -  ResidentSetSize of job (KB)
...
006 (263928.000.000) 04/26 04:34:27 Image size of job updated: 314480
	166  -  MemoryUsage of job (MB)
	169516  -  ResidentSetSize of job (KB)
...
006 (263928.000.000) 04/26 04:39:28 Image size of job updated: 317944
	171  -  MemoryUsage of job (MB)
	174360  -  ResidentSetSize of job (KB)
...
006 (263928.000.000) 04/26 04:44:28 Image size of job updated: 320560
	171  -  MemoryUsage of job (MB)
	174360  -  ResidentSetSize of job (KB)
...
006 (263928.000.000) 04/26 04:49:29 Image size of job updated: 324732
	172  -  MemoryUsage of job (MB)
	175320  -  ResidentSetSize of job (KB)
...
006 (263928.000.000) 04/26 04:54:29 Image size of job updated: 329808
	177  -  MemoryUsage of job (MB)
	180252  -  ResidentSetSize of job (KB)
...
006 (263928.000.000) 04/26 04:59:31 Image size of job updated: 336296
	183  -  MemoryUsage of job (MB)
	186724  -  ResidentSetSize of job (KB)
...
006 (263928.000.000) 04/26 05:04:31 Image size of job updated: 342916
	189  -  MemoryUsage of job (MB)
	193304  -  ResidentSetSize of job (KB)
...
006 (263928.000.000) 04/26 05:09:33 Image size of job updated: 346824
	193  -  MemoryUsage of job (MB)
	197216  -  ResidentSetSize of job (KB)
...
006 (263928.000.000) 04/26 05:14:33 Image size of job updated: 350324
	197  -  MemoryUsage of job (MB)
	200708  -  ResidentSetSize of job (KB)
...
006 (263928.000.000) 04/26 05:17:41 Image size of job updated: 352224
	197  -  MemoryUsage of job (MB)
	200708  -  ResidentSetSize of job (KB)
...
005 (263928.000.000) 04/26 05:17:41 Job terminated.
	(1) Normal termination (return value 0)
		Usr 0 00:50:21, Sys 0 00:01:44  -  Run Remote Usage
		Usr 0 00:00:00, Sys 0 00:00:00  -  Run Local Usage
		Usr 0 00:50:21, Sys 0 00:01:44  -  Total Remote Usage
		Usr 0 00:00:00, Sys 0 00:00:00  -  Total Local Usage
	141044  -  Run Bytes Sent By Job
	32753  -  Run Bytes Received By Job
	141044  -  Total Bytes Sent By Job
	32753  -  Total Bytes Received By Job
	Partitionable Resources :    Usage  Request          
	   Cpus                 :                 1          
	   Disk (KB)            :     3313     3313          
	   Memory (MB)          :      197      197          
...
000 (265337.000.000) 04/28 00:01:22 Job submitted from host: <18.12.1.74:45694>
...
001 (265337.000.000) 04/28 00:02:18 Job executing on host: <18.12.12.12:41971>
...
006 (265337.000.000) 04/28 00:02:19 Image size of job updated: 1
	0  -  MemoryUsage of job (MB)
	0  -  ResidentSetSize of job (KB)
...
005 (265337.000.000) 04/28 00:02:19 Job terminated.
	(1) Normal termination (return value 1)
		Usr 0 00:00:00, Sys 0 00:00:00  -  Run Remote Usage
		Usr 0 00:00:00, Sys 0 00:00:00  -  Run Local Usage
		Usr 0 00:00:00, Sys 0 00:00:00  -  Total Remote Usage
		Usr 0 00:00:00, Sys 0 00:00:00  -  Total Local Usage
	1203  -  Run Bytes Sent By Job
	33265  -  Run Bytes Received By Job
	1203  -  Total Bytes Sent By Job
	33265  -  Total Bytes Received By Job
	Partitionable Resources :    Usage  Request          
	   Cpus                 :                 1          
	   Disk (KB)            :       56       56          
	   Memory (MB)          :        0        0          
...
000 (265444.000.000) 04/28 01:59:52 Job submitted from host: <18.12.1.74:45694>
...
001 (265444.000.000) 04/28 02:01:10 Job executing on host: <18.12.8.235:48030>
...
006 (265444.000.000) 04/28 02:01:19 Image size of job updated: 1192
	1  -  MemoryUsage of job (MB)
	152  -  ResidentSetSize of job (KB)
...
006 (265444.000.000) 04/28 02:06:20 Image size of job updated: 247104
	112  -  MemoryUsage of job (MB)
	114668  -  ResidentSetSize of job (KB)
...
006 (265444.000.000) 04/28 02:11:22 Image size of job updated: 314496
	166  -  MemoryUsage of job (MB)
	169932  -  ResidentSetSize of job (KB)
...
006 (265444.000.000) 04/28 02:16:21 Image size of job updated: 319284
	172  -  MemoryUsage of job (MB)
	175712  -  ResidentSetSize of job (KB)
...
006 (265444.000.000) 04/28 02:21:23 Image size of job updated: 324100
	176  -  MemoryUsage of job (MB)
	180076  -  ResidentSetSize of job (KB)
...
006 (265444.000.000) 04/28 02:26:23 Image size of job updated: 330284
	182  -  MemoryUsage of job (MB)
	186268  -  ResidentSetSize of job (KB)
...
006 (265444.000.000) 04/28 02:31:25 Image size of job updated: 338780
	191  -  MemoryUsage of job (MB)
	194768  -  ResidentSetSize of job (KB)
...
006 (265444.000.000) 04/28 02:36:25 Image size of job updated: 345788
	198  -  MemoryUsage of job (MB)
	201736  -  ResidentSetSize of job (KB)
...
006 (265444.000.000) 04/28 02:41:25 Image size of job updated: 350000
	202  -  MemoryUsage of job (MB)
	205944  -  ResidentSetSize of job (KB)
...
006 (265444.000.000) 04/28 02:44:12 Image size of job updated: 352360
	202  -  MemoryUsage of job (MB)
	205944  -  ResidentSetSize of job (KB)
...
005 (265444.000.000) 04/28 02:44:12 Job terminated.
	(1) Normal termination (return value 0)
		Usr 0 00:38:22, Sys 0 00:01:09  -  Run Remote Usage
		Usr 0 00:00:00, Sys 0 00:00:00  -  Run Local Usage
		Usr 0 00:38:22, Sys 0 00:01:09  -  Total Remote Usage
		Usr 0 00:00:00, Sys 0 00:00:00  -  Total Local Usage
	141000  -  Run Bytes Sent By Job
	33279  -  Run Bytes Received By Job
	141000  -  Total Bytes Sent By Job
	33279  -  Total Bytes Received By Job
	Partitionable Resources :    Usage  Request          
	   Cpus                 :                 1          
	   Disk (KB)            :     3321     3321          
	   Memory (MB)          :      202      202          
...
