000 (263958.000.000) 04/26 04:23:08 Job submitted from host: <18.12.1.74:45694>
...
001 (263958.000.000) 04/26 04:24:19 Job executing on host: <18.12.8.246:43504>
...
006 (263958.000.000) 04/26 04:24:28 Image size of job updated: 211552
	105  -  MemoryUsage of job (MB)
	107048  -  ResidentSetSize of job (KB)
...
006 (263958.000.000) 04/26 04:29:28 Image size of job updated: 247536
	113  -  MemoryUsage of job (MB)
	115128  -  ResidentSetSize of job (KB)
...
006 (263958.000.000) 04/26 04:34:28 Image size of job updated: 316652
	169  -  MemoryUsage of job (MB)
	172668  -  ResidentSetSize of job (KB)
...
006 (263958.000.000) 04/26 04:39:34 Image size of job updated: 319536
	172  -  MemoryUsage of job (MB)
	175460  -  ResidentSetSize of job (KB)
...
006 (263958.000.000) 04/26 04:44:29 Image size of job updated: 323500
	175  -  MemoryUsage of job (MB)
	178360  -  ResidentSetSize of job (KB)
...
006 (263958.000.000) 04/26 04:49:31 Image size of job updated: 329276
	180  -  MemoryUsage of job (MB)
	184004  -  ResidentSetSize of job (KB)
...
006 (263958.000.000) 04/26 04:54:30 Image size of job updated: 337372
	188  -  MemoryUsage of job (MB)
	192116  -  ResidentSetSize of job (KB)
...
006 (263958.000.000) 04/26 04:59:31 Image size of job updated: 343928
	190  -  MemoryUsage of job (MB)
	194392  -  ResidentSetSize of job (KB)
...
006 (263958.000.000) 04/26 05:04:31 Image size of job updated: 348500
	195  -  MemoryUsage of job (MB)
	198752  -  ResidentSetSize of job (KB)
...
006 (263958.000.000) 04/26 05:08:54 Image size of job updated: 352416
	195  -  MemoryUsage of job (MB)
	198752  -  ResidentSetSize of job (KB)
...
005 (263958.000.000) 04/26 05:08:54 Job terminated.
	(1) Normal termination (return value 0)
		Usr 0 00:42:08, Sys 0 00:01:23  -  Run Remote Usage
		Usr 0 00:00:00, Sys 0 00:00:00  -  Run Local Usage
		Usr 0 00:42:08, Sys 0 00:01:23  -  Total Remote Usage
		Usr 0 00:00:00, Sys 0 00:00:00  -  Total Local Usage
	141024  -  Run Bytes Sent By Job
	32753  -  Run Bytes Received By Job
	141024  -  Total Bytes Sent By Job
	32753  -  Total Bytes Received By Job
	Partitionable Resources :    Usage  Request          
	   Cpus                 :                 1          
	   Disk (KB)            :     3135     3135          
	   Memory (MB)          :      195      195          
...
000 (265367.000.000) 04/28 00:01:26 Job submitted from host: <18.12.1.74:45694>
...
001 (265367.000.000) 04/28 00:02:19 Job executing on host: <18.12.8.191:41679>
...
006 (265367.000.000) 04/28 00:02:20 Image size of job updated: 63108
	0  -  MemoryUsage of job (MB)
	0  -  ResidentSetSize of job (KB)
...
005 (265367.000.000) 04/28 00:02:20 Job terminated.
	(1) Normal termination (return value 1)
		Usr 0 00:00:00, Sys 0 00:00:00  -  Run Remote Usage
		Usr 0 00:00:00, Sys 0 00:00:00  -  Run Local Usage
		Usr 0 00:00:00, Sys 0 00:00:00  -  Total Remote Usage
		Usr 0 00:00:00, Sys 0 00:00:00  -  Total Local Usage
	1203  -  Run Bytes Sent By Job
	33265  -  Run Bytes Received By Job
	1203  -  Total Bytes Sent By Job
	33265  -  Total Bytes Received By Job
	Partitionable Resources :    Usage  Request          
	   Cpus                 :                 1          
	   Disk (KB)            :       56       56          
	   Memory (MB)          :        0        0          
...
000 (265474.000.000) 04/28 01:59:56 Job submitted from host: <18.12.1.74:45694>
...
001 (265474.000.000) 04/28 02:01:09 Job executing on host: <18.12.8.162:41241>
...
006 (265474.000.000) 04/28 02:01:17 Image size of job updated: 1
	2  -  MemoryUsage of job (MB)
	1708  -  ResidentSetSize of job (KB)
...
006 (265474.000.000) 04/28 02:06:18 Image size of job updated: 247572
	113  -  MemoryUsage of job (MB)
	115160  -  ResidentSetSize of job (KB)
...
006 (265474.000.000) 04/28 02:11:18 Image size of job updated: 316692
	169  -  MemoryUsage of job (MB)
	172660  -  ResidentSetSize of job (KB)
...
006 (265474.000.000) 04/28 02:16:18 Image size of job updated: 319356
	172  -  MemoryUsage of job (MB)
	175752  -  ResidentSetSize of job (KB)
...
006 (265474.000.000) 04/28 02:21:19 Image size of job updated: 322804
	176  -  MemoryUsage of job (MB)
	179372  -  ResidentSetSize of job (KB)
...
006 (265474.000.000) 04/28 02:26:19 Image size of job updated: 327820
	181  -  MemoryUsage of job (MB)
	184404  -  ResidentSetSize of job (KB)
...
006 (265474.000.000) 04/28 02:31:21 Image size of job updated: 334720
	187  -  MemoryUsage of job (MB)
	191300  -  ResidentSetSize of job (KB)
...
006 (265474.000.000) 04/28 02:36:21 Image size of job updated: 341352
	194  -  MemoryUsage of job (MB)
	197952  -  ResidentSetSize of job (KB)
...
006 (265474.000.000) 04/28 02:41:23 Image size of job updated: 346368
	199  -  MemoryUsage of job (MB)
	202968  -  ResidentSetSize of job (KB)
...
006 (265474.000.000) 04/28 02:46:23 Image size of job updated: 350228
	202  -  MemoryUsage of job (MB)
	206828  -  ResidentSetSize of job (KB)
...
006 (265474.000.000) 04/28 02:49:35 Image size of job updated: 352540
	202  -  MemoryUsage of job (MB)
	206828  -  ResidentSetSize of job (KB)
...
005 (265474.000.000) 04/28 02:49:35 Job terminated.
	(1) Normal termination (return value 0)
		Usr 0 00:45:33, Sys 0 00:01:12  -  Run Remote Usage
		Usr 0 00:00:00, Sys 0 00:00:00  -  Run Local Usage
		Usr 0 00:45:33, Sys 0 00:01:12  -  Total Remote Usage
		Usr 0 00:00:00, Sys 0 00:00:00  -  Total Local Usage
	140935  -  Run Bytes Sent By Job
	33279  -  Run Bytes Received By Job
	140935  -  Total Bytes Sent By Job
	33279  -  Total Bytes Received By Job
	Partitionable Resources :    Usage  Request          
	   Cpus                 :                 1          
	   Disk (KB)            :     3307     3307          
	   Memory (MB)          :      202      202          
...
