000 (263937.000.000) 04/26 04:23:06 Job submitted from host: <18.12.1.74:45694>
...
001 (263937.000.000) 04/26 04:24:18 Job executing on host: <18.12.8.144:42701>
...
006 (263937.000.000) 04/26 04:24:27 Image size of job updated: 1
	2  -  MemoryUsage of job (MB)
	1708  -  ResidentSetSize of job (KB)
...
006 (263937.000.000) 04/26 04:29:29 Image size of job updated: 247528
	113  -  MemoryUsage of job (MB)
	115092  -  ResidentSetSize of job (KB)
...
006 (263937.000.000) 04/26 04:34:29 Image size of job updated: 314480
	165  -  MemoryUsage of job (MB)
	168704  -  ResidentSetSize of job (KB)
...
006 (263937.000.000) 04/26 04:39:30 Image size of job updated: 317900
	171  -  MemoryUsage of job (MB)
	174320  -  ResidentSetSize of job (KB)
...
006 (263937.000.000) 04/26 04:44:30 Image size of job updated: 319752
	173  -  MemoryUsage of job (MB)
	176208  -  ResidentSetSize of job (KB)
...
006 (263937.000.000) 04/26 04:49:31 Image size of job updated: 323600
	174  -  MemoryUsage of job (MB)
	177220  -  ResidentSetSize of job (KB)
...
006 (263937.000.000) 04/26 04:54:31 Image size of job updated: 327804
	174  -  MemoryUsage of job (MB)
	177220  -  ResidentSetSize of job (KB)
...
006 (263937.000.000) 04/26 04:59:32 Image size of job updated: 333264
	174  -  MemoryUsage of job (MB)
	177512  -  ResidentSetSize of job (KB)
...
006 (263937.000.000) 04/26 05:04:32 Image size of job updated: 338616
	179  -  MemoryUsage of job (MB)
	182748  -  ResidentSetSize of job (KB)
...
006 (263937.000.000) 04/26 05:09:33 Image size of job updated: 344088
	184  -  MemoryUsage of job (MB)
	188188  -  ResidentSetSize of job (KB)
...
006 (263937.000.000) 04/26 05:14:33 Image size of job updated: 347980
	188  -  MemoryUsage of job (MB)
	192080  -  ResidentSetSize of job (KB)
...
006 (263937.000.000) 04/26 05:19:33 Image size of job updated: 352212
	192  -  MemoryUsage of job (MB)
	196308  -  ResidentSetSize of job (KB)
...
005 (263937.000.000) 04/26 05:19:52 Job terminated.
	(1) Normal termination (return value 0)
		Usr 0 00:50:03, Sys 0 00:04:02  -  Run Remote Usage
		Usr 0 00:00:00, Sys 0 00:00:00  -  Run Local Usage
		Usr 0 00:50:03, Sys 0 00:04:02  -  Total Remote Usage
		Usr 0 00:00:00, Sys 0 00:00:00  -  Total Local Usage
	142692  -  Run Bytes Sent By Job
	32753  -  Run Bytes Received By Job
	142692  -  Total Bytes Sent By Job
	32753  -  Total Bytes Received By Job
	Partitionable Resources :    Usage  Request          
	   Cpus                 :                 1          
	   Disk (KB)            :     3475     3475          
	   Memory (MB)          :      192      192          
...
000 (265346.000.000) 04/28 00:01:23 Job submitted from host: <18.12.1.74:45694>
...
001 (265346.000.000) 04/28 00:02:19 Job executing on host: <18.12.9.8:45621>
...
006 (265346.000.000) 04/28 00:02:19 Image size of job updated: 1
	0  -  MemoryUsage of job (MB)
	0  -  ResidentSetSize of job (KB)
...
005 (265346.000.000) 04/28 00:02:20 Job terminated.
	(1) Normal termination (return value 1)
		Usr 0 00:00:00, Sys 0 00:00:00  -  Run Remote Usage
		Usr 0 00:00:00, Sys 0 00:00:00  -  Run Local Usage
		Usr 0 00:00:00, Sys 0 00:00:00  -  Total Remote Usage
		Usr 0 00:00:00, Sys 0 00:00:00  -  Total Local Usage
	1203  -  Run Bytes Sent By Job
	33265  -  Run Bytes Received By Job
	1203  -  Total Bytes Sent By Job
	33265  -  Total Bytes Received By Job
	Partitionable Resources :    Usage  Request          
	   Cpus                 :                 1          
	   Disk (KB)            :       56       56          
	   Memory (MB)          :        0        0          
...
000 (265453.000.000) 04/28 01:59:54 Job submitted from host: <18.12.1.74:45694>
...
001 (265453.000.000) 04/28 02:01:07 Job executing on host: <18.12.8.151:45621>
...
006 (265453.000.000) 04/28 02:01:16 Image size of job updated: 118456
	30  -  MemoryUsage of job (MB)
	29876  -  ResidentSetSize of job (KB)
...
006 (265453.000.000) 04/28 02:06:18 Image size of job updated: 247572
	104  -  MemoryUsage of job (MB)
	105612  -  ResidentSetSize of job (KB)
...
006 (265453.000.000) 04/28 02:11:18 Image size of job updated: 316640
	161  -  MemoryUsage of job (MB)
	164132  -  ResidentSetSize of job (KB)
...
006 (265453.000.000) 04/28 02:16:18 Image size of job updated: 319304
	164  -  MemoryUsage of job (MB)
	167260  -  ResidentSetSize of job (KB)
...
006 (265453.000.000) 04/28 02:21:19 Image size of job updated: 322892
	168  -  MemoryUsage of job (MB)
	171160  -  ResidentSetSize of job (KB)
...
006 (265453.000.000) 04/28 02:26:19 Image size of job updated: 327952
	173  -  MemoryUsage of job (MB)
	176208  -  ResidentSetSize of job (KB)
...
006 (265453.000.000) 04/28 02:31:20 Image size of job updated: 334520
	179  -  MemoryUsage of job (MB)
	182776  -  ResidentSetSize of job (KB)
...
006 (265453.000.000) 04/28 02:36:20 Image size of job updated: 341160
	185  -  MemoryUsage of job (MB)
	189360  -  ResidentSetSize of job (KB)
...
006 (265453.000.000) 04/28 02:41:22 Image size of job updated: 346552
	191  -  MemoryUsage of job (MB)
	194756  -  ResidentSetSize of job (KB)
...
006 (265453.000.000) 04/28 02:46:22 Image size of job updated: 350812
	195  -  MemoryUsage of job (MB)
	199016  -  ResidentSetSize of job (KB)
...
006 (265453.000.000) 04/28 02:48:00 Image size of job updated: 352356
	195  -  MemoryUsage of job (MB)
	199016  -  ResidentSetSize of job (KB)
...
005 (265453.000.000) 04/28 02:48:00 Job terminated.
	(1) Normal termination (return value 0)
		Usr 0 00:44:20, Sys 0 00:01:14  -  Run Remote Usage
		Usr 0 00:00:00, Sys 0 00:00:00  -  Run Local Usage
		Usr 0 00:44:20, Sys 0 00:01:14  -  Total Remote Usage
		Usr 0 00:00:00, Sys 0 00:00:00  -  Total Local Usage
	140973  -  Run Bytes Sent By Job
	33279  -  Run Bytes Received By Job
	140973  -  Total Bytes Sent By Job
	33279  -  Total Bytes Received By Job
	Partitionable Resources :    Usage  Request          
	   Cpus                 :                 1          
	   Disk (KB)            :     3414     3414          
	   Memory (MB)          :      195      195          
...
