000 (263946.000.000) 04/26 04:23:07 Job submitted from host: <18.12.1.74:45694>
...
001 (263946.000.000) 04/26 04:24:19 Job executing on host: <18.12.8.154:43504>
...
006 (263946.000.000) 04/26 04:24:27 Image size of job updated: 1
	2  -  MemoryUsage of job (MB)
	1704  -  ResidentSetSize of job (KB)
...
006 (263946.000.000) 04/26 04:29:28 Image size of job updated: 247528
	116  -  MemoryUsage of job (MB)
	118580  -  ResidentSetSize of job (KB)
...
006 (263946.000.000) 04/26 04:34:28 Image size of job updated: 248360
	117  -  MemoryUsage of job (MB)
	119416  -  ResidentSetSize of job (KB)
...
006 (263946.000.000) 04/26 04:39:28 Image size of job updated: 316628
	174  -  MemoryUsage of job (MB)
	177640  -  ResidentSetSize of job (KB)
...
006 (263946.000.000) 04/26 04:44:29 Image size of job updated: 319424
	177  -  MemoryUsage of job (MB)
	180468  -  ResidentSetSize of job (KB)
...
006 (263946.000.000) 04/26 04:49:29 Image size of job updated: 323572
	181  -  MemoryUsage of job (MB)
	184872  -  ResidentSetSize of job (KB)
...
006 (263946.000.000) 04/26 04:54:30 Image size of job updated: 328256
	185  -  MemoryUsage of job (MB)
	188660  -  ResidentSetSize of job (KB)
...
006 (263946.000.000) 04/26 04:59:30 Image size of job updated: 333620
	189  -  MemoryUsage of job (MB)
	193096  -  ResidentSetSize of job (KB)
...
006 (263946.000.000) 04/26 05:04:31 Image size of job updated: 339308
	191  -  MemoryUsage of job (MB)
	195348  -  ResidentSetSize of job (KB)
...
006 (263946.000.000) 04/26 05:09:31 Image size of job updated: 343924
	196  -  MemoryUsage of job (MB)
	199964  -  ResidentSetSize of job (KB)
...
006 (263946.000.000) 04/26 05:14:32 Image size of job updated: 347396
	199  -  MemoryUsage of job (MB)
	203436  -  ResidentSetSize of job (KB)
...
006 (263946.000.000) 04/26 05:19:32 Image size of job updated: 350092
	199  -  MemoryUsage of job (MB)
	203436  -  ResidentSetSize of job (KB)
...
006 (263946.000.000) 04/26 05:24:33 Image size of job updated: 352408
	199  -  MemoryUsage of job (MB)
	203436  -  ResidentSetSize of job (KB)
...
006 (263946.000.000) 04/26 05:24:45 Image size of job updated: 352816
	199  -  MemoryUsage of job (MB)
	203436  -  ResidentSetSize of job (KB)
...
005 (263946.000.000) 04/26 05:24:45 Job terminated.
	(1) Normal termination (return value 0)
		Usr 0 00:49:43, Sys 0 00:01:35  -  Run Remote Usage
		Usr 0 00:00:00, Sys 0 00:00:00  -  Run Local Usage
		Usr 0 00:49:43, Sys 0 00:01:35  -  Total Remote Usage
		Usr 0 00:00:00, Sys 0 00:00:00  -  Total Local Usage
	141169  -  Run Bytes Sent By Job
	32753  -  Run Bytes Received By Job
	141169  -  Total Bytes Sent By Job
	32753  -  Total Bytes Received By Job
	Partitionable Resources :    Usage  Request          
	   Cpus                 :                 1          
	   Disk (KB)            :     3470     3470          
	   Memory (MB)          :      199      199          
...
000 (265355.000.000) 04/28 00:01:24 Job submitted from host: <18.12.1.74:45694>
...
001 (265355.000.000) 04/28 00:02:19 Job executing on host: <18.12.8.244:46570>
...
006 (265355.000.000) 04/28 00:02:24 Image size of job updated: 1
	0  -  MemoryUsage of job (MB)
	0  -  ResidentSetSize of job (KB)
...
005 (265355.000.000) 04/28 00:02:24 Job terminated.
	(1) Normal termination (return value 1)
		Usr 0 00:00:00, Sys 0 00:00:00  -  Run Remote Usage
		Usr 0 00:00:00, Sys 0 00:00:00  -  Run Local Usage
		Usr 0 00:00:00, Sys 0 00:00:00  -  Total Remote Usage
		Usr 0 00:00:00, Sys 0 00:00:00  -  Total Local Usage
	1203  -  Run Bytes Sent By Job
	33265  -  Run Bytes Received By Job
	1203  -  Total Bytes Sent By Job
	33265  -  Total Bytes Received By Job
	Partitionable Resources :    Usage  Request          
	   Cpus                 :                 1          
	   Disk (KB)            :       56       56          
	   Memory (MB)          :        0        0          
...
000 (265462.000.000) 04/28 01:59:55 Job submitted from host: <18.12.1.74:45694>
...
001 (265462.000.000) 04/28 02:01:08 Job executing on host: <18.12.8.215:43942>
...
006 (265462.000.000) 04/28 02:01:17 Image size of job updated: 76636
	18  -  MemoryUsage of job (MB)
	18376  -  ResidentSetSize of job (KB)
...
006 (265462.000.000) 04/28 02:06:19 Image size of job updated: 247568
	104  -  MemoryUsage of job (MB)
	106396  -  ResidentSetSize of job (KB)
...
006 (265462.000.000) 04/28 02:11:19 Image size of job updated: 316608
	162  -  MemoryUsage of job (MB)
	165312  -  ResidentSetSize of job (KB)
...
006 (265462.000.000) 04/28 02:16:19 Image size of job updated: 319468
	165  -  MemoryUsage of job (MB)
	168216  -  ResidentSetSize of job (KB)
...
006 (265462.000.000) 04/28 02:21:20 Image size of job updated: 324864
	170  -  MemoryUsage of job (MB)
	173868  -  ResidentSetSize of job (KB)
...
006 (265462.000.000) 04/28 02:26:20 Image size of job updated: 331444
	177  -  MemoryUsage of job (MB)
	180472  -  ResidentSetSize of job (KB)
...
006 (265462.000.000) 04/28 02:31:22 Image size of job updated: 339404
	184  -  MemoryUsage of job (MB)
	188256  -  ResidentSetSize of job (KB)
...
006 (265462.000.000) 04/28 02:36:22 Image size of job updated: 346364
	191  -  MemoryUsage of job (MB)
	194696  -  ResidentSetSize of job (KB)
...
006 (265462.000.000) 04/28 02:41:24 Image size of job updated: 350608
	195  -  MemoryUsage of job (MB)
	198940  -  ResidentSetSize of job (KB)
...
006 (265462.000.000) 04/28 02:43:57 Image size of job updated: 352536
	195  -  MemoryUsage of job (MB)
	198940  -  ResidentSetSize of job (KB)
...
005 (265462.000.000) 04/28 02:43:57 Job terminated.
	(1) Normal termination (return value 0)
		Usr 0 00:38:55, Sys 0 00:01:11  -  Run Remote Usage
		Usr 0 00:00:00, Sys 0 00:00:00  -  Run Local Usage
		Usr 0 00:38:55, Sys 0 00:01:11  -  Total Remote Usage
		Usr 0 00:00:00, Sys 0 00:00:00  -  Total Local Usage
	140875  -  Run Bytes Sent By Job
	33279  -  Run Bytes Received By Job
	140875  -  Total Bytes Sent By Job
	33279  -  Total Bytes Received By Job
	Partitionable Resources :    Usage  Request          
	   Cpus                 :                 1          
	   Disk (KB)            :     3344     3344          
	   Memory (MB)          :      195      195          
...
