000 (263930.000.000) 04/26 04:23:05 Job submitted from host: <18.12.1.74:45694>
...
001 (263930.000.000) 04/26 04:24:18 Job executing on host: <18.12.8.152:46497>
...
006 (263930.000.000) 04/26 04:24:26 Image size of job updated: 1
	2  -  MemoryUsage of job (MB)
	1700  -  ResidentSetSize of job (KB)
...
006 (263930.000.000) 04/26 04:29:26 Image size of job updated: 247060
	112  -  MemoryUsage of job (MB)
	114620  -  ResidentSetSize of job (KB)
...
006 (263930.000.000) 04/26 04:34:27 Image size of job updated: 248776
	114  -  MemoryUsage of job (MB)
	116496  -  ResidentSetSize of job (KB)
...
006 (263930.000.000) 04/26 04:39:27 Image size of job updated: 316540
	169  -  MemoryUsage of job (MB)
	173004  -  ResidentSetSize of job (KB)
...
006 (263930.000.000) 04/26 04:44:28 Image size of job updated: 319244
	172  -  MemoryUsage of job (MB)
	175688  -  ResidentSetSize of job (KB)
...
006 (263930.000.000) 04/26 04:49:28 Image size of job updated: 322488
	175  -  MemoryUsage of job (MB)
	179128  -  ResidentSetSize of job (KB)
...
006 (263930.000.000) 04/26 04:54:29 Image size of job updated: 326784
	180  -  MemoryUsage of job (MB)
	183440  -  ResidentSetSize of job (KB)
...
006 (263930.000.000) 04/26 04:59:29 Image size of job updated: 331792
	184  -  MemoryUsage of job (MB)
	187536  -  ResidentSetSize of job (KB)
...
006 (263930.000.000) 04/26 05:04:30 Image size of job updated: 336804
	184  -  MemoryUsage of job (MB)
	187536  -  ResidentSetSize of job (KB)
...
006 (263930.000.000) 04/26 05:09:30 Image size of job updated: 342200
	188  -  MemoryUsage of job (MB)
	191960  -  ResidentSetSize of job (KB)
...
006 (263930.000.000) 04/26 05:14:32 Image size of job updated: 346832
	192  -  MemoryUsage of job (MB)
	196388  -  ResidentSetSize of job (KB)
...
006 (263930.000.000) 04/26 05:19:32 Image size of job updated: 350304
	196  -  MemoryUsage of job (MB)
	199836  -  ResidentSetSize of job (KB)
...
006 (263930.000.000) 04/26 05:22:37 Image size of job updated: 352276
	196  -  MemoryUsage of job (MB)
	199836  -  ResidentSetSize of job (KB)
...
005 (263930.000.000) 04/26 05:22:37 Job terminated.
	(1) Normal termination (return value 0)
		Usr 0 00:46:50, Sys 0 00:01:33  -  Run Remote Usage
		Usr 0 00:00:00, Sys 0 00:00:00  -  Run Local Usage
		Usr 0 00:46:50, Sys 0 00:01:33  -  Total Remote Usage
		Usr 0 00:00:00, Sys 0 00:00:00  -  Total Local Usage
	141159  -  Run Bytes Sent By Job
	32753  -  Run Bytes Received By Job
	141159  -  Total Bytes Sent By Job
	32753  -  Total Bytes Received By Job
	Partitionable Resources :    Usage  Request          
	   Cpus                 :                 1          
	   Disk (KB)            :     3344     3344          
	   Memory (MB)          :      196      196          
...
000 (265339.000.000) 04/28 00:01:22 Job submitted from host: <18.12.1.74:45694>
...
001 (265339.000.000) 04/28 00:02:18 Job executing on host: <18.12.12.16:47738>
...
006 (265339.000.000) 04/28 00:02:19 Image size of job updated: 1
	0  -  MemoryUsage of job (MB)
	0  -  ResidentSetSize of job (KB)
...
005 (265339.000.000) 04/28 00:02:19 Job terminated.
	(1) Normal termination (return value 1)
		Usr 0 00:00:00, Sys 0 00:00:00  -  Run Remote Usage
		Usr 0 00:00:00, Sys 0 00:00:00  -  Run Local Usage
		Usr 0 00:00:00, Sys 0 00:00:00  -  Total Remote Usage
		Usr 0 00:00:00, Sys 0 00:00:00  -  Total Local Usage
	1203  -  Run Bytes Sent By Job
	33265  -  Run Bytes Received By Job
	1203  -  Total Bytes Sent By Job
	33265  -  Total Bytes Received By Job
	Partitionable Resources :    Usage  Request          
	   Cpus                 :                 1          
	   Disk (KB)            :       56       56          
	   Memory (MB)          :        0        0          
...
000 (265446.000.000) 04/28 01:59:53 Job submitted from host: <18.12.1.74:45694>
...
001 (265446.000.000) 04/28 02:01:06 Job executing on host: <18.12.8.166:49344>
...
006 (265446.000.000) 04/28 02:01:15 Image size of job updated: 211512
	105  -  MemoryUsage of job (MB)
	106920  -  ResidentSetSize of job (KB)
...
006 (265446.000.000) 04/28 02:06:16 Image size of job updated: 247100
	105  -  MemoryUsage of job (MB)
	106920  -  ResidentSetSize of job (KB)
...
006 (265446.000.000) 04/28 02:11:16 Image size of job updated: 248816
	106  -  MemoryUsage of job (MB)
	107936  -  ResidentSetSize of job (KB)
...
006 (265446.000.000) 04/28 02:16:18 Image size of job updated: 317868
	163  -  MemoryUsage of job (MB)
	166644  -  ResidentSetSize of job (KB)
...
006 (265446.000.000) 04/28 02:21:18 Image size of job updated: 321464
	167  -  MemoryUsage of job (MB)
	170140  -  ResidentSetSize of job (KB)
...
006 (265446.000.000) 04/28 02:26:19 Image size of job updated: 326844
	172  -  MemoryUsage of job (MB)
	175808  -  ResidentSetSize of job (KB)
...
006 (265446.000.000) 04/28 02:31:19 Image size of job updated: 332672
	178  -  MemoryUsage of job (MB)
	181660  -  ResidentSetSize of job (KB)
...
006 (265446.000.000) 04/28 02:36:19 Image size of job updated: 339608
	185  -  MemoryUsage of job (MB)
	188600  -  ResidentSetSize of job (KB)
...
006 (265446.000.000) 04/28 02:41:20 Image size of job updated: 346568
	191  -  MemoryUsage of job (MB)
	195560  -  ResidentSetSize of job (KB)
...
006 (265446.000.000) 04/28 02:46:20 Image size of job updated: 351588
	196  -  MemoryUsage of job (MB)
	200580  -  ResidentSetSize of job (KB)
...
006 (265446.000.000) 04/28 02:47:15 Image size of job updated: 352412
	196  -  MemoryUsage of job (MB)
	200580  -  ResidentSetSize of job (KB)
...
005 (265446.000.000) 04/28 02:47:15 Job terminated.
	(1) Normal termination (return value 0)
		Usr 0 00:41:44, Sys 0 00:01:13  -  Run Remote Usage
		Usr 0 00:00:00, Sys 0 00:00:00  -  Run Local Usage
		Usr 0 00:41:44, Sys 0 00:01:13  -  Total Remote Usage
		Usr 0 00:00:00, Sys 0 00:00:00  -  Total Local Usage
	141105  -  Run Bytes Sent By Job
	33279  -  Run Bytes Received By Job
	141105  -  Total Bytes Sent By Job
	33279  -  Total Bytes Received By Job
	Partitionable Resources :    Usage  Request          
	   Cpus                 :                 1          
	   Disk (KB)            :     3454     3454          
	   Memory (MB)          :      196      196          
...
