000 (263945.000.000) 04/26 04:23:07 Job submitted from host: <18.12.1.74:45694>
...
001 (263945.000.000) 04/26 04:24:19 Job executing on host: <18.12.8.235:48030>
...
006 (263945.000.000) 04/26 04:24:27 Image size of job updated: 1
	2  -  MemoryUsage of job (MB)
	1704  -  ResidentSetSize of job (KB)
...
006 (263945.000.000) 04/26 04:29:28 Image size of job updated: 247528
	113  -  MemoryUsage of job (MB)
	115124  -  ResidentSetSize of job (KB)
...
006 (263945.000.000) 04/26 04:34:28 Image size of job updated: 316332
	169  -  MemoryUsage of job (MB)
	172560  -  ResidentSetSize of job (KB)
...
006 (263945.000.000) 04/26 04:39:28 Image size of job updated: 317948
	170  -  MemoryUsage of job (MB)
	173980  -  ResidentSetSize of job (KB)
...
006 (263945.000.000) 04/26 04:44:29 Image size of job updated: 321716
	174  -  MemoryUsage of job (MB)
	178008  -  ResidentSetSize of job (KB)
...
006 (263945.000.000) 04/26 04:49:29 Image size of job updated: 326712
	177  -  MemoryUsage of job (MB)
	181016  -  ResidentSetSize of job (KB)
...
006 (263945.000.000) 04/26 04:54:32 Image size of job updated: 332080
	182  -  MemoryUsage of job (MB)
	185832  -  ResidentSetSize of job (KB)
...
006 (263945.000.000) 04/26 04:59:30 Image size of job updated: 337904
	188  -  MemoryUsage of job (MB)
	191660  -  ResidentSetSize of job (KB)
...
006 (263945.000.000) 04/26 05:04:31 Image size of job updated: 343680
	188  -  MemoryUsage of job (MB)
	191660  -  ResidentSetSize of job (KB)
...
006 (263945.000.000) 04/26 05:09:31 Image size of job updated: 347992
	192  -  MemoryUsage of job (MB)
	195844  -  ResidentSetSize of job (KB)
...
006 (263945.000.000) 04/26 05:14:32 Image size of job updated: 351836
	196  -  MemoryUsage of job (MB)
	199692  -  ResidentSetSize of job (KB)
...
006 (263945.000.000) 04/26 05:15:09 Image size of job updated: 352168
	196  -  MemoryUsage of job (MB)
	199692  -  ResidentSetSize of job (KB)
...
005 (263945.000.000) 04/26 05:15:09 Job terminated.
	(1) Normal termination (return value 0)
		Usr 0 00:48:23, Sys 0 00:01:37  -  Run Remote Usage
		Usr 0 00:00:00, Sys 0 00:00:00  -  Run Local Usage
		Usr 0 00:48:23, Sys 0 00:01:37  -  Total Remote Usage
		Usr 0 00:00:00, Sys 0 00:00:00  -  Total Local Usage
	141702  -  Run Bytes Sent By Job
	32753  -  Run Bytes Received By Job
	141702  -  Total Bytes Sent By Job
	32753  -  Total Bytes Received By Job
	Partitionable Resources :    Usage  Request          
	   Cpus                 :                 1          
	   Disk (KB)            :     3424     3424          
	   Memory (MB)          :      196      196          
...
000 (265354.000.000) 04/28 00:01:24 Job submitted from host: <18.12.1.74:45694>
...
001 (265354.000.000) 04/28 00:02:19 Job executing on host: <18.12.8.252:48760>
...
006 (265354.000.000) 04/28 00:02:20 Image size of job updated: 1
	0  -  MemoryUsage of job (MB)
	0  -  ResidentSetSize of job (KB)
...
005 (265354.000.000) 04/28 00:02:20 Job terminated.
	(1) Normal termination (return value 1)
		Usr 0 00:00:00, Sys 0 00:00:00  -  Run Remote Usage
		Usr 0 00:00:00, Sys 0 00:00:00  -  Run Local Usage
		Usr 0 00:00:00, Sys 0 00:00:00  -  Total Remote Usage
		Usr 0 00:00:00, Sys 0 00:00:00  -  Total Local Usage
	1203  -  Run Bytes Sent By Job
	33265  -  Run Bytes Received By Job
	1203  -  Total Bytes Sent By Job
	33265  -  Total Bytes Received By Job
	Partitionable Resources :    Usage  Request          
	   Cpus                 :                 1          
	   Disk (KB)            :       56       56          
	   Memory (MB)          :        0        0          
...
000 (265461.000.000) 04/28 01:59:55 Job submitted from host: <18.12.1.74:45694>
...
001 (265461.000.000) 04/28 02:01:08 Job executing on host: <18.12.8.152:46497>
...
006 (265461.000.000) 04/28 02:01:17 Image size of job updated: 61296
	3  -  MemoryUsage of job (MB)
	2508  -  ResidentSetSize of job (KB)
...
006 (265461.000.000) 04/28 02:06:18 Image size of job updated: 247568
	104  -  MemoryUsage of job (MB)
	105616  -  ResidentSetSize of job (KB)
...
006 (265461.000.000) 04/28 02:11:18 Image size of job updated: 316356
	161  -  MemoryUsage of job (MB)
	164056  -  ResidentSetSize of job (KB)
...
006 (265461.000.000) 04/28 02:16:20 Image size of job updated: 319304
	164  -  MemoryUsage of job (MB)
	167208  -  ResidentSetSize of job (KB)
...
006 (265461.000.000) 04/28 02:21:20 Image size of job updated: 322928
	168  -  MemoryUsage of job (MB)
	171156  -  ResidentSetSize of job (KB)
...
006 (265461.000.000) 04/28 02:26:21 Image size of job updated: 327224
	172  -  MemoryUsage of job (MB)
	175456  -  ResidentSetSize of job (KB)
...
006 (265461.000.000) 04/28 02:31:21 Image size of job updated: 332592
	177  -  MemoryUsage of job (MB)
	180824  -  ResidentSetSize of job (KB)
...
006 (265461.000.000) 04/28 02:36:21 Image size of job updated: 338336
	183  -  MemoryUsage of job (MB)
	186576  -  ResidentSetSize of job (KB)
...
006 (265461.000.000) 04/28 02:41:21 Image size of job updated: 343800
	188  -  MemoryUsage of job (MB)
	191524  -  ResidentSetSize of job (KB)
...
006 (265461.000.000) 04/28 02:46:21 Image size of job updated: 348108
	192  -  MemoryUsage of job (MB)
	195788  -  ResidentSetSize of job (KB)
...
006 (265461.000.000) 04/28 02:51:21 Image size of job updated: 351924
	195  -  MemoryUsage of job (MB)
	199600  -  ResidentSetSize of job (KB)
...
006 (265461.000.000) 04/28 02:51:46 Image size of job updated: 352356
	195  -  MemoryUsage of job (MB)
	199600  -  ResidentSetSize of job (KB)
...
005 (265461.000.000) 04/28 02:51:46 Job terminated.
	(1) Normal termination (return value 0)
		Usr 0 00:47:55, Sys 0 00:01:17  -  Run Remote Usage
		Usr 0 00:00:00, Sys 0 00:00:00  -  Run Local Usage
		Usr 0 00:47:55, Sys 0 00:01:17  -  Total Remote Usage
		Usr 0 00:00:00, Sys 0 00:00:00  -  Total Local Usage
	140968  -  Run Bytes Sent By Job
	33279  -  Run Bytes Received By Job
	140968  -  Total Bytes Sent By Job
	33279  -  Total Bytes Received By Job
	Partitionable Resources :    Usage  Request          
	   Cpus                 :                 1          
	   Disk (KB)            :     3502     3502          
	   Memory (MB)          :      195      195          
...
