000 (263956.000.000) 04/26 04:23:08 Job submitted from host: <18.12.1.74:45694>
...
001 (263956.000.000) 04/26 04:24:20 Job executing on host: <18.12.8.156:48249>
...
006 (263956.000.000) 04/26 04:24:28 Image size of job updated: 1
	2  -  MemoryUsage of job (MB)
	1708  -  ResidentSetSize of job (KB)
...
006 (263956.000.000) 04/26 04:29:29 Image size of job updated: 247524
	114  -  MemoryUsage of job (MB)
	116700  -  ResidentSetSize of job (KB)
...
006 (263956.000.000) 04/26 04:34:29 Image size of job updated: 316376
	173  -  MemoryUsage of job (MB)
	176152  -  ResidentSetSize of job (KB)
...
006 (263956.000.000) 04/26 04:39:29 Image size of job updated: 317872
	173  -  MemoryUsage of job (MB)
	177148  -  ResidentSetSize of job (KB)
...
006 (263956.000.000) 04/26 04:44:30 Image size of job updated: 321052
	176  -  MemoryUsage of job (MB)
	180160  -  ResidentSetSize of job (KB)
...
006 (263956.000.000) 04/26 04:49:30 Image size of job updated: 325756
	181  -  MemoryUsage of job (MB)
	185208  -  ResidentSetSize of job (KB)
...
006 (263956.000.000) 04/26 04:54:31 Image size of job updated: 330756
	186  -  MemoryUsage of job (MB)
	190132  -  ResidentSetSize of job (KB)
...
006 (263956.000.000) 04/26 04:59:31 Image size of job updated: 336928
	192  -  MemoryUsage of job (MB)
	196304  -  ResidentSetSize of job (KB)
...
006 (263956.000.000) 04/26 05:04:32 Image size of job updated: 341944
	197  -  MemoryUsage of job (MB)
	201320  -  ResidentSetSize of job (KB)
...
006 (263956.000.000) 04/26 05:09:32 Image size of job updated: 346204
	197  -  MemoryUsage of job (MB)
	201592  -  ResidentSetSize of job (KB)
...
006 (263956.000.000) 04/26 05:14:33 Image size of job updated: 349648
	201  -  MemoryUsage of job (MB)
	205020  -  ResidentSetSize of job (KB)
...
006 (263956.000.000) 04/26 05:18:26 Image size of job updated: 352356
	201  -  MemoryUsage of job (MB)
	205020  -  ResidentSetSize of job (KB)
...
005 (263956.000.000) 04/26 05:18:27 Job terminated.
	(1) Normal termination (return value 0)
		Usr 0 00:51:14, Sys 0 00:01:40  -  Run Remote Usage
		Usr 0 00:00:00, Sys 0 00:00:00  -  Run Local Usage
		Usr 0 00:51:14, Sys 0 00:01:40  -  Total Remote Usage
		Usr 0 00:00:00, Sys 0 00:00:00  -  Total Local Usage
	140977  -  Run Bytes Sent By Job
	32753  -  Run Bytes Received By Job
	140977  -  Total Bytes Sent By Job
	32753  -  Total Bytes Received By Job
	Partitionable Resources :    Usage  Request          
	   Cpus                 :                 1          
	   Disk (KB)            :     3226     3226          
	   Memory (MB)          :      201      201          
...
000 (265365.000.000) 04/28 00:01:25 Job submitted from host: <18.12.1.74:45694>
...
001 (265365.000.000) 04/28 00:02:19 Job executing on host: <18.12.8.245:40219>
...
006 (265365.000.000) 04/28 00:02:20 Image size of job updated: 119436
	0  -  MemoryUsage of job (MB)
	0  -  ResidentSetSize of job (KB)
...
005 (265365.000.000) 04/28 00:02:20 Job terminated.
	(1) Normal termination (return value 1)
		Usr 0 00:00:00, Sys 0 00:00:00  -  Run Remote Usage
		Usr 0 00:00:00, Sys 0 00:00:00  -  Run Local Usage
		Usr 0 00:00:00, Sys 0 00:00:00  -  Total Remote Usage
		Usr 0 00:00:00, Sys 0 00:00:00  -  Total Local Usage
	1203  -  Run Bytes Sent By Job
	33265  -  Run Bytes Received By Job
	1203  -  Total Bytes Sent By Job
	33265  -  Total Bytes Received By Job
	Partitionable Resources :    Usage  Request          
	   Cpus                 :                 1          
	   Disk (KB)            :       56       56          
	   Memory (MB)          :        0        0          
...
000 (265472.000.000) 04/28 01:59:56 Job submitted from host: <18.12.1.74:45694>
...
001 (265472.000.000) 04/28 02:01:09 Job executing on host: <18.12.8.153:46643>
...
006 (265472.000.000) 04/28 02:01:17 Image size of job updated: 1
	2  -  MemoryUsage of job (MB)
	1708  -  ResidentSetSize of job (KB)
...
006 (265472.000.000) 04/28 02:06:17 Image size of job updated: 247104
	112  -  MemoryUsage of job (MB)
	114684  -  ResidentSetSize of job (KB)
...
006 (265472.000.000) 04/28 02:11:18 Image size of job updated: 248828
	114  -  MemoryUsage of job (MB)
	116584  -  ResidentSetSize of job (KB)
...
006 (265472.000.000) 04/28 02:16:18 Image size of job updated: 317940
	171  -  MemoryUsage of job (MB)
	174412  -  ResidentSetSize of job (KB)
...
006 (265472.000.000) 04/28 02:21:20 Image size of job updated: 321532
	174  -  MemoryUsage of job (MB)
	177836  -  ResidentSetSize of job (KB)
...
006 (265472.000.000) 04/28 02:26:20 Image size of job updated: 326604
	179  -  MemoryUsage of job (MB)
	183228  -  ResidentSetSize of job (KB)
...
006 (265472.000.000) 04/28 02:31:20 Image size of job updated: 332364
	185  -  MemoryUsage of job (MB)
	188988  -  ResidentSetSize of job (KB)
...
006 (265472.000.000) 04/28 02:36:22 Image size of job updated: 338576
	191  -  MemoryUsage of job (MB)
	195200  -  ResidentSetSize of job (KB)
...
006 (265472.000.000) 04/28 02:41:22 Image size of job updated: 343592
	196  -  MemoryUsage of job (MB)
	200216  -  ResidentSetSize of job (KB)
...
006 (265472.000.000) 04/28 02:46:24 Image size of job updated: 348236
	201  -  MemoryUsage of job (MB)
	204824  -  ResidentSetSize of job (KB)
...
006 (265472.000.000) 04/28 02:51:24 Image size of job updated: 351656
	204  -  MemoryUsage of job (MB)
	208280  -  ResidentSetSize of job (KB)
...
006 (265472.000.000) 04/28 02:52:37 Image size of job updated: 352484
	204  -  MemoryUsage of job (MB)
	208280  -  ResidentSetSize of job (KB)
...
005 (265472.000.000) 04/28 02:52:37 Job terminated.
	(1) Normal termination (return value 0)
		Usr 0 00:46:57, Sys 0 00:01:16  -  Run Remote Usage
		Usr 0 00:00:00, Sys 0 00:00:00  -  Run Local Usage
		Usr 0 00:46:57, Sys 0 00:01:16  -  Total Remote Usage
		Usr 0 00:00:00, Sys 0 00:00:00  -  Total Local Usage
	140947  -  Run Bytes Sent By Job
	33279  -  Run Bytes Received By Job
	140947  -  Total Bytes Sent By Job
	33279  -  Total Bytes Received By Job
	Partitionable Resources :    Usage  Request          
	   Cpus                 :                 1          
	   Disk (KB)            :     3436     3436          
	   Memory (MB)          :      204      204          
...
